Permutation sanity check error is 502.0.
Permutation sanity check error is 21066.0.
num_init for this graph is 10
Generating initial alignment matrix using degree ...
mode is  degree
number of noisy edges are:  10
Average number of initial alignments for each node is 20
maximum values in init align row is:  1134
maximum values in init align col is:  1131
Recovering sparse matrix L took 0.01 sec.
Time for degree: 0.01 sec
iteration 1
Time for iteration 1: 0.21 sec, diff = 0.59080
iteration 2
Time for iteration 2: 0.16 sec, diff = 0.07250
iteration 3
Time for iteration 3: 0.15 sec, diff = 0.02324
iteration 4
Time for iteration 4: 0.14 sec, diff = 0.01059
iteration 5
Time for iteration 5: 0.14 sec, diff = 0.00578
iteration 6
Time for iteration 6: 0.14 sec, diff = 0.00348
iteration 7
Time for iteration 7: 0.14 sec, diff = 0.00222
iteration 8
Time for iteration 8: 0.14 sec, diff = 0.00148
iteration 9
Time for iteration 9: 0.14 sec, diff = 0.00101
iteration 10
Time for iteration 10: 0.14 sec, diff = 0.00070
iteration 11
Time for iteration 11: 0.14 sec, diff = 0.00049
iteration 12
Time for iteration 12: 0.14 sec, diff = 0.00035
iteration 13
Time for iteration 13: 0.13 sec, diff = 0.00025
iteration 14
Time for iteration 14: 0.13 sec, diff = 0.00018
iteration 15
Time for iteration 15: 0.14 sec, diff = 0.00013
iteration 16
Time for iteration 16: 0.13 sec, diff = 0.00010
iteration 17
Time for iteration 17: 0.14 sec, diff = 0.00007
iteration 18
Time for iteration 18: 0.14 sec, diff = 0.00005
iteration 19
Time for iteration 19: 0.14 sec, diff = 0.00004
iteration 20
Time for iteration 20: 0.14 sec, diff = 0.00003
iteration 21
Time for iteration 21: 0.13 sec, diff = 0.00002
iteration 22
Time for iteration 22: 0.14 sec, diff = 0.00002
iteration 23
Time for iteration 23: 0.13 sec, diff = 0.00001
iteration 24
Time for iteration 24: 0.13 sec, diff = 0.00001
Total time used by final is 3.67 sec.
true_align and est_align have the same number of elements.
method final has a score of 29.34%
method final used 3.674 seconds.
maximum values in init align row is:  1134
maximum values in init align col is:  1131
best   iter    obj_ma wght_ma card_ma over_ma    obj_mb wght_mb card_mb over_mb
  *a      1      1644     458     458    1186      1644     458     458    1186
          2       685     322     322     363       953     358     358     595
          3       948     423     423     525       631     313     313     318
          4       710     373     373     337       721     362     362     359
  *a      5      1754     451     451    1303      1732     428     428    1304
  *b      6      1904     456     456    1448      1936     436     436    1500
          7      1719     431     431    1288      1849     431     431    1418
          8       814     358     358     456       490     202     202     288
          9      1209     395     395     814      1016     320     320     696
  *a     10      1939     455     455    1484      1920     451     451    1469
  *b     11      2122     454     454    1668      2128     445     445    1683
  *a     12      2134     451     451    1683      2127     441     441    1686
         13      2091     447     447    1644      2073     404     404    1669
  *a     14      2165     450     450    1715      2016     387     387    1629
  *a     15      2190     451     451    1739      2183     442     442    1741
  *a     16      2202     452     452    1750      2189     446     446    1743
  *a     17      2204     452     452    1752      2189     442     442    1747
  *a     18      2207     452     452    1755      2179     437     437    1742
  *a     19      2209     452     452    1757      2185     438     438    1747
  *a     20      2210     452     452    1758      2202     446     446    1756
         21      2209     452     452    1757      2208     450     450    1758
         22      2206     452     452    1754      2208     451     451    1757
         23      2208     452     452    1756      2208     452     452    1756
         24      2209     452     452    1757      2199     444     444    1755
         25      2209     452     452    1757      2197     443     443    1754
         26      2210     452     452    1758      2206     449     449    1757
         27      2210     452     452    1758      2208     450     450    1758
         28      2210     452     452    1758      2210     452     452    1758
         29      2210     452     452    1758      2210     452     452    1758
         30      2209     452     452    1757      2206     450     450    1756
         31      2210     452     452    1758      2202     447     447    1755
         32      2210     452     452    1758      2203     448     448    1755
         33      2210     452     452    1758      2204     448     448    1756
         34      2210     452     452    1758      2207     450     450    1757
         35      2210     452     452    1758      2210     452     452    1758
         36      2210     452     452    1758      2210     452     452    1758
         37      2210     452     452    1758      2210     452     452    1758
         38      2210     452     452    1758      2208     451     451    1757
         39      2210     452     452    1758      2206     450     450    1756
         40      2210     452     452    1758      2205     449     449    1756
         41      2210     452     452    1758      2207     450     450    1757
         42      2210     452     452    1758      2207     450     450    1757
         43      2210     452     452    1758      2210     452     452    1758
         44      2210     452     452    1758      2210     452     452    1758
         45      2210     452     452    1758      2210     452     452    1758
         46      2210     452     452    1758      2208     451     451    1757
         47      2210     452     452    1758      2208     451     451    1757
         48      2210     452     452    1758      2210     452     452    1758
         49      2210     452     452    1758      2210     452     452    1758
         50      2210     452     452    1758      2210     452     452    1758
         51      2210     452     452    1758      2210     452     452    1758
         52      2210     452     452    1758      2210     452     452    1758
         53      2210     452     452    1758      2210     452     452    1758
         54      2210     452     452    1758      2210     452     452    1758
         55      2210     452     452    1758      2210     452     452    1758
         56      2210     452     452    1758      2210     452     452    1758
         57      2210     452     452    1758      2210     452     452    1758
         58      2210     452     452    1758      2210     452     452    1758
         59      2210     452     452    1758      2210     452     452    1758
         60      2210     452     452    1758      2210     452     452    1758
         61      2210     452     452    1758      2210     452     452    1758
         62      2210     452     452    1758      2210     452     452    1758
         63      2210     452     452    1758      2210     452     452    1758
         64      2210     452     452    1758      2210     452     452    1758
         65      2210     452     452    1758      2210     452     452    1758
         66      2210     452     452    1758      2210     452     452    1758
         67      2210     452     452    1758      2210     452     452    1758
         68      2210     452     452    1758      2210     452     452    1758
         69      2210     452     452    1758      2208     451     451    1757
         70      2210     452     452    1758      2210     452     452    1758
         71      2210     452     452    1758      2210     452     452    1758
         72      2210     452     452    1758      2210     452     452    1758
         73      2210     452     452    1758      2210     452     452    1758
         74      2210     452     452    1758      2210     452     452    1758
         75      2210     452     452    1758      2210     452     452    1758
         76      2210     452     452    1758      2204     451     451    1753
         77      2210     452     452    1758      2204     451     451    1753
         78      2210     452     452    1758      2204     451     451    1753
         79      2210     452     452    1758      2204     451     451    1753
         80      2210     452     452    1758      2210     452     452    1758
         81      2210     452     452    1758      2210     452     452    1758
         82      2210     452     452    1758      2210     452     452    1758
         83      2210     452     452    1758      2210     452     452    1758
         84      2210     452     452    1758      2210     452     452    1758
         85      2210     452     452    1758      2210     452     452    1758
         86      2210     452     452    1758      2210     452     452    1758
         87      2210     452     452    1758      2210     452     452    1758
         88      2210     452     452    1758      2210     452     452    1758
         89      2210     452     452    1758      2210     452     452    1758
         90      2210     452     452    1758      2210     452     452    1758
         91      2210     452     452    1758      2210     452     452    1758
         92      2210     452     452    1758      2210     452     452    1758
         93      2210     452     452    1758      2210     452     452    1758
         94      2210     452     452    1758      2210     452     452    1758
         95      2210     452     452    1758      2210     452     452    1758
         96      2210     452     452    1758      2210     452     452    1758
         97      2210     452     452    1758      2210     452     452    1758
         98      2210     452     452    1758      2210     452     452    1758
         99      2210     452     452    1758      2210     452     452    1758
        100      2210     452     452    1758      2210     452     452    1758
Total time used by netalign is 1.82
true_align (1135) and est_align (452) DO NOT have the same number of elements.
method netalign has a score of 26.96%
method netalign used 1.819 seconds.
maximum values in init align row is:  1134
maximum values in init align col is:  1131
 best   iter     norm-u     lower   upper     cur      obj  weight    card overlap
    *      1    0.0e+00      1807  2500.5  2500.5     1807     458     458    1349
           2    1.3e+03      1807  2500.5  2673.9     1505     458     458    1047
           3    1.9e+03      1807  2500.5  2610.5     1222     458     458     764
           4    2.5e+03      1807  2500.5  2637.3     1241     458     458     783
           5    3.0e+03      1807  2500.5  2600.6     1173     458     458     715
           6    3.4e+03      1807  2500.5  2596.5     1088     458     458     630
           7    3.9e+03      1807  2500.5  2598.3     1103     458     458     645
           8    4.3e+03      1807  2500.5  2579.1     1139     458     458     681
           9    4.7e+03      1807  2500.5  2578.7     1043     458     458     585
          10    5.0e+03      1807  2500.5  2571.7     1001     458     458     543
          11    5.4e+03      1807  2500.5  2570.5     1028     458     458     570
          12    5.7e+03      1807  2500.5  2577.4     1011     458     458     553
          13    6.0e+03      1807  2500.5  2573.8     1067     457     457     610
          14    6.3e+03      1807  2500.5  2564.1      974     457     457     517
          15    6.6e+03      1807  2500.5  2571.8     1024     458     458     566
          16    6.9e+03      1807  2500.5  2557.5     1000     458     458     542
          17    7.1e+03      1807  2500.5  2563.1     1056     457     457     599
          18    7.3e+03      1807  2500.5  2570.5      997     457     457     540
          19    7.5e+03      1807  2500.5  2549.7     1047     458     458     589
          20    7.8e+03      1807  2500.5    2556     1048     458     458     590
          21    7.9e+03      1807  2500.5  2545.9      966     457     457     509
          22    8.2e+03      1807  2500.5  2557.5     1055     458     458     597
          23    8.4e+03      1807  2500.5    2544      935     458     458     477
          24    8.5e+03      1807  2500.5    2555     1030     457     457     573
          25    8.7e+03      1807  2500.5  2537.2     1001     458     458     543
          26    8.9e+03      1807  2500.5    2550      997     457     457     540
               reducing step to 0.2
          27    8.9e+03      1807  2430.3  2430.3     1004     458     458     546
          28    9.0e+03      1807  2425.6  2425.6      950     457     457     493
          29    9.1e+03      1807  2408.5  2408.5     1035     458     458     577
          30    9.2e+03      1807  2398.7  2398.7      990     458     458     532
          31    9.3e+03      1807  2391.3  2391.3     1050     457     457     593
          32    9.3e+03      1807  2380.5  2380.5     1076     457     457     619
          33    9.4e+03      1807  2378.2  2378.2      985     457     457     528
          34    9.5e+03      1807  2376.2  2376.2     1057     457     457     600
          35    9.5e+03      1807  2368.1  2368.1     1064     458     458     606
          36    9.6e+03      1807  2368.1  2370.1      994     457     457     537
          37    9.6e+03      1807  2360.2  2360.2     1075     457     457     618
          38    9.7e+03      1807  2359.2  2359.2     1100     457     457     643
          39    9.8e+03      1807  2351.7  2351.7     1086     457     457     629
          40    9.8e+03      1807  2351.7  2354.1     1104     456     456     648
          41    9.9e+03      1807    2347    2347     1133     457     457     676
          42    9.9e+03      1807    2347  2347.4     1099     457     457     642
          43    9.9e+03      1807  2336.2  2336.2     1281     457     457     824
          44    1.0e+04      1807  2336.2  2341.7     1065     458     458     607
          45    1.0e+04      1807  2336.2  2342.7     1119     456     456     663
          46    1.0e+04      1807  2336.2  2336.8     1274     457     457     817
          47    1.0e+04      1807  2334.4  2334.4     1171     457     457     714
          48    1.0e+04      1807  2334.4  2337.3     1222     456     456     766
          49    1.0e+04      1807    2330    2330     1235     458     458     777
          50    1.0e+04      1807    2330  2332.2     1165     457     457     708
          51    1.0e+04      1807  2329.6  2329.6     1239     456     456     783
          52    1.0e+04      1807  2328.6  2328.6     1162     457     457     705
          53    1.0e+04      1807  2323.4  2323.4     1264     456     456     808
          54    1.0e+04      1807  2323.4    2327     1233     457     457     776
          55    1.0e+04      1807  2322.6  2322.6     1209     455     455     754
          56    1.1e+04      1807  2318.1  2318.1     1306     458     458     848
          57    1.1e+04      1807  2318.1  2322.7     1319     455     455     864
          58    1.1e+04      1807  2314.2  2314.2     1304     457     457     847
          59    1.1e+04      1807  2314.2    2320     1260     456     456     804
          60    1.1e+04      1807  2314.2  2314.4     1225     457     457     768
          61    1.1e+04      1807  2314.2    2316     1309     455     455     854
          62    1.1e+04      1807  2306.3  2306.3     1334     456     456     878
          63    1.1e+04      1807  2306.3  2312.2     1219     457     457     762
          64    1.1e+04      1807  2306.3  2322.6     1212     455     455     757
          65    1.1e+04      1807  2306.3  2306.6     1401     457     457     944
          66    1.1e+04      1807  2305.3  2305.3     1303     457     457     846
          67    1.1e+04      1807  2305.3    2316     1200     455     455     745
          68    1.1e+04      1807  2305.3  2305.5     1306     456     456     850
          69    1.1e+04      1807  2304.4  2304.4     1279     455     455     824
          70    1.1e+04      1807  2304.4  2309.8     1384     456     456     928
          71    1.1e+04      1807  2300.1  2300.1     1478     455     455    1023
          72    1.1e+04      1807  2295.2  2295.2     1394     456     456     938
          73    1.1e+04      1807  2295.2  2303.7     1266     456     456     810
          74    1.1e+04      1807  2295.2  2305.2     1362     456     456     906
          75    1.1e+04      1807  2295.2  2296.8     1303     455     455     848
          76    1.1e+04      1807  2295.2  2306.8     1284     458     458     826
          77    1.1e+04      1807  2295.2  2305.6     1307     456     456     851
          78    1.1e+04      1807  2295.2  2301.3     1366     454     454     912
          79    1.1e+04      1807  2292.7  2292.7     1367     457     457     910
          80    1.1e+04      1807  2292.7  2299.9     1385     457     457     928
          81    1.1e+04      1807  2292.7  2295.7     1433     455     455     978
          82    1.1e+04      1807  2289.9  2289.9     1442     456     456     986
          83    1.1e+04      1807  2289.9  2296.8     1288     456     456     832
          84    1.1e+04      1807  2289.9    2300     1363     457     457     906
          85    1.2e+04      1807  2289.9  2297.4     1371     456     456     915
          86    1.2e+04      1807  2289.9  2296.9     1363     455     455     908
          87    1.2e+04      1807  2289.9  2292.1     1331     456     456     875
          88    1.2e+04      1807  2289.9  2299.5     1336     456     456     880
          89    1.2e+04      1807  2289.9  2293.2     1307     456     456     851
          90    1.2e+04      1807  2289.9  2291.7     1414     457     457     957
          91    1.2e+04      1807  2289.9  2302.7     1358     456     456     902
          92    1.2e+04      1807  2289.9  2292.4     1417     456     456     961
          93    1.2e+04      1807  2288.6  2288.6     1369     455     455     914
          94    1.2e+04      1807  2288.6  2294.5     1414     456     456     958
          95    1.2e+04      1807  2286.8  2286.8     1391     457     457     934
          96    1.2e+04      1807  2286.8    2297     1315     455     455     860
          97    1.2e+04      1807  2286.8    2292     1474     457     457    1017
          98    1.2e+04      1807  2284.1  2284.1     1524     455     455    1069
          99    1.2e+04      1807  2284.1  2287.1     1403     456     456     947
         100    1.2e+04      1807  2284.1  2293.4     1378     457     457     921
         101    1.2e+04      1807    2279    2279     1503     456     456    1047
         102    1.2e+04      1807    2279  2283.5     1331     455     455     876
         103    1.2e+04      1807    2279  2291.6     1394     457     457     937
         104    1.2e+04      1807    2279  2287.9     1410     455     455     955
         105    1.2e+04      1807    2279  2279.1     1391     456     456     935
         106    1.2e+04      1807    2279  2294.3     1370     457     457     913
         107    1.2e+04      1807    2279  2282.6     1490     456     456    1034
         108    1.2e+04      1807    2279  2287.6     1468     455     455    1013
         109    1.2e+04      1807    2279  2282.4     1490     456     456    1034
         110    1.2e+04      1807    2279  2280.9     1382     456     456     926
         111    1.2e+04      1807    2279    2289     1411     456     456     955
         112    1.2e+04      1807    2279  2282.8     1419     455     455     964
         113    1.2e+04      1807    2279  2283.1     1519     456     456    1063
         114    1.2e+04      1807    2279  2281.8     1407     456     456     951
         115    1.2e+04      1807    2279  2288.1     1426     456     456     970
         116    1.2e+04      1807    2279  2280.2     1446     454     454     992
         117    1.2e+04      1807    2279    2282     1462     456     456    1006
         118    1.2e+04      1807    2279  2281.9     1423     456     456     967
         119    1.2e+04      1807    2279  2282.8     1510     456     456    1054
         120    1.2e+04      1807  2276.1  2276.1     1474     456     456    1018
         121    1.3e+04      1807  2276.1  2283.7     1513     456     456    1057
         122    1.3e+04      1807  2276.1  2276.6     1430     455     455     975
         123    1.3e+04      1807  2276.1  2281.2     1358     457     457     901
         124    1.3e+04      1807  2276.1  2285.5     1424     457     457     967
         125    1.3e+04      1807  2276.1  2276.3     1461     455     455    1006
         126    1.3e+04      1807  2276.1    2282     1398     455     455     943
         127    1.3e+04      1807  2276.1  2285.7     1417     456     456     961
         128    1.3e+04      1807  2272.6  2272.6     1547     456     456    1091
         129    1.3e+04      1807  2272.6  2276.4     1428     455     455     973
         130    1.3e+04      1807  2272.6  2285.6     1465     456     456    1009
         131    1.3e+04      1807  2272.6  2283.5     1418     455     455     963
         132    1.3e+04      1807  2272.6  2274.5     1491     457     457    1034
         133    1.3e+04      1807  2272.6  2275.1     1396     456     456     940
         134    1.3e+04      1807  2272.6  2281.6     1381     456     456     925
         135    1.3e+04      1807  2272.6  2280.5     1528     455     455    1073
         136    1.3e+04      1807  2272.4  2272.4     1658     456     456    1202
         137    1.3e+04      1807  2271.6  2271.6     1550     454     454    1096
         138    1.3e+04      1807  2271.6    2274     1447     456     456     991
         139    1.3e+04      1807  2271.6  2280.2     1415     456     456     959
         140    1.3e+04      1807  2271.6    2275     1595     456     456    1139
         141    1.3e+04      1807  2267.7  2267.7     1540     455     455    1085
         142    1.3e+04      1807  2267.7  2271.2     1422     455     455     967
         143    1.3e+04      1807  2267.7    2283     1364     456     456     908
         144    1.3e+04      1807  2267.7  2275.1     1588     456     456    1132
         145    1.3e+04      1807  2267.7  2270.3     1534     455     455    1079
         146    1.3e+04      1807  2267.7  2269.7     1486     455     455    1031
         147    1.3e+04      1807  2267.7  2273.3     1484     455     455    1029
         148    1.3e+04      1807  2267.7  2282.1     1406     456     456     950
         149    1.3e+04      1807  2267.7  2276.4     1517     455     455    1062
         150    1.3e+04      1807  2267.7  2269.7     1549     456     456    1093
         151    1.3e+04      1807  2267.7  2272.3     1498     456     456    1042
         152    1.3e+04      1807  2267.7  2276.4     1491     455     455    1036
         153    1.3e+04      1807  2267.7  2272.4     1572     455     455    1117
         154    1.3e+04      1807  2264.9  2264.9     1602     455     455    1147
         155    1.3e+04      1807  2264.9  2268.3     1459     457     457    1002
         156    1.3e+04      1807  2264.9  2278.8     1402     455     455     947
         157    1.3e+04      1807  2264.9  2277.3     1599     456     456    1143
         158    1.3e+04      1807  2264.9  2267.8     1631     457     457    1174
         159    1.3e+04      1807  2264.9  2276.4     1661     455     455    1206
         160    1.3e+04      1807  2264.9  2268.2     1606     455     455    1151
         161    1.3e+04      1807  2264.9  2272.1     1478     456     456    1022
         162    1.3e+04      1807  2264.9  2272.8     1610     454     454    1156
         163    1.3e+04      1807  2264.9  2268.9     1586     457     457    1129
         164    1.3e+04      1807  2264.9  2264.9     1638     455     455    1183
         165    1.3e+04      1807  2264.9  2266.3     1654     455     455    1199
         166    1.3e+04      1807  2264.9  2268.9     1393     455     455     938
         167    1.3e+04      1807  2264.9  2276.4     1483     457     457    1026
         168    1.3e+04      1807  2264.9  2268.3     1465     455     455    1010
         169    1.3e+04      1807  2264.9  2271.9     1507     456     456    1051
         170    1.4e+04      1807  2264.9  2270.3     1616     455     455    1161
         171    1.4e+04      1807  2264.9  2265.9     1595     455     455    1140
         172    1.4e+04      1807  2264.9  2265.1     1557     456     456    1101
         173    1.4e+04      1807  2264.9  2268.5     1579     455     455    1124
         174    1.4e+04      1807  2261.8  2261.8     1507     457     457    1050
         175    1.4e+04      1807  2261.8  2273.7     1447     456     456     991
         176    1.4e+04      1807  2261.8  2268.1     1409     455     455     954
         177    1.4e+04      1807  2261.8  2268.8     1549     454     454    1095
         178    1.4e+04      1807  2261.8  2269.5     1596     456     456    1140
         179    1.4e+04      1807  2261.8  2263.4     1572     456     456    1116
         180    1.4e+04      1807  2261.8  2263.6     1568     456     456    1112
         181    1.4e+04      1807  2261.8  2267.2     1461     456     456    1005
         182    1.4e+04      1807  2261.8  2273.3     1387     455     455     932
         183    1.4e+04      1807  2261.8  2274.8     1545     456     456    1089
         184    1.4e+04      1807  2261.8  2268.9     1620     456     456    1164
         185    1.4e+04      1807  2261.8  2262.1     1656     455     455    1201
         186    1.4e+04      1807  2261.8  2266.7     1572     454     454    1118
         187    1.4e+04      1807  2261.8  2262.3     1628     455     455    1173
         188    1.4e+04      1807  2261.8  2265.2     1619     456     456    1163
         189    1.4e+04      1807  2261.8  2264.5     1670     456     456    1214
         190    1.4e+04      1807  2261.6  2261.6     1719     455     455    1264
         191    1.4e+04      1807  2261.6  2265.2     1501     455     455    1046
         192    1.4e+04      1807  2261.6  2271.8     1465     456     456    1009
         193    1.4e+04      1807  2261.6  2271.3     1603     454     454    1149
         194    1.4e+04      1807  2261.6  2261.9     1492     457     457    1035
         195    1.4e+04      1807  2261.6  2270.8     1462     454     454    1008
         196    1.4e+04      1807  2261.6  2274.4     1413     456     456     957
         197    1.4e+04      1807  2261.6    2266     1629     457     457    1172
         198    1.4e+04      1807  2258.9  2258.9     1739     454     454    1285
         199    1.4e+04      1807  2258.9  2261.5     1641     456     456    1185
         200    1.4e+04      1807  2258.9  2259.9     1665     455     455    1210
         201    1.4e+04      1807  2258.9    2266     1584     456     456    1128
         202    1.4e+04      1807  2258.9  2264.5     1612     456     456    1156
         203    1.4e+04      1807  2258.9  2263.6     1460     454     454    1006
         204    1.4e+04      1807  2258.9  2274.3     1478     455     455    1023
         205    1.4e+04      1807  2258.9  2272.9     1570     456     456    1114
         206    1.4e+04      1807  2258.9  2262.8     1534     456     456    1078
         207    1.4e+04      1807  2258.9  2266.7     1549     455     455    1094
         208    1.4e+04      1807  2258.9  2270.7     1522     454     454    1068
         209    1.4e+04      1807  2258.9  2265.8     1648     456     456    1192
         210    1.4e+04      1807  2258.9  2262.2     1601     455     455    1146
         211    1.4e+04      1807  2258.9  2263.7     1563     456     456    1107
         212    1.4e+04      1807  2258.9  2263.3     1601     455     455    1146
         213    1.4e+04      1807  2256.3  2256.3     1590     455     455    1135
         214    1.4e+04      1807  2256.3  2266.3     1605     455     455    1150
         215    1.4e+04      1807  2256.3  2263.8     1590     455     455    1135
         216    1.4e+04      1807  2256.3  2265.3     1581     456     456    1125
         217    1.4e+04      1807  2256.3  2264.3     1531     455     455    1076
         218    1.4e+04      1807  2256.3  2266.3     1480     455     455    1025
         219    1.4e+04      1807  2256.3  2270.3     1526     456     456    1070
         220    1.4e+04      1807  2256.3  2268.9     1641     456     456    1185
         221    1.4e+04      1807  2256.3  2264.3     1710     455     455    1255
         222    1.4e+04      1807  2256.3    2257     1570     455     455    1115
         223    1.4e+04      1807  2256.3  2274.7     1569     454     454    1115
         224    1.4e+04      1807  2256.3  2262.2     1605     456     456    1149
         225    1.4e+04      1807  2256.3  2258.3     1688     457     457    1231
         226    1.4e+04      1807  2256.3  2260.9     1677     456     456    1221
         227    1.4e+04      1807  2256.3  2259.7     1696     455     455    1241
         228    1.4e+04      1807  2256.3  2260.9     1596     455     455    1141
         229    1.4e+04      1807  2256.3  2264.7     1536     455     455    1081
         230    1.4e+04      1807  2256.3    2265     1552     457     457    1095
         231    1.4e+04      1807  2256.3  2257.7     1623     454     454    1169
         232    1.4e+04      1807  2256.3  2261.2     1658     454     454    1204
         233    1.4e+04      1807  2256.3  2268.3     1489     456     456    1033
         234    1.4e+04      1807  2256.3  2266.5     1549     455     455    1094
         235    1.4e+04      1807  2256.3  2267.1     1545     455     455    1090
         236    1.5e+04      1807  2256.3  2259.3     1720     456     456    1264
         237    1.5e+04      1807  2256.3  2260.9     1609     455     455    1154
         238    1.5e+04      1807  2256.3  2259.4     1497     454     454    1043
               reducing step to 0.1
    *    239    1.5e+04      1814  2239.5  2239.5     1814     455     455    1359
    *    240    1.5e+04      1846  2232.4  2232.4     1846     455     455    1391
    *    241    1.5e+04      1975  2229.7  2229.7     1975     454     454    1521
    *    242    1.5e+04      2135  2227.7  2227.7     2135     454     454    1681
         243    1.5e+04      2135  2225.5  2225.5     2106     454     454    1652
         244    1.5e+04      2135  2225.5  2225.8     2090     455     455    1635
         245    1.5e+04      2135    2225    2225     2080     454     454    1626
         246    1.5e+04      2135  2224.4  2224.4     2057     454     454    1603
    *    247    1.5e+04      2148  2224.4  2225.7     2148     454     454    1694
         248    1.5e+04      2148  2224.4  2225.1     2130     455     455    1675
    *    249    1.5e+04      2164  2224.4  2225.5     2164     454     454    1710
         250    1.5e+04      2164  2224.1  2224.1     2131     454     454    1677
         251    1.5e+04      2164  2224.1  2224.1     2141     454     454    1687
         252    1.5e+04      2164  2224.1  2224.7     2091     456     456    1635
         253    1.5e+04      2164  2224.1  2224.3     2112     454     454    1658
         254    1.5e+04      2164  2224.1  2224.3     1895     454     454    1441
         255    1.5e+04      2164  2224.1  2225.7     2022     455     455    1567
         256    1.5e+04      2164  2224.1  2226.4     2053     454     454    1599
         257    1.5e+04      2164  2224.1  2226.9     2121     454     454    1667
         258    1.5e+04      2164  2224.1  2225.2     2079     455     455    1624
         259    1.5e+04      2164  2224.1  2225.1     2106     454     454    1652
         260    1.5e+04      2164  2224.1  2224.6     2122     454     454    1668
         261    1.5e+04      2164  2224.1  2224.3     2149     454     454    1695
         262    1.5e+04      2164  2223.6  2223.6     2084     454     454    1630
         263    1.5e+04      2164  2223.6    2224     2148     454     454    1694
         264    1.5e+04      2164    2223    2223     2143     454     454    1689
         265    1.5e+04      2164    2223  2223.2     2127     454     454    1673
         266    1.5e+04      2164  2222.8  2222.8     2135     454     454    1681
         267    1.5e+04      2164  2222.8  2223.6     2128     454     454    1674
         268    1.5e+04      2164  2222.8  2223.5     2111     455     455    1656
         269    1.5e+04      2164  2222.8  2223.9     2105     454     454    1651
         270    1.5e+04      2164  2222.8  2222.9     2142     454     454    1688
    *    271    1.5e+04      2170  2222.8  2222.8     2170     454     454    1716
         272    1.5e+04      2170  2222.8  2223.4     2148     454     454    1694
         273    1.5e+04      2170  2222.8  2222.9     2126     454     454    1672
         274    1.5e+04      2170  2222.6  2222.6     2132     454     454    1678
         275    1.5e+04      2170  2222.6  2222.8     2090     454     454    1636
         276    1.5e+04      2170  2222.6  2222.6     2041     454     454    1587
         277    1.5e+04      2170  2222.6  2223.2     2086     454     454    1632
         278    1.5e+04      2170  2222.6  2222.8     2011     455     455    1556
         279    1.5e+04      2170  2222.6  2223.5     2066     454     454    1612
         280    1.5e+04      2170  2222.6  2222.6     2001     454     454    1547
         281    1.5e+04      2170  2222.6  2223.5     2061     454     454    1607
         282    1.5e+04      2170  2222.6  2223.1     2053     454     454    1599
         283    1.5e+04      2170  2222.6  2224.2     2062     455     455    1607
         284    1.5e+04      2170  2222.6  2222.9     2127     454     454    1673
         285    1.5e+04      2170  2222.6  2223.7     2146     454     454    1692
         286    1.5e+04      2170  2221.6  2221.6     2110     454     454    1656
         287    1.5e+04      2170  2221.6  2223.7     2072     454     454    1618
         288    1.5e+04      2170  2221.5  2221.5     2087     454     454    1633
         289    1.5e+04      2170  2221.5  2224.2     2071     454     454    1617
         290    1.5e+04      2170  2221.5  2222.1     2073     454     454    1619
         291    1.5e+04      2170  2221.5  2223.4     2111     455     455    1656
         292    1.5e+04      2170  2221.5  2222.6     2122     454     454    1668
         293    1.5e+04      2170  2221.5  2222.8     2113     454     454    1659
         294    1.5e+04      2170  2221.5  2222.7     2084     454     454    1630
         295    1.5e+04      2170  2221.5  2223.7     1990     455     455    1535
         296    1.5e+04      2170  2221.5    2223     2074     453     453    1621
         297    1.5e+04      2170  2221.5  2222.5     2118     454     454    1664
         298    1.5e+04      2170  2221.5  2222.1     2108     454     454    1654
         299    1.5e+04      2170  2221.5  2223.2     2106     454     454    1652
         300    1.5e+04      2170  2221.5  2222.2     2134     453     453    1681
    *    301    1.5e+04      2183  2221.5  2222.2     2183     453     453    1730
         302    1.5e+04      2183  2221.5  2221.8     2165     453     453    1712
         303    1.5e+04      2183  2221.5  2221.7     2181     453     453    1728
         304    1.5e+04      2183  2220.1  2220.1     2173     453     453    1720
         305    1.5e+04      2183  2220.1  2221.4     2157     454     454    1703
         306    1.5e+04      2183  2220.1  2220.6     2162     452     452    1710
         307    1.5e+04      2183  2220.1  2221.8     2156     453     453    1703
         308    1.5e+04      2183  2220.1  2220.8     2140     453     453    1687
         309    1.5e+04      2183  2220.1  2222.9     2163     454     454    1709
         310    1.5e+04      2183  2220.1  2220.6     2154     453     453    1701
         311    1.5e+04      2183  2220.1  2222.1     2141     454     454    1687
         312    1.5e+04      2183  2220.1  2221.5     2036     453     453    1583
         313    1.5e+04      2183  2220.1  2222.5     2043     454     454    1589
         314    1.5e+04      2183  2220.1  2221.4     2134     454     454    1680
         315    1.5e+04      2183  2220.1    2223     2174     453     453    1721
         316    1.5e+04      2183  2220.1  2221.4     2150     453     453    1697
         317    1.5e+04      2183  2220.1  2222.3     2142     454     454    1688
         318    1.5e+04      2183  2220.1  2221.3     2069     452     452    1617
         319    1.5e+04      2183  2220.1  2223.5     2145     454     454    1691
         320    1.5e+04      2183  2220.1  2221.1     2141     454     454    1687
         321    1.5e+04      2183  2220.1  2223.3     2120     454     454    1666
         322    1.5e+04      2183  2220.1  2220.9     2176     452     452    1724
    *    323    1.5e+04      2194  2220.1  2221.8     2194     453     453    1741
         324    1.5e+04      2194  2220.1  2220.3     2183     452     452    1731
    *    325    1.5e+04      2197  2220.1  2221.3     2197     453     453    1744
         326    1.5e+04      2197  2220.1  2220.6     2185     452     452    1733
         327    1.5e+04      2197  2220.1  2221.8     2195     453     453    1742
         328    1.5e+04      2197  2220.1  2220.8     2186     452     452    1734
         329    1.5e+04      2197  2220.1  2221.4     2189     453     453    1736
               reducing step to 0.05
         330    1.5e+04      2197  2217.5  2217.5     2181     453     453    1728
         331    1.5e+04      2197  2216.1  2216.1     2089     453     453    1636
         332    1.5e+04      2197  2216.1 2216.55     2079     454     454    1625
         333    1.5e+04      2197  2216.1  2216.2     2179     453     453    1726
         334    1.5e+04      2197  2216.1  2216.3     2175     453     453    1722
         335    1.5e+04      2197    2216    2216     2170     453     453    1717
         336    1.5e+04      2197    2216  2216.1     2166     454     454    1712
         337    1.5e+04      2197    2216 2216.05     2181     452     452    1729
         338    1.5e+04      2197    2216 2216.05     2183     453     453    1730
         339    1.5e+04      2197 2215.65 2215.65     2186     452     452    1734
         340    1.5e+04      2197 2215.65 2215.95     2192     453     453    1739
         341    1.5e+04      2197 2215.65 2215.95     2196     452     452    1744
         342    1.5e+04      2197 2215.65 2215.95     2190     453     453    1737
         343    1.5e+04      2197 2215.65 2215.75     2197     452     452    1745
    *    344    1.5e+04      2198 2215.65 2215.95     2198     452     452    1746
         345    1.5e+04      2198 2215.65  2215.7     2196     452     452    1744
         346    1.5e+04      2198 2215.65  2215.9     2195     453     453    1742
         347    1.5e+04      2198 2215.65  2215.8     2195     452     452    1743
         348    1.5e+04      2198 2215.65  2215.9     2187     452     452    1735
         349    1.5e+04      2198 2215.65  2215.7     2195     452     452    1743
         350    1.5e+04      2198 2215.65 2215.95     2187     452     452    1735
         351    1.5e+04      2198 2215.65  2215.7     2195     452     452    1743
         352    1.5e+04      2198 2215.65  2215.9     2196     452     452    1744
         353    1.5e+04      2198 2215.65 2215.65     2195     452     452    1743
         354    1.5e+04      2198 2215.65 2215.95     2194     452     452    1742
         355    1.5e+04      2198 2215.65  2215.7     2194     452     452    1742
         356    1.5e+04      2198 2215.65 2215.85     2196     452     452    1744
         357    1.5e+04      2198 2215.65 2215.75     2194     452     452    1742
         358    1.5e+04      2198 2215.65  2215.9     2195     452     452    1743
         359    1.5e+04      2198 2215.65 2215.75     2188     452     452    1736
         360    1.5e+04      2198 2215.65  2215.8     2195     452     452    1743
         361    1.5e+04      2198 2215.65 2215.75     2193     452     452    1741
         362    1.5e+04      2198 2215.65  2215.8     2195     452     452    1743
         363    1.5e+04      2198 2215.65  2215.7     2182     452     452    1730
         364    1.5e+04      2198 2215.65 2215.85     2195     452     452    1743
               reducing step to 0.025
         365    1.5e+04      2198 2214.43 2214.43     2184     452     452    1732
         366    1.5e+04      2198 2214.15 2214.15     2185     452     452    1733
         367    1.5e+04      2198 2213.92 2213.92     2196     452     452    1744
         368    1.5e+04      2198  2213.9  2213.9     2197     452     452    1745
         369    1.5e+04      2198 2213.82 2213.82     2196     452     452    1744
    *    370    1.5e+04      2201 2213.82 2213.88     2201     452     452    1749
         371    1.5e+04      2201 2213.77 2213.77     2199     452     452    1747
         372    1.5e+04      2201 2213.77 2213.83     2200     452     452    1748
         373    1.5e+04      2201 2213.77 2213.77     2197     452     452    1745
         374    1.5e+04      2201 2213.77 2213.85     2199     452     452    1747
         375    1.5e+04      2201 2213.77 2213.77     2196     452     452    1744
         376    1.5e+04      2201 2213.77 2213.85     2200     452     452    1748
         377    1.5e+04      2201 2213.77 2213.77     2199     452     452    1747
         378    1.5e+04      2201 2213.77 2213.78     2201     452     452    1749
         379    1.5e+04      2201 2213.77 2213.77     2200     452     452    1748
         380    1.5e+04      2201 2213.77  2213.8     2200     452     452    1748
         381    1.5e+04      2201 2213.77 2213.82     2198     452     452    1746
         382    1.5e+04      2201 2213.77  2213.8     2199     452     452    1747
         383    1.5e+04      2201 2213.77 2213.85     2197     452     452    1745
         384    1.5e+04      2201 2213.77  2213.8     2197     452     452    1745
         385    1.5e+04      2201 2213.77  2213.8     2198     452     452    1746
         386    1.5e+04      2201 2213.77  2213.8     2201     452     452    1749
         387    1.5e+04      2201 2213.75 2213.75     2197     452     452    1745
         388    1.5e+04      2201 2213.75 2213.83     2199     452     452    1747
         389    1.5e+04      2201 2213.75 2213.77     2196     452     452    1744
         390    1.5e+04      2201 2213.75 2213.83     2198     452     452    1746
         391    1.5e+04      2201 2213.75 2213.75     2197     452     452    1745
         392    1.5e+04      2201 2213.75 2213.85     2198     452     452    1746
         393    1.5e+04      2201 2213.75 2213.75     2196     452     452    1744
         394    1.5e+04      2201 2213.75 2213.83     2198     452     452    1746
         395    1.5e+04      2201 2213.75 2213.75     2196     452     452    1744
         396    1.5e+04      2201 2213.75 2213.83     2198     452     452    1746
         397    1.5e+04      2201 2213.75 2213.75     2196     452     452    1744
         398    1.5e+04      2201 2213.75 2213.83     2198     452     452    1746
         399    1.5e+04      2201 2213.75 2213.75     2196     452     452    1744
         400    1.5e+04      2201 2213.75 2213.83     2198     452     452    1746
         401    1.5e+04      2201 2213.75 2213.75     2196     452     452    1744
         402    1.5e+04      2201 2213.75 2213.83     2197     452     452    1745
         403    1.5e+04      2201 2213.75 2213.75     2195     452     452    1743
         404    1.5e+04      2201 2213.75 2213.85     2194     452     452    1742
         405    1.5e+04      2201 2213.75 2213.77     2192     452     452    1740
         406    1.5e+04      2201 2213.75  2213.8     2197     452     452    1745
         407    1.5e+04      2201 2213.75 2213.75     2183     453     453    1730
         408    1.5e+04      2201 2213.72 2213.72     2197     452     452    1745
         409    1.5e+04      2201 2213.72 2213.82     2199     452     452    1747
         410    1.5e+04      2201 2213.67 2213.67     2201     452     452    1749
         411    1.5e+04      2201 2213.67  2213.7     2198     452     452    1746
         412    1.5e+04      2201 2213.67 2213.67     2196     452     452    1744
         413    1.5e+04      2201 2213.67  2213.7     2198     452     452    1746
         414    1.5e+04      2201 2213.67  2213.7     2196     452     452    1744
         415    1.5e+04      2201 2213.67 2213.75     2199     452     452    1747
         416    1.5e+04      2201 2213.67 2213.72     2197     452     452    1745
         417    1.5e+04      2201 2213.67 2213.75     2198     452     452    1746
         418    1.5e+04      2201 2213.67 2213.72     2196     452     452    1744
         419    1.5e+04      2201 2213.67 2213.75     2198     452     452    1746
         420    1.5e+04      2201 2213.67 2213.75     2194     452     452    1742
         421    1.5e+04      2201 2213.67 2213.75     2199     452     452    1747
         422    1.5e+04      2201 2213.67  2213.7     2195     452     452    1743
         423    1.5e+04      2201 2213.67 2213.75     2198     452     452    1746
         424    1.5e+04      2201 2213.67 2213.72     2195     452     452    1743
         425    1.5e+04      2201 2213.67 2213.77     2198     452     452    1746
         426    1.5e+04      2201 2213.67  2213.7     2195     452     452    1743
         427    1.5e+04      2201 2213.67 2213.75     2198     452     452    1746
         428    1.5e+04      2201 2213.67 2213.72     2195     452     452    1743
         429    1.5e+04      2201 2213.67 2213.75     2198     452     452    1746
         430    1.5e+04      2201 2213.67 2213.72     2195     452     452    1743
         431    1.5e+04      2201 2213.67 2213.75     2198     452     452    1746
         432    1.5e+04      2201 2213.67 2213.72     2195     452     452    1743
         433    1.5e+04      2201 2213.67 2213.75     2198     452     452    1746
         434    1.5e+04      2201 2213.67 2213.72     2195     452     452    1743
         435    1.5e+04      2201 2213.67 2213.75     2198     452     452    1746
               reducing step to 0.0125
         436    1.5e+04      2201  2213.1  2213.1     2192     452     452    1740
         437    1.5e+04      2201 2212.81 2212.81     2154     453     453    1701
         438    1.5e+04      2201 2212.81 2212.83     2164     452     452    1712
         439    1.5e+04      2201 2212.81 2212.83     2201     452     452    1749
         440    1.5e+04      2201 2212.71 2212.71     2199     452     452    1747
         441    1.5e+04      2201 2212.71 2212.79     2201     452     452    1749
         442    1.5e+04      2201 2212.71 2212.71     2196     452     452    1744
    *    443    1.5e+04      2203 2212.71 2212.82     2203     452     452    1751
         444    1.5e+04      2203 2212.69 2212.69     2199     452     452    1747
         445    1.5e+04      2203 2212.69 2212.79     2197     452     452    1745
         446    1.5e+04      2203 2212.68 2212.68     2193     452     452    1741
         447    1.5e+04      2203 2212.68 2212.79     2202     452     452    1750
         448    1.5e+04      2203 2212.66 2212.66     2196     452     452    1744
         449    1.5e+04      2203 2212.66 2212.78     2201     452     452    1749
         450    1.5e+04      2203 2212.65 2212.65     2197     452     452    1745
         451    1.5e+04      2203 2212.65 2212.79     2201     452     452    1749
         452    1.5e+04      2203 2212.65 2212.68     2196     452     452    1744
         453    1.5e+04      2203 2212.65 2212.79     2201     452     452    1749
         454    1.5e+04      2203 2212.65 2212.66     2196     452     452    1744
         455    1.5e+04      2203 2212.65 2212.79     2201     452     452    1749
         456    1.5e+04      2203 2212.65 2212.68     2197     452     452    1745
         457    1.5e+04      2203 2212.65 2212.79     2201     452     452    1749
         458    1.5e+04      2203 2212.65 2212.65     2198     452     452    1746
         459    1.5e+04      2203 2212.65 2212.78     2201     452     452    1749
         460    1.5e+04      2203 2212.65 2212.66     2196     452     452    1744
         461    1.5e+04      2203 2212.65 2212.78     2200     452     452    1748
         462    1.5e+04      2203 2212.65 2212.65     2197     452     452    1745
         463    1.5e+04      2203 2212.65 2212.79     2200     452     452    1748
         464    1.5e+04      2203 2212.65 2212.66     2196     452     452    1744
         465    1.5e+04      2203 2212.65 2212.76     2200     452     452    1748
         466    1.5e+04      2203 2212.65 2212.65     2197     452     452    1745
         467    1.5e+04      2203 2212.65 2212.78     2200     452     452    1748
         468    1.5e+04      2203 2212.65 2212.65     2196     452     452    1744
         469    1.5e+04      2203 2212.65 2212.76     2200     452     452    1748
         470    1.5e+04      2203 2212.65 2212.65     2197     452     452    1745
         471    1.5e+04      2203 2212.65 2212.78     2200     452     452    1748
         472    1.5e+04      2203 2212.65 2212.65     2196     452     452    1744
         473    1.5e+04      2203 2212.65 2212.78     2200     452     452    1748
         474    1.5e+04      2203 2212.65 2212.65     2196     452     452    1744
         475    1.5e+04      2203 2212.65 2212.78     2200     452     452    1748
               reducing step to 0.00625
         476    1.5e+04      2203 2212.46 2212.46     2194     452     452    1742
    *    477    1.5e+04      2205 2212.26 2212.26     2205     452     452    1753
         478    1.5e+04      2205 2212.26 2212.27     2197     452     452    1745
         479    1.5e+04      2205 2212.21 2212.21     2200     452     452    1748
         480    1.5e+04      2205 2212.21 2212.24     2202     452     452    1750
         481    1.5e+04      2205 2212.21 2212.24     2205     452     452    1753
         482    1.5e+04      2205 2212.21 2212.23     2197     452     452    1745
         483    1.5e+04      2205 2212.21 2212.25     2203     452     452    1751
         484    1.5e+04      2205 2212.21 2212.21     2195     452     452    1743
         485    1.5e+04      2205 2212.21 2212.26     2203     452     452    1751
         486    1.5e+04      2205 2212.21 2212.21     2200     452     452    1748
         487    1.5e+04      2205 2212.21 2212.25     2203     452     452    1751
         488    1.5e+04      2205 2212.21 2212.21     2199     452     452    1747
         489    1.5e+04      2205 2212.21 2212.24     2202     452     452    1750
         490    1.5e+04      2205 2212.21 2212.21     2200     452     452    1748
         491    1.5e+04      2205 2212.21 2212.24     2203     452     452    1751
         492    1.5e+04      2205 2212.21 2212.21     2199     452     452    1747
         493    1.5e+04      2205 2212.21 2212.24     2203     452     452    1751
         494    1.5e+04      2205 2212.21 2212.21     2194     452     452    1742
         495    1.5e+04      2205 2212.21 2212.24     2201     452     452    1749
         496    1.5e+04      2205  2212.2  2212.2     2196     452     452    1744
         497    1.5e+04      2205  2212.2 2212.24     2201     452     452    1749
         498    1.5e+04      2205 2212.19 2212.19     2197     452     452    1745
         499    1.5e+04      2205 2212.19 2212.24     2201     452     452    1749
         500    1.5e+04      2205 2212.19  2212.2     2196     452     452    1744
         501    1.5e+04      2205 2212.19 2212.24     2200     452     452    1748
         502    1.5e+04      2205 2212.19 2212.19     2197     452     452    1745
         503    1.5e+04      2205 2212.19 2212.24     2200     452     452    1748
         504    1.5e+04      2205 2212.19 2212.19     2196     452     452    1744
         505    1.5e+04      2205 2212.19 2212.24     2200     452     452    1748
         506    1.5e+04      2205 2212.19 2212.19     2196     452     452    1744
         507    1.5e+04      2205 2212.19 2212.24     2200     452     452    1748
         508    1.5e+04      2205 2212.19 2212.19     2196     452     452    1744
         509    1.5e+04      2205 2212.19 2212.24     2200     452     452    1748
         510    1.5e+04      2205 2212.19 2212.19     2196     452     452    1744
         511    1.5e+04      2205 2212.19 2212.24     2200     452     452    1748
         512    1.5e+04      2205 2212.19 2212.19     2196     452     452    1744
         513    1.5e+04      2205 2212.19 2212.23     2200     452     452    1748
         514    1.5e+04      2205 2212.19 2212.19     2196     452     452    1744
         515    1.5e+04      2205 2212.19 2212.23     2200     452     452    1748
         516    1.5e+04      2205 2212.19 2212.19     2196     452     452    1744
         517    1.5e+04      2205 2212.19 2212.23     2200     452     452    1748
         518    1.5e+04      2205 2212.19 2212.19     2196     452     452    1744
         519    1.5e+04      2205 2212.19 2212.23     2200     452     452    1748
         520    1.5e+04      2205 2212.19 2212.19     2196     452     452    1744
         521    1.5e+04      2205 2212.19 2212.23     2200     452     452    1748
         522    1.5e+04      2205 2212.19 2212.19     2196     452     452    1744
         523    1.5e+04      2205 2212.19 2212.23     2200     452     452    1748
         524    1.5e+04      2205 2212.19 2212.19     2196     452     452    1744
         525    1.5e+04      2205 2212.19 2212.22     2200     452     452    1748
         526    1.5e+04      2205 2212.18 2212.18     2196     452     452    1744
         527    1.5e+04      2205 2212.18 2212.22     2200     452     452    1748
         528    1.5e+04      2205 2212.18 2212.18     2196     452     452    1744
         529    1.5e+04      2205 2212.18 2212.22     2200     452     452    1748
         530    1.5e+04      2205 2212.18 2212.18     2196     452     452    1744
         531    1.5e+04      2205 2212.18 2212.22     2200     452     452    1748
         532    1.5e+04      2205 2212.18 2212.18     2196     452     452    1744
         533    1.5e+04      2205 2212.18 2212.22     2200     452     452    1748
         534    1.5e+04      2205 2212.18 2212.18     2196     452     452    1744
         535    1.5e+04      2205 2212.18 2212.22     2200     452     452    1748
         536    1.5e+04      2205 2212.18 2212.18     2196     452     452    1744
         537    1.5e+04      2205 2212.18 2212.22     2200     452     452    1748
         538    1.5e+04      2205 2212.18 2212.18     2196     452     452    1744
         539    1.5e+04      2205 2212.18 2212.22     2200     452     452    1748
         540    1.5e+04      2205 2212.18 2212.18     2196     452     452    1744
         541    1.5e+04      2205 2212.18 2212.22     2200     452     452    1748
         542    1.5e+04      2205 2212.18 2212.18     2196     452     452    1744
         543    1.5e+04      2205 2212.18 2212.22     2200     452     452    1748
         544    1.5e+04      2205 2212.18 2212.18     2196     452     452    1744
         545    1.5e+04      2205 2212.18 2212.22     2200     452     452    1748
         546    1.5e+04      2205 2212.18 2212.18     2196     452     452    1744
         547    1.5e+04      2205 2212.18 2212.22     2200     452     452    1748
         548    1.5e+04      2205 2212.18 2212.18     2196     452     452    1744
         549    1.5e+04      2205 2212.18 2212.22     2200     452     452    1748
         550    1.5e+04      2205 2212.18 2212.18     2196     452     452    1744
         551    1.5e+04      2205 2212.18 2212.22     2200     452     452    1748
               reducing step to 0.003125
         552    1.5e+04      2205 2212.08 2212.08     2198     452     452    1746
         553    1.5e+04      2205 2211.99 2211.99     2203     452     452    1751
         554    1.5e+04      2205 2211.99 2212.01     2197     452     452    1745
         555    1.5e+04      2205 2211.99 2211.99     2200     452     452    1748
         556    1.5e+04      2205 2211.99 2212.01     2199     452     452    1747
         557    1.5e+04      2205 2211.98 2211.98     2201     452     452    1749
         558    1.5e+04      2205 2211.98 2212.01     2199     452     452    1747
         559    1.5e+04      2205 2211.97 2211.97     2201     452     452    1749
         560    1.5e+04      2205 2211.97    2212     2196     452     452    1744
         561    1.5e+04      2205 2211.97 2211.97     2197     452     452    1745
         562    1.5e+04      2205 2211.97    2212     2196     452     452    1744
         563    1.5e+04      2205 2211.97 2211.97     2198     452     452    1746
         564    1.5e+04      2205 2211.97 2211.99     2198     452     452    1746
         565    1.5e+04      2205 2211.96 2211.96     2199     452     452    1747
         566    1.5e+04      2205 2211.96    2212     2197     452     452    1745
         567    1.5e+04      2205 2211.96 2211.97     2197     452     452    1745
         568    1.5e+04      2205 2211.96    2212     2197     452     452    1745
         569    1.5e+04      2205 2211.96 2211.97     2197     452     452    1745
         570    1.5e+04      2205 2211.96    2212     2196     452     452    1744
         571    1.5e+04      2205 2211.96 2211.96     2197     452     452    1745
         572    1.5e+04      2205 2211.96 2211.99     2197     452     452    1745
         573    1.5e+04      2205 2211.96 2211.96     2197     452     452    1745
         574    1.5e+04      2205 2211.96 2211.99     2198     452     452    1746
         575    1.5e+04      2205 2211.96 2211.96     2197     452     452    1745
         576    1.5e+04      2205 2211.96 2211.99     2197     452     452    1745
         577    1.5e+04      2205 2211.96 2211.96     2196     452     452    1744
         578    1.5e+04      2205 2211.96 2211.99     2198     452     452    1746
         579    1.5e+04      2205 2211.96 2211.96     2196     452     452    1744
         580    1.5e+04      2205 2211.96 2211.99     2197     452     452    1745
         581    1.5e+04      2205 2211.96 2211.96     2196     452     452    1744
         582    1.5e+04      2205 2211.96 2211.99     2197     452     452    1745
         583    1.5e+04      2205 2211.96 2211.96     2196     452     452    1744
         584    1.5e+04      2205 2211.96 2211.99     2197     452     452    1745
         585    1.5e+04      2205 2211.96 2211.96     2196     452     452    1744
         586    1.5e+04      2205 2211.96 2211.99     2197     452     452    1745
         587    1.5e+04      2205 2211.96 2211.96     2196     452     452    1744
         588    1.5e+04      2205 2211.96 2211.99     2197     452     452    1745
         589    1.5e+04      2205 2211.96 2211.96     2196     452     452    1744
         590    1.5e+04      2205 2211.96 2211.99     2197     452     452    1745
         591    1.5e+04      2205 2211.96 2211.96     2196     452     452    1744
         592    1.5e+04      2205 2211.96 2211.99     2197     452     452    1745
         593    1.5e+04      2205 2211.96 2211.96     2196     452     452    1744
         594    1.5e+04      2205 2211.96 2211.99     2197     452     452    1745
         595    1.5e+04      2205 2211.96 2211.96     2196     452     452    1744
         596    1.5e+04      2205 2211.96 2211.99     2197     452     452    1745
         597    1.5e+04      2205 2211.96 2211.96     2196     452     452    1744
         598    1.5e+04      2205 2211.96 2211.99     2197     452     452    1745
         599    1.5e+04      2205 2211.96 2211.96     2196     452     452    1744
         600    1.5e+04      2205 2211.96 2211.99     2197     452     452    1745
               reducing step to 0.0015625
         601    1.5e+04      2205 2211.91 2211.91     2202     452     452    1750
         602    1.5e+04      2205 2211.87 2211.87     2203     452     452    1751
         603    1.5e+04      2205 2211.87 2211.88     2204     452     452    1752
         604    1.5e+04      2205 2211.87 2211.87     2205     452     452    1753
         605    1.5e+04      2205 2211.87 2211.87     2201     452     452    1749
         606    1.5e+04      2205 2211.87 2211.87     2203     452     452    1751
         607    1.5e+04      2205 2211.87 2211.87     2201     452     452    1749
         608    1.5e+04      2205 2211.87 2211.87     2202     452     452    1750
         609    1.5e+04      2205 2211.87 2211.87     2200     452     452    1748
         610    1.5e+04      2205 2211.86 2211.86     2203     452     452    1751
         611    1.5e+04      2205 2211.86 2211.86     2201     452     452    1749
         612    1.5e+04      2205 2211.86 2211.86     2202     452     452    1750
         613    1.5e+04      2205 2211.86 2211.86     2201     452     452    1749
         614    1.5e+04      2205 2211.86 2211.86     2202     452     452    1750
         615    1.5e+04      2205 2211.86 2211.86     2201     452     452    1749
         616    1.5e+04      2205 2211.86 2211.86     2202     452     452    1750
         617    1.5e+04      2205 2211.86 2211.86     2200     452     452    1748
         618    1.5e+04      2205 2211.86 2211.86     2199     452     452    1747
         619    1.5e+04      2205 2211.86 2211.86     2198     452     452    1746
         620    1.5e+04      2205 2211.86 2211.86     2199     452     452    1747
         621    1.5e+04      2205 2211.86 2211.86     2198     452     452    1746
         622    1.5e+04      2205 2211.86 2211.86     2199     452     452    1747
         623    1.5e+04      2205 2211.86 2211.86     2199     452     452    1747
         624    1.5e+04      2205 2211.86 2211.86     2199     452     452    1747
         625    1.5e+04      2205 2211.86 2211.86     2198     452     452    1746
         626    1.5e+04      2205 2211.86 2211.86     2198     452     452    1746
         627    1.5e+04      2205 2211.86 2211.86     2199     452     452    1747
         628    1.5e+04      2205 2211.86 2211.86     2198     452     452    1746
         629    1.5e+04      2205 2211.86 2211.86     2198     452     452    1746
         630    1.5e+04      2205 2211.86 2211.86     2198     452     452    1746
         631    1.5e+04      2205 2211.86 2211.86     2198     452     452    1746
         632    1.5e+04      2205 2211.86 2211.86     2194     452     452    1742
         633    1.5e+04      2205 2211.86 2211.86     2198     452     452    1746
         634    1.5e+04      2205 2211.86 2211.86     2198     452     452    1746
         635    1.5e+04      2205 2211.86 2211.86     2198     452     452    1746
         636    1.5e+04      2205 2211.86 2211.86     2198     452     452    1746
         637    1.5e+04      2205 2211.86 2211.86     2198     452     452    1746
         638    1.5e+04      2205 2211.86 2211.86     2198     452     452    1746
         639    1.5e+04      2205 2211.86 2211.86     2198     452     452    1746
         640    1.5e+04      2205 2211.86 2211.86     2198     452     452    1746
         641    1.5e+04      2205 2211.86 2211.86     2198     452     452    1746
         642    1.5e+04      2205 2211.86 2211.86     2198     452     452    1746
         643    1.5e+04      2205 2211.86 2211.86     2198     452     452    1746
         644    1.5e+04      2205 2211.86 2211.86     2198     452     452    1746
         645    1.5e+04      2205 2211.86 2211.86     2198     452     452    1746
         646    1.5e+04      2205 2211.86 2211.86     2198     452     452    1746
         647    1.5e+04      2205 2211.86 2211.86     2196     452     452    1744
         648    1.5e+04      2205 2211.86 2211.86     2198     452     452    1746
         649    1.5e+04      2205 2211.86 2211.86     2198     452     452    1746
               reducing step to 0.00078125
         650    1.5e+04      2205 2211.83 2211.83     2203     452     452    1751
         651    1.5e+04      2205  2211.8  2211.8     2203     452     452    1751
         652    1.5e+04      2205  2211.8 2211.81     2202     452     452    1750
         653    1.5e+04      2205  2211.8  2211.8     2202     452     452    1750
         654    1.5e+04      2205  2211.8 2211.81     2202     452     452    1750
         655    1.5e+04      2205  2211.8  2211.8     2202     452     452    1750
         656    1.5e+04      2205  2211.8 2211.81     2202     452     452    1750
         657    1.5e+04      2205  2211.8  2211.8     2202     452     452    1750
         658    1.5e+04      2205  2211.8 2211.81     2202     452     452    1750
         659    1.5e+04      2205  2211.8  2211.8     2202     452     452    1750
         660    1.5e+04      2205  2211.8 2211.81     2201     452     452    1749
         661    1.5e+04      2205  2211.8  2211.8     2201     452     452    1749
         662    1.5e+04      2205  2211.8  2211.8     2198     452     452    1746
         663    1.5e+04      2205  2211.8  2211.8     2200     452     452    1748
         664    1.5e+04      2205  2211.8 2211.81     2197     452     452    1745
         665    1.5e+04      2205  2211.8  2211.8     2202     452     452    1750
         666    1.5e+04      2205  2211.8  2211.8     2200     452     452    1748
         667    1.5e+04      2205  2211.8  2211.8     2202     452     452    1750
         668    1.5e+04      2205  2211.8  2211.8     2200     452     452    1748
         669    1.5e+04      2205  2211.8  2211.8     2202     452     452    1750
         670    1.5e+04      2205  2211.8  2211.8     2200     452     452    1748
         671    1.5e+04      2205  2211.8  2211.8     2201     452     452    1749
         672    1.5e+04      2205  2211.8  2211.8     2200     452     452    1748
         673    1.5e+04      2205  2211.8  2211.8     2200     452     452    1748
         674    1.5e+04      2205  2211.8  2211.8     2199     452     452    1747
         675    1.5e+04      2205  2211.8  2211.8     2197     452     452    1745
         676    1.5e+04      2205  2211.8  2211.8     2200     452     452    1748
         677    1.5e+04      2205  2211.8  2211.8     2197     452     452    1745
         678    1.5e+04      2205  2211.8  2211.8     2199     452     452    1747
         679    1.5e+04      2205  2211.8  2211.8     2197     452     452    1745
         680    1.5e+04      2205  2211.8  2211.8     2199     452     452    1747
         681    1.5e+04      2205  2211.8  2211.8     2197     452     452    1745
         682    1.5e+04      2205  2211.8  2211.8     2199     452     452    1747
         683    1.5e+04      2205  2211.8  2211.8     2197     452     452    1745
         684    1.5e+04      2205  2211.8  2211.8     2199     452     452    1747
         685    1.5e+04      2205  2211.8  2211.8     2197     452     452    1745
         686    1.5e+04      2205  2211.8  2211.8     2199     452     452    1747
         687    1.5e+04      2205  2211.8  2211.8     2197     452     452    1745
         688    1.5e+04      2205  2211.8  2211.8     2199     452     452    1747
         689    1.5e+04      2205  2211.8  2211.8     2197     452     452    1745
         690    1.5e+04      2205  2211.8  2211.8     2199     452     452    1747
         691    1.5e+04      2205  2211.8  2211.8     2197     452     452    1745
         692    1.5e+04      2205  2211.8  2211.8     2199     452     452    1747
         693    1.5e+04      2205  2211.8  2211.8     2197     452     452    1745
         694    1.5e+04      2205  2211.8  2211.8     2199     452     452    1747
         695    1.5e+04      2205  2211.8  2211.8     2197     452     452    1745
         696    1.5e+04      2205  2211.8  2211.8     2199     452     452    1747
         697    1.5e+04      2205  2211.8  2211.8     2197     452     452    1745
         698    1.5e+04      2205  2211.8  2211.8     2199     452     452    1747
         699    1.5e+04      2205  2211.8  2211.8     2197     452     452    1745
         700    1.5e+04      2205  2211.8  2211.8     2199     452     452    1747
         701    1.5e+04      2205  2211.8  2211.8     2197     452     452    1745
         702    1.5e+04      2205  2211.8  2211.8     2199     452     452    1747
         703    1.5e+04      2205  2211.8  2211.8     2197     452     452    1745
         704    1.5e+04      2205  2211.8  2211.8     2199     452     452    1747
         705    1.5e+04      2205  2211.8  2211.8     2197     452     452    1745
         706    1.5e+04      2205  2211.8  2211.8     2199     452     452    1747
         707    1.5e+04      2205  2211.8  2211.8     2197     452     452    1745
         708    1.5e+04      2205  2211.8  2211.8     2199     452     452    1747
         709    1.5e+04      2205  2211.8  2211.8     2197     452     452    1745
         710    1.5e+04      2205  2211.8  2211.8     2199     452     452    1747
         711    1.5e+04      2205  2211.8  2211.8     2197     452     452    1745
         712    1.5e+04      2205  2211.8  2211.8     2199     452     452    1747
         713    1.5e+04      2205  2211.8  2211.8     2197     452     452    1745
         714    1.5e+04      2205  2211.8  2211.8     2199     452     452    1747
         715    1.5e+04      2205  2211.8  2211.8     2197     452     452    1745
         716    1.5e+04      2205  2211.8  2211.8     2199     452     452    1747
         717    1.5e+04      2205  2211.8  2211.8     2197     452     452    1745
         718    1.5e+04      2205  2211.8  2211.8     2199     452     452    1747
         719    1.5e+04      2205  2211.8  2211.8     2197     452     452    1745
         720    1.5e+04      2205  2211.8  2211.8     2199     452     452    1747
         721    1.5e+04      2205  2211.8  2211.8     2197     452     452    1745
         722    1.5e+04      2205  2211.8  2211.8     2198     452     452    1746
         723    1.5e+04      2205  2211.8  2211.8     2196     452     452    1744
         724    1.5e+04      2205  2211.8  2211.8     2199     452     452    1747
         725    1.5e+04      2205  2211.8  2211.8     2197     452     452    1745
         726    1.5e+04      2205  2211.8  2211.8     2199     452     452    1747
         727    1.5e+04      2205  2211.8  2211.8     2197     452     452    1745
         728    1.5e+04      2205  2211.8  2211.8     2199     452     452    1747
         729    1.5e+04      2205  2211.8  2211.8     2197     452     452    1745
         730    1.5e+04      2205  2211.8  2211.8     2199     452     452    1747
         731    1.5e+04      2205  2211.8  2211.8     2197     452     452    1745
         732    1.5e+04      2205  2211.8  2211.8     2199     452     452    1747
         733    1.5e+04      2205  2211.8  2211.8     2197     452     452    1745
         734    1.5e+04      2205  2211.8  2211.8     2199     452     452    1747
         735    1.5e+04      2205  2211.8  2211.8     2197     452     452    1745
         736    1.5e+04      2205  2211.8  2211.8     2199     452     452    1747
         737    1.5e+04      2205  2211.8  2211.8     2197     452     452    1745
         738    1.5e+04      2205  2211.8  2211.8     2199     452     452    1747
         739    1.5e+04      2205  2211.8  2211.8     2197     452     452    1745
         740    1.5e+04      2205  2211.8  2211.8     2199     452     452    1747
         741    1.5e+04      2205  2211.8  2211.8     2197     452     452    1745
         742    1.5e+04      2205  2211.8  2211.8     2199     452     452    1747
         743    1.5e+04      2205  2211.8  2211.8     2197     452     452    1745
         744    1.5e+04      2205  2211.8  2211.8     2199     452     452    1747
         745    1.5e+04      2205  2211.8  2211.8     2197     452     452    1745
         746    1.5e+04      2205  2211.8  2211.8     2199     452     452    1747
         747    1.5e+04      2205  2211.8  2211.8     2197     452     452    1745
         748    1.5e+04      2205  2211.8  2211.8     2199     452     452    1747
         749    1.5e+04      2205  2211.8  2211.8     2197     452     452    1745
         750    1.5e+04      2205  2211.8  2211.8     2197     452     452    1745
         751    1.5e+04      2205  2211.8  2211.8     2200     452     452    1748
         752    1.5e+04      2205  2211.8  2211.8     2201     452     452    1749
         753    1.5e+04      2205  2211.8  2211.8     2200     452     452    1748
         754    1.5e+04      2205  2211.8  2211.8     2199     452     452    1747
         755    1.5e+04      2205  2211.8  2211.8     2198     452     452    1746
         756    1.5e+04      2205  2211.8  2211.8     2199     452     452    1747
         757    1.5e+04      2205  2211.8  2211.8     2198     452     452    1746
         758    1.5e+04      2205  2211.8  2211.8     2201     452     452    1749
         759    1.5e+04      2205 2211.79 2211.79     2197     452     452    1745
         760    1.5e+04      2205 2211.79  2211.8     2198     452     452    1746
         761    1.5e+04      2205 2211.79 2211.79     2200     452     452    1748
         762    1.5e+04      2205 2211.79  2211.8     2201     452     452    1749
         763    1.5e+04      2205 2211.79 2211.79     2200     452     452    1748
         764    1.5e+04      2205 2211.79  2211.8     2199     452     452    1747
         765    1.5e+04      2205 2211.79  2211.8     2199     452     452    1747
         766    1.5e+04      2205 2211.79  2211.8     2200     452     452    1748
         767    1.5e+04      2205 2211.79 2211.79     2198     452     452    1746
         768    1.5e+04      2205 2211.79  2211.8     2199     452     452    1747
         769    1.5e+04      2205 2211.79 2211.79     2197     452     452    1745
         770    1.5e+04      2205 2211.79  2211.8     2199     452     452    1747
         771    1.5e+04      2205 2211.79 2211.79     2197     452     452    1745
         772    1.5e+04      2205 2211.79  2211.8     2199     452     452    1747
         773    1.5e+04      2205 2211.79 2211.79     2197     452     452    1745
         774    1.5e+04      2205 2211.79  2211.8     2199     452     452    1747
         775    1.5e+04      2205 2211.79 2211.79     2197     452     452    1745
         776    1.5e+04      2205 2211.79  2211.8     2199     452     452    1747
         777    1.5e+04      2205 2211.79 2211.79     2197     452     452    1745
         778    1.5e+04      2205 2211.79  2211.8     2199     452     452    1747
         779    1.5e+04      2205 2211.79 2211.79     2197     452     452    1745
         780    1.5e+04      2205 2211.79  2211.8     2199     452     452    1747
         781    1.5e+04      2205 2211.79 2211.79     2197     452     452    1745
         782    1.5e+04      2205 2211.79  2211.8     2199     452     452    1747
         783    1.5e+04      2205 2211.79 2211.79     2197     452     452    1745
         784    1.5e+04      2205 2211.79  2211.8     2199     452     452    1747
         785    1.5e+04      2205 2211.79 2211.79     2197     452     452    1745
         786    1.5e+04      2205 2211.79  2211.8     2199     452     452    1747
               reducing step to 0.000390625
         787    1.5e+04      2205 2211.78 2211.78     2199     452     452    1747
         788    1.5e+04      2205 2211.77 2211.77     2204     452     452    1752
         789    1.5e+04      2205 2211.77 2211.77     2203     452     452    1751
         790    1.5e+04      2205 2211.77 2211.77     2204     452     452    1752
         791    1.5e+04      2205 2211.77 2211.77     2204     452     452    1752
         792    1.5e+04      2205 2211.77 2211.77     2201     452     452    1749
         793    1.5e+04      2205 2211.77 2211.77     2203     452     452    1751
         794    1.5e+04      2205 2211.77 2211.77     2202     452     452    1750
         795    1.5e+04      2205 2211.77 2211.77     2202     452     452    1750
         796    1.5e+04      2205 2211.77 2211.77     2202     452     452    1750
         797    1.5e+04      2205 2211.77 2211.77     2203     452     452    1751
         798    1.5e+04      2205 2211.76 2211.76     2199     452     452    1747
         799    1.5e+04      2205 2211.76 2211.77     2202     452     452    1750
         800    1.5e+04      2205 2211.76 2211.77     2201     452     452    1749
         801    1.5e+04      2205 2211.76 2211.77     2199     452     452    1747
         802    1.5e+04      2205 2211.76 2211.76     2200     452     452    1748
         803    1.5e+04      2205 2211.76 2211.77     2200     452     452    1748
         804    1.5e+04      2205 2211.76 2211.76     2200     452     452    1748
         805    1.5e+04      2205 2211.76 2211.77     2202     452     452    1750
         806    1.5e+04      2205 2211.76 2211.76     2200     452     452    1748
         807    1.5e+04      2205 2211.76 2211.77     2202     452     452    1750
         808    1.5e+04      2205 2211.76 2211.76     2200     452     452    1748
         809    1.5e+04      2205 2211.76 2211.77     2202     452     452    1750
         810    1.5e+04      2205 2211.76 2211.76     2199     452     452    1747
         811    1.5e+04      2205 2211.76 2211.77     2200     452     452    1748
         812    1.5e+04      2205 2211.76 2211.76     2197     452     452    1745
         813    1.5e+04      2205 2211.76 2211.77     2201     452     452    1749
         814    1.5e+04      2205 2211.76 2211.76     2198     452     452    1746
         815    1.5e+04      2205 2211.76 2211.77     2201     452     452    1749
         816    1.5e+04      2205 2211.76 2211.76     2197     452     452    1745
         817    1.5e+04      2205 2211.76 2211.77     2200     452     452    1748
         818    1.5e+04      2205 2211.76 2211.76     2197     452     452    1745
         819    1.5e+04      2205 2211.76 2211.77     2200     452     452    1748
         820    1.5e+04      2205 2211.76 2211.76     2197     452     452    1745
         821    1.5e+04      2205 2211.76 2211.77     2200     452     452    1748
         822    1.5e+04      2205 2211.76 2211.76     2197     452     452    1745
         823    1.5e+04      2205 2211.76 2211.77     2200     452     452    1748
         824    1.5e+04      2205 2211.76 2211.76     2197     452     452    1745
         825    1.5e+04      2205 2211.76 2211.77     2200     452     452    1748
         826    1.5e+04      2205 2211.76 2211.76     2197     452     452    1745
         827    1.5e+04      2205 2211.76 2211.77     2200     452     452    1748
         828    1.5e+04      2205 2211.76 2211.76     2197     452     452    1745
         829    1.5e+04      2205 2211.76 2211.77     2200     452     452    1748
         830    1.5e+04      2205 2211.76 2211.76     2197     452     452    1745
         831    1.5e+04      2205 2211.76 2211.77     2200     452     452    1748
         832    1.5e+04      2205 2211.76 2211.76     2197     452     452    1745
         833    1.5e+04      2205 2211.76 2211.77     2200     452     452    1748
         834    1.5e+04      2205 2211.76 2211.76     2197     452     452    1745
         835    1.5e+04      2205 2211.76 2211.77     2200     452     452    1748
               reducing step to 0.000195313
         836    1.5e+04      2205 2211.76 2211.76     2203     452     452    1751
         837    1.5e+04      2205 2211.75 2211.75     2203     452     452    1751
         838    1.5e+04      2205 2211.75 2211.75     2203     452     452    1751
         839    1.5e+04      2205 2211.75 2211.75     2201     452     452    1749
         840    1.5e+04      2205 2211.75 2211.75     2203     452     452    1751
         841    1.5e+04      2205 2211.75 2211.75     2202     452     452    1750
         842    1.5e+04      2205 2211.75 2211.75     2201     452     452    1749
         843    1.5e+04      2205 2211.75 2211.75     2201     452     452    1749
         844    1.5e+04      2205 2211.75 2211.75     2201     452     452    1749
         845    1.5e+04      2205 2211.75 2211.75     2201     452     452    1749
         846    1.5e+04      2205 2211.75 2211.75     2200     452     452    1748
         847    1.5e+04      2205 2211.75 2211.75     2202     452     452    1750
         848    1.5e+04      2205 2211.75 2211.75     2198     452     452    1746
         849    1.5e+04      2205 2211.75 2211.75     2199     452     452    1747
         850    1.5e+04      2205 2211.75 2211.75     2198     452     452    1746
         851    1.5e+04      2205 2211.75 2211.75     2200     452     452    1748
         852    1.5e+04      2205 2211.75 2211.75     2198     452     452    1746
         853    1.5e+04      2205 2211.75 2211.75     2200     452     452    1748
         854    1.5e+04      2205 2211.75 2211.75     2198     452     452    1746
         855    1.5e+04      2205 2211.75 2211.75     2200     452     452    1748
         856    1.5e+04      2205 2211.75 2211.75     2198     452     452    1746
         857    1.5e+04      2205 2211.75 2211.75     2200     452     452    1748
         858    1.5e+04      2205 2211.75 2211.75     2199     452     452    1747
         859    1.5e+04      2205 2211.75 2211.75     2200     452     452    1748
         860    1.5e+04      2205 2211.75 2211.75     2198     452     452    1746
         861    1.5e+04      2205 2211.75 2211.75     2199     452     452    1747
         862    1.5e+04      2205 2211.75 2211.75     2199     452     452    1747
         863    1.5e+04      2205 2211.75 2211.75     2199     452     452    1747
         864    1.5e+04      2205 2211.75 2211.75     2198     452     452    1746
         865    1.5e+04      2205 2211.75 2211.75     2199     452     452    1747
         866    1.5e+04      2205 2211.75 2211.75     2198     452     452    1746
         867    1.5e+04      2205 2211.75 2211.75     2199     452     452    1747
         868    1.5e+04      2205 2211.75 2211.75     2198     452     452    1746
         869    1.5e+04      2205 2211.75 2211.75     2199     452     452    1747
         870    1.5e+04      2205 2211.75 2211.75     2198     452     452    1746
         871    1.5e+04      2205 2211.75 2211.75     2199     452     452    1747
         872    1.5e+04      2205 2211.75 2211.75     2198     452     452    1746
         873    1.5e+04      2205 2211.75 2211.75     2199     452     452    1747
         874    1.5e+04      2205 2211.75 2211.75     2198     452     452    1746
         875    1.5e+04      2205 2211.75 2211.75     2199     452     452    1747
         876    1.5e+04      2205 2211.75 2211.75     2198     452     452    1746
         877    1.5e+04      2205 2211.75 2211.75     2199     452     452    1747
         878    1.5e+04      2205 2211.75 2211.75     2198     452     452    1746
         879    1.5e+04      2205 2211.75 2211.75     2199     452     452    1747
         880    1.5e+04      2205 2211.75 2211.75     2198     452     452    1746
         881    1.5e+04      2205 2211.75 2211.75     2199     452     452    1747
         882    1.5e+04      2205 2211.75 2211.75     2198     452     452    1746
         883    1.5e+04      2205 2211.75 2211.75     2199     452     452    1747
         884    1.5e+04      2205 2211.75 2211.75     2198     452     452    1746
         885    1.5e+04      2205 2211.75 2211.75     2199     452     452    1747
         886    1.5e+04      2205 2211.75 2211.75     2198     452     452    1746
         887    1.5e+04      2205 2211.75 2211.75     2199     452     452    1747
         888    1.5e+04      2205 2211.75 2211.75     2198     452     452    1746
         889    1.5e+04      2205 2211.75 2211.75     2199     452     452    1747
         890    1.5e+04      2205 2211.75 2211.75     2198     452     452    1746
         891    1.5e+04      2205 2211.75 2211.75     2199     452     452    1747
         892    1.5e+04      2205 2211.75 2211.75     2198     452     452    1746
         893    1.5e+04      2205 2211.75 2211.75     2199     452     452    1747
         894    1.5e+04      2205 2211.75 2211.75     2198     452     452    1746
         895    1.5e+04      2205 2211.75 2211.75     2199     452     452    1747
         896    1.5e+04      2205 2211.75 2211.75     2198     452     452    1746
         897    1.5e+04      2205 2211.75 2211.75     2199     452     452    1747
         898    1.5e+04      2205 2211.75 2211.75     2198     452     452    1746
         899    1.5e+04      2205 2211.75 2211.75     2199     452     452    1747
         900    1.5e+04      2205 2211.75 2211.75     2198     452     452    1746
         901    1.5e+04      2205 2211.75 2211.75     2199     452     452    1747
         902    1.5e+04      2205 2211.75 2211.75     2198     452     452    1746
         903    1.5e+04      2205 2211.75 2211.75     2199     452     452    1747
         904    1.5e+04      2205 2211.75 2211.75     2198     452     452    1746
         905    1.5e+04      2205 2211.75 2211.75     2199     452     452    1747
         906    1.5e+04      2205 2211.75 2211.75     2198     452     452    1746
         907    1.5e+04      2205 2211.75 2211.75     2199     452     452    1747
         908    1.5e+04      2205 2211.75 2211.75     2198     452     452    1746
         909    1.5e+04      2205 2211.75 2211.75     2199     452     452    1747
         910    1.5e+04      2205 2211.75 2211.75     2198     452     452    1746
               reducing step to 9.76563e-05
         911    1.5e+04      2205 2211.75 2211.75     2204     452     452    1752
         912    1.5e+04      2205 2211.75 2211.75     2205     452     452    1753
         913    1.5e+04      2205 2211.75 2211.75     2202     452     452    1750
         914    1.5e+04      2205 2211.75 2211.75     2202     452     452    1750
         915    1.5e+04      2205 2211.75 2211.75     2201     452     452    1749
         916    1.5e+04      2205 2211.75 2211.75     2202     452     452    1750
         917    1.5e+04      2205 2211.75 2211.75     2201     452     452    1749
         918    1.5e+04      2205 2211.75 2211.75     2201     452     452    1749
         919    1.5e+04      2205 2211.75 2211.75     2202     452     452    1750
         920    1.5e+04      2205 2211.75 2211.75     2197     452     452    1745
         921    1.5e+04      2205 2211.75 2211.75     2202     452     452    1750
         922    1.5e+04      2205 2211.75 2211.75     2199     452     452    1747
         923    1.5e+04      2205 2211.75 2211.75     2203     452     452    1751
         924    1.5e+04      2205 2211.75 2211.75     2200     452     452    1748
         925    1.5e+04      2205 2211.75 2211.75     2203     452     452    1751
         926    1.5e+04      2205 2211.75 2211.75     2200     452     452    1748
         927    1.5e+04      2205 2211.75 2211.75     2202     452     452    1750
         928    1.5e+04      2205 2211.75 2211.75     2199     452     452    1747
         929    1.5e+04      2205 2211.75 2211.75     2202     452     452    1750
         930    1.5e+04      2205 2211.75 2211.75     2199     452     452    1747
         931    1.5e+04      2205 2211.75 2211.75     2202     452     452    1750
         932    1.5e+04      2205 2211.75 2211.75     2199     452     452    1747
         933    1.5e+04      2205 2211.75 2211.75     2202     452     452    1750
         934    1.5e+04      2205 2211.75 2211.75     2201     452     452    1749
         935    1.5e+04      2205 2211.75 2211.75     2199     452     452    1747
         936    1.5e+04      2205 2211.75 2211.75     2198     452     452    1746
         937    1.5e+04      2205 2211.75 2211.75     2200     452     452    1748
         938    1.5e+04      2205 2211.75 2211.75     2198     452     452    1746
         939    1.5e+04      2205 2211.75 2211.75     2199     452     452    1747
         940    1.5e+04      2205 2211.75 2211.75     2198     452     452    1746
         941    1.5e+04      2205 2211.75 2211.75     2199     452     452    1747
         942    1.5e+04      2205 2211.75 2211.75     2198     452     452    1746
         943    1.5e+04      2205 2211.75 2211.75     2199     452     452    1747
         944    1.5e+04      2205 2211.75 2211.75     2198     452     452    1746
         945    1.5e+04      2205 2211.75 2211.75     2199     452     452    1747
         946    1.5e+04      2205 2211.75 2211.75     2198     452     452    1746
         947    1.5e+04      2205 2211.75 2211.75     2199     452     452    1747
         948    1.5e+04      2205 2211.75 2211.75     2198     452     452    1746
         949    1.5e+04      2205 2211.75 2211.75     2199     452     452    1747
         950    1.5e+04      2205 2211.75 2211.75     2198     452     452    1746
         951    1.5e+04      2205 2211.75 2211.75     2199     452     452    1747
         952    1.5e+04      2205 2211.75 2211.75     2198     452     452    1746
         953    1.5e+04      2205 2211.75 2211.75     2199     452     452    1747
         954    1.5e+04      2205 2211.75 2211.75     2198     452     452    1746
         955    1.5e+04      2205 2211.75 2211.75     2199     452     452    1747
         956    1.5e+04      2205 2211.75 2211.75     2198     452     452    1746
         957    1.5e+04      2205 2211.75 2211.75     2199     452     452    1747
         958    1.5e+04      2205 2211.75 2211.75     2198     452     452    1746
         959    1.5e+04      2205 2211.75 2211.75     2199     452     452    1747
               reducing step to 4.88281e-05
         960    1.5e+04      2205 2211.74 2211.74     2205     452     452    1753
         961    1.5e+04      2205 2211.74 2211.74     2204     452     452    1752
         962    1.5e+04      2205 2211.74 2211.74     2203     452     452    1751
         963    1.5e+04      2205 2211.74 2211.74     2202     452     452    1750
         964    1.5e+04      2205 2211.74 2211.74     2203     452     452    1751
         965    1.5e+04      2205 2211.74 2211.74     2203     452     452    1751
         966    1.5e+04      2205 2211.74 2211.74     2203     452     452    1751
         967    1.5e+04      2205 2211.74 2211.74     2202     452     452    1750
         968    1.5e+04      2205 2211.74 2211.74     2201     452     452    1749
         969    1.5e+04      2205 2211.74 2211.74     2202     452     452    1750
         970    1.5e+04      2205 2211.74 2211.74     2200     452     452    1748
         971    1.5e+04      2205 2211.74 2211.74     2201     452     452    1749
         972    1.5e+04      2205 2211.74 2211.74     2202     452     452    1750
         973    1.5e+04      2205 2211.74 2211.74     2202     452     452    1750
         974    1.5e+04      2205 2211.74 2211.74     2202     452     452    1750
         975    1.5e+04      2205 2211.74 2211.74     2202     452     452    1750
         976    1.5e+04      2205 2211.74 2211.74     2202     452     452    1750
         977    1.5e+04      2205 2211.74 2211.74     2203     452     452    1751
         978    1.5e+04      2205 2211.74 2211.74     2202     452     452    1750
         979    1.5e+04      2205 2211.74 2211.74     2202     452     452    1750
         980    1.5e+04      2205 2211.74 2211.74     2202     452     452    1750
         981    1.5e+04      2205 2211.74 2211.74     2201     452     452    1749
         982    1.5e+04      2205 2211.74 2211.74     2202     452     452    1750
         983    1.5e+04      2205 2211.74 2211.74     2203     452     452    1751
         984    1.5e+04      2205 2211.74 2211.74     2198     452     452    1746
         985    1.5e+04      2205 2211.74 2211.74     2200     452     452    1748
         986    1.5e+04      2205 2211.74 2211.74     2199     452     452    1747
         987    1.5e+04      2205 2211.74 2211.74     2199     452     452    1747
         988    1.5e+04      2205 2211.74 2211.74     2198     452     452    1746
         989    1.5e+04      2205 2211.74 2211.74     2199     452     452    1747
         990    1.5e+04      2205 2211.74 2211.74     2198     452     452    1746
         991    1.5e+04      2205 2211.74 2211.74     2199     452     452    1747
         992    1.5e+04      2205 2211.74 2211.74     2198     452     452    1746
         993    1.5e+04      2205 2211.74 2211.74     2199     452     452    1747
         994    1.5e+04      2205 2211.74 2211.74     2198     452     452    1746
         995    1.5e+04      2205 2211.74 2211.74     2199     452     452    1747
         996    1.5e+04      2205 2211.74 2211.74     2198     452     452    1746
         997    1.5e+04      2205 2211.74 2211.74     2199     452     452    1747
         998    1.5e+04      2205 2211.74 2211.74     2198     452     452    1746
         999    1.5e+04      2205 2211.74 2211.74     2199     452     452    1747
        1000    1.5e+04      2205 2211.74 2211.74     2198     452     452    1746
Total time used by klau is 42.02
true_align (1135) and est_align (452) DO NOT have the same number of elements.
method klau has a score of 26.96%
method klau used 42.022 seconds.
maximum values in init align row is:  1134
maximum values in init align col is:  1131
 best   iter   pr-delta       obj  weight    card overlap
    *      1    5.0e-01      1472     458     458    1243
    *      2    1.4e-01      1560     458     458    1331
           3    5.1e-02      1559     458     458    1330
    *      4    2.1e-02      1569     458     458    1340
    *      5    9.1e-03      1572     458     458    1343
           6    4.4e-03      1569     458     458    1340
           7    2.2e-03      1572     458     458    1343
    *      8    1.2e-03      1579     458     458    1350
           9    6.6e-04      1579     458     458    1350
          10    3.7e-04      1579     458     458    1350
          11    2.1e-04      1579     458     458    1350
          12    1.2e-04      1579     458     458    1350
          13    7.2e-05      1579     458     458    1350
          14    4.3e-05      1579     458     458    1350
          15    2.6e-05      1579     458     458    1350
          16    1.5e-05      1579     458     458    1350
          17    9.4e-06      1579     458     458    1350
          18    5.8e-06      1579     458     458    1350
          19    3.5e-06      1579     458     458    1350
          20    2.2e-06      1579     458     458    1350
          21    1.4e-06      1579     458     458    1350
          22    8.5e-07      1579     458     458    1350
          23    5.3e-07      1579     458     458    1350
          24    3.4e-07      1579     458     458    1350
          25    2.1e-07      1579     458     458    1350
          26    1.3e-07      1579     458     458    1350
          27    8.6e-08      1579     458     458    1350
          28    5.5e-08      1579     458     458    1350
          29    3.5e-08      1579     458     458    1350
          30    2.3e-08      1579     458     458    1350
          31    1.4e-08      1579     458     458    1350
          32    9.3e-09      1579     458     458    1350
          33    6.0e-09      1579     458     458    1350
          34    3.9e-09      1579     458     458    1350
          35    2.5e-09      1579     458     458    1350
          36    1.7e-09      1579     458     458    1350
          37    1.1e-09      1579     458     458    1350
          38    7.0e-10      1579     458     458    1350
          39    4.6e-10      1579     458     458    1350
          40    3.0e-10      1579     458     458    1350
          41    2.0e-10      1579     458     458    1350
          42    1.3e-10      1579     458     458    1350
          43    8.5e-11      1579     458     458    1350
          44    5.6e-11      1579     458     458    1350
          45    3.7e-11      1579     458     458    1350
          46    2.4e-11      1579     458     458    1350
          47    1.6e-11      1579     458     458    1350
          48    1.1e-11      1579     458     458    1350
          49    7.0e-12      1579     458     458    1350
          50    4.6e-12      1579     458     458    1350
          51    3.0e-12      1579     458     458    1350
          52    2.0e-12      1579     458     458    1350
          53    1.3e-12      1579     458     458    1350
          54    8.8e-13      1579     458     458    1350
Total time used by isorank is 0.67
true_align (1135) and est_align (458) DO NOT have the same number of elements.
method isorank has a score of 8.19%
method isorank used 0.666 seconds.
experiment results:
     method      score       time
0     final  29.339207   3.673894
1  netalign  26.960352   1.819394
2      klau  26.960352  42.022093
3   isorank   8.193833   0.665769
