Permutation sanity check error is 196.0.
Permutation sanity check error is 21444.0.
num_init for this graph is 10
Generating initial alignment matrix using degree ...
mode is  degree
number of noisy edges are:  10
Average number of initial alignments for each node is 20
maximum values in init align row is:  1134
maximum values in init align col is:  1132
Recovering sparse matrix L took 0.00 sec.
Time for degree: 0.01 sec
iteration 1
Time for iteration 1: 0.19 sec, diff = 0.59043
iteration 2
Time for iteration 2: 0.22 sec, diff = 0.06593
iteration 3
Time for iteration 3: 0.15 sec, diff = 0.01903
iteration 4
Time for iteration 4: 0.14 sec, diff = 0.00776
iteration 5
Time for iteration 5: 0.15 sec, diff = 0.00380
iteration 6
Time for iteration 6: 0.13 sec, diff = 0.00208
iteration 7
Time for iteration 7: 0.14 sec, diff = 0.00121
iteration 8
Time for iteration 8: 0.13 sec, diff = 0.00074
iteration 9
Time for iteration 9: 0.14 sec, diff = 0.00047
iteration 10
Time for iteration 10: 0.14 sec, diff = 0.00030
iteration 11
Time for iteration 11: 0.13 sec, diff = 0.00020
iteration 12
Time for iteration 12: 0.14 sec, diff = 0.00013
iteration 13
Time for iteration 13: 0.14 sec, diff = 0.00009
iteration 14
Time for iteration 14: 0.13 sec, diff = 0.00006
iteration 15
Time for iteration 15: 0.14 sec, diff = 0.00004
iteration 16
Time for iteration 16: 0.13 sec, diff = 0.00003
iteration 17
Time for iteration 17: 0.14 sec, diff = 0.00002
iteration 18
Time for iteration 18: 0.13 sec, diff = 0.00001
iteration 19
Time for iteration 19: 0.14 sec, diff = 0.00001
iteration 20
Time for iteration 20: 0.14 sec, diff = 0.00001
Total time used by final is 3.16 sec.
true_align and est_align have the same number of elements.
method final has a score of 29.07%
method final used 3.158 seconds.
maximum values in init align row is:  1134
maximum values in init align col is:  1132
best   iter    obj_ma wght_ma card_ma over_ma    obj_mb wght_mb card_mb over_mb
  *a      1      1823     470     470    1353      1823     470     470    1353
          2       682     326     326     356       924     365     365     559
          3       998     440     440     558       778     342     342     436
          4       652     372     372     280       713     369     369     344
          5      1800     467     467    1333      1750     445     445    1305
  *b      6      2038     468     468    1570      2050     446     446    1604
          7      1725     440     440    1285      1883     432     432    1451
          8       629     358     358     271       426     188     188     238
          9       938     376     376     562       749     281     281     468
         10      1872     469     469    1403      1836     451     451    1385
  *a     11      2173     467     467    1706      2162     456     456    1706
  *a     12      2188     461     461    1727      2162     435     435    1727
         13      2060     452     452    1608      2115     427     427    1688
  *a     14      2231     459     459    1772      1973     376     376    1597
  *a     15      2297     465     465    1832      2241     442     442    1799
  *a     16      2304     464     464    1840      2300     458     458    1842
  *a     17      2308     464     464    1844      2299     455     455    1844
  *a     18      2318     464     464    1854      2299     452     452    1847
         19      2318     463     463    1855      2302     454     454    1848
  *a     20      2319     463     463    1856      2315     461     461    1854
  *a     21      2321     464     464    1857      2320     463     463    1857
  *a     22      2322     464     464    1858      2322     463     463    1859
         23      2322     464     464    1858      2315     459     459    1856
  *a     24      2324     464     464    1860      2310     456     456    1854
         25      2324     464     464    1860      2314     458     458    1856
         26      2324     464     464    1860      2313     459     459    1854
         27      2324     464     464    1860      2321     463     463    1858
         28      2324     464     464    1860      2324     464     464    1860
         29      2324     464     464    1860      2321     462     462    1859
         30      2324     464     464    1860      2320     461     461    1859
         31      2324     464     464    1860      2315     458     458    1857
         32      2324     464     464    1860      2316     460     460    1856
         33      2324     464     464    1860      2321     463     463    1858
         34      2324     464     464    1860      2324     464     464    1860
         35      2324     464     464    1860      2324     464     464    1860
         36      2324     464     464    1860      2324     464     464    1860
         37      2324     464     464    1860      2321     462     462    1859
         38      2323     464     464    1859      2318     460     460    1858
         39      2323     464     464    1859      2318     460     460    1858
         40      2323     464     464    1859      2321     462     462    1859
         41      2323     464     464    1859      2323     464     464    1859
         42      2323     464     464    1859      2323     464     464    1859
         43      2323     464     464    1859      2323     464     464    1859
         44      2323     464     464    1859      2323     464     464    1859
         45      2323     464     464    1859      2320     463     463    1857
         46      2323     464     464    1859      2315     462     462    1853
         47      2323     464     464    1859      2320     463     463    1857
         48      2323     464     464    1859      2320     463     463    1857
         49      2323     464     464    1859      2320     463     463    1857
         50      2323     464     464    1859      2323     464     464    1859
         51      2323     464     464    1859      2323     464     464    1859
         52      2323     464     464    1859      2323     464     464    1859
         53      2324     464     464    1860      2319     462     462    1857
         54      2324     464     464    1860      2320     462     462    1858
         55      2324     464     464    1860      2317     461     461    1856
         56      2324     464     464    1860      2317     461     461    1856
         57      2324     464     464    1860      2319     462     462    1857
         58      2324     464     464    1860      2321     463     463    1858
         59      2324     464     464    1860      2324     464     464    1860
         60      2324     464     464    1860      2324     464     464    1860
         61      2324     464     464    1860      2324     464     464    1860
         62      2324     464     464    1860      2324     464     464    1860
         63      2324     464     464    1860      2322     463     463    1859
         64      2324     464     464    1860      2319     462     462    1857
         65      2324     464     464    1860      2322     463     463    1859
         66      2324     464     464    1860      2322     463     463    1859
         67      2324     464     464    1860      2322     463     463    1859
         68      2324     464     464    1860      2324     464     464    1860
         69      2324     464     464    1860      2322     463     463    1859
         70      2324     464     464    1860      2322     463     463    1859
         71      2324     464     464    1860      2322     463     463    1859
         72      2324     464     464    1860      2324     464     464    1860
         73      2324     464     464    1860      2324     464     464    1860
         74      2324     464     464    1860      2324     464     464    1860
         75      2324     464     464    1860      2324     464     464    1860
         76      2324     464     464    1860      2321     463     463    1858
         77      2324     464     464    1860      2324     464     464    1860
         78      2324     464     464    1860      2324     464     464    1860
         79      2324     464     464    1860      2324     464     464    1860
         80      2324     464     464    1860      2324     464     464    1860
         81      2324     464     464    1860      2324     464     464    1860
         82      2324     464     464    1860      2324     464     464    1860
         83      2324     464     464    1860      2324     464     464    1860
         84      2324     464     464    1860      2324     464     464    1860
         85      2324     464     464    1860      2324     464     464    1860
         86      2324     464     464    1860      2324     464     464    1860
         87      2324     464     464    1860      2324     464     464    1860
         88      2324     464     464    1860      2324     464     464    1860
         89      2324     464     464    1860      2324     464     464    1860
         90      2324     464     464    1860      2324     464     464    1860
         91      2324     464     464    1860      2324     464     464    1860
         92      2324     464     464    1860      2324     464     464    1860
         93      2324     464     464    1860      2324     464     464    1860
         94      2324     464     464    1860      2324     464     464    1860
         95      2324     464     464    1860      2324     464     464    1860
         96      2324     464     464    1860      2324     464     464    1860
         97      2324     464     464    1860      2324     464     464    1860
         98      2324     464     464    1860      2324     464     464    1860
         99      2324     464     464    1860      2324     464     464    1860
        100      2324     464     464    1860      2324     464     464    1860
Total time used by netalign is 1.86
true_align (1135) and est_align (464) DO NOT have the same number of elements.
method netalign has a score of 27.14%
method netalign used 1.860 seconds.
maximum values in init align row is:  1134
maximum values in init align col is:  1132
 best   iter     norm-u     lower   upper     cur      obj  weight    card overlap
    *      1    0.0e+00      1921  2618.5  2618.5     1921     470     470    1451
           2    1.3e+03      1921  2618.5  2802.9     1657     470     470    1187
           3    1.9e+03      1921  2618.5  2726.9     1436     470     470     966
           4    2.6e+03      1921  2618.5  2737.4     1323     470     470     853
           5    3.1e+03      1921  2618.5  2722.1     1293     470     470     823
           6    3.6e+03      1921  2618.5  2704.1     1232     470     470     762
           7    4.0e+03      1921  2618.5  2731.9     1140     470     470     670
           8    4.4e+03      1921  2618.5  2705.9     1204     470     470     734
           9    4.8e+03      1921  2618.5  2709.8     1068     470     470     598
          10    5.2e+03      1921  2618.5  2694.2     1073     470     470     603
          11    5.6e+03      1921  2618.5  2686.2     1133     470     470     663
          12    5.9e+03      1921  2618.5    2692     1083     470     470     613
          13    6.2e+03      1921  2618.5  2696.2     1070     470     470     600
          14    6.5e+03      1921  2618.5  2675.1     1006     470     470     536
          15    6.8e+03      1921  2618.5  2693.6     1049     470     470     579
          16    7.1e+03      1921  2618.5  2674.1     1025     470     470     555
          17    7.3e+03      1921  2618.5  2681.9     1039     470     470     569
          18    7.6e+03      1921  2618.5  2686.2     1020     470     470     550
          19    7.8e+03      1921  2618.5  2669.2     1103     470     470     633
          20    8.0e+03      1921  2618.5  2668.6     1036     470     470     566
          21    8.3e+03      1921  2618.5  2662.3     1057     470     470     587
          22    8.5e+03      1921  2618.5  2666.5     1024     470     470     554
          23    8.7e+03      1921  2618.5  2658.8     1118     470     470     648
          24    8.9e+03      1921  2618.5  2676.6     1007     470     470     537
          25    9.1e+03      1921  2618.5  2660.8     1026     470     470     556
          26    9.3e+03      1921  2618.5  2666.8     1049     470     470     579
               reducing step to 0.2
          27    9.4e+03      1921  2550.2  2550.2     1013     470     470     543
          28    9.5e+03      1921    2548    2548     1007     470     470     537
          29    9.5e+03      1921  2505.9  2505.9     1043     470     470     573
          30    9.6e+03      1921  2505.9    2506     1053     470     470     583
          31    9.7e+03      1921  2497.2  2497.2     1135     470     470     665
          32    9.8e+03      1921  2495.2  2495.2     1103     470     470     633
          33    9.8e+03      1921  2483.6  2483.6     1164     470     470     694
          34    9.9e+03      1921  2478.5  2478.5     1090     470     470     620
          35    1.0e+04      1921  2478.5  2481.3     1127     470     470     657
          36    1.0e+04      1921  2464.8  2464.8     1136     470     470     666
          37    1.0e+04      1921  2464.8  2480.9     1155     470     470     685
          38    1.0e+04      1921  2457.2  2457.2     1210     470     470     740
          39    1.0e+04      1921  2457.2  2474.8     1073     470     470     603
          40    1.0e+04      1921  2456.5  2456.5     1229     470     470     759
          41    1.0e+04      1921  2456.5  2456.8     1141     470     470     671
          42    1.0e+04      1921  2456.5  2467.7     1186     470     470     716
          43    1.0e+04      1921  2443.6  2443.6     1203     470     470     733
          44    1.0e+04      1921  2443.6  2462.8     1276     470     470     806
          45    1.1e+04      1921  2443.6  2443.8     1290     470     470     820
          46    1.1e+04      1921  2443.6    2453     1220     470     470     750
          47    1.1e+04      1921  2440.6  2440.6     1190     470     470     720
          48    1.1e+04      1921  2440.6  2444.1     1209     470     470     739
          49    1.1e+04      1921  2438.8  2438.8     1222     470     470     752
          50    1.1e+04      1921  2438.8  2447.7     1255     470     470     785
          51    1.1e+04      1921  2434.9  2434.9     1391     470     470     921
          52    1.1e+04      1921  2427.5  2427.5     1317     469     469     848
          53    1.1e+04      1921  2427.5  2434.2     1337     469     469     868
          54    1.1e+04      1921  2427.5  2432.7     1299     469     469     830
          55    1.1e+04      1921  2427.5  2440.1     1257     469     469     788
          56    1.1e+04      1921  2427.5  2435.5     1322     470     470     852
          57    1.1e+04      1921  2427.5  2428.3     1380     469     469     911
          58    1.1e+04      1921  2425.8  2425.8     1325     470     470     855
          59    1.1e+04      1921  2425.8    2427     1382     470     470     912
          60    1.1e+04      1921  2421.8  2421.8     1443     470     470     973
          61    1.1e+04      1921  2421.8  2429.2     1390     469     469     921
          62    1.1e+04      1921  2421.8  2428.4     1368     469     469     899
          63    1.1e+04      1921  2421.8  2422.7     1569     469     469    1100
          64    1.1e+04      1921    2404    2404     1414     468     468     946
          65    1.1e+04      1921    2404  2424.2     1288     468     468     820
          66    1.1e+04      1921    2404  2418.3     1421     469     469     952
          67    1.1e+04      1921    2404  2412.4     1405     468     468     937
          68    1.1e+04      1921    2404  2419.2     1287     469     469     818
          69    1.1e+04      1921    2404  2423.4     1330     469     469     861
          70    1.2e+04      1921    2404  2414.2     1387     469     469     918
          71    1.2e+04      1921    2404  2416.1     1411     469     469     942
          72    1.2e+04      1921    2404  2415.3     1564     469     469    1095
          73    1.2e+04      1921    2404  2404.5     1548     469     469    1079
          74    1.2e+04      1921    2404  2415.4     1418     470     470     948
          75    1.2e+04      1921    2404  2414.2     1424     468     468     956
          76    1.2e+04      1921    2404  2408.8     1429     468     468     961
          77    1.2e+04      1921    2404  2415.2     1379     470     470     909
          78    1.2e+04      1921    2404  2410.7     1394     470     470     924
          79    1.2e+04      1921    2404  2408.4     1502     469     469    1033
          80    1.2e+04      1921    2404  2405.9     1532     469     469    1063
          81    1.2e+04      1921    2404  2406.4     1406     468     468     938
          82    1.2e+04      1921    2404  2410.7     1442     470     470     972
          83    1.2e+04      1921    2404  2407.5     1444     468     468     976
          84    1.2e+04      1921    2404  2408.9     1409     468     468     941
          85    1.2e+04      1921    2404  2410.1     1355     470     470     885
          86    1.2e+04      1921    2404  2408.9     1498     467     467    1031
          87    1.2e+04      1921  2401.6  2401.6     1473     469     469    1004
          88    1.2e+04      1921  2401.6  2407.9     1378     469     469     909
          89    1.2e+04      1921  2401.6    2411     1508     470     470    1038
          90    1.2e+04      1921  2399.7  2399.7     1649     468     468    1181
          91    1.2e+04      1921  2397.1  2397.1     1499     467     467    1032
          92    1.2e+04      1921  2397.1  2404.3     1415     468     468     947
          93    1.2e+04      1921  2397.1  2407.5     1452     470     470     982
          94    1.2e+04      1921  2397.1  2400.5     1615     469     469    1146
          95    1.2e+04      1921    2392    2392     1709     468     468    1241
          96    1.2e+04      1921    2392  2398.9     1530     468     468    1062
          97    1.2e+04      1921    2392  2401.7     1520     467     467    1053
          98    1.2e+04      1921    2392  2394.2     1626     469     469    1157
          99    1.2e+04      1921    2392  2395.7     1560     468     468    1092
         100    1.2e+04      1921    2392  2402.1     1510     468     468    1042
         101    1.2e+04      1921    2392    2394     1645     469     469    1176
         102    1.2e+04      1921    2392  2392.7     1508     467     467    1041
         103    1.3e+04      1921    2392  2404.2     1531     467     467    1064
         104    1.3e+04      1921  2391.4  2391.4     1569     468     468    1101
         105    1.3e+04      1921  2391.4  2401.2     1507     466     466    1041
         106    1.3e+04      1921  2391.4  2394.3     1512     470     470    1042
         107    1.3e+04      1921  2391.4  2392.6     1549     467     467    1082
         108    1.3e+04      1921  2391.4  2391.7     1528     468     468    1060
         109    1.3e+04      1921  2391.4  2392.9     1612     469     469    1143
         110    1.3e+04      1921  2391.4  2391.5     1569     467     467    1102
         111    1.3e+04      1921  2391.4  2397.5     1470     468     468    1002
         112    1.3e+04      1921  2391.4  2400.3     1573     468     468    1105
         113    1.3e+04      1921  2390.8  2390.8     1419     470     470     949
         114    1.3e+04      1921  2390.8  2402.9     1478     468     468    1010
         115    1.3e+04      1921  2390.8  2393.1     1614     468     468    1146
         116    1.3e+04      1921  2388.1  2388.1     1683     468     468    1215
         117    1.3e+04      1921  2388.1  2389.9     1520     468     468    1052
         118    1.3e+04      1921  2388.1  2402.2     1440     469     469     971
         119    1.3e+04      1921  2388.1  2397.1     1525     469     469    1056
         120    1.3e+04      1921  2388.1  2395.5     1530     468     468    1062
         121    1.3e+04      1921  2388.1  2393.9     1500     468     468    1032
         122    1.3e+04      1921  2388.1  2392.3     1496     469     469    1027
         123    1.3e+04      1921  2388.1  2393.4     1570     466     466    1104
         124    1.3e+04      1921  2388.1  2391.6     1572     470     470    1102
         125    1.3e+04      1921  2388.1    2393     1541     467     467    1074
         126    1.3e+04      1921  2388.1  2395.3     1520     468     468    1052
         127    1.3e+04      1921  2388.1  2388.5     1632     468     468    1164
         128    1.3e+04      1921  2388.1  2388.8     1581     468     468    1113
         129    1.3e+04      1921  2385.8  2385.8     1585     468     468    1117
         130    1.3e+04      1921  2385.8  2396.8     1452     469     469     983
         131    1.3e+04      1921  2385.8  2387.8     1655     469     469    1186
         132    1.3e+04      1921  2385.8  2389.2     1684     469     469    1215
         133    1.3e+04      1921  2384.2  2384.2     1678     468     468    1210
         134    1.3e+04      1921  2384.2    2390     1597     467     467    1130
         135    1.3e+04      1921  2384.2  2394.5     1518     467     467    1051
         136    1.3e+04      1921  2384.2  2387.3     1673     467     467    1206
         137    1.3e+04      1921  2384.1  2384.1     1544     468     468    1076
         138    1.3e+04      1921  2384.1  2391.8     1427     468     468     959
         139    1.3e+04      1921  2384.1  2394.6     1477     469     469    1008
         140    1.3e+04      1921  2383.7  2383.7     1727     467     467    1260
         141    1.3e+04      1921  2379.3  2379.3     1690     469     469    1221
         142    1.3e+04      1921  2379.3  2386.8     1568     469     469    1099
         143    1.3e+04      1921  2379.3  2390.4     1537     467     467    1070
         144    1.3e+04      1921  2379.3  2381.8     1678     468     468    1210
         145    1.3e+04      1921  2379.3    2387     1646     468     468    1178
         146    1.3e+04      1921  2379.3  2382.5     1711     469     469    1242
         147    1.4e+04      1921  2379.3  2383.5     1714     467     467    1247
         148    1.4e+04      1921    2379    2379     1670     468     468    1202
         149    1.4e+04      1921  2377.1  2377.1     1544     469     469    1075
         150    1.4e+04      1921  2377.1  2388.1     1539     467     467    1072
         151    1.4e+04      1921  2377.1  2385.6     1620     469     469    1151
         152    1.4e+04      1921  2376.9  2376.9     1621     467     467    1154
         153    1.4e+04      1921  2376.9  2378.1     1688     469     469    1219
         154    1.4e+04      1921  2376.9  2381.7     1623     467     467    1156
         155    1.4e+04      1921  2376.9  2386.3     1654     469     469    1185
         156    1.4e+04      1921  2376.9  2382.4     1658     468     468    1190
         157    1.4e+04      1921  2376.9  2383.2     1575     469     469    1106
         158    1.4e+04      1921  2376.9  2383.4     1581     468     468    1113
         159    1.4e+04      1921  2376.9  2389.4     1622     467     467    1155
         160    1.4e+04      1921  2376.9  2378.5     1731     468     468    1263
         161    1.4e+04      1921  2376.9  2380.1     1683     468     468    1215
         162    1.4e+04      1921  2376.9  2377.8     1657     468     468    1189
         163    1.4e+04      1921  2376.9  2383.1     1582     469     469    1113
         164    1.4e+04      1921  2376.9  2389.5     1638     468     468    1170
         165    1.4e+04      1921  2376.9  2377.1     1798     468     468    1330
         166    1.4e+04      1921  2373.9  2373.9     1804     467     467    1337
         167    1.4e+04      1921  2373.9  2381.8     1633     467     467    1166
         168    1.4e+04      1921  2373.9  2379.7     1671     467     467    1204
         169    1.4e+04      1921  2373.9  2382.5     1585     467     467    1118
         170    1.4e+04      1921  2373.9  2381.2     1580     467     467    1113
         171    1.4e+04      1921  2373.9  2384.4     1634     467     467    1167
         172    1.4e+04      1921  2373.9  2387.6     1622     469     469    1153
         173    1.4e+04      1921  2373.9  2378.2     1717     468     468    1249
         174    1.4e+04      1921  2373.9  2383.3     1740     469     469    1271
         175    1.4e+04      1921  2373.9  2378.4     1628     467     467    1161
         176    1.4e+04      1921  2373.9  2386.2     1508     468     468    1040
         177    1.4e+04      1921  2373.9  2385.2     1676     469     469    1207
         178    1.4e+04      1921  2373.9    2382     1685     467     467    1218
         179    1.4e+04      1921  2373.9  2374.9     1741     468     468    1273
         180    1.4e+04      1921  2373.9  2378.9     1659     467     467    1192
         181    1.4e+04      1921  2373.9    2378     1566     469     469    1097
         182    1.4e+04      1921  2373.9  2378.2     1692     468     468    1224
         183    1.4e+04      1921  2373.9  2382.2     1633     467     467    1166
         184    1.4e+04      1921  2373.9  2378.5     1597     468     468    1129
         185    1.4e+04      1921  2373.9  2374.5     1595     467     467    1128
         186    1.4e+04      1921  2373.9  2385.3     1536     468     468    1068
         187    1.4e+04      1921  2373.9  2377.8     1521     466     466    1055
         188    1.4e+04      1921  2373.9  2381.2     1654     468     468    1186
         189    1.4e+04      1921  2373.9  2382.9     1706     469     469    1237
         190    1.4e+04      1921  2373.9  2380.6     1643     467     467    1176
         191    1.4e+04      1921  2373.9  2377.5     1682     469     469    1213
               reducing step to 0.1
    *    192    1.4e+04      2049  2350.2  2350.2     2049     465     465    1584
    *    193    1.4e+04      2079  2343.6  2343.6     2079     466     466    1613
         194    1.4e+04      2079  2341.9  2341.9     2074     465     465    1609
         195    1.4e+04      2079  2340.8  2340.8     2065     466     466    1599
    *    196    1.4e+04      2203  2340.8  2341.6     2203     466     466    1737
         197    1.4e+04      2203  2339.9  2339.9     2199     465     465    1734
    *    198    1.4e+04      2243  2339.7  2339.7     2243     465     465    1778
    *    199    1.4e+04      2253  2339.3  2339.3     2253     465     465    1788
         200    1.4e+04      2253  2339.3  2339.5     2213     466     466    1747
         201    1.4e+04      2253  2338.6  2338.6     2132     464     464    1668
         202    1.4e+04      2253  2338.6  2339.5     2109     465     465    1644
         203    1.4e+04      2253  2338.6  2340.9     2127     467     467    1660
         204    1.4e+04      2253  2338.6    2341     2185     465     465    1720
         205    1.4e+04      2253  2338.6  2338.6     2154     466     466    1688
    *    206    1.4e+04      2276  2338.6  2339.2     2276     465     465    1811
         207    1.4e+04      2276  2338.2  2338.2     2271     465     465    1806
         208    1.4e+04      2276  2338.2  2339.5     2264     465     465    1799
         209    1.4e+04      2276  2338.2  2338.6     2254     465     465    1789
         210    1.4e+04      2276  2338.2  2339.5     2247     465     465    1782
         211    1.4e+04      2276  2338.2  2338.3     2269     465     465    1804
         212    1.4e+04      2276  2338.2  2339.2     2245     464     464    1781
         213    1.4e+04      2276  2338.2  2338.2     2264     465     465    1799
    *    214    1.4e+04      2277  2338.2  2338.8     2277     465     465    1812
    *    215    1.4e+04      2294    2338    2338     2294     465     465    1829
    *    216    1.4e+04      2296    2338    2339     2296     465     465    1831
         217    1.4e+04      2296    2338    2338     2280     465     465    1815
         218    1.4e+04      2296    2338  2339.3     2241     466     466    1775
         219    1.4e+04      2296    2338  2338.8     2167     465     465    1702
         220    1.4e+04      2296    2338  2340.2     2083     465     465    1618
         221    1.4e+04      2296    2338  2339.8     2100     467     467    1633
         222    1.4e+04      2296    2338  2339.6     2115     465     465    1650
         223    1.4e+04      2296    2338  2339.7     2166     465     465    1701
         224    1.4e+04      2296    2338  2338.4     2219     466     466    1753
         225    1.4e+04      2296    2338  2338.9     2209     464     464    1745
         226    1.4e+04      2296    2338  2338.8     2215     465     465    1750
         227    1.4e+04      2296  2337.7  2337.7     2246     465     465    1781
         228    1.4e+04      2296  2337.7  2338.6     2239     464     464    1775
         229    1.4e+04      2296  2337.7  2338.5     2278     465     465    1813
         230    1.4e+04      2296  2337.5  2337.5     2266     465     465    1801
    *    231    1.4e+04      2302  2337.5  2338.3     2302     465     465    1837
         232    1.4e+04      2302  2337.5  2338.1     2260     465     465    1795
         233    1.4e+04      2302  2337.5  2338.6     2292     465     465    1827
         234    1.4e+04      2302  2337.5  2338.2     2226     465     465    1761
         235    1.4e+04      2302  2337.5  2338.8     2263     465     465    1798
         236    1.4e+04      2302  2337.5  2337.8     2286     464     464    1822
         237    1.4e+04      2302  2337.5  2338.8     2284     465     465    1819
         238    1.4e+04      2302  2337.5  2338.3     2275     464     464    1811
         239    1.4e+04      2302  2337.5  2338.3     2289     465     465    1824
         240    1.4e+04      2302  2337.5  2337.9     2291     464     464    1827
    *    241    1.4e+04      2304  2337.5  2338.2     2304     465     465    1839
         242    1.4e+04      2304  2337.5  2337.5     2297     464     464    1833
    *    243    1.4e+04      2305  2337.5  2338.1     2305     465     465    1840
         244    1.4e+04      2305  2337.5  2337.6     2297     464     464    1833
    *    245    1.4e+04      2306  2337.5  2338.1     2306     465     465    1841
         246    1.4e+04      2306  2337.5  2337.6     2297     464     464    1833
         247    1.4e+04      2306  2337.5  2338.1     2306     465     465    1841
         248    1.4e+04      2306  2337.5  2337.7     2298     464     464    1834
         249    1.4e+04      2306  2337.5  2338.2     2305     465     465    1840
         250    1.4e+04      2306  2337.5  2337.5     2296     464     464    1832
         251    1.4e+04      2306  2337.5    2338     2305     465     465    1840
         252    1.4e+04      2306  2337.5  2337.6     2297     464     464    1833
         253    1.4e+04      2306  2337.5  2338.1     2304     465     465    1839
         254    1.4e+04      2306  2337.5  2337.6     2293     464     464    1829
         255    1.4e+04      2306  2337.5    2338     2305     465     465    1840
               reducing step to 0.05
         256    1.4e+04      2306    2333    2333     2288     464     464    1824
         257    1.4e+04      2306  2331.1  2331.1     2303     464     464    1839
         258    1.4e+04      2306  2331.1  2331.4     2306     464     464    1842
    *    259    1.4e+04      2315 2331.05 2331.05     2315     464     464    1851
         260    1.4e+04      2315 2331.05 2331.05     2313     464     464    1849
         261    1.4e+04      2315    2331    2331     2312     464     464    1848
         262    1.4e+04      2315  2330.9  2330.9     2310     464     464    1846
    *    263    1.4e+04      2316  2330.9  2331.1     2316     464     464    1852
         264    1.4e+04      2316  2330.9    2331     2309     464     464    1845
         265    1.4e+04      2316 2330.75 2330.75     2315     464     464    1851
         266    1.4e+04      2316 2330.75  2330.9     2242     464     464    1778
         267    1.4e+04      2316 2330.75    2331     2311     464     464    1847
         268    1.4e+04      2316 2330.75    2331     2308     464     464    1844
         269    1.4e+04      2316 2330.75    2331     2314     464     464    1850
         270    1.4e+04      2316 2330.75    2331     2309     464     464    1845
         271    1.4e+04      2316 2330.75 2330.85     2312     464     464    1848
         272    1.4e+04      2316 2330.75  2331.2     2309     464     464    1845
         273    1.4e+04      2316 2330.75 2331.05     2312     464     464    1848
         274    1.4e+04      2316 2330.75 2330.95     2310     464     464    1846
         275    1.4e+04      2316 2330.75 2330.75     2313     464     464    1849
         276    1.4e+04      2316 2330.75  2331.1     2309     464     464    1845
         277    1.4e+04      2316 2330.75    2331     2312     464     464    1848
         278    1.4e+04      2316 2330.75 2330.95     2309     464     464    1845
         279    1.4e+04      2316 2330.75  2330.9     2311     464     464    1847
         280    1.4e+04      2316 2330.75    2331     2309     464     464    1845
         281    1.4e+04      2316 2330.75 2330.95     2312     464     464    1848
         282    1.4e+04      2316 2330.75    2331     2302     464     464    1838
         283    1.4e+04      2316  2330.7  2330.7     2304     464     464    1840
         284    1.4e+04      2316  2330.7 2331.05     2308     464     464    1844
         285    1.4e+04      2316  2330.7  2330.9     2311     464     464    1847
         286    1.4e+04      2316  2330.7 2331.15     2307     464     464    1843
         287    1.4e+04      2316  2330.7  2330.8     2315     464     464    1851
         288    1.4e+04      2316  2330.7  2331.1     2308     464     464    1844
         289    1.4e+04      2316  2330.7 2330.85     2314     464     464    1850
         290    1.4e+04      2316  2330.7 2330.95     2310     464     464    1846
         291    1.4e+04      2316  2330.5  2330.5     2312     464     464    1848
         292    1.4e+04      2316  2330.5  2331.1     2307     464     464    1843
         293    1.4e+04      2316  2330.5  2330.8     2311     464     464    1847
         294    1.4e+04      2316  2330.5  2331.1     2308     464     464    1844
         295    1.4e+04      2316  2330.5  2330.8     2312     464     464    1848
         296    1.4e+04      2316  2330.5 2331.05     2308     464     464    1844
         297    1.4e+04      2316  2330.5  2330.6     2313     464     464    1849
         298    1.4e+04      2316  2330.5  2331.2     2309     464     464    1845
         299    1.4e+04      2316  2330.5  2330.8     2311     464     464    1847
         300    1.4e+04      2316  2330.5 2331.15     2309     464     464    1845
         301    1.4e+04      2316  2330.5  2330.6     2314     464     464    1850
         302    1.4e+04      2316  2330.5  2331.2     2306     464     464    1842
         303    1.4e+04      2316  2330.5 2330.75     2311     464     464    1847
         304    1.4e+04      2316  2330.5  2331.1     2309     464     464    1845
         305    1.4e+04      2316  2330.5  2330.6     2313     464     464    1849
         306    1.4e+04      2316  2330.5 2331.15     2309     464     464    1845
         307    1.4e+04      2316  2330.5  2330.9     2312     464     464    1848
         308    1.4e+04      2316  2330.5  2331.1     2306     464     464    1842
         309    1.4e+04      2316  2330.5  2330.8     2310     464     464    1846
         310    1.4e+04      2316  2330.5    2331     2309     464     464    1845
         311    1.4e+04      2316  2330.5  2330.7     2313     464     464    1849
         312    1.4e+04      2316  2330.5 2331.05     2309     464     464    1845
         313    1.4e+04      2316  2330.5 2330.85     2312     464     464    1848
         314    1.4e+04      2316  2330.5 2331.05     2306     464     464    1842
         315    1.4e+04      2316  2330.5  2330.8     2312     464     464    1848
         316    1.4e+04      2316  2330.5 2331.05     2306     464     464    1842
               reducing step to 0.025
         317    1.4e+04      2316 2329.27 2329.27     2305     464     464    1841
         318    1.4e+04      2316 2328.55 2328.55     2314     464     464    1850
    *    319    1.4e+04      2318 2328.55  2328.7     2318     464     464    1854
         320    1.4e+04      2318 2328.38 2328.38     2314     464     464    1850
         321    1.4e+04      2318 2328.38  2328.7     2314     464     464    1850
         322    1.4e+04      2318  2328.3  2328.3     2312     464     464    1848
         323    1.4e+04      2318  2328.3  2328.7     2312     464     464    1848
         324    1.4e+04      2318  2328.3 2328.37     2312     464     464    1848
         325    1.4e+04      2318  2328.3 2328.52     2313     464     464    1849
         326    1.4e+04      2318  2328.3  2328.3     2311     464     464    1847
         327    1.4e+04      2318  2328.3  2328.6     2311     464     464    1847
         328    1.4e+04      2318  2328.3 2328.35     2311     464     464    1847
         329    1.4e+04      2318  2328.3 2328.62     2312     464     464    1848
         330    1.5e+04      2318  2328.3  2328.4     2311     464     464    1847
         331    1.5e+04      2318  2328.3  2328.6     2311     464     464    1847
         332    1.5e+04      2318  2328.3 2328.37     2310     464     464    1846
         333    1.5e+04      2318  2328.3  2328.6     2311     464     464    1847
         334    1.5e+04      2318  2328.3 2328.35     2310     464     464    1846
         335    1.5e+04      2318  2328.3  2328.6     2312     464     464    1848
         336    1.5e+04      2318  2328.3 2328.37     2310     464     464    1846
         337    1.5e+04      2318  2328.3  2328.6     2311     464     464    1847
         338    1.5e+04      2318  2328.3  2328.4     2309     464     464    1845
         339    1.5e+04      2318  2328.3  2328.5     2312     464     464    1848
         340    1.5e+04      2318  2328.3 2328.32     2306     464     464    1842
         341    1.5e+04      2318  2328.3  2328.5     2314     464     464    1850
         342    1.5e+04      2318 2328.25 2328.25     2315     464     464    1851
         343    1.5e+04      2318 2328.25 2328.42     2311     464     464    1847
         344    1.5e+04      2318 2328.25  2328.3     2311     464     464    1847
         345    1.5e+04      2318 2328.25 2328.55     2311     464     464    1847
         346    1.5e+04      2318 2328.25  2328.4     2310     464     464    1846
         347    1.5e+04      2318 2328.25 2328.45     2301     464     464    1837
         348    1.5e+04      2318 2328.25  2328.4     2309     464     464    1845
         349    1.5e+04      2318 2328.25  2328.4     2312     464     464    1848
         350    1.5e+04      2318 2328.25 2328.45     2310     464     464    1846
         351    1.5e+04      2318 2328.25 2328.42     2313     464     464    1849
         352    1.5e+04      2318 2328.25 2328.37     2309     464     464    1845
         353    1.5e+04      2318 2328.25 2328.43     2312     464     464    1848
         354    1.5e+04      2318 2328.25 2328.37     2310     464     464    1846
         355    1.5e+04      2318 2328.25 2328.58     2309     464     464    1845
         356    1.5e+04      2318 2328.25  2328.4     2310     464     464    1846
         357    1.5e+04      2318 2328.25 2328.42     2311     464     464    1847
         358    1.5e+04      2318 2328.25  2328.4     2311     464     464    1847
         359    1.5e+04      2318 2328.25 2328.47     2313     464     464    1849
         360    1.5e+04      2318 2328.25 2328.32     2311     464     464    1847
         361    1.5e+04      2318 2328.25  2328.5     2313     464     464    1849
         362    1.5e+04      2318 2328.25 2328.45     2310     464     464    1846
         363    1.5e+04      2318 2328.25  2328.4     2309     464     464    1845
         364    1.5e+04      2318 2328.25 2328.37     2311     464     464    1847
         365    1.5e+04      2318 2328.25 2328.45     2312     464     464    1848
         366    1.5e+04      2318 2328.25 2328.42     2311     464     464    1847
         367    1.5e+04      2318 2328.25 2328.45     2311     464     464    1847
               reducing step to 0.0125
         368    1.5e+04      2318  2327.6  2327.6     2311     464     464    1847
         369    1.5e+04      2318 2327.25 2327.25     2317     464     464    1853
         370    1.5e+04      2318 2327.25 2327.31     2315     464     464    1851
         371    1.5e+04      2318 2327.16 2327.16     2311     464     464    1847
         372    1.5e+04      2318 2327.16  2327.3     2316     464     464    1852
         373    1.5e+04      2318 2327.16 2327.17     2315     464     464    1851
         374    1.5e+04      2318 2327.16 2327.25     2315     464     464    1851
         375    1.5e+04      2318 2327.16 2327.18     2313     464     464    1849
         376    1.5e+04      2318 2327.16 2327.26     2316     464     464    1852
         377    1.5e+04      2318 2327.15 2327.15     2313     464     464    1849
         378    1.5e+04      2318 2327.15 2327.26     2313     464     464    1849
         379    1.5e+04      2318 2327.15  2327.2     2312     464     464    1848
         380    1.5e+04      2318 2327.15 2327.27     2314     464     464    1850
         381    1.5e+04      2318 2327.15  2327.2     2313     464     464    1849
         382    1.5e+04      2318 2327.15 2327.25     2313     464     464    1849
         383    1.5e+04      2318 2327.15  2327.2     2313     464     464    1849
         384    1.5e+04      2318 2327.15 2327.25     2314     464     464    1850
         385    1.5e+04      2318 2327.15  2327.2     2313     464     464    1849
         386    1.5e+04      2318 2327.15 2327.25     2313     464     464    1849
         387    1.5e+04      2318 2327.15 2327.19     2313     464     464    1849
         388    1.5e+04      2318 2327.15 2327.25     2314     464     464    1850
         389    1.5e+04      2318 2327.15  2327.2     2313     464     464    1849
         390    1.5e+04      2318 2327.15 2327.25     2311     464     464    1847
         391    1.5e+04      2318 2327.15  2327.2     2314     464     464    1850
         392    1.5e+04      2318 2327.15 2327.26     2311     464     464    1847
         393    1.5e+04      2318 2327.15 2327.19     2312     464     464    1848
         394    1.5e+04      2318 2327.15 2327.24     2311     464     464    1847
         395    1.5e+04      2318 2327.15 2327.17     2312     464     464    1848
         396    1.5e+04      2318 2327.15  2327.3     2311     464     464    1847
         397    1.5e+04      2318 2327.14 2327.14     2309     464     464    1845
         398    1.5e+04      2318 2327.14  2327.3     2310     464     464    1846
         399    1.5e+04      2318 2327.14 2327.15     2309     464     464    1845
         400    1.5e+04      2318 2327.14  2327.3     2309     464     464    1845
         401    1.5e+04      2318 2327.14 2327.16     2310     464     464    1846
         402    1.5e+04      2318 2327.14  2327.3     2310     464     464    1846
         403    1.5e+04      2318 2327.14 2327.19     2310     464     464    1846
         404    1.5e+04      2318 2327.14 2327.29     2311     464     464    1847
         405    1.5e+04      2318 2327.11 2327.11     2307     464     464    1843
         406    1.5e+04      2318 2327.11 2327.37     2309     464     464    1845
         407    1.5e+04      2318  2327.1  2327.1     2308     464     464    1844
         408    1.5e+04      2318  2327.1 2327.34     2312     464     464    1848
         409    1.5e+04      2318  2327.1  2327.1     2308     464     464    1844
         410    1.5e+04      2318  2327.1 2327.34     2312     464     464    1848
         411    1.5e+04      2318  2327.1  2327.1     2308     464     464    1844
         412    1.5e+04      2318  2327.1 2327.34     2312     464     464    1848
         413    1.5e+04      2318  2327.1 2327.12     2308     464     464    1844
         414    1.5e+04      2318  2327.1 2327.34     2312     464     464    1848
         415    1.5e+04      2318  2327.1  2327.1     2307     464     464    1843
         416    1.5e+04      2318  2327.1 2327.32     2312     464     464    1848
         417    1.5e+04      2318  2327.1 2327.11     2309     464     464    1845
         418    1.5e+04      2318  2327.1 2327.34     2312     464     464    1848
         419    1.5e+04      2318  2327.1 2327.11     2310     464     464    1846
         420    1.5e+04      2318  2327.1 2327.29     2309     464     464    1845
         421    1.5e+04      2318  2327.1 2327.16     2309     464     464    1845
         422    1.5e+04      2318  2327.1 2327.27     2313     464     464    1849
         423    1.5e+04      2318  2327.1 2327.11     2312     464     464    1848
         424    1.5e+04      2318  2327.1 2327.24     2309     464     464    1845
         425    1.5e+04      2318  2327.1 2327.17     2309     464     464    1845
         426    1.5e+04      2318  2327.1 2327.26     2311     464     464    1847
         427    1.5e+04      2318  2327.1 2327.13     2307     464     464    1843
         428    1.5e+04      2318  2327.1 2327.34     2309     464     464    1845
         429    1.5e+04      2318  2327.1 2327.11     2307     464     464    1843
         430    1.5e+04      2318  2327.1 2327.26     2313     464     464    1849
         431    1.5e+04      2318  2327.1 2327.11     2308     464     464    1844
         432    1.5e+04      2318  2327.1 2327.31     2312     464     464    1848
         433    1.5e+04      2318  2327.1 2327.11     2308     464     464    1844
         434    1.5e+04      2318  2327.1  2327.3     2312     464     464    1848
               reducing step to 0.00625
         435    1.5e+04      2318 2326.87 2326.87     2311     464     464    1847
         436    1.5e+04      2318 2326.65 2326.65     2316     464     464    1852
         437    1.5e+04      2318 2326.58 2326.58     2317     464     464    1853
         438    1.5e+04      2318 2326.58 2326.63     2310     464     464    1846
         439    1.5e+04      2318 2326.58 2326.64     2317     464     464    1853
         440    1.5e+04      2318 2326.58 2326.64     2311     464     464    1847
         441    1.5e+04      2318 2326.58 2326.64     2318     464     464    1854
         442    1.5e+04      2318 2326.58 2326.63     2314     464     464    1850
    *    443    1.5e+04      2319 2326.58 2326.63     2319     464     464    1855
         444    1.5e+04      2319 2326.58 2326.63     2313     464     464    1849
         445    1.5e+04      2319 2326.58 2326.64     2318     464     464    1854
         446    1.5e+04      2319 2326.58 2326.64     2311     464     464    1847
         447    1.5e+04      2319 2326.58 2326.65     2317     464     464    1853
         448    1.5e+04      2319 2326.58 2326.64     2311     464     464    1847
         449    1.5e+04      2319 2326.58 2326.67     2316     464     464    1852
         450    1.5e+04      2319 2326.58 2326.64     2308     464     464    1844
         451    1.5e+04      2319 2326.58 2326.69     2314     464     464    1850
         452    1.5e+04      2319 2326.58 2326.64     2309     464     464    1845
         453    1.5e+04      2319 2326.58 2326.66     2315     464     464    1851
         454    1.5e+04      2319 2326.58 2326.66     2309     464     464    1845
         455    1.5e+04      2319 2326.58 2326.66     2314     464     464    1850
         456    1.5e+04      2319 2326.58 2326.64     2306     464     464    1842
         457    1.5e+04      2319 2326.58 2326.68     2314     464     464    1850
         458    1.5e+04      2319 2326.58 2326.63     2306     464     464    1842
         459    1.5e+04      2319 2326.58 2326.67     2314     464     464    1850
         460    1.5e+04      2319 2326.58 2326.64     2306     464     464    1842
         461    1.5e+04      2319 2326.58 2326.67     2314     464     464    1850
         462    1.5e+04      2319 2326.58 2326.64     2306     464     464    1842
               reducing step to 0.003125
         463    1.5e+04      2319 2326.48 2326.48     2315     464     464    1851
         464    1.5e+04      2319  2326.4  2326.4     2318     464     464    1854
         465    1.5e+04      2319  2326.4 2326.43     2317     464     464    1853
         466    1.5e+04      2319 2326.39 2326.39     2317     464     464    1853
    *    467    1.5e+04      2320 2326.39 2326.42     2320     464     464    1856
         468    1.5e+04      2320 2326.38 2326.38     2316     464     464    1852
         469    1.5e+04      2320 2326.38 2326.42     2319     464     464    1855
         470    1.5e+04      2320 2326.37 2326.37     2317     464     464    1853
         471    1.5e+04      2320 2326.37 2326.42     2320     464     464    1856
         472    1.5e+04      2320 2326.37 2326.38     2312     464     464    1848
         473    1.5e+04      2320 2326.37 2326.43     2316     464     464    1852
         474    1.5e+04      2320 2326.37 2326.39     2314     464     464    1850
         475    1.5e+04      2320 2326.37 2326.43     2315     464     464    1851
         476    1.5e+04      2320 2326.37 2326.39     2312     464     464    1848
         477    1.5e+04      2320 2326.37 2326.43     2314     464     464    1850
         478    1.5e+04      2320 2326.37 2326.38     2311     464     464    1847
         479    1.5e+04      2320 2326.37 2326.43     2314     464     464    1850
         480    1.5e+04      2320 2326.37 2326.38     2311     464     464    1847
         481    1.5e+04      2320 2326.37 2326.44     2314     464     464    1850
         482    1.5e+04      2320 2326.37 2326.38     2310     464     464    1846
         483    1.5e+04      2320 2326.37 2326.42     2315     464     464    1851
         484    1.5e+04      2320 2326.37 2326.37     2311     464     464    1847
         485    1.5e+04      2320 2326.37 2326.43     2315     464     464    1851
         486    1.5e+04      2320 2326.37 2326.37     2312     464     464    1848
         487    1.5e+04      2320 2326.37 2326.42     2317     464     464    1853
         488    1.5e+04      2320 2326.37 2326.37     2311     464     464    1847
         489    1.5e+04      2320 2326.37 2326.42     2317     464     464    1853
         490    1.5e+04      2320 2326.37 2326.37     2315     464     464    1851
         491    1.5e+04      2320 2326.37 2326.41     2316     464     464    1852
         492    1.5e+04      2320 2326.37 2326.37     2311     464     464    1847
         493    1.5e+04      2320 2326.37 2326.42     2314     464     464    1850
         494    1.5e+04      2320 2326.37 2326.39     2311     464     464    1847
         495    1.5e+04      2320 2326.37 2326.42     2317     464     464    1853
         496    1.5e+04      2320 2326.37 2326.37     2312     464     464    1848
         497    1.5e+04      2320 2326.37 2326.42     2315     464     464    1851
         498    1.5e+04      2320 2326.37 2326.38     2311     464     464    1847
         499    1.5e+04      2320 2326.37 2326.42     2315     464     464    1851
         500    1.5e+04      2320 2326.37 2326.39     2309     464     464    1845
         501    1.5e+04      2320 2326.37 2326.42     2314     464     464    1850
         502    1.5e+04      2320 2326.37 2326.39     2312     464     464    1848
         503    1.5e+04      2320 2326.37 2326.41     2315     464     464    1851
         504    1.5e+04      2320 2326.37 2326.37     2311     464     464    1847
         505    1.5e+04      2320 2326.37 2326.43     2315     464     464    1851
         506    1.5e+04      2320 2326.37 2326.37     2310     464     464    1846
         507    1.5e+04      2320 2326.37 2326.42     2316     464     464    1852
         508    1.5e+04      2320 2326.37 2326.37     2311     464     464    1847
         509    1.5e+04      2320 2326.37 2326.41     2315     464     464    1851
               reducing step to 0.0015625
         510    1.5e+04      2320  2326.3  2326.3     2317     464     464    1853
         511    1.5e+04      2320 2326.28 2326.28     2317     464     464    1853
    *    512    1.5e+04      2322 2326.28 2326.29     2322     464     464    1858
         513    1.5e+04      2322 2326.28 2326.28     2312     464     464    1848
         514    1.5e+04      2322 2326.28 2326.29     2320     464     464    1856
         515    1.5e+04      2322 2326.28 2326.28     2316     464     464    1852
         516    1.5e+04      2322 2326.28 2326.28     2319     464     464    1855
         517    1.5e+04      2322 2326.28 2326.29     2314     464     464    1850
         518    1.5e+04      2322 2326.28 2326.28     2318     464     464    1854
         519    1.5e+04      2322 2326.28 2326.28     2316     464     464    1852
         520    1.5e+04      2322 2326.27 2326.27     2321     464     464    1857
         521    1.5e+04      2322 2326.27 2326.27     2314     464     464    1850
         522    1.5e+04      2322 2326.27 2326.28     2317     464     464    1853
         523    1.5e+04      2322 2326.27 2326.28     2310     464     464    1846
         524    1.5e+04      2322 2326.27 2326.28     2319     464     464    1855
         525    1.5e+04      2322 2326.27 2326.28     2313     464     464    1849
         526    1.5e+04      2322 2326.27 2326.28     2319     464     464    1855
         527    1.5e+04      2322 2326.27 2326.28     2313     464     464    1849
         528    1.5e+04      2322 2326.27 2326.28     2317     464     464    1853
         529    1.5e+04      2322 2326.27 2326.28     2312     464     464    1848
         530    1.5e+04      2322 2326.27 2326.28     2316     464     464    1852
         531    1.5e+04      2322 2326.27 2326.28     2312     464     464    1848
         532    1.5e+04      2322 2326.27 2326.28     2315     464     464    1851
         533    1.5e+04      2322 2326.27 2326.28     2311     464     464    1847
         534    1.5e+04      2322 2326.27 2326.28     2316     464     464    1852
         535    1.5e+04      2322 2326.27 2326.28     2311     464     464    1847
         536    1.5e+04      2322 2326.27 2326.27     2315     464     464    1851
         537    1.5e+04      2322 2326.27 2326.28     2311     464     464    1847
         538    1.5e+04      2322 2326.27 2326.28     2316     464     464    1852
         539    1.5e+04      2322 2326.27 2326.27     2312     464     464    1848
         540    1.5e+04      2322 2326.27 2326.27     2314     464     464    1850
         541    1.5e+04      2322 2326.27 2326.27     2311     464     464    1847
         542    1.5e+04      2322 2326.27 2326.27     2317     464     464    1853
         543    1.5e+04      2322 2326.27 2326.27     2311     464     464    1847
         544    1.5e+04      2322 2326.27 2326.28     2316     464     464    1852
         545    1.5e+04      2322 2326.27 2326.27     2311     464     464    1847
               reducing step to 0.00078125
         546    1.5e+04      2322 2326.24 2326.24     2321     464     464    1857
         547    1.5e+04      2322 2326.23 2326.23     2318     464     464    1854
         548    1.5e+04      2322 2326.22 2326.22     2318     464     464    1854
         549    1.5e+04      2322 2326.22 2326.22     2316     464     464    1852
         550    1.5e+04      2322 2326.22 2326.23     2319     464     464    1855
         551    1.5e+04      2322 2326.21 2326.21     2315     464     464    1851
         552    1.5e+04      2322 2326.21 2326.23     2318     464     464    1854
         553    1.5e+04      2322 2326.21 2326.21     2316     464     464    1852
         554    1.5e+04      2322 2326.21 2326.23     2319     464     464    1855
         555    1.5e+04      2322 2326.21 2326.21     2317     464     464    1853
         556    1.5e+04      2322 2326.21 2326.22     2320     464     464    1856
         557    1.5e+04      2322 2326.21 2326.21     2316     464     464    1852
         558    1.5e+04      2322 2326.21 2326.23     2317     464     464    1853
         559    1.5e+04      2322 2326.21 2326.21     2316     464     464    1852
         560    1.5e+04      2322 2326.21 2326.22     2318     464     464    1854
         561    1.5e+04      2322 2326.21 2326.21     2316     464     464    1852
         562    1.5e+04      2322 2326.21 2326.22     2319     464     464    1855
         563    1.5e+04      2322 2326.21 2326.21     2316     464     464    1852
         564    1.5e+04      2322 2326.21 2326.22     2316     464     464    1852
         565    1.5e+04      2322 2326.21 2326.21     2314     464     464    1850
         566    1.5e+04      2322 2326.21 2326.22     2316     464     464    1852
         567    1.5e+04      2322 2326.21 2326.22     2313     464     464    1849
         568    1.5e+04      2322 2326.21 2326.22     2315     464     464    1851
         569    1.5e+04      2322 2326.21 2326.22     2311     464     464    1847
         570    1.5e+04      2322 2326.21 2326.22     2316     464     464    1852
         571    1.5e+04      2322 2326.21 2326.21     2312     464     464    1848
         572    1.5e+04      2322 2326.21 2326.22     2315     464     464    1851
         573    1.5e+04      2322 2326.21 2326.21     2311     464     464    1847
         574    1.5e+04      2322 2326.21 2326.22     2313     464     464    1849
         575    1.5e+04      2322 2326.21 2326.22     2312     464     464    1848
         576    1.5e+04      2322 2326.21 2326.22     2314     464     464    1850
         577    1.5e+04      2322 2326.21 2326.21     2310     464     464    1846
         578    1.5e+04      2322 2326.21 2326.22     2314     464     464    1850
         579    1.5e+04      2322 2326.21 2326.22     2312     464     464    1848
         580    1.5e+04      2322 2326.21 2326.22     2314     464     464    1850
         581    1.5e+04      2322 2326.21 2326.21     2310     464     464    1846
         582    1.5e+04      2322 2326.21 2326.22     2314     464     464    1850
         583    1.5e+04      2322 2326.21 2326.22     2312     464     464    1848
         584    1.5e+04      2322 2326.21 2326.22     2314     464     464    1850
         585    1.5e+04      2322 2326.21 2326.21     2310     464     464    1846
         586    1.5e+04      2322 2326.21 2326.22     2316     464     464    1852
         587    1.5e+04      2322 2326.21 2326.21     2312     464     464    1848
         588    1.5e+04      2322 2326.21 2326.22     2314     464     464    1850
               reducing step to 0.000390625
         589    1.5e+04      2322  2326.2  2326.2     2319     464     464    1855
         590    1.5e+04      2322 2326.19 2326.19     2318     464     464    1854
         591    1.5e+04      2322 2326.19 2326.19     2321     464     464    1857
         592    1.5e+04      2322 2326.19 2326.19     2314     464     464    1850
    *    593    1.5e+04      2324 2326.19 2326.19     2324     464     464    1860
         594    1.5e+04      2324 2326.19 2326.19     2315     464     464    1851
         595    1.5e+04      2324 2326.19 2326.19     2321     464     464    1857
         596    1.5e+04      2324 2326.19 2326.19     2316     464     464    1852
         597    1.5e+04      2324 2326.19 2326.19     2322     464     464    1858
         598    1.5e+04      2324 2326.19 2326.19     2318     464     464    1854
         599    1.5e+04      2324 2326.19 2326.19     2321     464     464    1857
         600    1.5e+04      2324 2326.19 2326.19     2313     464     464    1849
         601    1.5e+04      2324 2326.19 2326.19     2320     464     464    1856
         602    1.5e+04      2324 2326.19 2326.19     2316     464     464    1852
         603    1.5e+04      2324 2326.19 2326.19     2320     464     464    1856
         604    1.5e+04      2324 2326.19 2326.19     2312     464     464    1848
         605    1.5e+04      2324 2326.19 2326.19     2318     464     464    1854
         606    1.5e+04      2324 2326.19 2326.19     2314     464     464    1850
         607    1.5e+04      2324 2326.19 2326.19     2318     464     464    1854
         608    1.5e+04      2324 2326.19 2326.19     2313     464     464    1849
         609    1.5e+04      2324 2326.19 2326.19     2317     464     464    1853
         610    1.5e+04      2324 2326.19 2326.19     2311     464     464    1847
         611    1.5e+04      2324 2326.19 2326.19     2317     464     464    1853
         612    1.5e+04      2324 2326.19 2326.19     2312     464     464    1848
         613    1.5e+04      2324 2326.19 2326.19     2317     464     464    1853
         614    1.5e+04      2324 2326.19 2326.19     2312     464     464    1848
         615    1.5e+04      2324 2326.19 2326.19     2315     464     464    1851
         616    1.5e+04      2324 2326.19 2326.19     2312     464     464    1848
         617    1.5e+04      2324 2326.19 2326.19     2317     464     464    1853
         618    1.5e+04      2324 2326.19 2326.19     2311     464     464    1847
         619    1.5e+04      2324 2326.19 2326.19     2315     464     464    1851
         620    1.5e+04      2324 2326.19 2326.19     2310     464     464    1846
         621    1.5e+04      2324 2326.19 2326.19     2316     464     464    1852
         622    1.5e+04      2324 2326.19 2326.19     2312     464     464    1848
         623    1.5e+04      2324 2326.19 2326.19     2316     464     464    1852
         624    1.5e+04      2324 2326.19 2326.19     2313     464     464    1849
         625    1.5e+04      2324 2326.19 2326.19     2316     464     464    1852
         626    1.5e+04      2324 2326.19 2326.19     2312     464     464    1848
         627    1.5e+04      2324 2326.19 2326.19     2317     464     464    1853
         628    1.5e+04      2324 2326.19 2326.19     2312     464     464    1848
         629    1.5e+04      2324 2326.19 2326.19     2317     464     464    1853
         630    1.5e+04      2324 2326.19 2326.19     2311     464     464    1847
         631    1.5e+04      2324 2326.19 2326.19     2315     464     464    1851
         632    1.5e+04      2324 2326.19 2326.19     2311     464     464    1847
         633    1.5e+04      2324 2326.19 2326.19     2315     464     464    1851
               reducing step to 0.000195313
         634    1.5e+04      2324 2326.18 2326.18     2317     464     464    1853
         635    1.5e+04      2324 2326.17 2326.17     2319     464     464    1855
         636    1.5e+04      2324 2326.17 2326.18     2320     464     464    1856
         637    1.5e+04      2324 2326.17 2326.17     2317     464     464    1853
         638    1.5e+04      2324 2326.17 2326.18     2323     464     464    1859
         639    1.5e+04      2324 2326.17 2326.17     2316     464     464    1852
         640    1.5e+04      2324 2326.17 2326.18     2320     464     464    1856
         641    1.5e+04      2324 2326.17 2326.17     2316     464     464    1852
         642    1.5e+04      2324 2326.17 2326.17     2320     464     464    1856
         643    1.5e+04      2324 2326.17 2326.17     2316     464     464    1852
         644    1.5e+04      2324 2326.17 2326.17     2321     464     464    1857
         645    1.5e+04      2324 2326.17 2326.17     2317     464     464    1853
         646    1.5e+04      2324 2326.17 2326.17     2319     464     464    1855
         647    1.5e+04      2324 2326.17 2326.17     2314     464     464    1850
         648    1.5e+04      2324 2326.17 2326.17     2320     464     464    1856
         649    1.5e+04      2324 2326.17 2326.17     2316     464     464    1852
         650    1.5e+04      2324 2326.17 2326.17     2320     464     464    1856
         651    1.5e+04      2324 2326.17 2326.17     2316     464     464    1852
         652    1.5e+04      2324 2326.17 2326.17     2321     464     464    1857
         653    1.5e+04      2324 2326.17 2326.17     2314     464     464    1850
         654    1.5e+04      2324 2326.17 2326.17     2319     464     464    1855
         655    1.5e+04      2324 2326.17 2326.17     2316     464     464    1852
         656    1.5e+04      2324 2326.17 2326.17     2319     464     464    1855
         657    1.5e+04      2324 2326.17 2326.17     2314     464     464    1850
         658    1.5e+04      2324 2326.17 2326.17     2318     464     464    1854
         659    1.5e+04      2324 2326.17 2326.17     2316     464     464    1852
         660    1.5e+04      2324 2326.17 2326.17     2318     464     464    1854
         661    1.5e+04      2324 2326.17 2326.17     2314     464     464    1850
         662    1.5e+04      2324 2326.17 2326.17     2317     464     464    1853
         663    1.5e+04      2324 2326.17 2326.17     2314     464     464    1850
         664    1.5e+04      2324 2326.17 2326.17     2318     464     464    1854
         665    1.5e+04      2324 2326.17 2326.17     2314     464     464    1850
         666    1.5e+04      2324 2326.17 2326.17     2320     464     464    1856
         667    1.5e+04      2324 2326.17 2326.17     2316     464     464    1852
         668    1.5e+04      2324 2326.17 2326.17     2318     464     464    1854
         669    1.5e+04      2324 2326.17 2326.17     2314     464     464    1850
         670    1.5e+04      2324 2326.17 2326.17     2319     464     464    1855
         671    1.5e+04      2324 2326.17 2326.17     2315     464     464    1851
         672    1.5e+04      2324 2326.17 2326.17     2318     464     464    1854
         673    1.5e+04      2324 2326.17 2326.17     2315     464     464    1851
         674    1.5e+04      2324 2326.17 2326.17     2319     464     464    1855
         675    1.5e+04      2324 2326.17 2326.17     2314     464     464    1850
         676    1.5e+04      2324 2326.17 2326.17     2318     464     464    1854
         677    1.5e+04      2324 2326.17 2326.17     2315     464     464    1851
         678    1.5e+04      2324 2326.17 2326.17     2318     464     464    1854
         679    1.5e+04      2324 2326.17 2326.17     2315     464     464    1851
         680    1.5e+04      2324 2326.17 2326.17     2320     464     464    1856
         681    1.5e+04      2324 2326.17 2326.17     2316     464     464    1852
         682    1.5e+04      2324 2326.17 2326.17     2319     464     464    1855
         683    1.5e+04      2324 2326.17 2326.17     2316     464     464    1852
         684    1.5e+04      2324 2326.17 2326.17     2319     464     464    1855
         685    1.5e+04      2324 2326.17 2326.17     2311     464     464    1847
         686    1.5e+04      2324 2326.17 2326.18     2315     464     464    1851
         687    1.5e+04      2324 2326.17 2326.17     2314     464     464    1850
         688    1.5e+04      2324 2326.17 2326.17     2316     464     464    1852
         689    1.5e+04      2324 2326.17 2326.17     2313     464     464    1849
         690    1.5e+04      2324 2326.17 2326.17     2316     464     464    1852
         691    1.5e+04      2324 2326.17 2326.17     2312     464     464    1848
         692    1.5e+04      2324 2326.17 2326.18     2316     464     464    1852
         693    1.5e+04      2324 2326.17 2326.17     2313     464     464    1849
         694    1.5e+04      2324 2326.17 2326.17     2315     464     464    1851
         695    1.5e+04      2324 2326.17 2326.17     2312     464     464    1848
         696    1.5e+04      2324 2326.17 2326.17     2317     464     464    1853
         697    1.5e+04      2324 2326.17 2326.17     2312     464     464    1848
         698    1.5e+04      2324 2326.17 2326.17     2315     464     464    1851
         699    1.5e+04      2324 2326.17 2326.17     2313     464     464    1849
         700    1.5e+04      2324 2326.17 2326.17     2315     464     464    1851
         701    1.5e+04      2324 2326.17 2326.17     2311     464     464    1847
         702    1.5e+04      2324 2326.17 2326.17     2317     464     464    1853
         703    1.5e+04      2324 2326.17 2326.17     2313     464     464    1849
         704    1.5e+04      2324 2326.17 2326.17     2316     464     464    1852
         705    1.5e+04      2324 2326.17 2326.17     2311     464     464    1847
         706    1.5e+04      2324 2326.17 2326.17     2315     464     464    1851
               reducing step to 9.76563e-05
         707    1.5e+04      2324 2326.17 2326.17     2319     464     464    1855
         708    1.5e+04      2324 2326.17 2326.17     2321     464     464    1857
         709    1.5e+04      2324 2326.17 2326.17     2320     464     464    1856
         710    1.5e+04      2324 2326.17 2326.17     2317     464     464    1853
         711    1.5e+04      2324 2326.17 2326.17     2320     464     464    1856
         712    1.5e+04      2324 2326.17 2326.17     2316     464     464    1852
         713    1.5e+04      2324 2326.17 2326.17     2320     464     464    1856
         714    1.5e+04      2324 2326.17 2326.17     2317     464     464    1853
         715    1.5e+04      2324 2326.17 2326.17     2320     464     464    1856
         716    1.5e+04      2324 2326.17 2326.17     2317     464     464    1853
         717    1.5e+04      2324 2326.17 2326.17     2322     464     464    1858
         718    1.5e+04      2324 2326.17 2326.17     2316     464     464    1852
         719    1.5e+04      2324 2326.17 2326.17     2321     464     464    1857
         720    1.5e+04      2324 2326.17 2326.17     2315     464     464    1851
         721    1.5e+04      2324 2326.17 2326.17     2322     464     464    1858
         722    1.5e+04      2324 2326.17 2326.17     2315     464     464    1851
         723    1.5e+04      2324 2326.17 2326.17     2320     464     464    1856
         724    1.5e+04      2324 2326.17 2326.17     2316     464     464    1852
         725    1.5e+04      2324 2326.17 2326.17     2321     464     464    1857
         726    1.5e+04      2324 2326.17 2326.17     2316     464     464    1852
         727    1.5e+04      2324 2326.17 2326.17     2321     464     464    1857
         728    1.5e+04      2324 2326.17 2326.17     2316     464     464    1852
         729    1.5e+04      2324 2326.17 2326.17     2319     464     464    1855
         730    1.5e+04      2324 2326.17 2326.17     2315     464     464    1851
         731    1.5e+04      2324 2326.17 2326.17     2318     464     464    1854
         732    1.5e+04      2324 2326.17 2326.17     2314     464     464    1850
         733    1.5e+04      2324 2326.17 2326.17     2320     464     464    1856
         734    1.5e+04      2324 2326.17 2326.17     2315     464     464    1851
         735    1.5e+04      2324 2326.17 2326.17     2320     464     464    1856
         736    1.5e+04      2324 2326.17 2326.17     2315     464     464    1851
         737    1.5e+04      2324 2326.17 2326.17     2318     464     464    1854
         738    1.5e+04      2324 2326.17 2326.17     2314     464     464    1850
         739    1.5e+04      2324 2326.17 2326.17     2318     464     464    1854
         740    1.5e+04      2324 2326.17 2326.17     2316     464     464    1852
         741    1.5e+04      2324 2326.17 2326.17     2317     464     464    1853
         742    1.5e+04      2324 2326.17 2326.17     2315     464     464    1851
         743    1.5e+04      2324 2326.17 2326.17     2318     464     464    1854
         744    1.5e+04      2324 2326.17 2326.17     2312     464     464    1848
         745    1.5e+04      2324 2326.17 2326.17     2316     464     464    1852
         746    1.5e+04      2324 2326.17 2326.17     2316     464     464    1852
         747    1.5e+04      2324 2326.17 2326.17     2317     464     464    1853
         748    1.5e+04      2324 2326.17 2326.17     2314     464     464    1850
         749    1.5e+04      2324 2326.17 2326.17     2319     464     464    1855
         750    1.5e+04      2324 2326.17 2326.17     2315     464     464    1851
         751    1.5e+04      2324 2326.17 2326.17     2318     464     464    1854
         752    1.5e+04      2324 2326.17 2326.17     2315     464     464    1851
         753    1.5e+04      2324 2326.17 2326.17     2319     464     464    1855
         754    1.5e+04      2324 2326.17 2326.17     2314     464     464    1850
         755    1.5e+04      2324 2326.17 2326.17     2319     464     464    1855
         756    1.5e+04      2324 2326.17 2326.17     2315     464     464    1851
         757    1.5e+04      2324 2326.17 2326.17     2320     464     464    1856
         758    1.5e+04      2324 2326.17 2326.17     2315     464     464    1851
         759    1.5e+04      2324 2326.17 2326.17     2318     464     464    1854
         760    1.5e+04      2324 2326.17 2326.17     2315     464     464    1851
         761    1.5e+04      2324 2326.17 2326.17     2320     464     464    1856
         762    1.5e+04      2324 2326.16 2326.16     2314     464     464    1850
         763    1.5e+04      2324 2326.16 2326.17     2317     464     464    1853
         764    1.5e+04      2324 2326.16 2326.17     2315     464     464    1851
         765    1.5e+04      2324 2326.16 2326.17     2317     464     464    1853
         766    1.5e+04      2324 2326.16 2326.17     2311     464     464    1847
         767    1.5e+04      2324 2326.16 2326.17     2316     464     464    1852
         768    1.5e+04      2324 2326.16 2326.17     2313     464     464    1849
         769    1.5e+04      2324 2326.16 2326.17     2316     464     464    1852
         770    1.5e+04      2324 2326.16 2326.17     2311     464     464    1847
         771    1.5e+04      2324 2326.16 2326.17     2316     464     464    1852
         772    1.5e+04      2324 2326.16 2326.17     2313     464     464    1849
         773    1.5e+04      2324 2326.16 2326.17     2317     464     464    1853
         774    1.5e+04      2324 2326.16 2326.17     2311     464     464    1847
         775    1.5e+04      2324 2326.16 2326.17     2316     464     464    1852
         776    1.5e+04      2324 2326.16 2326.17     2313     464     464    1849
         777    1.5e+04      2324 2326.16 2326.17     2316     464     464    1852
         778    1.5e+04      2324 2326.16 2326.17     2312     464     464    1848
         779    1.5e+04      2324 2326.16 2326.17     2316     464     464    1852
         780    1.5e+04      2324 2326.16 2326.17     2313     464     464    1849
         781    1.5e+04      2324 2326.16 2326.17     2316     464     464    1852
         782    1.5e+04      2324 2326.16 2326.17     2312     464     464    1848
         783    1.5e+04      2324 2326.16 2326.17     2315     464     464    1851
         784    1.5e+04      2324 2326.16 2326.17     2312     464     464    1848
         785    1.5e+04      2324 2326.16 2326.17     2316     464     464    1852
         786    1.5e+04      2324 2326.16 2326.17     2313     464     464    1849
         787    1.5e+04      2324 2326.16 2326.17     2316     464     464    1852
               reducing step to 4.88281e-05
         788    1.5e+04      2324 2326.16 2326.16     2319     464     464    1855
         789    1.5e+04      2324 2326.16 2326.16     2320     464     464    1856
         790    1.5e+04      2324 2326.16 2326.16     2320     464     464    1856
         791    1.5e+04      2324 2326.16 2326.16     2318     464     464    1854
         792    1.5e+04      2324 2326.16 2326.16     2319     464     464    1855
         793    1.5e+04      2324 2326.16 2326.16     2316     464     464    1852
         794    1.5e+04      2324 2326.16 2326.16     2320     464     464    1856
         795    1.5e+04      2324 2326.16 2326.16     2317     464     464    1853
         796    1.5e+04      2324 2326.16 2326.16     2321     464     464    1857
         797    1.5e+04      2324 2326.16 2326.16     2317     464     464    1853
         798    1.5e+04      2324 2326.16 2326.16     2318     464     464    1854
         799    1.5e+04      2324 2326.16 2326.16     2316     464     464    1852
         800    1.5e+04      2324 2326.16 2326.16     2321     464     464    1857
         801    1.5e+04      2324 2326.16 2326.16     2315     464     464    1851
         802    1.5e+04      2324 2326.16 2326.16     2321     464     464    1857
         803    1.5e+04      2324 2326.16 2326.16     2315     464     464    1851
         804    1.5e+04      2324 2326.16 2326.16     2319     464     464    1855
         805    1.5e+04      2324 2326.16 2326.16     2315     464     464    1851
         806    1.5e+04      2324 2326.16 2326.16     2322     464     464    1858
         807    1.5e+04      2324 2326.16 2326.16     2316     464     464    1852
         808    1.5e+04      2324 2326.16 2326.16     2320     464     464    1856
         809    1.5e+04      2324 2326.16 2326.16     2316     464     464    1852
         810    1.5e+04      2324 2326.16 2326.16     2320     464     464    1856
         811    1.5e+04      2324 2326.16 2326.16     2316     464     464    1852
         812    1.5e+04      2324 2326.16 2326.16     2320     464     464    1856
         813    1.5e+04      2324 2326.16 2326.16     2316     464     464    1852
         814    1.5e+04      2324 2326.16 2326.16     2321     464     464    1857
         815    1.5e+04      2324 2326.16 2326.16     2316     464     464    1852
         816    1.5e+04      2324 2326.16 2326.16     2320     464     464    1856
         817    1.5e+04      2324 2326.16 2326.16     2315     464     464    1851
         818    1.5e+04      2324 2326.16 2326.16     2319     464     464    1855
         819    1.5e+04      2324 2326.16 2326.16     2314     464     464    1850
         820    1.5e+04      2324 2326.16 2326.16     2319     464     464    1855
         821    1.5e+04      2324 2326.16 2326.16     2317     464     464    1853
         822    1.5e+04      2324 2326.16 2326.16     2319     464     464    1855
         823    1.5e+04      2324 2326.16 2326.16     2316     464     464    1852
         824    1.5e+04      2324 2326.16 2326.16     2319     464     464    1855
         825    1.5e+04      2324 2326.16 2326.16     2312     464     464    1848
         826    1.5e+04      2324 2326.16 2326.16     2317     464     464    1853
         827    1.5e+04      2324 2326.16 2326.16     2314     464     464    1850
         828    1.5e+04      2324 2326.16 2326.16     2318     464     464    1854
         829    1.5e+04      2324 2326.16 2326.16     2314     464     464    1850
         830    1.5e+04      2324 2326.16 2326.16     2318     464     464    1854
         831    1.5e+04      2324 2326.16 2326.16     2314     464     464    1850
         832    1.5e+04      2324 2326.16 2326.16     2318     464     464    1854
         833    1.5e+04      2324 2326.16 2326.16     2314     464     464    1850
         834    1.5e+04      2324 2326.16 2326.16     2318     464     464    1854
         835    1.5e+04      2324 2326.16 2326.16     2314     464     464    1850
         836    1.5e+04      2324 2326.16 2326.16     2320     464     464    1856
         837    1.5e+04      2324 2326.16 2326.16     2316     464     464    1852
         838    1.5e+04      2324 2326.16 2326.16     2319     464     464    1855
         839    1.5e+04      2324 2326.16 2326.16     2316     464     464    1852
         840    1.5e+04      2324 2326.16 2326.16     2320     464     464    1856
         841    1.5e+04      2324 2326.16 2326.16     2316     464     464    1852
         842    1.5e+04      2324 2326.16 2326.16     2319     464     464    1855
         843    1.5e+04      2324 2326.16 2326.16     2314     464     464    1850
         844    1.5e+04      2324 2326.16 2326.16     2318     464     464    1854
         845    1.5e+04      2324 2326.16 2326.16     2316     464     464    1852
         846    1.5e+04      2324 2326.16 2326.16     2318     464     464    1854
         847    1.5e+04      2324 2326.16 2326.16     2310     464     464    1846
         848    1.5e+04      2324 2326.16 2326.16     2316     464     464    1852
         849    1.5e+04      2324 2326.16 2326.16     2314     464     464    1850
         850    1.5e+04      2324 2326.16 2326.16     2316     464     464    1852
         851    1.5e+04      2324 2326.16 2326.16     2312     464     464    1848
         852    1.5e+04      2324 2326.16 2326.16     2315     464     464    1851
         853    1.5e+04      2324 2326.16 2326.16     2312     464     464    1848
         854    1.5e+04      2324 2326.16 2326.16     2316     464     464    1852
         855    1.5e+04      2324 2326.16 2326.16     2313     464     464    1849
         856    1.5e+04      2324 2326.16 2326.16     2316     464     464    1852
         857    1.5e+04      2324 2326.16 2326.16     2311     464     464    1847
         858    1.5e+04      2324 2326.16 2326.16     2317     464     464    1853
         859    1.5e+04      2324 2326.16 2326.16     2313     464     464    1849
         860    1.5e+04      2324 2326.16 2326.16     2315     464     464    1851
         861    1.5e+04      2324 2326.16 2326.16     2312     464     464    1848
         862    1.5e+04      2324 2326.16 2326.16     2317     464     464    1853
         863    1.5e+04      2324 2326.16 2326.16     2312     464     464    1848
         864    1.5e+04      2324 2326.16 2326.16     2315     464     464    1851
         865    1.5e+04      2324 2326.16 2326.16     2312     464     464    1848
         866    1.5e+04      2324 2326.16 2326.16     2315     464     464    1851
         867    1.5e+04      2324 2326.16 2326.16     2311     464     464    1847
         868    1.5e+04      2324 2326.16 2326.16     2315     464     464    1851
               reducing step to 2.44141e-05
         869    1.5e+04      2324 2326.16 2326.16     2318     464     464    1854
         870    1.5e+04      2324 2326.16 2326.16     2320     464     464    1856
         871    1.5e+04      2324 2326.16 2326.16     2320     464     464    1856
         872    1.5e+04      2324 2326.16 2326.16     2317     464     464    1853
         873    1.5e+04      2324 2326.16 2326.16     2323     464     464    1859
         874    1.5e+04      2324 2326.16 2326.16     2316     464     464    1852
         875    1.5e+04      2324 2326.16 2326.16     2322     464     464    1858
         876    1.5e+04      2324 2326.16 2326.16     2316     464     464    1852
         877    1.5e+04      2324 2326.16 2326.16     2319     464     464    1855
         878    1.5e+04      2324 2326.16 2326.16     2316     464     464    1852
         879    1.5e+04      2324 2326.16 2326.16     2322     464     464    1858
         880    1.5e+04      2324 2326.16 2326.16     2315     464     464    1851
         881    1.5e+04      2324 2326.16 2326.16     2321     464     464    1857
         882    1.5e+04      2324 2326.16 2326.16     2314     464     464    1850
         883    1.5e+04      2324 2326.16 2326.16     2321     464     464    1857
         884    1.5e+04      2324 2326.16 2326.16     2314     464     464    1850
         885    1.5e+04      2324 2326.16 2326.16     2321     464     464    1857
         886    1.5e+04      2324 2326.16 2326.16     2315     464     464    1851
         887    1.5e+04      2324 2326.16 2326.16     2321     464     464    1857
         888    1.5e+04      2324 2326.16 2326.16     2315     464     464    1851
         889    1.5e+04      2324 2326.16 2326.16     2320     464     464    1856
         890    1.5e+04      2324 2326.16 2326.16     2315     464     464    1851
         891    1.5e+04      2324 2326.16 2326.16     2322     464     464    1858
         892    1.5e+04      2324 2326.16 2326.16     2316     464     464    1852
         893    1.5e+04      2324 2326.16 2326.16     2319     464     464    1855
         894    1.5e+04      2324 2326.16 2326.16     2313     464     464    1849
         895    1.5e+04      2324 2326.16 2326.16     2321     464     464    1857
         896    1.5e+04      2324 2326.16 2326.16     2315     464     464    1851
               reducing step to 1.2207e-05
         897    1.5e+04      2324 2326.16 2326.16     2318     464     464    1854
         898    1.5e+04      2324 2326.16 2326.16     2320     464     464    1856
         899    1.5e+04      2324 2326.16 2326.16     2320     464     464    1856
         900    1.5e+04      2324 2326.16 2326.16     2318     464     464    1854
         901    1.5e+04      2324 2326.16 2326.16     2323     464     464    1859
         902    1.5e+04      2324 2326.16 2326.16     2317     464     464    1853
         903    1.5e+04      2324 2326.16 2326.16     2319     464     464    1855
         904    1.5e+04      2324 2326.16 2326.16     2318     464     464    1854
         905    1.5e+04      2324 2326.16 2326.16     2320     464     464    1856
         906    1.5e+04      2324 2326.16 2326.16     2314     464     464    1850
         907    1.5e+04      2324 2326.16 2326.16     2319     464     464    1855
         908    1.5e+04      2324 2326.16 2326.16     2318     464     464    1854
         909    1.5e+04      2324 2326.16 2326.16     2319     464     464    1855
         910    1.5e+04      2324 2326.16 2326.16     2317     464     464    1853
         911    1.5e+04      2324 2326.16 2326.16     2318     464     464    1854
         912    1.5e+04      2324 2326.16 2326.16     2317     464     464    1853
         913    1.5e+04      2324 2326.16 2326.16     2318     464     464    1854
         914    1.5e+04      2324 2326.16 2326.16     2316     464     464    1852
         915    1.5e+04      2324 2326.16 2326.16     2317     464     464    1853
         916    1.5e+04      2324 2326.16 2326.16     2317     464     464    1853
         917    1.5e+04      2324 2326.16 2326.16     2318     464     464    1854
         918    1.5e+04      2324 2326.16 2326.16     2318     464     464    1854
         919    1.5e+04      2324 2326.16 2326.16     2319     464     464    1855
         920    1.5e+04      2324 2326.16 2326.16     2316     464     464    1852
         921    1.5e+04      2324 2326.16 2326.16     2316     464     464    1852
         922    1.5e+04      2324 2326.16 2326.16     2315     464     464    1851
         923    1.5e+04      2324 2326.16 2326.16     2316     464     464    1852
         924    1.5e+04      2324 2326.16 2326.16     2316     464     464    1852
         925    1.5e+04      2324 2326.16 2326.16     2318     464     464    1854
         926    1.5e+04      2324 2326.16 2326.16     2317     464     464    1853
         927    1.5e+04      2324 2326.16 2326.16     2319     464     464    1855
         928    1.5e+04      2324 2326.16 2326.16     2316     464     464    1852
         929    1.5e+04      2324 2326.16 2326.16     2318     464     464    1854
         930    1.5e+04      2324 2326.16 2326.16     2315     464     464    1851
         931    1.5e+04      2324 2326.16 2326.16     2316     464     464    1852
         932    1.5e+04      2324 2326.16 2326.16     2314     464     464    1850
         933    1.5e+04      2324 2326.16 2326.16     2316     464     464    1852
         934    1.5e+04      2324 2326.16 2326.16     2316     464     464    1852
         935    1.5e+04      2324 2326.16 2326.16     2316     464     464    1852
         936    1.5e+04      2324 2326.16 2326.16     2315     464     464    1851
         937    1.5e+04      2324 2326.16 2326.16     2316     464     464    1852
         938    1.5e+04      2324 2326.16 2326.16     2315     464     464    1851
         939    1.5e+04      2324 2326.16 2326.16     2316     464     464    1852
         940    1.5e+04      2324 2326.16 2326.16     2316     464     464    1852
         941    1.5e+04      2324 2326.16 2326.16     2318     464     464    1854
         942    1.5e+04      2324 2326.16 2326.16     2317     464     464    1853
         943    1.5e+04      2324 2326.16 2326.16     2318     464     464    1854
         944    1.5e+04      2324 2326.16 2326.16     2315     464     464    1851
         945    1.5e+04      2324 2326.16 2326.16     2316     464     464    1852
         946    1.5e+04      2324 2326.16 2326.16     2316     464     464    1852
         947    1.5e+04      2324 2326.16 2326.16     2318     464     464    1854
         948    1.5e+04      2324 2326.16 2326.16     2317     464     464    1853
         949    1.5e+04      2324 2326.16 2326.16     2318     464     464    1854
         950    1.5e+04      2324 2326.16 2326.16     2317     464     464    1853
         951    1.5e+04      2324 2326.16 2326.16     2317     464     464    1853
         952    1.5e+04      2324 2326.16 2326.16     2314     464     464    1850
         953    1.5e+04      2324 2326.16 2326.16     2316     464     464    1852
         954    1.5e+04      2324 2326.16 2326.16     2313     464     464    1849
         955    1.5e+04      2324 2326.16 2326.16     2317     464     464    1853
         956    1.5e+04      2324 2326.16 2326.16     2316     464     464    1852
         957    1.5e+04      2324 2326.16 2326.16     2318     464     464    1854
         958    1.5e+04      2324 2326.16 2326.16     2316     464     464    1852
         959    1.5e+04      2324 2326.16 2326.16     2317     464     464    1853
         960    1.5e+04      2324 2326.16 2326.16     2315     464     464    1851
         961    1.5e+04      2324 2326.16 2326.16     2317     464     464    1853
         962    1.5e+04      2324 2326.16 2326.16     2316     464     464    1852
         963    1.5e+04      2324 2326.16 2326.16     2318     464     464    1854
         964    1.5e+04      2324 2326.16 2326.16     2315     464     464    1851
         965    1.5e+04      2324 2326.16 2326.16     2317     464     464    1853
         966    1.5e+04      2324 2326.16 2326.16     2316     464     464    1852
         967    1.5e+04      2324 2326.16 2326.16     2316     464     464    1852
         968    1.5e+04      2324 2326.16 2326.16     2315     464     464    1851
         969    1.5e+04      2324 2326.16 2326.16     2318     464     464    1854
         970    1.5e+04      2324 2326.16 2326.16     2316     464     464    1852
         971    1.5e+04      2324 2326.16 2326.16     2316     464     464    1852
         972    1.5e+04      2324 2326.16 2326.16     2316     464     464    1852
         973    1.5e+04      2324 2326.16 2326.16     2318     464     464    1854
         974    1.5e+04      2324 2326.16 2326.16     2314     464     464    1850
         975    1.5e+04      2324 2326.16 2326.16     2315     464     464    1851
         976    1.5e+04      2324 2326.16 2326.16     2313     464     464    1849
         977    1.5e+04      2324 2326.16 2326.16     2318     464     464    1854
         978    1.5e+04      2324 2326.16 2326.16     2317     464     464    1853
         979    1.5e+04      2324 2326.16 2326.16     2318     464     464    1854
         980    1.5e+04      2324 2326.16 2326.16     2314     464     464    1850
         981    1.5e+04      2324 2326.16 2326.16     2318     464     464    1854
         982    1.5e+04      2324 2326.16 2326.16     2314     464     464    1850
         983    1.5e+04      2324 2326.16 2326.16     2317     464     464    1853
         984    1.5e+04      2324 2326.16 2326.16     2315     464     464    1851
         985    1.5e+04      2324 2326.16 2326.16     2318     464     464    1854
         986    1.5e+04      2324 2326.16 2326.16     2314     464     464    1850
         987    1.5e+04      2324 2326.16 2326.16     2319     464     464    1855
         988    1.5e+04      2324 2326.16 2326.16     2314     464     464    1850
         989    1.5e+04      2324 2326.16 2326.16     2317     464     464    1853
         990    1.5e+04      2324 2326.16 2326.16     2315     464     464    1851
         991    1.5e+04      2324 2326.16 2326.16     2318     464     464    1854
         992    1.5e+04      2324 2326.16 2326.16     2316     464     464    1852
         993    1.5e+04      2324 2326.16 2326.16     2319     464     464    1855
         994    1.5e+04      2324 2326.16 2326.16     2314     464     464    1850
         995    1.5e+04      2324 2326.16 2326.16     2317     464     464    1853
         996    1.5e+04      2324 2326.16 2326.16     2313     464     464    1849
         997    1.5e+04      2324 2326.16 2326.16     2316     464     464    1852
         998    1.5e+04      2324 2326.16 2326.16     2309     464     464    1845
         999    1.5e+04      2324 2326.16 2326.16     2318     464     464    1854
        1000    1.5e+04      2324 2326.16 2326.16     2316     464     464    1852
Total time used by klau is 43.44
true_align (1135) and est_align (464) DO NOT have the same number of elements.
method klau has a score of 26.96%
method klau used 43.437 seconds.
maximum values in init align row is:  1134
maximum values in init align col is:  1132
 best   iter   pr-delta       obj  weight    card overlap
    *      1    5.0e-01      1594     470     470    1359
    *      2    1.4e-01      1717     470     470    1482
           3    5.0e-02      1714     470     470    1479
    *      4    2.0e-02      1725     470     470    1490
           5    8.2e-03      1725     470     470    1490
           6    3.9e-03      1721     470     470    1486
           7    1.9e-03      1721     470     470    1486
           8    9.6e-04      1721     470     470    1486
           9    5.0e-04      1721     470     470    1486
          10    2.7e-04      1721     470     470    1486
          11    1.5e-04      1721     470     470    1486
          12    8.6e-05      1721     470     470    1486
          13    4.9e-05      1721     470     470    1486
          14    2.9e-05      1721     470     470    1486
          15    1.7e-05      1721     470     470    1486
          16    9.9e-06      1721     470     470    1486
          17    5.9e-06      1721     470     470    1486
          18    3.5e-06      1721     470     470    1486
          19    2.1e-06      1721     470     470    1486
          20    1.3e-06      1721     470     470    1486
          21    8.0e-07      1721     470     470    1486
          22    4.9e-07      1721     470     470    1486
          23    3.1e-07      1721     470     470    1486
          24    1.9e-07      1721     470     470    1486
          25    1.2e-07      1721     470     470    1486
          26    7.5e-08      1721     470     470    1486
          27    4.7e-08      1721     470     470    1486
          28    3.0e-08      1721     470     470    1486
          29    1.9e-08      1721     470     470    1486
          30    1.2e-08      1721     470     470    1486
          31    7.9e-09      1721     470     470    1486
          32    5.1e-09      1721     470     470    1486
          33    3.3e-09      1721     470     470    1486
          34    2.1e-09      1721     470     470    1486
          35    1.4e-09      1721     470     470    1486
          36    9.0e-10      1721     470     470    1486
          37    5.9e-10      1721     470     470    1486
          38    3.8e-10      1721     470     470    1486
          39    2.5e-10      1721     470     470    1486
          40    1.6e-10      1721     470     470    1486
          41    1.1e-10      1721     470     470    1486
          42    7.1e-11      1721     470     470    1486
          43    4.7e-11      1721     470     470    1486
          44    3.1e-11      1721     470     470    1486
          45    2.0e-11      1721     470     470    1486
          46    1.3e-11      1721     470     470    1486
          47    8.9e-12      1721     470     470    1486
          48    5.9e-12      1721     470     470    1486
          49    3.9e-12      1721     470     470    1486
          50    2.6e-12      1721     470     470    1486
          51    1.7e-12      1721     470     470    1486
          52    1.1e-12      1721     470     470    1486
          53    7.5e-13      1721     470     470    1486
Total time used by isorank is 0.72
true_align (1135) and est_align (470) DO NOT have the same number of elements.
method isorank has a score of 7.14%
method isorank used 0.724 seconds.
experiment results:
     method      score       time
0     final  29.074890   3.158362
1  netalign  27.136564   1.860428
2      klau  26.960352  43.436505
3   isorank   7.136564   0.724391
