Permutation sanity check error is 82.0.
Permutation sanity check error is 21554.0.
num_init for this graph is 10
Generating initial alignment matrix using degree ...
mode is  degree
number of noisy edges are:  10
Average number of initial alignments for each node is 20
maximum values in init align row is:  1134
maximum values in init align col is:  1133
Recovering sparse matrix L took 0.00 sec.
Time for degree: 0.01 sec
iteration 1
Time for iteration 1: 0.19 sec, diff = 0.59017
iteration 2
Time for iteration 2: 0.16 sec, diff = 0.06449
iteration 3
Time for iteration 3: 0.15 sec, diff = 0.01836
iteration 4
Time for iteration 4: 0.13 sec, diff = 0.00735
iteration 5
Time for iteration 5: 0.14 sec, diff = 0.00350
iteration 6
Time for iteration 6: 0.14 sec, diff = 0.00186
iteration 7
Time for iteration 7: 0.14 sec, diff = 0.00106
iteration 8
Time for iteration 8: 0.13 sec, diff = 0.00063
iteration 9
Time for iteration 9: 0.14 sec, diff = 0.00039
iteration 10
Time for iteration 10: 0.14 sec, diff = 0.00025
iteration 11
Time for iteration 11: 0.13 sec, diff = 0.00016
iteration 12
Time for iteration 12: 0.14 sec, diff = 0.00011
iteration 13
Time for iteration 13: 0.13 sec, diff = 0.00007
iteration 14
Time for iteration 14: 0.14 sec, diff = 0.00005
iteration 15
Time for iteration 15: 0.13 sec, diff = 0.00003
iteration 16
Time for iteration 16: 0.14 sec, diff = 0.00002
iteration 17
Time for iteration 17: 0.14 sec, diff = 0.00002
iteration 18
Time for iteration 18: 0.13 sec, diff = 0.00001
iteration 19
Time for iteration 19: 0.14 sec, diff = 0.00001
Total time used by final is 2.95 sec.
true_align and est_align have the same number of elements.
method final has a score of 30.31%
method final used 2.954 seconds.
maximum values in init align row is:  1134
maximum values in init align col is:  1133
best   iter    obj_ma wght_ma card_ma over_ma    obj_mb wght_mb card_mb over_mb
  *a      1      1759     463     463    1296      1759     463     463    1296
          2       676     320     320     356       848     348     348     500
          3       951     436     436     515       769     334     334     435
          4       742     372     372     370       736     365     365     371
  *a      5      1906     460     460    1446      1866     433     433    1433
  *b      6      1983     462     462    1521      2021     441     441    1580
          7      1708     432     432    1276      1800     433     433    1367
          8       765     359     359     406       493     203     203     290
          9      1049     383     383     666       922     311     311     611
         10      1990     461     461    1529      1931     441     441    1490
  *a     11      2167     462     462    1705      2140     450     450    1690
  *b     12      2178     456     456    1722      2187     443     443    1744
         13      2176     453     453    1723      2139     424     424    1715
  *a     14      2224     456     456    1768      2050     384     384    1666
  *a     15      2278     458     458    1820      2246     441     441    1805
  *a     16      2289     460     460    1829      2271     448     448    1823
  *a     17      2294     460     460    1834      2269     445     445    1824
         18      2291     460     460    1831      2272     444     444    1828
         19      2293     460     460    1833      2291     453     453    1838
         20      2293     460     460    1833      2289     451     451    1838
  *a     21      2300     460     460    1840      2293     454     454    1839
         22      2299     460     460    1839      2292     454     454    1838
         23      2299     460     460    1839      2291     454     454    1837
         24      2298     460     460    1838      2294     456     456    1838
         25      2300     460     460    1840      2292     455     455    1837
         26      2300     460     460    1840      2297     457     457    1840
  *a     27      2301     460     460    1841      2297     457     457    1840
         28      2301     460     460    1841      2296     457     457    1839
         29      2301     460     460    1841      2291     453     453    1838
         30      2301     460     460    1841      2294     455     455    1839
         31      2301     460     460    1841      2295     456     456    1839
         32      2301     460     460    1841      2299     458     458    1841
         33      2301     460     460    1841      2300     459     459    1841
         34      2301     460     460    1841      2300     459     459    1841
         35      2301     460     460    1841      2296     456     456    1840
         36      2301     460     460    1841      2292     453     453    1839
         37      2301     460     460    1841      2293     454     454    1839
         38      2301     460     460    1841      2297     457     457    1840
         39      2301     460     460    1841      2300     459     459    1841
         40      2301     460     460    1841      2300     459     459    1841
         41      2301     460     460    1841      2300     459     459    1841
         42      2301     460     460    1841      2300     459     459    1841
         43      2301     460     460    1841      2298     458     458    1840
         44      2301     460     460    1841      2296     457     457    1839
         45      2301     460     460    1841      2296     457     457    1839
         46      2301     460     460    1841      2298     458     458    1840
         47      2301     460     460    1841      2300     459     459    1841
         48      2301     460     460    1841      2300     459     459    1841
         49      2301     460     460    1841      2300     459     459    1841
         50      2301     460     460    1841      2300     459     459    1841
         51      2301     460     460    1841      2298     458     458    1840
         52      2301     460     460    1841      2298     458     458    1840
         53      2301     460     460    1841      2296     457     457    1839
         54      2301     460     460    1841      2298     458     458    1840
         55      2301     460     460    1841      2298     458     458    1840
         56      2301     460     460    1841      2298     458     458    1840
         57      2301     460     460    1841      2296     457     457    1839
         58      2301     460     460    1841      2300     459     459    1841
         59      2301     460     460    1841      2300     459     459    1841
         60      2301     460     460    1841      2300     459     459    1841
         61      2301     460     460    1841      2300     459     459    1841
         62      2301     460     460    1841      2300     459     459    1841
         63      2301     460     460    1841      2298     458     458    1840
         64      2301     460     460    1841      2298     458     458    1840
         65      2301     460     460    1841      2298     458     458    1840
         66      2301     460     460    1841      2298     458     458    1840
         67      2301     460     460    1841      2298     458     458    1840
         68      2301     460     460    1841      2300     459     459    1841
         69      2301     460     460    1841      2300     459     459    1841
         70      2301     460     460    1841      2300     459     459    1841
         71      2301     460     460    1841      2300     459     459    1841
         72      2301     460     460    1841      2300     459     459    1841
         73      2301     460     460    1841      2300     459     459    1841
         74      2301     460     460    1841      2300     459     459    1841
         75      2301     460     460    1841      2300     459     459    1841
         76      2301     460     460    1841      2300     459     459    1841
         77      2301     460     460    1841      2300     459     459    1841
         78      2301     460     460    1841      2300     459     459    1841
         79      2301     460     460    1841      2300     459     459    1841
         80      2301     460     460    1841      2300     459     459    1841
         81      2301     460     460    1841      2300     459     459    1841
         82      2301     460     460    1841      2300     459     459    1841
         83      2301     460     460    1841      2300     459     459    1841
         84      2301     460     460    1841      2300     459     459    1841
         85      2301     460     460    1841      2300     459     459    1841
         86      2301     460     460    1841      2300     459     459    1841
         87      2301     460     460    1841      2300     459     459    1841
         88      2301     460     460    1841      2300     459     459    1841
         89      2301     460     460    1841      2300     459     459    1841
         90      2301     460     460    1841      2300     459     459    1841
         91      2301     460     460    1841      2300     459     459    1841
         92      2301     460     460    1841      2300     459     459    1841
         93      2301     460     460    1841      2300     459     459    1841
         94      2301     460     460    1841      2300     459     459    1841
         95      2301     460     460    1841      2300     459     459    1841
         96      2301     460     460    1841      2300     459     459    1841
         97      2301     460     460    1841      2300     459     459    1841
         98      2301     460     460    1841      2300     459     459    1841
         99      2301     460     460    1841      2300     459     459    1841
        100      2301     460     460    1841      2300     459     459    1841
Total time used by netalign is 1.83
true_align (1135) and est_align (460) DO NOT have the same number of elements.
method netalign has a score of 27.49%
method netalign used 1.828 seconds.
maximum values in init align row is:  1134
maximum values in init align col is:  1133
 best   iter     norm-u     lower   upper     cur      obj  weight    card overlap
    *      1    0.0e+00      1814    2602    2602     1814     463     463    1351
           2    1.4e+03      1814    2602    2784     1714     463     463    1251
           3    2.0e+03      1814    2602  2715.6     1513     463     463    1050
           4    2.6e+03      1814    2602  2742.6     1313     463     463     850
           5    3.0e+03      1814    2602  2716.5     1158     463     463     695
           6    3.6e+03      1814    2602  2709.3     1259     463     463     796
           7    4.1e+03      1814    2602  2704.5     1185     463     463     722
           8    4.5e+03      1814    2602  2694.6     1085     463     463     622
           9    4.9e+03      1814    2602  2689.5     1106     463     463     643
          10    5.3e+03      1814    2602  2683.1     1153     463     463     690
          11    5.6e+03      1814    2602  2675.7     1054     463     463     591
          12    6.0e+03      1814    2602  2698.2     1074     463     463     611
          13    6.2e+03      1814    2602  2671.6     1138     463     463     675
          14    6.5e+03      1814    2602    2678     1091     463     463     628
          15    6.8e+03      1814    2602  2667.5      991     463     463     528
          16    7.1e+03      1814    2602  2668.2     1136     463     463     673
          17    7.3e+03      1814    2602  2663.1     1153     463     463     690
          18    7.6e+03      1814    2602  2676.6     1008     463     463     545
          19    7.8e+03      1814    2602  2655.1     1114     463     463     651
          20    8.0e+03      1814    2602  2664.6      999     463     463     536
          21    8.3e+03      1814    2602    2653     1062     463     463     599
          22    8.5e+03      1814    2602  2671.7      965     463     463     502
          23    8.6e+03      1814    2602  2651.9     1073     463     463     610
          24    8.8e+03      1814    2602  2647.8      939     463     463     476
          25    9.0e+03      1814    2602  2641.3     1079     463     463     616
          26    9.2e+03      1814    2602  2651.7     1016     463     463     553
               reducing step to 0.2
          27    9.3e+03      1814  2530.2  2530.2     1046     463     463     583
          28    9.4e+03      1814  2528.6  2528.6     1043     463     463     580
          29    9.5e+03      1814  2508.5  2508.5     1036     463     463     573
          30    9.6e+03      1814  2496.3  2496.3     1078     463     463     615
          31    9.6e+03      1814  2491.5  2491.5     1023     463     463     560
          32    9.7e+03      1814  2486.9  2486.9     1147     463     463     684
          33    9.8e+03      1814  2483.7  2483.7     1057     463     463     594
          34    9.8e+03      1814  2477.5  2477.5     1188     463     463     725
          35    9.9e+03      1814  2458.3  2458.3     1143     463     463     680
          36    1.0e+04      1814  2458.3  2473.4     1146     463     463     683
          37    1.0e+04      1814  2458.3  2461.1     1143     463     463     680
          38    1.0e+04      1814  2458.3    2460     1151     463     463     688
          39    1.0e+04      1814  2458.3  2458.7     1191     463     463     728
          40    1.0e+04      1814  2449.7  2449.7     1156     463     463     693
          41    1.0e+04      1814  2449.7  2455.8     1210     463     463     747
          42    1.0e+04      1814  2443.1  2443.1     1173     463     463     710
          43    1.0e+04      1814  2443.1  2449.7     1140     463     463     677
          44    1.0e+04      1814  2443.1  2443.9     1240     463     463     777
          45    1.0e+04      1814    2437    2437     1257     463     463     794
          46    1.1e+04      1814    2437  2437.6     1186     463     463     723
          47    1.1e+04      1814  2434.5  2434.5     1280     463     463     817
          48    1.1e+04      1814  2432.2  2432.2     1252     463     463     789
          49    1.1e+04      1814  2432.2  2433.7     1278     463     463     815
          50    1.1e+04      1814  2432.1  2432.1     1377     463     463     914
          51    1.1e+04      1814  2423.1  2423.1     1278     463     463     815
          52    1.1e+04      1814  2423.1  2433.9     1302     463     463     839
          53    1.1e+04      1814  2423.1  2427.4     1337     463     463     874
          54    1.1e+04      1814  2421.2  2421.2     1414     463     463     951
          55    1.1e+04      1814  2415.3  2415.3     1327     463     463     864
          56    1.1e+04      1814  2415.3  2420.5     1385     463     463     922
          57    1.1e+04      1814  2415.3  2418.4     1352     463     463     889
          58    1.1e+04      1814  2415.3  2419.3     1364     463     463     901
          59    1.1e+04      1814  2415.3  2415.8     1382     463     463     919
          60    1.1e+04      1814  2415.3  2421.3     1402     463     463     939
          61    1.1e+04      1814  2412.5  2412.5     1342     463     463     879
          62    1.1e+04      1814  2412.5  2418.5     1421     463     463     958
          63    1.1e+04      1814  2412.4  2412.4     1356     463     463     893
          64    1.1e+04      1814    2409    2409     1297     463     463     834
          65    1.1e+04      1814    2409  2412.7     1390     463     463     927
          66    1.1e+04      1814  2400.8  2400.8     1565     463     463    1102
          67    1.1e+04      1814  2400.8  2406.6     1436     463     463     973
          68    1.1e+04      1814  2400.8  2406.5     1362     463     463     899
          69    1.1e+04      1814  2400.8  2412.2     1413     463     463     950
          70    1.2e+04      1814  2399.7  2399.7     1506     463     463    1043
          71    1.2e+04      1814  2399.7  2402.6     1512     463     463    1049
          72    1.2e+04      1814  2399.7  2405.1     1396     463     463     933
          73    1.2e+04      1814  2399.7  2404.9     1457     463     463     994
          74    1.2e+04      1814  2396.5  2396.5     1472     463     463    1009
          75    1.2e+04      1814  2396.5  2404.5     1465     463     463    1002
          76    1.2e+04      1814  2396.5  2397.9     1501     463     463    1038
          77    1.2e+04      1814  2393.9  2393.9     1438     463     463     975
          78    1.2e+04      1814  2393.9  2401.9     1451     463     463     988
          79    1.2e+04      1814  2393.9  2400.3     1509     463     463    1046
          80    1.2e+04      1814  2393.9  2394.7     1436     463     463     973
          81    1.2e+04      1814  2393.9  2403.7     1534     463     463    1071
          82    1.2e+04      1814  2385.2  2385.2     1503     463     463    1040
          83    1.2e+04      1814  2385.2  2398.5     1430     463     463     967
          84    1.2e+04      1814  2385.2  2400.2     1406     463     463     943
          85    1.2e+04      1814  2385.2  2390.8     1549     463     463    1086
          86    1.2e+04      1814  2385.2  2387.6     1418     463     463     955
          87    1.2e+04      1814  2385.2  2396.6     1393     463     463     930
          88    1.2e+04      1814  2385.2    2392     1573     463     463    1110
          89    1.2e+04      1814  2385.2  2387.4     1625     463     463    1162
          90    1.2e+04      1814  2385.2  2390.3     1496     463     463    1033
          91    1.2e+04      1814  2385.2  2386.9     1505     463     463    1042
          92    1.2e+04      1814  2385.2  2388.4     1552     463     463    1089
          93    1.2e+04      1814  2385.1  2385.1     1515     463     463    1052
          94    1.2e+04      1814  2385.1  2390.8     1413     463     463     950
          95    1.2e+04      1814  2385.1  2390.5     1470     463     463    1007
          96    1.2e+04      1814  2384.7  2384.7     1442     463     463     979
          97    1.2e+04      1814  2384.7  2395.5     1503     463     463    1040
          98    1.2e+04      1814  2384.7    2388     1511     463     463    1048
          99    1.2e+04      1814  2384.7  2388.1     1367     463     463     904
         100    1.3e+04      1814  2384.7  2399.2     1397     463     463     934
         101    1.3e+04      1814  2384.7  2385.6     1715     463     463    1252
         102    1.3e+04      1814  2378.6  2378.6     1616     463     463    1153
         103    1.3e+04      1814  2378.6  2385.4     1624     463     463    1161
         104    1.3e+04      1814  2378.6  2382.5     1477     463     463    1014
         105    1.3e+04      1814  2378.5  2378.5     1518     463     463    1055
         106    1.3e+04      1814  2378.5  2389.5     1556     463     463    1093
         107    1.3e+04      1814  2378.5  2382.4     1508     463     463    1045
         108    1.3e+04      1814  2378.5  2381.8     1553     463     463    1090
         109    1.3e+04      1814  2378.5  2384.2     1438     463     463     975
         110    1.3e+04      1814  2378.5  2384.7     1545     463     463    1082
         111    1.3e+04      1814  2378.5  2380.6     1559     463     463    1096
         112    1.3e+04      1814  2374.5  2374.5     1510     463     463    1047
         113    1.3e+04      1814  2374.5  2388.7     1416     463     463     953
         114    1.3e+04      1814  2374.5  2384.3     1597     463     463    1134
         115    1.3e+04      1814  2373.5  2373.5     1679     463     463    1216
         116    1.3e+04      1814  2371.3  2371.3     1618     463     463    1155
         117    1.3e+04      1814  2371.3  2380.7     1445     463     463     982
         118    1.3e+04      1814  2371.3  2382.2     1617     463     463    1154
         119    1.3e+04      1814  2371.1  2371.1     1699     463     463    1236
         120    1.3e+04      1814  2371.1  2377.1     1648     463     463    1185
         121    1.3e+04      1814  2371.1  2380.6     1590     463     463    1127
         122    1.3e+04      1814  2371.1  2382.7     1652     463     463    1189
         123    1.3e+04      1814  2371.1  2371.6     1674     463     463    1211
         124    1.3e+04      1814  2371.1  2371.6     1518     463     463    1055
         125    1.3e+04      1814  2371.1    2382     1395     463     463     932
         126    1.3e+04      1814  2371.1  2378.7     1590     463     463    1127
         127    1.3e+04      1814  2371.1  2372.5     1668     463     463    1205
         128    1.3e+04      1814  2371.1  2378.7     1575     463     463    1112
         129    1.3e+04      1814  2371.1  2376.2     1476     463     463    1013
         130    1.3e+04      1814  2371.1  2385.6     1501     463     463    1038
         131    1.3e+04      1814  2370.3  2370.3     1628     463     463    1165
         132    1.3e+04      1814  2370.3  2372.1     1680     463     463    1217
         133    1.3e+04      1814  2368.3  2368.3     1597     462     462    1135
         134    1.3e+04      1814  2368.3  2381.6     1495     463     463    1032
         135    1.3e+04      1814  2368.3  2375.5     1552     463     463    1089
         136    1.3e+04      1814  2368.3  2372.5     1668     463     463    1205
         137    1.3e+04      1814  2368.3    2369     1634     463     463    1171
         138    1.3e+04      1814  2368.3    2376     1543     463     463    1080
         139    1.4e+04      1814  2368.3  2374.8     1575     463     463    1112
         140    1.4e+04      1814  2368.3  2373.3     1567     463     463    1104
         141    1.4e+04      1814  2368.3  2373.4     1601     463     463    1138
         142    1.4e+04      1814  2368.3  2370.9     1652     463     463    1189
         143    1.4e+04      1814  2368.3  2370.3     1601     463     463    1138
         144    1.4e+04      1814  2368.3  2369.6     1601     463     463    1138
         145    1.4e+04      1814  2368.3  2375.4     1629     463     463    1166
         146    1.4e+04      1814  2368.3  2369.3     1706     463     463    1243
         147    1.4e+04      1814  2368.3  2370.3     1568     463     463    1105
         148    1.4e+04      1814  2368.3  2377.7     1562     463     463    1099
         149    1.4e+04      1814  2368.3  2370.6     1635     463     463    1172
         150    1.4e+04      1814  2366.6  2366.6     1526     463     463    1063
         151    1.4e+04      1814  2366.6    2375     1491     463     463    1028
         152    1.4e+04      1814  2366.6  2377.4     1586     463     463    1123
         153    1.4e+04      1814  2366.6  2369.5     1541     462     462    1079
         154    1.4e+04      1814  2366.6  2372.8     1689     463     463    1226
         155    1.4e+04      1814  2366.6  2368.2     1669     463     463    1206
         156    1.4e+04      1814  2366.6  2367.9     1530     463     463    1067
         157    1.4e+04      1814  2366.6  2375.6     1594     463     463    1131
         158    1.4e+04      1814  2366.6  2373.2     1601     463     463    1138
         159    1.4e+04      1814  2366.6  2372.3     1581     463     463    1118
         160    1.4e+04      1814  2366.6  2367.7     1621     463     463    1158
         161    1.4e+04      1814  2366.6  2370.8     1539     462     462    1077
         162    1.4e+04      1814  2366.6  2369.5     1674     462     462    1212
         163    1.4e+04      1814  2361.9  2361.9     1794     463     463    1331
         164    1.4e+04      1814  2361.9  2363.4     1720     463     463    1257
         165    1.4e+04      1814  2361.9  2370.6     1560     462     462    1098
         166    1.4e+04      1814  2361.9  2367.8     1629     463     463    1166
         167    1.4e+04      1814  2361.9  2366.6     1628     463     463    1165
         168    1.4e+04      1814  2361.9  2369.2     1718     463     463    1255
         169    1.4e+04      1814  2361.9    2365     1674     463     463    1211
         170    1.4e+04      1814  2361.9    2366     1577     462     462    1115
         171    1.4e+04      1814  2361.9  2372.2     1547     463     463    1084
         172    1.4e+04      1814  2361.9  2363.5     1577     463     463    1114
         173    1.4e+04      1814  2361.9  2369.5     1647     463     463    1184
         174    1.4e+04      1814  2361.9  2364.4     1675     463     463    1212
         175    1.4e+04      1814  2361.9    2363     1607     463     463    1144
         176    1.4e+04      1814  2361.9  2366.6     1562     463     463    1099
         177    1.4e+04      1814  2361.9  2368.3     1634     463     463    1171
         178    1.4e+04      1814  2359.9  2359.9     1689     463     463    1226
         179    1.4e+04      1814  2359.9  2363.3     1607     463     463    1144
         180    1.4e+04      1814  2359.9  2369.5     1721     463     463    1258
         181    1.4e+04      1814  2357.4  2357.4     1682     463     463    1219
         182    1.4e+04      1814  2357.4  2363.9     1613     463     463    1150
         183    1.4e+04      1814  2357.4  2367.9     1614     463     463    1151
         184    1.4e+04      1814  2357.4  2368.8     1587     463     463    1124
         185    1.4e+04      1814  2357.4  2368.9     1577     462     462    1115
         186    1.4e+04      1814  2357.4  2365.9     1608     463     463    1145
         187    1.5e+04      1814  2357.4  2360.5     1592     463     463    1129
         188    1.5e+04      1814  2357.4    2368     1541     463     463    1078
         189    1.5e+04      1814  2357.4  2368.9     1670     463     463    1207
         190    1.5e+04      1814  2356.8  2356.8     1663     463     463    1200
         191    1.5e+04      1814  2356.8  2366.3     1570     463     463    1107
         192    1.5e+04      1814  2356.8  2368.2     1595     463     463    1132
         193    1.5e+04      1814  2356.8  2367.5     1561     463     463    1098
         194    1.5e+04      1814  2356.8  2368.6     1495     463     463    1032
         195    1.5e+04      1814  2356.8  2368.9     1587     462     462    1125
         196    1.5e+04      1814  2356.8  2362.7     1777     463     463    1314
         197    1.5e+04      1814  2353.8  2353.8     1795     463     463    1332
         198    1.5e+04      1814  2353.8  2359.9     1509     463     463    1046
         199    1.5e+04      1814  2353.8    2375     1522     463     463    1059
         200    1.5e+04      1814  2353.8  2363.8     1528     463     463    1065
         201    1.5e+04      1814  2353.8  2366.5     1639     463     463    1176
         202    1.5e+04      1814  2353.8    2364     1685     463     463    1222
         203    1.5e+04      1814  2353.8  2363.1     1617     463     463    1154
         204    1.5e+04      1814  2353.8  2373.2     1564     463     463    1101
         205    1.5e+04      1814  2353.8  2361.7     1748     463     463    1285
         206    1.5e+04      1814  2353.8  2359.1     1662     463     463    1199
         207    1.5e+04      1814  2353.8  2361.8     1671     463     463    1208
         208    1.5e+04      1814  2353.8  2366.7     1475     463     463    1012
         209    1.5e+04      1814  2353.8  2369.8     1620     463     463    1157
         210    1.5e+04      1814  2353.8  2360.3     1689     463     463    1226
         211    1.5e+04      1814  2353.8  2357.5     1698     463     463    1235
         212    1.5e+04      1814  2353.8  2366.7     1607     463     463    1144
         213    1.5e+04      1814  2353.8  2369.1     1561     463     463    1098
         214    1.5e+04      1814  2353.8  2357.7     1768     463     463    1305
         215    1.5e+04      1814  2353.8  2354.7     1716     463     463    1253
         216    1.5e+04      1814  2353.8  2367.6     1632     463     463    1169
         217    1.5e+04      1814  2353.8    2361     1638     463     463    1175
         218    1.5e+04      1814  2353.8  2364.1     1672     463     463    1209
         219    1.5e+04      1814  2353.8  2363.2     1748     463     463    1285
         220    1.5e+04      1814  2353.8  2356.8     1761     463     463    1298
         221    1.5e+04      1814  2353.8  2358.2     1664     463     463    1201
         222    1.5e+04      1814  2353.8    2364     1734     463     463    1271
               reducing step to 0.1
    *    223    1.5e+04      1868  2337.8  2337.8     1868     462     462    1406
    *    224    1.5e+04      1943  2329.6  2329.6     1943     462     462    1481
    *    225    1.5e+04      2096  2326.9  2326.9     2096     463     463    1633
    *    226    1.5e+04      2167  2324.7  2324.7     2167     463     463    1704
         227    1.5e+04      2167  2323.9  2323.9     2144     462     462    1682
    *    228    1.5e+04      2168    2323    2323     2168     462     462    1706
         229    1.5e+04      2168  2322.9  2322.9     2162     462     462    1700
    *    230    1.5e+04      2208  2320.9  2320.9     2208     462     462    1746
         231    1.5e+04      2208  2320.9  2321.5     2175     463     463    1712
         232    1.5e+04      2208  2320.9    2321     2182     461     461    1721
    *    233    1.5e+04      2240  2320.4  2320.4     2240     462     462    1778
         234    1.5e+04      2240  2320.4  2321.9     2179     462     462    1717
    *    235    1.5e+04      2257  2319.7  2319.7     2257     462     462    1795
    *    236    1.5e+04      2273  2319.7  2320.8     2273     462     462    1811
         237    1.5e+04      2273  2319.6  2319.6     2204     462     462    1742
         238    1.5e+04      2273  2319.3  2319.3     2201     462     462    1739
         239    1.5e+04      2273  2319.3  2319.8     2245     462     462    1783
         240    1.5e+04      2273  2319.3  2319.5     2163     462     462    1701
         241    1.5e+04      2273  2319.1  2319.1     2115     462     462    1653
         242    1.5e+04      2273  2319.1  2320.1     2206     462     462    1744
         243    1.5e+04      2273  2319.1  2319.7     2183     462     462    1721
         244    1.5e+04      2273  2319.1  2319.1     2180     462     462    1718
         245    1.5e+04      2273  2318.7  2318.7     2155     463     463    1692
         246    1.5e+04      2273  2318.7  2319.3     2128     462     462    1666
         247    1.5e+04      2273  2318.7  2318.9     2098     462     462    1636
         248    1.5e+04      2273  2318.7  2320.6     2136     462     462    1674
         249    1.5e+04      2273  2318.7  2319.4     2236     462     462    1774
         250    1.5e+04      2273  2317.8  2317.8     2169     462     462    1707
         251    1.5e+04      2273  2317.8  2321.6     2060     462     462    1598
         252    1.5e+04      2273  2317.8    2319     2113     462     462    1651
         253    1.5e+04      2273  2317.8    2320     2086     463     463    1623
         254    1.5e+04      2273  2317.8  2319.9     2108     462     462    1646
         255    1.5e+04      2273  2317.8  2320.2     2131     462     462    1669
         256    1.5e+04      2273  2317.8  2318.5     2176     462     462    1714
         257    1.5e+04      2273  2317.8    2320     2204     462     462    1742
         258    1.5e+04      2273  2317.8  2317.9     2228     462     462    1766
         259    1.5e+04      2273  2317.8  2318.1     2201     462     462    1739
         260    1.5e+04      2273  2316.9  2316.9     2208     462     462    1746
         261    1.5e+04      2273  2316.9  2317.4     2210     462     462    1748
         262    1.5e+04      2273  2316.9    2318     2197     462     462    1735
         263    1.5e+04      2273  2316.9  2317.2     2101     462     462    1639
         264    1.5e+04      2273  2316.9  2319.8     2175     462     462    1713
         265    1.5e+04      2273  2316.9  2318.5     2141     462     462    1679
         266    1.5e+04      2273  2316.9  2317.4     2197     462     462    1735
         267    1.5e+04      2273  2316.7  2316.7     2146     462     462    1684
         268    1.5e+04      2273  2316.7  2317.2     2187     462     462    1725
         269    1.5e+04      2273  2316.7  2317.4     2152     462     462    1690
         270    1.5e+04      2273  2316.6  2316.6     2179     462     462    1717
         271    1.5e+04      2273  2316.6  2318.4     2139     463     463    1676
         272    1.5e+04      2273  2316.6  2316.9     2221     462     462    1759
         273    1.5e+04      2273  2316.6  2316.9     2261     462     462    1799
         274    1.5e+04      2273  2316.1  2316.1     2244     462     462    1782
         275    1.5e+04      2273  2315.8  2315.8     2256     462     462    1794
         276    1.5e+04      2273  2315.7  2315.7     2228     463     463    1765
         277    1.5e+04      2273  2315.7  2317.7     2217     462     462    1755
         278    1.5e+04      2273  2315.5  2315.5     2183     462     462    1721
         279    1.5e+04      2273  2315.5  2316.8     2253     462     462    1791
         280    1.5e+04      2273  2315.5  2316.4     2225     462     462    1763
         281    1.5e+04      2273  2315.5    2317     2095     462     462    1633
         282    1.5e+04      2273  2315.5  2317.1     2156     462     462    1694
         283    1.5e+04      2273  2315.5  2316.6     2081     462     462    1619
         284    1.5e+04      2273  2315.5  2318.6     2023     463     463    1560
         285    1.5e+04      2273  2315.5  2317.9     2155     462     462    1693
         286    1.5e+04      2273  2315.5  2317.5     2137     462     462    1675
         287    1.5e+04      2273  2315.5  2317.5     2153     462     462    1691
         288    1.5e+04      2273  2315.5  2315.9     2183     462     462    1721
         289    1.5e+04      2273  2315.5  2315.6     2180     462     462    1718
         290    1.5e+04      2273  2315.5  2316.3     2128     461     461    1667
         291    1.5e+04      2273  2314.7  2314.7     2188     462     462    1726
         292    1.5e+04      2273  2314.7  2316.1     2124     462     462    1662
         293    1.5e+04      2273  2314.7  2315.5     2133     462     462    1671
         294    1.5e+04      2273  2314.7  2316.7     2214     462     462    1752
         295    1.5e+04      2273  2314.7  2316.2     2259     462     462    1797
         296    1.5e+04      2273  2314.7  2315.7     2230     462     462    1768
         297    1.5e+04      2273  2314.4  2314.4     2236     462     462    1774
         298    1.5e+04      2273  2314.4  2315.5     2260     462     462    1798
         299    1.5e+04      2273  2314.4  2315.8     2233     461     461    1772
         300    1.5e+04      2273  2314.4    2317     2189     461     461    1728
    *    301    1.5e+04      2276    2314    2314     2276     461     461    1815
         302    1.5e+04      2276    2314  2315.4     2264     461     461    1803
         303    1.5e+04      2276    2314  2315.6     2256     461     461    1795
         304    1.5e+04      2276    2314  2315.6     2275     461     461    1814
    *    305    1.5e+04      2279    2314  2315.5     2279     461     461    1818
    *    306    1.5e+04      2287    2314  2315.6     2287     461     461    1826
         307    1.5e+04      2287    2314  2315.3     2242     461     461    1781
         308    1.5e+04      2287    2314  2315.5     2284     461     461    1823
         309    1.5e+04      2287    2314  2314.9     2271     461     461    1810
         310    1.5e+04      2287    2314  2315.4     2280     461     461    1819
         311    1.5e+04      2287    2314  2315.9     2285     461     461    1824
         312    1.5e+04      2287    2314  2315.3     2279     461     461    1818
    *    313    1.5e+04      2288    2314  2314.5     2288     461     461    1827
         314    1.5e+04      2288    2314  2315.6     2285     461     461    1824
    *    315    1.5e+04      2290    2314  2314.9     2290     461     461    1829
         316    1.5e+04      2290    2314  2315.3     2286     461     461    1825
         317    1.5e+04      2290    2314  2314.8     2284     461     461    1823
         318    1.5e+04      2290    2314  2314.7     2286     461     461    1825
         319    1.5e+04      2290    2314  2314.9     2278     461     461    1817
         320    1.5e+04      2290    2314  2314.8     2277     461     461    1816
         321    1.5e+04      2290    2314  2315.8     2288     461     461    1827
         322    1.5e+04      2290    2314  2315.2     2282     461     461    1821
         323    1.5e+04      2290    2314  2314.8     2283     461     461    1822
         324    1.5e+04      2290    2314  2315.2     2289     461     461    1828
         325    1.5e+04      2290    2314  2315.1     2280     461     461    1819
         326    1.5e+04      2290    2314  2314.1     2277     461     461    1816
               reducing step to 0.05
         327    1.5e+04      2290 2311.05 2311.05     2171     462     462    1709
         328    1.5e+04      2290 2309.45 2309.45     2171     461     461    1710
         329    1.5e+04      2290 2309.45  2310.1     2247     462     462    1785
         330    1.5e+04      2290 2309.45 2309.45     2218     461     461    1757
         331    1.5e+04      2290 2309.45  2309.9     2268     461     461    1807
         332    1.5e+04      2290    2309    2309     2277     461     461    1816
         333    1.5e+04      2290    2309  2309.1     2234     462     462    1772
         334    1.5e+04      2290    2309    2309     2268     461     461    1807
         335    1.5e+04      2290 2308.95 2308.95     2287     461     461    1826
         336    1.5e+04      2290 2308.75 2308.75     2280     461     461    1819
         337    1.5e+04      2290  2308.5  2308.5     2288     460     460    1828
    *    338    1.5e+04      2294 2308.35 2308.35     2294     460     460    1834
    *    339    1.5e+04      2295 2308.35 2308.35     2295     460     460    1835
         340    1.5e+04      2295 2308.35  2308.5     2292     460     460    1832
    *    341    1.5e+04      2297 2308.35 2308.35     2297     460     460    1837
         342    1.5e+04      2297 2308.35 2308.55     2290     460     460    1830
         343    1.5e+04      2297 2308.35 2308.45     2294     460     460    1834
         344    1.5e+04      2297 2308.35 2308.55     2293     460     460    1833
         345    1.5e+04      2297 2308.35 2308.35     2295     460     460    1835
         346    1.5e+04      2297 2308.35  2308.5     2294     460     460    1834
         347    1.5e+04      2297 2308.35 2308.55     2296     460     460    1836
         348    1.5e+04      2297 2308.35  2308.4     2294     460     460    1834
         349    1.5e+04      2297 2308.35 2308.35     2297     460     460    1837
         350    1.5e+04      2297 2308.35  2308.4     2289     460     460    1829
         351    1.5e+04      2297 2308.35  2308.5     2297     460     460    1837
         352    1.5e+04      2297 2308.35 2308.35     2294     460     460    1834
         353    1.5e+04      2297 2308.35 2308.45     2296     460     460    1836
         354    1.5e+04      2297 2308.35  2308.4     2295     460     460    1835
         355    1.5e+04      2297 2308.35 2308.45     2296     460     460    1836
         356    1.5e+04      2297 2308.35  2308.4     2295     460     460    1835
         357    1.5e+04      2297 2308.35  2308.4     2297     460     460    1837
         358    1.5e+04      2297 2308.35  2308.5     2296     460     460    1836
         359    1.5e+04      2297 2308.35 2308.45     2294     460     460    1834
         360    1.5e+04      2297 2308.35 2308.35     2296     460     460    1836
         361    1.5e+04      2297 2308.35  2308.5     2296     460     460    1836
         362    1.5e+04      2297 2308.35 2308.45     2292     460     460    1832
         363    1.5e+04      2297 2308.35 2308.45     2294     460     460    1834
         364    1.5e+04      2297  2308.2  2308.2     2294     460     460    1834
         365    1.5e+04      2297  2308.2 2308.45     2296     460     460    1836
         366    1.5e+04      2297  2308.2 2308.35     2294     460     460    1834
         367    1.5e+04      2297  2308.2  2308.4     2294     460     460    1834
         368    1.5e+04      2297  2308.2  2308.4     2296     460     460    1836
         369    1.5e+04      2297  2308.2  2308.2     2295     460     460    1835
         370    1.5e+04      2297  2308.2 2308.45     2294     460     460    1834
         371    1.5e+04      2297  2308.2 2308.35     2295     460     460    1835
         372    1.5e+04      2297  2308.2 2308.35     2295     460     460    1835
         373    1.5e+04      2297  2308.2 2308.35     2295     460     460    1835
         374    1.5e+04      2297  2308.2 2308.45     2292     460     460    1832
         375    1.5e+04      2297  2308.2  2308.5     2291     460     460    1831
         376    1.5e+04      2297  2308.2 2308.25     2292     460     460    1832
         377    1.5e+04      2297  2308.2  2308.4     2296     460     460    1836
         378    1.5e+04      2297  2308.2 2308.35     2292     460     460    1832
         379    1.5e+04      2297  2308.2  2308.6     2291     460     460    1831
         380    1.5e+04      2297  2308.1  2308.1     2295     460     460    1835
         381    1.5e+04      2297  2308.1  2308.5     2294     460     460    1834
         382    1.5e+04      2297  2308.1 2308.35     2291     460     460    1831
         383    1.5e+04      2297  2308.1  2308.7     2294     460     460    1834
         384    1.5e+04      2297  2308.1  2308.3     2295     460     460    1835
         385    1.5e+04      2297  2308.1 2308.35     2294     460     460    1834
         386    1.5e+04      2297  2308.1 2308.25     2294     460     460    1834
         387    1.5e+04      2297  2308.1  2308.4     2296     460     460    1836
         388    1.5e+04      2297  2308.1 2308.25     2294     460     460    1834
         389    1.5e+04      2297  2308.1 2308.55     2289     460     460    1829
         390    1.5e+04      2297  2308.1 2308.25     2295     460     460    1835
         391    1.5e+04      2297  2308.1 2308.55     2290     460     460    1830
         392    1.5e+04      2297  2308.1 2308.45     2293     460     460    1833
         393    1.5e+04      2297  2308.1 2308.55     2296     460     460    1836
         394    1.5e+04      2297  2308.1  2308.3     2293     460     460    1833
         395    1.5e+04      2297  2308.1  2308.5     2294     460     460    1834
         396    1.5e+04      2297  2308.1  2308.3     2293     460     460    1833
         397    1.5e+04      2297  2308.1  2308.5     2292     460     460    1832
         398    1.5e+04      2297  2308.1  2308.3     2292     460     460    1832
         399    1.5e+04      2297  2308.1 2308.65     2293     460     460    1833
         400    1.5e+04      2297  2308.1  2308.2     2293     460     460    1833
         401    1.5e+04      2297  2308.1 2308.45     2292     460     460    1832
         402    1.5e+04      2297  2308.1  2308.3     2293     460     460    1833
         403    1.5e+04      2297  2308.1  2308.6     2291     460     460    1831
         404    1.5e+04      2297  2308.1 2308.35     2291     460     460    1831
         405    1.5e+04      2297  2308.1 2308.45     2293     460     460    1833
               reducing step to 0.025
         406    1.5e+04      2297 2306.95 2306.95     2284     460     460    1824
         407    1.5e+04      2297 2305.97 2305.97     2236     460     460    1776
         408    1.5e+04      2297 2305.97 2306.52     2286     460     460    1826
         409    1.5e+04      2297 2305.97 2306.12     2290     460     460    1830
         410    1.5e+04      2297 2305.97 2306.37     2296     460     460    1836
         411    1.5e+04      2297 2305.95 2305.95     2297     460     460    1837
         412    1.5e+04      2297 2305.95 2306.47     2296     460     460    1836
         413    1.5e+04      2297 2305.95    2306     2293     460     460    1833
         414    1.5e+04      2297 2305.95 2306.45     2296     460     460    1836
         415    1.5e+04      2297 2305.95 2306.02     2296     460     460    1836
         416    1.5e+04      2297 2305.95 2306.45     2296     460     460    1836
         417    1.5e+04      2297 2305.95 2305.97     2297     460     460    1837
         418    1.5e+04      2297 2305.95  2306.4     2294     460     460    1834
         419    1.5e+04      2297 2305.95 2306.02     2297     460     460    1837
         420    1.5e+04      2297 2305.95 2306.35     2294     460     460    1834
         421    1.5e+04      2297 2305.95 2305.97     2294     460     460    1834
         422    1.5e+04      2297 2305.95 2306.45     2295     460     460    1835
    *    423    1.5e+04      2299 2305.92 2305.92     2299     460     460    1839
         424    1.5e+04      2299 2305.92 2306.37     2296     460     460    1836
         425    1.5e+04      2299 2305.87 2305.87     2298     460     460    1838
         426    1.5e+04      2299 2305.87 2306.37     2297     460     460    1837
         427    1.5e+04      2299 2305.87 2305.92     2297     460     460    1837
         428    1.5e+04      2299 2305.87 2306.37     2294     460     460    1834
         429    1.5e+04      2299 2305.85 2305.85     2297     460     460    1837
         430    1.5e+04      2299 2305.85  2306.4     2295     460     460    1835
         431    1.5e+04      2299 2305.85 2305.92     2296     460     460    1836
         432    1.5e+04      2299 2305.85  2306.4     2295     460     460    1835
         433    1.5e+04      2299 2305.85 2305.92     2289     460     460    1829
         434    1.5e+04      2299 2305.85 2306.37     2297     460     460    1837
         435    1.5e+04      2299 2305.85 2305.95     2288     460     460    1828
         436    1.5e+04      2299 2305.85 2306.27     2295     460     460    1835
         437    1.5e+04      2299 2305.85 2305.92     2296     460     460    1836
         438    1.5e+04      2299 2305.85  2306.4     2295     460     460    1835
         439    1.5e+04      2299 2305.85 2305.95     2296     460     460    1836
         440    1.5e+04      2299 2305.85 2306.37     2291     460     460    1831
         441    1.5e+04      2299 2305.85  2305.9     2294     460     460    1834
         442    1.5e+04      2299 2305.85 2306.42     2294     460     460    1834
         443    1.5e+04      2299 2305.85  2305.9     2296     460     460    1836
         444    1.5e+04      2299 2305.85 2306.35     2295     460     460    1835
         445    1.5e+04      2299 2305.85  2305.9     2296     460     460    1836
         446    1.5e+04      2299 2305.85 2306.37     2295     460     460    1835
         447    1.5e+04      2299 2305.85 2305.92     2297     460     460    1837
         448    1.5e+04      2299 2305.85 2306.37     2292     460     460    1832
         449    1.5e+04      2299 2305.85  2305.9     2284     460     460    1824
         450    1.5e+04      2299 2305.85  2306.4     2295     460     460    1835
         451    1.5e+04      2299 2305.85 2305.95     2295     460     460    1835
         452    1.5e+04      2299 2305.85  2306.3     2295     460     460    1835
         453    1.5e+04      2299 2305.85  2305.9     2295     460     460    1835
         454    1.5e+04      2299 2305.85 2306.32     2295     460     460    1835
               reducing step to 0.0125
         455    1.5e+04      2299 2305.56 2305.56     2284     460     460    1824
         456    1.5e+04      2299  2305.2  2305.2     2294     460     460    1834
         457    1.5e+04      2299  2305.2 2305.26     2296     460     460    1836
         458    1.5e+04      2299 2305.18 2305.18     2296     460     460    1836
         459    1.5e+04      2299 2305.18 2305.26     2294     460     460    1834
         460    1.5e+04      2299 2305.18 2305.19     2296     460     460    1836
         461    1.5e+04      2299 2305.18 2305.25     2295     460     460    1835
         462    1.5e+04      2299 2305.15 2305.15     2295     460     460    1835
         463    1.5e+04      2299 2305.15 2305.26     2296     460     460    1836
         464    1.5e+04      2299 2305.15 2305.16     2294     460     460    1834
         465    1.5e+04      2299 2305.15 2305.26     2295     460     460    1835
         466    1.5e+04      2299 2305.12 2305.12     2293     460     460    1833
         467    1.5e+04      2299 2305.12 2305.22     2296     460     460    1836
         468    1.5e+04      2299 2305.12 2305.14     2297     460     460    1837
         469    1.5e+04      2299 2305.12 2305.27     2296     460     460    1836
         470    1.5e+04      2299 2305.12 2305.15     2294     460     460    1834
         471    1.5e+04      2299 2305.12 2305.24     2296     460     460    1836
         472    1.5e+04      2299 2305.12 2305.14     2295     460     460    1835
         473    1.5e+04      2299 2305.12 2305.26     2297     460     460    1837
         474    1.5e+04      2299 2305.12 2305.15     2294     460     460    1834
         475    1.5e+04      2299 2305.12 2305.26     2297     460     460    1837
         476    1.5e+04      2299 2305.12 2305.14     2295     460     460    1835
         477    1.5e+04      2299 2305.12 2305.24     2298     460     460    1838
         478    1.5e+04      2299 2305.12 2305.12     2289     460     460    1829
         479    1.5e+04      2299 2305.12  2305.3     2296     460     460    1836
         480    1.5e+04      2299 2305.12 2305.12     2292     460     460    1832
         481    1.5e+04      2299 2305.12 2305.26     2298     460     460    1838
         482    1.5e+04      2299 2305.12 2305.15     2293     460     460    1833
         483    1.5e+04      2299 2305.12 2305.26     2297     460     460    1837
         484    1.5e+04      2299 2305.12 2305.12     2293     460     460    1833
         485    1.5e+04      2299 2305.12 2305.27     2298     460     460    1838
         486    1.5e+04      2299 2305.12 2305.15     2292     460     460    1832
         487    1.5e+04      2299 2305.12 2305.24     2297     460     460    1837
         488    1.5e+04      2299 2305.11 2305.11     2293     460     460    1833
         489    1.5e+04      2299 2305.11 2305.26     2298     460     460    1838
         490    1.5e+04      2299 2305.11 2305.14     2293     460     460    1833
         491    1.5e+04      2299 2305.11 2305.25     2297     460     460    1837
         492    1.5e+04      2299  2305.1  2305.1     2293     460     460    1833
         493    1.5e+04      2299  2305.1 2305.26     2297     460     460    1837
         494    1.5e+04      2299  2305.1 2305.12     2293     460     460    1833
         495    1.5e+04      2299  2305.1 2305.25     2297     460     460    1837
         496    1.5e+04      2299  2305.1 2305.11     2289     460     460    1829
         497    1.5e+04      2299  2305.1 2305.26     2296     460     460    1836
         498    1.5e+04      2299  2305.1 2305.11     2295     460     460    1835
         499    1.5e+04      2299  2305.1 2305.27     2292     460     460    1832
         500    1.5e+04      2299  2305.1 2305.11     2292     460     460    1832
         501    1.5e+04      2299  2305.1 2305.26     2293     460     460    1833
         502    1.5e+04      2299  2305.1 2305.11     2286     460     460    1826
         503    1.5e+04      2299  2305.1 2305.24     2297     460     460    1837
         504    1.5e+04      2299  2305.1  2305.1     2294     460     460    1834
         505    1.5e+04      2299  2305.1 2305.25     2296     460     460    1836
         506    1.5e+04      2299  2305.1 2305.11     2293     460     460    1833
         507    1.5e+04      2299  2305.1 2305.24     2296     460     460    1836
         508    1.5e+04      2299  2305.1  2305.1     2293     460     460    1833
         509    1.5e+04      2299  2305.1 2305.25     2297     460     460    1837
         510    1.5e+04      2299  2305.1 2305.12     2293     460     460    1833
         511    1.5e+04      2299  2305.1 2305.24     2296     460     460    1836
         512    1.5e+04      2299  2305.1  2305.1     2294     460     460    1834
         513    1.5e+04      2299  2305.1 2305.26     2296     460     460    1836
         514    1.5e+04      2299  2305.1 2305.11     2293     460     460    1833
         515    1.5e+04      2299  2305.1 2305.24     2296     460     460    1836
         516    1.5e+04      2299 2305.09 2305.09     2293     460     460    1833
         517    1.5e+04      2299 2305.09 2305.22     2296     460     460    1836
         518    1.5e+04      2299 2305.09  2305.1     2293     460     460    1833
         519    1.5e+04      2299 2305.09 2305.22     2296     460     460    1836
         520    1.5e+04      2299 2305.09  2305.1     2293     460     460    1833
         521    1.5e+04      2299 2305.09 2305.21     2296     460     460    1836
         522    1.5e+04      2299 2305.09  2305.1     2293     460     460    1833
         523    1.5e+04      2299 2305.09 2305.21     2296     460     460    1836
         524    1.5e+04      2299 2305.09 2305.09     2293     460     460    1833
         525    1.5e+04      2299 2305.09 2305.21     2296     460     460    1836
         526    1.5e+04      2299 2305.09  2305.1     2293     460     460    1833
         527    1.5e+04      2299 2305.09 2305.22     2296     460     460    1836
         528    1.5e+04      2299 2305.09 2305.09     2294     460     460    1834
         529    1.5e+04      2299 2305.09  2305.2     2297     460     460    1837
         530    1.5e+04      2299 2305.09 2305.12     2293     460     460    1833
         531    1.5e+04      2299 2305.09 2305.24     2296     460     460    1836
         532    1.5e+04      2299 2305.09 2305.09     2293     460     460    1833
         533    1.5e+04      2299 2305.09  2305.2     2296     460     460    1836
         534    1.5e+04      2299 2305.09 2305.11     2292     460     460    1832
         535    1.5e+04      2299 2305.09 2305.22     2296     460     460    1836
         536    1.5e+04      2299 2305.09 2305.09     2293     460     460    1833
         537    1.5e+04      2299 2305.09  2305.2     2296     460     460    1836
         538    1.5e+04      2299 2305.09 2305.11     2292     460     460    1832
         539    1.5e+04      2299 2305.09 2305.22     2295     460     460    1835
         540    1.5e+04      2299 2305.09 2305.09     2291     460     460    1831
         541    1.5e+04      2299 2305.09 2305.19     2295     460     460    1835
         542    1.5e+04      2299 2305.09 2305.11     2293     460     460    1833
         543    1.5e+04      2299 2305.09 2305.22     2296     460     460    1836
         544    1.5e+04      2299 2305.07 2305.07     2293     460     460    1833
         545    1.5e+04      2299 2305.07 2305.19     2296     460     460    1836
         546    1.5e+04      2299 2305.07  2305.1     2292     460     460    1832
         547    1.5e+04      2299 2305.07 2305.21     2296     460     460    1836
         548    1.5e+04      2299 2305.07 2305.07     2294     460     460    1834
         549    1.5e+04      2299 2305.07 2305.19     2296     460     460    1836
         550    1.5e+04      2299 2305.07 2305.09     2292     460     460    1832
         551    1.5e+04      2299 2305.07  2305.2     2296     460     460    1836
         552    1.5e+04      2299 2305.06 2305.06     2293     460     460    1833
         553    1.5e+04      2299 2305.06 2305.17     2296     460     460    1836
         554    1.5e+04      2299 2305.06 2305.09     2293     460     460    1833
         555    1.5e+04      2299 2305.06 2305.21     2296     460     460    1836
         556    1.5e+04      2299 2305.06 2305.06     2293     460     460    1833
         557    1.5e+04      2299 2305.06 2305.17     2296     460     460    1836
         558    1.5e+04      2299 2305.06 2305.09     2292     460     460    1832
         559    1.5e+04      2299 2305.06  2305.2     2296     460     460    1836
         560    1.5e+04      2299 2305.06 2305.06     2293     460     460    1833
         561    1.5e+04      2299 2305.06 2305.17     2296     460     460    1836
         562    1.5e+04      2299 2305.06 2305.09     2292     460     460    1832
         563    1.5e+04      2299 2305.06  2305.2     2296     460     460    1836
         564    1.5e+04      2299 2305.06 2305.06     2294     460     460    1834
         565    1.5e+04      2299 2305.06 2305.19     2296     460     460    1836
         566    1.5e+04      2299 2305.06 2305.09     2292     460     460    1832
         567    1.5e+04      2299 2305.06  2305.2     2296     460     460    1836
         568    1.5e+04      2299 2305.06 2305.06     2293     460     460    1833
         569    1.5e+04      2299 2305.06 2305.17     2296     460     460    1836
         570    1.5e+04      2299 2305.06 2305.09     2292     460     460    1832
         571    1.5e+04      2299 2305.06  2305.2     2296     460     460    1836
         572    1.5e+04      2299 2305.06 2305.06     2293     460     460    1833
         573    1.5e+04      2299 2305.06 2305.17     2296     460     460    1836
         574    1.5e+04      2299 2305.06 2305.09     2292     460     460    1832
         575    1.5e+04      2299 2305.06  2305.2     2296     460     460    1836
         576    1.5e+04      2299 2305.06 2305.06     2290     460     460    1830
         577    1.5e+04      2299 2305.06 2305.17     2295     460     460    1835
               reducing step to 0.00625
         578    1.5e+04      2299 2304.86 2304.86     2293     460     460    1833
         579    1.5e+04      2299 2304.68 2304.68     2299     460     460    1839
    *    580    1.5e+04      2300 2304.61 2304.61     2300     460     460    1840
         581    1.5e+04      2300 2304.61 2304.64     2295     460     460    1835
         582    1.5e+04      2300 2304.61 2304.71     2298     460     460    1838
         583    1.5e+04      2300 2304.61 2304.66     2295     460     460    1835
    *    584    1.5e+04      2301 2304.61 2304.71     2301     460     460    1841
         585    1.5e+04      2301 2304.61 2304.62     2293     460     460    1833
         586    1.5e+04      2301 2304.61  2304.7     2298     460     460    1838
         587    1.5e+04      2301 2304.61 2304.62     2293     460     460    1833
         588    1.5e+04      2301 2304.61 2304.69     2296     460     460    1836
         589    1.5e+04      2301 2304.61 2304.61     2294     460     460    1834
         590    1.5e+04      2301 2304.61 2304.67     2299     460     460    1839
         591    1.5e+04      2301 2304.61 2304.62     2294     460     460    1834
         592    1.5e+04      2301 2304.61 2304.67     2298     460     460    1838
         593    1.5e+04      2301 2304.61 2304.62     2289     460     460    1829
         594    1.5e+04      2301 2304.61 2304.66     2298     460     460    1838
         595    1.5e+04      2301 2304.61 2304.62     2292     460     460    1832
         596    1.5e+04      2301 2304.61 2304.66     2298     460     460    1838
         597    1.5e+04      2301 2304.61 2304.61     2293     460     460    1833
         598    1.5e+04      2301 2304.61 2304.67     2298     460     460    1838
         599    1.5e+04      2301 2304.61 2304.62     2292     460     460    1832
         600    1.5e+04      2301 2304.61 2304.66     2299     460     460    1839
         601    1.5e+04      2301 2304.61 2304.61     2293     460     460    1833
         602    1.5e+04      2301 2304.61 2304.66     2299     460     460    1839
         603    1.5e+04      2301 2304.61 2304.61     2293     460     460    1833
         604    1.5e+04      2301 2304.61 2304.66     2299     460     460    1839
         605    1.5e+04      2301 2304.61 2304.61     2292     460     460    1832
               reducing step to 0.003125
         606    1.5e+04      2301 2304.53 2304.53     2295     460     460    1835
         607    1.5e+04      2301 2304.46 2304.46     2299     460     460    1839
         608    1.5e+04      2301 2304.46  2304.5     2297     460     460    1837
         609    1.5e+04      2301 2304.46 2304.47     2296     460     460    1836
         610    1.5e+04      2301 2304.46  2304.5     2296     460     460    1836
         611    1.5e+04      2301 2304.46 2304.46     2299     460     460    1839
         612    1.5e+04      2301 2304.46 2304.49     2295     460     460    1835
         613    1.5e+04      2301 2304.46 2304.46     2298     460     460    1838
         614    1.5e+04      2301 2304.46  2304.5     2294     460     460    1834
         615    1.5e+04      2301 2304.46 2304.46     2293     460     460    1833
         616    1.5e+04      2301 2304.46  2304.5     2293     460     460    1833
         617    1.5e+04      2301 2304.46 2304.46     2291     460     460    1831
         618    1.5e+04      2301 2304.46  2304.5     2292     460     460    1832
         619    1.5e+04      2301 2304.45 2304.45     2293     460     460    1833
         620    1.5e+04      2301 2304.45 2304.49     2292     460     460    1832
         621    1.5e+04      2301 2304.45 2304.45     2297     460     460    1837
         622    1.5e+04      2301 2304.45 2304.49     2296     460     460    1836
         623    1.5e+04      2301 2304.45 2304.45     2296     460     460    1836
         624    1.5e+04      2301 2304.45 2304.48     2295     460     460    1835
         625    1.5e+04      2301 2304.45 2304.45     2296     460     460    1836
         626    1.5e+04      2301 2304.45 2304.49     2295     460     460    1835
         627    1.5e+04      2301 2304.45 2304.45     2295     460     460    1835
         628    1.5e+04      2301 2304.45 2304.48     2297     460     460    1837
         629    1.5e+04      2301 2304.45 2304.46     2296     460     460    1836
         630    1.5e+04      2301 2304.45 2304.49     2295     460     460    1835
         631    1.5e+04      2301 2304.45 2304.45     2296     460     460    1836
         632    1.5e+04      2301 2304.45 2304.49     2295     460     460    1835
         633    1.5e+04      2301 2304.45 2304.45     2296     460     460    1836
         634    1.5e+04      2301 2304.45 2304.49     2294     460     460    1834
         635    1.5e+04      2301 2304.45 2304.45     2297     460     460    1837
         636    1.5e+04      2301 2304.45 2304.49     2296     460     460    1836
         637    1.5e+04      2301 2304.44 2304.44     2298     460     460    1838
         638    1.5e+04      2301 2304.44 2304.48     2296     460     460    1836
         639    1.5e+04      2301 2304.44 2304.44     2297     460     460    1837
         640    1.5e+04      2301 2304.44 2304.48     2296     460     460    1836
         641    1.5e+04      2301 2304.44 2304.44     2295     460     460    1835
         642    1.5e+04      2301 2304.44 2304.48     2296     460     460    1836
         643    1.5e+04      2301 2304.44 2304.44     2294     460     460    1834
         644    1.5e+04      2301 2304.44 2304.48     2296     460     460    1836
         645    1.5e+04      2301 2304.44 2304.44     2293     460     460    1833
         646    1.5e+04      2301 2304.44 2304.49     2296     460     460    1836
         647    1.5e+04      2301 2304.44 2304.44     2294     460     460    1834
         648    1.5e+04      2301 2304.44 2304.49     2296     460     460    1836
         649    1.5e+04      2301 2304.44 2304.44     2293     460     460    1833
         650    1.5e+04      2301 2304.44 2304.49     2296     460     460    1836
         651    1.5e+04      2301 2304.44 2304.44     2293     460     460    1833
         652    1.5e+04      2301 2304.44 2304.49     2296     460     460    1836
         653    1.5e+04      2301 2304.44 2304.44     2293     460     460    1833
         654    1.5e+04      2301 2304.44 2304.49     2296     460     460    1836
         655    1.5e+04      2301 2304.44 2304.44     2293     460     460    1833
         656    1.5e+04      2301 2304.44 2304.49     2296     460     460    1836
         657    1.5e+04      2301 2304.44 2304.44     2294     460     460    1834
         658    1.5e+04      2301 2304.44 2304.49     2296     460     460    1836
         659    1.5e+04      2301 2304.44 2304.44     2293     460     460    1833
         660    1.5e+04      2301 2304.44 2304.49     2296     460     460    1836
         661    1.5e+04      2301 2304.44 2304.44     2293     460     460    1833
         662    1.5e+04      2301 2304.44 2304.49     2296     460     460    1836
         663    1.5e+04      2301 2304.44 2304.44     2293     460     460    1833
         664    1.5e+04      2301 2304.44 2304.49     2296     460     460    1836
         665    1.5e+04      2301 2304.44 2304.45     2292     460     460    1832
         666    1.5e+04      2301 2304.44 2304.48     2294     460     460    1834
               reducing step to 0.0015625
         667    1.5e+04      2301  2304.4  2304.4     2296     460     460    1836
         668    1.5e+04      2301 2304.37 2304.37     2298     460     460    1838
         669    1.5e+04      2301 2304.37 2304.38     2297     460     460    1837
         670    1.5e+04      2301 2304.36 2304.36     2296     460     460    1836
         671    1.5e+04      2301 2304.36 2304.39     2295     460     460    1835
         672    1.5e+04      2301 2304.36 2304.36     2297     460     460    1837
         673    1.5e+04      2301 2304.36 2304.39     2296     460     460    1836
         674    1.5e+04      2301 2304.36 2304.36     2294     460     460    1834
         675    1.5e+04      2301 2304.36 2304.38     2295     460     460    1835
         676    1.5e+04      2301 2304.36 2304.36     2296     460     460    1836
         677    1.5e+04      2301 2304.36 2304.38     2298     460     460    1838
         678    1.5e+04      2301 2304.36 2304.36     2295     460     460    1835
         679    1.5e+04      2301 2304.36 2304.38     2297     460     460    1837
         680    1.5e+04      2301 2304.36 2304.36     2297     460     460    1837
         681    1.5e+04      2301 2304.36 2304.38     2295     460     460    1835
         682    1.5e+04      2301 2304.36 2304.37     2291     460     460    1831
         683    1.5e+04      2301 2304.36 2304.38     2298     460     460    1838
         684    1.5e+04      2301 2304.36 2304.36     2294     460     460    1834
         685    1.5e+04      2301 2304.36 2304.38     2297     460     460    1837
         686    1.5e+04      2301 2304.36 2304.36     2295     460     460    1835
         687    1.5e+04      2301 2304.36 2304.38     2296     460     460    1836
         688    1.5e+04      2301 2304.36 2304.36     2294     460     460    1834
         689    1.5e+04      2301 2304.36 2304.38     2298     460     460    1838
         690    1.5e+04      2301 2304.36 2304.36     2294     460     460    1834
         691    1.5e+04      2301 2304.36 2304.38     2297     460     460    1837
         692    1.5e+04      2301 2304.36 2304.36     2295     460     460    1835
         693    1.5e+04      2301 2304.36 2304.38     2298     460     460    1838
         694    1.5e+04      2301 2304.36 2304.36     2295     460     460    1835
         695    1.5e+04      2301 2304.36 2304.38     2297     460     460    1837
         696    1.5e+04      2301 2304.36 2304.36     2296     460     460    1836
         697    1.5e+04      2301 2304.36 2304.38     2296     460     460    1836
         698    1.5e+04      2301 2304.36 2304.36     2294     460     460    1834
         699    1.5e+04      2301 2304.36 2304.38     2296     460     460    1836
         700    1.5e+04      2301 2304.36 2304.36     2292     460     460    1832
         701    1.5e+04      2301 2304.36 2304.38     2292     460     460    1832
         702    1.5e+04      2301 2304.36 2304.36     2292     460     460    1832
         703    1.5e+04      2301 2304.36 2304.39     2292     460     460    1832
         704    1.5e+04      2301 2304.36 2304.36     2290     460     460    1830
         705    1.5e+04      2301 2304.36 2304.38     2296     460     460    1836
         706    1.5e+04      2301 2304.36 2304.36     2293     460     460    1833
         707    1.5e+04      2301 2304.36 2304.38     2297     460     460    1837
         708    1.5e+04      2301 2304.36 2304.36     2293     460     460    1833
         709    1.5e+04      2301 2304.36 2304.38     2296     460     460    1836
         710    1.5e+04      2301 2304.36 2304.36     2294     460     460    1834
         711    1.5e+04      2301 2304.36 2304.38     2296     460     460    1836
         712    1.5e+04      2301 2304.36 2304.36     2293     460     460    1833
         713    1.5e+04      2301 2304.36 2304.38     2296     460     460    1836
         714    1.5e+04      2301 2304.35 2304.35     2293     460     460    1833
         715    1.5e+04      2301 2304.35 2304.38     2296     460     460    1836
         716    1.5e+04      2301 2304.35 2304.35     2292     460     460    1832
         717    1.5e+04      2301 2304.35 2304.38     2297     460     460    1837
         718    1.5e+04      2301 2304.35 2304.35     2292     460     460    1832
         719    1.5e+04      2301 2304.35 2304.38     2298     460     460    1838
         720    1.5e+04      2301 2304.35 2304.35     2292     460     460    1832
         721    1.5e+04      2301 2304.35 2304.38     2297     460     460    1837
         722    1.5e+04      2301 2304.35 2304.35     2292     460     460    1832
         723    1.5e+04      2301 2304.35 2304.38     2297     460     460    1837
         724    1.5e+04      2301 2304.35 2304.35     2292     460     460    1832
         725    1.5e+04      2301 2304.35 2304.38     2297     460     460    1837
         726    1.5e+04      2301 2304.35 2304.35     2292     460     460    1832
         727    1.5e+04      2301 2304.35 2304.38     2297     460     460    1837
         728    1.5e+04      2301 2304.35 2304.35     2292     460     460    1832
         729    1.5e+04      2301 2304.35 2304.38     2298     460     460    1838
         730    1.5e+04      2301 2304.35 2304.35     2292     460     460    1832
         731    1.5e+04      2301 2304.35 2304.38     2297     460     460    1837
         732    1.5e+04      2301 2304.35 2304.35     2292     460     460    1832
         733    1.5e+04      2301 2304.35 2304.38     2297     460     460    1837
         734    1.5e+04      2301 2304.35 2304.35     2292     460     460    1832
         735    1.5e+04      2301 2304.35 2304.38     2295     460     460    1835
         736    1.5e+04      2301 2304.35 2304.35     2291     460     460    1831
         737    1.5e+04      2301 2304.35 2304.38     2298     460     460    1838
         738    1.5e+04      2301 2304.35 2304.35     2292     460     460    1832
         739    1.5e+04      2301 2304.35 2304.38     2298     460     460    1838
         740    1.5e+04      2301 2304.35 2304.35     2294     460     460    1834
         741    1.5e+04      2301 2304.35 2304.38     2298     460     460    1838
         742    1.5e+04      2301 2304.35 2304.35     2292     460     460    1832
         743    1.5e+04      2301 2304.35 2304.38     2297     460     460    1837
         744    1.5e+04      2301 2304.35 2304.35     2292     460     460    1832
         745    1.5e+04      2301 2304.35 2304.38     2297     460     460    1837
         746    1.5e+04      2301 2304.35 2304.35     2292     460     460    1832
         747    1.5e+04      2301 2304.35 2304.38     2297     460     460    1837
         748    1.5e+04      2301 2304.35 2304.35     2289     460     460    1829
         749    1.5e+04      2301 2304.35 2304.38     2297     460     460    1837
         750    1.5e+04      2301 2304.35 2304.35     2292     460     460    1832
         751    1.5e+04      2301 2304.35 2304.38     2297     460     460    1837
         752    1.5e+04      2301 2304.35 2304.35     2292     460     460    1832
         753    1.5e+04      2301 2304.35 2304.38     2298     460     460    1838
         754    1.5e+04      2301 2304.35 2304.35     2292     460     460    1832
         755    1.5e+04      2301 2304.35 2304.38     2297     460     460    1837
         756    1.5e+04      2301 2304.35 2304.35     2292     460     460    1832
         757    1.5e+04      2301 2304.35 2304.38     2297     460     460    1837
         758    1.5e+04      2301 2304.35 2304.35     2292     460     460    1832
         759    1.5e+04      2301 2304.35 2304.38     2297     460     460    1837
         760    1.5e+04      2301 2304.35 2304.35     2293     460     460    1833
         761    1.5e+04      2301 2304.35 2304.38     2297     460     460    1837
         762    1.5e+04      2301 2304.35 2304.35     2292     460     460    1832
         763    1.5e+04      2301 2304.35 2304.38     2297     460     460    1837
         764    1.5e+04      2301 2304.35 2304.35     2292     460     460    1832
         765    1.5e+04      2301 2304.35 2304.38     2297     460     460    1837
         766    1.5e+04      2301 2304.35 2304.35     2292     460     460    1832
         767    1.5e+04      2301 2304.35 2304.38     2297     460     460    1837
         768    1.5e+04      2301 2304.35 2304.35     2292     460     460    1832
         769    1.5e+04      2301 2304.35 2304.38     2295     460     460    1835
         770    1.5e+04      2301 2304.35 2304.35     2291     460     460    1831
         771    1.5e+04      2301 2304.35 2304.38     2295     460     460    1835
         772    1.5e+04      2301 2304.35 2304.35     2293     460     460    1833
         773    1.5e+04      2301 2304.35 2304.37     2297     460     460    1837
         774    1.5e+04      2301 2304.35 2304.35     2293     460     460    1833
         775    1.5e+04      2301 2304.35 2304.38     2297     460     460    1837
         776    1.5e+04      2301 2304.35 2304.35     2293     460     460    1833
         777    1.5e+04      2301 2304.35 2304.37     2297     460     460    1837
         778    1.5e+04      2301 2304.35 2304.35     2293     460     460    1833
         779    1.5e+04      2301 2304.35 2304.37     2297     460     460    1837
         780    1.5e+04      2301 2304.35 2304.35     2293     460     460    1833
         781    1.5e+04      2301 2304.35 2304.37     2297     460     460    1837
         782    1.5e+04      2301 2304.35 2304.35     2292     460     460    1832
         783    1.5e+04      2301 2304.35 2304.37     2298     460     460    1838
         784    1.5e+04      2301 2304.35 2304.35     2292     460     460    1832
         785    1.5e+04      2301 2304.35 2304.38     2297     460     460    1837
         786    1.5e+04      2301 2304.35 2304.35     2292     460     460    1832
         787    1.5e+04      2301 2304.35 2304.37     2297     460     460    1837
         788    1.5e+04      2301 2304.35 2304.35     2292     460     460    1832
         789    1.5e+04      2301 2304.35 2304.38     2294     460     460    1834
         790    1.5e+04      2301 2304.35 2304.35     2292     460     460    1832
         791    1.5e+04      2301 2304.35 2304.37     2297     460     460    1837
         792    1.5e+04      2301 2304.35 2304.35     2292     460     460    1832
         793    1.5e+04      2301 2304.35 2304.37     2297     460     460    1837
         794    1.5e+04      2301 2304.35 2304.35     2293     460     460    1833
         795    1.5e+04      2301 2304.35 2304.37     2297     460     460    1837
         796    1.5e+04      2301 2304.35 2304.35     2292     460     460    1832
         797    1.5e+04      2301 2304.35 2304.37     2297     460     460    1837
         798    1.5e+04      2301 2304.35 2304.35     2292     460     460    1832
         799    1.5e+04      2301 2304.35 2304.37     2298     460     460    1838
         800    1.5e+04      2301 2304.35 2304.35     2293     460     460    1833
         801    1.5e+04      2301 2304.35 2304.37     2297     460     460    1837
         802    1.5e+04      2301 2304.35 2304.35     2292     460     460    1832
         803    1.5e+04      2301 2304.35 2304.37     2297     460     460    1837
         804    1.5e+04      2301 2304.35 2304.35     2294     460     460    1834
         805    1.5e+04      2301 2304.35 2304.37     2297     460     460    1837
         806    1.5e+04      2301 2304.35 2304.35     2292     460     460    1832
         807    1.5e+04      2301 2304.35 2304.37     2297     460     460    1837
         808    1.5e+04      2301 2304.35 2304.35     2288     460     460    1828
         809    1.5e+04      2301 2304.35 2304.37     2294     460     460    1834
         810    1.5e+04      2301 2304.35 2304.35     2292     460     460    1832
         811    1.5e+04      2301 2304.35 2304.37     2297     460     460    1837
         812    1.5e+04      2301 2304.35 2304.35     2292     460     460    1832
         813    1.5e+04      2301 2304.35 2304.37     2298     460     460    1838
         814    1.5e+04      2301 2304.35 2304.35     2293     460     460    1833
         815    1.5e+04      2301 2304.35 2304.37     2298     460     460    1838
         816    1.5e+04      2301 2304.35 2304.35     2292     460     460    1832
         817    1.5e+04      2301 2304.35 2304.37     2297     460     460    1837
         818    1.5e+04      2301 2304.35 2304.35     2292     460     460    1832
         819    1.5e+04      2301 2304.35 2304.37     2297     460     460    1837
         820    1.5e+04      2301 2304.35 2304.35     2288     460     460    1828
         821    1.5e+04      2301 2304.35 2304.37     2295     460     460    1835
         822    1.5e+04      2301 2304.35 2304.35     2291     460     460    1831
         823    1.5e+04      2301 2304.35 2304.37     2297     460     460    1837
         824    1.5e+04      2301 2304.34 2304.34     2292     460     460    1832
         825    1.5e+04      2301 2304.34 2304.37     2297     460     460    1837
         826    1.5e+04      2301 2304.34 2304.34     2292     460     460    1832
         827    1.5e+04      2301 2304.34 2304.37     2297     460     460    1837
         828    1.5e+04      2301 2304.34 2304.34     2293     460     460    1833
         829    1.5e+04      2301 2304.34 2304.37     2297     460     460    1837
         830    1.5e+04      2301 2304.34 2304.34     2292     460     460    1832
         831    1.5e+04      2301 2304.34 2304.37     2297     460     460    1837
         832    1.5e+04      2301 2304.34 2304.34     2292     460     460    1832
         833    1.5e+04      2301 2304.34 2304.37     2297     460     460    1837
         834    1.5e+04      2301 2304.34 2304.34     2292     460     460    1832
         835    1.5e+04      2301 2304.34 2304.37     2297     460     460    1837
         836    1.5e+04      2301 2304.34 2304.34     2292     460     460    1832
         837    1.5e+04      2301 2304.34 2304.37     2297     460     460    1837
         838    1.5e+04      2301 2304.34 2304.34     2292     460     460    1832
         839    1.5e+04      2301 2304.34 2304.37     2297     460     460    1837
         840    1.5e+04      2301 2304.34 2304.34     2292     460     460    1832
         841    1.5e+04      2301 2304.34 2304.37     2298     460     460    1838
         842    1.5e+04      2301 2304.34 2304.34     2292     460     460    1832
         843    1.5e+04      2301 2304.34 2304.37     2297     460     460    1837
         844    1.5e+04      2301 2304.34 2304.34     2292     460     460    1832
         845    1.5e+04      2301 2304.34 2304.37     2296     460     460    1836
         846    1.5e+04      2301 2304.34 2304.34     2292     460     460    1832
         847    1.5e+04      2301 2304.34 2304.37     2297     460     460    1837
         848    1.5e+04      2301 2304.34 2304.34     2291     460     460    1831
         849    1.5e+04      2301 2304.34 2304.37     2294     460     460    1834
         850    1.5e+04      2301 2304.34 2304.34     2292     460     460    1832
         851    1.5e+04      2301 2304.34 2304.37     2293     460     460    1833
         852    1.5e+04      2301 2304.34 2304.34     2293     460     460    1833
         853    1.5e+04      2301 2304.34 2304.37     2296     460     460    1836
         854    1.5e+04      2301 2304.34 2304.34     2292     460     460    1832
         855    1.5e+04      2301 2304.34 2304.37     2296     460     460    1836
         856    1.5e+04      2301 2304.34 2304.34     2292     460     460    1832
         857    1.5e+04      2301 2304.34 2304.37     2297     460     460    1837
         858    1.5e+04      2301 2304.34 2304.34     2292     460     460    1832
         859    1.5e+04      2301 2304.34 2304.37     2296     460     460    1836
         860    1.5e+04      2301 2304.34 2304.34     2292     460     460    1832
         861    1.5e+04      2301 2304.34 2304.37     2294     460     460    1834
         862    1.5e+04      2301 2304.34 2304.34     2291     460     460    1831
         863    1.5e+04      2301 2304.34 2304.37     2296     460     460    1836
         864    1.5e+04      2301 2304.34 2304.34     2292     460     460    1832
         865    1.5e+04      2301 2304.34 2304.37     2296     460     460    1836
         866    1.5e+04      2301 2304.34 2304.34     2292     460     460    1832
         867    1.5e+04      2301 2304.34 2304.37     2297     460     460    1837
         868    1.5e+04      2301 2304.34 2304.34     2292     460     460    1832
         869    1.5e+04      2301 2304.34 2304.37     2296     460     460    1836
         870    1.5e+04      2301 2304.34 2304.34     2293     460     460    1833
         871    1.5e+04      2301 2304.34 2304.37     2297     460     460    1837
         872    1.5e+04      2301 2304.34 2304.34     2292     460     460    1832
         873    1.5e+04      2301 2304.34 2304.37     2296     460     460    1836
         874    1.5e+04      2301 2304.34 2304.34     2292     460     460    1832
         875    1.5e+04      2301 2304.34 2304.37     2296     460     460    1836
         876    1.5e+04      2301 2304.34 2304.34     2292     460     460    1832
         877    1.5e+04      2301 2304.34 2304.37     2296     460     460    1836
         878    1.5e+04      2301 2304.34 2304.34     2292     460     460    1832
         879    1.5e+04      2301 2304.34 2304.37     2296     460     460    1836
         880    1.5e+04      2301 2304.34 2304.34     2292     460     460    1832
         881    1.5e+04      2301 2304.34 2304.36     2296     460     460    1836
         882    1.5e+04      2301 2304.34 2304.34     2292     460     460    1832
         883    1.5e+04      2301 2304.34 2304.36     2296     460     460    1836
         884    1.5e+04      2301 2304.34 2304.34     2289     460     460    1829
         885    1.5e+04      2301 2304.34 2304.36     2296     460     460    1836
         886    1.5e+04      2301 2304.34 2304.34     2293     460     460    1833
         887    1.5e+04      2301 2304.34 2304.37     2296     460     460    1836
         888    1.5e+04      2301 2304.34 2304.34     2292     460     460    1832
         889    1.5e+04      2301 2304.34 2304.36     2296     460     460    1836
               reducing step to 0.00078125
         890    1.5e+04      2301 2304.32 2304.32     2298     460     460    1838
         891    1.5e+04      2301  2304.3  2304.3     2298     460     460    1838
         892    1.5e+04      2301  2304.3 2304.31     2299     460     460    1839
         893    1.5e+04      2301  2304.3  2304.3     2296     460     460    1836
         894    1.5e+04      2301  2304.3 2304.32     2296     460     460    1836
         895    1.5e+04      2301  2304.3  2304.3     2298     460     460    1838
         896    1.5e+04      2301  2304.3 2304.32     2295     460     460    1835
         897    1.5e+04      2301  2304.3  2304.3     2296     460     460    1836
         898    1.5e+04      2301  2304.3 2304.31     2295     460     460    1835
         899    1.5e+04      2301  2304.3  2304.3     2296     460     460    1836
         900    1.5e+04      2301  2304.3 2304.31     2293     460     460    1833
         901    1.5e+04      2301  2304.3  2304.3     2297     460     460    1837
         902    1.5e+04      2301  2304.3 2304.31     2297     460     460    1837
         903    1.5e+04      2301  2304.3  2304.3     2297     460     460    1837
         904    1.5e+04      2301  2304.3 2304.31     2296     460     460    1836
         905    1.5e+04      2301  2304.3  2304.3     2293     460     460    1833
         906    1.5e+04      2301  2304.3 2304.31     2297     460     460    1837
         907    1.5e+04      2301  2304.3  2304.3     2296     460     460    1836
         908    1.5e+04      2301  2304.3 2304.31     2297     460     460    1837
         909    1.5e+04      2301  2304.3  2304.3     2297     460     460    1837
         910    1.5e+04      2301  2304.3 2304.31     2296     460     460    1836
         911    1.5e+04      2301  2304.3  2304.3     2294     460     460    1834
         912    1.5e+04      2301  2304.3 2304.31     2297     460     460    1837
         913    1.5e+04      2301  2304.3  2304.3     2294     460     460    1834
         914    1.5e+04      2301  2304.3 2304.31     2297     460     460    1837
         915    1.5e+04      2301  2304.3  2304.3     2295     460     460    1835
         916    1.5e+04      2301  2304.3 2304.31     2297     460     460    1837
         917    1.5e+04      2301  2304.3  2304.3     2295     460     460    1835
         918    1.5e+04      2301  2304.3 2304.31     2297     460     460    1837
         919    1.5e+04      2301  2304.3  2304.3     2295     460     460    1835
         920    1.5e+04      2301  2304.3 2304.31     2296     460     460    1836
         921    1.5e+04      2301  2304.3  2304.3     2296     460     460    1836
         922    1.5e+04      2301  2304.3 2304.31     2296     460     460    1836
         923    1.5e+04      2301  2304.3  2304.3     2293     460     460    1833
         924    1.5e+04      2301  2304.3 2304.31     2296     460     460    1836
         925    1.5e+04      2301  2304.3  2304.3     2293     460     460    1833
         926    1.5e+04      2301  2304.3 2304.31     2296     460     460    1836
         927    1.5e+04      2301  2304.3  2304.3     2293     460     460    1833
         928    1.5e+04      2301  2304.3 2304.31     2295     460     460    1835
         929    1.5e+04      2301  2304.3  2304.3     2291     460     460    1831
         930    1.5e+04      2301  2304.3 2304.31     2293     460     460    1833
         931    1.5e+04      2301  2304.3  2304.3     2289     460     460    1829
         932    1.5e+04      2301  2304.3 2304.31     2294     460     460    1834
         933    1.5e+04      2301  2304.3  2304.3     2294     460     460    1834
         934    1.5e+04      2301  2304.3 2304.31     2296     460     460    1836
               reducing step to 0.000390625
         935    1.5e+04      2301 2304.29 2304.29     2298     460     460    1838
         936    1.5e+04      2301 2304.28 2304.28     2300     460     460    1840
         937    1.5e+04      2301 2304.28 2304.28     2299     460     460    1839
         938    1.5e+04      2301 2304.28 2304.28     2298     460     460    1838
         939    1.5e+04      2301 2304.28 2304.29     2297     460     460    1837
         940    1.5e+04      2301 2304.28 2304.28     2297     460     460    1837
         941    1.5e+04      2301 2304.28 2304.29     2296     460     460    1836
         942    1.5e+04      2301 2304.28 2304.28     2296     460     460    1836
         943    1.5e+04      2301 2304.28 2304.28     2297     460     460    1837
         944    1.5e+04      2301 2304.28 2304.28     2296     460     460    1836
         945    1.5e+04      2301 2304.28 2304.28     2296     460     460    1836
         946    1.5e+04      2301 2304.28 2304.28     2295     460     460    1835
         947    1.5e+04      2301 2304.28 2304.28     2298     460     460    1838
         948    1.5e+04      2301 2304.28 2304.28     2297     460     460    1837
         949    1.5e+04      2301 2304.28 2304.28     2298     460     460    1838
         950    1.5e+04      2301 2304.28 2304.28     2294     460     460    1834
         951    1.5e+04      2301 2304.28 2304.28     2298     460     460    1838
         952    1.5e+04      2301 2304.28 2304.28     2296     460     460    1836
         953    1.5e+04      2301 2304.28 2304.28     2299     460     460    1839
         954    1.5e+04      2301 2304.28 2304.28     2297     460     460    1837
         955    1.5e+04      2301 2304.28 2304.28     2297     460     460    1837
         956    1.5e+04      2301 2304.28 2304.28     2295     460     460    1835
         957    1.5e+04      2301 2304.28 2304.28     2298     460     460    1838
         958    1.5e+04      2301 2304.28 2304.28     2295     460     460    1835
         959    1.5e+04      2301 2304.28 2304.28     2298     460     460    1838
         960    1.5e+04      2301 2304.28 2304.28     2296     460     460    1836
         961    1.5e+04      2301 2304.28 2304.28     2299     460     460    1839
         962    1.5e+04      2301 2304.28 2304.28     2296     460     460    1836
               reducing step to 0.000195313
         963    1.5e+04      2301 2304.27 2304.27     2296     460     460    1836
         964    1.5e+04      2301 2304.27 2304.27     2299     460     460    1839
         965    1.5e+04      2301 2304.27 2304.27     2298     460     460    1838
         966    1.5e+04      2301 2304.27 2304.27     2298     460     460    1838
         967    1.5e+04      2301 2304.27 2304.27     2296     460     460    1836
         968    1.5e+04      2301 2304.27 2304.27     2296     460     460    1836
         969    1.5e+04      2301 2304.27 2304.27     2296     460     460    1836
         970    1.5e+04      2301 2304.27 2304.27     2298     460     460    1838
         971    1.5e+04      2301 2304.27 2304.27     2296     460     460    1836
         972    1.5e+04      2301 2304.27 2304.27     2297     460     460    1837
         973    1.5e+04      2301 2304.27 2304.27     2296     460     460    1836
         974    1.5e+04      2301 2304.27 2304.27     2297     460     460    1837
         975    1.5e+04      2301 2304.27 2304.27     2297     460     460    1837
         976    1.5e+04      2301 2304.27 2304.27     2296     460     460    1836
         977    1.5e+04      2301 2304.27 2304.27     2295     460     460    1835
         978    1.5e+04      2301 2304.27 2304.27     2297     460     460    1837
         979    1.5e+04      2301 2304.27 2304.27     2296     460     460    1836
         980    1.5e+04      2301 2304.27 2304.27     2297     460     460    1837
         981    1.5e+04      2301 2304.27 2304.27     2298     460     460    1838
         982    1.5e+04      2301 2304.27 2304.27     2297     460     460    1837
         983    1.5e+04      2301 2304.27 2304.27     2297     460     460    1837
         984    1.5e+04      2301 2304.27 2304.27     2296     460     460    1836
         985    1.5e+04      2301 2304.27 2304.27     2297     460     460    1837
         986    1.5e+04      2301 2304.27 2304.27     2295     460     460    1835
         987    1.5e+04      2301 2304.27 2304.27     2296     460     460    1836
         988    1.5e+04      2301 2304.27 2304.27     2297     460     460    1837
         989    1.5e+04      2301 2304.27 2304.27     2296     460     460    1836
         990    1.5e+04      2301 2304.27 2304.27     2295     460     460    1835
         991    1.5e+04      2301 2304.27 2304.27     2296     460     460    1836
         992    1.5e+04      2301 2304.27 2304.27     2295     460     460    1835
         993    1.5e+04      2301 2304.27 2304.27     2298     460     460    1838
         994    1.5e+04      2301 2304.27 2304.27     2294     460     460    1834
         995    1.5e+04      2301 2304.27 2304.27     2298     460     460    1838
         996    1.5e+04      2301 2304.27 2304.27     2296     460     460    1836
         997    1.5e+04      2301 2304.27 2304.27     2298     460     460    1838
         998    1.5e+04      2301 2304.27 2304.27     2295     460     460    1835
         999    1.5e+04      2301 2304.27 2304.27     2298     460     460    1838
        1000    1.5e+04      2301 2304.27 2304.27     2294     460     460    1834
Total time used by klau is 43.55
true_align (1135) and est_align (460) DO NOT have the same number of elements.
method klau has a score of 27.22%
method klau used 43.554 seconds.
maximum values in init align row is:  1134
maximum values in init align col is:  1133
 best   iter   pr-delta       obj  weight    card overlap
    *      1    5.1e-01    1628.5     463     463    1397
    *      2    1.4e-01    1698.5     463     463    1467
    *      3    5.1e-02    1705.5     463     463    1474
           4    2.1e-02    1701.5     463     463    1470
           5    8.7e-03    1702.5     463     463    1471
           6    4.2e-03    1699.5     463     463    1468
           7    2.1e-03    1695.5     463     463    1464
           8    1.1e-03    1694.5     463     463    1463
           9    5.8e-04    1695.5     463     463    1464
          10    3.2e-04    1694.5     463     463    1463
          11    1.8e-04    1695.5     463     463    1464
          12    1.0e-04    1694.5     463     463    1463
          13    6.1e-05    1694.5     463     463    1463
          14    3.6e-05    1694.5     463     463    1463
          15    2.1e-05    1694.5     463     463    1463
          16    1.3e-05    1694.5     463     463    1463
          17    7.7e-06    1694.5     463     463    1463
          18    4.7e-06    1694.5     463     463    1463
          19    2.9e-06    1694.5     463     463    1463
          20    1.8e-06    1694.5     463     463    1463
          21    1.1e-06    1694.5     463     463    1463
          22    6.8e-07    1694.5     463     463    1463
          23    4.3e-07    1694.5     463     463    1463
          24    2.7e-07    1694.5     463     463    1463
          25    1.7e-07    1694.5     463     463    1463
          26    1.1e-07    1694.5     463     463    1463
          27    6.9e-08    1694.5     463     463    1463
          28    4.4e-08    1694.5     463     463    1463
          29    2.8e-08    1694.5     463     463    1463
          30    1.8e-08    1694.5     463     463    1463
          31    1.2e-08    1694.5     463     463    1463
          32    7.6e-09    1694.5     463     463    1463
          33    4.9e-09    1694.5     463     463    1463
          34    3.2e-09    1694.5     463     463    1463
          35    2.1e-09    1694.5     463     463    1463
          36    1.4e-09    1694.5     463     463    1463
          37    9.0e-10    1694.5     463     463    1463
          38    5.9e-10    1694.5     463     463    1463
          39    3.9e-10    1694.5     463     463    1463
          40    2.6e-10    1694.5     463     463    1463
          41    1.7e-10    1694.5     463     463    1463
          42    1.1e-10    1694.5     463     463    1463
          43    7.3e-11    1694.5     463     463    1463
          44    4.8e-11    1694.5     463     463    1463
          45    3.2e-11    1694.5     463     463    1463
          46    2.1e-11    1694.5     463     463    1463
          47    1.4e-11    1694.5     463     463    1463
          48    9.3e-12    1694.5     463     463    1463
          49    6.1e-12    1694.5     463     463    1463
          50    4.1e-12    1694.5     463     463    1463
          51    2.7e-12    1694.5     463     463    1463
          52    1.8e-12    1694.5     463     463    1463
          53    1.2e-12    1694.5     463     463    1463
          54    7.9e-13    1694.5     463     463    1463
Total time used by isorank is 0.72
true_align (1135) and est_align (463) DO NOT have the same number of elements.
method isorank has a score of 6.08%
method isorank used 0.716 seconds.
experiment results:
     method      score       time
0     final  30.308370   2.954344
1  netalign  27.488987   1.828169
2      klau  27.224670  43.553689
3   isorank   6.079295   0.716016
