num_init for this graph is 10
Generating initial alignment matrix using degree ...
mode is  degree
number of noisy edges are:  10
Average number of initial alignments for each node is 20
maximum values in init align row is:  1134
maximum values in init align col is:  1133
best   iter    obj_ma wght_ma card_ma over_ma    obj_mb wght_mb card_mb over_mb
  *a      1      1752     460     460    1292      1752     460     460    1292
          2       646     326     326     320       921     354     354     567
          3       937     432     432     505       668     317     317     351
          4       651     373     373     278       697     358     358     339
          5      1661     459     459    1202      1655     438     438    1217
  *b      6      1947     460     460    1487      1954     437     437    1517
          7      1712     441     441    1271      1807     434     434    1373
          8       644     353     353     291       339     160     160     179
          9      1060     389     389     671       922     308     308     614
         10      1943     460     460    1483      1898     440     440    1458
  *b     11      2182     459     459    1723      2191     450     450    1741
  *b     12      2186     457     457    1729      2192     442     442    1750
         13      2187     453     453    1734      2172     424     424    1748
  *a     14      2211     455     455    1756      1980     380     380    1600
  *a     15      2275     458     458    1817      2254     448     448    1806
  *a     16      2285     458     458    1827      2275     450     450    1825
  *a     17      2287     458     458    1829      2275     449     449    1826
  *a     18      2290     458     458    1832      2263     442     442    1821
         19      2289     458     458    1831      2268     445     445    1823
  *a     20      2291     458     458    1833      2275     448     448    1827
         21      2290     458     458    1832      2279     450     450    1829
  *a     22      2292     458     458    1834      2286     454     454    1832
         23      2292     458     458    1834      2280     451     451    1829
         24      2292     458     458    1834      2278     449     449    1829
         25      2292     458     458    1834      2279     449     449    1830
         26      2292     458     458    1834      2288     455     455    1833
         27      2292     458     458    1834      2288     455     455    1833
         28      2292     458     458    1834      2292     458     458    1834
         29      2292     458     458    1834      2289     456     456    1833
         30      2292     458     458    1834      2284     453     453    1831
         31      2292     458     458    1834      2284     453     453    1831
         32      2292     458     458    1834      2289     456     456    1833
         33      2292     458     458    1834      2289     456     456    1833
  *a     34      2293     458     458    1835      2291     457     457    1834
         35      2293     458     458    1835      2291     456     456    1835
         36      2293     458     458    1835      2292     457     457    1835
         37      2293     458     458    1835      2292     457     457    1835
         38      2293     458     458    1835      2291     457     457    1834
         39      2293     458     458    1835      2291     457     457    1834
         40      2293     458     458    1835      2291     457     457    1834
         41      2293     458     458    1835      2291     457     457    1834
         42      2293     458     458    1835      2292     457     457    1835
         43      2293     458     458    1835      2292     457     457    1835
         44      2293     458     458    1835      2292     457     457    1835
         45      2293     458     458    1835      2293     458     458    1835
         46      2293     458     458    1835      2291     457     457    1834
         47      2293     458     458    1835      2291     457     457    1834
  *a     48      2294     458     458    1836      2292     457     457    1835
         49      2294     458     458    1836      2292     457     457    1835
         50      2294     458     458    1836      2292     457     457    1835
         51      2294     458     458    1836      2294     458     458    1836
         52      2294     458     458    1836      2294     458     458    1836
         53      2294     458     458    1836      2294     458     458    1836
         54      2294     458     458    1836      2294     458     458    1836
         55      2294     458     458    1836      2294     458     458    1836
         56      2294     458     458    1836      2292     457     457    1835
         57      2294     458     458    1836      2292     457     457    1835
         58      2294     458     458    1836      2292     457     457    1835
         59      2294     458     458    1836      2292     457     457    1835
         60      2294     458     458    1836      2294     458     458    1836
         61      2294     458     458    1836      2294     458     458    1836
         62      2294     458     458    1836      2294     458     458    1836
  *a     63      2295     458     458    1837      2293     457     457    1836
         64      2295     458     458    1837      2291     456     456    1835
         65      2295     458     458    1837      2293     457     457    1836
         66      2295     458     458    1837      2293     457     457    1836
         67      2295     458     458    1837      2293     457     457    1836
         68      2295     458     458    1837      2295     458     458    1837
         69      2295     458     458    1837      2295     458     458    1837
         70      2295     458     458    1837      2295     458     458    1837
         71      2295     458     458    1837      2295     458     458    1837
         72      2295     458     458    1837      2293     457     457    1836
         73      2295     458     458    1837      2293     457     457    1836
         74      2295     458     458    1837      2293     457     457    1836
         75      2295     458     458    1837      2293     457     457    1836
         76      2295     458     458    1837      2295     458     458    1837
         77      2295     458     458    1837      2295     458     458    1837
         78      2295     458     458    1837      2295     458     458    1837
         79      2295     458     458    1837      2295     458     458    1837
         80      2295     458     458    1837      2293     457     457    1836
         81      2295     458     458    1837      2293     457     457    1836
         82      2295     458     458    1837      2293     457     457    1836
         83      2295     458     458    1837      2293     457     457    1836
         84      2295     458     458    1837      2293     457     457    1836
         85      2295     458     458    1837      2295     458     458    1837
         86      2295     458     458    1837      2295     458     458    1837
         87      2295     458     458    1837      2295     458     458    1837
         88      2295     458     458    1837      2295     458     458    1837
         89      2295     458     458    1837      2293     457     457    1836
         90      2295     458     458    1837      2293     457     457    1836
         91      2295     458     458    1837      2293     457     457    1836
         92      2295     458     458    1837      2293     457     457    1836
         93      2295     458     458    1837      2293     457     457    1836
         94      2295     458     458    1837      2295     458     458    1837
         95      2295     458     458    1837      2295     458     458    1837
         96      2295     458     458    1837      2295     458     458    1837
         97      2295     458     458    1837      2295     458     458    1837
         98      2295     458     458    1837      2295     458     458    1837
         99      2295     458     458    1837      2293     457     457    1836
        100      2295     458     458    1837      2293     457     457    1836
Total time used by netalign is 1.96
true_align (1135) and est_align (458) DO NOT have the same number of elements.
method netalign has a score of 26.96%
method netalign used 1.962 seconds.
maximum values in init align row is:  1134
maximum values in init align col is:  1133
 best   iter     norm-u     lower   upper     cur      obj  weight    card overlap
    *      1    0.0e+00      1917  2581.5  2581.5     1917     460     460    1457
           2    1.3e+03      1917  2581.5  2759.3     1706     460     460    1246
           3    1.9e+03      1917  2581.5  2675.3     1413     460     460     953
           4    2.5e+03      1917  2581.5  2693.1     1460     460     460    1000
           5    3.0e+03      1917  2581.5  2683.5     1192     460     460     732
           6    3.5e+03      1917  2581.5  2680.2     1194     460     460     734
           7    3.9e+03      1917  2581.5  2665.5     1180     460     460     720
           8    4.3e+03      1917  2581.5  2670.8     1098     460     460     638
           9    4.7e+03      1917  2581.5  2664.1     1163     460     460     703
          10    5.1e+03      1917  2581.5  2656.7     1072     460     460     612
          11    5.5e+03      1917  2581.5    2661     1160     460     460     700
          12    5.8e+03      1917  2581.5  2661.2     1025     460     460     565
          13    6.1e+03      1917  2581.5    2660     1077     460     460     617
          14    6.3e+03      1917  2581.5  2655.8     1057     460     460     597
          15    6.6e+03      1917  2581.5  2650.5     1081     460     460     621
          16    6.9e+03      1917  2581.5  2638.5     1006     460     460     546
          17    7.2e+03      1917  2581.5  2637.4     1039     460     460     579
          18    7.4e+03      1917  2581.5  2645.8      994     460     460     534
          19    7.6e+03      1917  2581.5  2624.1     1138     460     460     678
          20    7.9e+03      1917  2581.5  2631.9     1037     460     460     577
          21    8.1e+03      1917  2581.5  2630.7     1026     460     460     566
          22    8.3e+03      1917  2581.5  2644.1      989     460     460     529
          23    8.5e+03      1917  2581.5  2629.6     1057     460     460     597
          24    8.7e+03      1917  2581.5  2635.1      983     460     460     523
          25    8.9e+03      1917  2581.5  2635.7     1025     460     460     565
          26    9.0e+03      1917  2581.5  2624.3     1033     460     460     573
               reducing step to 0.2
          27    9.1e+03      1917  2504.7  2504.7     1161     460     460     701
          28    9.3e+03      1917  2504.7  2512.1      999     460     460     539
          29    9.3e+03      1917    2489    2489     1180     460     460     720
          30    9.4e+03      1917  2472.5  2472.5      966     460     460     506
          31    9.5e+03      1917  2472.5  2473.3     1156     460     460     696
          32    9.5e+03      1917  2460.2  2460.2     1051     460     460     591
          33    9.6e+03      1917  2460.2  2466.7      990     460     460     530
          34    9.7e+03      1917  2447.2  2447.2     1208     460     460     748
          35    9.7e+03      1917  2447.2  2454.9     1053     460     460     593
          36    9.8e+03      1917  2444.5  2444.5     1271     460     460     811
          37    9.9e+03      1917  2437.8  2437.8     1092     460     460     632
          38    9.9e+03      1917  2437.8  2449.8     1191     460     460     731
          39    1.0e+04      1917  2428.8  2428.8     1112     460     460     652
          40    1.0e+04      1917  2428.8  2437.6     1133     460     460     673
          41    1.0e+04      1917  2423.3  2423.3     1390     460     460     930
          42    1.0e+04      1917  2421.1  2421.1     1217     460     460     757
          43    1.0e+04      1917  2421.1  2427.2     1198     460     460     738
          44    1.0e+04      1917  2419.1  2419.1     1285     460     460     825
          45    1.0e+04      1917  2419.1  2421.2     1292     460     460     832
          46    1.0e+04      1917  2412.8  2412.8     1339     460     460     879
          47    1.0e+04      1917  2412.6  2412.6     1244     460     460     784
          48    1.0e+04      1917  2412.6  2422.6     1222     460     460     762
          49    1.0e+04      1917  2405.2  2405.2     1365     460     460     905
          50    1.1e+04      1917  2405.2    2407     1188     460     460     728
          51    1.1e+04      1917  2405.2  2412.6     1322     460     460     862
          52    1.1e+04      1917  2398.2  2398.2     1465     460     460    1005
          53    1.1e+04      1917  2398.2  2400.5     1270     460     460     810
          54    1.1e+04      1917  2398.2  2410.4     1373     460     460     913
          55    1.1e+04      1917  2398.2  2402.7     1301     460     460     841
          56    1.1e+04      1917  2398.2    2400     1312     460     460     852
          57    1.1e+04      1917  2398.2  2403.6     1409     460     460     949
          58    1.1e+04      1917    2394    2394     1333     460     460     873
          59    1.1e+04      1917    2394  2401.8     1391     460     460     931
          60    1.1e+04      1917    2394  2394.5     1294     460     460     834
          61    1.1e+04      1917    2394  2399.6     1399     460     460     939
          62    1.1e+04      1917    2394  2397.3     1441     460     460     981
          63    1.1e+04      1917  2386.5  2386.5     1511     460     460    1051
          64    1.1e+04      1917  2384.2  2384.2     1379     460     460     919
          65    1.1e+04      1917  2384.2    2399     1382     460     460     922
          66    1.1e+04      1917  2384.2  2387.4     1507     460     460    1047
          67    1.1e+04      1917  2383.1  2383.1     1517     460     460    1057
          68    1.1e+04      1917  2383.1  2392.8     1381     460     460     921
          69    1.1e+04      1917  2383.1  2392.9     1384     460     460     924
          70    1.1e+04      1917  2383.1    2387     1436     460     460     976
          71    1.1e+04      1917  2383.1  2384.1     1391     460     460     931
          72    1.1e+04      1917  2383.1  2390.1     1376     460     460     916
          73    1.1e+04      1917  2383.1  2391.2     1488     460     460    1028
          74    1.1e+04      1917  2383.1  2383.8     1484     460     460    1024
          75    1.1e+04      1917  2383.1  2384.1     1471     460     460    1011
          76    1.2e+04      1917  2383.1  2386.1     1418     460     460     958
          77    1.2e+04      1917  2381.8  2381.8     1506     460     460    1046
          78    1.2e+04      1917  2377.4  2377.4     1504     460     460    1044
          79    1.2e+04      1917  2377.4  2382.3     1470     460     460    1010
          80    1.2e+04      1917  2377.4  2380.9     1507     460     460    1047
          81    1.2e+04      1917  2377.4  2382.6     1418     460     460     958
          82    1.2e+04      1917  2377.4  2382.4     1469     460     460    1009
          83    1.2e+04      1917  2376.6  2376.6     1510     460     460    1050
          84    1.2e+04      1917  2376.6  2378.1     1557     460     460    1097
          85    1.2e+04      1917  2372.8  2372.8     1535     460     460    1075
          86    1.2e+04      1917  2372.8  2375.3     1502     460     460    1042
          87    1.2e+04      1917  2372.8  2374.3     1478     460     460    1018
          88    1.2e+04      1917  2372.8  2374.2     1529     460     460    1069
          89    1.2e+04      1917  2372.8  2376.5     1541     460     460    1081
          90    1.2e+04      1917  2369.6  2369.6     1586     460     460    1126
          91    1.2e+04      1917  2369.6  2372.6     1549     460     460    1089
          92    1.2e+04      1917  2365.2  2365.2     1501     460     460    1041
          93    1.2e+04      1917  2365.2  2376.7     1531     460     460    1071
          94    1.2e+04      1917  2365.2  2378.2     1425     460     460     965
          95    1.2e+04      1917  2365.2  2370.1     1512     460     460    1052
          96    1.2e+04      1917  2365.2    2366     1639     460     460    1179
          97    1.2e+04      1917  2365.2  2371.4     1426     460     460     966
          98    1.2e+04      1917  2365.2  2376.5     1439     460     460     979
          99    1.2e+04      1917  2365.2  2375.9     1524     460     460    1064
         100    1.2e+04      1917    2365    2365     1627     460     460    1167
         101    1.2e+04      1917    2365  2365.4     1574     460     460    1114
         102    1.2e+04      1917    2365  2372.4     1523     460     460    1063
         103    1.2e+04      1917    2365  2371.1     1490     460     460    1030
         104    1.2e+04      1917    2365  2376.1     1542     460     460    1082
         105    1.2e+04      1917  2359.5  2359.5     1626     460     460    1166
         106    1.2e+04      1917  2359.5    2364     1579     460     460    1119
         107    1.2e+04      1917  2359.5  2363.9     1539     460     460    1079
         108    1.2e+04      1917  2359.5  2370.2     1397     460     460     937
         109    1.2e+04      1917  2359.5  2372.4     1615     460     460    1155
         110    1.2e+04      1917  2359.5  2361.1     1587     460     460    1127
         111    1.2e+04      1917  2359.5  2363.3     1471     460     460    1011
         112    1.3e+04      1917  2359.5  2372.5     1393     460     460     933
         113    1.3e+04      1917  2359.5  2366.3     1610     460     460    1150
         114    1.3e+04      1917  2354.9  2354.9     1526     460     460    1066
         115    1.3e+04      1917  2354.9  2368.3     1584     460     460    1124
         116    1.3e+04      1917  2354.9    2362     1548     460     460    1088
         117    1.3e+04      1917  2354.9  2363.8     1614     460     460    1154
         118    1.3e+04      1917  2354.9  2361.7     1612     460     460    1152
         119    1.3e+04      1917  2354.9  2367.7     1566     460     460    1106
         120    1.3e+04      1917  2354.9  2361.6     1605     460     460    1145
         121    1.3e+04      1917  2354.9  2363.4     1644     460     460    1184
         122    1.3e+04      1917  2354.9  2363.1     1578     460     460    1118
         123    1.3e+04      1917  2354.9  2367.9     1574     460     460    1114
         124    1.3e+04      1917  2354.9  2361.7     1496     460     460    1036
         125    1.3e+04      1917  2354.9  2364.4     1475     460     460    1015
         126    1.3e+04      1917  2354.9  2368.7     1589     460     460    1129
         127    1.3e+04      1917  2354.9    2360     1687     460     460    1227
         128    1.3e+04      1917  2353.4  2353.4     1670     460     460    1210
         129    1.3e+04      1917  2353.4  2355.5     1501     460     460    1041
         130    1.3e+04      1917  2353.4  2371.4     1543     460     460    1083
         131    1.3e+04      1917  2353.4  2361.1     1545     460     460    1085
         132    1.3e+04      1917  2353.4  2363.1     1584     460     460    1124
         133    1.3e+04      1917  2353.4  2365.1     1497     460     460    1037
         134    1.3e+04      1917  2353.4  2361.7     1505     460     460    1045
         135    1.3e+04      1917  2353.4  2361.9     1618     460     460    1158
         136    1.3e+04      1917  2353.4  2360.9     1560     460     460    1100
         137    1.3e+04      1917  2353.4  2363.5     1575     460     460    1115
         138    1.3e+04      1917  2353.4  2360.5     1558     460     460    1098
         139    1.3e+04      1917  2353.4  2365.3     1573     460     460    1113
         140    1.3e+04      1917  2353.4  2362.4     1568     460     460    1108
         141    1.3e+04      1917  2353.4  2359.1     1537     460     460    1077
         142    1.3e+04      1917  2353.4  2358.9     1570     460     460    1110
         143    1.3e+04      1917  2353.4  2361.1     1530     460     460    1070
         144    1.3e+04      1917  2353.4  2359.6     1566     460     460    1106
         145    1.3e+04      1917  2353.4  2358.4     1670     460     460    1210
         146    1.3e+04      1917  2351.7  2351.7     1701     460     460    1241
         147    1.3e+04      1917  2351.7  2356.6     1661     460     460    1201
         148    1.3e+04      1917  2351.7  2358.4     1613     460     460    1153
         149    1.3e+04      1917  2351.7  2362.4     1574     460     460    1114
         150    1.3e+04      1917  2351.7  2353.2     1729     460     460    1269
         151    1.3e+04      1917  2349.3  2349.3     1669     460     460    1209
         152    1.3e+04      1917  2349.3    2360     1610     460     460    1150
         153    1.3e+04      1917  2349.3  2356.5     1593     460     460    1133
         154    1.3e+04      1917  2349.3    2362     1555     460     460    1095
         155    1.3e+04      1917  2346.4  2346.4     1738     460     460    1278
         156    1.3e+04      1917  2346.4  2353.4     1685     460     460    1225
         157    1.3e+04      1917  2346.4  2358.9     1620     460     460    1160
         158    1.4e+04      1917  2346.4  2353.5     1686     460     460    1226
         159    1.4e+04      1917  2346.4  2357.2     1786     460     460    1326
         160    1.4e+04      1917  2346.4  2347.9     1780     460     460    1320
         161    1.4e+04      1917  2346.4  2348.8     1875     460     460    1415
         162    1.4e+04      1917  2338.7  2338.7     1806     460     460    1346
         163    1.4e+04      1917  2338.7  2354.4     1575     460     460    1115
         164    1.4e+04      1917  2338.7  2359.8     1725     460     460    1265
         165    1.4e+04      1917  2338.7  2349.2     1706     460     460    1246
         166    1.4e+04      1917  2338.7  2347.5     1717     460     460    1257
         167    1.4e+04      1917  2338.7  2356.7     1692     460     460    1232
         168    1.4e+04      1917  2338.7  2347.5     1619     460     460    1159
         169    1.4e+04      1917  2338.7    2353     1569     460     460    1109
         170    1.4e+04      1917  2338.7  2349.9     1657     460     460    1197
         171    1.4e+04      1917  2338.7    2355     1772     460     460    1312
         172    1.4e+04      1917  2338.7  2345.8     1706     460     460    1246
         173    1.4e+04      1917  2338.7  2348.4     1721     460     460    1261
         174    1.4e+04      1917  2338.7  2354.1     1762     460     460    1302
         175    1.4e+04      1917  2338.7  2350.8     1622     460     460    1162
         176    1.4e+04      1917  2338.7  2348.8     1635     460     460    1175
         177    1.4e+04      1917  2338.7  2357.5     1504     460     460    1044
         178    1.4e+04      1917  2338.7    2354     1698     460     460    1238
         179    1.4e+04      1917  2338.7  2350.5     1541     460     460    1081
         180    1.4e+04      1917  2338.7  2355.5     1570     460     460    1110
         181    1.4e+04      1917  2338.7    2360     1570     460     460    1110
         182    1.4e+04      1917  2338.7  2351.6     1616     460     460    1156
         183    1.4e+04      1917  2338.7  2349.6     1692     460     460    1232
         184    1.4e+04      1917  2338.7    2353     1584     460     460    1124
         185    1.4e+04      1917  2338.7  2351.3     1614     460     460    1154
         186    1.4e+04      1917  2338.7  2352.7     1604     460     460    1144
         187    1.4e+04      1917  2338.7    2351     1627     460     460    1167
               reducing step to 0.1
    *    188    1.4e+04      1977  2322.9  2322.9     1977     460     460    1517
    *    189    1.4e+04      1982  2316.7  2316.7     1982     460     460    1522
    *    190    1.4e+04      2109  2316.2  2316.2     2109     460     460    1649
    *    191    1.4e+04      2132  2312.9  2312.9     2132     459     459    1673
    *    192    1.4e+04      2194  2312.9  2314.2     2194     460     460    1734
         193    1.4e+04      2194  2311.9  2311.9     2158     459     459    1699
         194    1.4e+04      2194  2311.9  2314.6     2179     459     459    1720
         195    1.4e+04      2194  2311.7  2311.7     2176     459     459    1717
    *    196    1.4e+04      2239  2311.7  2312.7     2239     460     460    1779
         197    1.4e+04      2239  2309.1  2309.1     2157     459     459    1698
         198    1.4e+04      2239    2309    2309     2134     460     460    1674
         199    1.4e+04      2239    2309  2309.7     2076     459     459    1617
         200    1.4e+04      2239    2309    2311     2203     459     459    1744
         201    1.4e+04      2239  2308.2  2308.2     2224     459     459    1765
         202    1.4e+04      2239  2308.2  2309.3     2220     458     458    1762
         203    1.4e+04      2239    2308    2308     2218     458     458    1760
    *    204    1.4e+04      2256    2308  2309.6     2256     459     459    1797
    *    205    1.4e+04      2276    2308  2308.2     2276     458     458    1818
    *    206    1.4e+04      2277    2308  2309.2     2277     458     458    1819
    *    207    1.4e+04      2278  2307.5  2307.5     2278     458     458    1820
         208    1.4e+04      2278  2307.5  2308.8     2272     458     458    1814
    *    209    1.4e+04      2279  2307.1  2307.1     2279     458     458    1821
         210    1.4e+04      2279  2307.1  2308.3     2269     459     459    1810
         211    1.4e+04      2279  2307.1  2307.1     2267     458     458    1809
         212    1.4e+04      2279  2307.1  2308.9     2261     458     458    1803
         213    1.4e+04      2279  2307.1  2307.1     2258     458     458    1800
         214    1.4e+04      2279  2307.1  2308.7     2243     458     458    1785
         215    1.4e+04      2279  2307.1  2307.3     2274     458     458    1816
    *    216    1.4e+04      2282  2307.1    2308     2282     458     458    1824
         217    1.4e+04      2282  2307.1  2307.1     2263     458     458    1805
         218    1.4e+04      2282  2307.1  2307.8     2281     458     458    1823
    *    219    1.4e+04      2283  2306.3  2306.3     2283     458     458    1825
         220    1.4e+04      2283  2306.3  2307.1     2281     458     458    1823
         221    1.4e+04      2283  2306.3  2306.9     2207     459     459    1748
         222    1.4e+04      2283  2306.3  2308.3     2242     459     459    1783
         223    1.4e+04      2283  2306.3  2306.6     2227     459     459    1768
         224    1.4e+04      2283  2306.3  2307.8     2115     458     458    1657
         225    1.4e+04      2283  2306.3  2310.7     2017     459     459    1558
         226    1.4e+04      2283  2306.3    2310     2062     460     460    1602
         227    1.4e+04      2283  2306.3  2307.2     2211     458     458    1753
         228    1.4e+04      2283  2306.3  2310.3     2202     459     459    1743
         229    1.4e+04      2283  2306.3  2307.3     2220     459     459    1761
         230    1.4e+04      2283  2306.3  2307.5     2142     459     459    1683
         231    1.4e+04      2283  2306.3  2307.3     2191     460     460    1731
         232    1.4e+04      2283  2306.3  2307.7     2195     459     459    1736
         233    1.4e+04      2283  2306.3  2310.5     2263     458     458    1805
         234    1.4e+04      2283  2306.3    2307     2260     458     458    1802
         235    1.4e+04      2283  2305.8  2305.8     2261     458     458    1803
         236    1.4e+04      2283  2305.8  2306.8     2225     458     458    1767
         237    1.4e+04      2283  2305.8  2308.7     2281     458     458    1823
         238    1.4e+04      2283  2305.8  2306.2     2251     458     458    1793
         239    1.4e+04      2283  2305.8  2306.3     2280     458     458    1822
         240    1.4e+04      2283  2305.8  2306.1     2278     458     458    1820
         241    1.4e+04      2283  2305.8  2306.2     2259     459     459    1800
         242    1.4e+04      2283  2305.8    2306     2268     458     458    1810
         243    1.4e+04      2283  2305.7  2305.7     2283     458     458    1825
         244    1.4e+04      2283  2305.7  2306.2     2239     458     458    1781
         245    1.4e+04      2283  2305.7    2306     2251     458     458    1793
         246    1.4e+04      2283  2305.7  2306.2     2269     458     458    1811
         247    1.4e+04      2283  2305.7    2306     2273     458     458    1815
         248    1.4e+04      2283  2305.7    2309     2266     458     458    1808
         249    1.4e+04      2283  2305.7    2306     2205     459     459    1746
         250    1.4e+04      2283  2305.7    2309     2208     459     459    1749
         251    1.4e+04      2283  2305.7  2306.5     2235     458     458    1777
         252    1.4e+04      2283  2305.7  2306.1     2241     458     458    1783
         253    1.4e+04      2283  2305.7  2306.8     2266     458     458    1808
         254    1.4e+04      2283  2305.7    2306     2274     458     458    1816
         255    1.4e+04      2283  2305.7  2305.9     2278     458     458    1820
         256    1.4e+04      2283  2305.7    2306     2281     458     458    1823
         257    1.4e+04      2283  2305.7  2305.8     2277     458     458    1819
         258    1.4e+04      2283  2305.7    2306     2281     458     458    1823
         259    1.4e+04      2283  2305.4  2305.4     2283     458     458    1825
         260    1.4e+04      2283  2305.4  2305.9     2280     458     458    1822
         261    1.4e+04      2283  2305.1  2305.1     2250     458     458    1792
         262    1.4e+04      2283  2305.1  2308.9     2267     458     458    1809
         263    1.4e+04      2283  2305.1  2305.4     2273     459     459    1814
         264    1.4e+04      2283  2305.1  2306.1     2214     458     458    1756
         265    1.4e+04      2283  2305.1    2306     2253     458     458    1795
         266    1.4e+04      2283  2305.1  2306.6     2256     458     458    1798
         267    1.4e+04      2283  2305.1  2305.4     2265     458     458    1807
         268    1.4e+04      2283  2305.1  2306.2     2261     458     458    1803
         269    1.4e+04      2283  2305.1  2306.1     2270     458     458    1812
         270    1.4e+04      2283  2305.1  2306.2     2273     458     458    1815
         271    1.4e+04      2283  2305.1  2305.4     2275     458     458    1817
         272    1.4e+04      2283  2305.1  2306.4     2264     458     458    1806
         273    1.4e+04      2283  2304.9  2304.9     2274     459     459    1815
         274    1.4e+04      2283  2304.9  2307.1     2280     458     458    1822
         275    1.4e+04      2283  2304.9    2305     2277     458     458    1819
         276    1.4e+04      2283  2304.9    2306     2271     458     458    1813
         277    1.4e+04      2283  2304.9  2305.1     2249     459     459    1790
         278    1.4e+04      2283  2304.9  2306.1     2230     459     459    1771
         279    1.4e+04      2283  2304.9  2305.1     2268     458     458    1810
         280    1.4e+04      2283  2304.9  2306.5     2261     458     458    1803
         281    1.4e+04      2283  2304.9  2304.9     2282     458     458    1824
         282    1.4e+04      2283  2304.9  2305.8     2271     458     458    1813
         283    1.4e+04      2283  2304.9  2305.1     2282     458     458    1824
         284    1.4e+04      2283  2304.9  2305.7     2265     458     458    1807
         285    1.4e+04      2283  2304.7  2304.7     2283     458     458    1825
         286    1.4e+04      2283  2304.7  2305.7     2273     458     458    1815
         287    1.4e+04      2283  2304.7    2305     2278     458     458    1820
         288    1.4e+04      2283  2304.7  2305.8     2273     458     458    1815
         289    1.4e+04      2283  2304.5  2304.5     2281     458     458    1823
         290    1.4e+04      2283  2304.5  2305.8     2271     458     458    1813
    *    291    1.4e+04      2285  2304.5  2304.6     2285     458     458    1827
         292    1.4e+04      2285  2304.5  2305.6     2270     458     458    1812
         293    1.4e+04      2285  2304.5  2304.5     2275     458     458    1817
         294    1.4e+04      2285  2304.5  2305.6     2275     458     458    1817
         295    1.4e+04      2285  2304.5  2304.8     2280     458     458    1822
         296    1.4e+04      2285  2304.5  2305.6     2275     458     458    1817
         297    1.4e+04      2285  2304.5  2304.7     2280     458     458    1822
         298    1.4e+04      2285  2304.5  2305.7     2277     458     458    1819
         299    1.4e+04      2285  2304.5  2304.8     2276     458     458    1818
         300    1.4e+04      2285  2304.5  2305.6     2277     458     458    1819
         301    1.4e+04      2285  2304.5  2304.8     2280     458     458    1822
         302    1.4e+04      2285  2304.5  2305.6     2275     458     458    1817
         303    1.4e+04      2285  2304.5  2304.7     2284     458     458    1826
         304    1.4e+04      2285  2304.5  2305.5     2275     458     458    1817
         305    1.4e+04      2285  2304.5  2304.7     2281     458     458    1823
         306    1.4e+04      2285  2304.5  2305.5     2269     458     458    1811
         307    1.4e+04      2285  2304.5  2304.6     2279     458     458    1821
         308    1.4e+04      2285  2304.5  2305.3     2275     458     458    1817
         309    1.4e+04      2285  2304.5  2304.5     2283     458     458    1825
         310    1.4e+04      2285  2304.5  2305.1     2234     459     459    1775
         311    1.4e+04      2285  2304.5    2305     2252     459     459    1793
         312    1.4e+04      2285  2304.5  2305.2     2173     458     458    1715
         313    1.4e+04      2285  2304.5  2305.7     2060     458     458    1602
         314    1.4e+04      2285  2304.5  2307.3     2113     459     459    1654
               reducing step to 0.05
         315    1.4e+04      2285  2303.2  2303.2     2240     459     459    1781
         316    1.4e+04      2285  2301.1  2301.1     2218     460     460    1758
         317    1.4e+04      2285  2301.1    2302     2244     458     458    1786
    *    318    1.4e+04      2287 2301.05 2301.05     2287     458     458    1829
         319    1.4e+04      2287 2301.05  2301.5     2282     458     458    1824
         320    1.4e+04      2287 2300.65 2300.65     2287     458     458    1829
         321    1.4e+04      2287 2300.65  2301.4     2282     458     458    1824
         322    1.4e+04      2287  2300.5  2300.5     2286     458     458    1828
         323    1.4e+04      2287  2300.5  2301.2     2287     458     458    1829
         324    1.4e+04      2287  2300.5  2300.6     2287     458     458    1829
         325    1.4e+04      2287  2300.5  2301.3     2287     458     458    1829
         326    1.4e+04      2287  2300.5 2300.65     2286     458     458    1828
         327    1.4e+04      2287  2300.5 2301.15     2284     458     458    1826
         328    1.4e+04      2287  2300.5 2300.55     2287     458     458    1829
         329    1.4e+04      2287  2300.5  2301.1     2283     458     458    1825
         330    1.4e+04      2287  2300.5 2300.55     2283     458     458    1825
         331    1.4e+04      2287  2300.5  2301.1     2285     458     458    1827
         332    1.4e+04      2287 2300.35 2300.35     2284     458     458    1826
         333    1.4e+04      2287 2300.35    2301     2287     458     458    1829
         334    1.4e+04      2287 2300.35  2300.4     2284     458     458    1826
         335    1.4e+04      2287 2300.35    2301     2286     458     458    1828
         336    1.4e+04      2287 2300.35 2300.45     2284     458     458    1826
    *    337    1.4e+04      2288 2300.35 2300.95     2288     458     458    1830
         338    1.4e+04      2288 2300.35 2300.35     2287     458     458    1829
         339    1.4e+04      2288 2300.35 2300.95     2288     458     458    1830
         340    1.4e+04      2288 2300.35 2300.35     2287     458     458    1829
         341    1.4e+04      2288 2300.35 2300.95     2288     458     458    1830
         342    1.4e+04      2288 2300.35 2300.35     2287     458     458    1829
         343    1.4e+04      2288 2300.35 2300.95     2288     458     458    1830
         344    1.4e+04      2288  2300.3  2300.3     2287     458     458    1829
         345    1.4e+04      2288  2300.3  2300.9     2288     458     458    1830
         346    1.4e+04      2288  2300.3  2300.3     2286     458     458    1828
         347    1.4e+04      2288  2300.3  2300.9     2285     458     458    1827
         348    1.4e+04      2288  2300.3  2300.3     2283     458     458    1825
         349    1.4e+04      2288  2300.3 2300.85     2279     458     458    1821
         350    1.4e+04      2288  2300.3  2300.3     2283     458     458    1825
         351    1.4e+04      2288  2300.3 2300.75     2288     458     458    1830
         352    1.4e+04      2288 2300.15 2300.15     2287     458     458    1829
         353    1.4e+04      2288 2300.15 2300.75     2288     458     458    1830
         354    1.4e+04      2288 2300.15 2300.15     2287     458     458    1829
         355    1.4e+04      2288 2300.15 2300.75     2288     458     458    1830
         356    1.4e+04      2288 2300.15 2300.15     2287     458     458    1829
         357    1.4e+04      2288 2300.15 2300.75     2287     458     458    1829
         358    1.4e+04      2288  2300.1  2300.1     2287     458     458    1829
         359    1.4e+04      2288  2300.1 2300.75     2288     458     458    1830
         360    1.4e+04      2288  2300.1 2300.15     2287     458     458    1829
         361    1.4e+04      2288  2300.1 2300.75     2288     458     458    1830
         362    1.4e+04      2288  2300.1 2300.15     2287     458     458    1829
         363    1.4e+04      2288  2300.1 2300.75     2287     458     458    1829
         364    1.4e+04      2288  2300.1  2300.1     2287     458     458    1829
         365    1.4e+04      2288  2300.1 2300.75     2287     458     458    1829
         366    1.4e+04      2288  2300.1  2300.1     2287     458     458    1829
         367    1.4e+04      2288  2300.1 2300.75     2288     458     458    1830
         368    1.4e+04      2288  2300.1 2300.15     2285     458     458    1827
    *    369    1.4e+04      2289  2300.1  2300.7     2289     458     458    1831
         370    1.4e+04      2289  2300.1  2300.2     2282     458     458    1824
    *    371    1.4e+04      2291  2300.1 2300.65     2291     458     458    1833
         372    1.4e+04      2291  2300.1  2300.1     2279     458     458    1821
         373    1.4e+04      2291  2300.1  2300.8     2290     458     458    1832
         374    1.4e+04      2291  2300.1  2300.1     2282     458     458    1824
         375    1.4e+04      2291  2300.1  2300.8     2290     458     458    1832
         376    1.4e+04      2291 2300.05 2300.05     2282     458     458    1824
         377    1.4e+04      2291 2300.05  2300.8     2290     458     458    1832
         378    1.4e+04      2291    2300    2300     2286     458     458    1828
         379    1.4e+04      2291    2300 2300.65     2289     458     458    1831
         380    1.4e+04      2291    2300  2300.2     2277     458     458    1819
         381    1.4e+04      2291    2300  2300.7     2291     458     458    1833
         382    1.4e+04      2291    2300    2300     2283     458     458    1825
         383    1.4e+04      2291    2300  2300.6     2291     458     458    1833
         384    1.4e+04      2291    2300    2300     2283     458     458    1825
         385    1.4e+04      2291    2300  2300.6     2291     458     458    1833
         386    1.4e+04      2291    2300    2300     2279     458     458    1821
         387    1.4e+04      2291    2300  2300.6     2289     458     458    1831
         388    1.4e+04      2291  2299.9  2299.9     2284     458     458    1826
         389    1.4e+04      2291  2299.9  2300.5     2291     458     458    1833
         390    1.4e+04      2291  2299.9  2299.9     2284     458     458    1826
         391    1.4e+04      2291  2299.9  2300.5     2291     458     458    1833
         392    1.4e+04      2291  2299.9  2299.9     2284     458     458    1826
         393    1.4e+04      2291  2299.9  2300.5     2291     458     458    1833
         394    1.4e+04      2291  2299.9  2299.9     2284     458     458    1826
         395    1.4e+04      2291  2299.9  2300.5     2291     458     458    1833
         396    1.4e+04      2291  2299.9  2299.9     2284     458     458    1826
         397    1.4e+04      2291  2299.9  2300.5     2290     458     458    1832
         398    1.4e+04      2291 2299.85 2299.85     2284     458     458    1826
         399    1.4e+04      2291 2299.85  2300.5     2291     458     458    1833
         400    1.4e+04      2291 2299.85  2299.9     2284     458     458    1826
         401    1.4e+04      2291 2299.85  2300.5     2291     458     458    1833
         402    1.4e+04      2291 2299.85  2299.9     2284     458     458    1826
         403    1.4e+04      2291 2299.85  2300.5     2290     458     458    1832
         404    1.4e+04      2291 2299.85 2299.85     2279     458     458    1821
         405    1.4e+04      2291 2299.85  2300.5     2290     458     458    1832
         406    1.4e+04      2291  2299.8  2299.8     2284     458     458    1826
         407    1.4e+04      2291  2299.8 2300.45     2291     458     458    1833
         408    1.4e+04      2291  2299.8 2299.85     2283     458     458    1825
         409    1.4e+04      2291  2299.8  2300.4     2291     458     458    1833
         410    1.4e+04      2291  2299.8  2299.8     2284     458     458    1826
         411    1.4e+04      2291  2299.8  2300.4     2291     458     458    1833
         412    1.4e+04      2291  2299.8  2299.8     2284     458     458    1826
         413    1.4e+04      2291  2299.8  2300.4     2291     458     458    1833
         414    1.4e+04      2291  2299.8  2299.8     2284     458     458    1826
         415    1.4e+04      2291  2299.8  2300.4     2291     458     458    1833
         416    1.4e+04      2291  2299.8 2299.85     2283     458     458    1825
         417    1.4e+04      2291  2299.8 2300.35     2291     458     458    1833
         418    1.4e+04      2291  2299.8  2299.9     2279     458     458    1821
         419    1.4e+04      2291  2299.8 2300.35     2291     458     458    1833
         420    1.4e+04      2291  2299.8  2299.8     2284     458     458    1826
         421    1.4e+04      2291  2299.8 2300.35     2291     458     458    1833
         422    1.4e+04      2291  2299.8  2299.9     2282     458     458    1824
         423    1.4e+04      2291  2299.8 2300.35     2291     458     458    1833
         424    1.4e+04      2291  2299.8 2299.85     2279     458     458    1821
         425    1.4e+04      2291  2299.8  2300.4     2288     458     458    1830
         426    1.4e+04      2291  2299.8  2299.8     2280     458     458    1822
         427    1.4e+04      2291  2299.8  2300.4     2288     458     458    1830
         428    1.4e+04      2291  2299.8  2299.8     2280     458     458    1822
         429    1.4e+04      2291  2299.8  2300.4     2282     458     458    1824
         430    1.4e+04      2291  2299.7  2299.7     2282     458     458    1824
         431    1.4e+04      2291  2299.7  2300.3     2287     458     458    1829
         432    1.4e+04      2291  2299.7  2299.8     2283     458     458    1825
         433    1.4e+04      2291  2299.7 2300.35     2291     458     458    1833
         434    1.4e+04      2291  2299.7 2299.85     2284     458     458    1826
         435    1.4e+04      2291  2299.7 2300.35     2288     458     458    1830
         436    1.4e+04      2291  2299.7    2300     2283     458     458    1825
         437    1.4e+04      2291  2299.7 2300.35     2287     458     458    1829
         438    1.4e+04      2291  2299.7  2299.8     2284     458     458    1826
         439    1.4e+04      2291  2299.7 2300.35     2291     458     458    1833
         440    1.4e+04      2291  2299.7 2299.75     2272     458     458    1814
         441    1.4e+04      2291  2299.7  2300.5     2284     458     458    1826
         442    1.4e+04      2291  2299.7  2299.9     2269     458     458    1811
         443    1.4e+04      2291  2299.7  2300.4     2290     458     458    1832
         444    1.4e+04      2291  2299.7  2299.8     2279     458     458    1821
         445    1.4e+04      2291  2299.7 2300.35     2284     458     458    1826
         446    1.4e+04      2291  2299.7  2299.7     2283     458     458    1825
         447    1.4e+04      2291  2299.7  2300.2     2291     458     458    1833
         448    1.4e+04      2291  2299.7  2299.7     2284     458     458    1826
         449    1.4e+04      2291  2299.7 2300.25     2289     458     458    1831
         450    1.4e+04      2291  2299.7  2299.7     2284     458     458    1826
         451    1.4e+04      2291  2299.7  2300.2     2291     458     458    1833
         452    1.4e+04      2291  2299.7  2299.7     2284     458     458    1826
         453    1.4e+04      2291  2299.7  2300.2     2291     458     458    1833
         454    1.4e+04      2291  2299.7  2299.7     2283     458     458    1825
         455    1.4e+04      2291  2299.7 2300.15     2291     458     458    1833
               reducing step to 0.025
         456    1.4e+04      2291 2298.92 2298.92     2288     458     458    1830
         457    1.4e+04      2291 2298.47 2298.47     2290     458     458    1832
         458    1.4e+04      2291 2298.47 2298.65     2289     458     458    1831
         459    1.4e+04      2291 2298.47 2298.52     2285     458     458    1827
         460    1.4e+04      2291 2298.47 2298.65     2288     458     458    1830
         461    1.4e+04      2291 2298.47 2298.55     2290     458     458    1832
         462    1.4e+04      2291 2298.47 2298.75     2287     458     458    1829
         463    1.4e+04      2291 2298.47 2298.52     2290     458     458    1832
         464    1.4e+04      2291 2298.47  2298.7     2288     458     458    1830
         465    1.4e+04      2291 2298.47 2298.55     2290     458     458    1832
         466    1.4e+04      2291 2298.47 2298.67     2282     458     458    1824
         467    1.4e+04      2291 2298.47  2298.5     2287     458     458    1829
         468    1.4e+04      2291 2298.47 2298.62     2287     458     458    1829
         469    1.4e+04      2291 2298.47 2298.47     2287     458     458    1829
         470    1.4e+04      2291 2298.47 2298.62     2282     458     458    1824
         471    1.4e+04      2291 2298.47 2298.47     2287     458     458    1829
         472    1.4e+04      2291 2298.47 2298.55     2287     458     458    1829
         473    1.4e+04      2291  2298.4  2298.4     2288     458     458    1830
         474    1.4e+04      2291  2298.4 2298.52     2284     458     458    1826
         475    1.4e+04      2291  2298.4 2298.57     2281     458     458    1823
         476    1.4e+04      2291  2298.4  2298.5     2287     458     458    1829
         477    1.4e+04      2291 2298.37 2298.37     2288     458     458    1830
         478    1.4e+04      2291 2298.37 2298.47     2287     458     458    1829
         479    1.4e+04      2291 2298.37 2298.37     2288     458     458    1830
         480    1.4e+04      2291 2298.37  2298.5     2286     458     458    1828
         481    1.4e+04      2291 2298.37 2298.37     2288     458     458    1830
         482    1.4e+04      2291 2298.37 2298.47     2287     458     458    1829
         483    1.4e+04      2291 2298.35 2298.35     2288     458     458    1830
         484    1.4e+04      2291 2298.35 2298.45     2287     458     458    1829
         485    1.4e+04      2291 2298.35 2298.35     2288     458     458    1830
         486    1.4e+04      2291 2298.35 2298.45     2287     458     458    1829
         487    1.4e+04      2291 2298.35 2298.35     2288     458     458    1830
         488    1.4e+04      2291 2298.35 2298.45     2287     458     458    1829
         489    1.4e+04      2291 2298.35 2298.35     2288     458     458    1830
         490    1.4e+04      2291 2298.35 2298.45     2288     458     458    1830
         491    1.4e+04      2291 2298.32 2298.32     2288     458     458    1830
         492    1.4e+04      2291 2298.32 2298.45     2287     458     458    1829
         493    1.4e+04      2291  2298.3  2298.3     2288     458     458    1830
         494    1.4e+04      2291  2298.3  2298.4     2287     458     458    1829
         495    1.4e+04      2291 2298.27 2298.27     2288     458     458    1830
         496    1.4e+04      2291 2298.27 2298.37     2286     458     458    1828
         497    1.4e+04      2291 2298.25 2298.25     2288     458     458    1830
         498    1.4e+04      2291 2298.25 2298.37     2286     458     458    1828
         499    1.4e+04      2291 2298.25 2298.25     2288     458     458    1830
         500    1.4e+04      2291 2298.25 2298.37     2286     458     458    1828
         501    1.4e+04      2291 2298.25 2298.25     2288     458     458    1830
         502    1.4e+04      2291 2298.25 2298.37     2286     458     458    1828
         503    1.4e+04      2291 2298.25 2298.25     2288     458     458    1830
         504    1.4e+04      2291 2298.25 2298.37     2286     458     458    1828
         505    1.4e+04      2291 2298.25 2298.25     2288     458     458    1830
         506    1.4e+04      2291 2298.25 2298.37     2286     458     458    1828
         507    1.4e+04      2291 2298.25 2298.25     2288     458     458    1830
         508    1.4e+04      2291 2298.25 2298.37     2286     458     458    1828
         509    1.4e+04      2291 2298.25 2298.25     2288     458     458    1830
         510    1.4e+04      2291 2298.25 2298.37     2286     458     458    1828
         511    1.4e+04      2291 2298.25 2298.27     2287     458     458    1829
         512    1.4e+04      2291 2298.25 2298.37     2286     458     458    1828
         513    1.4e+04      2291 2298.25 2298.27     2287     458     458    1829
         514    1.4e+04      2291 2298.25 2298.37     2286     458     458    1828
         515    1.4e+04      2291 2298.25 2298.27     2287     458     458    1829
         516    1.4e+04      2291 2298.25 2298.37     2286     458     458    1828
         517    1.4e+04      2291 2298.25 2298.25     2288     458     458    1830
         518    1.4e+04      2291 2298.25 2298.37     2286     458     458    1828
         519    1.4e+04      2291 2298.25 2298.25     2288     458     458    1830
         520    1.4e+04      2291 2298.25 2298.37     2286     458     458    1828
         521    1.4e+04      2291 2298.25 2298.25     2288     458     458    1830
         522    1.4e+04      2291 2298.25 2298.37     2286     458     458    1828
               reducing step to 0.0125
         523    1.4e+04      2291    2298    2298     2286     458     458    1828
         524    1.4e+04      2291 2297.87 2297.87     2289     458     458    1831
         525    1.4e+04      2291 2297.84 2297.84     2291     458     458    1833
         526    1.4e+04      2291  2297.8  2297.8     2290     458     458    1832
         527    1.4e+04      2291  2297.8 2297.86     2288     458     458    1830
         528    1.4e+04      2291  2297.8  2297.8     2287     458     458    1829
         529    1.4e+04      2291  2297.8 2297.85     2286     458     458    1828
         530    1.4e+04      2291  2297.8 2297.82     2283     458     458    1825
         531    1.4e+04      2291  2297.8 2297.84     2287     458     458    1829
         532    1.4e+04      2291 2297.79 2297.79     2290     458     458    1832
         533    1.4e+04      2291 2297.79 2297.84     2288     458     458    1830
         534    1.4e+04      2291 2297.77 2297.77     2290     458     458    1832
         535    1.4e+04      2291 2297.77 2297.82     2287     458     458    1829
         536    1.4e+04      2291 2297.75 2297.75     2290     458     458    1832
         537    1.4e+04      2291 2297.75 2297.81     2285     458     458    1827
         538    1.4e+04      2291 2297.72 2297.72     2288     458     458    1830
         539    1.4e+04      2291 2297.72 2297.77     2286     458     458    1828
         540    1.4e+04      2291 2297.72 2297.74     2286     458     458    1828
         541    1.4e+04      2291 2297.72 2297.77     2284     458     458    1826
         542    1.4e+04      2291 2297.72 2297.72     2287     458     458    1829
         543    1.4e+04      2291 2297.72 2297.76     2287     458     458    1829
         544    1.4e+04      2291 2297.71 2297.71     2288     458     458    1830
         545    1.4e+04      2291 2297.71 2297.76     2287     458     458    1829
         546    1.4e+04      2291 2297.71 2297.71     2288     458     458    1830
         547    1.4e+04      2291 2297.71 2297.76     2287     458     458    1829
         548    1.4e+04      2291 2297.71 2297.71     2288     458     458    1830
         549    1.4e+04      2291 2297.71 2297.75     2287     458     458    1829
         550    1.4e+04      2291  2297.7  2297.7     2288     458     458    1830
         551    1.4e+04      2291  2297.7 2297.75     2286     458     458    1828
         552    1.4e+04      2291 2297.69 2297.69     2288     458     458    1830
         553    1.4e+04      2291 2297.69 2297.75     2287     458     458    1829
         554    1.4e+04      2291 2297.67 2297.67     2288     458     458    1830
         555    1.4e+04      2291 2297.67 2297.76     2286     458     458    1828
         556    1.4e+04      2291 2297.67 2297.67     2288     458     458    1830
         557    1.4e+04      2291 2297.67 2297.75     2285     458     458    1827
         558    1.4e+04      2291 2297.67 2297.67     2288     458     458    1830
         559    1.4e+04      2291 2297.67 2297.74     2286     458     458    1828
         560    1.4e+04      2291 2297.67 2297.67     2288     458     458    1830
         561    1.4e+04      2291 2297.67 2297.74     2286     458     458    1828
         562    1.4e+04      2291 2297.67 2297.67     2288     458     458    1830
         563    1.4e+04      2291 2297.67 2297.74     2286     458     458    1828
         564    1.4e+04      2291 2297.67 2297.67     2288     458     458    1830
         565    1.4e+04      2291 2297.67 2297.74     2286     458     458    1828
         566    1.4e+04      2291 2297.67 2297.67     2288     458     458    1830
         567    1.4e+04      2291 2297.67 2297.74     2286     458     458    1828
         568    1.4e+04      2291 2297.67 2297.67     2288     458     458    1830
         569    1.4e+04      2291 2297.67 2297.74     2286     458     458    1828
         570    1.4e+04      2291 2297.67 2297.67     2288     458     458    1830
         571    1.4e+04      2291 2297.67 2297.74     2286     458     458    1828
         572    1.4e+04      2291 2297.67 2297.67     2286     458     458    1828
         573    1.4e+04      2291 2297.67 2297.74     2284     458     458    1826
         574    1.4e+04      2291 2297.67 2297.74     2283     458     458    1825
         575    1.4e+04      2291 2297.67 2297.74     2286     458     458    1828
         576    1.4e+04      2291 2297.66 2297.66     2288     458     458    1830
         577    1.4e+04      2291 2297.66 2297.72     2286     458     458    1828
         578    1.4e+04      2291 2297.66 2297.66     2288     458     458    1830
         579    1.4e+04      2291 2297.66 2297.72     2286     458     458    1828
         580    1.4e+04      2291 2297.66 2297.66     2288     458     458    1830
         581    1.4e+04      2291 2297.66 2297.72     2286     458     458    1828
         582    1.4e+04      2291 2297.66 2297.66     2288     458     458    1830
         583    1.4e+04      2291 2297.66 2297.72     2286     458     458    1828
         584    1.4e+04      2291 2297.66 2297.66     2288     458     458    1830
         585    1.4e+04      2291 2297.66 2297.72     2286     458     458    1828
         586    1.4e+04      2291 2297.66 2297.66     2288     458     458    1830
         587    1.4e+04      2291 2297.66 2297.72     2286     458     458    1828
         588    1.4e+04      2291 2297.66 2297.66     2288     458     458    1830
         589    1.4e+04      2291 2297.66 2297.72     2208     458     458    1750
         590    1.4e+04      2291 2297.66 2297.71     2288     458     458    1830
         591    1.4e+04      2291 2297.66 2297.74     2286     458     458    1828
         592    1.4e+04      2291 2297.66 2297.67     2288     458     458    1830
         593    1.4e+04      2291 2297.66 2297.74     2286     458     458    1828
         594    1.4e+04      2291 2297.66 2297.67     2288     458     458    1830
         595    1.4e+04      2291 2297.66 2297.75     2285     458     458    1827
         596    1.4e+04      2291 2297.66 2297.67     2288     458     458    1830
         597    1.4e+04      2291 2297.66 2297.74     2287     458     458    1829
         598    1.4e+04      2291 2297.66 2297.66     2288     458     458    1830
         599    1.4e+04      2291 2297.66 2297.75     2286     458     458    1828
         600    1.4e+04      2291 2297.66 2297.66     2288     458     458    1830
         601    1.4e+04      2291 2297.66 2297.74     2282     458     458    1824
         602    1.4e+04      2291 2297.66  2297.7     2287     458     458    1829
         603    1.4e+04      2291 2297.66 2297.72     2284     458     458    1826
         604    1.4e+04      2291 2297.66 2297.69     2287     458     458    1829
         605    1.4e+04      2291 2297.66 2297.74     2285     458     458    1827
         606    1.4e+04      2291 2297.66 2297.69     2287     458     458    1829
         607    1.4e+04      2291 2297.66 2297.72     2286     458     458    1828
         608    1.4e+04      2291 2297.66 2297.67     2287     458     458    1829
         609    1.4e+04      2291 2297.66 2297.71     2286     458     458    1828
         610    1.4e+04      2291 2297.66 2297.66     2287     458     458    1829
         611    1.4e+04      2291 2297.66 2297.71     2286     458     458    1828
         612    1.4e+04      2291 2297.66 2297.66     2287     458     458    1829
         613    1.4e+04      2291 2297.66 2297.71     2286     458     458    1828
         614    1.4e+04      2291 2297.66 2297.66     2288     458     458    1830
         615    1.4e+04      2291 2297.66 2297.72     2286     458     458    1828
         616    1.4e+04      2291 2297.66 2297.66     2288     458     458    1830
         617    1.4e+04      2291 2297.66 2297.72     2286     458     458    1828
         618    1.4e+04      2291 2297.66 2297.66     2288     458     458    1830
         619    1.4e+04      2291 2297.66 2297.72     2286     458     458    1828
         620    1.4e+04      2291 2297.66 2297.66     2288     458     458    1830
         621    1.4e+04      2291 2297.66 2297.72     2286     458     458    1828
         622    1.4e+04      2291 2297.66 2297.66     2288     458     458    1830
         623    1.4e+04      2291 2297.66 2297.72     2286     458     458    1828
               reducing step to 0.00625
         624    1.4e+04      2291 2297.52 2297.52     2281     458     458    1823
         625    1.4e+04      2291  2297.4  2297.4     2291     458     458    1833
    *    626    1.4e+04      2293 2297.37 2297.37     2293     458     458    1835
         627    1.4e+04      2293 2297.32 2297.32     2291     458     458    1833
         628    1.4e+04      2293 2297.32 2297.36     2291     458     458    1833
         629    1.4e+04      2293 2297.32 2297.35     2286     458     458    1828
         630    1.4e+04      2293 2297.32 2297.39     2291     458     458    1833
         631    1.4e+04      2293 2297.32 2297.35     2285     458     458    1827
         632    1.4e+04      2293 2297.32 2297.39     2290     458     458    1832
         633    1.4e+04      2293 2297.32 2297.36     2286     458     458    1828
         634    1.4e+04      2293 2297.32 2297.39     2291     458     458    1833
         635    1.4e+04      2293 2297.32 2297.35     2286     458     458    1828
         636    1.4e+04      2293 2297.32 2297.39     2291     458     458    1833
         637    1.4e+04      2293 2297.32 2297.35     2285     458     458    1827
         638    1.4e+04      2293 2297.32 2297.37     2290     458     458    1832
         639    1.4e+04      2293 2297.32 2297.34     2284     458     458    1826
         640    1.4e+04      2293 2297.32 2297.37     2289     458     458    1831
         641    1.4e+04      2293 2297.32 2297.33     2284     458     458    1826
         642    1.4e+04      2293 2297.32 2297.37     2289     458     458    1831
         643    1.4e+04      2293 2297.32 2297.33     2284     458     458    1826
         644    1.4e+04      2293 2297.32 2297.37     2289     458     458    1831
         645    1.4e+04      2293 2297.32 2297.33     2284     458     458    1826
         646    1.4e+04      2293 2297.32 2297.37     2289     458     458    1831
         647    1.4e+04      2293 2297.32 2297.33     2284     458     458    1826
         648    1.4e+04      2293 2297.32 2297.37     2287     458     458    1829
         649    1.4e+04      2293 2297.32 2297.34     2281     458     458    1823
         650    1.4e+04      2293 2297.32 2297.37     2287     458     458    1829
         651    1.4e+04      2293 2297.32 2297.33     2282     458     458    1824
         652    1.4e+04      2293 2297.32 2297.37     2286     458     458    1828
               reducing step to 0.003125
         653    1.4e+04      2293 2297.27 2297.27     2292     458     458    1834
         654    1.4e+04      2293 2297.24 2297.24     2290     458     458    1832
         655    1.4e+04      2293 2297.24 2297.25     2289     458     458    1831
         656    1.4e+04      2293 2297.22 2297.22     2290     458     458    1832
         657    1.4e+04      2293 2297.22 2297.25     2289     458     458    1831
         658    1.4e+04      2293 2297.22 2297.22     2290     458     458    1832
         659    1.4e+04      2293 2297.22 2297.25     2287     458     458    1829
         660    1.4e+04      2293 2297.22 2297.22     2288     458     458    1830
         661    1.4e+04      2293 2297.22 2297.25     2287     458     458    1829
         662    1.4e+04      2293 2297.22 2297.22     2290     458     458    1832
         663    1.4e+04      2293 2297.22 2297.24     2287     458     458    1829
         664    1.4e+04      2293 2297.21 2297.21     2290     458     458    1832
         665    1.4e+04      2293 2297.21 2297.24     2286     458     458    1828
         666    1.4e+04      2293 2297.21 2297.21     2290     458     458    1832
         667    1.4e+04      2293 2297.21 2297.23     2286     458     458    1828
         668    1.4e+04      2293 2297.21 2297.21     2288     458     458    1830
         669    1.4e+04      2293 2297.21 2297.23     2285     458     458    1827
         670    1.4e+04      2293  2297.2  2297.2     2288     458     458    1830
         671    1.4e+04      2293  2297.2 2297.23     2285     458     458    1827
         672    1.4e+04      2293  2297.2  2297.2     2288     458     458    1830
         673    1.4e+04      2293  2297.2 2297.22     2285     458     458    1827
         674    1.4e+04      2293  2297.2  2297.2     2288     458     458    1830
         675    1.4e+04      2293  2297.2 2297.22     2285     458     458    1827
         676    1.4e+04      2293  2297.2  2297.2     2288     458     458    1830
         677    1.4e+04      2293  2297.2 2297.22     2285     458     458    1827
         678    1.4e+04      2293  2297.2  2297.2     2288     458     458    1830
         679    1.4e+04      2293  2297.2 2297.22     2285     458     458    1827
         680    1.4e+04      2293  2297.2  2297.2     2288     458     458    1830
         681    1.4e+04      2293  2297.2 2297.22     2285     458     458    1827
         682    1.4e+04      2293  2297.2  2297.2     2288     458     458    1830
         683    1.4e+04      2293  2297.2 2297.22     2285     458     458    1827
         684    1.4e+04      2293  2297.2  2297.2     2288     458     458    1830
         685    1.4e+04      2293  2297.2 2297.22     2285     458     458    1827
         686    1.4e+04      2293  2297.2  2297.2     2288     458     458    1830
         687    1.4e+04      2293  2297.2 2297.22     2285     458     458    1827
         688    1.4e+04      2293  2297.2  2297.2     2288     458     458    1830
         689    1.4e+04      2293  2297.2 2297.22     2285     458     458    1827
         690    1.4e+04      2293  2297.2  2297.2     2288     458     458    1830
         691    1.4e+04      2293  2297.2 2297.22     2285     458     458    1827
         692    1.4e+04      2293  2297.2  2297.2     2288     458     458    1830
         693    1.4e+04      2293  2297.2 2297.22     2285     458     458    1827
         694    1.4e+04      2293  2297.2  2297.2     2288     458     458    1830
         695    1.4e+04      2293  2297.2 2297.22     2283     458     458    1825
         696    1.4e+04      2293  2297.2  2297.2     2287     458     458    1829
         697    1.4e+04      2293  2297.2 2297.22     2285     458     458    1827
         698    1.4e+04      2293  2297.2  2297.2     2288     458     458    1830
         699    1.4e+04      2293  2297.2 2297.22     2285     458     458    1827
         700    1.4e+04      2293  2297.2  2297.2     2288     458     458    1830
         701    1.4e+04      2293  2297.2 2297.22     2285     458     458    1827
         702    1.4e+04      2293  2297.2  2297.2     2288     458     458    1830
         703    1.4e+04      2293  2297.2 2297.22     2285     458     458    1827
         704    1.4e+04      2293  2297.2  2297.2     2288     458     458    1830
         705    1.4e+04      2293  2297.2 2297.22     2285     458     458    1827
         706    1.4e+04      2293  2297.2  2297.2     2288     458     458    1830
         707    1.4e+04      2293  2297.2 2297.22     2285     458     458    1827
         708    1.4e+04      2293  2297.2  2297.2     2288     458     458    1830
         709    1.4e+04      2293  2297.2 2297.22     2285     458     458    1827
         710    1.4e+04      2293  2297.2  2297.2     2288     458     458    1830
         711    1.4e+04      2293  2297.2 2297.22     2285     458     458    1827
         712    1.4e+04      2293  2297.2  2297.2     2288     458     458    1830
         713    1.4e+04      2293  2297.2 2297.22     2285     458     458    1827
         714    1.4e+04      2293  2297.2  2297.2     2288     458     458    1830
         715    1.4e+04      2293  2297.2 2297.22     2285     458     458    1827
         716    1.4e+04      2293  2297.2  2297.2     2288     458     458    1830
         717    1.4e+04      2293  2297.2 2297.22     2285     458     458    1827
         718    1.4e+04      2293  2297.2  2297.2     2288     458     458    1830
         719    1.4e+04      2293  2297.2 2297.22     2285     458     458    1827
               reducing step to 0.0015625
         720    1.4e+04      2293 2297.18 2297.18     2293     458     458    1835
         721    1.4e+04      2293 2297.16 2297.16     2290     458     458    1832
         722    1.4e+04      2293 2297.16 2297.16     2290     458     458    1832
         723    1.4e+04      2293 2297.15 2297.15     2290     458     458    1832
         724    1.4e+04      2293 2297.15 2297.17     2287     458     458    1829
         725    1.4e+04      2293 2297.15 2297.15     2290     458     458    1832
         726    1.4e+04      2293 2297.15 2297.16     2287     458     458    1829
         727    1.4e+04      2293 2297.15 2297.15     2289     458     458    1831
         728    1.4e+04      2293 2297.15 2297.16     2287     458     458    1829
         729    1.4e+04      2293 2297.15 2297.15     2290     458     458    1832
         730    1.4e+04      2293 2297.15 2297.16     2285     458     458    1827
         731    1.4e+04      2293 2297.15 2297.15     2288     458     458    1830
         732    1.4e+04      2293 2297.15 2297.17     2283     458     458    1825
         733    1.4e+04      2293 2297.15 2297.15     2289     458     458    1831
         734    1.4e+04      2293 2297.15 2297.16     2286     458     458    1828
         735    1.4e+04      2293 2297.14 2297.14     2288     458     458    1830
         736    1.4e+04      2293 2297.14 2297.15     2285     458     458    1827
         737    1.4e+04      2293 2297.14 2297.14     2288     458     458    1830
         738    1.4e+04      2293 2297.14 2297.15     2285     458     458    1827
         739    1.4e+04      2293 2297.14 2297.14     2288     458     458    1830
         740    1.4e+04      2293 2297.14 2297.16     2285     458     458    1827
         741    1.4e+04      2293 2297.14 2297.14     2288     458     458    1830
         742    1.4e+04      2293 2297.14 2297.15     2285     458     458    1827
         743    1.4e+04      2293 2297.14 2297.14     2288     458     458    1830
         744    1.4e+04      2293 2297.14 2297.15     2285     458     458    1827
         745    1.4e+04      2293 2297.14 2297.14     2288     458     458    1830
         746    1.4e+04      2293 2297.14 2297.15     2285     458     458    1827
         747    1.4e+04      2293 2297.14 2297.14     2288     458     458    1830
         748    1.4e+04      2293 2297.14 2297.15     2285     458     458    1827
         749    1.4e+04      2293 2297.14 2297.14     2288     458     458    1830
         750    1.4e+04      2293 2297.14 2297.15     2285     458     458    1827
         751    1.4e+04      2293 2297.14 2297.14     2288     458     458    1830
         752    1.4e+04      2293 2297.14 2297.15     2285     458     458    1827
         753    1.4e+04      2293 2297.14 2297.14     2288     458     458    1830
         754    1.4e+04      2293 2297.14 2297.15     2285     458     458    1827
         755    1.4e+04      2293 2297.14 2297.14     2288     458     458    1830
         756    1.4e+04      2293 2297.14 2297.15     2285     458     458    1827
         757    1.4e+04      2293 2297.14 2297.14     2288     458     458    1830
         758    1.4e+04      2293 2297.14 2297.15     2285     458     458    1827
         759    1.4e+04      2293 2297.14 2297.14     2288     458     458    1830
         760    1.4e+04      2293 2297.14 2297.15     2285     458     458    1827
         761    1.4e+04      2293 2297.14 2297.14     2288     458     458    1830
         762    1.4e+04      2293 2297.14 2297.15     2284     458     458    1826
         763    1.4e+04      2293 2297.14 2297.14     2288     458     458    1830
         764    1.4e+04      2293 2297.14 2297.15     2285     458     458    1827
         765    1.4e+04      2293 2297.14 2297.14     2288     458     458    1830
         766    1.4e+04      2293 2297.14 2297.15     2285     458     458    1827
               reducing step to 0.00078125
         767    1.4e+04      2293 2297.13 2297.13     2291     458     458    1833
         768    1.4e+04      2293 2297.12 2297.12     2291     458     458    1833
         769    1.4e+04      2293 2297.12 2297.12     2290     458     458    1832
         770    1.4e+04      2293 2297.12 2297.12     2290     458     458    1832
         771    1.4e+04      2293 2297.12 2297.12     2287     458     458    1829
         772    1.4e+04      2293 2297.12 2297.12     2290     458     458    1832
         773    1.4e+04      2293 2297.12 2297.12     2287     458     458    1829
         774    1.4e+04      2293 2297.12 2297.12     2289     458     458    1831
         775    1.4e+04      2293 2297.12 2297.12     2287     458     458    1829
         776    1.4e+04      2293 2297.12 2297.12     2290     458     458    1832
         777    1.4e+04      2293 2297.12 2297.12     2287     458     458    1829
         778    1.4e+04      2293 2297.12 2297.12     2288     458     458    1830
         779    1.4e+04      2293 2297.12 2297.12     2283     458     458    1825
         780    1.4e+04      2293 2297.11 2297.11     2289     458     458    1831
         781    1.4e+04      2293 2297.11 2297.12     2286     458     458    1828
         782    1.4e+04      2293 2297.11 2297.11     2288     458     458    1830
         783    1.4e+04      2293 2297.11 2297.12     2285     458     458    1827
         784    1.4e+04      2293 2297.11 2297.11     2288     458     458    1830
         785    1.4e+04      2293 2297.11 2297.12     2284     458     458    1826
         786    1.4e+04      2293 2297.11 2297.11     2288     458     458    1830
         787    1.4e+04      2293 2297.11 2297.12     2285     458     458    1827
         788    1.4e+04      2293 2297.11 2297.11     2288     458     458    1830
         789    1.4e+04      2293 2297.11 2297.12     2285     458     458    1827
         790    1.4e+04      2293 2297.11 2297.11     2288     458     458    1830
         791    1.4e+04      2293 2297.11 2297.12     2285     458     458    1827
         792    1.4e+04      2293 2297.11 2297.11     2288     458     458    1830
         793    1.4e+04      2293 2297.11 2297.12     2285     458     458    1827
         794    1.4e+04      2293 2297.11 2297.11     2288     458     458    1830
         795    1.4e+04      2293 2297.11 2297.12     2285     458     458    1827
         796    1.4e+04      2293 2297.11 2297.11     2288     458     458    1830
         797    1.4e+04      2293 2297.11 2297.12     2285     458     458    1827
         798    1.4e+04      2293 2297.11 2297.11     2288     458     458    1830
         799    1.4e+04      2293 2297.11 2297.12     2285     458     458    1827
         800    1.4e+04      2293 2297.11 2297.11     2288     458     458    1830
         801    1.4e+04      2293 2297.11 2297.12     2285     458     458    1827
         802    1.4e+04      2293 2297.11 2297.11     2288     458     458    1830
         803    1.4e+04      2293 2297.11 2297.12     2285     458     458    1827
         804    1.4e+04      2293 2297.11 2297.11     2288     458     458    1830
         805    1.4e+04      2293 2297.11 2297.12     2285     458     458    1827
         806    1.4e+04      2293 2297.11 2297.11     2288     458     458    1830
         807    1.4e+04      2293 2297.11 2297.12     2285     458     458    1827
         808    1.4e+04      2293 2297.11 2297.11     2288     458     458    1830
         809    1.4e+04      2293 2297.11 2297.12     2285     458     458    1827
         810    1.4e+04      2293 2297.11 2297.11     2287     458     458    1829
         811    1.4e+04      2293 2297.11 2297.12     2285     458     458    1827
               reducing step to 0.000390625
    *    812    1.4e+04      2294  2297.1  2297.1     2294     458     458    1836
         813    1.4e+04      2294  2297.1  2297.1     2290     458     458    1832
         814    1.4e+04      2294  2297.1  2297.1     2288     458     458    1830
         815    1.4e+04      2294  2297.1  2297.1     2290     458     458    1832
         816    1.4e+04      2294  2297.1  2297.1     2292     458     458    1834
         817    1.4e+04      2294  2297.1  2297.1     2289     458     458    1831
         818    1.4e+04      2294  2297.1  2297.1     2290     458     458    1832
         819    1.4e+04      2294  2297.1  2297.1     2287     458     458    1829
         820    1.4e+04      2294  2297.1  2297.1     2290     458     458    1832
         821    1.4e+04      2294  2297.1  2297.1     2288     458     458    1830
         822    1.4e+04      2294  2297.1  2297.1     2289     458     458    1831
         823    1.4e+04      2294  2297.1  2297.1     2288     458     458    1830
         824    1.4e+04      2294  2297.1  2297.1     2288     458     458    1830
         825    1.4e+04      2294  2297.1  2297.1     2287     458     458    1829
         826    1.4e+04      2294  2297.1  2297.1     2287     458     458    1829
         827    1.4e+04      2294  2297.1  2297.1     2286     458     458    1828
         828    1.4e+04      2294  2297.1  2297.1     2287     458     458    1829
         829    1.4e+04      2294  2297.1  2297.1     2286     458     458    1828
         830    1.4e+04      2294  2297.1  2297.1     2287     458     458    1829
         831    1.4e+04      2294  2297.1  2297.1     2286     458     458    1828
         832    1.4e+04      2294  2297.1  2297.1     2287     458     458    1829
         833    1.4e+04      2294  2297.1  2297.1     2286     458     458    1828
         834    1.4e+04      2294  2297.1  2297.1     2287     458     458    1829
         835    1.4e+04      2294  2297.1  2297.1     2286     458     458    1828
         836    1.4e+04      2294  2297.1  2297.1     2287     458     458    1829
         837    1.4e+04      2294  2297.1  2297.1     2286     458     458    1828
         838    1.4e+04      2294  2297.1  2297.1     2287     458     458    1829
         839    1.4e+04      2294  2297.1  2297.1     2286     458     458    1828
         840    1.4e+04      2294  2297.1  2297.1     2287     458     458    1829
         841    1.4e+04      2294 2297.09 2297.09     2286     458     458    1828
         842    1.4e+04      2294 2297.09  2297.1     2287     458     458    1829
         843    1.4e+04      2294 2297.09 2297.09     2286     458     458    1828
         844    1.4e+04      2294 2297.09  2297.1     2287     458     458    1829
         845    1.4e+04      2294 2297.09 2297.09     2286     458     458    1828
         846    1.4e+04      2294 2297.09  2297.1     2287     458     458    1829
         847    1.4e+04      2294 2297.09 2297.09     2286     458     458    1828
         848    1.4e+04      2294 2297.09  2297.1     2287     458     458    1829
         849    1.4e+04      2294 2297.09 2297.09     2286     458     458    1828
         850    1.4e+04      2294 2297.09  2297.1     2287     458     458    1829
         851    1.4e+04      2294 2297.09 2297.09     2286     458     458    1828
         852    1.4e+04      2294 2297.09  2297.1     2287     458     458    1829
         853    1.4e+04      2294 2297.09 2297.09     2286     458     458    1828
         854    1.4e+04      2294 2297.09  2297.1     2287     458     458    1829
         855    1.4e+04      2294 2297.09 2297.09     2286     458     458    1828
         856    1.4e+04      2294 2297.09  2297.1     2287     458     458    1829
         857    1.4e+04      2294 2297.09 2297.09     2286     458     458    1828
         858    1.4e+04      2294 2297.09  2297.1     2287     458     458    1829
         859    1.4e+04      2294 2297.09 2297.09     2286     458     458    1828
         860    1.4e+04      2294 2297.09  2297.1     2287     458     458    1829
         861    1.4e+04      2294 2297.09 2297.09     2286     458     458    1828
         862    1.4e+04      2294 2297.09  2297.1     2287     458     458    1829
         863    1.4e+04      2294 2297.09 2297.09     2286     458     458    1828
         864    1.4e+04      2294 2297.09  2297.1     2287     458     458    1829
         865    1.4e+04      2294 2297.09 2297.09     2286     458     458    1828
         866    1.4e+04      2294 2297.09  2297.1     2287     458     458    1829
               reducing step to 0.000195313
         867    1.4e+04      2294 2297.09 2297.09     2292     458     458    1834
         868    1.4e+04      2294 2297.09 2297.09     2290     458     458    1832
         869    1.4e+04      2294 2297.09 2297.09     2292     458     458    1834
         870    1.4e+04      2294 2297.09 2297.09     2289     458     458    1831
         871    1.4e+04      2294 2297.09 2297.09     2290     458     458    1832
         872    1.4e+04      2294 2297.09 2297.09     2289     458     458    1831
         873    1.4e+04      2294 2297.09 2297.09     2290     458     458    1832
         874    1.4e+04      2294 2297.09 2297.09     2288     458     458    1830
         875    1.4e+04      2294 2297.09 2297.09     2288     458     458    1830
         876    1.4e+04      2294 2297.09 2297.09     2289     458     458    1831
         877    1.4e+04      2294 2297.09 2297.09     2289     458     458    1831
         878    1.4e+04      2294 2297.09 2297.09     2289     458     458    1831
         879    1.4e+04      2294 2297.09 2297.09     2288     458     458    1830
         880    1.4e+04      2294 2297.09 2297.09     2288     458     458    1830
         881    1.4e+04      2294 2297.09 2297.09     2288     458     458    1830
         882    1.4e+04      2294 2297.09 2297.09     2287     458     458    1829
         883    1.4e+04      2294 2297.09 2297.09     2287     458     458    1829
         884    1.4e+04      2294 2297.09 2297.09     2287     458     458    1829
         885    1.4e+04      2294 2297.09 2297.09     2287     458     458    1829
         886    1.4e+04      2294 2297.09 2297.09     2287     458     458    1829
         887    1.4e+04      2294 2297.09 2297.09     2287     458     458    1829
         888    1.4e+04      2294 2297.09 2297.09     2287     458     458    1829
         889    1.4e+04      2294 2297.09 2297.09     2287     458     458    1829
         890    1.4e+04      2294 2297.09 2297.09     2287     458     458    1829
         891    1.4e+04      2294 2297.09 2297.09     2287     458     458    1829
         892    1.4e+04      2294 2297.09 2297.09     2287     458     458    1829
         893    1.4e+04      2294 2297.09 2297.09     2287     458     458    1829
         894    1.4e+04      2294 2297.09 2297.09     2287     458     458    1829
         895    1.4e+04      2294 2297.09 2297.09     2287     458     458    1829
         896    1.4e+04      2294 2297.09 2297.09     2287     458     458    1829
         897    1.4e+04      2294 2297.09 2297.09     2287     458     458    1829
         898    1.4e+04      2294 2297.09 2297.09     2287     458     458    1829
         899    1.4e+04      2294 2297.09 2297.09     2287     458     458    1829
         900    1.4e+04      2294 2297.09 2297.09     2287     458     458    1829
         901    1.4e+04      2294 2297.09 2297.09     2287     458     458    1829
         902    1.4e+04      2294 2297.09 2297.09     2287     458     458    1829
         903    1.4e+04      2294 2297.09 2297.09     2287     458     458    1829
         904    1.4e+04      2294 2297.09 2297.09     2287     458     458    1829
         905    1.4e+04      2294 2297.09 2297.09     2287     458     458    1829
         906    1.4e+04      2294 2297.09 2297.09     2287     458     458    1829
         907    1.4e+04      2294 2297.09 2297.09     2287     458     458    1829
         908    1.4e+04      2294 2297.09 2297.09     2287     458     458    1829
         909    1.4e+04      2294 2297.09 2297.09     2287     458     458    1829
               reducing step to 9.76563e-05
         910    1.4e+04      2294 2297.09 2297.09     2294     458     458    1836
         911    1.4e+04      2294 2297.09 2297.09     2290     458     458    1832
         912    1.4e+04      2294 2297.09 2297.09     2292     458     458    1834
         913    1.4e+04      2294 2297.09 2297.09     2290     458     458    1832
         914    1.4e+04      2294 2297.09 2297.09     2289     458     458    1831
         915    1.4e+04      2294 2297.09 2297.09     2289     458     458    1831
         916    1.4e+04      2294 2297.09 2297.09     2289     458     458    1831
         917    1.4e+04      2294 2297.09 2297.09     2286     458     458    1828
         918    1.4e+04      2294 2297.09 2297.09     2289     458     458    1831
         919    1.4e+04      2294 2297.09 2297.09     2289     458     458    1831
         920    1.4e+04      2294 2297.09 2297.09     2288     458     458    1830
         921    1.4e+04      2294 2297.09 2297.09     2289     458     458    1831
         922    1.4e+04      2294 2297.09 2297.09     2287     458     458    1829
         923    1.4e+04      2294 2297.08 2297.08     2288     458     458    1830
         924    1.4e+04      2294 2297.08 2297.09     2287     458     458    1829
         925    1.4e+04      2294 2297.08 2297.08     2287     458     458    1829
         926    1.4e+04      2294 2297.08 2297.09     2286     458     458    1828
         927    1.4e+04      2294 2297.08 2297.08     2287     458     458    1829
         928    1.4e+04      2294 2297.08 2297.09     2286     458     458    1828
         929    1.4e+04      2294 2297.08 2297.08     2287     458     458    1829
         930    1.4e+04      2294 2297.08 2297.09     2286     458     458    1828
         931    1.4e+04      2294 2297.08 2297.08     2287     458     458    1829
         932    1.4e+04      2294 2297.08 2297.09     2286     458     458    1828
         933    1.4e+04      2294 2297.08 2297.08     2287     458     458    1829
         934    1.4e+04      2294 2297.08 2297.09     2286     458     458    1828
         935    1.4e+04      2294 2297.08 2297.08     2287     458     458    1829
         936    1.4e+04      2294 2297.08 2297.09     2286     458     458    1828
         937    1.4e+04      2294 2297.08 2297.08     2287     458     458    1829
         938    1.4e+04      2294 2297.08 2297.09     2286     458     458    1828
         939    1.4e+04      2294 2297.08 2297.08     2287     458     458    1829
         940    1.4e+04      2294 2297.08 2297.09     2286     458     458    1828
         941    1.4e+04      2294 2297.08 2297.08     2287     458     458    1829
         942    1.4e+04      2294 2297.08 2297.09     2286     458     458    1828
         943    1.4e+04      2294 2297.08 2297.08     2287     458     458    1829
         944    1.4e+04      2294 2297.08 2297.09     2286     458     458    1828
         945    1.4e+04      2294 2297.08 2297.08     2287     458     458    1829
         946    1.4e+04      2294 2297.08 2297.09     2286     458     458    1828
         947    1.4e+04      2294 2297.08 2297.08     2287     458     458    1829
         948    1.4e+04      2294 2297.08 2297.09     2286     458     458    1828
         949    1.4e+04      2294 2297.08 2297.08     2287     458     458    1829
         950    1.4e+04      2294 2297.08 2297.09     2286     458     458    1828
         951    1.4e+04      2294 2297.08 2297.08     2287     458     458    1829
         952    1.4e+04      2294 2297.08 2297.09     2286     458     458    1828
               reducing step to 4.88281e-05
         953    1.4e+04      2294 2297.08 2297.08     2292     458     458    1834
         954    1.4e+04      2294 2297.08 2297.08     2290     458     458    1832
         955    1.4e+04      2294 2297.08 2297.08     2291     458     458    1833
         956    1.4e+04      2294 2297.08 2297.08     2289     458     458    1831
         957    1.4e+04      2294 2297.08 2297.08     2289     458     458    1831
         958    1.4e+04      2294 2297.08 2297.08     2287     458     458    1829
         959    1.4e+04      2294 2297.08 2297.08     2289     458     458    1831
         960    1.4e+04      2294 2297.08 2297.08     2288     458     458    1830
         961    1.4e+04      2294 2297.08 2297.08     2289     458     458    1831
         962    1.4e+04      2294 2297.08 2297.08     2289     458     458    1831
         963    1.4e+04      2294 2297.08 2297.08     2288     458     458    1830
         964    1.4e+04      2294 2297.08 2297.08     2289     458     458    1831
         965    1.4e+04      2294 2297.08 2297.08     2287     458     458    1829
         966    1.4e+04      2294 2297.08 2297.08     2288     458     458    1830
         967    1.4e+04      2294 2297.08 2297.08     2287     458     458    1829
         968    1.4e+04      2294 2297.08 2297.08     2287     458     458    1829
         969    1.4e+04      2294 2297.08 2297.08     2286     458     458    1828
         970    1.4e+04      2294 2297.08 2297.08     2287     458     458    1829
         971    1.4e+04      2294 2297.08 2297.08     2286     458     458    1828
         972    1.4e+04      2294 2297.08 2297.08     2287     458     458    1829
         973    1.4e+04      2294 2297.08 2297.08     2286     458     458    1828
         974    1.4e+04      2294 2297.08 2297.08     2287     458     458    1829
         975    1.4e+04      2294 2297.08 2297.08     2286     458     458    1828
         976    1.4e+04      2294 2297.08 2297.08     2287     458     458    1829
         977    1.4e+04      2294 2297.08 2297.08     2286     458     458    1828
         978    1.4e+04      2294 2297.08 2297.08     2287     458     458    1829
         979    1.4e+04      2294 2297.08 2297.08     2286     458     458    1828
         980    1.4e+04      2294 2297.08 2297.08     2287     458     458    1829
         981    1.4e+04      2294 2297.08 2297.08     2286     458     458    1828
         982    1.4e+04      2294 2297.08 2297.08     2287     458     458    1829
         983    1.4e+04      2294 2297.08 2297.08     2286     458     458    1828
         984    1.4e+04      2294 2297.08 2297.08     2287     458     458    1829
         985    1.4e+04      2294 2297.08 2297.08     2286     458     458    1828
         986    1.4e+04      2294 2297.08 2297.08     2287     458     458    1829
         987    1.4e+04      2294 2297.08 2297.08     2286     458     458    1828
         988    1.4e+04      2294 2297.08 2297.08     2287     458     458    1829
         989    1.4e+04      2294 2297.08 2297.08     2286     458     458    1828
         990    1.4e+04      2294 2297.08 2297.08     2287     458     458    1829
         991    1.4e+04      2294 2297.08 2297.08     2286     458     458    1828
         992    1.4e+04      2294 2297.08 2297.08     2287     458     458    1829
         993    1.4e+04      2294 2297.08 2297.08     2286     458     458    1828
         994    1.4e+04      2294 2297.08 2297.08     2287     458     458    1829
         995    1.4e+04      2294 2297.08 2297.08     2286     458     458    1828
               reducing step to 2.44141e-05
         996    1.4e+04      2294 2297.08 2297.08     2294     458     458    1836
         997    1.4e+04      2294 2297.08 2297.08     2288     458     458    1830
         998    1.4e+04      2294 2297.08 2297.08     2291     458     458    1833
         999    1.4e+04      2294 2297.08 2297.08     2289     458     458    1831
        1000    1.4e+04      2294 2297.08 2297.08     2292     458     458    1834
Total time used by klau is 42.89
true_align (1135) and est_align (458) DO NOT have the same number of elements.
method klau has a score of 26.70%
method klau used 42.894 seconds.
maximum values in init align row is:  1134
maximum values in init align col is:  1133
 best   iter   pr-delta       obj  weight    card overlap
    *      1    5.1e-01      1526     460     460    1296
    *      2    1.4e-01      1636     460     460    1406
           3    5.1e-02      1632     460     460    1402
    *      4    2.0e-02      1653     460     460    1423
    *      5    8.5e-03      1678     460     460    1448
    *      6    4.0e-03      1681     460     460    1451
           7    2.0e-03      1681     460     460    1451
    *      8    1.0e-03      1682     460     460    1452
           9    5.6e-04      1681     460     460    1451
          10    3.1e-04      1682     460     460    1452
          11    1.8e-04      1682     460     460    1452
          12    1.0e-04      1682     460     460    1452
          13    5.9e-05      1682     460     460    1452
          14    3.5e-05      1682     460     460    1452
          15    2.1e-05      1682     460     460    1452
          16    1.2e-05      1682     460     460    1452
          17    7.6e-06      1682     460     460    1452
          18    4.6e-06      1682     460     460    1452
          19    2.9e-06      1682     460     460    1452
          20    1.8e-06      1682     460     460    1452
          21    1.1e-06      1682     460     460    1452
          22    6.9e-07      1682     460     460    1452
          23    4.4e-07      1682     460     460    1452
          24    2.8e-07      1682     460     460    1452
          25    1.8e-07      1682     460     460    1452
          26    1.1e-07      1682     460     460    1452
          27    7.2e-08      1682     460     460    1452
          28    4.6e-08      1682     460     460    1452
          29    3.0e-08      1682     460     460    1452
          30    1.9e-08      1682     460     460    1452
          31    1.2e-08      1682     460     460    1452
          32    8.1e-09      1682     460     460    1452
          33    5.2e-09      1682     460     460    1452
          34    3.4e-09      1682     460     460    1452
          35    2.2e-09      1682     460     460    1452
          36    1.5e-09      1682     460     460    1452
          37    9.6e-10      1682     460     460    1452
          38    6.3e-10      1682     460     460    1452
          39    4.1e-10      1682     460     460    1452
          40    2.7e-10      1682     460     460    1452
          41    1.8e-10      1682     460     460    1452
          42    1.2e-10      1682     460     460    1452
          43    7.7e-11      1682     460     460    1452
          44    5.1e-11      1682     460     460    1452
          45    3.4e-11      1682     460     460    1452
          46    2.2e-11      1682     460     460    1452
          47    1.5e-11      1682     460     460    1452
          48    9.7e-12      1682     460     460    1452
          49    6.4e-12      1682     460     460    1452
          50    4.2e-12      1682     460     460    1452
          51    2.8e-12      1682     460     460    1452
          52    1.9e-12      1682     460     460    1452
          53    1.2e-12      1682     460     460    1452
          54    8.1e-13      1682     460     460    1452
Total time used by isorank is 0.83
true_align (1135) and est_align (460) DO NOT have the same number of elements.
method isorank has a score of 7.58%
method isorank used 0.830 seconds.
experiment results:
     method      score       time
0  netalign  26.960352   1.962019
1      klau  26.696035  42.894251
2   isorank   7.577093   0.829689
