Permutation sanity check error is 450.0.
Permutation sanity check error is 21190.0.
num_init for this graph is 10
Generating initial alignment matrix using degree ...
mode is  degree
number of noisy edges are:  10
Average number of initial alignments for each node is 20
maximum values in init align row is:  1134
maximum values in init align col is:  1132
Recovering sparse matrix L took 0.01 sec.
Time for degree: 0.01 sec
iteration 1
Time for iteration 1: 0.21 sec, diff = 0.59062
iteration 2
Time for iteration 2: 0.16 sec, diff = 0.06705
iteration 3
Time for iteration 3: 0.15 sec, diff = 0.01953
iteration 4
Time for iteration 4: 0.14 sec, diff = 0.00790
iteration 5
Time for iteration 5: 0.15 sec, diff = 0.00375
iteration 6
Time for iteration 6: 0.13 sec, diff = 0.00196
iteration 7
Time for iteration 7: 0.13 sec, diff = 0.00109
iteration 8
Time for iteration 8: 0.14 sec, diff = 0.00063
iteration 9
Time for iteration 9: 0.13 sec, diff = 0.00038
iteration 10
Time for iteration 10: 0.13 sec, diff = 0.00024
iteration 11
Time for iteration 11: 0.14 sec, diff = 0.00016
iteration 12
Time for iteration 12: 0.13 sec, diff = 0.00010
iteration 13
Time for iteration 13: 0.14 sec, diff = 0.00007
iteration 14
Time for iteration 14: 0.13 sec, diff = 0.00005
iteration 15
Time for iteration 15: 0.14 sec, diff = 0.00004
iteration 16
Time for iteration 16: 0.14 sec, diff = 0.00003
iteration 17
Time for iteration 17: 0.14 sec, diff = 0.00002
iteration 18
Time for iteration 18: 0.14 sec, diff = 0.00001
iteration 19
Time for iteration 19: 0.14 sec, diff = 0.00001
Total time used by final is 2.98 sec.
true_align and est_align have the same number of elements.
method final has a score of 31.63%
method final used 2.979 seconds.
maximum values in init align row is:  1134
maximum values in init align col is:  1132
best   iter    obj_ma wght_ma card_ma over_ma    obj_mb wght_mb card_mb over_mb
  *a      1      1787     466     466    1321      1787     466     466    1321
          2       631     303     303     328       984     360     360     624
          3      1015     437     437     578       824     334     334     490
          4       731     374     374     357       689     360     360     329
  *a      5      1808     463     463    1345      1772     438     438    1334
  *a      6      2007     464     464    1543      2005     444     444    1561
          7      1816     443     443    1373      1842     442     442    1400
          8       715     361     361     354       501     205     205     296
          9      1238     407     407     831       939     317     317     622
         10      1966     465     465    1501      1986     455     455    1531
  *a     11      2128     466     466    1662      2120     457     457    1663
  *b     12      2126     460     460    1666      2148     444     444    1704
         13      2099     455     455    1644      2134     427     427    1707
  *a     14      2180     460     460    1720      1940     377     377    1563
  *a     15      2221     462     462    1759      2199     448     448    1751
  *a     16      2228     462     462    1766      2216     454     454    1762
         17      2228     462     462    1766      2213     451     451    1762
         18      2227     462     462    1765      2206     450     450    1756
  *a     19      2229     462     462    1767      2205     449     449    1756
  *a     20      2230     462     462    1768      2214     451     451    1763
  *a     21      2231     462     462    1769      2221     455     455    1766
         22      2231     462     462    1769      2224     458     458    1766
         23      2231     462     462    1769      2217     455     455    1762
         24      2231     462     462    1769      2216     454     454    1762
         25      2231     462     462    1769      2223     457     457    1766
         26      2231     462     462    1769      2224     458     458    1766
         27      2231     462     462    1769      2228     460     460    1768
         28      2231     462     462    1769      2229     461     461    1768
         29      2231     462     462    1769      2226     459     459    1767
         30      2231     462     462    1769      2224     458     458    1766
         31      2231     462     462    1769      2223     457     457    1766
         32      2231     462     462    1769      2224     458     458    1766
         33      2231     462     462    1769      2229     461     461    1768
         34      2231     462     462    1769      2229     461     461    1768
         35      2231     462     462    1769      2231     462     462    1769
         36      2231     462     462    1769      2230     461     461    1769
         37      2231     462     462    1769      2228     460     460    1768
         38      2231     462     462    1769      2223     457     457    1766
         39      2231     462     462    1769      2225     459     459    1766
         40      2231     462     462    1769      2223     458     458    1765
         41      2231     462     462    1769      2230     461     461    1769
         42      2231     462     462    1769      2230     461     461    1769
         43      2231     462     462    1769      2231     462     462    1769
         44      2231     462     462    1769      2231     462     462    1769
         45      2231     462     462    1769      2229     461     461    1768
         46      2231     462     462    1769      2226     459     459    1767
         47      2231     462     462    1769      2228     460     460    1768
         48      2231     462     462    1769      2223     460     460    1763
         49      2231     462     462    1769      2224     461     461    1763
         50      2231     462     462    1769      2224     461     461    1763
         51      2231     462     462    1769      2224     461     461    1763
         52      2231     462     462    1769      2231     462     462    1769
         53      2231     462     462    1769      2230     461     461    1769
         54      2231     462     462    1769      2230     461     461    1769
         55      2231     462     462    1769      2230     461     461    1769
         56      2231     462     462    1769      2229     461     461    1768
         57      2231     462     462    1769      2229     461     461    1768
         58      2231     462     462    1769      2229     461     461    1768
         59      2231     462     462    1769      2229     461     461    1768
  *a     60      2232     462     462    1770      2230     461     461    1769
         61      2232     462     462    1770      2232     462     462    1770
         62      2232     462     462    1770      2232     462     462    1770
         63      2232     462     462    1770      2227     461     461    1766
         64      2232     462     462    1770      2221     459     459    1762
         65      2232     462     462    1770      2221     459     459    1762
         66      2232     462     462    1770      2221     459     459    1762
         67      2232     462     462    1770      2226     460     460    1766
         68      2232     462     462    1770      2228     460     460    1768
         69      2232     462     462    1770      2228     460     460    1768
         70      2232     462     462    1770      2228     460     460    1768
         71      2232     462     462    1770      2230     461     461    1769
         72      2232     462     462    1770      2230     461     461    1769
         73      2232     462     462    1770      2230     461     461    1769
         74      2232     462     462    1770      2232     462     462    1770
         75      2232     462     462    1770      2232     462     462    1770
         76      2232     462     462    1770      2232     462     462    1770
         77      2232     462     462    1770      2232     462     462    1770
         78      2232     462     462    1770      2230     461     461    1769
         79      2232     462     462    1770      2228     460     460    1768
         80      2232     462     462    1770      2228     460     460    1768
         81      2230     461     461    1769      2228     460     460    1768
         82      2230     461     461    1769      2228     460     460    1768
         83      2232     462     462    1770      2230     461     461    1769
         84      2232     462     462    1770      2230     461     461    1769
         85      2232     462     462    1770      2232     462     462    1770
         86      2232     462     462    1770      2232     462     462    1770
         87      2232     462     462    1770      2230     461     461    1769
         88      2232     462     462    1770      2230     461     461    1769
         89      2232     462     462    1770      2230     461     461    1769
         90      2232     462     462    1770      2230     461     461    1769
         91      2232     462     462    1770      2232     462     462    1770
         92      2232     462     462    1770      2232     462     462    1770
         93      2232     462     462    1770      2232     462     462    1770
         94      2232     462     462    1770      2232     462     462    1770
         95      2232     462     462    1770      2232     462     462    1770
         96      2232     462     462    1770      2232     462     462    1770
         97      2232     462     462    1770      2232     462     462    1770
         98      2232     462     462    1770      2232     462     462    1770
         99      2232     462     462    1770      2232     462     462    1770
        100      2232     462     462    1770      2232     462     462    1770
Total time used by netalign is 1.90
true_align (1135) and est_align (462) DO NOT have the same number of elements.
method netalign has a score of 27.14%
method netalign used 1.904 seconds.
maximum values in init align row is:  1134
maximum values in init align col is:  1132
 best   iter     norm-u     lower   upper     cur      obj  weight    card overlap
    *      1    0.0e+00      1832  2541.5  2541.5     1832     466     466    1366
           2    1.3e+03      1832  2541.5  2722.9     1663     466     466    1197
           3    1.9e+03      1832  2541.5  2633.3     1380     466     466     914
           4    2.5e+03      1832  2541.5  2669.7     1312     466     466     846
           5    3.0e+03      1832  2541.5  2644.4     1093     466     466     627
           6    3.5e+03      1832  2541.5  2650.1     1159     466     466     693
           7    3.9e+03      1832  2541.5  2643.7     1086     466     466     620
           8    4.3e+03      1832  2541.5  2634.7     1138     466     466     672
           9    4.7e+03      1832  2541.5    2628     1093     466     466     627
          10    5.0e+03      1832  2541.5  2616.6     1097     466     466     631
          11    5.4e+03      1832  2541.5  2624.3     1144     466     466     678
          12    5.7e+03      1832  2541.5  2611.8     1057     466     466     591
          13    6.0e+03      1832  2541.5  2611.7     1095     466     466     629
          14    6.3e+03      1832  2541.5  2610.6     1107     466     466     641
          15    6.6e+03      1832  2541.5  2594.8     1095     466     466     629
          16    6.9e+03      1832  2541.5  2600.2     1095     466     466     629
          17    7.1e+03      1832  2541.5  2597.9     1021     466     466     555
          18    7.4e+03      1832  2541.5  2594.4      982     466     466     516
          19    7.6e+03      1832  2541.5  2599.4     1093     466     466     627
          20    7.8e+03      1832  2541.5  2592.7     1022     466     466     556
          21    8.0e+03      1832  2541.5  2593.4     1022     466     466     556
          22    8.2e+03      1832  2541.5    2580     1016     466     466     550
          23    8.4e+03      1832  2541.5  2582.8     1073     466     466     607
          24    8.6e+03      1832  2541.5  2584.9     1023     466     466     557
          25    8.8e+03      1832  2541.5  2582.4     1072     466     466     606
          26    8.9e+03      1832  2541.5  2574.7     1007     466     466     541
               reducing step to 0.2
          27    9.1e+03      1832  2466.6  2466.6     1090     466     466     624
          28    9.1e+03      1832  2466.6    2469      978     466     466     512
          29    9.2e+03      1832  2437.1  2437.1     1017     466     466     551
          30    9.3e+03      1832  2437.1  2441.7     1037     466     466     571
          31    9.4e+03      1832  2418.3  2418.3     1041     466     466     575
          32    9.4e+03      1832  2416.5  2416.5     1060     466     466     594
          33    9.5e+03      1832  2416.5    2417     1058     466     466     592
          34    9.6e+03      1832  2407.3  2407.3     1092     466     466     626
          35    9.7e+03      1832  2397.7  2397.7     1068     466     466     602
          36    9.7e+03      1832  2397.7    2403     1082     466     466     616
          37    9.8e+03      1832  2392.5  2392.5     1025     466     466     559
          38    9.9e+03      1832  2391.6  2391.6     1167     466     466     701
          39    9.9e+03      1832  2384.2  2384.2     1118     466     466     652
          40    1.0e+04      1832  2383.7  2383.7     1202     466     466     736
          41    1.0e+04      1832    2375    2375     1119     466     466     653
          42    1.0e+04      1832    2375  2385.5     1205     466     466     739
          43    1.0e+04      1832    2375  2376.6     1176     466     466     710
          44    1.0e+04      1832  2371.5  2371.5     1241     466     466     775
          45    1.0e+04      1832  2369.9  2369.9     1248     466     466     782
          46    1.0e+04      1832  2369.9  2371.7     1180     466     466     714
          47    1.0e+04      1832  2368.9  2368.9     1265     466     466     799
          48    1.0e+04      1832  2360.6  2360.6     1153     466     466     687
          49    1.0e+04      1832  2360.6  2368.3     1357     466     466     891
          50    1.0e+04      1832  2356.7  2356.7     1256     466     466     790
          51    1.1e+04      1832  2356.7  2365.8     1212     465     465     747
          52    1.1e+04      1832  2354.8  2354.8     1177     466     466     711
          53    1.1e+04      1832  2354.8  2361.5     1253     466     466     787
          54    1.1e+04      1832  2352.8  2352.8     1247     466     466     781
          55    1.1e+04      1832  2352.8  2355.9     1264     466     466     798
          56    1.1e+04      1832  2352.8  2357.6     1282     466     466     816
          57    1.1e+04      1832  2352.8  2353.7     1283     466     466     817
          58    1.1e+04      1832  2349.2  2349.2     1247     466     466     781
          59    1.1e+04      1832  2349.2  2350.5     1269     466     466     803
          60    1.1e+04      1832  2345.9  2345.9     1295     466     466     829
          61    1.1e+04      1832  2345.9  2350.4     1310     466     466     844
          62    1.1e+04      1832  2345.9  2350.5     1295     466     466     829
          63    1.1e+04      1832  2345.9    2347     1316     465     465     851
          64    1.1e+04      1832  2344.2  2344.2     1312     465     465     847
          65    1.1e+04      1832  2344.2  2348.5     1328     465     465     863
          66    1.1e+04      1832  2343.9  2343.9     1410     466     466     944
          67    1.1e+04      1832  2341.4  2341.4     1353     466     466     887
          68    1.1e+04      1832  2339.7  2339.7     1300     466     466     834
          69    1.1e+04      1832  2339.7  2346.6     1280     466     466     814
          70    1.1e+04      1832  2339.3  2339.3     1347     465     465     882
          71    1.1e+04      1832  2339.3  2339.9     1397     466     466     931
          72    1.1e+04      1832  2339.3  2343.1     1368     466     466     902
          73    1.1e+04      1832  2330.6  2330.6     1346     466     466     880
          74    1.1e+04      1832  2330.6  2339.8     1371     466     466     905
          75    1.1e+04      1832  2330.6  2334.6     1336     465     465     871
          76    1.1e+04      1832  2330.6  2339.8     1330     466     466     864
          77    1.1e+04      1832  2330.6  2333.5     1431     465     465     966
          78    1.1e+04      1832  2330.4  2330.4     1347     466     466     881
          79    1.2e+04      1832  2330.4  2333.3     1382     465     465     917
          80    1.2e+04      1832  2330.4  2332.5     1352     465     465     887
          81    1.2e+04      1832  2330.4  2331.2     1250     466     466     784
          82    1.2e+04      1832  2330.4  2333.5     1449     465     465     984
          83    1.2e+04      1832  2324.1  2324.1     1568     466     466    1102
          84    1.2e+04      1832  2322.8  2322.8     1359     466     466     893
          85    1.2e+04      1832  2322.8  2343.1     1364     466     466     898
          86    1.2e+04      1832  2322.8  2323.8     1418     465     465     953
          87    1.2e+04      1832  2322.8  2325.4     1460     466     466     994
          88    1.2e+04      1832  2322.8  2325.5     1431     465     465     966
          89    1.2e+04      1832  2322.8  2329.8     1432     465     465     967
          90    1.2e+04      1832  2322.8    2334     1486     466     466    1020
          91    1.2e+04      1832  2322.8    2327     1450     465     465     985
          92    1.2e+04      1832  2320.2  2320.2     1376     466     466     910
          93    1.2e+04      1832  2320.2  2335.9     1323     466     466     857
          94    1.2e+04      1832  2320.2  2328.6     1459     466     466     993
          95    1.2e+04      1832  2320.2  2321.8     1529     465     465    1064
          96    1.2e+04      1832  2320.2  2323.3     1472     466     466    1006
          97    1.2e+04      1832  2320.2  2323.1     1418     465     465     953
          98    1.2e+04      1832  2320.1  2320.1     1447     465     465     982
          99    1.2e+04      1832  2320.1  2325.9     1367     466     466     901
         100    1.2e+04      1832  2320.1  2325.2     1500     466     466    1034
         101    1.2e+04      1832  2312.6  2312.6     1590     465     465    1125
         102    1.2e+04      1832    2312    2312     1515     465     465    1050
         103    1.2e+04      1832    2312  2328.5     1362     465     465     897
         104    1.2e+04      1832    2312  2324.9     1478     466     466    1012
         105    1.2e+04      1832    2312  2317.4     1416     466     466     950
         106    1.2e+04      1832    2312  2322.4     1487     465     465    1022
         107    1.2e+04      1832    2312  2321.5     1426     465     465     961
         108    1.2e+04      1832    2312  2320.5     1523     466     466    1057
         109    1.2e+04      1832    2312  2315.5     1502     465     465    1037
         110    1.2e+04      1832    2312  2317.5     1432     465     465     967
         111    1.2e+04      1832    2312  2317.6     1498     466     466    1032
         112    1.2e+04      1832    2312  2313.4     1489     465     465    1024
         113    1.2e+04      1832    2312  2319.6     1398     466     466     932
         114    1.3e+04      1832    2312    2314     1537     466     466    1071
         115    1.3e+04      1832    2312  2316.2     1514     466     466    1048
         116    1.3e+04      1832    2312  2316.3     1472     465     465    1007
         117    1.3e+04      1832    2312  2320.7     1650     466     466    1184
         118    1.3e+04      1832  2308.5  2308.5     1614     466     466    1148
         119    1.3e+04      1832  2308.5  2311.9     1516     464     464    1052
         120    1.3e+04      1832  2308.5    2316     1595     466     466    1129
         121    1.3e+04      1832  2308.5  2312.4     1510     466     466    1044
         122    1.3e+04      1832  2308.5  2316.3     1477     465     465    1012
         123    1.3e+04      1832  2308.5  2317.5     1468     466     466    1002
         124    1.3e+04      1832  2308.5  2313.9     1448     465     465     983
         125    1.3e+04      1832  2308.5  2314.8     1445     465     465     980
         126    1.3e+04      1832  2308.5  2319.8     1477     465     465    1012
         127    1.3e+04      1832  2308.5  2311.4     1583     465     465    1118
         128    1.3e+04      1832  2304.2  2304.2     1632     465     465    1167
         129    1.3e+04      1832  2304.2    2307     1531     465     465    1066
         130    1.3e+04      1832  2304.2    2312     1529     465     465    1064
         131    1.3e+04      1832  2304.2    2314     1491     466     466    1025
         132    1.3e+04      1832  2304.2  2312.9     1494     465     465    1029
         133    1.3e+04      1832  2304.2  2317.2     1500     466     466    1034
         134    1.3e+04      1832  2303.5  2303.5     1480     465     465    1015
         135    1.3e+04      1832  2303.5  2315.3     1472     466     466    1006
         136    1.3e+04      1832  2303.5  2311.5     1516     465     465    1051
         137    1.3e+04      1832  2303.5  2313.7     1509     466     466    1043
         138    1.3e+04      1832  2303.5  2310.5     1513     466     466    1047
         139    1.3e+04      1832  2303.5  2313.5     1414     466     466     948
         140    1.3e+04      1832  2303.5  2317.3     1488     465     465    1023
         141    1.3e+04      1832  2302.8  2302.8     1564     466     466    1098
         142    1.3e+04      1832  2302.8  2305.9     1539     465     465    1074
         143    1.3e+04      1832  2302.8    2309     1539     466     466    1073
         144    1.3e+04      1832  2302.8  2303.6     1568     466     466    1102
         145    1.3e+04      1832  2302.8  2307.4     1447     465     465     982
         146    1.3e+04      1832  2302.8  2309.6     1520     465     465    1055
         147    1.3e+04      1832  2302.8  2309.1     1520     465     465    1055
         148    1.3e+04      1832  2302.8  2306.6     1522     465     465    1057
         149    1.3e+04      1832  2302.8  2311.2     1532     465     465    1067
         150    1.3e+04      1832  2302.8  2307.4     1543     464     464    1079
         151    1.3e+04      1832  2302.8  2304.7     1562     465     465    1097
         152    1.3e+04      1832  2302.8  2315.6     1600     466     466    1134
         153    1.3e+04      1832  2302.1  2302.1     1602     466     466    1136
         154    1.3e+04      1832  2302.1  2307.7     1458     465     465     993
         155    1.3e+04      1832  2302.1  2317.7     1516     465     465    1051
         156    1.4e+04      1832  2302.1  2303.1     1591     466     466    1125
         157    1.4e+04      1832  2302.1  2310.5     1480     464     464    1016
         158    1.4e+04      1832  2302.1  2312.8     1491     466     466    1025
         159    1.4e+04      1832  2302.1  2306.9     1608     465     465    1143
         160    1.4e+04      1832  2302.1  2302.5     1532     466     466    1066
         161    1.4e+04      1832  2302.1  2303.5     1503     466     466    1037
         162    1.4e+04      1832  2302.1  2306.1     1542     465     465    1077
         163    1.4e+04      1832  2300.7  2300.7     1557     465     465    1092
         164    1.4e+04      1832  2300.7  2307.8     1414     465     465     949
         165    1.4e+04      1832  2300.7  2313.9     1516     465     465    1051
         166    1.4e+04      1832  2300.7  2305.7     1672     466     466    1206
         167    1.4e+04      1832  2298.2  2298.2     1529     464     464    1065
         168    1.4e+04      1832  2298.2    2313     1424     465     465     959
         169    1.4e+04      1832  2298.2  2310.4     1524     465     465    1059
         170    1.4e+04      1832  2297.3  2297.3     1707     465     465    1242
         171    1.4e+04      1832    2296    2296     1615     465     465    1150
         172    1.4e+04      1832    2296  2303.9     1499     464     464    1035
         173    1.4e+04      1832    2296    2312     1559     465     465    1094
         174    1.4e+04      1832    2296  2301.5     1659     465     465    1194
         175    1.4e+04      1832  2295.9  2295.9     1608     465     465    1143
         176    1.4e+04      1832  2295.9  2306.1     1462     466     466     996
         177    1.4e+04      1832  2295.9  2309.6     1507     465     465    1042
         178    1.4e+04      1832  2295.9  2300.3     1570     464     464    1106
         179    1.4e+04      1832  2295.9  2307.9     1528     465     465    1063
         180    1.4e+04      1832  2295.9  2302.3     1476     466     466    1010
         181    1.4e+04      1832  2295.9  2302.4     1579     465     465    1114
         182    1.4e+04      1832  2295.9  2296.7     1579     464     464    1115
         183    1.4e+04      1832  2295.9  2304.3     1531     465     465    1066
         184    1.4e+04      1832  2295.9  2304.3     1492     465     465    1027
         185    1.4e+04      1832  2295.9  2305.6     1482     465     465    1017
         186    1.4e+04      1832  2295.9  2307.2     1607     465     465    1142
         187    1.4e+04      1832  2295.9  2296.6     1645     466     466    1179
         188    1.4e+04      1832  2295.9  2301.7     1555     464     464    1091
         189    1.4e+04      1832  2295.7  2295.7     1543     465     465    1078
         190    1.4e+04      1832  2295.7    2301     1543     465     465    1078
         191    1.4e+04      1832  2295.7  2301.8     1605     465     465    1140
         192    1.4e+04      1832  2295.7  2296.5     1695     465     465    1230
         193    1.4e+04      1832  2295.7  2295.8     1753     464     464    1289
         194    1.4e+04      1832  2295.6  2295.6     1706     465     465    1241
         195    1.4e+04      1832  2295.6  2297.7     1713     466     466    1247
         196    1.4e+04      1832  2294.4  2294.4     1633     466     466    1167
         197    1.4e+04      1832  2294.4  2298.4     1539     466     466    1073
         198    1.4e+04      1832  2294.4  2305.9     1452     465     465     987
         199    1.4e+04      1832  2294.4  2299.1     1485     466     466    1019
         200    1.4e+04      1832  2294.4  2304.4     1613     465     465    1148
         201    1.4e+04      1832  2294.4  2296.1     1571     464     464    1107
         202    1.4e+04      1832  2294.4  2301.6     1511     464     464    1047
         203    1.4e+04      1832  2294.4  2308.4     1596     466     466    1130
         204    1.4e+04      1832  2290.5  2290.5     1562     464     464    1098
         205    1.4e+04      1832  2290.5  2297.9     1450     465     465     985
         206    1.4e+04      1832  2290.5  2305.1     1531     466     466    1065
         207    1.4e+04      1832  2290.5  2303.5     1584     465     465    1119
         208    1.4e+04      1832  2290.5  2296.6     1689     466     466    1223
         209    1.4e+04      1832  2290.5  2297.1     1590     464     464    1126
         210    1.5e+04      1832  2290.5  2303.8     1462     466     466     996
         211    1.5e+04      1832  2290.5    2306     1620     466     466    1154
         212    1.5e+04      1832  2289.8  2289.8     1712     465     465    1247
         213    1.5e+04      1832  2289.8  2293.5     1629     464     464    1165
         214    1.5e+04      1832  2289.8    2301     1639     465     465    1174
         215    1.5e+04      1832  2289.8  2296.9     1667     464     464    1203
         216    1.5e+04      1832  2289.8  2301.5     1587     463     463    1124
         217    1.5e+04      1832  2289.8  2298.5     1545     466     466    1079
         218    1.5e+04      1832  2289.8    2298     1585     466     466    1119
         219    1.5e+04      1832  2289.8    2300     1545     464     464    1081
         220    1.5e+04      1832  2289.8  2298.7     1644     465     465    1179
         221    1.5e+04      1832  2289.8  2295.7     1662     464     464    1198
         222    1.5e+04      1832  2289.8  2298.2     1711     465     465    1246
         223    1.5e+04      1832  2289.8  2296.8     1536     466     466    1070
         224    1.5e+04      1832  2289.8  2302.3     1612     464     464    1148
         225    1.5e+04      1832  2289.8    2296     1583     465     465    1118
         226    1.5e+04      1832  2289.8    2296     1636     465     465    1171
         227    1.5e+04      1832  2289.8    2295     1710     464     464    1246
         228    1.5e+04      1832  2289.8  2298.8     1618     465     465    1153
         229    1.5e+04      1832  2289.8  2295.8     1655     465     465    1190
         230    1.5e+04      1832  2289.8    2296     1645     464     464    1181
         231    1.5e+04      1832  2289.8    2295     1664     465     465    1199
         232    1.5e+04      1832  2289.8    2296     1593     464     464    1129
         233    1.5e+04      1832  2289.8  2297.9     1666     465     465    1201
         234    1.5e+04      1832  2289.8  2292.8     1693     465     465    1228
         235    1.5e+04      1832  2289.8    2295     1748     464     464    1284
         236    1.5e+04      1832  2289.8  2290.8     1674     465     465    1209
         237    1.5e+04      1832  2289.8  2295.9     1572     466     466    1106
               reducing step to 0.1
    *    238    1.5e+04      1917  2268.2  2268.2     1917     463     463    1454
    *    239    1.5e+04      2003  2259.6  2259.6     2003     463     463    1540
    *    240    1.5e+04      2053  2258.2  2258.2     2053     464     464    1589
    *    241    1.5e+04      2082  2256.6  2256.6     2082     464     464    1618
    *    242    1.5e+04      2117  2255.8  2255.8     2117     463     463    1654
         243    1.5e+04      2117    2254    2254     2075     464     464    1611
         244    1.5e+04      2117    2254  2256.3     2090     463     463    1627
         245    1.5e+04      2117    2254  2257.3     2058     463     463    1595
         246    1.5e+04      2117    2254  2255.7     2014     463     463    1551
         247    1.5e+04      2117    2254  2255.9     1908     464     464    1444
         248    1.5e+04      2117    2254  2257.3     1967     463     463    1504
         249    1.5e+04      2117    2254  2254.5     1998     463     463    1535
         250    1.5e+04      2117    2254  2255.8     2043     464     464    1579
         251    1.5e+04      2117    2254  2254.7     2116     463     463    1653
    *    252    1.5e+04      2136  2253.4  2253.4     2136     464     464    1672
    *    253    1.5e+04      2177  2253.3  2253.3     2177     463     463    1714
         254    1.5e+04      2177  2253.3  2253.5     2081     463     463    1618
         255    1.5e+04      2177  2253.1  2253.1     2131     463     463    1668
         256    1.5e+04      2177  2253.1  2253.3     2151     464     464    1687
         257    1.5e+04      2177  2253.1  2253.1     2058     463     463    1595
         258    1.5e+04      2177  2252.4  2252.4     2023     463     463    1560
         259    1.5e+04      2177  2252.4  2253.9     2039     464     464    1575
         260    1.5e+04      2177  2252.4  2253.4     1951     464     464    1487
         261    1.5e+04      2177  2252.4  2252.4     2046     463     463    1583
         262    1.5e+04      2177  2252.4  2252.9     2009     464     464    1545
         263    1.5e+04      2177  2252.4  2252.8     2129     464     464    1665
         264    1.5e+04      2177  2251.7  2251.7     2131     463     463    1668
         265    1.5e+04      2177  2251.4  2251.4     2058     463     463    1595
         266    1.5e+04      2177  2251.4  2253.8     2134     463     463    1671
         267    1.5e+04      2177  2251.4  2252.7     2122     463     463    1659
         268    1.5e+04      2177  2251.4  2252.1     2124     463     463    1661
         269    1.5e+04      2177  2251.4  2251.4     2158     463     463    1695
    *    270    1.5e+04      2189  2250.5  2250.5     2189     463     463    1726
         271    1.5e+04      2189  2250.5  2250.7     2165     463     463    1702
         272    1.5e+04      2189  2250.5  2250.8     2130     463     463    1667
         273    1.5e+04      2189  2250.3  2250.3     2159     463     463    1696
         274    1.5e+04      2189  2250.3  2250.3     2124     464     464    1660
         275    1.5e+04      2189  2250.2  2250.2     2123     463     463    1660
         276    1.5e+04      2189  2250.2  2250.3     2167     463     463    1704
         277    1.5e+04      2189  2250.2  2252.5     2107     463     463    1644
         278    1.5e+04      2189  2250.2  2251.2     2087     463     463    1624
         279    1.5e+04      2189  2250.2  2252.2     2093     464     464    1629
         280    1.5e+04      2189  2250.2  2251.5     2085     463     463    1622
         281    1.5e+04      2189  2250.2  2250.8     2049     464     464    1585
         282    1.5e+04      2189  2250.2  2250.6     2077     463     463    1614
         283    1.5e+04      2189  2250.2  2251.6     2095     463     463    1632
         284    1.5e+04      2189  2250.2  2251.8     2033     463     463    1570
         285    1.5e+04      2189  2250.2  2250.8     2085     464     464    1621
         286    1.5e+04      2189  2250.2  2251.5     2054     464     464    1590
         287    1.5e+04      2189  2250.2  2251.6     2048     463     463    1585
         288    1.5e+04      2189  2250.2  2250.9     2129     464     464    1665
         289    1.5e+04      2189  2250.2  2250.9     2141     463     463    1678
         290    1.5e+04      2189  2250.2  2250.5     2108     463     463    1645
         291    1.5e+04      2189  2249.2  2249.2     2182     463     463    1719
         292    1.5e+04      2189  2249.2    2250     2176     463     463    1713
         293    1.5e+04      2189    2249    2249     2188     463     463    1725
         294    1.5e+04      2189    2249  2249.6     2169     463     463    1706
         295    1.5e+04      2189    2249  2249.5     2174     463     463    1711
         296    1.5e+04      2189  2248.7  2248.7     2140     463     463    1677
         297    1.5e+04      2189  2248.7  2249.9     2073     464     464    1609
         298    1.5e+04      2189  2248.7  2249.9     2011     463     463    1548
         299    1.5e+04      2189  2248.7  2250.8     2073     463     463    1610
         300    1.5e+04      2189  2248.7  2249.8     2046     463     463    1583
         301    1.5e+04      2189  2248.7  2248.9     2168     463     463    1705
         302    1.5e+04      2189  2248.7  2249.3     2146     463     463    1683
         303    1.5e+04      2189  2248.7  2249.2     2154     464     464    1690
         304    1.5e+04      2189  2248.7  2250.8     2102     464     464    1638
         305    1.5e+04      2189  2248.7  2248.8     2159     463     463    1696
         306    1.5e+04      2189  2248.7  2249.7     2083     463     463    1620
         307    1.5e+04      2189  2248.7  2249.6     2134     463     463    1671
         308    1.5e+04      2189  2248.7  2248.7     2147     463     463    1684
         309    1.5e+04      2189  2248.7  2249.4     2089     463     463    1626
         310    1.5e+04      2189  2248.7  2249.3     2113     463     463    1650
         311    1.5e+04      2189  2248.7  2248.8     2069     464     464    1605
         312    1.5e+04      2189  2248.7  2249.3     2061     464     464    1597
         313    1.5e+04      2189  2248.7    2250     2118     463     463    1655
         314    1.5e+04      2189  2248.7  2249.2     2126     463     463    1663
         315    1.5e+04      2189  2248.7  2249.1     1987     463     463    1524
         316    1.5e+04      2189  2248.7  2250.9     2010     464     464    1546
         317    1.5e+04      2189  2248.7  2249.7     2127     463     463    1664
         318    1.5e+04      2189  2248.7  2250.2     2163     463     463    1700
         319    1.5e+04      2189  2247.8  2247.8     2182     463     463    1719
         320    1.5e+04      2189  2247.8  2249.2     2162     463     463    1699
         321    1.5e+04      2189  2247.1  2247.1     2150     464     464    1686
    *    322    1.5e+04      2190  2247.1  2249.5     2190     462     462    1728
         323    1.5e+04      2190  2246.7  2246.7     2175     462     462    1713
         324    1.5e+04      2190  2246.7    2249     2104     463     463    1641
         325    1.5e+04      2190  2246.7  2247.6     2166     462     462    1704
         326    1.5e+04      2190  2246.7  2248.9     2180     462     462    1718
         327    1.5e+04      2190  2246.7    2247     2157     463     463    1694
         328    1.5e+04      2190  2246.7  2249.9     2177     462     462    1715
    *    329    1.5e+04      2192  2246.7  2246.9     2192     462     462    1730
         330    1.5e+04      2192  2246.7  2248.4     2173     462     462    1711
         331    1.5e+04      2192  2246.7  2247.1     2157     463     463    1694
         332    1.5e+04      2192  2246.7  2248.9     2118     463     463    1655
    *    333    1.5e+04      2201  2246.7  2247.1     2201     462     462    1739
         334    1.5e+04      2201  2246.7  2248.6     2179     462     462    1717
         335    1.5e+04      2201  2246.7  2247.2     2199     462     462    1737
         336    1.5e+04      2201  2246.7  2248.9     2182     463     463    1719
    *    337    1.5e+04      2207  2246.7    2247     2207     462     462    1745
         338    1.5e+04      2207  2246.7  2248.1     2206     462     462    1744
    *    339    1.5e+04      2208  2246.7    2247     2208     462     462    1746
         340    1.5e+04      2208  2246.7  2248.2     2208     462     462    1746
         341    1.5e+04      2208  2246.7  2246.8     2208     462     462    1746
         342    1.5e+04      2208  2246.7  2248.8     2206     462     462    1744
         343    1.5e+04      2208  2246.5  2246.5     2208     462     462    1746
         344    1.5e+04      2208  2246.5  2248.1     2206     462     462    1744
    *    345    1.5e+04      2210  2246.5  2247.2     2210     462     462    1748
         346    1.5e+04      2210  2246.5  2247.9     2208     462     462    1746
         347    1.5e+04      2210  2246.5    2247     2197     462     462    1735
         348    1.5e+04      2210  2246.5  2248.3     2199     462     462    1737
    *    349    1.5e+04      2211  2246.5  2246.8     2211     462     462    1749
         350    1.5e+04      2211  2246.5  2247.9     2209     462     462    1747
         351    1.5e+04      2211  2246.5  2247.1     2208     462     462    1746
         352    1.5e+04      2211  2246.5    2248     2208     462     462    1746
         353    1.5e+04      2211  2246.5  2247.1     2207     462     462    1745
         354    1.5e+04      2211  2246.5  2248.1     2209     462     462    1747
         355    1.5e+04      2211  2246.5  2246.9     2209     462     462    1747
         356    1.5e+04      2211  2246.5  2247.9     2208     462     462    1746
         357    1.5e+04      2211  2246.5  2246.8     2208     462     462    1746
         358    1.5e+04      2211  2246.5    2248     2208     462     462    1746
         359    1.5e+04      2211  2246.5  2246.8     2203     462     462    1741
         360    1.5e+04      2211  2246.5    2248     2209     462     462    1747
         361    1.5e+04      2211  2246.5  2246.6     2203     462     462    1741
         362    1.5e+04      2211  2246.5  2247.4     2207     462     462    1745
         363    1.5e+04      2211  2246.5  2246.9     2205     462     462    1743
    *    364    1.5e+04      2212  2246.5  2248.2     2212     462     462    1750
         365    1.5e+04      2212    2246    2246     2208     462     462    1746
    *    366    1.5e+04      2213    2246    2248     2213     462     462    1751
         367    1.5e+04      2213    2246  2246.2     2206     462     462    1744
         368    1.5e+04      2213    2246    2248     2212     462     462    1750
         369    1.5e+04      2213    2246  2246.4     2207     462     462    1745
         370    1.5e+04      2213    2246  2247.8     2207     462     462    1745
         371    1.5e+04      2213    2246  2246.6     2206     462     462    1744
         372    1.5e+04      2213    2246  2248.7     2209     462     462    1747
         373    1.5e+04      2213    2246  2246.4     2208     462     462    1746
         374    1.5e+04      2213    2246  2247.8     2212     462     462    1750
         375    1.5e+04      2213    2246  2246.2     2208     462     462    1746
         376    1.5e+04      2213    2246  2248.2     2212     462     462    1750
         377    1.5e+04      2213    2246  2246.1     2208     462     462    1746
         378    1.5e+04      2213    2246  2247.8     2206     462     462    1744
         379    1.5e+04      2213    2246  2246.4     2211     462     462    1749
         380    1.5e+04      2213    2246  2247.8     2207     462     462    1745
         381    1.5e+04      2213    2246  2246.3     2205     462     462    1743
         382    1.5e+04      2213    2246  2248.2     2207     462     462    1745
         383    1.5e+04      2213    2246  2246.6     2208     462     462    1746
         384    1.5e+04      2213    2246  2248.1     2211     462     462    1749
         385    1.5e+04      2213    2246  2246.1     2206     462     462    1744
         386    1.5e+04      2213    2246  2247.9     2208     462     462    1746
         387    1.5e+04      2213    2246  2246.3     2202     462     462    1740
         388    1.5e+04      2213    2246  2247.7     2212     462     462    1750
         389    1.5e+04      2213    2246  2246.1     2210     462     462    1748
         390    1.5e+04      2213    2246  2247.9     2210     462     462    1748
               reducing step to 0.05
         391    1.5e+04      2213  2242.2  2242.2     2159     462     462    1697
         392    1.5e+04      2213 2241.35 2241.35     2167     463     463    1704
         393    1.5e+04      2213 2240.85 2240.85     2143     463     463    1680
         394    1.5e+04      2213 2240.55 2240.55     2151     462     462    1689
         395    1.5e+04      2213  2240.4  2240.4     2163     462     462    1701
         396    1.5e+04      2213  2240.4  2240.5     2205     462     462    1743
         397    1.5e+04      2213  2240.2  2240.2     2212     462     462    1750
    *    398    1.5e+04      2214  2240.2  2240.3     2214     462     462    1752
         399    1.5e+04      2214  2240.2  2240.3     2211     462     462    1749
    *    400    1.5e+04      2215  2240.2  2240.4     2215     462     462    1753
         401    1.5e+04      2215 2239.95 2239.95     2215     462     462    1753
    *    402    1.5e+04      2217 2239.95 2240.15     2217     462     462    1755
         403    1.5e+04      2217 2239.95  2240.1     2214     462     462    1752
         404    1.5e+04      2217 2239.95  2240.1     2209     462     462    1747
         405    1.5e+04      2217 2239.95 2240.05     2198     462     462    1736
         406    1.5e+04      2217 2239.95 2240.15     2213     462     462    1751
         407    1.5e+04      2217 2239.95 2239.95     2205     462     462    1743
         408    1.5e+04      2217 2239.95  2240.1     2215     462     462    1753
         409    1.5e+04      2217  2239.9  2239.9     2214     462     462    1752
         410    1.5e+04      2217  2239.9 2240.15     2213     462     462    1751
         411    1.5e+04      2217  2239.9 2240.05     2210     462     462    1748
         412    1.5e+04      2217  2239.9  2240.1     2214     462     462    1752
         413    1.5e+04      2217  2239.9  2239.9     2202     462     462    1740
         414    1.5e+04      2217  2239.9 2240.15     2209     462     462    1747
         415    1.5e+04      2217  2239.7  2239.7     2156     463     463    1693
         416    1.5e+04      2217  2239.7 2239.95     2217     462     462    1755
         417    1.5e+04      2217  2239.7 2239.75     2212     462     462    1750
         418    1.5e+04      2217  2239.7  2239.7     2216     462     462    1754
         419    1.5e+04      2217 2239.65 2239.65     2209     462     462    1747
         420    1.5e+04      2217 2239.65  2239.9     2215     462     462    1753
         421    1.5e+04      2217  2239.6  2239.6     2213     462     462    1751
         422    1.5e+04      2217  2239.6 2239.85     2212     462     462    1750
         423    1.5e+04      2217  2239.6  2239.6     2209     462     462    1747
         424    1.5e+04      2217  2239.6    2240     2211     462     462    1749
         425    1.5e+04      2217  2239.6 2239.65     2209     462     462    1747
         426    1.5e+04      2217  2239.6  2239.9     2212     462     462    1750
         427    1.5e+04      2217  2239.6  2239.7     2209     462     462    1747
         428    1.5e+04      2217  2239.6    2240     2210     462     462    1748
         429    1.5e+04      2217  2239.6  2239.8     2208     462     462    1746
         430    1.5e+04      2217  2239.6 2239.75     2209     462     462    1747
         431    1.5e+04      2217  2239.6 2239.65     2209     462     462    1747
         432    1.5e+04      2217  2239.6  2239.9     2214     462     462    1752
         433    1.5e+04      2217  2239.6 2239.75     2211     462     462    1749
         434    1.5e+04      2217  2239.6  2239.9     2216     462     462    1754
         435    1.5e+04      2217  2239.6 2239.75     2207     462     462    1745
         436    1.5e+04      2217  2239.6  2239.8     2213     462     462    1751
         437    1.5e+04      2217  2239.4  2239.4     2213     462     462    1751
         438    1.5e+04      2217  2239.4  2239.6     2216     462     462    1754
         439    1.5e+04      2217  2239.4 2239.45     2212     462     462    1750
         440    1.5e+04      2217  2239.4  2239.6     2216     462     462    1754
         441    1.5e+04      2217  2239.4 2239.45     2213     462     462    1751
         442    1.5e+04      2217  2239.4 2239.55     2216     462     462    1754
         443    1.5e+04      2217 2239.35 2239.35     2212     462     462    1750
         444    1.5e+04      2217 2239.35 2239.65     2214     462     462    1752
         445    1.5e+04      2217  2239.3  2239.3     2212     462     462    1750
         446    1.5e+04      2217  2239.3  2239.6     2215     462     462    1753
         447    1.5e+04      2217  2239.3  2239.3     2213     462     462    1751
         448    1.5e+04      2217  2239.3  2239.6     2215     462     462    1753
         449    1.5e+04      2217  2239.3  2239.3     2213     462     462    1751
         450    1.5e+04      2217  2239.3 2239.45     2215     462     462    1753
         451    1.5e+04      2217  2239.3 2239.35     2209     462     462    1747
         452    1.5e+04      2217  2239.3 2239.55     2215     462     462    1753
         453    1.5e+04      2217  2239.3  2239.3     2215     462     462    1753
         454    1.5e+04      2217  2239.3  2239.5     2212     462     462    1750
         455    1.5e+04      2217  2239.3  2239.4     2196     463     463    1733
         456    1.5e+04      2217  2239.3  2239.8     2214     462     462    1752
         457    1.5e+04      2217  2239.3 2239.55     2160     463     463    1697
         458    1.5e+04      2217  2239.3 2239.75     2214     462     462    1752
         459    1.5e+04      2217  2239.3  2239.7     2207     462     462    1745
         460    1.5e+04      2217  2239.3 2239.55     2214     462     462    1752
         461    1.5e+04      2217  2239.3 2239.75     2207     462     462    1745
         462    1.5e+04      2217  2239.3  2239.7     2212     462     462    1750
         463    1.5e+04      2217  2239.3  2239.4     2212     462     462    1750
         464    1.5e+04      2217  2239.3 2239.55     2212     462     462    1750
         465    1.5e+04      2217  2239.3 2239.55     2205     462     462    1743
         466    1.5e+04      2217  2239.3  2239.5     2213     462     462    1751
         467    1.5e+04      2217  2239.3  2239.5     2211     462     462    1749
         468    1.5e+04      2217  2239.3 2239.55     2196     462     462    1734
         469    1.5e+04      2217  2239.3 2239.55     2208     462     462    1746
         470    1.5e+04      2217  2239.3  2239.4     2214     462     462    1752
               reducing step to 0.025
         471    1.5e+04      2217  2237.8  2237.8     2207     462     462    1745
         472    1.5e+04      2217 2237.18 2237.18     2217     462     462    1755
         473    1.5e+04      2217 2237.18 2237.18     2215     462     462    1753
         474    1.5e+04      2217 2237.05 2237.05     2214     462     462    1752
         475    1.5e+04      2217 2237.05  2237.1     2215     462     462    1753
    *    476    1.5e+04      2219 2236.95 2236.95     2219     462     462    1757
         477    1.5e+04      2219 2236.95 2237.05     2210     462     462    1748
         478    1.5e+04      2219 2236.93 2236.93     2194     462     462    1732
         479    1.5e+04      2219 2236.93 2237.13     2215     462     462    1753
         480    1.5e+04      2219 2236.93  2237.2     2213     462     462    1751
         481    1.5e+04      2219 2236.93 2236.95     2219     462     462    1757
         482    1.5e+04      2219 2236.93 2236.98     2210     462     462    1748
    *    483    1.5e+04      2221 2236.93 2236.95     2221     462     462    1759
         484    1.5e+04      2221 2236.88 2236.88     2211     462     462    1749
         485    1.5e+04      2221 2236.88 2236.95     2219     462     462    1757
         486    1.5e+04      2221 2236.88 2236.88     2213     462     462    1751
         487    1.5e+04      2221 2236.88 2236.88     2218     462     462    1756
         488    1.5e+04      2221 2236.88 2236.93     2210     462     462    1748
         489    1.5e+04      2221 2236.88 2236.95     2219     462     462    1757
         490    1.5e+04      2221 2236.78 2236.78     2212     462     462    1750
         491    1.5e+04      2221 2236.78 2236.98     2216     462     462    1754
         492    1.5e+04      2221 2236.78 2236.83     2215     462     462    1753
         493    1.5e+04      2221 2236.78 2236.93     2212     462     462    1750
         494    1.5e+04      2221 2236.78 2236.78     2213     462     462    1751
         495    1.5e+04      2221 2236.78 2236.93     2214     462     462    1752
         496    1.5e+04      2221 2236.78 2236.95     2215     462     462    1753
         497    1.5e+04      2221 2236.75 2236.75     2214     462     462    1752
         498    1.5e+04      2221 2236.75 2236.98     2216     462     462    1754
         499    1.5e+04      2221 2236.73 2236.73     2212     462     462    1750
         500    1.5e+04      2221 2236.73  2236.9     2214     462     462    1752
         501    1.5e+04      2221 2236.73 2236.85     2215     462     462    1753
         502    1.5e+04      2221 2236.73  2236.8     2215     462     462    1753
         503    1.5e+04      2221 2236.73 2236.78     2214     462     462    1752
         504    1.5e+04      2221 2236.73 2236.93     2216     462     462    1754
         505    1.5e+04      2221 2236.73 2236.78     2212     462     462    1750
         506    1.5e+04      2221 2236.73 2236.88     2215     462     462    1753
         507    1.5e+04      2221 2236.73 2236.83     2208     462     462    1746
         508    1.5e+04      2221 2236.73 2236.85     2215     462     462    1753
         509    1.5e+04      2221 2236.73 2236.95     2214     462     462    1752
         510    1.5e+04      2221 2236.73 2236.85     2217     462     462    1755
         511    1.5e+04      2221 2236.73 2236.83     2205     462     462    1743
         512    1.5e+04      2221 2236.73 2236.93     2208     462     462    1746
         513    1.5e+04      2221 2236.73 2236.73     2215     462     462    1753
         514    1.5e+04      2221 2236.73 2236.75     2215     462     462    1753
         515    1.5e+04      2221 2236.73 2236.73     2211     462     462    1749
         516    1.5e+04      2221 2236.73  2236.9     2216     462     462    1754
         517    1.5e+04      2221 2236.73  2236.8     2209     462     462    1747
         518    1.5e+04      2221 2236.73 2236.78     2214     462     462    1752
         519    1.5e+04      2221 2236.73 2236.75     2214     462     462    1752
         520    1.5e+04      2221 2236.73 2236.78     2212     462     462    1750
         521    1.5e+04      2221 2236.73 2236.78     2212     462     462    1750
         522    1.5e+04      2221 2236.73 2236.83     2213     462     462    1751
         523    1.5e+04      2221 2236.73 2236.75     2210     462     462    1748
         524    1.5e+04      2221 2236.73 2236.83     2214     462     462    1752
         525    1.5e+04      2221 2236.73 2236.78     2214     462     462    1752
         526    1.5e+04      2221 2236.73 2236.73     2214     462     462    1752
         527    1.5e+04      2221 2236.68 2236.68     2212     462     462    1750
         528    1.5e+04      2221 2236.68 2236.78     2215     462     462    1753
         529    1.5e+04      2221 2236.68 2236.73     2212     462     462    1750
         530    1.5e+04      2221 2236.68 2236.75     2214     462     462    1752
         531    1.5e+04      2221 2236.68 2236.68     2215     462     462    1753
         532    1.5e+04      2221 2236.68  2236.7     2214     462     462    1752
         533    1.5e+04      2221 2236.68  2236.7     2210     462     462    1748
         534    1.5e+04      2221 2236.68 2236.75     2215     462     462    1753
         535    1.5e+04      2221 2236.63 2236.63     2216     462     462    1754
         536    1.5e+04      2221 2236.63 2236.75     2214     462     462    1752
         537    1.5e+04      2221 2236.63 2236.65     2218     462     462    1756
         538    1.5e+04      2221 2236.63 2236.73     2213     462     462    1751
         539    1.5e+04      2221 2236.55 2236.55     2217     462     462    1755
         540    1.5e+04      2221 2236.55 2236.75     2214     462     462    1752
         541    1.5e+04      2221 2236.55 2236.65     2212     462     462    1750
         542    1.5e+04      2221 2236.55 2236.75     2214     462     462    1752
         543    1.5e+04      2221 2236.55 2236.68     2214     462     462    1752
         544    1.5e+04      2221 2236.55 2236.75     2214     462     462    1752
         545    1.5e+04      2221 2236.55 2236.65     2215     462     462    1753
         546    1.5e+04      2221 2236.55 2236.75     2211     462     462    1749
         547    1.5e+04      2221 2236.55  2236.6     2214     462     462    1752
         548    1.5e+04      2221 2236.55 2236.75     2212     462     462    1750
         549    1.5e+04      2221 2236.55 2236.75     2215     462     462    1753
         550    1.5e+04      2221 2236.55 2236.73     2212     462     462    1750
         551    1.5e+04      2221 2236.55 2236.63     2215     462     462    1753
         552    1.5e+04      2221 2236.55 2236.85     2214     462     462    1752
         553    1.5e+04      2221 2236.55 2236.68     2214     462     462    1752
         554    1.5e+04      2221 2236.55 2236.68     2214     462     462    1752
         555    1.5e+04      2221 2236.55 2236.63     2216     462     462    1754
         556    1.5e+04      2221 2236.55 2236.68     2214     462     462    1752
         557    1.5e+04      2221 2236.55 2236.63     2215     462     462    1753
         558    1.5e+04      2221 2236.55  2236.7     2215     462     462    1753
         559    1.5e+04      2221 2236.55  2236.6     2214     462     462    1752
         560    1.5e+04      2221 2236.55  2236.7     2214     462     462    1752
         561    1.5e+04      2221 2236.55 2236.68     2218     462     462    1756
         562    1.5e+04      2221 2236.55 2236.65     2214     462     462    1752
         563    1.5e+04      2221 2236.55 2236.55     2218     462     462    1756
         564    1.5e+04      2221 2236.55  2236.7     2215     462     462    1753
               reducing step to 0.0125
         565    1.5e+04      2221 2235.76 2235.76     2216     462     462    1754
         566    1.5e+04      2221 2235.45 2235.45     2212     462     462    1750
         567    1.5e+04      2221 2235.45 2235.51     2219     462     462    1757
         568    1.5e+04      2221 2235.44 2235.44     2212     462     462    1750
         569    1.5e+04      2221 2235.44 2235.44     2218     462     462    1756
         570    1.5e+04      2221 2235.44 2235.44     2214     462     462    1752
         571    1.5e+04      2221 2235.43 2235.43     2219     462     462    1757
         572    1.5e+04      2221 2235.41 2235.41     2210     462     462    1748
         573    1.5e+04      2221 2235.41  2235.5     2219     462     462    1757
         574    1.5e+04      2221 2235.35 2235.35     2209     462     462    1747
         575    1.5e+04      2221 2235.35 2235.45     2220     462     462    1758
         576    1.5e+04      2221 2235.35 2235.44     2211     462     462    1749
         577    1.5e+04      2221 2235.35  2235.4     2221     462     462    1759
         578    1.5e+04      2221 2235.35  2235.4     2211     462     462    1749
    *    579    1.5e+04      2223 2235.35 2235.44     2223     462     462    1761
         580    1.5e+04      2223 2235.35 2235.41     2209     462     462    1747
         581    1.5e+04      2223 2235.35 2235.41     2220     462     462    1758
         582    1.5e+04      2223 2235.35 2235.43     2210     462     462    1748
         583    1.5e+04      2223 2235.35 2235.43     2218     462     462    1756
         584    1.5e+04      2223 2235.35 2235.41     2211     462     462    1749
         585    1.5e+04      2223 2235.35 2235.45     2217     462     462    1755
         586    1.5e+04      2223 2235.35 2235.41     2210     462     462    1748
         587    1.5e+04      2223 2235.35 2235.41     2217     462     462    1755
         588    1.5e+04      2223 2235.35 2235.39     2212     462     462    1750
         589    1.5e+04      2223 2235.35 2235.41     2217     462     462    1755
         590    1.5e+04      2223 2235.35  2235.4     2211     462     462    1749
         591    1.5e+04      2223 2235.35 2235.43     2218     462     462    1756
         592    1.5e+04      2223 2235.35  2235.4     2209     462     462    1747
         593    1.5e+04      2223 2235.35  2235.4     2217     462     462    1755
         594    1.5e+04      2223 2235.35 2235.41     2211     462     462    1749
         595    1.5e+04      2223 2235.35 2235.36     2217     462     462    1755
         596    1.5e+04      2223 2235.35  2235.4     2210     462     462    1748
         597    1.5e+04      2223 2235.35 2235.41     2217     462     462    1755
         598    1.5e+04      2223 2235.35 2235.49     2208     462     462    1746
         599    1.5e+04      2223 2235.35 2235.41     2217     462     462    1755
               reducing step to 0.00625
         600    1.5e+04      2223 2235.04 2235.04     2216     462     462    1754
         601    1.5e+04      2223 2234.79 2234.79     2218     462     462    1756
         602    1.5e+04      2223 2234.76 2234.76     2222     462     462    1760
         603    1.5e+04      2223 2234.73 2234.73     2210     462     462    1748
         604    1.5e+04      2223 2234.73 2234.81     2219     462     462    1757
         605    1.5e+04      2223 2234.68 2234.68     2216     462     462    1754
         606    1.5e+04      2223 2234.68 2234.76     2220     462     462    1758
         607    1.5e+04      2223 2234.68  2234.7     2211     462     462    1749
         608    1.5e+04      2223 2234.68 2234.79     2221     462     462    1759
         609    1.5e+04      2223 2234.68 2234.72     2194     462     462    1732
         610    1.5e+04      2223 2234.68 2234.77     2220     462     462    1758
         611    1.5e+04      2223 2234.68  2234.7     2211     462     462    1749
         612    1.5e+04      2223 2234.68 2234.78     2221     462     462    1759
         613    1.5e+04      2223 2234.68 2234.71     2212     462     462    1750
         614    1.5e+04      2223 2234.68 2234.77     2220     462     462    1758
         615    1.5e+04      2223 2234.68 2234.68     2211     462     462    1749
         616    1.5e+04      2223 2234.68 2234.78     2221     462     462    1759
         617    1.5e+04      2223 2234.68  2234.7     2212     462     462    1750
         618    1.5e+04      2223 2234.68 2234.76     2215     462     462    1753
         619    1.5e+04      2223 2234.68 2234.69     2213     462     462    1751
         620    1.5e+04      2223 2234.68 2234.74     2221     462     462    1759
         621    1.5e+04      2223 2234.68 2234.69     2209     462     462    1747
         622    1.5e+04      2223 2234.68 2234.78     2219     462     462    1757
         623    1.5e+04      2223 2234.68 2234.69     2211     462     462    1749
         624    1.5e+04      2223 2234.68 2234.78     2220     462     462    1758
         625    1.5e+04      2223 2234.68 2234.69     2210     462     462    1748
         626    1.5e+04      2223 2234.68 2234.76     2220     462     462    1758
         627    1.5e+04      2223 2234.68 2234.69     2202     462     462    1740
         628    1.5e+04      2223 2234.68 2234.74     2221     462     462    1759
         629    1.5e+04      2223 2234.68 2234.68     2212     462     462    1750
         630    1.5e+04      2223 2234.68 2234.75     2220     462     462    1758
         631    1.5e+04      2223 2234.67 2234.67     2212     462     462    1750
         632    1.5e+04      2223 2234.67 2234.74     2220     462     462    1758
         633    1.5e+04      2223 2234.67 2234.68     2210     462     462    1748
         634    1.5e+04      2223 2234.67 2234.75     2220     462     462    1758
         635    1.5e+04      2223 2234.67 2234.68     2209     462     462    1747
         636    1.5e+04      2223 2234.67 2234.77     2220     462     462    1758
         637    1.5e+04      2223 2234.67 2234.68     2208     462     462    1746
         638    1.5e+04      2223 2234.67 2234.73     2219     462     462    1757
         639    1.5e+04      2223 2234.67 2234.67     2211     462     462    1749
         640    1.5e+04      2223 2234.67 2234.72     2219     462     462    1757
         641    1.5e+04      2223 2234.66 2234.66     2211     462     462    1749
         642    1.5e+04      2223 2234.66 2234.72     2219     462     462    1757
         643    1.5e+04      2223 2234.66 2234.66     2210     462     462    1748
         644    1.5e+04      2223 2234.66 2234.72     2220     462     462    1758
         645    1.5e+04      2223 2234.66 2234.66     2212     462     462    1750
         646    1.5e+04      2223 2234.66 2234.72     2216     462     462    1754
         647    1.5e+04      2223 2234.64 2234.64     2210     462     462    1748
         648    1.5e+04      2223 2234.64 2234.74     2216     462     462    1754
         649    1.5e+04      2223 2234.64 2234.66     2212     462     462    1750
         650    1.5e+04      2223 2234.64 2234.72     2215     462     462    1753
         651    1.5e+04      2223 2234.64 2234.66     2212     462     462    1750
         652    1.5e+04      2223 2234.64 2234.72     2216     462     462    1754
         653    1.5e+04      2223 2234.64 2234.67     2211     462     462    1749
         654    1.5e+04      2223 2234.64 2234.71     2215     462     462    1753
         655    1.5e+04      2223 2234.64 2234.67     2211     462     462    1749
         656    1.5e+04      2223 2234.64 2234.71     2216     462     462    1754
         657    1.5e+04      2223 2234.64 2234.67     2211     462     462    1749
         658    1.5e+04      2223 2234.64 2234.71     2215     462     462    1753
         659    1.5e+04      2223 2234.64 2234.66     2212     462     462    1750
         660    1.5e+04      2223 2234.64 2234.72     2218     462     462    1756
         661    1.5e+04      2223 2234.64 2234.66     2211     462     462    1749
         662    1.5e+04      2223 2234.64 2234.71     2217     462     462    1755
         663    1.5e+04      2223 2234.64 2234.65     2211     462     462    1749
         664    1.5e+04      2223 2234.64 2234.72     2218     462     462    1756
         665    1.5e+04      2223 2234.64 2234.66     2214     462     462    1752
         666    1.5e+04      2223 2234.64 2234.71     2216     462     462    1754
         667    1.5e+04      2223 2234.64 2234.68     2209     462     462    1747
         668    1.5e+04      2223 2234.64 2234.71     2218     462     462    1756
         669    1.5e+04      2223 2234.64 2234.67     2208     462     462    1746
         670    1.5e+04      2223 2234.64 2234.71     2217     462     462    1755
         671    1.5e+04      2223 2234.64 2234.67     2209     462     462    1747
         672    1.5e+04      2223 2234.64 2234.71     2219     462     462    1757
               reducing step to 0.003125
         673    1.5e+04      2223 2234.51 2234.51     2222     462     462    1760
         674    1.5e+04      2223 2234.42 2234.42     2219     462     462    1757
         675    1.5e+04      2223 2234.42 2234.48     2221     462     462    1759
         676    1.5e+04      2223 2234.41 2234.41     2217     462     462    1755
         677    1.5e+04      2223 2234.41 2234.45     2221     462     462    1759
         678    1.5e+04      2223 2234.38 2234.38     2216     462     462    1754
         679    1.5e+04      2223 2234.38 2234.44     2221     462     462    1759
         680    1.5e+04      2223 2234.38 2234.39     2215     462     462    1753
         681    1.5e+04      2223 2234.38 2234.43     2221     462     462    1759
         682    1.5e+04      2223 2234.38 2234.39     2214     462     462    1752
         683    1.5e+04      2223 2234.38 2234.43     2220     462     462    1758
         684    1.5e+04      2223 2234.38 2234.39     2215     462     462    1753
         685    1.5e+04      2223 2234.38 2234.44     2218     462     462    1756
         686    1.5e+04      2223 2234.38 2234.39     2217     462     462    1755
         687    1.5e+04      2223 2234.38 2234.44     2219     462     462    1757
         688    1.5e+04      2223 2234.37 2234.37     2215     462     462    1753
         689    1.5e+04      2223 2234.37 2234.44     2220     462     462    1758
         690    1.5e+04      2223 2234.37 2234.39     2215     462     462    1753
         691    1.5e+04      2223 2234.37 2234.42     2218     462     462    1756
         692    1.5e+04      2223 2234.37 2234.39     2214     462     462    1752
         693    1.5e+04      2223 2234.37 2234.44     2217     462     462    1755
         694    1.5e+04      2223 2234.37 2234.39     2213     462     462    1751
         695    1.5e+04      2223 2234.37 2234.45     2217     462     462    1755
         696    1.5e+04      2223 2234.37 2234.39     2212     462     462    1750
         697    1.5e+04      2223 2234.37 2234.43     2217     462     462    1755
         698    1.5e+04      2223 2234.37 2234.37     2213     462     462    1751
         699    1.5e+04      2223 2234.37 2234.42     2218     462     462    1756
         700    1.5e+04      2223 2234.37 2234.38     2211     462     462    1749
         701    1.5e+04      2223 2234.37 2234.42     2218     462     462    1756
         702    1.5e+04      2223 2234.37 2234.37     2212     462     462    1750
         703    1.5e+04      2223 2234.37 2234.42     2218     462     462    1756
         704    1.5e+04      2223 2234.37 2234.37     2212     462     462    1750
         705    1.5e+04      2223 2234.37 2234.43     2214     462     462    1752
         706    1.5e+04      2223 2234.37 2234.37     2214     462     462    1752
         707    1.5e+04      2223 2234.37 2234.43     2214     462     462    1752
         708    1.5e+04      2223 2234.37 2234.37     2212     462     462    1750
         709    1.5e+04      2223 2234.37 2234.44     2214     462     462    1752
         710    1.5e+04      2223 2234.37 2234.37     2211     462     462    1749
         711    1.5e+04      2223 2234.37 2234.43     2219     462     462    1757
         712    1.5e+04      2223 2234.37 2234.37     2211     462     462    1749
         713    1.5e+04      2223 2234.37 2234.43     2219     462     462    1757
         714    1.5e+04      2223 2234.37 2234.38     2210     462     462    1748
         715    1.5e+04      2223 2234.37 2234.42     2219     462     462    1757
         716    1.5e+04      2223 2234.37 2234.37     2211     462     462    1749
         717    1.5e+04      2223 2234.37 2234.42     2219     462     462    1757
         718    1.5e+04      2223 2234.36 2234.36     2211     462     462    1749
         719    1.5e+04      2223 2234.36 2234.42     2215     462     462    1753
         720    1.5e+04      2223 2234.36 2234.37     2212     462     462    1750
         721    1.5e+04      2223 2234.36 2234.42     2216     462     462    1754
         722    1.5e+04      2223 2234.36 2234.36     2211     462     462    1749
         723    1.5e+04      2223 2234.36 2234.43     2215     462     462    1753
         724    1.5e+04      2223 2234.36 2234.37     2210     462     462    1748
         725    1.5e+04      2223 2234.36 2234.43     2218     462     462    1756
         726    1.5e+04      2223 2234.36 2234.36     2211     462     462    1749
         727    1.5e+04      2223 2234.36 2234.42     2219     462     462    1757
         728    1.5e+04      2223 2234.36 2234.37     2212     462     462    1750
         729    1.5e+04      2223 2234.36 2234.42     2219     462     462    1757
         730    1.5e+04      2223 2234.35 2234.35     2211     462     462    1749
         731    1.5e+04      2223 2234.35 2234.42     2219     462     462    1757
         732    1.5e+04      2223 2234.35 2234.36     2211     462     462    1749
         733    1.5e+04      2223 2234.35 2234.42     2214     462     462    1752
         734    1.5e+04      2223 2234.35 2234.36     2211     462     462    1749
         735    1.5e+04      2223 2234.35 2234.42     2216     462     462    1754
         736    1.5e+04      2223 2234.35 2234.36     2211     462     462    1749
         737    1.5e+04      2223 2234.35 2234.43     2214     462     462    1752
         738    1.5e+04      2223 2234.35 2234.36     2211     462     462    1749
         739    1.5e+04      2223 2234.35 2234.42     2216     462     462    1754
         740    1.5e+04      2223 2234.35 2234.36     2211     462     462    1749
         741    1.5e+04      2223 2234.35 2234.42     2218     462     462    1756
         742    1.5e+04      2223 2234.35 2234.36     2211     462     462    1749
         743    1.5e+04      2223 2234.35 2234.41     2219     462     462    1757
         744    1.5e+04      2223 2234.35 2234.36     2211     462     462    1749
         745    1.5e+04      2223 2234.35 2234.42     2219     462     462    1757
         746    1.5e+04      2223 2234.35 2234.36     2211     462     462    1749
         747    1.5e+04      2223 2234.35  2234.4     2219     462     462    1757
         748    1.5e+04      2223 2234.35 2234.35     2209     462     462    1747
         749    1.5e+04      2223 2234.35 2234.42     2217     462     462    1755
         750    1.5e+04      2223 2234.35 2234.35     2209     462     462    1747
         751    1.5e+04      2223 2234.35 2234.43     2214     462     462    1752
         752    1.5e+04      2223 2234.35 2234.36     2212     462     462    1750
         753    1.5e+04      2223 2234.35 2234.41     2217     462     462    1755
         754    1.5e+04      2223 2234.35 2234.37     2209     462     462    1747
         755    1.5e+04      2223 2234.35  2234.4     2216     462     462    1754
               reducing step to 0.0015625
         756    1.5e+04      2223  2234.3  2234.3     2218     462     462    1756
         757    1.5e+04      2223 2234.25 2234.25     2219     462     462    1757
         758    1.5e+04      2223 2234.25 2234.29     2222     462     462    1760
         759    1.5e+04      2223 2234.25 2234.25     2219     462     462    1757
         760    1.5e+04      2223 2234.25 2234.28     2219     462     462    1757
         761    1.5e+04      2223 2234.24 2234.24     2216     462     462    1754
         762    1.5e+04      2223 2234.24 2234.27     2219     462     462    1757
         763    1.5e+04      2223 2234.24 2234.25     2212     462     462    1750
         764    1.5e+04      2223 2234.24 2234.27     2217     462     462    1755
         765    1.5e+04      2223 2234.24 2234.24     2216     462     462    1754
         766    1.5e+04      2223 2234.24 2234.27     2217     462     462    1755
         767    1.5e+04      2223 2234.24 2234.24     2218     462     462    1756
         768    1.5e+04      2223 2234.24 2234.26     2216     462     462    1754
         769    1.5e+04      2223 2234.24 2234.25     2217     462     462    1755
         770    1.5e+04      2223 2234.24 2234.26     2216     462     462    1754
         771    1.5e+04      2223 2234.24 2234.24     2217     462     462    1755
         772    1.5e+04      2223 2234.24 2234.27     2218     462     462    1756
         773    1.5e+04      2223 2234.24 2234.24     2219     462     462    1757
         774    1.5e+04      2223 2234.24 2234.26     2217     462     462    1755
         775    1.5e+04      2223 2234.24 2234.25     2218     462     462    1756
         776    1.5e+04      2223 2234.24 2234.26     2216     462     462    1754
         777    1.5e+04      2223 2234.24 2234.25     2215     462     462    1753
         778    1.5e+04      2223 2234.24 2234.26     2213     462     462    1751
         779    1.5e+04      2223 2234.24 2234.25     2217     462     462    1755
         780    1.5e+04      2223 2234.24 2234.25     2214     462     462    1752
         781    1.5e+04      2223 2234.24 2234.25     2215     462     462    1753
         782    1.5e+04      2223 2234.24 2234.26     2216     462     462    1754
         783    1.5e+04      2223 2234.24 2234.25     2214     462     462    1752
         784    1.5e+04      2223 2234.24 2234.26     2215     462     462    1753
         785    1.5e+04      2223 2234.24 2234.25     2213     462     462    1751
         786    1.5e+04      2223 2234.24 2234.26     2218     462     462    1756
               reducing step to 0.00078125
         787    1.5e+04      2223 2234.21 2234.21     2220     462     462    1758
         788    1.5e+04      2223 2234.19 2234.19     2222     462     462    1760
    *    789    1.5e+04      2226 2234.19  2234.2     2226     462     462    1764
         790    1.5e+04      2226 2234.18 2234.18     2217     462     462    1755
         791    1.5e+04      2226 2234.18  2234.2     2218     462     462    1756
         792    1.5e+04      2226 2234.18 2234.19     2218     462     462    1756
         793    1.5e+04      2226 2234.18 2234.19     2225     462     462    1763
         794    1.5e+04      2226 2234.18 2234.18     2214     462     462    1752
         795    1.5e+04      2226 2234.18 2234.19     2225     462     462    1763
         796    1.5e+04      2226 2234.18 2234.18     2215     462     462    1753
         797    1.5e+04      2226 2234.18 2234.19     2224     462     462    1762
         798    1.5e+04      2226 2234.18 2234.18     2215     462     462    1753
         799    1.5e+04      2226 2234.18 2234.19     2225     462     462    1763
         800    1.5e+04      2226 2234.18 2234.18     2210     462     462    1748
         801    1.5e+04      2226 2234.18 2234.19     2225     462     462    1763
         802    1.5e+04      2226 2234.18 2234.18     2216     462     462    1754
         803    1.5e+04      2226 2234.18 2234.19     2225     462     462    1763
         804    1.5e+04      2226 2234.18 2234.18     2215     462     462    1753
         805    1.5e+04      2226 2234.18 2234.19     2225     462     462    1763
         806    1.5e+04      2226 2234.18 2234.18     2214     462     462    1752
         807    1.5e+04      2226 2234.18 2234.19     2223     462     462    1761
         808    1.5e+04      2226 2234.18 2234.18     2215     462     462    1753
         809    1.5e+04      2226 2234.18 2234.19     2223     462     462    1761
         810    1.5e+04      2226 2234.18 2234.18     2217     462     462    1755
         811    1.5e+04      2226 2234.18 2234.19     2223     462     462    1761
         812    1.5e+04      2226 2234.18 2234.18     2212     462     462    1750
         813    1.5e+04      2226 2234.18 2234.19     2220     462     462    1758
         814    1.5e+04      2226 2234.18 2234.18     2211     462     462    1749
         815    1.5e+04      2226 2234.18 2234.19     2221     462     462    1759
         816    1.5e+04      2226 2234.18 2234.18     2217     462     462    1755
         817    1.5e+04      2226 2234.18 2234.19     2217     462     462    1755
         818    1.5e+04      2226 2234.18 2234.18     2214     462     462    1752
         819    1.5e+04      2226 2234.18 2234.19     2218     462     462    1756
         820    1.5e+04      2226 2234.18 2234.18     2213     462     462    1751
         821    1.5e+04      2226 2234.18 2234.19     2220     462     462    1758
         822    1.5e+04      2226 2234.18 2234.18     2216     462     462    1754
         823    1.5e+04      2226 2234.18 2234.19     2221     462     462    1759
         824    1.5e+04      2226 2234.17 2234.17     2213     462     462    1751
         825    1.5e+04      2226 2234.17 2234.19     2222     462     462    1760
         826    1.5e+04      2226 2234.17 2234.17     2210     462     462    1748
         827    1.5e+04      2226 2234.17 2234.18     2221     462     462    1759
         828    1.5e+04      2226 2234.17 2234.18     2212     462     462    1750
         829    1.5e+04      2226 2234.17 2234.19     2220     462     462    1758
         830    1.5e+04      2226 2234.17 2234.17     2211     462     462    1749
         831    1.5e+04      2226 2234.17 2234.18     2216     462     462    1754
         832    1.5e+04      2226 2234.17 2234.17     2215     462     462    1753
         833    1.5e+04      2226 2234.17 2234.19     2219     462     462    1757
         834    1.5e+04      2226 2234.17 2234.17     2211     462     462    1749
         835    1.5e+04      2226 2234.17 2234.19     2218     462     462    1756
         836    1.5e+04      2226 2234.17 2234.18     2210     462     462    1748
         837    1.5e+04      2226 2234.17 2234.18     2222     462     462    1760
         838    1.5e+04      2226 2234.17 2234.17     2209     462     462    1747
         839    1.5e+04      2226 2234.17 2234.18     2222     462     462    1760
         840    1.5e+04      2226 2234.17 2234.18     2209     462     462    1747
         841    1.5e+04      2226 2234.17 2234.18     2222     462     462    1760
         842    1.5e+04      2226 2234.17 2234.17     2210     462     462    1748
         843    1.5e+04      2226 2234.17 2234.18     2222     462     462    1760
         844    1.5e+04      2226 2234.17 2234.18     2209     462     462    1747
         845    1.5e+04      2226 2234.17 2234.18     2215     462     462    1753
         846    1.5e+04      2226 2234.17 2234.17     2210     462     462    1748
         847    1.5e+04      2226 2234.17 2234.18     2222     462     462    1760
         848    1.5e+04      2226 2234.17 2234.17     2208     462     462    1746
         849    1.5e+04      2226 2234.17 2234.18     2218     462     462    1756
         850    1.5e+04      2226 2234.17 2234.18     2209     462     462    1747
         851    1.5e+04      2226 2234.17 2234.18     2220     462     462    1758
         852    1.5e+04      2226 2234.17 2234.18     2210     462     462    1748
         853    1.5e+04      2226 2234.17 2234.19     2220     462     462    1758
         854    1.5e+04      2226 2234.17 2234.17     2213     462     462    1751
         855    1.5e+04      2226 2234.17 2234.18     2222     462     462    1760
               reducing step to 0.000390625
         856    1.5e+04      2226 2234.16 2234.16     2220     462     462    1758
         857    1.5e+04      2226 2234.15 2234.15     2221     462     462    1759
         858    1.5e+04      2226 2234.14 2234.14     2221     462     462    1759
         859    1.5e+04      2226 2234.14 2234.15     2221     462     462    1759
         860    1.5e+04      2226 2234.14 2234.15     2223     462     462    1761
         861    1.5e+04      2226 2234.14 2234.14     2216     462     462    1754
         862    1.5e+04      2226 2234.14 2234.15     2221     462     462    1759
         863    1.5e+04      2226 2234.14 2234.14     2214     462     462    1752
         864    1.5e+04      2226 2234.14 2234.15     2226     462     462    1764
         865    1.5e+04      2226 2234.14 2234.14     2215     462     462    1753
         866    1.5e+04      2226 2234.14 2234.15     2224     462     462    1762
         867    1.5e+04      2226 2234.14 2234.14     2211     462     462    1749
         868    1.5e+04      2226 2234.14 2234.15     2223     462     462    1761
         869    1.5e+04      2226 2234.14 2234.14     2218     462     462    1756
         870    1.5e+04      2226 2234.14 2234.15     2224     462     462    1762
         871    1.5e+04      2226 2234.14 2234.14     2216     462     462    1754
         872    1.5e+04      2226 2234.14 2234.15     2225     462     462    1763
         873    1.5e+04      2226 2234.14 2234.14     2215     462     462    1753
         874    1.5e+04      2226 2234.14 2234.15     2224     462     462    1762
         875    1.5e+04      2226 2234.14 2234.14     2214     462     462    1752
         876    1.5e+04      2226 2234.14 2234.15     2222     462     462    1760
         877    1.5e+04      2226 2234.14 2234.14     2213     462     462    1751
         878    1.5e+04      2226 2234.14 2234.15     2221     462     462    1759
         879    1.5e+04      2226 2234.14 2234.14     2212     462     462    1750
         880    1.5e+04      2226 2234.14 2234.15     2220     462     462    1758
         881    1.5e+04      2226 2234.14 2234.14     2216     462     462    1754
         882    1.5e+04      2226 2234.14 2234.15     2221     462     462    1759
         883    1.5e+04      2226 2234.14 2234.14     2215     462     462    1753
         884    1.5e+04      2226 2234.14 2234.15     2223     462     462    1761
         885    1.5e+04      2226 2234.14 2234.14     2215     462     462    1753
         886    1.5e+04      2226 2234.14 2234.15     2221     462     462    1759
         887    1.5e+04      2226 2234.14 2234.14     2216     462     462    1754
         888    1.5e+04      2226 2234.14 2234.15     2221     462     462    1759
         889    1.5e+04      2226 2234.14 2234.14     2214     462     462    1752
         890    1.5e+04      2226 2234.14 2234.15     2222     462     462    1760
         891    1.5e+04      2226 2234.14 2234.14     2213     462     462    1751
         892    1.5e+04      2226 2234.14 2234.15     2221     462     462    1759
         893    1.5e+04      2226 2234.14 2234.14     2216     462     462    1754
         894    1.5e+04      2226 2234.14 2234.15     2218     462     462    1756
         895    1.5e+04      2226 2234.14 2234.14     2211     462     462    1749
         896    1.5e+04      2226 2234.14 2234.15     2220     462     462    1758
               reducing step to 0.000195313
         897    1.5e+04      2226 2234.13 2234.13     2219     462     462    1757
         898    1.5e+04      2226 2234.13 2234.13     2225     462     462    1763
         899    1.5e+04      2226 2234.13 2234.13     2224     462     462    1762
         900    1.5e+04      2226 2234.13 2234.13     2219     462     462    1757
         901    1.5e+04      2226 2234.13 2234.13     2221     462     462    1759
         902    1.5e+04      2226 2234.13 2234.13     2219     462     462    1757
         903    1.5e+04      2226 2234.13 2234.13     2223     462     462    1761
         904    1.5e+04      2226 2234.13 2234.13     2218     462     462    1756
         905    1.5e+04      2226 2234.13 2234.13     2224     462     462    1762
         906    1.5e+04      2226 2234.13 2234.13     2216     462     462    1754
         907    1.5e+04      2226 2234.13 2234.13     2220     462     462    1758
         908    1.5e+04      2226 2234.13 2234.13     2214     462     462    1752
         909    1.5e+04      2226 2234.13 2234.13     2222     462     462    1760
         910    1.5e+04      2226 2234.13 2234.13     2216     462     462    1754
         911    1.5e+04      2226 2234.13 2234.13     2223     462     462    1761
         912    1.5e+04      2226 2234.13 2234.13     2216     462     462    1754
         913    1.5e+04      2226 2234.13 2234.13     2223     462     462    1761
         914    1.5e+04      2226 2234.13 2234.13     2216     462     462    1754
         915    1.5e+04      2226 2234.13 2234.13     2224     462     462    1762
         916    1.5e+04      2226 2234.13 2234.13     2215     462     462    1753
         917    1.5e+04      2226 2234.13 2234.13     2223     462     462    1761
         918    1.5e+04      2226 2234.13 2234.13     2216     462     462    1754
         919    1.5e+04      2226 2234.13 2234.13     2219     462     462    1757
         920    1.5e+04      2226 2234.13 2234.13     2215     462     462    1753
         921    1.5e+04      2226 2234.13 2234.13     2218     462     462    1756
         922    1.5e+04      2226 2234.13 2234.13     2216     462     462    1754
         923    1.5e+04      2226 2234.13 2234.13     2219     462     462    1757
         924    1.5e+04      2226 2234.13 2234.13     2215     462     462    1753
         925    1.5e+04      2226 2234.13 2234.13     2221     462     462    1759
         926    1.5e+04      2226 2234.13 2234.13     2215     462     462    1753
         927    1.5e+04      2226 2234.13 2234.13     2221     462     462    1759
         928    1.5e+04      2226 2234.13 2234.13     2215     462     462    1753
         929    1.5e+04      2226 2234.13 2234.13     2221     462     462    1759
         930    1.5e+04      2226 2234.13 2234.13     2215     462     462    1753
         931    1.5e+04      2226 2234.13 2234.13     2221     462     462    1759
         932    1.5e+04      2226 2234.13 2234.13     2214     462     462    1752
         933    1.5e+04      2226 2234.13 2234.13     2217     462     462    1755
         934    1.5e+04      2226 2234.13 2234.13     2215     462     462    1753
         935    1.5e+04      2226 2234.13 2234.13     2218     462     462    1756
         936    1.5e+04      2226 2234.13 2234.13     2215     462     462    1753
         937    1.5e+04      2226 2234.13 2234.13     2219     462     462    1757
         938    1.5e+04      2226 2234.13 2234.13     2215     462     462    1753
         939    1.5e+04      2226 2234.13 2234.13     2221     462     462    1759
         940    1.5e+04      2226 2234.13 2234.13     2215     462     462    1753
         941    1.5e+04      2226 2234.13 2234.13     2221     462     462    1759
         942    1.5e+04      2226 2234.13 2234.13     2214     462     462    1752
         943    1.5e+04      2226 2234.13 2234.13     2221     462     462    1759
         944    1.5e+04      2226 2234.13 2234.13     2214     462     462    1752
         945    1.5e+04      2226 2234.13 2234.13     2221     462     462    1759
         946    1.5e+04      2226 2234.13 2234.13     2214     462     462    1752
         947    1.5e+04      2226 2234.13 2234.13     2217     462     462    1755
         948    1.5e+04      2226 2234.13 2234.13     2215     462     462    1753
         949    1.5e+04      2226 2234.13 2234.13     2218     462     462    1756
         950    1.5e+04      2226 2234.13 2234.13     2214     462     462    1752
         951    1.5e+04      2226 2234.13 2234.13     2217     462     462    1755
         952    1.5e+04      2226 2234.13 2234.13     2215     462     462    1753
         953    1.5e+04      2226 2234.13 2234.13     2221     462     462    1759
         954    1.5e+04      2226 2234.13 2234.13     2215     462     462    1753
         955    1.5e+04      2226 2234.13 2234.13     2221     462     462    1759
         956    1.5e+04      2226 2234.13 2234.13     2214     462     462    1752
         957    1.5e+04      2226 2234.13 2234.13     2221     462     462    1759
         958    1.5e+04      2226 2234.13 2234.13     2213     462     462    1751
         959    1.5e+04      2226 2234.13 2234.13     2222     462     462    1760
         960    1.5e+04      2226 2234.13 2234.13     2214     462     462    1752
         961    1.5e+04      2226 2234.13 2234.13     2221     462     462    1759
         962    1.5e+04      2226 2234.13 2234.13     2213     462     462    1751
         963    1.5e+04      2226 2234.13 2234.13     2221     462     462    1759
         964    1.5e+04      2226 2234.13 2234.13     2214     462     462    1752
         965    1.5e+04      2226 2234.13 2234.13     2219     462     462    1757
         966    1.5e+04      2226 2234.13 2234.13     2215     462     462    1753
         967    1.5e+04      2226 2234.13 2234.13     2218     462     462    1756
         968    1.5e+04      2226 2234.13 2234.13     2216     462     462    1754
         969    1.5e+04      2226 2234.13 2234.13     2218     462     462    1756
         970    1.5e+04      2226 2234.13 2234.13     2215     462     462    1753
         971    1.5e+04      2226 2234.13 2234.13     2221     462     462    1759
         972    1.5e+04      2226 2234.13 2234.13     2215     462     462    1753
         973    1.5e+04      2226 2234.13 2234.13     2220     462     462    1758
         974    1.5e+04      2226 2234.13 2234.13     2215     462     462    1753
         975    1.5e+04      2226 2234.13 2234.13     2221     462     462    1759
         976    1.5e+04      2226 2234.13 2234.13     2213     462     462    1751
         977    1.5e+04      2226 2234.13 2234.13     2221     462     462    1759
         978    1.5e+04      2226 2234.13 2234.13     2215     462     462    1753
         979    1.5e+04      2226 2234.13 2234.13     2218     462     462    1756
         980    1.5e+04      2226 2234.13 2234.13     2214     462     462    1752
         981    1.5e+04      2226 2234.13 2234.13     2219     462     462    1757
         982    1.5e+04      2226 2234.13 2234.13     2215     462     462    1753
         983    1.5e+04      2226 2234.13 2234.13     2219     462     462    1757
         984    1.5e+04      2226 2234.13 2234.13     2214     462     462    1752
         985    1.5e+04      2226 2234.13 2234.13     2219     462     462    1757
         986    1.5e+04      2226 2234.13 2234.13     2215     462     462    1753
         987    1.5e+04      2226 2234.13 2234.13     2217     462     462    1755
         988    1.5e+04      2226 2234.13 2234.13     2215     462     462    1753
         989    1.5e+04      2226 2234.13 2234.13     2220     462     462    1758
         990    1.5e+04      2226 2234.13 2234.13     2214     462     462    1752
         991    1.5e+04      2226 2234.13 2234.13     2220     462     462    1758
         992    1.5e+04      2226 2234.12 2234.12     2212     462     462    1750
         993    1.5e+04      2226 2234.12 2234.13     2219     462     462    1757
         994    1.5e+04      2226 2234.12 2234.13     2212     462     462    1750
         995    1.5e+04      2226 2234.12 2234.13     2217     462     462    1755
         996    1.5e+04      2226 2234.12 2234.13     2215     462     462    1753
         997    1.5e+04      2226 2234.12 2234.13     2217     462     462    1755
         998    1.5e+04      2226 2234.12 2234.13     2214     462     462    1752
         999    1.5e+04      2226 2234.12 2234.13     2213     462     462    1751
        1000    1.5e+04      2226 2234.12 2234.13     2212     462     462    1750
Total time used by klau is 42.49
true_align (1135) and est_align (462) DO NOT have the same number of elements.
method klau has a score of 26.96%
method klau used 42.491 seconds.
maximum values in init align row is:  1134
maximum values in init align col is:  1132
 best   iter   pr-delta       obj  weight    card overlap
    *      1    5.0e-01      1495     466     466    1262
    *      2    1.4e-01      1633     466     466    1400
    *      3    5.0e-02      1636     466     466    1403
    *      4    2.0e-02      1651     466     466    1418
    *      5    8.3e-03      1654     466     466    1421
    *      6    3.9e-03      1655     466     466    1422
           7    1.9e-03      1654     466     466    1421
           8    1.0e-03      1652     466     466    1419
           9    5.5e-04      1651     466     466    1418
          10    3.1e-04      1652     466     466    1419
          11    1.7e-04      1652     466     466    1419
          12    1.0e-04      1652     466     466    1419
          13    5.8e-05      1652     466     466    1419
          14    3.4e-05      1652     466     466    1419
          15    2.0e-05      1652     466     466    1419
          16    1.2e-05      1652     466     466    1419
          17    7.3e-06      1652     466     466    1419
          18    4.4e-06      1652     466     466    1419
          19    2.7e-06      1652     466     466    1419
          20    1.6e-06      1652     466     466    1419
          21    1.0e-06      1652     466     466    1419
          22    6.2e-07      1652     466     466    1419
          23    3.9e-07      1652     466     466    1419
          24    2.4e-07      1652     466     466    1419
          25    1.5e-07      1652     466     466    1419
          26    9.5e-08      1652     466     466    1419
          27    6.0e-08      1652     466     466    1419
          28    3.8e-08      1652     466     466    1419
          29    2.4e-08      1652     466     466    1419
          30    1.5e-08      1652     466     466    1419
          31    9.8e-09      1652     466     466    1419
          32    6.3e-09      1652     466     466    1419
          33    4.0e-09      1652     466     466    1419
          34    2.6e-09      1652     466     466    1419
          35    1.7e-09      1652     466     466    1419
          36    1.1e-09      1652     466     466    1419
          37    7.1e-10      1652     466     466    1419
          38    4.6e-10      1652     466     466    1419
          39    3.0e-10      1652     466     466    1419
          40    2.0e-10      1652     466     466    1419
          41    1.3e-10      1652     466     466    1419
          42    8.4e-11      1652     466     466    1419
          43    5.5e-11      1652     466     466    1419
          44    3.6e-11      1652     466     466    1419
          45    2.4e-11      1652     466     466    1419
          46    1.6e-11      1652     466     466    1419
          47    1.0e-11      1652     466     466    1419
          48    6.7e-12      1652     466     466    1419
          49    4.4e-12      1652     466     466    1419
          50    2.9e-12      1652     466     466    1419
          51    1.9e-12      1652     466     466    1419
          52    1.3e-12      1652     466     466    1419
          53    8.4e-13      1652     466     466    1419
Total time used by isorank is 0.68
true_align (1135) and est_align (466) DO NOT have the same number of elements.
method isorank has a score of 8.37%
method isorank used 0.681 seconds.
experiment results:
     method      score       time
0     final  31.629956   2.979256
1  netalign  27.136564   1.904187
2      klau  26.960352  42.490888
3   isorank   8.370044   0.680746
