Permutation sanity check error is 330.0.
Permutation sanity check error is 21258.0.
num_init for this graph is 10
Generating initial alignment matrix using degree ...
mode is  degree
number of noisy edges are:  10
Average number of initial alignments for each node is 20
maximum values in init align row is:  1134
maximum values in init align col is:  1134
Recovering sparse matrix L took 0.01 sec.
Time for degree: 0.01 sec
iteration 1
Time for iteration 1: 0.21 sec, diff = 0.59100
iteration 2
Time for iteration 2: 0.17 sec, diff = 0.06931
iteration 3
Time for iteration 3: 0.15 sec, diff = 0.02128
iteration 4
Time for iteration 4: 0.14 sec, diff = 0.00937
iteration 5
Time for iteration 5: 0.15 sec, diff = 0.00501
iteration 6
Time for iteration 6: 0.14 sec, diff = 0.00299
iteration 7
Time for iteration 7: 0.13 sec, diff = 0.00190
iteration 8
Time for iteration 8: 0.14 sec, diff = 0.00125
iteration 9
Time for iteration 9: 0.13 sec, diff = 0.00084
iteration 10
Time for iteration 10: 0.13 sec, diff = 0.00057
iteration 11
Time for iteration 11: 0.13 sec, diff = 0.00039
iteration 12
Time for iteration 12: 0.13 sec, diff = 0.00027
iteration 13
Time for iteration 13: 0.13 sec, diff = 0.00019
iteration 14
Time for iteration 14: 0.14 sec, diff = 0.00013
iteration 15
Time for iteration 15: 0.13 sec, diff = 0.00009
iteration 16
Time for iteration 16: 0.14 sec, diff = 0.00006
iteration 17
Time for iteration 17: 0.14 sec, diff = 0.00004
iteration 18
Time for iteration 18: 0.13 sec, diff = 0.00003
iteration 19
Time for iteration 19: 0.14 sec, diff = 0.00002
iteration 20
Time for iteration 20: 0.14 sec, diff = 0.00001
iteration 21
Time for iteration 21: 0.13 sec, diff = 0.00001
iteration 22
Time for iteration 22: 0.13 sec, diff = 0.00001
Total time used by final is 3.39 sec.
true_align and est_align have the same number of elements.
method final has a score of 29.69%
method final used 3.387 seconds.
maximum values in init align row is:  1134
maximum values in init align col is:  1134
best   iter    obj_ma wght_ma card_ma over_ma    obj_mb wght_mb card_mb over_mb
  *a      1      1782     469     469    1313      1782     469     469    1313
          2       641     338     338     303       898     364     364     534
          3      1010     448     448     562       734     329     329     405
          4       716     384     384     332       759     375     375     384
  *a      5      1851     464     464    1387      1771     445     445    1326
  *b      6      1941     469     469    1472      1982     454     454    1528
          7      1757     438     438    1319      1761     437     437    1324
          8       742     370     370     372       486     198     198     288
          9      1199     406     406     793       921     315     315     606
         10      1910     469     469    1441      1907     455     455    1452
  *a     11      2172     469     469    1703      2167     459     459    1708
         12      2148     466     466    1682      2131     443     443    1688
         13      2095     458     458    1637      2115     425     425    1690
  *a     14      2211     464     464    1747      2001     394     394    1607
  *a     15      2248     468     468    1780      2235     461     461    1774
  *a     16      2257     468     468    1789      2249     462     462    1787
  *a     17      2260     468     468    1792      2244     458     458    1786
         18      2260     468     468    1792      2241     456     456    1785
         19      2260     468     468    1792      2241     458     458    1783
         20      2259     468     468    1791      2254     465     465    1789
  *a     21      2262     468     468    1794      2257     465     465    1792
         22      2262     468     468    1794      2258     465     465    1793
         23      2262     468     468    1794      2256     465     465    1791
         24      2262     468     468    1794      2257     465     465    1792
         25      2261     468     468    1793      2253     464     464    1789
         26      2261     468     468    1793      2258     466     466    1792
         27      2262     468     468    1794      2260     467     467    1793
         28      2262     468     468    1794      2262     468     468    1794
         29      2262     468     468    1794      2260     467     467    1793
         30      2262     468     468    1794      2257     465     465    1792
         31      2262     468     468    1794      2257     465     465    1792
         32      2262     468     468    1794      2258     466     466    1792
         33      2262     468     468    1794      2262     468     468    1794
         34      2262     468     468    1794      2262     468     468    1794
         35      2262     468     468    1794      2260     467     467    1793
         36      2262     468     468    1794      2258     466     466    1792
         37      2262     468     468    1794      2258     466     466    1792
         38      2262     468     468    1794      2258     466     466    1792
         39      2262     468     468    1794      2260     467     467    1793
         40      2262     468     468    1794      2260     467     467    1793
         41      2262     468     468    1794      2262     468     468    1794
         42      2262     468     468    1794      2262     468     468    1794
         43      2262     468     468    1794      2260     467     467    1793
         44      2262     468     468    1794      2260     467     467    1793
         45      2262     468     468    1794      2260     467     467    1793
         46      2262     468     468    1794      2260     467     467    1793
         47      2262     468     468    1794      2260     467     467    1793
         48      2262     468     468    1794      2260     467     467    1793
         49      2262     468     468    1794      2260     467     467    1793
         50      2262     468     468    1794      2262     468     468    1794
         51      2262     468     468    1794      2262     468     468    1794
         52      2262     468     468    1794      2262     468     468    1794
         53      2262     468     468    1794      2262     468     468    1794
         54      2262     468     468    1794      2262     468     468    1794
         55      2262     468     468    1794      2260     467     467    1793
         56      2262     468     468    1794      2260     467     467    1793
         57      2262     468     468    1794      2251     466     466    1785
         58      2262     468     468    1794      2251     466     466    1785
         59      2262     468     468    1794      2253     467     467    1786
         60      2262     468     468    1794      2262     468     468    1794
         61      2262     468     468    1794      2262     468     468    1794
         62      2262     468     468    1794      2262     468     468    1794
         63      2262     468     468    1794      2260     467     467    1793
         64      2262     468     468    1794      2260     467     467    1793
         65      2262     468     468    1794      2260     467     467    1793
         66      2262     468     468    1794      2260     467     467    1793
         67      2262     468     468    1794      2260     467     467    1793
         68      2262     468     468    1794      2258     466     466    1792
         69      2262     468     468    1794      2258     466     466    1792
         70      2262     468     468    1794      2258     466     466    1792
         71      2262     468     468    1794      2258     466     466    1792
         72      2262     468     468    1794      2249     465     465    1784
         73      2262     468     468    1794      2253     467     467    1786
         74      2262     468     468    1794      2253     467     467    1786
         75      2262     468     468    1794      2253     467     467    1786
         76      2262     468     468    1794      2262     468     468    1794
         77      2262     468     468    1794      2262     468     468    1794
         78      2262     468     468    1794      2262     468     468    1794
         79      2262     468     468    1794      2260     467     467    1793
         80      2262     468     468    1794      2260     467     467    1793
         81      2262     468     468    1794      2260     467     467    1793
         82      2262     468     468    1794      2260     467     467    1793
         83      2262     468     468    1794      2260     467     467    1793
         84      2262     468     468    1794      2260     467     467    1793
         85      2262     468     468    1794      2260     467     467    1793
         86      2262     468     468    1794      2262     468     468    1794
         87      2262     468     468    1794      2262     468     468    1794
         88      2262     468     468    1794      2262     468     468    1794
         89      2262     468     468    1794      2253     467     467    1786
         90      2262     468     468    1794      2253     467     467    1786
         91      2262     468     468    1794      2251     466     466    1785
         92      2262     468     468    1794      2251     466     466    1785
         93      2262     468     468    1794      2260     467     467    1793
         94      2262     468     468    1794      2260     467     467    1793
         95      2262     468     468    1794      2262     468     468    1794
         96      2262     468     468    1794      2262     468     468    1794
         97      2262     468     468    1794      2262     468     468    1794
         98      2262     468     468    1794      2262     468     468    1794
         99      2262     468     468    1794      2262     468     468    1794
        100      2262     468     468    1794      2260     467     467    1793
Total time used by netalign is 1.87
true_align (1135) and est_align (468) DO NOT have the same number of elements.
method netalign has a score of 27.40%
method netalign used 1.869 seconds.
maximum values in init align row is:  1134
maximum values in init align col is:  1134
 best   iter     norm-u     lower   upper     cur      obj  weight    card overlap
    *      1    0.0e+00      1882    2571    2571     1882     469     469    1413
           2    1.3e+03      1882    2571  2755.3     1706     469     469    1237
           3    1.8e+03      1882    2571  2665.3     1236     469     469     767
           4    2.5e+03      1882    2571    2693     1300     469     469     831
           5    3.0e+03      1882    2571  2658.4     1186     469     469     717
           6    3.5e+03      1882    2571  2686.1     1164     469     469     695
           7    3.9e+03      1882    2571  2644.9     1123     469     469     654
           8    4.4e+03      1882    2571  2668.4     1068     469     469     599
           9    4.7e+03      1882    2571  2636.7     1107     469     469     638
          10    5.1e+03      1882    2571  2653.2     1198     469     469     729
          11    5.4e+03      1882    2571  2638.2     1116     469     469     647
          12    5.7e+03      1882    2571  2640.8     1075     469     469     606
          13    6.0e+03      1882    2571  2637.1     1105     469     469     636
          14    6.3e+03      1882    2571  2635.3     1055     469     469     586
          15    6.6e+03      1882    2571  2647.5     1044     469     469     575
          16    6.8e+03      1882    2571  2621.8     1087     469     469     618
          17    7.0e+03      1882    2571  2631.2     1064     469     469     595
          18    7.3e+03      1882    2571  2609.7     1020     469     469     551
          19    7.5e+03      1882    2571  2632.7     1045     469     469     576
          20    7.7e+03      1882    2571  2604.3     1004     469     469     535
          21    8.0e+03      1882    2571    2623     1041     469     469     572
          22    8.2e+03      1882    2571  2591.3     1024     469     469     555
          23    8.4e+03      1882    2571  2621.8     1003     469     469     534
          24    8.6e+03      1882    2571  2598.5      916     469     469     447
          25    8.8e+03      1882    2571  2618.2     1050     469     469     581
          26    9.0e+03      1882    2571    2607      985     469     469     516
               reducing step to 0.2
          27    9.1e+03      1882  2494.7  2494.7     1055     469     469     586
          28    9.2e+03      1882  2486.4  2486.4     1014     469     469     545
          29    9.2e+03      1882  2462.3  2462.3     1063     469     469     594
          30    9.3e+03      1882  2462.3  2467.7     1095     469     469     626
          31    9.4e+03      1882  2445.4  2445.4     1055     469     469     586
          32    9.5e+03      1882  2445.4  2457.4     1026     469     469     557
          33    9.5e+03      1882  2435.8  2435.8     1026     469     469     557
          34    9.6e+03      1882  2435.8  2439.9     1088     469     469     619
          35    9.7e+03      1882  2426.1  2426.1     1028     469     469     559
          36    9.8e+03      1882  2426.1  2432.1     1145     469     469     676
          37    9.8e+03      1882  2411.5  2411.5     1138     469     469     669
          38    9.9e+03      1882  2411.5  2419.2     1102     469     469     633
          39    9.9e+03      1882  2411.5  2414.5     1185     469     469     716
          40    1.0e+04      1882  2411.5  2412.1     1107     469     469     638
          41    1.0e+04      1882  2404.1  2404.1     1221     469     469     752
          42    1.0e+04      1882  2404.1  2405.8     1173     469     469     704
          43    1.0e+04      1882  2398.2  2398.2     1205     469     469     736
          44    1.0e+04      1882  2398.2  2401.9     1169     469     469     700
          45    1.0e+04      1882  2395.3  2395.3     1247     469     469     778
          46    1.0e+04      1882  2395.1  2395.1     1202     469     469     733
          47    1.0e+04      1882  2387.8  2387.8     1314     469     469     845
          48    1.0e+04      1882  2387.8  2388.7     1260     469     469     791
          49    1.0e+04      1882  2387.8  2389.1     1238     469     469     769
          50    1.0e+04      1882  2387.8  2393.5     1211     469     469     742
          51    1.1e+04      1882  2386.7  2386.7     1259     469     469     790
          52    1.1e+04      1882  2383.5  2383.5     1224     469     469     755
          53    1.1e+04      1882  2383.5  2390.8     1178     469     469     709
          54    1.1e+04      1882  2383.5  2390.2     1239     469     469     770
          55    1.1e+04      1882  2380.7  2380.7     1358     469     469     889
          56    1.1e+04      1882  2377.5  2377.5     1243     469     469     774
          57    1.1e+04      1882  2377.5    2382     1308     469     469     839
          58    1.1e+04      1882  2377.5  2377.7     1324     469     469     855
          59    1.1e+04      1882  2373.8  2373.8     1209     469     469     740
          60    1.1e+04      1882  2373.1  2373.1     1300     469     469     831
          61    1.1e+04      1882  2368.1  2368.1     1413     469     469     944
          62    1.1e+04      1882  2367.4  2367.4     1281     469     469     812
          63    1.1e+04      1882  2367.4  2377.3     1267     469     469     798
          64    1.1e+04      1882  2367.4  2369.4     1381     469     469     912
          65    1.1e+04      1882  2362.3  2362.3     1411     469     469     942
          66    1.1e+04      1882  2362.3  2370.1     1261     469     469     792
          67    1.1e+04      1882  2362.3  2370.1     1403     469     469     934
          68    1.1e+04      1882  2359.3  2359.3     1456     469     469     987
          69    1.1e+04      1882  2359.3  2368.9     1325     469     469     856
          70    1.1e+04      1882  2359.3  2366.7     1348     469     469     879
          71    1.1e+04      1882  2359.3  2359.5     1363     469     469     894
          72    1.1e+04      1882  2357.6  2357.6     1476     469     469    1007
          73    1.1e+04      1882  2354.1  2354.1     1480     469     469    1011
          74    1.1e+04      1882  2354.1  2362.1     1378     469     469     909
          75    1.1e+04      1882  2354.1  2361.2     1386     469     469     917
          76    1.1e+04      1882  2354.1  2355.6     1381     469     469     912
          77    1.2e+04      1882  2354.1  2365.3     1431     469     469     962
          78    1.2e+04      1882  2354.1  2360.8     1450     469     469     981
          79    1.2e+04      1882  2354.1  2354.6     1426     469     469     957
          80    1.2e+04      1882  2354.1    2358     1345     469     469     876
          81    1.2e+04      1882  2354.1  2360.1     1397     469     469     928
          82    1.2e+04      1882  2349.6  2349.6     1476     469     469    1007
          83    1.2e+04      1882  2348.9  2348.9     1509     469     469    1040
          84    1.2e+04      1882  2348.9  2357.2     1371     469     469     902
          85    1.2e+04      1882  2348.9  2353.4     1375     469     469     906
          86    1.2e+04      1882  2348.9  2352.4     1390     469     469     921
          87    1.2e+04      1882  2348.9  2352.7     1453     469     469     984
          88    1.2e+04      1882  2348.9  2352.8     1420     469     469     951
          89    1.2e+04      1882  2348.9  2354.3     1484     469     469    1015
          90    1.2e+04      1882  2348.9  2349.2     1482     469     469    1013
          91    1.2e+04      1882    2342    2342     1473     469     469    1004
          92    1.2e+04      1882    2342  2352.8     1407     469     469     938
          93    1.2e+04      1882    2342  2352.8     1410     469     469     941
          94    1.2e+04      1882    2342  2344.2     1504     469     469    1035
          95    1.2e+04      1882    2342  2351.2     1406     469     469     937
          96    1.2e+04      1882    2342    2351     1450     469     469     981
          97    1.2e+04      1882    2342  2347.4     1555     469     469    1086
          98    1.2e+04      1882    2342  2346.8     1446     469     469     977
          99    1.2e+04      1882    2342  2351.7     1435     469     469     966
         100    1.2e+04      1882    2342    2346     1450     469     469     981
         101    1.2e+04      1882    2342  2346.7     1533     469     469    1064
         102    1.2e+04      1882    2342  2350.8     1500     469     469    1031
         103    1.2e+04      1882    2342  2344.9     1471     469     469    1002
         104    1.2e+04      1882    2342  2346.6     1446     469     469     977
         105    1.2e+04      1882    2342  2344.5     1444     469     469     975
         106    1.2e+04      1882  2341.2  2341.2     1486     469     469    1017
         107    1.2e+04      1882  2340.5  2340.5     1431     469     469     962
         108    1.2e+04      1882  2340.5  2345.9     1541     469     469    1072
         109    1.2e+04      1882  2339.8  2339.8     1564     469     469    1095
         110    1.3e+04      1882  2331.9  2331.9     1567     469     469    1098
         111    1.3e+04      1882  2331.9    2343     1524     469     469    1055
         112    1.3e+04      1882  2331.9  2341.5     1487     469     469    1018
         113    1.3e+04      1882  2331.9  2339.3     1560     469     469    1091
         114    1.3e+04      1882  2331.9  2338.4     1507     469     469    1038
         115    1.3e+04      1882  2331.9  2343.9     1532     469     469    1063
         116    1.3e+04      1882  2331.9  2341.4     1430     469     469     961
         117    1.3e+04      1882  2331.9  2345.9     1462     469     469     993
         118    1.3e+04      1882  2331.9  2335.9     1489     469     469    1020
         119    1.3e+04      1882  2331.9  2337.9     1463     469     469     994
         120    1.3e+04      1882  2331.9  2332.9     1561     469     469    1092
         121    1.3e+04      1882  2331.9  2332.3     1563     469     469    1094
         122    1.3e+04      1882  2331.9  2333.9     1625     469     469    1156
         123    1.3e+04      1882  2328.9  2328.9     1615     469     469    1146
         124    1.3e+04      1882  2328.9  2340.2     1451     469     469     982
         125    1.3e+04      1882  2328.9  2344.2     1470     469     469    1001
         126    1.3e+04      1882  2328.9  2335.3     1689     469     469    1220
         127    1.3e+04      1882  2325.9  2325.9     1833     469     469    1364
         128    1.3e+04      1882  2323.2  2323.2     1524     469     469    1055
         129    1.3e+04      1882  2323.2    2341     1433     469     469     964
         130    1.3e+04      1882  2323.2  2338.7     1593     469     469    1124
         131    1.3e+04      1882  2323.2  2329.8     1590     469     469    1121
         132    1.3e+04      1882  2323.2  2331.7     1586     469     469    1117
         133    1.3e+04      1882  2323.2  2338.4     1510     469     469    1041
         134    1.3e+04      1882  2323.2  2336.6     1546     469     469    1077
         135    1.3e+04      1882  2323.2  2334.8     1506     469     469    1037
         136    1.3e+04      1882  2323.2  2333.8     1509     469     469    1040
         137    1.3e+04      1882  2323.2    2334     1489     469     469    1020
         138    1.3e+04      1882  2323.2  2326.7     1559     469     469    1090
         139    1.3e+04      1882  2323.2  2333.4     1436     469     469     967
         140    1.3e+04      1882  2323.2  2332.7     1537     469     469    1068
         141    1.3e+04      1882  2323.2    2333     1596     469     469    1127
         142    1.3e+04      1882  2323.2  2332.7     1565     469     469    1096
         143    1.3e+04      1882  2323.2  2332.3     1486     469     469    1017
         144    1.3e+04      1882  2323.2  2337.5     1495     469     469    1026
         145    1.3e+04      1882  2323.2    2333     1555     469     469    1086
         146    1.3e+04      1882  2323.2  2330.4     1538     469     469    1069
         147    1.3e+04      1882  2323.2  2335.3     1542     469     469    1073
         148    1.3e+04      1882  2323.2  2334.8     1521     469     469    1052
         149    1.3e+04      1882  2323.2  2331.1     1557     469     469    1088
         150    1.3e+04      1882  2323.2  2332.4     1660     469     469    1191
         151    1.3e+04      1882  2323.2  2329.9     1594     469     469    1125
         152    1.3e+04      1882  2323.2  2325.3     1612     469     469    1143
         153    1.3e+04      1882  2323.2  2331.7     1517     469     469    1048
               reducing step to 0.1
         154    1.3e+04      1882  2305.3  2305.3     1833     469     469    1364
         155    1.4e+04      1882  2294.2  2294.2     1871     469     469    1402
    *    156    1.4e+04      1957  2291.4  2291.4     1957     469     469    1488
    *    157    1.4e+04      2085  2290.1  2290.1     2085     469     469    1616
         158    1.4e+04      2085  2289.8  2289.8     2085     469     469    1616
    *    159    1.4e+04      2131  2289.3  2289.3     2131     469     469    1662
    *    160    1.4e+04      2164  2285.6  2285.6     2164     469     469    1695
         161    1.4e+04      2164  2285.5  2285.5     2118     469     469    1649
    *    162    1.4e+04      2178  2284.9  2284.9     2178     469     469    1709
         163    1.4e+04      2178  2284.9  2285.7     2020     469     469    1551
         164    1.4e+04      2178  2284.9  2285.9     1983     469     469    1514
         165    1.4e+04      2178  2284.9  2286.8     2071     469     469    1602
         166    1.4e+04      2178    2284    2284     2120     469     469    1651
         167    1.4e+04      2178    2284  2285.2     2117     469     469    1648
         168    1.4e+04      2178    2284  2284.1     2058     469     469    1589
         169    1.4e+04      2178  2283.5  2283.5     2132     469     469    1663
         170    1.4e+04      2178  2283.5  2283.8     1997     469     469    1528
         171    1.4e+04      2178  2283.5  2285.1     2022     469     469    1553
         172    1.4e+04      2178  2283.5  2284.8     2047     469     469    1578
         173    1.4e+04      2178  2283.5    2284     2109     469     469    1640
         174    1.4e+04      2178  2282.3  2282.3     2075     469     469    1606
         175    1.4e+04      2178  2282.2  2282.2     2066     469     469    1597
         176    1.4e+04      2178  2282.2  2284.2     2112     469     469    1643
         177    1.4e+04      2178  2282.2  2282.7     2174     469     469    1705
         178    1.4e+04      2178  2282.2  2283.3     2121     469     469    1652
         179    1.4e+04      2178  2281.7  2281.7     2083     469     469    1614
         180    1.4e+04      2178  2281.7  2283.1     2090     469     469    1621
         181    1.4e+04      2178  2281.7  2282.3     2072     469     469    1603
         182    1.4e+04      2178  2281.7  2282.5     2027     469     469    1558
         183    1.4e+04      2178  2281.7  2282.4     2091     469     469    1622
         184    1.4e+04      2178  2280.9  2280.9     2167     469     469    1698
    *    185    1.4e+04      2188  2280.9  2281.3     2188     469     469    1719
         186    1.4e+04      2188  2280.7  2280.7     2162     469     469    1693
         187    1.4e+04      2188  2280.7  2280.7     2161     469     469    1692
         188    1.4e+04      2188  2280.7  2282.1     2035     469     469    1566
         189    1.4e+04      2188  2280.7  2281.5     2085     469     469    1616
         190    1.4e+04      2188  2280.7  2281.5     2088     469     469    1619
         191    1.4e+04      2188  2280.7  2280.7     2054     469     469    1585
         192    1.4e+04      2188  2280.7    2281     2114     469     469    1645
         193    1.4e+04      2188  2280.1  2280.1     2099     469     469    1630
         194    1.4e+04      2188  2280.1  2280.8     2021     469     469    1552
         195    1.4e+04      2188  2280.1  2280.1     2077     469     469    1608
         196    1.4e+04      2188  2280.1  2281.1     2121     469     469    1652
         197    1.4e+04      2188  2280.1  2280.9     2139     469     469    1670
         198    1.4e+04      2188  2280.1  2280.7     2133     469     469    1664
         199    1.4e+04      2188  2278.9  2278.9     2102     469     469    1633
         200    1.4e+04      2188  2278.9  2280.2     2074     469     469    1605
         201    1.4e+04      2188  2278.9    2280     2025     469     469    1556
         202    1.4e+04      2188  2278.9  2281.5     2039     469     469    1570
         203    1.4e+04      2188  2278.9  2280.9     2048     469     469    1579
         204    1.4e+04      2188  2278.9    2282     2110     469     469    1641
         205    1.4e+04      2188  2278.9    2279     2160     469     469    1691
         206    1.4e+04      2188  2278.9  2280.7     2175     469     469    1706
    *    207    1.4e+04      2216  2277.3  2277.3     2216     469     469    1747
         208    1.4e+04      2216  2277.3  2278.7     2212     469     469    1743
         209    1.4e+04      2216  2277.3  2277.4     2180     469     469    1711
         210    1.4e+04      2216  2277.3  2279.8     2195     469     469    1726
         211    1.4e+04      2216  2277.3  2277.7     2209     469     469    1740
         212    1.4e+04      2216  2277.3  2279.6     2198     469     469    1729
         213    1.4e+04      2216    2277    2277     2150     469     469    1681
         214    1.4e+04      2216    2277  2278.8     2051     469     469    1582
         215    1.4e+04      2216    2277  2278.6     2007     469     469    1538
         216    1.4e+04      2216    2277  2281.2     2064     469     469    1595
         217    1.4e+04      2216    2277  2279.4     2052     469     469    1583
         218    1.4e+04      2216    2277  2280.7     2094     469     469    1625
         219    1.4e+04      2216    2277  2277.8     2039     469     469    1570
         220    1.4e+04      2216    2277  2278.5     2153     469     469    1684
         221    1.4e+04      2216    2277  2277.3     2168     469     469    1699
         222    1.4e+04      2216    2277  2279.3     2155     469     469    1686
         223    1.4e+04      2216  2276.8  2276.8     2187     469     469    1718
         224    1.4e+04      2216  2276.8  2278.9     2180     469     469    1711
         225    1.4e+04      2216  2276.7  2276.7     2141     469     469    1672
         226    1.4e+04      2216  2276.7  2279.3     2135     469     469    1666
         227    1.4e+04      2216  2276.7  2277.5     2147     469     469    1678
         228    1.4e+04      2216  2276.7  2279.1     2092     469     469    1623
         229    1.4e+04      2216  2276.7  2277.5     2117     469     469    1648
         230    1.4e+04      2216  2276.7  2279.9     2085     469     469    1616
         231    1.4e+04      2216  2276.7  2278.8     2006     468     468    1538
         232    1.4e+04      2216  2276.7  2278.7     2133     469     469    1664
         233    1.4e+04      2216  2276.7  2278.7     2051     469     469    1582
         234    1.4e+04      2216  2276.7  2279.8     2038     469     469    1569
         235    1.4e+04      2216  2276.7  2278.4     2082     469     469    1613
         236    1.4e+04      2216  2276.7    2278     2126     469     469    1657
         237    1.4e+04      2216  2276.7  2276.9     2059     469     469    1590
         238    1.4e+04      2216  2276.7  2279.4     2105     469     469    1636
         239    1.4e+04      2216  2276.7  2277.6     2121     469     469    1652
         240    1.4e+04      2216  2276.7  2278.6     2158     469     469    1689
         241    1.4e+04      2216  2276.7  2277.5     2141     469     469    1672
         242    1.4e+04      2216  2276.7  2278.5     2179     469     469    1710
         243    1.4e+04      2216  2275.7  2275.7     2183     469     469    1714
         244    1.4e+04      2216  2275.7  2278.1     2043     469     469    1574
         245    1.4e+04      2216  2275.7  2276.9     2126     469     469    1657
         246    1.4e+04      2216  2275.7  2278.6     2091     469     469    1622
         247    1.4e+04      2216  2275.7  2278.2     2138     469     469    1669
         248    1.4e+04      2216  2275.7  2276.8     2197     469     469    1728
         249    1.4e+04      2216  2275.7    2277     2141     468     468    1673
         250    1.4e+04      2216  2275.7  2277.4     2191     469     469    1722
         251    1.4e+04      2216  2275.7  2277.3     2205     468     468    1737
    *    252    1.4e+04      2246  2275.7    2277     2246     468     468    1778
         253    1.4e+04      2246  2275.7  2276.5     2208     468     468    1740
         254    1.4e+04      2246  2275.7  2276.5     2239     468     468    1771
         255    1.4e+04      2246  2275.7  2276.5     2184     468     468    1716
         256    1.4e+04      2246  2275.7  2276.7     2233     468     468    1765
         257    1.4e+04      2246  2275.7  2276.4     2201     468     468    1733
         258    1.4e+04      2246  2275.7  2276.9     2227     468     468    1759
         259    1.4e+04      2246  2275.7    2276     2225     468     468    1757
         260    1.4e+04      2246  2275.7  2276.2     2245     468     468    1777
         261    1.4e+04      2246  2275.7    2276     2228     468     468    1760
    *    262    1.4e+04      2249  2275.7  2275.9     2249     468     468    1781
    *    263    1.4e+04      2250  2275.6  2275.6     2250     468     468    1782
         264    1.4e+04      2250  2275.6  2275.8     2250     468     468    1782
         265    1.4e+04      2250  2275.6  2275.6     2250     468     468    1782
         266    1.4e+04      2250  2275.6  2275.9     2250     468     468    1782
         267    1.4e+04      2250  2275.6  2275.7     2249     468     468    1781
         268    1.4e+04      2250  2275.6  2275.8     2244     468     468    1776
         269    1.4e+04      2250  2275.6    2276     2244     468     468    1776
         270    1.4e+04      2250  2275.6    2276     2250     468     468    1782
         271    1.4e+04      2250  2275.6  2275.6     2249     468     468    1781
         272    1.4e+04      2250  2275.6    2276     2243     468     468    1775
         273    1.4e+04      2250  2275.6  2275.6     2246     468     468    1778
         274    1.4e+04      2250  2275.6  2276.1     2231     468     468    1763
         275    1.4e+04      2250  2275.6  2276.5     2198     469     469    1729
         276    1.4e+04      2250  2275.6  2276.7     2176     468     468    1708
         277    1.4e+04      2250  2275.6  2277.1     2124     468     468    1656
         278    1.4e+04      2250  2275.6  2276.8     2168     468     468    1700
         279    1.4e+04      2250  2275.6  2276.8     2155     468     468    1687
         280    1.4e+04      2250  2275.6  2276.5     2180     469     469    1711
         281    1.4e+04      2250  2275.6  2277.1     2193     469     469    1724
         282    1.4e+04      2250  2275.6  2277.3     2158     468     468    1690
         283    1.4e+04      2250  2275.6  2276.7     2142     469     469    1673
         284    1.4e+04      2250  2275.6  2276.5     2197     469     469    1728
         285    1.4e+04      2250  2275.6  2275.6     2117     469     469    1648
         286    1.4e+04      2250  2275.6  2277.2     2164     468     468    1696
         287    1.4e+04      2250  2275.6  2276.5     2210     469     469    1741
         288    1.4e+04      2250  2275.6  2275.7     2167     468     468    1699
               reducing step to 0.05
         289    1.4e+04      2250 2272.05 2272.05     2211     468     468    1743
         290    1.4e+04      2250 2269.85 2269.85     2237     468     468    1769
         291    1.4e+04      2250 2269.85 2270.15     2247     468     468    1779
         292    1.4e+04      2250 2269.65 2269.65     2247     468     468    1779
         293    1.4e+04      2250 2269.65 2270.05     2249     468     468    1781
         294    1.4e+04      2250  2269.6  2269.6     2249     468     468    1781
         295    1.4e+04      2250  2269.6  2269.9     2246     468     468    1778
         296    1.4e+04      2250 2269.45 2269.45     2250     468     468    1782
         297    1.4e+04      2250 2269.45 2269.85     2250     468     468    1782
         298    1.4e+04      2250 2269.45 2269.55     2238     468     468    1770
         299    1.4e+04      2250 2269.45    2270     2238     468     468    1770
         300    1.4e+04      2250 2269.25 2269.25     2239     468     468    1771
    *    301    1.4e+04      2252 2269.25  2269.7     2252     468     468    1784
         302    1.4e+04      2252 2269.25 2269.35     2251     468     468    1783
    *    303    1.4e+04      2253 2269.25 2269.55     2253     468     468    1785
         304    1.4e+04      2253 2269.25 2269.25     2252     468     468    1784
         305    1.4e+04      2253 2269.25  2269.6     2251     468     468    1783
         306    1.4e+04      2253 2269.25 2269.25     2251     468     468    1783
         307    1.4e+04      2253 2269.25  2269.5     2253     468     468    1785
         308    1.4e+04      2253  2269.1  2269.1     2252     468     468    1784
         309    1.4e+04      2253  2269.1 2269.55     2253     468     468    1785
         310    1.4e+04      2253  2269.1 2269.35     2250     468     468    1782
         311    1.4e+04      2253  2269.1  2269.5     2253     468     468    1785
         312    1.4e+04      2253  2269.1 2269.35     2250     468     468    1782
         313    1.4e+04      2253  2269.1 2269.55     2253     468     468    1785
         314    1.4e+04      2253    2269    2269     2248     468     468    1780
         315    1.4e+04      2253    2269  2269.3     2248     468     468    1780
         316    1.4e+04      2253  2268.9  2268.9     2246     468     468    1778
    *    317    1.4e+04      2254  2268.9  2269.3     2254     468     468    1786
         318    1.4e+04      2254  2268.9    2269     2251     468     468    1783
         319    1.4e+04      2254  2268.9  2269.3     2252     468     468    1784
         320    1.4e+04      2254 2268.85 2268.85     2251     468     468    1783
         321    1.4e+04      2254 2268.85  2269.2     2251     468     468    1783
         322    1.4e+04      2254  2268.8  2268.8     2252     468     468    1784
         323    1.4e+04      2254  2268.8  2269.2     2253     468     468    1785
         324    1.4e+04      2254  2268.8 2268.85     2252     468     468    1784
         325    1.4e+04      2254  2268.8 2269.25     2254     468     468    1786
         326    1.4e+04      2254  2268.8  2268.9     2252     468     468    1784
         327    1.4e+04      2254  2268.8  2269.2     2252     468     468    1784
         328    1.4e+04      2254  2268.8  2268.8     2248     468     468    1780
         329    1.4e+04      2254  2268.8 2269.25     2249     468     468    1781
         330    1.4e+04      2254  2268.8 2268.95     2248     468     468    1780
         331    1.4e+04      2254  2268.8 2269.25     2251     468     468    1783
         332    1.4e+04      2254  2268.8 2269.05     2248     468     468    1780
         333    1.4e+04      2254  2268.8  2269.3     2243     468     468    1775
         334    1.4e+04      2254  2268.8 2268.85     2250     468     468    1782
         335    1.4e+04      2254  2268.8  2269.1     2251     468     468    1783
         336    1.4e+04      2254  2268.8  2268.8     2247     468     468    1779
         337    1.4e+04      2254  2268.8 2269.15     2249     468     468    1781
         338    1.4e+04      2254  2268.8    2269     2244     468     468    1776
         339    1.4e+04      2254  2268.8 2269.15     2249     468     468    1781
         340    1.4e+04      2254  2268.8  2268.8     2207     469     469    1738
         341    1.4e+04      2254  2268.8 2269.15     2245     468     468    1777
         342    1.4e+04      2254  2268.8  2268.9     2249     468     468    1781
         343    1.4e+04      2254  2268.8 2268.95     2250     468     468    1782
         344    1.4e+04      2254  2268.7  2268.7     2250     468     468    1782
         345    1.4e+04      2254  2268.7 2269.05     2253     468     468    1785
         346    1.4e+04      2254  2268.7 2268.75     2241     468     468    1773
         347    1.4e+04      2254  2268.7 2268.85     2252     468     468    1784
         348    1.4e+04      2254  2268.7 2268.75     2248     468     468    1780
         349    1.4e+04      2254  2268.7 2268.75     2251     468     468    1783
         350    1.4e+04      2254 2268.65 2268.65     2250     468     468    1782
         351    1.4e+04      2254 2268.65 2268.95     2251     468     468    1783
         352    1.4e+04      2254 2268.65 2268.85     2245     468     468    1777
         353    1.4e+04      2254 2268.65 2268.95     2244     468     468    1776
         354    1.4e+04      2254 2268.65  2268.8     2248     468     468    1780
         355    1.4e+04      2254 2268.65 2269.15     2249     468     468    1781
         356    1.4e+04      2254 2268.65 2268.65     2251     468     468    1783
         357    1.4e+04      2254 2268.65  2268.9     2251     468     468    1783
         358    1.4e+04      2254  2268.5  2268.5     2250     468     468    1782
         359    1.4e+04      2254  2268.5 2268.75     2250     468     468    1782
         360    1.4e+04      2254 2268.45 2268.45     2249     468     468    1781
         361    1.4e+04      2254 2268.45    2269     2251     468     468    1783
         362    1.4e+04      2254 2268.45  2268.7     2247     468     468    1779
         363    1.4e+04      2254 2268.45 2268.95     2251     468     468    1783
         364    1.4e+04      2254 2268.45 2268.45     2242     468     468    1774
         365    1.4e+04      2254 2268.45 2269.05     2242     468     468    1774
         366    1.4e+04      2254 2268.45  2268.5     2244     468     468    1776
         367    1.4e+04      2254 2268.45 2268.85     2244     468     468    1776
         368    1.4e+04      2254 2268.45  2268.6     2249     468     468    1781
         369    1.4e+04      2254 2268.45 2268.85     2247     468     468    1779
         370    1.4e+04      2254 2268.45  2268.6     2247     468     468    1779
         371    1.4e+04      2254 2268.45  2268.7     2249     468     468    1781
         372    1.4e+04      2254 2268.45  2268.7     2244     468     468    1776
         373    1.4e+04      2254 2268.45  2268.6     2249     468     468    1781
         374    1.4e+04      2254 2268.45  2268.7     2249     468     468    1781
         375    1.4e+04      2254 2268.45  2268.6     2250     468     468    1782
         376    1.4e+04      2254  2268.4  2268.4     2247     468     468    1779
         377    1.4e+04      2254  2268.4 2268.65     2251     468     468    1783
         378    1.4e+04      2254  2268.4  2268.4     2249     468     468    1781
         379    1.4e+04      2254  2268.4 2268.55     2250     468     468    1782
         380    1.4e+04      2254  2268.3  2268.3     2250     468     468    1782
         381    1.4e+04      2254  2268.3 2268.55     2251     468     468    1783
         382    1.4e+04      2254  2268.3  2268.4     2250     468     468    1782
         383    1.4e+04      2254  2268.3 2268.45     2250     468     468    1782
         384    1.4e+04      2254  2268.2  2268.2     2251     468     468    1783
         385    1.4e+04      2254  2268.2 2268.55     2252     468     468    1784
         386    1.4e+04      2254  2268.2  2268.3     2251     468     468    1783
         387    1.4e+04      2254  2268.2 2268.65     2251     468     468    1783
         388    1.4e+04      2254  2268.2 2268.25     2251     468     468    1783
         389    1.4e+04      2254  2268.2 2268.75     2249     468     468    1781
         390    1.4e+04      2254  2268.2 2268.35     2251     468     468    1783
         391    1.4e+04      2254  2268.2 2268.65     2251     468     468    1783
         392    1.4e+04      2254  2268.2 2268.25     2251     468     468    1783
         393    1.4e+04      2254  2268.2  2268.7     2251     468     468    1783
         394    1.4e+04      2254  2268.2 2268.25     2251     468     468    1783
         395    1.4e+04      2254  2268.2 2268.65     2250     468     468    1782
         396    1.4e+04      2254  2268.2  2268.6     2247     468     468    1779
         397    1.4e+04      2254  2268.2    2269     2249     468     468    1781
         398    1.4e+04      2254  2268.2 2268.65     2246     468     468    1778
         399    1.4e+04      2254  2268.2  2268.8     2249     468     468    1781
         400    1.4e+04      2254  2268.2  2268.7     2245     468     468    1777
         401    1.4e+04      2254  2268.2 2268.55     2249     468     468    1781
         402    1.4e+04      2254  2268.2 2268.45     2248     468     468    1780
         403    1.4e+04      2254  2268.2  2268.7     2248     468     468    1780
         404    1.4e+04      2254  2268.2 2268.75     2249     468     468    1781
         405    1.4e+04      2254  2268.2  2268.7     2250     468     468    1782
         406    1.4e+04      2254  2268.2  2268.5     2249     468     468    1781
         407    1.4e+04      2254  2268.2 2268.75     2250     468     468    1782
         408    1.4e+04      2254  2268.2  2268.4     2251     468     468    1783
         409    1.4e+04      2254  2268.2  2268.6     2251     468     468    1783
               reducing step to 0.025
         410    1.4e+04      2254 2266.98 2266.98     2220     469     469    1751
         411    1.4e+04      2254 2265.78 2265.78     2242     468     468    1774
         412    1.4e+04      2254 2265.78 2266.28     2227     468     468    1759
         413    1.4e+04      2254 2265.78  2265.9     2251     468     468    1783
         414    1.4e+04      2254 2265.78  2266.2     2250     468     468    1782
         415    1.4e+04      2254 2265.78 2265.83     2253     468     468    1785
         416    1.4e+04      2254 2265.78 2266.13     2250     468     468    1782
         417    1.4e+04      2254 2265.73 2265.73     2253     468     468    1785
         418    1.4e+04      2254 2265.73 2266.18     2251     468     468    1783
         419    1.4e+04      2254 2265.73 2265.75     2253     468     468    1785
         420    1.4e+04      2254 2265.73 2266.15     2254     468     468    1786
         421    1.4e+04      2254 2265.73 2265.75     2252     468     468    1784
         422    1.4e+04      2254 2265.73 2266.15     2253     468     468    1785
         423    1.4e+04      2254 2265.73 2265.73     2254     468     468    1786
         424    1.4e+04      2254 2265.73 2266.08     2254     468     468    1786
    *    425    1.4e+04      2255 2265.68 2265.68     2255     468     468    1787
         426    1.4e+04      2255 2265.68 2266.05     2252     468     468    1784
         427    1.4e+04      2255 2265.68 2265.73     2254     468     468    1786
         428    1.4e+04      2255 2265.68 2266.05     2252     468     468    1784
         429    1.4e+04      2255 2265.65 2265.65     2254     468     468    1786
         430    1.4e+04      2255 2265.65 2266.05     2252     468     468    1784
         431    1.4e+04      2255 2265.65 2265.65     2254     468     468    1786
         432    1.4e+04      2255 2265.65 2266.05     2252     468     468    1784
         433    1.4e+04      2255 2265.65 2265.65     2254     468     468    1786
         434    1.4e+04      2255 2265.65 2266.05     2252     468     468    1784
         435    1.4e+04      2255 2265.65 2265.65     2254     468     468    1786
         436    1.4e+04      2255 2265.65 2266.05     2252     468     468    1784
         437    1.4e+04      2255 2265.65 2265.65     2254     468     468    1786
         438    1.4e+04      2255 2265.65 2266.05     2251     468     468    1783
         439    1.4e+04      2255 2265.65 2265.73     2253     468     468    1785
         440    1.4e+04      2255 2265.65 2266.05     2249     468     468    1781
         441    1.4e+04      2255 2265.65  2265.8     2254     468     468    1786
         442    1.4e+04      2255 2265.65 2266.08     2244     468     468    1776
         443    1.4e+04      2255 2265.65  2265.8     2251     468     468    1783
         444    1.4e+04      2255 2265.65 2266.03     2241     468     468    1773
         445    1.4e+04      2255 2265.65  2265.9     2249     468     468    1781
         446    1.4e+04      2255 2265.65 2266.05     2250     468     468    1782
         447    1.4e+04      2255 2265.65 2265.83     2254     468     468    1786
         448    1.4e+04      2255 2265.65    2266     2250     468     468    1782
         449    1.4e+04      2255 2265.65 2265.83     2254     468     468    1786
         450    1.4e+04      2255 2265.65    2266     2249     468     468    1781
         451    1.4e+04      2255 2265.65 2265.83     2252     468     468    1784
         452    1.4e+04      2255 2265.65 2265.98     2251     468     468    1783
         453    1.4e+04      2255 2265.65 2265.78     2253     468     468    1785
         454    1.4e+04      2255 2265.65 2265.98     2252     468     468    1784
               reducing step to 0.0125
         455    1.4e+04      2255  2265.1  2265.1     2242     468     468    1774
    *    456    1.4e+04      2257 2264.72 2264.72     2257     468     468    1789
         457    1.4e+04      2257 2264.72 2264.97     2253     468     468    1785
         458    1.4e+04      2257 2264.72 2264.74     2254     468     468    1786
         459    1.4e+04      2257 2264.72 2264.84     2249     468     468    1781
         460    1.4e+04      2257 2264.72 2264.74     2254     468     468    1786
         461    1.4e+04      2257 2264.72 2264.86     2250     468     468    1782
         462    1.4e+04      2257 2264.72 2264.74     2255     468     468    1787
         463    1.4e+04      2257 2264.72 2264.84     2251     468     468    1783
         464    1.4e+04      2257  2264.7  2264.7     2257     468     468    1789
         465    1.4e+04      2257  2264.7 2264.82     2252     468     468    1784
         466    1.4e+04      2257 2264.66 2264.66     2257     468     468    1789
         467    1.4e+04      2257 2264.66 2264.81     2254     468     468    1786
         468    1.4e+04      2257 2264.66 2264.67     2255     468     468    1787
         469    1.4e+04      2257 2264.66 2264.85     2251     468     468    1783
         470    1.4e+04      2257 2264.66 2264.66     2254     468     468    1786
         471    1.4e+04      2257 2264.66 2264.86     2254     468     468    1786
         472    1.4e+04      2257 2264.66 2264.66     2254     468     468    1786
         473    1.4e+04      2257 2264.66 2264.81     2253     468     468    1785
         474    1.4e+04      2257 2264.66 2264.72     2253     468     468    1785
         475    1.4e+04      2257 2264.66 2264.85     2250     468     468    1782
         476    1.4e+04      2257 2264.65 2264.65     2255     468     468    1787
         477    1.4e+04      2257 2264.65  2264.8     2254     468     468    1786
         478    1.4e+04      2257 2264.64 2264.64     2254     468     468    1786
         479    1.4e+04      2257 2264.64 2264.79     2254     468     468    1786
         480    1.4e+04      2257 2264.64 2264.65     2254     468     468    1786
         481    1.4e+04      2257 2264.64 2264.77     2253     468     468    1785
         482    1.4e+04      2257 2264.64 2264.64     2254     468     468    1786
         483    1.4e+04      2257 2264.64 2264.79     2254     468     468    1786
         484    1.4e+04      2257 2264.64 2264.64     2254     468     468    1786
         485    1.4e+04      2257 2264.64 2264.76     2253     468     468    1785
         486    1.4e+04      2257 2264.62 2264.62     2254     468     468    1786
         487    1.4e+04      2257 2264.62 2264.77     2254     468     468    1786
         488    1.4e+04      2257 2264.62 2264.64     2254     468     468    1786
         489    1.4e+04      2257 2264.62 2264.84     2253     468     468    1785
         490    1.4e+04      2257  2264.6  2264.6     2256     468     468    1788
         491    1.4e+04      2257  2264.6 2264.79     2255     468     468    1787
         492    1.4e+04      2257  2264.6 2264.62     2254     468     468    1786
         493    1.4e+04      2257  2264.6 2264.74     2253     468     468    1785
         494    1.4e+04      2257  2264.6  2264.6     2254     468     468    1786
         495    1.4e+04      2257  2264.6 2264.75     2254     468     468    1786
         496    1.4e+04      2257  2264.6 2264.62     2251     468     468    1783
         497    1.4e+04      2257  2264.6 2264.75     2253     468     468    1785
         498    1.4e+04      2257  2264.6  2264.6     2254     468     468    1786
         499    1.4e+04      2257  2264.6 2264.75     2254     468     468    1786
         500    1.4e+04      2257  2264.6 2264.61     2254     468     468    1786
         501    1.4e+04      2257  2264.6 2264.74     2253     468     468    1785
         502    1.4e+04      2257  2264.6  2264.6     2253     468     468    1785
         503    1.4e+04      2257  2264.6 2264.75     2254     468     468    1786
         504    1.4e+04      2257  2264.6 2264.66     2252     468     468    1784
         505    1.4e+04      2257  2264.6 2264.74     2253     468     468    1785
         506    1.4e+04      2257  2264.6 2264.65     2254     468     468    1786
         507    1.4e+04      2257  2264.6 2264.77     2254     468     468    1786
         508    1.4e+04      2257  2264.6 2264.64     2254     468     468    1786
         509    1.4e+04      2257  2264.6 2264.72     2253     468     468    1785
         510    1.4e+04      2257 2264.59 2264.59     2253     468     468    1785
         511    1.4e+04      2257 2264.59 2264.75     2252     468     468    1784
         512    1.4e+04      2257 2264.57 2264.57     2254     468     468    1786
         513    1.4e+04      2257 2264.57 2264.71     2253     468     468    1785
         514    1.4e+04      2257 2264.57 2264.57     2254     468     468    1786
         515    1.4e+04      2257 2264.57 2264.74     2252     468     468    1784
         516    1.4e+04      2257 2264.57 2264.61     2254     468     468    1786
         517    1.4e+04      2257 2264.57 2264.71     2253     468     468    1785
         518    1.4e+04      2257 2264.57 2264.57     2254     468     468    1786
         519    1.4e+04      2257 2264.57 2264.72     2254     468     468    1786
         520    1.4e+04      2257 2264.57 2264.59     2254     468     468    1786
         521    1.4e+04      2257 2264.57 2264.72     2250     468     468    1782
         522    1.4e+04      2257 2264.57 2264.59     2254     468     468    1786
         523    1.4e+04      2257 2264.57 2264.75     2254     468     468    1786
         524    1.4e+04      2257 2264.57 2264.61     2254     468     468    1786
         525    1.4e+04      2257 2264.57 2264.74     2253     468     468    1785
         526    1.4e+04      2257 2264.57  2264.6     2254     468     468    1786
         527    1.4e+04      2257 2264.57 2264.82     2253     468     468    1785
         528    1.4e+04      2257 2264.57 2264.65     2252     468     468    1784
         529    1.4e+04      2257 2264.57 2264.77     2246     468     468    1778
         530    1.4e+04      2257 2264.57 2264.69     2251     468     468    1783
         531    1.4e+04      2257 2264.57 2264.77     2252     468     468    1784
         532    1.4e+04      2257 2264.57 2264.64     2254     468     468    1786
         533    1.4e+04      2257 2264.57 2264.81     2251     468     468    1783
         534    1.4e+04      2257 2264.57 2264.62     2254     468     468    1786
         535    1.4e+04      2257 2264.57 2264.75     2252     468     468    1784
         536    1.4e+04      2257 2264.57 2264.64     2254     468     468    1786
         537    1.4e+04      2257 2264.57 2264.74     2251     468     468    1783
               reducing step to 0.00625
         538    1.4e+04      2257 2264.35 2264.35     2252     468     468    1784
         539    1.4e+04      2257 2264.11 2264.11     2254     468     468    1786
         540    1.4e+04      2257 2264.09 2264.09     2252     468     468    1784
         541    1.4e+04      2257 2264.09 2264.09     2254     468     468    1786
         542    1.4e+04      2257 2264.09 2264.14     2251     468     468    1783
         543    1.4e+04      2257 2264.05 2264.05     2254     468     468    1786
         544    1.4e+04      2257 2264.05 2264.09     2253     468     468    1785
         545    1.4e+04      2257 2264.03 2264.03     2252     468     468    1784
         546    1.4e+04      2257 2264.03 2264.07     2253     468     468    1785
         547    1.4e+04      2257 2264.01 2264.01     2255     468     468    1787
         548    1.4e+04      2257 2264.01 2264.07     2253     468     468    1785
         549    1.4e+04      2257 2263.98 2263.98     2255     468     468    1787
         550    1.4e+04      2257 2263.98  2264.1     2252     468     468    1784
         551    1.4e+04      2257 2263.98    2264     2253     468     468    1785
         552    1.4e+04      2257 2263.98 2264.09     2249     468     468    1781
         553    1.4e+04      2257 2263.98 2264.01     2252     468     468    1784
         554    1.4e+04      2257 2263.98 2264.09     2247     468     468    1779
         555    1.4e+04      2257 2263.98 2263.99     2235     468     468    1767
         556    1.4e+04      2257 2263.98 2264.08     2250     468     468    1782
         557    1.4e+04      2257 2263.98 2264.01     2251     468     468    1783
         558    1.4e+04      2257 2263.98 2264.08     2251     468     468    1783
         559    1.4e+04      2257 2263.98    2264     2252     468     468    1784
         560    1.4e+04      2257 2263.98 2264.05     2252     468     468    1784
         561    1.4e+04      2257 2263.98 2264.01     2252     468     468    1784
         562    1.4e+04      2257 2263.98 2264.05     2252     468     468    1784
         563    1.4e+04      2257 2263.98 2264.01     2252     468     468    1784
         564    1.4e+04      2257 2263.98 2264.05     2252     468     468    1784
         565    1.4e+04      2257 2263.98 2264.01     2252     468     468    1784
         566    1.4e+04      2257 2263.98 2264.05     2251     468     468    1783
         567    1.4e+04      2257 2263.98 2264.01     2253     468     468    1785
         568    1.4e+04      2257 2263.98 2264.04     2251     468     468    1783
         569    1.4e+04      2257 2263.98 2264.01     2252     468     468    1784
         570    1.4e+04      2257 2263.98 2264.05     2252     468     468    1784
         571    1.4e+04      2257 2263.98 2264.01     2252     468     468    1784
         572    1.4e+04      2257 2263.98 2264.06     2252     468     468    1784
         573    1.4e+04      2257 2263.98 2264.01     2252     468     468    1784
         574    1.4e+04      2257 2263.98 2264.06     2251     468     468    1783
               reducing step to 0.003125
         575    1.4e+04      2257 2263.87 2263.87     2255     468     468    1787
         576    1.4e+04      2257 2263.82 2263.82     2256     468     468    1788
         577    1.4e+04      2257 2263.82 2263.85     2254     468     468    1786
         578    1.4e+04      2257  2263.8  2263.8     2251     468     468    1783
         579    1.4e+04      2257  2263.8 2263.82     2256     468     468    1788
         580    1.4e+04      2257 2263.77 2263.77     2256     468     468    1788
         581    1.4e+04      2257 2263.77 2263.82     2254     468     468    1786
         582    1.4e+04      2257 2263.77 2263.78     2252     468     468    1784
         583    1.4e+04      2257 2263.77 2263.82     2255     468     468    1787
         584    1.4e+04      2257 2263.77 2263.77     2255     468     468    1787
         585    1.4e+04      2257 2263.77 2263.82     2254     468     468    1786
         586    1.4e+04      2257 2263.77 2263.77     2253     468     468    1785
         587    1.4e+04      2257 2263.77 2263.82     2254     468     468    1786
         588    1.4e+04      2257 2263.77 2263.77     2255     468     468    1787
         589    1.4e+04      2257 2263.77 2263.82     2254     468     468    1786
         590    1.4e+04      2257 2263.76 2263.76     2255     468     468    1787
         591    1.4e+04      2257 2263.76 2263.81     2254     468     468    1786
         592    1.4e+04      2257 2263.76 2263.76     2254     468     468    1786
         593    1.4e+04      2257 2263.76 2263.82     2253     468     468    1785
         594    1.4e+04      2257 2263.76 2263.76     2253     468     468    1785
         595    1.4e+04      2257 2263.76 2263.81     2253     468     468    1785
         596    1.4e+04      2257 2263.76 2263.76     2253     468     468    1785
         597    1.4e+04      2257 2263.76 2263.81     2253     468     468    1785
         598    1.4e+04      2257 2263.76 2263.76     2253     468     468    1785
         599    1.4e+04      2257 2263.76 2263.81     2253     468     468    1785
         600    1.4e+04      2257 2263.76 2263.76     2252     468     468    1784
         601    1.4e+04      2257 2263.76 2263.81     2252     468     468    1784
         602    1.4e+04      2257 2263.76 2263.76     2253     468     468    1785
         603    1.4e+04      2257 2263.76 2263.81     2253     468     468    1785
         604    1.4e+04      2257 2263.76 2263.76     2253     468     468    1785
         605    1.4e+04      2257 2263.76 2263.81     2253     468     468    1785
         606    1.4e+04      2257 2263.76 2263.76     2253     468     468    1785
         607    1.4e+04      2257 2263.76 2263.81     2253     468     468    1785
         608    1.4e+04      2257 2263.76 2263.76     2253     468     468    1785
         609    1.4e+04      2257 2263.76 2263.81     2253     468     468    1785
         610    1.4e+04      2257 2263.76 2263.76     2253     468     468    1785
         611    1.4e+04      2257 2263.76 2263.81     2253     468     468    1785
         612    1.4e+04      2257 2263.76 2263.76     2253     468     468    1785
         613    1.4e+04      2257 2263.76 2263.81     2253     468     468    1785
         614    1.4e+04      2257 2263.76 2263.76     2253     468     468    1785
         615    1.4e+04      2257 2263.76 2263.81     2253     468     468    1785
         616    1.4e+04      2257 2263.76 2263.76     2253     468     468    1785
         617    1.4e+04      2257 2263.76 2263.81     2253     468     468    1785
         618    1.4e+04      2257 2263.76 2263.76     2253     468     468    1785
         619    1.4e+04      2257 2263.76 2263.83     2253     468     468    1785
         620    1.4e+04      2257 2263.76 2263.76     2255     468     468    1787
         621    1.4e+04      2257 2263.76 2263.81     2254     468     468    1786
         622    1.4e+04      2257 2263.76 2263.76     2253     468     468    1785
         623    1.4e+04      2257 2263.76 2263.81     2253     468     468    1785
         624    1.4e+04      2257 2263.76 2263.76     2252     468     468    1784
         625    1.4e+04      2257 2263.76 2263.81     2252     468     468    1784
         626    1.4e+04      2257 2263.75 2263.75     2253     468     468    1785
         627    1.4e+04      2257 2263.75  2263.8     2253     468     468    1785
         628    1.4e+04      2257 2263.75 2263.75     2253     468     468    1785
         629    1.4e+04      2257 2263.75  2263.8     2252     468     468    1784
         630    1.4e+04      2257 2263.75 2263.75     2253     468     468    1785
         631    1.4e+04      2257 2263.75  2263.8     2253     468     468    1785
         632    1.4e+04      2257 2263.75 2263.75     2253     468     468    1785
         633    1.4e+04      2257 2263.75  2263.8     2253     468     468    1785
         634    1.4e+04      2257 2263.75 2263.75     2252     468     468    1784
         635    1.4e+04      2257 2263.75  2263.8     2253     468     468    1785
         636    1.4e+04      2257 2263.75 2263.75     2253     468     468    1785
         637    1.4e+04      2257 2263.75  2263.8     2253     468     468    1785
         638    1.4e+04      2257 2263.75 2263.75     2253     468     468    1785
         639    1.4e+04      2257 2263.75  2263.8     2253     468     468    1785
         640    1.4e+04      2257 2263.75 2263.75     2253     468     468    1785
         641    1.4e+04      2257 2263.75  2263.8     2253     468     468    1785
         642    1.4e+04      2257 2263.75 2263.75     2253     468     468    1785
         643    1.4e+04      2257 2263.75  2263.8     2253     468     468    1785
         644    1.4e+04      2257 2263.75 2263.75     2253     468     468    1785
         645    1.4e+04      2257 2263.75  2263.8     2253     468     468    1785
         646    1.4e+04      2257 2263.75 2263.75     2251     468     468    1783
         647    1.4e+04      2257 2263.75 2263.81     2253     468     468    1785
         648    1.4e+04      2257 2263.75 2263.75     2253     468     468    1785
         649    1.4e+04      2257 2263.75  2263.8     2251     468     468    1783
         650    1.4e+04      2257 2263.75 2263.76     2251     468     468    1783
         651    1.4e+04      2257 2263.75  2263.8     2253     468     468    1785
         652    1.4e+04      2257 2263.75 2263.75     2253     468     468    1785
         653    1.4e+04      2257 2263.75  2263.8     2253     468     468    1785
         654    1.4e+04      2257 2263.75 2263.75     2253     468     468    1785
         655    1.4e+04      2257 2263.75 2263.82     2251     468     468    1783
               reducing step to 0.0015625
         656    1.4e+04      2257  2263.7  2263.7     2255     468     468    1787
         657    1.4e+04      2257 2263.64 2263.64     2240     468     468    1772
         658    1.4e+04      2257 2263.64 2263.67     2253     468     468    1785
         659    1.4e+04      2257 2263.63 2263.63     2252     468     468    1784
         660    1.4e+04      2257 2263.63 2263.66     2253     468     468    1785
         661    1.4e+04      2257 2263.62 2263.62     2257     468     468    1789
         662    1.4e+04      2257 2263.62 2263.66     2254     468     468    1786
         663    1.4e+04      2257 2263.62 2263.63     2254     468     468    1786
         664    1.4e+04      2257 2263.62 2263.65     2253     468     468    1785
         665    1.4e+04      2257 2263.62 2263.62     2255     468     468    1787
         666    1.4e+04      2257 2263.62 2263.65     2254     468     468    1786
         667    1.4e+04      2257 2263.62 2263.62     2255     468     468    1787
         668    1.4e+04      2257 2263.62 2263.65     2253     468     468    1785
         669    1.4e+04      2257 2263.62 2263.62     2255     468     468    1787
         670    1.4e+04      2257 2263.62 2263.65     2254     468     468    1786
         671    1.4e+04      2257 2263.62 2263.62     2255     468     468    1787
         672    1.4e+04      2257 2263.62 2263.65     2252     468     468    1784
         673    1.4e+04      2257 2263.62 2263.62     2254     468     468    1786
         674    1.4e+04      2257 2263.62 2263.65     2252     468     468    1784
         675    1.4e+04      2257 2263.62 2263.62     2254     468     468    1786
         676    1.4e+04      2257 2263.62 2263.65     2251     468     468    1783
         677    1.4e+04      2257 2263.62 2263.62     2254     468     468    1786
         678    1.4e+04      2257 2263.62 2263.65     2252     468     468    1784
         679    1.4e+04      2257 2263.62 2263.62     2254     468     468    1786
         680    1.4e+04      2257 2263.62 2263.65     2251     468     468    1783
         681    1.4e+04      2257 2263.62 2263.62     2254     468     468    1786
         682    1.4e+04      2257 2263.62 2263.65     2252     468     468    1784
         683    1.4e+04      2257 2263.62 2263.62     2254     468     468    1786
         684    1.4e+04      2257 2263.62 2263.65     2251     468     468    1783
         685    1.4e+04      2257 2263.62 2263.62     2254     468     468    1786
         686    1.4e+04      2257 2263.62 2263.65     2252     468     468    1784
         687    1.4e+04      2257 2263.62 2263.62     2254     468     468    1786
         688    1.4e+04      2257 2263.62 2263.65     2251     468     468    1783
         689    1.4e+04      2257 2263.62 2263.62     2254     468     468    1786
         690    1.4e+04      2257 2263.62 2263.65     2252     468     468    1784
         691    1.4e+04      2257 2263.62 2263.62     2254     468     468    1786
         692    1.4e+04      2257 2263.62 2263.65     2250     468     468    1782
         693    1.4e+04      2257 2263.62 2263.62     2253     468     468    1785
         694    1.4e+04      2257 2263.62 2263.65     2251     468     468    1783
         695    1.4e+04      2257 2263.62 2263.62     2254     468     468    1786
         696    1.4e+04      2257 2263.62 2263.65     2251     468     468    1783
         697    1.4e+04      2257 2263.62 2263.62     2254     468     468    1786
         698    1.4e+04      2257 2263.62 2263.65     2252     468     468    1784
         699    1.4e+04      2257 2263.62 2263.62     2254     468     468    1786
         700    1.4e+04      2257 2263.62 2263.65     2251     468     468    1783
         701    1.4e+04      2257 2263.62 2263.62     2254     468     468    1786
         702    1.4e+04      2257 2263.62 2263.65     2252     468     468    1784
         703    1.4e+04      2257 2263.62 2263.63     2254     468     468    1786
         704    1.4e+04      2257 2263.62 2263.65     2249     468     468    1781
         705    1.4e+04      2257 2263.62 2263.62     2255     468     468    1787
         706    1.4e+04      2257 2263.62 2263.65     2252     468     468    1784
         707    1.4e+04      2257 2263.62 2263.63     2252     468     468    1784
         708    1.4e+04      2257 2263.62 2263.65     2251     468     468    1783
         709    1.4e+04      2257 2263.62 2263.62     2252     468     468    1784
         710    1.4e+04      2257 2263.62 2263.65     2251     468     468    1783
         711    1.4e+04      2257 2263.62 2263.62     2252     468     468    1784
         712    1.4e+04      2257 2263.62 2263.65     2251     468     468    1783
         713    1.4e+04      2257 2263.62 2263.62     2252     468     468    1784
         714    1.4e+04      2257 2263.62 2263.65     2252     468     468    1784
         715    1.4e+04      2257 2263.62 2263.62     2254     468     468    1786
         716    1.4e+04      2257 2263.62 2263.65     2251     468     468    1783
         717    1.4e+04      2257 2263.61 2263.61     2254     468     468    1786
         718    1.4e+04      2257 2263.61 2263.65     2250     468     468    1782
         719    1.4e+04      2257 2263.61 2263.62     2254     468     468    1786
         720    1.4e+04      2257 2263.61 2263.65     2251     468     468    1783
         721    1.4e+04      2257 2263.61 2263.61     2254     468     468    1786
         722    1.4e+04      2257 2263.61 2263.65     2252     468     468    1784
         723    1.4e+04      2257 2263.61 2263.62     2254     468     468    1786
         724    1.4e+04      2257 2263.61 2263.65     2251     468     468    1783
         725    1.4e+04      2257 2263.61 2263.61     2253     468     468    1785
         726    1.4e+04      2257 2263.61 2263.65     2251     468     468    1783
         727    1.4e+04      2257 2263.61 2263.62     2252     468     468    1784
         728    1.4e+04      2257 2263.61 2263.65     2250     468     468    1782
         729    1.4e+04      2257 2263.61 2263.61     2254     468     468    1786
         730    1.4e+04      2257 2263.61 2263.65     2252     468     468    1784
         731    1.4e+04      2257 2263.61 2263.61     2254     468     468    1786
         732    1.4e+04      2257 2263.61 2263.65     2251     468     468    1783
         733    1.4e+04      2257 2263.61 2263.61     2254     468     468    1786
         734    1.4e+04      2257 2263.61 2263.65     2252     468     468    1784
         735    1.4e+04      2257 2263.61 2263.61     2254     468     468    1786
         736    1.4e+04      2257 2263.61 2263.65     2251     468     468    1783
         737    1.4e+04      2257 2263.61 2263.61     2254     468     468    1786
         738    1.4e+04      2257 2263.61 2263.65     2252     468     468    1784
         739    1.4e+04      2257 2263.61 2263.61     2254     468     468    1786
         740    1.4e+04      2257 2263.61 2263.65     2251     468     468    1783
         741    1.4e+04      2257 2263.61 2263.61     2254     468     468    1786
         742    1.4e+04      2257 2263.61 2263.65     2250     468     468    1782
         743    1.4e+04      2257 2263.61 2263.62     2254     468     468    1786
         744    1.4e+04      2257 2263.61 2263.65     2251     468     468    1783
         745    1.4e+04      2257 2263.61 2263.61     2254     468     468    1786
         746    1.4e+04      2257 2263.61 2263.65     2252     468     468    1784
         747    1.4e+04      2257 2263.61 2263.61     2254     468     468    1786
         748    1.4e+04      2257 2263.61 2263.65     2251     468     468    1783
         749    1.4e+04      2257 2263.61 2263.61     2254     468     468    1786
         750    1.4e+04      2257 2263.61 2263.66     2250     468     468    1782
         751    1.4e+04      2257 2263.61 2263.62     2254     468     468    1786
         752    1.4e+04      2257 2263.61 2263.65     2249     468     468    1781
         753    1.4e+04      2257 2263.61 2263.62     2254     468     468    1786
         754    1.4e+04      2257 2263.61 2263.65     2252     468     468    1784
         755    1.4e+04      2257 2263.61 2263.61     2254     468     468    1786
         756    1.4e+04      2257 2263.61 2263.64     2253     468     468    1785
         757    1.4e+04      2257 2263.61 2263.61     2253     468     468    1785
         758    1.4e+04      2257 2263.61 2263.65     2252     468     468    1784
         759    1.4e+04      2257 2263.61 2263.61     2252     468     468    1784
         760    1.4e+04      2257 2263.61 2263.65     2251     468     468    1783
         761    1.4e+04      2257 2263.61 2263.61     2254     468     468    1786
         762    1.4e+04      2257 2263.61 2263.65     2252     468     468    1784
         763    1.4e+04      2257 2263.61 2263.62     2254     468     468    1786
         764    1.4e+04      2257 2263.61 2263.64     2250     468     468    1782
         765    1.4e+04      2257 2263.61 2263.62     2253     468     468    1785
         766    1.4e+04      2257 2263.61 2263.65     2248     468     468    1780
         767    1.4e+04      2257 2263.61 2263.61     2253     468     468    1785
         768    1.4e+04      2257 2263.61 2263.64     2251     468     468    1783
         769    1.4e+04      2257 2263.61 2263.61     2254     468     468    1786
         770    1.4e+04      2257 2263.61 2263.64     2252     468     468    1784
         771    1.4e+04      2257 2263.61 2263.61     2254     468     468    1786
         772    1.4e+04      2257 2263.61 2263.64     2251     468     468    1783
         773    1.4e+04      2257 2263.61 2263.61     2254     468     468    1786
         774    1.4e+04      2257 2263.61 2263.64     2252     468     468    1784
         775    1.4e+04      2257 2263.61 2263.61     2254     468     468    1786
         776    1.4e+04      2257 2263.61 2263.64     2251     468     468    1783
         777    1.4e+04      2257 2263.61 2263.61     2254     468     468    1786
         778    1.4e+04      2257 2263.61 2263.64     2252     468     468    1784
         779    1.4e+04      2257 2263.61 2263.61     2254     468     468    1786
         780    1.4e+04      2257 2263.61 2263.64     2251     468     468    1783
         781    1.4e+04      2257 2263.61 2263.61     2254     468     468    1786
         782    1.4e+04      2257 2263.61 2263.64     2252     468     468    1784
         783    1.4e+04      2257 2263.61 2263.61     2254     468     468    1786
         784    1.4e+04      2257 2263.61 2263.64     2251     468     468    1783
         785    1.4e+04      2257 2263.61 2263.61     2254     468     468    1786
         786    1.4e+04      2257 2263.61 2263.64     2252     468     468    1784
         787    1.4e+04      2257 2263.61 2263.61     2254     468     468    1786
         788    1.4e+04      2257 2263.61 2263.64     2251     468     468    1783
         789    1.4e+04      2257 2263.61 2263.61     2254     468     468    1786
         790    1.4e+04      2257 2263.61 2263.64     2252     468     468    1784
         791    1.4e+04      2257 2263.61 2263.61     2254     468     468    1786
         792    1.4e+04      2257 2263.61 2263.64     2249     468     468    1781
         793    1.4e+04      2257 2263.61 2263.61     2254     468     468    1786
         794    1.4e+04      2257 2263.61 2263.64     2252     468     468    1784
               reducing step to 0.00078125
         795    1.4e+04      2257 2263.59 2263.59     2254     468     468    1786
         796    1.4e+04      2257 2263.57 2263.57     2252     468     468    1784
         797    1.4e+04      2257 2263.57 2263.57     2255     468     468    1787
         798    1.4e+04      2257 2263.56 2263.56     2254     468     468    1786
         799    1.4e+04      2257 2263.56 2263.57     2253     468     468    1785
         800    1.4e+04      2257 2263.56 2263.56     2255     468     468    1787
         801    1.4e+04      2257 2263.56 2263.57     2252     468     468    1784
         802    1.4e+04      2257 2263.55 2263.55     2255     468     468    1787
         803    1.4e+04      2257 2263.55 2263.57     2254     468     468    1786
         804    1.4e+04      2257 2263.55 2263.55     2256     468     468    1788
         805    1.4e+04      2257 2263.55 2263.57     2250     468     468    1782
         806    1.4e+04      2257 2263.55 2263.56     2253     468     468    1785
         807    1.4e+04      2257 2263.55 2263.57     2253     468     468    1785
         808    1.4e+04      2257 2263.55 2263.55     2256     468     468    1788
         809    1.4e+04      2257 2263.55 2263.56     2252     468     468    1784
         810    1.4e+04      2257 2263.55 2263.55     2256     468     468    1788
         811    1.4e+04      2257 2263.55 2263.56     2253     468     468    1785
         812    1.4e+04      2257 2263.55 2263.55     2255     468     468    1787
         813    1.4e+04      2257 2263.55 2263.56     2251     468     468    1783
         814    1.4e+04      2257 2263.55 2263.55     2254     468     468    1786
         815    1.4e+04      2257 2263.55 2263.56     2252     468     468    1784
         816    1.4e+04      2257 2263.55 2263.56     2252     468     468    1784
         817    1.4e+04      2257 2263.55 2263.56     2251     468     468    1783
         818    1.4e+04      2257 2263.55 2263.55     2256     468     468    1788
         819    1.4e+04      2257 2263.55 2263.56     2253     468     468    1785
         820    1.4e+04      2257 2263.55 2263.55     2252     468     468    1784
         821    1.4e+04      2257 2263.55 2263.57     2251     468     468    1783
         822    1.4e+04      2257 2263.55 2263.55     2254     468     468    1786
         823    1.4e+04      2257 2263.55 2263.56     2252     468     468    1784
         824    1.4e+04      2257 2263.55 2263.55     2254     468     468    1786
         825    1.4e+04      2257 2263.55 2263.56     2251     468     468    1783
         826    1.4e+04      2257 2263.55 2263.55     2254     468     468    1786
         827    1.4e+04      2257 2263.55 2263.56     2252     468     468    1784
         828    1.4e+04      2257 2263.55 2263.55     2254     468     468    1786
         829    1.4e+04      2257 2263.55 2263.56     2251     468     468    1783
         830    1.4e+04      2257 2263.55 2263.55     2254     468     468    1786
         831    1.4e+04      2257 2263.55 2263.56     2252     468     468    1784
         832    1.4e+04      2257 2263.55 2263.55     2254     468     468    1786
         833    1.4e+04      2257 2263.55 2263.56     2251     468     468    1783
         834    1.4e+04      2257 2263.55 2263.55     2254     468     468    1786
         835    1.4e+04      2257 2263.55 2263.56     2252     468     468    1784
         836    1.4e+04      2257 2263.55 2263.55     2254     468     468    1786
         837    1.4e+04      2257 2263.55 2263.56     2251     468     468    1783
         838    1.4e+04      2257 2263.55 2263.55     2253     468     468    1785
         839    1.4e+04      2257 2263.55 2263.56     2250     468     468    1782
         840    1.4e+04      2257 2263.55 2263.55     2253     468     468    1785
         841    1.4e+04      2257 2263.55 2263.56     2248     468     468    1780
         842    1.4e+04      2257 2263.55 2263.55     2254     468     468    1786
         843    1.4e+04      2257 2263.55 2263.56     2252     468     468    1784
         844    1.4e+04      2257 2263.55 2263.55     2254     468     468    1786
         845    1.4e+04      2257 2263.55 2263.56     2251     468     468    1783
         846    1.4e+04      2257 2263.55 2263.55     2254     468     468    1786
         847    1.4e+04      2257 2263.55 2263.56     2252     468     468    1784
         848    1.4e+04      2257 2263.55 2263.55     2253     468     468    1785
         849    1.4e+04      2257 2263.55 2263.56     2251     468     468    1783
         850    1.4e+04      2257 2263.55 2263.55     2254     468     468    1786
         851    1.4e+04      2257 2263.55 2263.56     2252     468     468    1784
         852    1.4e+04      2257 2263.55 2263.55     2254     468     468    1786
         853    1.4e+04      2257 2263.55 2263.56     2251     468     468    1783
         854    1.4e+04      2257 2263.55 2263.55     2254     468     468    1786
         855    1.4e+04      2257 2263.55 2263.56     2251     468     468    1783
         856    1.4e+04      2257 2263.55 2263.55     2254     468     468    1786
         857    1.4e+04      2257 2263.55 2263.57     2249     468     468    1781
         858    1.4e+04      2257 2263.55 2263.55     2254     468     468    1786
         859    1.4e+04      2257 2263.55 2263.56     2250     468     468    1782
         860    1.4e+04      2257 2263.55 2263.55     2254     468     468    1786
         861    1.4e+04      2257 2263.55 2263.56     2251     468     468    1783
         862    1.4e+04      2257 2263.55 2263.55     2254     468     468    1786
         863    1.4e+04      2257 2263.55 2263.56     2253     468     468    1785
         864    1.4e+04      2257 2263.55 2263.55     2254     468     468    1786
         865    1.4e+04      2257 2263.55 2263.56     2251     468     468    1783
         866    1.4e+04      2257 2263.55 2263.55     2252     468     468    1784
         867    1.4e+04      2257 2263.55 2263.56     2252     468     468    1784
         868    1.4e+04      2257 2263.55 2263.55     2252     468     468    1784
         869    1.4e+04      2257 2263.55 2263.56     2251     468     468    1783
         870    1.4e+04      2257 2263.55 2263.55     2252     468     468    1784
         871    1.4e+04      2257 2263.55 2263.56     2251     468     468    1783
         872    1.4e+04      2257 2263.55 2263.55     2253     468     468    1785
         873    1.4e+04      2257 2263.55 2263.56     2251     468     468    1783
         874    1.4e+04      2257 2263.55 2263.55     2254     468     468    1786
         875    1.4e+04      2257 2263.55 2263.56     2252     468     468    1784
         876    1.4e+04      2257 2263.55 2263.55     2254     468     468    1786
         877    1.4e+04      2257 2263.55 2263.56     2251     468     468    1783
         878    1.4e+04      2257 2263.55 2263.55     2254     468     468    1786
         879    1.4e+04      2257 2263.55 2263.56     2252     468     468    1784
               reducing step to 0.000390625
         880    1.4e+04      2257 2263.54 2263.54     2256     468     468    1788
         881    1.4e+04      2257 2263.53 2263.53     2255     468     468    1787
         882    1.4e+04      2257 2263.52 2263.52     2255     468     468    1787
         883    1.4e+04      2257 2263.52 2263.52     2256     468     468    1788
         884    1.4e+04      2257 2263.52 2263.53     2253     468     468    1785
         885    1.4e+04      2257 2263.52 2263.52     2257     468     468    1789
         886    1.4e+04      2257 2263.52 2263.53     2253     468     468    1785
         887    1.4e+04      2257 2263.52 2263.52     2255     468     468    1787
         888    1.4e+04      2257 2263.52 2263.53     2254     468     468    1786
         889    1.4e+04      2257 2263.52 2263.52     2256     468     468    1788
         890    1.4e+04      2257 2263.52 2263.53     2252     468     468    1784
         891    1.4e+04      2257 2263.52 2263.52     2256     468     468    1788
         892    1.4e+04      2257 2263.52 2263.53     2252     468     468    1784
         893    1.4e+04      2257 2263.52 2263.52     2255     468     468    1787
         894    1.4e+04      2257 2263.52 2263.53     2251     468     468    1783
         895    1.4e+04      2257 2263.52 2263.52     2254     468     468    1786
         896    1.4e+04      2257 2263.52 2263.53     2251     468     468    1783
         897    1.4e+04      2257 2263.52 2263.52     2254     468     468    1786
         898    1.4e+04      2257 2263.52 2263.53     2249     468     468    1781
         899    1.4e+04      2257 2263.52 2263.52     2254     468     468    1786
         900    1.4e+04      2257 2263.52 2263.53     2251     468     468    1783
         901    1.4e+04      2257 2263.52 2263.52     2252     468     468    1784
         902    1.4e+04      2257 2263.52 2263.53     2251     468     468    1783
         903    1.4e+04      2257 2263.52 2263.52     2254     468     468    1786
         904    1.4e+04      2257 2263.52 2263.53     2251     468     468    1783
         905    1.4e+04      2257 2263.52 2263.52     2253     468     468    1785
         906    1.4e+04      2257 2263.52 2263.53     2251     468     468    1783
         907    1.4e+04      2257 2263.52 2263.52     2254     468     468    1786
         908    1.4e+04      2257 2263.52 2263.53     2250     468     468    1782
         909    1.4e+04      2257 2263.52 2263.52     2254     468     468    1786
         910    1.4e+04      2257 2263.52 2263.53     2250     468     468    1782
         911    1.4e+04      2257 2263.52 2263.52     2252     468     468    1784
         912    1.4e+04      2257 2263.52 2263.53     2251     468     468    1783
               reducing step to 0.000195313
         913    1.4e+04      2257 2263.51 2263.51     2254     468     468    1786
         914    1.4e+04      2257 2263.51 2263.51     2256     468     468    1788
         915    1.4e+04      2257 2263.51 2263.51     2257     468     468    1789
         916    1.4e+04      2257 2263.51 2263.51     2254     468     468    1786
         917    1.4e+04      2257 2263.51 2263.51     2255     468     468    1787
         918    1.4e+04      2257 2263.51 2263.51     2255     468     468    1787
         919    1.4e+04      2257 2263.51 2263.51     2253     468     468    1785
         920    1.4e+04      2257 2263.51 2263.51     2254     468     468    1786
         921    1.4e+04      2257 2263.51 2263.51     2256     468     468    1788
         922    1.4e+04      2257 2263.51 2263.51     2254     468     468    1786
         923    1.4e+04      2257 2263.51 2263.51     2254     468     468    1786
         924    1.4e+04      2257 2263.51 2263.51     2254     468     468    1786
         925    1.4e+04      2257 2263.51 2263.51     2255     468     468    1787
         926    1.4e+04      2257 2263.51 2263.51     2254     468     468    1786
         927    1.4e+04      2257 2263.51 2263.51     2253     468     468    1785
         928    1.4e+04      2257 2263.51 2263.51     2253     468     468    1785
         929    1.4e+04      2257 2263.51 2263.51     2251     468     468    1783
         930    1.4e+04      2257 2263.51 2263.51     2251     468     468    1783
         931    1.4e+04      2257 2263.51 2263.51     2252     468     468    1784
         932    1.4e+04      2257 2263.51 2263.51     2253     468     468    1785
         933    1.4e+04      2257 2263.51 2263.51     2253     468     468    1785
         934    1.4e+04      2257 2263.51 2263.51     2253     468     468    1785
         935    1.4e+04      2257 2263.51 2263.51     2252     468     468    1784
         936    1.4e+04      2257 2263.51 2263.51     2252     468     468    1784
         937    1.4e+04      2257 2263.51 2263.51     2253     468     468    1785
         938    1.4e+04      2257 2263.51 2263.51     2253     468     468    1785
         939    1.4e+04      2257 2263.51 2263.51     2254     468     468    1786
         940    1.4e+04      2257  2263.5  2263.5     2254     468     468    1786
         941    1.4e+04      2257  2263.5 2263.51     2253     468     468    1785
         942    1.4e+04      2257  2263.5  2263.5     2253     468     468    1785
         943    1.4e+04      2257  2263.5 2263.51     2252     468     468    1784
         944    1.4e+04      2257  2263.5  2263.5     2253     468     468    1785
         945    1.4e+04      2257  2263.5 2263.51     2253     468     468    1785
         946    1.4e+04      2257  2263.5  2263.5     2253     468     468    1785
         947    1.4e+04      2257  2263.5 2263.51     2252     468     468    1784
         948    1.4e+04      2257  2263.5  2263.5     2253     468     468    1785
         949    1.4e+04      2257  2263.5 2263.51     2253     468     468    1785
         950    1.4e+04      2257  2263.5  2263.5     2253     468     468    1785
         951    1.4e+04      2257  2263.5 2263.51     2252     468     468    1784
         952    1.4e+04      2257  2263.5  2263.5     2253     468     468    1785
         953    1.4e+04      2257  2263.5 2263.51     2253     468     468    1785
         954    1.4e+04      2257  2263.5  2263.5     2252     468     468    1784
         955    1.4e+04      2257  2263.5 2263.51     2252     468     468    1784
         956    1.4e+04      2257  2263.5  2263.5     2253     468     468    1785
         957    1.4e+04      2257  2263.5 2263.51     2253     468     468    1785
         958    1.4e+04      2257  2263.5  2263.5     2253     468     468    1785
         959    1.4e+04      2257  2263.5 2263.51     2251     468     468    1783
         960    1.4e+04      2257  2263.5 2263.51     2250     468     468    1782
         961    1.4e+04      2257  2263.5 2263.51     2251     468     468    1783
         962    1.4e+04      2257  2263.5 2263.51     2253     468     468    1785
         963    1.4e+04      2257  2263.5 2263.51     2252     468     468    1784
         964    1.4e+04      2257  2263.5  2263.5     2254     468     468    1786
         965    1.4e+04      2257  2263.5 2263.51     2251     468     468    1783
         966    1.4e+04      2257  2263.5  2263.5     2253     468     468    1785
         967    1.4e+04      2257  2263.5 2263.51     2250     468     468    1782
         968    1.4e+04      2257  2263.5  2263.5     2253     468     468    1785
         969    1.4e+04      2257  2263.5 2263.51     2251     468     468    1783
         970    1.4e+04      2257  2263.5  2263.5     2253     468     468    1785
         971    1.4e+04      2257  2263.5 2263.51     2250     468     468    1782
         972    1.4e+04      2257  2263.5  2263.5     2253     468     468    1785
         973    1.4e+04      2257  2263.5 2263.51     2251     468     468    1783
         974    1.4e+04      2257  2263.5  2263.5     2253     468     468    1785
         975    1.4e+04      2257  2263.5 2263.51     2250     468     468    1782
         976    1.4e+04      2257  2263.5  2263.5     2253     468     468    1785
         977    1.4e+04      2257  2263.5 2263.51     2251     468     468    1783
         978    1.4e+04      2257  2263.5  2263.5     2253     468     468    1785
         979    1.4e+04      2257  2263.5 2263.51     2250     468     468    1782
         980    1.4e+04      2257  2263.5  2263.5     2253     468     468    1785
         981    1.4e+04      2257  2263.5 2263.51     2251     468     468    1783
         982    1.4e+04      2257  2263.5  2263.5     2253     468     468    1785
         983    1.4e+04      2257  2263.5 2263.51     2250     468     468    1782
         984    1.4e+04      2257  2263.5  2263.5     2253     468     468    1785
         985    1.4e+04      2257  2263.5 2263.51     2251     468     468    1783
         986    1.4e+04      2257  2263.5  2263.5     2253     468     468    1785
         987    1.4e+04      2257  2263.5 2263.51     2248     468     468    1780
         988    1.4e+04      2257  2263.5  2263.5     2253     468     468    1785
         989    1.4e+04      2257  2263.5 2263.51     2251     468     468    1783
               reducing step to 9.76563e-05
         990    1.4e+04      2257  2263.5  2263.5     2256     468     468    1788
         991    1.4e+04      2257  2263.5  2263.5     2254     468     468    1786
         992    1.4e+04      2257  2263.5  2263.5     2257     468     468    1789
         993    1.4e+04      2257  2263.5  2263.5     2252     468     468    1784
         994    1.4e+04      2257  2263.5  2263.5     2254     468     468    1786
         995    1.4e+04      2257  2263.5  2263.5     2253     468     468    1785
         996    1.4e+04      2257  2263.5  2263.5     2254     468     468    1786
         997    1.4e+04      2257  2263.5  2263.5     2250     468     468    1782
         998    1.4e+04      2257  2263.5  2263.5     2254     468     468    1786
         999    1.4e+04      2257  2263.5  2263.5     2253     468     468    1785
        1000    1.4e+04      2257  2263.5  2263.5     2252     468     468    1784
Total time used by klau is 42.25
true_align (1135) and est_align (468) DO NOT have the same number of elements.
method klau has a score of 27.14%
method klau used 42.251 seconds.
maximum values in init align row is:  1134
maximum values in init align col is:  1134
 best   iter   pr-delta       obj  weight    card overlap
    *      1    5.1e-01    1614.5     469     469    1380
    *      2    1.4e-01    1660.5     469     469    1426
    *      3    5.0e-02    1666.5     469     469    1432
    *      4    2.0e-02    1669.5     469     469    1435
           5    8.4e-03    1667.5     469     469    1433
    *      6    4.0e-03    1671.5     469     469    1437
    *      7    2.0e-03    1678.5     469     469    1444
           8    1.1e-03    1678.5     469     469    1444
           9    5.7e-04    1678.5     469     469    1444
          10    3.2e-04    1678.5     469     469    1444
          11    1.8e-04    1678.5     469     469    1444
          12    1.0e-04    1677.5     469     469    1443
          13    6.0e-05    1677.5     469     469    1443
          14    3.5e-05    1677.5     469     469    1443
          15    2.1e-05    1677.5     469     469    1443
          16    1.3e-05    1677.5     469     469    1443
          17    7.6e-06    1677.5     469     469    1443
          18    4.6e-06    1677.5     469     469    1443
          19    2.8e-06    1677.5     469     469    1443
          20    1.7e-06    1677.5     469     469    1443
          21    1.1e-06    1677.5     469     469    1443
          22    6.6e-07    1677.5     469     469    1443
          23    4.1e-07    1677.5     469     469    1443
          24    2.6e-07    1677.5     469     469    1443
          25    1.6e-07    1677.5     469     469    1443
          26    1.0e-07    1677.5     469     469    1443
          27    6.4e-08    1677.5     469     469    1443
          28    4.1e-08    1677.5     469     469    1443
          29    2.6e-08    1677.5     469     469    1443
          30    1.7e-08    1677.5     469     469    1443
          31    1.1e-08    1677.5     469     469    1443
          32    6.8e-09    1677.5     469     469    1443
          33    4.4e-09    1677.5     469     469    1443
          34    2.8e-09    1677.5     469     469    1443
          35    1.8e-09    1677.5     469     469    1443
          36    1.2e-09    1677.5     469     469    1443
          37    7.8e-10    1677.5     469     469    1443
          38    5.1e-10    1677.5     469     469    1443
          39    3.3e-10    1677.5     469     469    1443
          40    2.2e-10    1677.5     469     469    1443
          41    1.4e-10    1677.5     469     469    1443
          42    9.4e-11    1677.5     469     469    1443
          43    6.1e-11    1677.5     469     469    1443
          44    4.0e-11    1677.5     469     469    1443
          45    2.7e-11    1677.5     469     469    1443
          46    1.8e-11    1677.5     469     469    1443
          47    1.2e-11    1677.5     469     469    1443
          48    7.6e-12    1677.5     469     469    1443
          49    5.1e-12    1677.5     469     469    1443
          50    3.3e-12    1677.5     469     469    1443
          51    2.2e-12    1677.5     469     469    1443
          52    1.5e-12    1677.5     469     469    1443
          53    9.7e-13    1677.5     469     469    1443
Total time used by isorank is 0.67
true_align (1135) and est_align (469) DO NOT have the same number of elements.
method isorank has a score of 9.96%
method isorank used 0.675 seconds.
experiment results:
     method      score       time
0     final  29.691630   3.386502
1  netalign  27.400881   1.869403
2      klau  27.136564  42.250645
3   isorank   9.955947   0.674714
