Permutation sanity check error is 450.0.
Permutation sanity check error is 21182.0.
num_init for this graph is 10
Generating initial alignment matrix using degree ...
mode is  degree
number of noisy edges are:  10
Average number of initial alignments for each node is 20
maximum values in init align row is:  1134
maximum values in init align col is:  1134
Recovering sparse matrix L took 0.01 sec.
Time for degree: 0.01 sec
iteration 1
Time for iteration 1: 0.21 sec, diff = 0.59067
iteration 2
Time for iteration 2: 0.16 sec, diff = 0.06852
iteration 3
Time for iteration 3: 0.14 sec, diff = 0.02042
iteration 4
Time for iteration 4: 0.13 sec, diff = 0.00853
iteration 5
Time for iteration 5: 0.14 sec, diff = 0.00426
iteration 6
Time for iteration 6: 0.14 sec, diff = 0.00237
iteration 7
Time for iteration 7: 0.14 sec, diff = 0.00142
iteration 8
Time for iteration 8: 0.14 sec, diff = 0.00089
iteration 9
Time for iteration 9: 0.14 sec, diff = 0.00057
iteration 10
Time for iteration 10: 0.14 sec, diff = 0.00038
iteration 11
Time for iteration 11: 0.14 sec, diff = 0.00025
iteration 12
Time for iteration 12: 0.14 sec, diff = 0.00017
iteration 13
Time for iteration 13: 0.13 sec, diff = 0.00012
iteration 14
Time for iteration 14: 0.14 sec, diff = 0.00008
iteration 15
Time for iteration 15: 0.14 sec, diff = 0.00006
iteration 16
Time for iteration 16: 0.14 sec, diff = 0.00004
iteration 17
Time for iteration 17: 0.14 sec, diff = 0.00003
iteration 18
Time for iteration 18: 0.13 sec, diff = 0.00002
iteration 19
Time for iteration 19: 0.14 sec, diff = 0.00001
iteration 20
Time for iteration 20: 0.14 sec, diff = 0.00001
Total time used by final is 3.12 sec.
true_align and est_align have the same number of elements.
method final has a score of 30.13%
method final used 3.117 seconds.
maximum values in init align row is:  1134
maximum values in init align col is:  1134
best   iter    obj_ma wght_ma card_ma over_ma    obj_mb wght_mb card_mb over_mb
  *a      1      1654     465     465    1189      1654     465     465    1189
          2       667     328     328     339       854     360     360     494
          3       947     438     438     509       763     327     327     436
          4       722     374     374     348       769     377     377     392
  *b      5      1858     464     464    1394      1864     446     446    1418
  *b      6      1942     465     465    1477      1993     446     446    1547
          7      1658     439     439    1219      1772     435     435    1337
          8       725     365     365     360       434     187     187     247
          9      1023     385     385     638       991     323     323     668
         10      1889     463     463    1426      1896     445     445    1451
  *b     11      2132     464     464    1668      2136     453     453    1683
         12      2099     461     461    1638      2098     441     441    1657
  *a     13      2174     457     457    1717      2114     421     421    1693
  *a     14      2178     459     459    1719      1932     380     380    1552
  *a     15      2232     461     461    1771      2213     453     453    1760
  *a     16      2238     462     462    1776      2236     458     458    1778
  *a     17      2244     462     462    1782      2232     454     454    1778
  *a     18      2246     462     462    1784      2229     452     452    1777
  *a     19      2247     462     462    1785      2231     453     453    1778
  *a     20      2248     462     462    1786      2230     457     457    1773
         21      2246     462     462    1784      2234     457     457    1777
         22      2247     462     462    1785      2242     461     461    1781
         23      2248     462     462    1786      2248     462     462    1786
         24      2248     462     462    1786      2248     462     462    1786
         25      2248     462     462    1786      2244     459     459    1785
         26      2247     462     462    1785      2242     459     459    1783
         27      2247     462     462    1785      2243     459     459    1784
         28      2247     462     462    1785      2244     460     460    1784
         29      2247     462     462    1785      2244     460     460    1784
         30      2247     462     462    1785      2247     462     462    1785
         31      2247     462     462    1785      2247     462     462    1785
         32      2247     462     462    1785      2247     462     462    1785
         33      2247     462     462    1785      2247     462     462    1785
         34      2247     462     462    1785      2245     461     461    1784
         35      2247     462     462    1785      2245     461     461    1784
         36      2247     462     462    1785      2244     460     460    1784
         37      2247     462     462    1785      2246     461     461    1785
         38      2247     462     462    1785      2246     461     461    1785
         39      2247     462     462    1785      2247     462     462    1785
         40      2247     462     462    1785      2247     462     462    1785
         41      2247     462     462    1785      2247     462     462    1785
         42      2247     462     462    1785      2244     460     460    1784
         43      2247     462     462    1785      2244     460     460    1784
         44      2247     462     462    1785      2244     460     460    1784
         45      2247     462     462    1785      2244     460     460    1784
         46      2247     462     462    1785      2247     462     462    1785
         47      2247     462     462    1785      2247     462     462    1785
         48      2247     462     462    1785      2247     462     462    1785
         49      2247     462     462    1785      2246     461     461    1785
         50      2247     462     462    1785      2246     461     461    1785
         51      2247     462     462    1785      2236     459     459    1777
         52      2247     462     462    1785      2237     460     460    1777
         53      2247     462     462    1785      2237     460     460    1777
         54      2247     462     462    1785      2237     460     460    1777
         55      2247     462     462    1785      2247     462     462    1785
         56      2247     462     462    1785      2247     462     462    1785
         57      2247     462     462    1785      2247     462     462    1785
         58      2247     462     462    1785      2247     462     462    1785
         59      2247     462     462    1785      2247     462     462    1785
         60      2247     462     462    1785      2247     462     462    1785
         61      2247     462     462    1785      2247     462     462    1785
         62      2247     462     462    1785      2245     461     461    1784
         63      2247     462     462    1785      2245     461     461    1784
         64      2247     462     462    1785      2245     461     461    1784
         65      2247     462     462    1785      2242     460     460    1782
         66      2247     462     462    1785      2244     461     461    1783
         67      2247     462     462    1785      2244     461     461    1783
         68      2247     462     462    1785      2244     461     461    1783
         69      2247     462     462    1785      2244     461     461    1783
         70      2247     462     462    1785      2247     462     462    1785
         71      2247     462     462    1785      2247     462     462    1785
         72      2247     462     462    1785      2247     462     462    1785
         73      2247     462     462    1785      2247     462     462    1785
         74      2247     462     462    1785      2247     462     462    1785
         75      2247     462     462    1785      2247     462     462    1785
         76      2247     462     462    1785      2247     462     462    1785
         77      2247     462     462    1785      2244     461     461    1783
         78      2247     462     462    1785      2236     460     460    1776
         79      2247     462     462    1785      2236     460     460    1776
         80      2247     462     462    1785      2236     460     460    1776
         81      2247     462     462    1785      2239     461     461    1778
         82      2247     462     462    1785      2247     462     462    1785
         83      2247     462     462    1785      2247     462     462    1785
         84      2247     462     462    1785      2247     462     462    1785
         85      2247     462     462    1785      2239     461     461    1778
         86      2247     462     462    1785      2239     461     461    1778
         87      2247     462     462    1785      2239     461     461    1778
         88      2247     462     462    1785      2239     461     461    1778
         89      2247     462     462    1785      2246     461     461    1785
         90      2247     462     462    1785      2244     460     460    1784
         91      2247     462     462    1785      2244     460     460    1784
         92      2247     462     462    1785      2246     461     461    1785
         93      2247     462     462    1785      2246     461     461    1785
         94      2247     462     462    1785      2247     462     462    1785
         95      2247     462     462    1785      2247     462     462    1785
         96      2247     462     462    1785      2247     462     462    1785
         97      2247     462     462    1785      2247     462     462    1785
         98      2247     462     462    1785      2247     462     462    1785
         99      2247     462     462    1785      2246     461     461    1785
        100      2247     462     462    1785      2246     461     461    1785
Total time used by netalign is 1.88
true_align (1135) and est_align (462) DO NOT have the same number of elements.
method netalign has a score of 27.40%
method netalign used 1.877 seconds.
maximum values in init align row is:  1134
maximum values in init align col is:  1134
 best   iter     norm-u     lower   upper     cur      obj  weight    card overlap
    *      1    0.0e+00      1805    2557    2557     1805     465     465    1340
           2    1.3e+03      1805    2557    2737     1631     465     465    1166
           3    1.9e+03      1805    2557  2653.6     1314     465     465     849
           4    2.5e+03      1805    2557  2669.3     1322     465     465     857
           5    3.1e+03      1805    2557  2654.7     1185     465     465     720
           6    3.5e+03      1805    2557  2662.5     1237     465     465     772
           7    3.9e+03      1805    2557  2643.2     1104     465     465     639
           8    4.3e+03      1805    2557  2643.2     1098     465     465     633
           9    4.7e+03      1805    2557  2634.1     1104     465     465     639
          10    5.0e+03      1805    2557  2631.4     1042     465     465     577
          11    5.4e+03      1805    2557  2628.9     1060     465     465     595
          12    5.7e+03      1805    2557  2617.7     1123     465     465     658
          13    6.0e+03      1805    2557  2617.6     1041     465     465     576
          14    6.3e+03      1805    2557  2613.3     1092     465     465     627
          15    6.6e+03      1805    2557  2608.3     1011     465     465     546
          16    6.9e+03      1805    2557  2604.5     1056     465     465     591
          17    7.2e+03      1805    2557  2607.7     1021     465     465     556
          18    7.4e+03      1805    2557  2615.7     1007     465     465     542
          19    7.6e+03      1805    2557  2604.3      988     465     465     523
          20    7.8e+03      1805    2557  2600.4      967     465     465     502
          21    8.0e+03      1805    2557  2591.2      967     465     465     502
          22    8.2e+03      1805    2557  2593.8     1071     465     465     606
          23    8.4e+03      1805    2557  2593.9      959     465     465     494
          24    8.6e+03      1805    2557  2597.1     1031     465     465     566
          25    8.8e+03      1805    2557  2575.7      999     465     465     534
          26    9.0e+03      1805    2557  2605.1     1040     465     465     575
               reducing step to 0.2
          27    9.1e+03      1805    2474    2474     1016     465     465     551
          28    9.2e+03      1805    2474  2479.2      948     465     465     483
          29    9.3e+03      1805  2451.8  2451.8      992     465     465     527
          30    9.4e+03      1805  2440.3  2440.3     1046     465     465     581
          31    9.4e+03      1805  2427.7  2427.7     1000     465     465     535
          32    9.5e+03      1805  2427.7    2428     1080     465     465     615
          33    9.6e+03      1805  2417.4  2417.4     1139     465     465     674
          34    9.6e+03      1805  2417.4  2417.7     1115     465     465     650
          35    9.7e+03      1805  2416.3  2416.3     1052     465     465     587
          36    9.8e+03      1805  2407.5  2407.5     1132     465     465     667
          37    9.8e+03      1805  2399.3  2399.3     1045     465     465     580
          38    9.9e+03      1805  2399.3  2405.9     1118     465     465     653
          39    9.9e+03      1805  2389.7  2389.7     1147     465     465     682
          40    1.0e+04      1805  2389.7  2398.6     1138     465     465     673
          41    1.0e+04      1805  2389.7  2393.6     1259     465     465     794
          42    1.0e+04      1805  2385.2  2385.2     1101     465     465     636
          43    1.0e+04      1805  2385.2  2388.2     1228     465     465     763
          44    1.0e+04      1805  2382.5  2382.5     1164     465     465     699
          45    1.0e+04      1805  2382.5  2382.8     1189     465     465     724
          46    1.0e+04      1805  2378.4  2378.4     1262     465     465     797
          47    1.0e+04      1805  2376.7  2376.7     1117     465     465     652
          48    1.0e+04      1805  2376.7  2381.2     1268     465     465     803
          49    1.0e+04      1805  2370.5  2370.5     1246     465     465     781
          50    1.0e+04      1805  2370.5  2372.3     1314     465     465     849
          51    1.1e+04      1805  2369.1  2369.1     1146     465     465     681
          52    1.1e+04      1805  2369.1  2373.2     1253     465     465     788
          53    1.1e+04      1805    2365    2365     1266     465     465     801
          54    1.1e+04      1805    2365  2373.9     1358     465     465     893
          55    1.1e+04      1805  2360.2  2360.2     1219     465     465     754
          56    1.1e+04      1805  2360.2  2372.4     1293     465     465     828
          57    1.1e+04      1805  2358.9  2358.9     1347     465     465     882
          58    1.1e+04      1805  2358.9  2363.9     1189     465     465     724
          59    1.1e+04      1805  2355.2  2355.2     1239     465     465     774
          60    1.1e+04      1805  2355.2  2357.2     1307     465     465     842
          61    1.1e+04      1805  2355.2  2355.8     1309     465     465     844
          62    1.1e+04      1805  2354.3  2354.3     1266     465     465     801
          63    1.1e+04      1805  2354.3  2358.4     1347     465     465     882
          64    1.1e+04      1805  2354.3  2355.6     1363     465     465     898
          65    1.1e+04      1805    2351    2351     1436     465     465     971
          66    1.1e+04      1805    2351  2355.9     1258     465     465     793
          67    1.1e+04      1805    2351  2354.5     1327     465     465     862
          68    1.1e+04      1805    2351  2352.5     1400     465     465     935
          69    1.1e+04      1805  2349.4  2349.4     1289     465     465     824
          70    1.1e+04      1805  2349.4    2350     1345     465     465     880
          71    1.1e+04      1805  2341.5  2341.5     1475     465     465    1010
          72    1.1e+04      1805  2341.5  2345.7     1406     465     465     941
          73    1.1e+04      1805  2341.5  2351.8     1384     465     465     919
          74    1.1e+04      1805  2341.5  2343.3     1400     465     465     935
          75    1.1e+04      1805  2341.5  2352.5     1327     465     465     862
          76    1.1e+04      1805  2341.5  2342.6     1397     465     465     932
          77    1.1e+04      1805  2341.5  2342.8     1331     465     465     866
          78    1.1e+04      1805  2340.6  2340.6     1450     465     465     985
          79    1.2e+04      1805  2340.6    2342     1342     465     465     877
          80    1.2e+04      1805  2340.6  2349.6     1325     465     465     860
          81    1.2e+04      1805  2337.6  2337.6     1367     465     465     902
          82    1.2e+04      1805  2337.6    2343     1404     465     465     939
          83    1.2e+04      1805  2337.6  2344.7     1402     465     465     937
          84    1.2e+04      1805  2337.6  2343.9     1488     465     465    1023
          85    1.2e+04      1805  2337.6  2346.2     1365     465     465     900
          86    1.2e+04      1805  2333.9  2333.9     1493     465     465    1028
          87    1.2e+04      1805  2333.9    2334     1391     465     465     926
          88    1.2e+04      1805  2333.9  2338.7     1356     465     465     891
          89    1.2e+04      1805  2333.9  2336.1     1464     465     465     999
          90    1.2e+04      1805  2333.7  2333.7     1396     465     465     931
          91    1.2e+04      1805  2333.7  2340.5     1497     465     465    1032
          92    1.2e+04      1805    2331    2331     1517     465     465    1052
          93    1.2e+04      1805    2331  2333.4     1413     465     465     948
          94    1.2e+04      1805    2331  2335.4     1457     465     465     992
          95    1.2e+04      1805  2329.4  2329.4     1460     465     465     995
          96    1.2e+04      1805  2329.4  2337.1     1457     465     465     992
          97    1.2e+04      1805  2329.4  2337.3     1481     465     465    1016
          98    1.2e+04      1805  2329.4  2333.1     1405     465     465     940
          99    1.2e+04      1805  2329.4  2331.4     1449     465     465     984
         100    1.2e+04      1805  2328.2  2328.2     1459     465     465     994
         101    1.2e+04      1805  2328.2  2334.5     1405     465     465     940
         102    1.2e+04      1805  2328.2  2335.9     1400     465     465     935
         103    1.2e+04      1805  2328.2  2330.5     1480     465     465    1015
         104    1.2e+04      1805  2328.2    2334     1499     465     465    1034
         105    1.2e+04      1805  2328.2  2328.8     1541     465     465    1076
         106    1.2e+04      1805  2328.2  2330.5     1470     465     465    1005
         107    1.2e+04      1805  2328.2    2330     1437     465     465     972
         108    1.2e+04      1805  2328.2  2333.2     1394     465     465     929
         109    1.2e+04      1805  2328.2  2337.3     1387     465     465     922
         110    1.2e+04      1805  2328.2  2334.2     1512     465     465    1047
         111    1.2e+04      1805  2327.4  2327.4     1420     465     465     955
         112    1.2e+04      1805  2327.1  2327.1     1379     465     465     914
         113    1.2e+04      1805  2327.1  2337.5     1450     465     465     985
         114    1.3e+04      1805  2326.7  2326.7     1608     465     465    1143
         115    1.3e+04      1805  2326.3  2326.3     1654     465     465    1189
         116    1.3e+04      1805  2319.7  2319.7     1569     465     465    1104
         117    1.3e+04      1805  2319.7  2326.5     1451     465     465     986
         118    1.3e+04      1805  2319.7  2327.7     1508     465     465    1043
         119    1.3e+04      1805  2319.7  2324.6     1583     465     465    1118
         120    1.3e+04      1805  2319.7  2324.1     1453     465     465     988
         121    1.3e+04      1805  2319.7  2332.2     1480     465     465    1015
         122    1.3e+04      1805  2319.7  2322.8     1605     465     465    1140
         123    1.3e+04      1805  2319.7  2321.8     1629     465     465    1164
         124    1.3e+04      1805  2319.6  2319.6     1536     465     465    1071
         125    1.3e+04      1805  2319.6  2326.1     1478     465     465    1013
         126    1.3e+04      1805  2319.6  2322.7     1681     465     465    1216
         127    1.3e+04      1805  2316.7  2316.7     1511     465     465    1046
         128    1.3e+04      1805  2316.7  2320.7     1374     465     465     909
         129    1.3e+04      1805  2316.7    2325     1462     465     465     997
         130    1.3e+04      1805  2316.7  2318.5     1606     465     465    1141
         131    1.3e+04      1805  2316.7  2318.4     1595     465     465    1130
         132    1.3e+04      1805  2316.7  2321.6     1600     465     465    1135
         133    1.3e+04      1805  2316.7  2318.9     1566     465     465    1101
         134    1.3e+04      1805  2316.7    2323     1474     465     465    1009
         135    1.3e+04      1805  2316.7  2320.3     1572     465     465    1107
         136    1.3e+04      1805  2316.7  2320.1     1600     465     465    1135
         137    1.3e+04      1805  2314.9  2314.9     1649     465     465    1184
         138    1.3e+04      1805  2314.9  2317.7     1497     465     465    1032
         139    1.3e+04      1805  2314.9  2321.1     1471     465     465    1006
         140    1.3e+04      1805  2314.9  2323.3     1509     465     465    1044
         141    1.3e+04      1805  2314.9  2318.6     1639     465     465    1174
         142    1.3e+04      1805  2314.9    2316     1572     465     465    1107
         143    1.3e+04      1805  2314.9    2320     1452     465     465     987
         144    1.3e+04      1805  2314.9  2327.5     1370     465     465     905
         145    1.3e+04      1805  2314.9  2322.3     1489     465     465    1024
         146    1.3e+04      1805  2314.9    2321     1486     465     465    1021
         147    1.3e+04      1805  2314.9  2317.6     1411     465     465     946
         148    1.3e+04      1805  2314.9  2323.7     1401     465     465     936
         149    1.3e+04      1805  2314.9  2321.4     1570     465     465    1105
         150    1.3e+04      1805  2314.9  2315.7     1558     465     465    1093
         151    1.3e+04      1805  2314.9  2324.2     1395     465     465     930
         152    1.3e+04      1805  2314.9  2321.8     1563     465     465    1098
         153    1.3e+04      1805  2314.9  2316.2     1576     465     465    1111
         154    1.3e+04      1805  2311.7  2311.7     1602     465     465    1137
         155    1.3e+04      1805  2310.6  2310.6     1555     465     465    1090
         156    1.3e+04      1805  2310.6  2320.8     1517     465     465    1052
         157    1.3e+04      1805  2310.6  2311.4     1494     465     465    1029
         158    1.3e+04      1805  2310.6  2316.2     1489     465     465    1024
         159    1.3e+04      1805  2310.6  2323.5     1513     465     465    1048
         160    1.4e+04      1805  2310.6  2316.9     1691     465     465    1226
         161    1.4e+04      1805    2310    2310     1641     465     465    1176
         162    1.4e+04      1805    2310  2316.1     1573     465     465    1108
         163    1.4e+04      1805    2310  2313.1     1634     465     465    1169
         164    1.4e+04      1805    2310  2310.7     1615     465     465    1150
         165    1.4e+04      1805    2310    2316     1540     465     465    1075
         166    1.4e+04      1805    2310    2314     1639     465     465    1174
         167    1.4e+04      1805    2310  2316.6     1573     465     465    1108
         168    1.4e+04      1805    2310  2312.4     1544     465     465    1079
         169    1.4e+04      1805    2310  2310.9     1502     465     465    1037
         170    1.4e+04      1805    2310  2315.7     1567     465     465    1102
         171    1.4e+04      1805    2310  2311.7     1648     465     465    1183
         172    1.4e+04      1805  2304.4  2304.4     1720     465     465    1255
         173    1.4e+04      1805  2304.4  2310.2     1712     465     465    1247
         174    1.4e+04      1805  2304.4  2310.8     1621     465     465    1156
         175    1.4e+04      1805  2304.4  2315.6     1566     465     465    1101
         176    1.4e+04      1805  2304.4  2319.1     1485     465     465    1020
         177    1.4e+04      1805  2304.4    2311     1624     465     465    1159
         178    1.4e+04      1805  2304.4  2305.7     1637     465     465    1172
         179    1.4e+04      1805  2304.4  2307.5     1643     465     465    1178
         180    1.4e+04      1805  2304.4  2309.9     1540     465     465    1075
         181    1.4e+04      1805  2304.4  2313.9     1453     465     465     988
         182    1.4e+04      1805  2304.4  2312.3     1721     465     465    1256
         183    1.4e+04      1805  2304.1  2304.1     1736     465     465    1271
         184    1.4e+04      1805  2304.1  2306.9     1649     465     465    1184
         185    1.4e+04      1805  2304.1  2312.7     1562     465     465    1097
         186    1.4e+04      1805  2304.1  2312.7     1456     465     465     991
         187    1.4e+04      1805  2304.1  2316.4     1466     465     465    1001
         188    1.4e+04      1805  2304.1  2315.5     1489     465     465    1024
         189    1.4e+04      1805  2304.1  2313.5     1541     465     465    1076
         190    1.4e+04      1805  2304.1    2313     1577     465     465    1112
         191    1.4e+04      1805  2304.1  2313.2     1700     465     465    1235
         192    1.4e+04      1805  2304.1  2309.7     1627     465     465    1162
         193    1.4e+04      1805  2304.1  2312.6     1647     465     465    1182
         194    1.4e+04      1805  2304.1  2311.3     1547     465     465    1082
         195    1.4e+04      1805  2304.1  2315.5     1583     465     465    1118
         196    1.4e+04      1805  2304.1  2304.7     1568     465     465    1103
         197    1.4e+04      1805  2304.1  2311.3     1491     465     465    1026
         198    1.4e+04      1805  2304.1  2315.5     1601     465     465    1136
         199    1.4e+04      1805  2304.1  2305.3     1689     465     465    1224
         200    1.4e+04      1805  2304.1  2305.5     1689     465     465    1224
         201    1.4e+04      1805  2304.1  2306.9     1549     465     465    1084
         202    1.4e+04      1805  2304.1  2314.6     1438     465     465     973
         203    1.4e+04      1805  2304.1  2313.4     1509     465     465    1044
         204    1.4e+04      1805  2304.1  2308.2     1667     465     465    1202
         205    1.4e+04      1805  2302.4  2302.4     1684     465     465    1219
         206    1.4e+04      1805  2302.4  2308.9     1568     465     465    1103
         207    1.4e+04      1805  2302.4  2310.9     1641     465     465    1176
         208    1.4e+04      1805  2302.4  2307.4     1596     465     465    1131
         209    1.4e+04      1805  2302.4  2311.7     1583     465     465    1118
         210    1.4e+04      1805  2302.4  2309.5     1535     465     465    1070
         211    1.4e+04      1805  2302.4  2312.7     1521     465     465    1056
         212    1.4e+04      1805  2302.4  2311.3     1610     465     465    1145
         213    1.4e+04      1805  2302.4  2306.8     1651     465     465    1186
         214    1.4e+04      1805  2302.4    2310     1589     465     465    1124
         215    1.4e+04      1805  2302.4  2309.1     1607     465     465    1142
         216    1.5e+04      1805  2302.4  2310.8     1569     465     465    1104
         217    1.5e+04      1805  2302.4  2310.7     1555     465     465    1090
         218    1.5e+04      1805  2302.4    2312     1581     465     465    1116
         219    1.5e+04      1805  2302.4  2306.9     1762     465     465    1297
         220    1.5e+04      1805  2301.5  2301.5     1743     465     465    1278
         221    1.5e+04      1805  2301.5  2307.7     1617     465     465    1152
         222    1.5e+04      1805  2301.5  2307.9     1649     465     465    1184
         223    1.5e+04      1805  2301.5  2305.8     1579     465     465    1114
         224    1.5e+04      1805  2301.5  2310.6     1640     465     465    1175
         225    1.5e+04      1805  2301.5  2306.9     1642     465     465    1177
         226    1.5e+04      1805  2301.5    2304     1604     465     465    1139
         227    1.5e+04      1805  2301.5  2310.3     1600     464     464    1136
         228    1.5e+04      1805  2301.5  2303.3     1704     465     465    1239
         229    1.5e+04      1805  2301.5  2305.1     1674     465     465    1209
         230    1.5e+04      1805  2301.5  2303.7     1676     465     465    1211
         231    1.5e+04      1805  2301.5  2308.7     1520     465     465    1055
         232    1.5e+04      1805  2301.5  2312.4     1587     465     465    1122
         233    1.5e+04      1805  2301.5  2303.4     1696     465     465    1231
         234    1.5e+04      1805  2301.5  2304.8     1683     465     465    1218
         235    1.5e+04      1805  2301.5  2306.8     1678     465     465    1213
         236    1.5e+04      1805  2301.5  2306.6     1532     465     465    1067
         237    1.5e+04      1805  2301.5  2308.7     1505     465     465    1040
         238    1.5e+04      1805  2301.5  2312.1     1590     465     465    1125
         239    1.5e+04      1805  2301.5  2302.5     1702     465     465    1237
         240    1.5e+04      1805  2301.5  2304.3     1774     465     465    1309
         241    1.5e+04      1805  2299.6  2299.6     1695     465     465    1230
         242    1.5e+04      1805  2299.6  2301.2     1658     465     465    1193
         243    1.5e+04      1805  2299.6  2305.6     1633     465     465    1168
         244    1.5e+04      1805  2299.6  2309.9     1585     465     465    1120
         245    1.5e+04      1805  2299.6    2310     1578     465     465    1113
         246    1.5e+04      1805  2299.6  2305.4     1591     465     465    1126
         247    1.5e+04      1805  2299.6  2310.8     1667     465     465    1202
         248    1.5e+04      1805  2299.6  2302.8     1729     465     465    1264
         249    1.5e+04      1805    2295    2295     1660     465     465    1195
         250    1.5e+04      1805    2295  2305.3     1574     465     465    1109
         251    1.5e+04      1805    2295  2308.3     1590     465     465    1125
         252    1.5e+04      1805    2295    2303     1615     465     465    1150
         253    1.5e+04      1805    2295  2305.7     1727     465     465    1262
         254    1.5e+04      1805    2295  2304.8     1712     465     465    1247
         255    1.5e+04      1805    2295  2301.8     1693     465     465    1228
         256    1.5e+04      1805    2295  2301.9     1647     465     465    1182
         257    1.5e+04      1805    2295  2304.7     1543     465     465    1078
         258    1.5e+04      1805    2295  2308.9     1618     465     465    1153
         259    1.5e+04      1805    2295    2303     1639     465     465    1174
         260    1.5e+04      1805    2295  2307.6     1588     465     465    1123
         261    1.5e+04      1805    2295    2306     1659     465     465    1194
         262    1.5e+04      1805    2295  2299.7     1741     464     464    1277
         263    1.5e+04      1805    2295  2302.3     1648     465     465    1183
         264    1.5e+04      1805    2295  2300.2     1656     465     465    1191
         265    1.5e+04      1805    2295  2303.6     1606     465     465    1141
         266    1.5e+04      1805    2295  2309.5     1607     465     465    1142
         267    1.5e+04      1805    2295  2303.5     1640     465     465    1175
         268    1.5e+04      1805    2295  2304.2     1700     465     465    1235
         269    1.5e+04      1805    2295  2298.7     1781     465     465    1316
         270    1.5e+04      1805    2295  2301.5     1609     465     465    1144
         271    1.5e+04      1805    2295  2313.8     1529     465     465    1064
         272    1.5e+04      1805    2295  2301.9     1724     465     465    1259
         273    1.5e+04      1805    2295  2296.8     1646     465     465    1181
         274    1.5e+04      1805    2295    2304     1635     465     465    1170
               reducing step to 0.1
    *    275    1.5e+04      1948  2281.6  2281.6     1948     465     465    1483
         276    1.5e+04      1948  2272.3  2272.3     1845     464     464    1381
    *    277    1.5e+04      1969  2271.5  2271.5     1969     464     464    1505
    *    278    1.5e+04      2034  2269.4  2269.4     2034     464     464    1570
    *    279    1.5e+04      2130  2268.8  2268.8     2130     465     465    1665
    *    280    1.5e+04      2134    2268    2268     2134     464     464    1670
         281    1.5e+04      2134    2268  2269.8     2103     464     464    1639
         282    1.5e+04      2134  2267.4  2267.4     2112     464     464    1648
    *    283    1.5e+04      2146  2267.4  2268.1     2146     464     464    1682
    *    284    1.5e+04      2155  2265.7  2265.7     2155     464     464    1691
    *    285    1.5e+04      2174  2265.7  2267.5     2174     464     464    1710
    *    286    1.5e+04      2181  2265.7  2266.3     2181     464     464    1717
         287    1.5e+04      2181  2265.7  2267.3     2180     465     465    1715
         288    1.5e+04      2181  2265.7  2266.4     2089     464     464    1625
         289    1.5e+04      2181  2265.7  2267.2     2127     464     464    1663
    *    290    1.5e+04      2189  2265.7  2266.6     2189     464     464    1725
    *    291    1.5e+04      2198  2265.7  2266.1     2198     464     464    1734
         292    1.5e+04      2198    2265    2265     2174     464     464    1710
    *    293    1.5e+04      2209    2265  2266.3     2209     464     464    1745
         294    1.5e+04      2209  2264.3  2264.3     2200     464     464    1736
         295    1.5e+04      2209  2264.3    2266     2203     464     464    1739
         296    1.5e+04      2209  2264.3  2264.5     2139     464     464    1675
         297    1.5e+04      2209  2264.3  2265.5     2169     464     464    1705
         298    1.5e+04      2209  2264.3  2264.6     2150     465     465    1685
         299    1.5e+04      2209  2263.9  2263.9     2128     464     464    1664
         300    1.5e+04      2209  2263.9  2265.5     2096     464     464    1632
         301    1.5e+04      2209  2263.9  2264.7     2160     464     464    1696
         302    1.5e+04      2209  2263.9  2264.2     2171     464     464    1707
         303    1.5e+04      2209  2263.9  2264.6     2096     464     464    1632
         304    1.5e+04      2209  2263.9  2266.3     2111     464     464    1647
         305    1.5e+04      2209  2263.9  2265.2     2048     465     465    1583
         306    1.5e+04      2209  2263.9  2265.9     2018     464     464    1554
         307    1.5e+04      2209  2263.9  2264.9     2128     465     465    1663
         308    1.5e+04      2209  2263.9  2264.1     2045     464     464    1581
         309    1.5e+04      2209  2263.9  2266.4     2027     464     464    1563
         310    1.5e+04      2209  2263.9  2266.9     2006     464     464    1542
         311    1.5e+04      2209  2263.9  2265.3     2110     465     465    1645
         312    1.5e+04      2209  2263.9  2265.3     2158     464     464    1694
         313    1.5e+04      2209  2263.6  2263.6     2181     465     465    1716
         314    1.5e+04      2209  2263.6  2264.6     2200     463     463    1737
         315    1.5e+04      2209  2263.6  2263.9     2196     463     463    1733
         316    1.5e+04      2209  2263.6  2264.9     2203     463     463    1740
    *    317    1.5e+04      2219  2263.6  2263.6     2219     463     463    1756
         318    1.5e+04      2219  2263.6  2264.3     2190     464     464    1726
         319    1.5e+04      2219  2263.6  2263.6     2149     464     464    1685
         320    1.5e+04      2219  2263.6  2264.3     2215     463     463    1752
         321    1.5e+04      2219  2263.1  2263.1     2181     464     464    1717
         322    1.5e+04      2219  2263.1  2264.6     2146     464     464    1682
         323    1.5e+04      2219    2263    2263     2164     463     463    1701
         324    1.5e+04      2219    2263  2263.9     2213     463     463    1750
         325    1.5e+04      2219    2263  2263.4     2203     463     463    1740
         326    1.5e+04      2219    2263  2263.6     2187     463     463    1724
         327    1.5e+04      2219  2262.5  2262.5     2211     463     463    1748
    *    328    1.5e+04      2221  2262.5  2262.5     2221     463     463    1758
    *    329    1.5e+04      2224  2262.5  2263.2     2224     463     463    1761
         330    1.5e+04      2224  2262.5    2264     2182     464     464    1718
         331    1.5e+04      2224  2262.5  2263.5     2213     462     462    1751
         332    1.5e+04      2224  2262.5  2263.2     2204     463     463    1741
         333    1.5e+04      2224  2262.5  2263.8     2202     462     462    1740
         334    1.5e+04      2224  2262.5  2264.3     2213     463     463    1750
         335    1.5e+04      2224  2262.5    2263     2222     462     462    1760
         336    1.5e+04      2224  2262.5  2263.1     2223     463     463    1760
    *    337    1.5e+04      2225  2262.5  2263.2     2225     462     462    1763
         338    1.5e+04      2225  2262.5  2263.1     2221     463     463    1758
         339    1.5e+04      2225  2262.5    2263     2210     462     462    1748
    *    340    1.5e+04      2227  2262.5  2262.8     2227     463     463    1764
         341    1.5e+04      2227  2262.5  2263.3     2170     463     463    1707
         342    1.5e+04      2227  2262.5  2263.6     2137     464     464    1673
         343    1.5e+04      2227  2262.5    2263     2139     464     464    1675
         344    1.5e+04      2227  2262.5    2263     2110     464     464    1646
         345    1.5e+04      2227  2262.5  2263.7     2183     464     464    1719
         346    1.5e+04      2227  2262.4  2262.4     2132     465     465    1667
         347    1.5e+04      2227  2262.4  2263.1     2173     463     463    1710
         348    1.5e+04      2227  2262.4  2262.6     2215     463     463    1752
         349    1.5e+04      2227  2262.4  2262.9     2221     462     462    1759
         350    1.5e+04      2227  2262.4  2262.7     2222     463     463    1759
         351    1.5e+04      2227  2262.4  2263.1     2224     462     462    1762
         352    1.5e+04      2227  2262.4  2262.8     2215     463     463    1752
         353    1.5e+04      2227  2262.4  2262.8     2225     462     462    1763
         354    1.5e+04      2227  2262.4  2262.8     2222     463     463    1759
         355    1.5e+04      2227  2262.4  2263.4     2159     462     462    1697
         356    1.5e+04      2227  2262.4  2263.1     2170     464     464    1706
         357    1.5e+04      2227  2262.4  2263.5     2154     464     464    1690
         358    1.5e+04      2227  2262.4  2263.8     2122     463     463    1659
         359    1.5e+04      2227  2262.4    2264     2179     462     462    1717
         360    1.5e+04      2227  2262.4  2262.8     2212     463     463    1749
         361    1.5e+04      2227  2262.4  2262.9     2209     462     462    1747
         362    1.5e+04      2227  2262.4  2263.4     2219     463     463    1756
         363    1.5e+04      2227  2262.4  2263.2     2204     463     463    1741
         364    1.5e+04      2227  2262.4  2262.8     2159     464     464    1695
         365    1.5e+04      2227  2262.4  2263.5     2154     463     463    1691
         366    1.5e+04      2227  2262.4  2262.7     2139     465     465    1674
         367    1.5e+04      2227  2262.4  2263.3     2122     464     464    1658
         368    1.5e+04      2227  2262.4    2263     2172     464     464    1708
         369    1.5e+04      2227  2262.4  2263.3     2202     463     463    1739
         370    1.5e+04      2227  2262.2  2262.2     2182     465     465    1717
         371    1.5e+04      2227  2262.2  2262.5     2192     462     462    1730
         372    1.5e+04      2227  2262.2  2262.8     2220     463     463    1757
         373    1.5e+04      2227  2262.2  2262.5     2226     462     462    1764
         374    1.5e+04      2227  2262.2  2262.6     2217     463     463    1754
         375    1.5e+04      2227  2262.2  2262.4     2207     463     463    1744
    *    376    1.5e+04      2228  2262.2  2262.4     2228     463     463    1765
    *    377    1.5e+04      2234  2262.2  2262.5     2234     462     462    1772
         378    1.5e+04      2234  2262.2  2262.5     2226     463     463    1763
         379    1.5e+04      2234  2262.2  2262.5     2231     462     462    1769
         380    1.5e+04      2234  2262.2  2262.5     2229     463     463    1766
         381    1.5e+04      2234  2262.2  2262.3     2233     462     462    1771
         382    1.5e+04      2234  2262.2  2262.5     2230     463     463    1767
         383    1.5e+04      2234  2262.2  2262.5     2228     462     462    1766
         384    1.5e+04      2234  2262.2  2262.8     2228     463     463    1765
         385    1.5e+04      2234  2262.2  2262.7     2233     462     462    1771
         386    1.5e+04      2234  2262.2  2262.5     2228     463     463    1765
         387    1.5e+04      2234  2262.2  2262.7     2231     462     462    1769
         388    1.5e+04      2234  2262.2  2262.9     2228     463     463    1765
         389    1.5e+04      2234  2262.2  2262.4     2231     462     462    1769
         390    1.5e+04      2234  2262.2  2262.5     2226     463     463    1763
         391    1.5e+04      2234  2262.2  2262.4     2197     463     463    1734
         392    1.5e+04      2234  2262.2  2262.6     2230     463     463    1767
         393    1.5e+04      2234  2262.2  2262.9     2234     462     462    1772
         394    1.5e+04      2234  2262.1  2262.1     2231     463     463    1768
         395    1.5e+04      2234  2262.1    2263     2233     462     462    1771
         396    1.5e+04      2234  2262.1  2262.4     2230     463     463    1767
         397    1.5e+04      2234  2262.1  2262.9     2234     462     462    1772
         398    1.5e+04      2234    2262    2262     2225     463     463    1762
         399    1.5e+04      2234    2262  2262.9     2228     462     462    1766
         400    1.5e+04      2234    2262  2262.1     2141     463     463    1678
         401    1.6e+04      2234    2262  2263.5     2200     464     464    1736
         402    1.6e+04      2234    2262  2263.2     2183     464     464    1719
         403    1.6e+04      2234    2262  2264.1     2092     464     464    1628
         404    1.6e+04      2234    2262  2262.5     2167     463     463    1704
         405    1.6e+04      2234    2262  2263.7     2185     464     464    1721
         406    1.6e+04      2234    2262  2262.3     2167     463     463    1704
         407    1.6e+04      2234    2262  2263.3     2157     463     463    1694
         408    1.6e+04      2234    2262    2262     2142     463     463    1679
         409    1.6e+04      2234    2262  2262.6     2159     463     463    1696
         410    1.6e+04      2234  2261.3  2261.3     2089     464     464    1625
         411    1.6e+04      2234  2261.3    2265     2117     463     463    1654
         412    1.6e+04      2234  2261.2  2261.2     2202     463     463    1739
         413    1.6e+04      2234  2261.2  2263.6     2221     463     463    1758
         414    1.6e+04      2234  2261.2  2262.3     2217     462     462    1755
         415    1.6e+04      2234  2261.2  2263.4     2231     463     463    1768
         416    1.6e+04      2234  2261.1  2261.1     2224     462     462    1762
         417    1.6e+04      2234  2261.1  2263.7     2228     463     463    1765
         418    1.6e+04      2234  2261.1  2261.5     2223     462     462    1761
         419    1.6e+04      2234  2261.1  2263.9     2233     463     463    1770
         420    1.6e+04      2234  2261.1  2261.3     2226     462     462    1764
         421    1.6e+04      2234  2261.1  2263.9     2233     463     463    1770
         422    1.6e+04      2234  2261.1  2261.5     2224     462     462    1762
         423    1.6e+04      2234  2261.1  2263.8     2232     463     463    1769
         424    1.6e+04      2234  2260.9  2260.9     2230     462     462    1768
         425    1.6e+04      2234  2260.9  2263.4     2233     463     463    1770
         426    1.6e+04      2234  2260.8  2260.8     2229     462     462    1767
         427    1.6e+04      2234  2260.8  2263.8     2215     464     464    1751
         428    1.6e+04      2234  2260.8  2261.2     2214     462     462    1752
         429    1.6e+04      2234  2260.8  2264.1     2216     463     463    1753
         430    1.6e+04      2234  2260.8  2261.4     2221     462     462    1759
         431    1.6e+04      2234  2260.8  2263.6     2193     464     464    1729
         432    1.6e+04      2234  2260.8    2261     2206     462     462    1744
         433    1.6e+04      2234  2260.8    2263     2219     463     463    1756
         434    1.6e+04      2234  2260.8    2262     2215     462     462    1753
         435    1.6e+04      2234  2260.8  2263.9     2232     463     463    1769
         436    1.6e+04      2234  2260.8  2262.2     2228     462     462    1766
         437    1.6e+04      2234  2260.8  2263.5     2233     463     463    1770
         438    1.6e+04      2234  2260.8  2261.6     2227     462     462    1765
    *    439    1.6e+04      2235  2260.8  2263.5     2235     463     463    1772
         440    1.6e+04      2235  2260.8  2261.4     2231     462     462    1769
         441    1.6e+04      2235  2260.8  2263.6     2230     463     463    1767
         442    1.6e+04      2235  2260.8  2261.5     2225     462     462    1763
         443    1.6e+04      2235  2260.8  2263.6     2232     463     463    1769
         444    1.6e+04      2235  2260.8  2261.3     2227     462     462    1765
         445    1.6e+04      2235  2260.8  2263.8     2233     463     463    1770
         446    1.6e+04      2235  2260.8  2261.4     2222     462     462    1760
         447    1.6e+04      2235  2260.8  2263.6     2232     463     463    1769
         448    1.6e+04      2235  2260.8  2261.5     2223     463     463    1760
         449    1.6e+04      2235  2260.8  2263.4     2230     463     463    1767
         450    1.6e+04      2235  2260.8  2261.1     2225     462     462    1763
         451    1.6e+04      2235  2260.8  2263.1     2233     463     463    1770
               reducing step to 0.05
         452    1.6e+04      2235    2257    2257     2208     463     463    1745
         453    1.6e+04      2235  2255.5  2255.5     2224     463     463    1761
    *    454    1.6e+04      2236  2255.5  2256.3     2236     463     463    1773
         455    1.6e+04      2236 2255.15 2255.15     2232     463     463    1769
         456    1.6e+04      2236 2255.15    2256     2222     463     463    1759
         457    1.6e+04      2236 2255.15  2255.2     2232     463     463    1769
         458    1.6e+04      2236 2255.15 2255.55     2232     462     462    1770
         459    1.6e+04      2236 2255.15  2255.8     2226     463     463    1763
         460    1.6e+04      2236 2255.15 2255.65     2236     462     462    1774
         461    1.6e+04      2236 2255.15  2255.9     2235     463     463    1772
         462    1.6e+04      2236 2255.15  2255.7     2232     462     462    1770
         463    1.6e+04      2236 2255.15  2255.7     2234     463     463    1771
         464    1.6e+04      2236 2255.15  2255.7     2236     462     462    1774
         465    1.6e+04      2236 2255.15 2255.85     2234     463     463    1771
         466    1.6e+04      2236 2255.15 2255.65     2232     462     462    1770
         467    1.6e+04      2236 2255.15 2255.75     2233     463     463    1770
         468    1.6e+04      2236 2255.15  2255.6     2233     462     462    1771
         469    1.6e+04      2236 2255.15  2255.8     2227     463     463    1764
         470    1.6e+04      2236 2255.15  2255.7     2232     462     462    1770
         471    1.6e+04      2236 2255.15  2255.7     2231     463     463    1768
         472    1.6e+04      2236 2255.15  2255.7     2233     462     462    1771
         473    1.6e+04      2236 2255.15  2255.8     2231     463     463    1768
         474    1.6e+04      2236 2255.15  2255.6     2231     462     462    1769
         475    1.6e+04      2236 2255.15 2255.85     2233     463     463    1770
         476    1.6e+04      2236 2255.15  2255.6     2227     462     462    1765
         477    1.6e+04      2236 2255.15 2255.85     2232     463     463    1769
         478    1.6e+04      2236 2255.15  2255.4     2230     462     462    1768
         479    1.6e+04      2236 2255.15  2255.8     2232     463     463    1769
         480    1.6e+04      2236 2255.15  2255.4     2232     462     462    1770
               reducing step to 0.025
         481    1.6e+04      2236 2254.08 2254.08     2212     464     464    1748
         482    1.6e+04      2236  2252.8  2252.8     2187     463     463    1724
    *    483    1.6e+04      2237  2252.8 2253.53     2237     463     463    1774
         484    1.6e+04      2237  2252.8 2252.95     2184     464     464    1720
         485    1.6e+04      2237  2252.8 2253.35     2234     463     463    1771
    *    486    1.6e+04      2238 2252.75 2252.75     2238     463     463    1775
         487    1.6e+04      2238 2252.75  2253.3     2227     463     463    1764
         488    1.6e+04      2238 2252.68 2252.68     2238     463     463    1775
         489    1.6e+04      2238 2252.68 2253.27     2236     463     463    1773
         490    1.6e+04      2238 2252.68 2252.68     2238     463     463    1775
         491    1.6e+04      2238 2252.68 2253.27     2232     463     463    1769
         492    1.6e+04      2238  2252.6  2252.6     2236     463     463    1773
         493    1.6e+04      2238  2252.6 2253.27     2231     463     463    1768
         494    1.6e+04      2238  2252.6 2252.67     2236     463     463    1773
         495    1.6e+04      2238  2252.6  2253.3     2236     463     463    1773
    *    496    1.6e+04      2240  2252.6  2252.6     2240     463     463    1777
         497    1.6e+04      2240  2252.6 2253.27     2238     463     463    1775
         498    1.6e+04      2240 2252.55 2252.55     2240     463     463    1777
         499    1.6e+04      2240 2252.55  2253.2     2238     463     463    1775
         500    1.6e+04      2240 2252.52 2252.52     2240     463     463    1777
         501    1.6e+04      2240 2252.52  2253.2     2236     463     463    1773
         502    1.6e+04      2240 2252.52 2252.58     2239     463     463    1776
         503    1.6e+04      2240 2252.52  2253.2     2237     463     463    1774
    *    504    1.6e+04      2241  2252.5  2252.5     2241     463     463    1778
         505    1.6e+04      2241  2252.5 2253.17     2238     463     463    1775
         506    1.6e+04      2241  2252.5 2252.52     2240     463     463    1777
         507    1.6e+04      2241  2252.5 2253.25     2237     463     463    1774
         508    1.6e+04      2241 2252.47 2252.47     2241     463     463    1778
         509    1.6e+04      2241 2252.47 2253.17     2238     463     463    1775
         510    1.6e+04      2241 2252.47 2252.52     2240     463     463    1777
         511    1.6e+04      2241 2252.47 2253.17     2237     463     463    1774
         512    1.6e+04      2241 2252.47 2252.52     2241     463     463    1778
         513    1.6e+04      2241 2252.47 2253.17     2238     463     463    1775
         514    1.6e+04      2241 2252.47  2252.5     2240     463     463    1777
         515    1.6e+04      2241 2252.47  2253.2     2237     463     463    1774
         516    1.6e+04      2241 2252.47 2252.57     2239     463     463    1776
         517    1.6e+04      2241 2252.47 2253.25     2236     463     463    1773
         518    1.6e+04      2241 2252.47 2252.57     2238     463     463    1775
         519    1.6e+04      2241 2252.47 2253.22     2237     463     463    1774
         520    1.6e+04      2241 2252.47 2252.55     2239     463     463    1776
         521    1.6e+04      2241 2252.47 2253.22     2236     463     463    1773
         522    1.6e+04      2241 2252.47 2252.55     2238     463     463    1775
         523    1.6e+04      2241 2252.47 2253.17     2236     463     463    1773
         524    1.6e+04      2241 2252.47 2252.65     2238     463     463    1775
         525    1.6e+04      2241 2252.47 2253.17     2236     463     463    1773
         526    1.6e+04      2241 2252.47 2252.55     2238     463     463    1775
         527    1.6e+04      2241 2252.47 2252.85     2236     463     463    1773
         528    1.6e+04      2241 2252.47 2252.92     2239     463     463    1776
         529    1.6e+04      2241 2252.47 2252.85     2236     463     463    1773
         530    1.6e+04      2241 2252.47 2252.87     2238     463     463    1775
         531    1.6e+04      2241 2252.47 2252.82     2236     463     463    1773
         532    1.6e+04      2241 2252.47 2252.52     2238     463     463    1775
         533    1.6e+04      2241 2252.47 2253.07     2237     463     463    1774
               reducing step to 0.0125
         534    1.6e+04      2241 2252.39 2252.39     2231     463     463    1768
         535    1.6e+04      2241 2251.75 2251.75     2238     463     463    1775
         536    1.6e+04      2241 2251.75 2252.25     2239     463     463    1776
         537    1.6e+04      2241 2251.69 2251.69     2240     463     463    1777
         538    1.6e+04      2241 2251.69 2252.11     2240     463     463    1777
         539    1.6e+04      2241 2251.64 2251.64     2240     463     463    1777
         540    1.6e+04      2241 2251.64 2252.12     2240     463     463    1777
         541    1.6e+04      2241 2251.64 2251.64     2241     463     463    1778
         542    1.6e+04      2241 2251.64 2252.05     2240     463     463    1777
         543    1.6e+04      2241 2251.64 2251.64     2241     463     463    1778
         544    1.6e+04      2241 2251.64 2252.11     2240     463     463    1777
         545    1.6e+04      2241 2251.64 2251.64     2240     463     463    1777
         546    1.6e+04      2241 2251.64 2252.11     2240     463     463    1777
         547    1.6e+04      2241 2251.64 2251.64     2241     463     463    1778
         548    1.6e+04      2241 2251.64 2252.11     2240     463     463    1777
         549    1.6e+04      2241 2251.64 2251.64     2240     463     463    1777
         550    1.6e+04      2241 2251.64 2252.11     2240     463     463    1777
         551    1.6e+04      2241 2251.64 2251.64     2241     463     463    1778
         552    1.6e+04      2241 2251.64 2252.11     2240     463     463    1777
         553    1.6e+04      2241 2251.64 2251.64     2240     463     463    1777
         554    1.6e+04      2241 2251.64 2252.11     2240     463     463    1777
         555    1.6e+04      2241 2251.64 2251.64     2241     463     463    1778
         556    1.6e+04      2241 2251.64 2252.11     2240     463     463    1777
         557    1.6e+04      2241 2251.64 2251.64     2240     463     463    1777
         558    1.6e+04      2241 2251.64 2252.11     2240     463     463    1777
         559    1.6e+04      2241 2251.64 2251.64     2241     463     463    1778
         560    1.6e+04      2241 2251.64 2252.11     2240     463     463    1777
         561    1.6e+04      2241 2251.64 2251.64     2240     463     463    1777
         562    1.6e+04      2241 2251.64 2252.11     2240     463     463    1777
         563    1.6e+04      2241 2251.64 2251.64     2241     463     463    1778
         564    1.6e+04      2241 2251.64 2252.11     2240     463     463    1777
               reducing step to 0.00625
         565    1.6e+04      2241 2251.64 2251.67     2239     463     463    1776
    *    566    1.6e+04      2243 2251.38 2251.38     2243     463     463    1780
    *    567    1.6e+04      2244 2251.32 2251.32     2244     463     463    1781
         568    1.6e+04      2244 2251.31 2251.31     2242     463     463    1779
         569    1.6e+04      2244 2251.31 2251.36     2241     463     463    1778
         570    1.6e+04      2244 2251.29 2251.29     2241     463     463    1778
         571    1.6e+04      2244 2251.29  2251.4     2241     463     463    1778
         572    1.6e+04      2244 2251.28 2251.28     2241     463     463    1778
         573    1.6e+04      2244 2251.28 2251.41     2241     463     463    1778
         574    1.6e+04      2244 2251.28 2251.28     2241     463     463    1778
         575    1.6e+04      2244 2251.28 2251.41     2241     463     463    1778
         576    1.6e+04      2244 2251.28 2251.28     2241     463     463    1778
         577    1.6e+04      2244 2251.28 2251.41     2241     463     463    1778
         578    1.6e+04      2244 2251.28 2251.28     2241     463     463    1778
         579    1.6e+04      2244 2251.28 2251.41     2241     463     463    1778
         580    1.6e+04      2244 2251.28 2251.28     2241     463     463    1778
         581    1.6e+04      2244 2251.28 2251.41     2241     463     463    1778
         582    1.6e+04      2244 2251.28 2251.28     2241     463     463    1778
         583    1.6e+04      2244 2251.28 2251.41     2241     463     463    1778
         584    1.6e+04      2244 2251.28 2251.28     2241     463     463    1778
         585    1.6e+04      2244 2251.28 2251.41     2241     463     463    1778
         586    1.6e+04      2244 2251.28 2251.28     2241     463     463    1778
         587    1.6e+04      2244 2251.28 2251.41     2241     463     463    1778
         588    1.6e+04      2244 2251.28 2251.28     2241     463     463    1778
         589    1.6e+04      2244 2251.28 2251.41     2241     463     463    1778
         590    1.6e+04      2244 2251.28 2251.28     2241     463     463    1778
         591    1.6e+04      2244 2251.28 2251.41     2241     463     463    1778
         592    1.6e+04      2244 2251.28 2251.28     2241     463     463    1778
         593    1.6e+04      2244 2251.28 2251.41     2241     463     463    1778
         594    1.6e+04      2244 2251.28 2251.28     2241     463     463    1778
         595    1.6e+04      2244 2251.28 2251.41     2241     463     463    1778
         596    1.6e+04      2244 2251.28 2251.28     2241     463     463    1778
         597    1.6e+04      2244 2251.28 2251.41     2241     463     463    1778
               reducing step to 0.003125
         598    1.6e+04      2244 2251.25 2251.25     2244     463     463    1781
    *    599    1.6e+04      2245 2251.18 2251.18     2245     463     463    1782
         600    1.6e+04      2245 2251.18 2251.22     2245     463     463    1782
         601    1.6e+04      2245 2251.17 2251.17     2242     463     463    1779
         602    1.6e+04      2245 2251.17 2251.23     2242     463     463    1779
         603    1.6e+04      2245 2251.16 2251.16     2241     463     463    1778
         604    1.6e+04      2245 2251.16 2251.23     2242     463     463    1779
         605    1.6e+04      2245 2251.16 2251.16     2241     463     463    1778
         606    1.6e+04      2245 2251.16 2251.23     2242     463     463    1779
         607    1.6e+04      2245 2251.16 2251.16     2241     463     463    1778
         608    1.6e+04      2245 2251.16 2251.23     2242     463     463    1779
         609    1.6e+04      2245 2251.16 2251.16     2241     463     463    1778
         610    1.6e+04      2245 2251.16 2251.23     2242     463     463    1779
         611    1.6e+04      2245 2251.16 2251.16     2241     463     463    1778
         612    1.6e+04      2245 2251.16 2251.23     2242     463     463    1779
         613    1.6e+04      2245 2251.16 2251.16     2241     463     463    1778
         614    1.6e+04      2245 2251.16 2251.23     2242     463     463    1779
         615    1.6e+04      2245 2251.16 2251.16     2241     463     463    1778
         616    1.6e+04      2245 2251.16 2251.23     2242     463     463    1779
         617    1.6e+04      2245 2251.16 2251.16     2241     463     463    1778
         618    1.6e+04      2245 2251.16 2251.23     2242     463     463    1779
         619    1.6e+04      2245 2251.16 2251.16     2241     463     463    1778
         620    1.6e+04      2245 2251.16 2251.23     2242     463     463    1779
         621    1.6e+04      2245 2251.16 2251.16     2241     463     463    1778
         622    1.6e+04      2245 2251.16 2251.23     2242     463     463    1779
         623    1.6e+04      2245 2251.16 2251.16     2241     463     463    1778
         624    1.6e+04      2245 2251.16 2251.23     2242     463     463    1779
         625    1.6e+04      2245 2251.16 2251.16     2241     463     463    1778
         626    1.6e+04      2245 2251.16 2251.23     2242     463     463    1779
         627    1.6e+04      2245 2251.16 2251.16     2241     463     463    1778
         628    1.6e+04      2245 2251.16 2251.23     2242     463     463    1779
               reducing step to 0.0015625
         629    1.6e+04      2245 2251.14 2251.14     2242     463     463    1779
         630    1.6e+04      2245 2251.09 2251.09     2245     463     463    1782
         631    1.6e+04      2245 2251.09 2251.11     2244     463     463    1781
         632    1.6e+04      2245 2251.08 2251.08     2242     463     463    1779
         633    1.6e+04      2245 2251.08  2251.1     2241     463     463    1778
         634    1.6e+04      2245 2251.07 2251.07     2241     463     463    1778
         635    1.6e+04      2245 2251.07  2251.1     2241     463     463    1778
         636    1.6e+04      2245 2251.07 2251.07     2241     463     463    1778
         637    1.6e+04      2245 2251.07  2251.1     2241     463     463    1778
         638    1.6e+04      2245 2251.07 2251.07     2241     463     463    1778
         639    1.6e+04      2245 2251.07  2251.1     2241     463     463    1778
         640    1.6e+04      2245 2251.07 2251.07     2241     463     463    1778
         641    1.6e+04      2245 2251.07  2251.1     2241     463     463    1778
         642    1.6e+04      2245 2251.07 2251.07     2241     463     463    1778
         643    1.6e+04      2245 2251.07  2251.1     2241     463     463    1778
         644    1.6e+04      2245 2251.07 2251.07     2241     463     463    1778
         645    1.6e+04      2245 2251.07  2251.1     2241     463     463    1778
         646    1.6e+04      2245 2251.07 2251.07     2241     463     463    1778
         647    1.6e+04      2245 2251.07  2251.1     2241     463     463    1778
         648    1.6e+04      2245 2251.07 2251.07     2241     463     463    1778
         649    1.6e+04      2245 2251.07  2251.1     2241     463     463    1778
         650    1.6e+04      2245 2251.07 2251.07     2241     463     463    1778
         651    1.6e+04      2245 2251.07  2251.1     2241     463     463    1778
         652    1.6e+04      2245 2251.07 2251.07     2241     463     463    1778
         653    1.6e+04      2245 2251.07  2251.1     2241     463     463    1778
         654    1.6e+04      2245 2251.07 2251.07     2241     463     463    1778
         655    1.6e+04      2245 2251.07  2251.1     2241     463     463    1778
         656    1.6e+04      2245 2251.07 2251.07     2241     463     463    1778
         657    1.6e+04      2245 2251.07  2251.1     2241     463     463    1778
         658    1.6e+04      2245 2251.07 2251.07     2241     463     463    1778
         659    1.6e+04      2245 2251.07  2251.1     2241     463     463    1778
               reducing step to 0.00078125
         660    1.6e+04      2245 2251.06 2251.06     2244     463     463    1781
         661    1.6e+04      2245 2251.04 2251.04     2245     463     463    1782
         662    1.6e+04      2245 2251.04 2251.06     2245     463     463    1782
         663    1.6e+04      2245 2251.04 2251.04     2242     463     463    1779
         664    1.6e+04      2245 2251.04 2251.06     2242     463     463    1779
         665    1.6e+04      2245 2251.04 2251.04     2241     463     463    1778
         666    1.6e+04      2245 2251.04 2251.06     2242     463     463    1779
         667    1.6e+04      2245 2251.04 2251.04     2241     463     463    1778
         668    1.6e+04      2245 2251.04 2251.06     2242     463     463    1779
         669    1.6e+04      2245 2251.04 2251.04     2241     463     463    1778
         670    1.6e+04      2245 2251.04 2251.06     2242     463     463    1779
         671    1.6e+04      2245 2251.04 2251.04     2241     463     463    1778
         672    1.6e+04      2245 2251.04 2251.06     2242     463     463    1779
         673    1.6e+04      2245 2251.04 2251.04     2241     463     463    1778
         674    1.6e+04      2245 2251.04 2251.06     2242     463     463    1779
         675    1.6e+04      2245 2251.04 2251.04     2241     463     463    1778
         676    1.6e+04      2245 2251.04 2251.06     2242     463     463    1779
         677    1.6e+04      2245 2251.04 2251.04     2241     463     463    1778
         678    1.6e+04      2245 2251.04 2251.06     2242     463     463    1779
         679    1.6e+04      2245 2251.04 2251.04     2241     463     463    1778
         680    1.6e+04      2245 2251.04 2251.06     2242     463     463    1779
         681    1.6e+04      2245 2251.04 2251.04     2241     463     463    1778
         682    1.6e+04      2245 2251.04 2251.06     2242     463     463    1779
         683    1.6e+04      2245 2251.04 2251.04     2241     463     463    1778
         684    1.6e+04      2245 2251.04 2251.06     2242     463     463    1779
         685    1.6e+04      2245 2251.04 2251.04     2241     463     463    1778
         686    1.6e+04      2245 2251.04 2251.06     2242     463     463    1779
         687    1.6e+04      2245 2251.04 2251.04     2241     463     463    1778
         688    1.6e+04      2245 2251.04 2251.06     2242     463     463    1779
         689    1.6e+04      2245 2251.04 2251.04     2241     463     463    1778
         690    1.6e+04      2245 2251.04 2251.06     2242     463     463    1779
               reducing step to 0.000390625
         691    1.6e+04      2245 2251.03 2251.03     2244     463     463    1781
         692    1.6e+04      2245 2251.02 2251.02     2244     463     463    1781
         693    1.6e+04      2245 2251.02 2251.02     2244     463     463    1781
         694    1.6e+04      2245 2251.02 2251.02     2240     463     463    1777
         695    1.6e+04      2245 2251.02 2251.02     2242     463     463    1779
         696    1.6e+04      2245 2251.02 2251.02     2241     463     463    1778
         697    1.6e+04      2245 2251.02 2251.02     2242     463     463    1779
         698    1.6e+04      2245 2251.02 2251.02     2239     463     463    1776
         699    1.6e+04      2245 2251.02 2251.02     2242     463     463    1779
         700    1.6e+04      2245 2251.02 2251.02     2241     463     463    1778
         701    1.6e+04      2245 2251.02 2251.02     2242     463     463    1779
         702    1.6e+04      2245 2251.02 2251.02     2239     463     463    1776
         703    1.6e+04      2245 2251.02 2251.02     2242     463     463    1779
         704    1.6e+04      2245 2251.02 2251.02     2241     463     463    1778
         705    1.6e+04      2245 2251.02 2251.02     2242     463     463    1779
         706    1.6e+04      2245 2251.02 2251.02     2239     463     463    1776
         707    1.6e+04      2245 2251.02 2251.02     2242     463     463    1779
         708    1.6e+04      2245 2251.02 2251.02     2241     463     463    1778
         709    1.6e+04      2245 2251.02 2251.02     2242     463     463    1779
         710    1.6e+04      2245 2251.02 2251.02     2239     463     463    1776
         711    1.6e+04      2245 2251.02 2251.02     2242     463     463    1779
         712    1.6e+04      2245 2251.02 2251.02     2241     463     463    1778
         713    1.6e+04      2245 2251.02 2251.02     2242     463     463    1779
         714    1.6e+04      2245 2251.02 2251.02     2239     463     463    1776
         715    1.6e+04      2245 2251.02 2251.02     2242     463     463    1779
         716    1.6e+04      2245 2251.02 2251.02     2241     463     463    1778
         717    1.6e+04      2245 2251.02 2251.02     2242     463     463    1779
         718    1.6e+04      2245 2251.02 2251.02     2239     463     463    1776
         719    1.6e+04      2245 2251.02 2251.02     2242     463     463    1779
         720    1.6e+04      2245 2251.02 2251.02     2241     463     463    1778
         721    1.6e+04      2245 2251.02 2251.02     2242     463     463    1779
         722    1.6e+04      2245 2251.02 2251.02     2239     463     463    1776
         723    1.6e+04      2245 2251.02 2251.02     2242     463     463    1779
               reducing step to 0.000195313
    *    724    1.6e+04      2246 2251.02 2251.02     2246     463     463    1783
         725    1.6e+04      2246 2251.01 2251.01     2245     463     463    1782
         726    1.6e+04      2246 2251.01 2251.01     2245     463     463    1782
         727    1.6e+04      2246 2251.01 2251.01     2243     463     463    1780
         728    1.6e+04      2246 2251.01 2251.01     2241     463     463    1778
         729    1.6e+04      2246 2251.01 2251.01     2242     463     463    1779
         730    1.6e+04      2246 2251.01 2251.01     2242     463     463    1779
         731    1.6e+04      2246 2251.01 2251.01     2242     463     463    1779
         732    1.6e+04      2246 2251.01 2251.01     2240     463     463    1777
         733    1.6e+04      2246 2251.01 2251.01     2242     463     463    1779
         734    1.6e+04      2246 2251.01 2251.01     2242     463     463    1779
         735    1.6e+04      2246 2251.01 2251.01     2242     463     463    1779
         736    1.6e+04      2246 2251.01 2251.01     2240     463     463    1777
         737    1.6e+04      2246 2251.01 2251.01     2242     463     463    1779
         738    1.6e+04      2246 2251.01 2251.01     2242     463     463    1779
         739    1.6e+04      2246 2251.01 2251.01     2242     463     463    1779
         740    1.6e+04      2246 2251.01 2251.01     2240     463     463    1777
         741    1.6e+04      2246 2251.01 2251.01     2242     463     463    1779
         742    1.6e+04      2246 2251.01 2251.01     2242     463     463    1779
         743    1.6e+04      2246 2251.01 2251.01     2242     463     463    1779
         744    1.6e+04      2246 2251.01 2251.01     2240     463     463    1777
         745    1.6e+04      2246 2251.01 2251.01     2242     463     463    1779
         746    1.6e+04      2246 2251.01 2251.01     2242     463     463    1779
         747    1.6e+04      2246 2251.01 2251.01     2242     463     463    1779
         748    1.6e+04      2246 2251.01 2251.01     2240     463     463    1777
         749    1.6e+04      2246 2251.01 2251.01     2242     463     463    1779
         750    1.6e+04      2246 2251.01 2251.01     2242     463     463    1779
         751    1.6e+04      2246 2251.01 2251.01     2242     463     463    1779
         752    1.6e+04      2246 2251.01 2251.01     2240     463     463    1777
         753    1.6e+04      2246 2251.01 2251.01     2242     463     463    1779
         754    1.6e+04      2246 2251.01 2251.01     2242     463     463    1779
               reducing step to 9.76563e-05
         755    1.6e+04      2246 2251.01 2251.01     2245     463     463    1782
         756    1.6e+04      2246 2251.01 2251.01     2245     463     463    1782
         757    1.6e+04      2246 2251.01 2251.01     2243     463     463    1780
         758    1.6e+04      2246    2251    2251     2242     463     463    1779
         759    1.6e+04      2246    2251 2251.01     2241     463     463    1778
         760    1.6e+04      2246    2251    2251     2241     463     463    1778
         761    1.6e+04      2246    2251 2251.01     2241     463     463    1778
         762    1.6e+04      2246    2251    2251     2241     463     463    1778
         763    1.6e+04      2246    2251 2251.01     2241     463     463    1778
         764    1.6e+04      2246    2251    2251     2241     463     463    1778
         765    1.6e+04      2246    2251 2251.01     2241     463     463    1778
         766    1.6e+04      2246    2251    2251     2241     463     463    1778
         767    1.6e+04      2246    2251 2251.01     2241     463     463    1778
         768    1.6e+04      2246    2251    2251     2241     463     463    1778
         769    1.6e+04      2246    2251 2251.01     2241     463     463    1778
         770    1.6e+04      2246    2251    2251     2241     463     463    1778
         771    1.6e+04      2246    2251 2251.01     2241     463     463    1778
         772    1.6e+04      2246    2251    2251     2241     463     463    1778
         773    1.6e+04      2246    2251 2251.01     2241     463     463    1778
         774    1.6e+04      2246    2251    2251     2241     463     463    1778
         775    1.6e+04      2246    2251 2251.01     2241     463     463    1778
         776    1.6e+04      2246    2251    2251     2241     463     463    1778
         777    1.6e+04      2246    2251 2251.01     2241     463     463    1778
         778    1.6e+04      2246    2251    2251     2241     463     463    1778
         779    1.6e+04      2246    2251 2251.01     2241     463     463    1778
         780    1.6e+04      2246    2251    2251     2241     463     463    1778
         781    1.6e+04      2246    2251 2251.01     2241     463     463    1778
         782    1.6e+04      2246    2251    2251     2241     463     463    1778
         783    1.6e+04      2246    2251 2251.01     2241     463     463    1778
         784    1.6e+04      2246    2251    2251     2241     463     463    1778
         785    1.6e+04      2246    2251 2251.01     2241     463     463    1778
               reducing step to 4.88281e-05
    *    786    1.6e+04      2247    2251    2251     2247     463     463    1784
         787    1.6e+04      2247    2251    2251     2245     463     463    1782
         788    1.6e+04      2247    2251    2251     2244     463     463    1781
         789    1.6e+04      2247    2251    2251     2242     463     463    1779
         790    1.6e+04      2247    2251    2251     2242     463     463    1779
         791    1.6e+04      2247    2251    2251     2241     463     463    1778
         792    1.6e+04      2247    2251    2251     2242     463     463    1779
         793    1.6e+04      2247    2251    2251     2241     463     463    1778
         794    1.6e+04      2247    2251    2251     2242     463     463    1779
         795    1.6e+04      2247    2251    2251     2241     463     463    1778
         796    1.6e+04      2247    2251    2251     2242     463     463    1779
         797    1.6e+04      2247    2251    2251     2241     463     463    1778
         798    1.6e+04      2247    2251    2251     2242     463     463    1779
         799    1.6e+04      2247    2251    2251     2241     463     463    1778
         800    1.6e+04      2247    2251    2251     2242     463     463    1779
         801    1.6e+04      2247    2251    2251     2241     463     463    1778
         802    1.6e+04      2247    2251    2251     2242     463     463    1779
         803    1.6e+04      2247    2251    2251     2241     463     463    1778
         804    1.6e+04      2247    2251    2251     2242     463     463    1779
         805    1.6e+04      2247    2251    2251     2241     463     463    1778
         806    1.6e+04      2247    2251    2251     2242     463     463    1779
         807    1.6e+04      2247    2251    2251     2241     463     463    1778
         808    1.6e+04      2247    2251    2251     2242     463     463    1779
         809    1.6e+04      2247    2251    2251     2241     463     463    1778
         810    1.6e+04      2247    2251    2251     2242     463     463    1779
         811    1.6e+04      2247    2251    2251     2241     463     463    1778
         812    1.6e+04      2247    2251    2251     2242     463     463    1779
         813    1.6e+04      2247    2251    2251     2241     463     463    1778
         814    1.6e+04      2247    2251    2251     2242     463     463    1779
         815    1.6e+04      2247    2251    2251     2241     463     463    1778
         816    1.6e+04      2247    2251    2251     2242     463     463    1779
               reducing step to 2.44141e-05
         817    1.6e+04      2247    2251    2251     2247     463     463    1784
         818    1.6e+04      2247    2251    2251     2245     463     463    1782
         819    1.6e+04      2247    2251    2251     2244     463     463    1781
         820    1.6e+04      2247    2251    2251     2240     463     463    1777
         821    1.6e+04      2247    2251    2251     2244     463     463    1781
         822    1.6e+04      2247    2251    2251     2240     463     463    1777
         823    1.6e+04      2247    2251    2251     2243     463     463    1780
         824    1.6e+04      2247    2251    2251     2238     463     463    1775
         825    1.6e+04      2247    2251    2251     2243     463     463    1780
         826    1.6e+04      2247    2251    2251     2240     463     463    1777
         827    1.6e+04      2247    2251    2251     2243     463     463    1780
         828    1.6e+04      2247    2251    2251     2238     463     463    1775
         829    1.6e+04      2247    2251    2251     2243     463     463    1780
         830    1.6e+04      2247    2251    2251     2240     463     463    1777
         831    1.6e+04      2247    2251    2251     2243     463     463    1780
         832    1.6e+04      2247    2251    2251     2238     463     463    1775
         833    1.6e+04      2247    2251    2251     2243     463     463    1780
         834    1.6e+04      2247    2251    2251     2240     463     463    1777
         835    1.6e+04      2247    2251    2251     2243     463     463    1780
         836    1.6e+04      2247    2251    2251     2238     463     463    1775
         837    1.6e+04      2247    2251    2251     2243     463     463    1780
         838    1.6e+04      2247    2251    2251     2240     463     463    1777
         839    1.6e+04      2247    2251    2251     2243     463     463    1780
         840    1.6e+04      2247    2251    2251     2238     463     463    1775
         841    1.6e+04      2247    2251    2251     2243     463     463    1780
         842    1.6e+04      2247    2251    2251     2240     463     463    1777
         843    1.6e+04      2247    2251    2251     2243     463     463    1780
         844    1.6e+04      2247    2251    2251     2238     463     463    1775
         845    1.6e+04      2247    2251    2251     2243     463     463    1780
         846    1.6e+04      2247    2251    2251     2240     463     463    1777
         847    1.6e+04      2247    2251    2251     2243     463     463    1780
         848    1.6e+04      2247    2251    2251     2238     463     463    1775
         849    1.6e+04      2247    2251    2251     2243     463     463    1780
               reducing step to 1.2207e-05
    *    850    1.6e+04      2248    2251    2251     2248     463     463    1785
         851    1.6e+04      2248    2251    2251     2245     463     463    1782
         852    1.6e+04      2248    2251    2251     2245     463     463    1782
         853    1.6e+04      2248    2251    2251     2243     463     463    1780
         854    1.6e+04      2248    2251    2251     2242     463     463    1779
         855    1.6e+04      2248    2251    2251     2242     463     463    1779
         856    1.6e+04      2248    2251    2251     2243     463     463    1780
         857    1.6e+04      2248    2251    2251     2242     463     463    1779
         858    1.6e+04      2248    2251    2251     2240     463     463    1777
         859    1.6e+04      2248    2251    2251     2243     463     463    1780
         860    1.6e+04      2248    2251    2251     2242     463     463    1779
         861    1.6e+04      2248    2251    2251     2242     463     463    1779
         862    1.6e+04      2248    2251    2251     2240     463     463    1777
         863    1.6e+04      2248    2251    2251     2242     463     463    1779
         864    1.6e+04      2248    2251    2251     2242     463     463    1779
         865    1.6e+04      2248    2251    2251     2242     463     463    1779
         866    1.6e+04      2248    2251    2251     2240     463     463    1777
         867    1.6e+04      2248    2251    2251     2242     463     463    1779
         868    1.6e+04      2248    2251    2251     2242     463     463    1779
         869    1.6e+04      2248    2251    2251     2242     463     463    1779
         870    1.6e+04      2248    2251    2251     2240     463     463    1777
         871    1.6e+04      2248    2251    2251     2242     463     463    1779
         872    1.6e+04      2248    2251    2251     2242     463     463    1779
         873    1.6e+04      2248    2251    2251     2242     463     463    1779
         874    1.6e+04      2248    2251    2251     2240     463     463    1777
         875    1.6e+04      2248    2251    2251     2242     463     463    1779
         876    1.6e+04      2248    2251    2251     2242     463     463    1779
         877    1.6e+04      2248    2251    2251     2242     463     463    1779
         878    1.6e+04      2248    2251    2251     2240     463     463    1777
         879    1.6e+04      2248    2251    2251     2242     463     463    1779
         880    1.6e+04      2248    2251    2251     2242     463     463    1779
         881    1.6e+04      2248    2251    2251     2242     463     463    1779
         882    1.6e+04      2248    2251    2251     2240     463     463    1777
         883    1.6e+04      2248    2251    2251     2242     463     463    1779
         884    1.6e+04      2248    2251    2251     2242     463     463    1779
               reducing step to 6.10352e-06
         885    1.6e+04      2248    2251    2251     2246     463     463    1783
         886    1.6e+04      2248    2251    2251     2243     463     463    1780
         887    1.6e+04      2248    2251    2251     2244     463     463    1781
         888    1.6e+04      2248    2251    2251     2242     463     463    1779
         889    1.6e+04      2248    2251    2251     2242     463     463    1779
         890    1.6e+04      2248    2251    2251     2241     463     463    1778
         891    1.6e+04      2248    2251    2251     2242     463     463    1779
         892    1.6e+04      2248    2251    2251     2241     463     463    1778
         893    1.6e+04      2248    2251    2251     2241     463     463    1778
         894    1.6e+04      2248    2251    2251     2242     463     463    1779
         895    1.6e+04      2248    2251    2251     2241     463     463    1778
         896    1.6e+04      2248    2251    2251     2241     463     463    1778
         897    1.6e+04      2248    2251    2251     2241     463     463    1778
         898    1.6e+04      2248    2251    2251     2241     463     463    1778
         899    1.6e+04      2248    2251    2251     2241     463     463    1778
         900    1.6e+04      2248    2251    2251     2241     463     463    1778
         901    1.6e+04      2248    2251    2251     2241     463     463    1778
         902    1.6e+04      2248    2251    2251     2241     463     463    1778
         903    1.6e+04      2248    2251    2251     2241     463     463    1778
         904    1.6e+04      2248    2251    2251     2241     463     463    1778
         905    1.6e+04      2248    2251    2251     2241     463     463    1778
         906    1.6e+04      2248    2251    2251     2241     463     463    1778
         907    1.6e+04      2248    2251    2251     2241     463     463    1778
         908    1.6e+04      2248    2251    2251     2241     463     463    1778
         909    1.6e+04      2248    2251    2251     2241     463     463    1778
         910    1.6e+04      2248    2251    2251     2241     463     463    1778
         911    1.6e+04      2248    2251    2251     2241     463     463    1778
         912    1.6e+04      2248    2251    2251     2241     463     463    1778
         913    1.6e+04      2248    2251    2251     2241     463     463    1778
         914    1.6e+04      2248    2251    2251     2241     463     463    1778
         915    1.6e+04      2248    2251    2251     2241     463     463    1778
         916    1.6e+04      2248    2251    2251     2241     463     463    1778
         917    1.6e+04      2248    2251    2251     2241     463     463    1778
               reducing step to 3.05176e-06
         918    1.6e+04      2248    2251    2251     2248     463     463    1785
         919    1.6e+04      2248    2251    2251     2245     463     463    1782
         920    1.6e+04      2248    2251    2251     2244     463     463    1781
         921    1.6e+04      2248    2251    2251     2242     463     463    1779
         922    1.6e+04      2248    2251    2251     2243     463     463    1780
         923    1.6e+04      2248    2251    2251     2241     463     463    1778
         924    1.6e+04      2248    2251    2251     2243     463     463    1780
         925    1.6e+04      2248    2251    2251     2241     463     463    1778
         926    1.6e+04      2248    2251    2251     2242     463     463    1779
         927    1.6e+04      2248    2251    2251     2242     463     463    1779
         928    1.6e+04      2248    2251    2251     2242     463     463    1779
         929    1.6e+04      2248    2251    2251     2241     463     463    1778
         930    1.6e+04      2248    2251    2251     2242     463     463    1779
         931    1.6e+04      2248    2251    2251     2241     463     463    1778
         932    1.6e+04      2248    2251    2251     2242     463     463    1779
         933    1.6e+04      2248    2251    2251     2241     463     463    1778
         934    1.6e+04      2248    2251    2251     2242     463     463    1779
         935    1.6e+04      2248    2251    2251     2241     463     463    1778
         936    1.6e+04      2248    2251    2251     2242     463     463    1779
         937    1.6e+04      2248    2251    2251     2241     463     463    1778
         938    1.6e+04      2248    2251    2251     2242     463     463    1779
         939    1.6e+04      2248    2251    2251     2241     463     463    1778
         940    1.6e+04      2248    2251    2251     2242     463     463    1779
         941    1.6e+04      2248    2251    2251     2241     463     463    1778
         942    1.6e+04      2248    2251    2251     2242     463     463    1779
         943    1.6e+04      2248    2251    2251     2241     463     463    1778
         944    1.6e+04      2248    2251    2251     2242     463     463    1779
         945    1.6e+04      2248    2251    2251     2241     463     463    1778
         946    1.6e+04      2248    2251    2251     2242     463     463    1779
         947    1.6e+04      2248    2251    2251     2241     463     463    1778
         948    1.6e+04      2248    2251    2251     2242     463     463    1779
         949    1.6e+04      2248    2251    2251     2241     463     463    1778
         950    1.6e+04      2248    2251    2251     2242     463     463    1779
               reducing step to 1.52588e-06
         951    1.6e+04      2248    2251    2251     2247     463     463    1784
         952    1.6e+04      2248    2251    2251     2245     463     463    1782
         953    1.6e+04      2248    2251    2251     2244     463     463    1781
         954    1.6e+04      2248    2251    2251     2240     463     463    1777
         955    1.6e+04      2248    2251    2251     2243     463     463    1780
         956    1.6e+04      2248    2251    2251     2241     463     463    1778
         957    1.6e+04      2248    2251    2251     2243     463     463    1780
         958    1.6e+04      2248    2251    2251     2239     463     463    1776
         959    1.6e+04      2248    2251    2251     2242     463     463    1779
         960    1.6e+04      2248    2251    2251     2242     463     463    1779
         961    1.6e+04      2248    2251    2251     2242     463     463    1779
         962    1.6e+04      2248    2251    2251     2239     463     463    1776
         963    1.6e+04      2248    2251    2251     2242     463     463    1779
         964    1.6e+04      2248    2251    2251     2241     463     463    1778
         965    1.6e+04      2248    2251    2251     2242     463     463    1779
         966    1.6e+04      2248    2251    2251     2239     463     463    1776
         967    1.6e+04      2248    2251    2251     2242     463     463    1779
         968    1.6e+04      2248    2251    2251     2241     463     463    1778
         969    1.6e+04      2248    2251    2251     2242     463     463    1779
         970    1.6e+04      2248    2251    2251     2239     463     463    1776
         971    1.6e+04      2248    2251    2251     2242     463     463    1779
         972    1.6e+04      2248    2251    2251     2241     463     463    1778
         973    1.6e+04      2248    2251    2251     2242     463     463    1779
         974    1.6e+04      2248    2251    2251     2239     463     463    1776
         975    1.6e+04      2248    2251    2251     2242     463     463    1779
         976    1.6e+04      2248    2251    2251     2241     463     463    1778
         977    1.6e+04      2248    2251    2251     2242     463     463    1779
         978    1.6e+04      2248    2251    2251     2239     463     463    1776
         979    1.6e+04      2248    2251    2251     2242     463     463    1779
         980    1.6e+04      2248    2251    2251     2241     463     463    1778
         981    1.6e+04      2248    2251    2251     2242     463     463    1779
         982    1.6e+04      2248    2251    2251     2239     463     463    1776
         983    1.6e+04      2248    2251    2251     2242     463     463    1779
               reducing step to 7.62939e-07
         984    1.6e+04      2248    2251    2251     2248     463     463    1785
         985    1.6e+04      2248    2251    2251     2245     463     463    1782
         986    1.6e+04      2248    2251    2251     2245     463     463    1782
         987    1.6e+04      2248    2251    2251     2243     463     463    1780
         988    1.6e+04      2248    2251    2251     2242     463     463    1779
         989    1.6e+04      2248    2251    2251     2242     463     463    1779
         990    1.6e+04      2248    2251    2251     2243     463     463    1780
         991    1.6e+04      2248    2251    2251     2242     463     463    1779
         992    1.6e+04      2248    2251    2251     2240     463     463    1777
         993    1.6e+04      2248    2251    2251     2243     463     463    1780
         994    1.6e+04      2248    2251    2251     2242     463     463    1779
         995    1.6e+04      2248    2251    2251     2242     463     463    1779
         996    1.6e+04      2248    2251    2251     2240     463     463    1777
         997    1.6e+04      2248    2251    2251     2242     463     463    1779
         998    1.6e+04      2248    2251    2251     2242     463     463    1779
         999    1.6e+04      2248    2251    2251     2242     463     463    1779
        1000    1.6e+04      2248    2251    2251     2240     463     463    1777
Total time used by klau is 42.33
true_align (1135) and est_align (463) DO NOT have the same number of elements.
method klau has a score of 26.70%
method klau used 42.329 seconds.
maximum values in init align row is:  1134
maximum values in init align col is:  1134
 best   iter   pr-delta       obj  weight    card overlap
    *      1    4.9e-01    1529.5     465     465    1297
    *      2    1.4e-01    1618.5     465     465    1386
           3    5.0e-02    1609.5     465     465    1377
    *      4    2.0e-02    1624.5     465     465    1392
           5    8.3e-03    1624.5     465     465    1392
    *      6    3.9e-03    1625.5     465     465    1393
           7    1.9e-03    1625.5     465     465    1393
    *      8    1.0e-03    1630.5     465     465    1398
           9    5.4e-04    1630.5     465     465    1398
          10    3.0e-04    1630.5     465     465    1398
          11    1.7e-04    1630.5     465     465    1398
          12    9.7e-05    1630.5     465     465    1398
          13    5.6e-05    1630.5     465     465    1398
          14    3.3e-05    1630.5     465     465    1398
          15    2.0e-05    1630.5     465     465    1398
          16    1.2e-05    1630.5     465     465    1398
          17    7.0e-06    1630.5     465     465    1398
          18    4.2e-06    1630.5     465     465    1398
          19    2.5e-06    1630.5     465     465    1398
          20    1.5e-06    1630.5     465     465    1398
          21    9.4e-07    1630.5     465     465    1398
          22    5.8e-07    1630.5     465     465    1398
          23    3.6e-07    1630.5     465     465    1398
          24    2.2e-07    1630.5     465     465    1398
          25    1.4e-07    1630.5     465     465    1398
          26    8.5e-08    1630.5     465     465    1398
          27    5.3e-08    1630.5     465     465    1398
          28    3.4e-08    1630.5     465     465    1398
          29    2.1e-08    1630.5     465     465    1398
          30    1.3e-08    1630.5     465     465    1398
          31    8.5e-09    1630.5     465     465    1398
          32    5.4e-09    1630.5     465     465    1398
          33    3.4e-09    1630.5     465     465    1398
          34    2.2e-09    1630.5     465     465    1398
          35    1.4e-09    1630.5     465     465    1398
          36    9.1e-10    1630.5     465     465    1398
          37    5.8e-10    1630.5     465     465    1398
          38    3.8e-10    1630.5     465     465    1398
          39    2.4e-10    1630.5     465     465    1398
          40    1.6e-10    1630.5     465     465    1398
          41    1.0e-10    1630.5     465     465    1398
          42    6.7e-11    1630.5     465     465    1398
          43    4.3e-11    1630.5     465     465    1398
          44    2.8e-11    1630.5     465     465    1398
          45    1.9e-11    1630.5     465     465    1398
          46    1.2e-11    1630.5     465     465    1398
          47    7.9e-12    1630.5     465     465    1398
          48    5.2e-12    1630.5     465     465    1398
          49    3.4e-12    1630.5     465     465    1398
          50    2.3e-12    1630.5     465     465    1398
          51    1.5e-12    1630.5     465     465    1398
          52    9.8e-13    1630.5     465     465    1398
Total time used by isorank is 0.75
true_align (1135) and est_align (465) DO NOT have the same number of elements.
method isorank has a score of 8.19%
method isorank used 0.752 seconds.
experiment results:
     method      score       time
0     final  30.132159   3.117478
1  netalign  27.400881   1.877021
2      klau  26.696035  42.328736
3   isorank   8.193833   0.752014
