Permutation sanity check error is 296.0.
Permutation sanity check error is 21376.0.
num_init for this graph is 10
Generating initial alignment matrix using degree ...
mode is  degree
number of noisy edges are:  10
Average number of initial alignments for each node is 20
maximum values in init align row is:  1134
maximum values in init align col is:  1134
Recovering sparse matrix L took 0.01 sec.
Time for degree: 0.01 sec
iteration 1
Time for iteration 1: 0.21 sec, diff = 0.59044
iteration 2
Time for iteration 2: 0.17 sec, diff = 0.06756
iteration 3
Time for iteration 3: 0.15 sec, diff = 0.02009
iteration 4
Time for iteration 4: 0.14 sec, diff = 0.00849
iteration 5
Time for iteration 5: 0.15 sec, diff = 0.00432
iteration 6
Time for iteration 6: 0.14 sec, diff = 0.00244
iteration 7
Time for iteration 7: 0.14 sec, diff = 0.00147
iteration 8
Time for iteration 8: 0.16 sec, diff = 0.00092
iteration 9
Time for iteration 9: 0.14 sec, diff = 0.00059
iteration 10
Time for iteration 10: 0.15 sec, diff = 0.00039
iteration 11
Time for iteration 11: 0.14 sec, diff = 0.00025
iteration 12
Time for iteration 12: 0.14 sec, diff = 0.00017
iteration 13
Time for iteration 13: 0.14 sec, diff = 0.00011
iteration 14
Time for iteration 14: 0.15 sec, diff = 0.00008
iteration 15
Time for iteration 15: 0.14 sec, diff = 0.00005
iteration 16
Time for iteration 16: 0.14 sec, diff = 0.00004
iteration 17
Time for iteration 17: 0.14 sec, diff = 0.00002
iteration 18
Time for iteration 18: 0.14 sec, diff = 0.00002
iteration 19
Time for iteration 19: 0.14 sec, diff = 0.00001
iteration 20
Time for iteration 20: 0.14 sec, diff = 0.00001
Total time used by final is 3.23 sec.
true_align and est_align have the same number of elements.
method final has a score of 30.57%
method final used 3.229 seconds.
maximum values in init align row is:  1134
maximum values in init align col is:  1134
best   iter    obj_ma wght_ma card_ma over_ma    obj_mb wght_mb card_mb over_mb
  *a      1      1697     467     467    1230      1697     467     467    1230
          2       694     331     331     363       883     362     362     521
          3       893     435     435     458       773     338     338     435
          4       692     377     377     315       740     371     371     369
  *b      5      1707     465     465    1242      1724     448     448    1276
  *b      6      1923     467     467    1456      1924     458     458    1466
          7      1638     434     434    1204      1711     429     429    1282
          8       716     364     364     352       540     210     210     330
          9      1111     403     403     708      1027     312     312     715
         10      1803     464     464    1339      1785     445     445    1340
  *b     11      2149     463     463    1686      2166     459     459    1707
         12      2108     457     457    1651      2097     441     441    1656
         13      2108     453     453    1655      2037     414     414    1623
  *a     14      2167     458     458    1709      1989     386     386    1603
  *a     15      2236     462     462    1774      2188     441     441    1747
  *a     16      2246     462     462    1784      2239     456     456    1783
  *a     17      2253     462     462    1791      2236     452     452    1784
  *a     18      2254     461     461    1793      2233     450     450    1783
         19      2252     461     461    1791      2236     452     452    1784
         20      2253     461     461    1792      2235     451     451    1784
         21      2253     462     462    1791      2247     458     458    1789
         22      2254     462     462    1792      2246     457     457    1789
  *a     23      2256     462     462    1794      2250     459     459    1791
         24      2256     462     462    1794      2251     458     458    1793
         25      2256     462     462    1794      2251     459     459    1792
         26      2255     462     462    1793      2244     456     456    1788
         27      2255     462     462    1793      2247     457     457    1790
         28      2255     462     462    1793      2248     458     458    1790
         29      2256     462     462    1794      2256     462     462    1794
         30      2256     462     462    1794      2256     462     462    1794
         31      2256     462     462    1794      2256     462     462    1794
         32      2256     462     462    1794      2254     461     461    1793
         33      2255     462     462    1793      2250     459     459    1791
         34      2255     462     462    1793      2250     459     459    1791
         35      2255     462     462    1793      2250     459     459    1791
         36      2255     462     462    1793      2252     460     460    1792
         37      2255     462     462    1793      2254     461     461    1793
         38      2255     462     462    1793      2255     462     462    1793
         39      2256     462     462    1794      2256     462     462    1794
         40      2256     462     462    1794      2254     461     461    1793
         41      2256     462     462    1794      2250     459     459    1791
         42      2256     462     462    1794      2250     459     459    1791
         43      2256     462     462    1794      2252     460     460    1792
         44      2256     462     462    1794      2254     461     461    1793
         45      2256     462     462    1794      2256     462     462    1794
         46      2256     462     462    1794      2256     462     462    1794
         47      2256     462     462    1794      2256     462     462    1794
         48      2256     462     462    1794      2256     462     462    1794
         49      2256     462     462    1794      2252     461     461    1791
         50      2256     462     462    1794      2249     459     459    1790
         51      2256     462     462    1794      2249     459     459    1790
         52      2256     462     462    1794      2250     460     460    1790
         53      2256     462     462    1794      2250     460     460    1790
         54      2256     462     462    1794      2254     461     461    1793
         55      2256     462     462    1794      2256     462     462    1794
         56      2256     462     462    1794      2256     462     462    1794
         57      2256     462     462    1794      2256     462     462    1794
         58      2256     462     462    1794      2256     462     462    1794
         59      2256     462     462    1794      2256     462     462    1794
         60      2256     462     462    1794      2254     461     461    1793
         61      2256     462     462    1794      2254     461     461    1793
         62      2256     462     462    1794      2254     461     461    1793
         63      2256     462     462    1794      2254     461     461    1793
         64      2256     462     462    1794      2256     462     462    1794
         65      2256     462     462    1794      2256     462     462    1794
         66      2256     462     462    1794      2256     462     462    1794
         67      2256     462     462    1794      2256     462     462    1794
         68      2256     462     462    1794      2256     462     462    1794
         69      2256     462     462    1794      2256     462     462    1794
         70      2256     462     462    1794      2256     462     462    1794
         71      2256     462     462    1794      2256     462     462    1794
         72      2256     462     462    1794      2256     462     462    1794
         73      2256     462     462    1794      2256     462     462    1794
         74      2256     462     462    1794      2256     462     462    1794
         75      2256     462     462    1794      2256     462     462    1794
         76      2256     462     462    1794      2256     462     462    1794
         77      2256     462     462    1794      2256     462     462    1794
         78      2256     462     462    1794      2256     462     462    1794
         79      2256     462     462    1794      2256     462     462    1794
         80      2256     462     462    1794      2256     462     462    1794
         81      2256     462     462    1794      2256     462     462    1794
         82      2256     462     462    1794      2256     462     462    1794
         83      2256     462     462    1794      2256     462     462    1794
         84      2256     462     462    1794      2256     462     462    1794
         85      2256     462     462    1794      2256     462     462    1794
         86      2256     462     462    1794      2256     462     462    1794
         87      2256     462     462    1794      2256     462     462    1794
         88      2256     462     462    1794      2256     462     462    1794
         89      2256     462     462    1794      2256     462     462    1794
         90      2256     462     462    1794      2256     462     462    1794
         91      2256     462     462    1794      2256     462     462    1794
         92      2256     462     462    1794      2256     462     462    1794
         93      2256     462     462    1794      2256     462     462    1794
         94      2256     462     462    1794      2256     462     462    1794
         95      2256     462     462    1794      2256     462     462    1794
         96      2256     462     462    1794      2256     462     462    1794
         97      2256     462     462    1794      2256     462     462    1794
         98      2256     462     462    1794      2256     462     462    1794
         99      2256     462     462    1794      2256     462     462    1794
        100      2256     462     462    1794      2256     462     462    1794
Total time used by netalign is 2.04
true_align (1135) and est_align (462) DO NOT have the same number of elements.
method netalign has a score of 26.78%
method netalign used 2.036 seconds.
maximum values in init align row is:  1134
maximum values in init align col is:  1134
 best   iter     norm-u     lower   upper     cur      obj  weight    card overlap
    *      1    0.0e+00      1784  2578.5  2578.5     1784     467     467    1317
           2    1.4e+03      1784  2578.5  2757.9     1630     467     467    1163
           3    2.0e+03      1784  2578.5  2672.8     1223     467     467     756
           4    2.7e+03      1784  2578.5    2712     1284     467     467     817
           5    3.2e+03      1784  2578.5  2684.7     1080     467     467     613
           6    3.7e+03      1784  2578.5    2701     1135     467     467     668
           7    4.1e+03      1784  2578.5  2685.4     1049     467     467     582
           8    4.5e+03      1784  2578.5  2678.6     1032     467     467     565
           9    4.9e+03      1784  2578.5  2664.5     1080     467     467     613
          10    5.4e+03      1784  2578.5  2669.3     1025     467     467     558
          11    5.7e+03      1784  2578.5  2656.5     1040     467     467     573
          12    6.0e+03      1784  2578.5  2659.3     1086     467     467     619
          13    6.3e+03      1784  2578.5  2658.3     1013     467     467     546
          14    6.7e+03      1784  2578.5  2657.3     1088     467     467     621
          15    7.0e+03      1784  2578.5    2637     1008     467     467     541
          16    7.2e+03      1784  2578.5  2648.5     1036     467     467     569
          17    7.5e+03      1784  2578.5  2638.2      962     467     467     495
          18    7.7e+03      1784  2578.5  2638.3     1014     467     467     547
          19    8.0e+03      1784  2578.5  2643.4     1006     467     467     539
          20    8.2e+03      1784  2578.5  2632.6      971     467     467     504
          21    8.4e+03      1784  2578.5  2637.5      999     467     467     532
          22    8.6e+03      1784  2578.5  2623.3      984     467     467     517
          23    8.8e+03      1784  2578.5  2640.2      948     467     467     481
          24    9.0e+03      1784  2578.5  2631.4     1068     467     467     601
          25    9.2e+03      1784  2578.5  2623.6      961     467     467     494
          26    9.4e+03      1784  2578.5  2609.6     1026     467     467     559
               reducing step to 0.2
          27    9.5e+03      1784    2498    2498      975     467     467     508
          28    9.6e+03      1784    2498  2503.1      949     467     467     482
          29    9.6e+03      1784  2465.5  2465.5     1026     467     467     559
          30    9.7e+03      1784  2465.5  2478.7      990     467     467     523
          31    9.8e+03      1784    2461    2461     1001     467     467     534
          32    9.9e+03      1784  2460.8  2460.8      958     467     467     491
          33    9.9e+03      1784  2447.8  2447.8      982     467     467     515
          34    1.0e+04      1784  2447.8  2451.2      995     467     467     528
          35    1.0e+04      1784  2444.4  2444.4     1113     467     467     646
          36    1.0e+04      1784  2428.7  2428.7     1016     467     467     549
          37    1.0e+04      1784  2428.7  2437.4     1105     467     467     638
          38    1.0e+04      1784  2423.2  2423.2     1106     467     467     639
          39    1.0e+04      1784  2423.2    2428     1146     467     467     679
          40    1.0e+04      1784  2414.3  2414.3     1153     467     467     686
          41    1.0e+04      1784  2414.3  2420.9     1110     467     467     643
          42    1.0e+04      1784  2414.3  2415.6     1169     467     467     702
          43    1.1e+04      1784  2413.2  2413.2     1096     467     467     629
          44    1.1e+04      1784  2406.1  2406.1     1121     466     466     655
          45    1.1e+04      1784  2406.1  2406.7     1131     467     467     664
          46    1.1e+04      1784  2396.6  2396.6     1293     466     466     827
          47    1.1e+04      1784  2396.6  2400.9     1164     467     467     697
          48    1.1e+04      1784  2396.6  2405.6     1168     466     466     702
          49    1.1e+04      1784  2392.8  2392.8     1263     467     467     796
          50    1.1e+04      1784  2392.8  2401.2     1161     467     467     694
          51    1.1e+04      1784  2392.8  2399.9     1184     466     466     718
          52    1.1e+04      1784  2392.8  2398.3     1262     467     467     795
          53    1.1e+04      1784  2391.4  2391.4     1181     466     466     715
          54    1.1e+04      1784  2391.4  2400.3     1266     467     467     799
          55    1.1e+04      1784  2384.8  2384.8     1171     466     466     705
          56    1.1e+04      1784  2384.8  2389.5     1194     466     466     728
          57    1.1e+04      1784  2384.8  2387.5     1253     466     466     787
          58    1.1e+04      1784  2384.2  2384.2     1227     465     465     762
          59    1.1e+04      1784  2382.9  2382.9     1139     467     467     672
          60    1.1e+04      1784  2382.9  2386.1     1303     466     466     837
          61    1.1e+04      1784  2373.6  2373.6     1253     466     466     787
          62    1.1e+04      1784  2373.6  2376.9     1317     466     466     851
          63    1.1e+04      1784  2373.6  2374.9     1373     467     467     906
          64    1.1e+04      1784  2373.6  2375.7     1288     466     466     822
          65    1.1e+04      1784  2373.6  2379.9     1306     466     466     840
          66    1.1e+04      1784  2373.6  2377.3     1310     466     466     844
          67    1.2e+04      1784  2373.6  2378.1     1249     466     466     783
          68    1.2e+04      1784  2373.6  2379.8     1293     467     467     826
          69    1.2e+04      1784  2367.2  2367.2     1347     465     465     882
          70    1.2e+04      1784  2367.2  2372.6     1310     466     466     844
          71    1.2e+04      1784  2367.2  2372.3     1244     466     466     778
          72    1.2e+04      1784  2367.2    2376     1281     465     465     816
          73    1.2e+04      1784  2367.2  2367.4     1407     465     465     942
          74    1.2e+04      1784  2367.2  2368.2     1232     466     466     766
          75    1.2e+04      1784  2367.2  2379.2     1261     467     467     794
          76    1.2e+04      1784  2362.4  2362.4     1347     465     465     882
          77    1.2e+04      1784  2362.4  2369.6     1347     467     467     880
          78    1.2e+04      1784  2362.4  2364.2     1330     466     466     864
          79    1.2e+04      1784  2362.4  2369.5     1312     466     466     846
          80    1.2e+04      1784  2359.4  2359.4     1338     466     466     872
          81    1.2e+04      1784  2359.4  2369.9     1321     465     465     856
          82    1.2e+04      1784  2359.4    2360     1425     466     466     959
          83    1.2e+04      1784  2356.8  2356.8     1404     466     466     938
          84    1.2e+04      1784  2356.8  2361.3     1406     466     466     940
          85    1.2e+04      1784  2356.8  2357.3     1360     466     466     894
          86    1.2e+04      1784  2356.8  2364.7     1285     467     467     818
          87    1.2e+04      1784  2356.8  2361.1     1250     466     466     784
          88    1.2e+04      1784  2356.8  2360.2     1473     465     465    1008
          89    1.2e+04      1784  2356.2  2356.2     1303     467     467     836
          90    1.2e+04      1784  2356.2  2365.4     1376     466     466     910
          91    1.2e+04      1784  2356.2  2356.4     1432     467     467     965
          92    1.2e+04      1784  2353.9  2353.9     1211     465     465     746
          93    1.2e+04      1784  2353.9  2368.8     1324     465     465     859
          94    1.2e+04      1784  2350.8  2350.8     1456     466     466     990
          95    1.2e+04      1784  2350.8  2353.5     1439     466     466     973
          96    1.2e+04      1784  2349.3  2349.3     1327     466     466     861
          97    1.3e+04      1784  2349.3  2361.5     1305     466     466     839
          98    1.3e+04      1784  2349.3  2353.2     1425     466     466     959
          99    1.3e+04      1784  2349.3  2352.2     1403     466     466     937
         100    1.3e+04      1784  2349.3  2356.9     1345     465     465     880
         101    1.3e+04      1784  2349.3  2352.2     1363     466     466     897
         102    1.3e+04      1784  2349.1  2349.1     1458     466     466     992
         103    1.3e+04      1784  2349.1  2349.3     1409     466     466     943
         104    1.3e+04      1784  2349.1  2354.8     1374     466     466     908
         105    1.3e+04      1784  2345.6  2345.6     1504     466     466    1038
         106    1.3e+04      1784  2345.6  2351.1     1374     465     465     909
         107    1.3e+04      1784  2345.6  2354.8     1433     466     466     967
         108    1.3e+04      1784  2343.8  2343.8     1469     464     464    1005
         109    1.3e+04      1784  2343.8  2351.1     1397     466     466     931
         110    1.3e+04      1784  2343.8  2346.7     1454     464     464     990
         111    1.3e+04      1784  2343.8  2348.7     1355     465     465     890
         112    1.3e+04      1784  2343.8  2351.4     1443     465     465     978
         113    1.3e+04      1784  2343.8  2344.6     1525     466     466    1059
         114    1.3e+04      1784  2343.8  2344.9     1451     466     466     985
         115    1.3e+04      1784  2342.5  2342.5     1433     466     466     967
         116    1.3e+04      1784  2342.5    2344     1427     466     466     961
         117    1.3e+04      1784  2342.5  2355.2     1391     465     465     926
         118    1.3e+04      1784  2342.5  2349.6     1447     466     466     981
         119    1.3e+04      1784  2337.2  2337.2     1493     465     465    1028
         120    1.3e+04      1784  2337.2  2349.1     1435     467     467     968
         121    1.3e+04      1784  2337.2  2345.3     1431     466     466     965
         122    1.3e+04      1784  2337.2  2351.7     1407     466     466     941
         123    1.3e+04      1784  2337.2  2343.9     1439     466     466     973
         124    1.3e+04      1784  2337.2  2349.5     1476     466     466    1010
         125    1.3e+04      1784  2337.2  2338.1     1410     466     466     944
         126    1.3e+04      1784  2337.2  2344.5     1505     466     466    1039
         127    1.3e+04      1784  2337.2  2340.3     1577     465     465    1112
         128    1.3e+04      1784  2337.2  2337.9     1608     465     465    1143
         129    1.3e+04      1784  2334.4  2334.4     1483     465     465    1018
         130    1.3e+04      1784  2334.4  2341.7     1382     466     466     916
         131    1.3e+04      1784  2334.4    2346     1437     466     466     971
         132    1.4e+04      1784  2334.4    2341     1520     465     465    1055
         133    1.4e+04      1784  2334.4    2337     1434     466     466     968
         134    1.4e+04      1784  2334.4  2349.4     1359     466     466     893
         135    1.4e+04      1784  2334.4  2339.2     1354     465     465     889
         136    1.4e+04      1784  2334.4  2344.2     1534     466     466    1068
         137    1.4e+04      1784  2328.9  2328.9     1559     464     464    1095
         138    1.4e+04      1784  2328.9  2338.2     1417     467     467     950
         139    1.4e+04      1784  2328.9  2347.5     1379     465     465     914
         140    1.4e+04      1784  2328.9  2340.3     1356     466     466     890
         141    1.4e+04      1784  2328.9  2343.1     1454     465     465     989
         142    1.4e+04      1784  2328.9  2335.1     1510     465     465    1045
         143    1.4e+04      1784  2328.9    2335     1568     465     465    1103
         144    1.4e+04      1784  2328.9  2334.9     1536     465     465    1071
         145    1.4e+04      1784  2328.9  2336.9     1477     466     466    1011
         146    1.4e+04      1784  2328.9  2338.4     1437     467     467     970
         147    1.4e+04      1784  2328.9  2348.1     1402     465     465     937
         148    1.4e+04      1784  2328.9  2335.7     1481     466     466    1015
         149    1.4e+04      1784  2328.9  2341.1     1465     466     466     999
         150    1.4e+04      1784  2328.9  2343.4     1367     467     467     900
         151    1.4e+04      1784  2328.9  2336.3     1518     464     464    1054
         152    1.4e+04      1784  2328.9  2330.6     1470     466     466    1004
         153    1.4e+04      1784  2328.9  2339.2     1426     466     466     960
         154    1.4e+04      1784  2328.9  2332.2     1627     466     466    1161
         155    1.4e+04      1784  2328.9  2336.5     1507     466     466    1041
         156    1.4e+04      1784  2328.9  2338.4     1516     466     466    1050
         157    1.4e+04      1784  2328.9  2333.8     1533     465     465    1068
         158    1.4e+04      1784  2328.9  2330.3     1473     466     466    1007
         159    1.4e+04      1784  2328.9  2337.6     1390     466     466     924
         160    1.4e+04      1784  2328.9  2335.3     1466     466     466    1000
         161    1.4e+04      1784  2328.9    2334     1471     465     465    1006
         162    1.4e+04      1784  2328.9  2334.8     1498     465     465    1033
               reducing step to 0.1
         163    1.4e+04      1784  2304.1  2304.1     1677     464     464    1213
    *    164    1.4e+04      1868  2294.5  2294.5     1868     465     465    1403
    *    165    1.4e+04      1918    2290    2290     1918     465     465    1453
    *    166    1.4e+04      1989  2288.5  2288.5     1989     465     465    1524
    *    167    1.4e+04      2080  2288.5  2288.6     2080     465     465    1615
    *    168    1.4e+04      2099  2285.6  2285.6     2099     464     464    1635
         169    1.4e+04      2099  2285.6  2286.3     1987     465     465    1522
         170    1.4e+04      2099  2285.3  2285.3     2017     464     464    1553
         171    1.4e+04      2099  2285.3  2285.6     1986     464     464    1522
         172    1.4e+04      2099  2285.3  2285.7     2053     464     464    1589
         173    1.4e+04      2099  2284.2  2284.2     2046     465     465    1581
         174    1.4e+04      2099  2284.2  2284.4     1820     465     465    1355
         175    1.4e+04      2099  2284.2  2286.1     1955     464     464    1491
         176    1.4e+04      2099  2284.2    2285     2043     465     465    1578
         177    1.4e+04      2099  2283.1  2283.1     2040     464     464    1576
         178    1.4e+04      2099  2281.5  2281.5     2051     464     464    1587
         179    1.4e+04      2099  2281.5  2283.2     1933     464     464    1469
         180    1.4e+04      2099  2281.5  2284.3     1968     465     465    1503
         181    1.4e+04      2099  2281.5  2281.8     2055     464     464    1591
         182    1.4e+04      2099  2281.5  2281.6     1952     464     464    1488
         183    1.4e+04      2099  2281.5    2282     1990     466     466    1524
         184    1.4e+04      2099  2281.5  2282.2     1977     464     464    1513
         185    1.4e+04      2099  2281.3  2281.3     1940     464     464    1476
         186    1.4e+04      2099  2281.3    2282     2065     465     465    1600
    *    187    1.4e+04      2121  2280.9  2280.9     2121     464     464    1657
    *    188    1.4e+04      2122  2280.8  2280.8     2122     464     464    1658
         189    1.4e+04      2122  2279.2  2279.2     2003     464     464    1539
         190    1.4e+04      2122  2279.2    2282     2015     464     464    1551
         191    1.4e+04      2122    2279    2279     2018     464     464    1554
         192    1.4e+04      2122    2279  2279.7     2054     464     464    1590
         193    1.4e+04      2122    2279  2280.2     1945     464     464    1481
         194    1.4e+04      2122    2279  2280.6     2013     464     464    1549
         195    1.4e+04      2122    2279  2280.2     1980     465     465    1515
         196    1.4e+04      2122    2279  2279.2     1990     465     465    1525
         197    1.4e+04      2122    2279  2279.3     2080     464     464    1616
         198    1.4e+04      2122  2276.4  2276.4     2071     464     464    1607
    *    199    1.4e+04      2174  2276.4  2278.6     2174     464     464    1710
         200    1.4e+04      2174  2276.4  2276.7     2164     464     464    1700
         201    1.4e+04      2174  2276.4  2278.7     2058     464     464    1594
         202    1.4e+04      2174  2276.4  2277.3     2117     464     464    1653
         203    1.4e+04      2174  2276.4  2277.8     2115     464     464    1651
         204    1.5e+04      2174  2276.4    2277     2117     465     465    1652
         205    1.5e+04      2174  2276.4  2276.7     2153     464     464    1689
         206    1.5e+04      2174  2275.1  2275.1     2088     464     464    1624
         207    1.5e+04      2174  2275.1  2276.5     2117     464     464    1653
         208    1.5e+04      2174  2275.1  2276.1     2140     463     463    1677
         209    1.5e+04      2174    2275    2275     2059     464     464    1595
         210    1.5e+04      2174    2275    2277     2027     465     465    1562
         211    1.5e+04      2174    2275  2277.5     1965     464     464    1501
         212    1.5e+04      2174    2275  2275.2     1860     464     464    1396
         213    1.5e+04      2174    2275  2278.8     1911     465     465    1446
         214    1.5e+04      2174    2275  2277.9     1891     465     465    1426
         215    1.5e+04      2174    2275  2280.6     1936     464     464    1472
         216    1.5e+04      2174    2275  2276.4     2089     464     464    1625
         217    1.5e+04      2174    2275    2276     2151     464     464    1687
         218    1.5e+04      2174    2275  2276.2     2123     464     464    1659
         219    1.5e+04      2174    2275  2275.2     2150     464     464    1686
    *    220    1.5e+04      2180    2275  2275.6     2180     464     464    1716
    *    221    1.5e+04      2196  2273.6  2273.6     2196     464     464    1732
    *    222    1.5e+04      2200  2273.6  2273.6     2200     464     464    1736
         223    1.5e+04      2200  2272.8  2272.8     2195     464     464    1731
         224    1.5e+04      2200  2272.8  2273.9     2114     464     464    1650
         225    1.5e+04      2200  2272.8  2274.4     2113     465     465    1648
         226    1.5e+04      2200  2272.8  2274.9     2036     464     464    1572
         227    1.5e+04      2200  2272.8  2274.6     2107     464     464    1643
         228    1.5e+04      2200  2272.8  2275.2     2127     464     464    1663
         229    1.5e+04      2200  2272.8  2274.1     2142     464     464    1678
         230    1.5e+04      2200  2272.8  2273.4     2146     464     464    1682
         231    1.5e+04      2200  2272.8  2272.9     2113     464     464    1649
         232    1.5e+04      2200  2272.8  2273.3     2157     464     464    1693
         233    1.5e+04      2200  2272.6  2272.6     2190     464     464    1726
         234    1.5e+04      2200  2272.6  2273.4     2152     464     464    1688
         235    1.5e+04      2200  2272.2  2272.2     2102     464     464    1638
         236    1.5e+04      2200  2272.2  2272.7     2045     464     464    1581
         237    1.5e+04      2200  2272.2    2275     1893     465     465    1428
         238    1.5e+04      2200  2272.2  2278.9     1877     465     465    1412
         239    1.5e+04      2200  2272.2  2274.6     2073     464     464    1609
         240    1.5e+04      2200  2272.2  2275.5     2025     465     465    1560
         241    1.5e+04      2200  2272.2  2273.6     2050     464     464    1586
         242    1.5e+04      2200  2272.2  2274.7     2111     464     464    1647
         243    1.5e+04      2200  2272.2  2273.3     2121     464     464    1657
         244    1.5e+04      2200  2272.2  2272.3     2127     464     464    1663
         245    1.5e+04      2200  2272.2    2273     2017     464     464    1553
         246    1.5e+04      2200    2272    2272     2104     464     464    1640
         247    1.5e+04      2200    2272  2273.5     2119     464     464    1655
         248    1.5e+04      2200    2272  2273.3     2099     464     464    1635
         249    1.5e+04      2200  2271.4  2271.4     2097     464     464    1633
         250    1.5e+04      2200  2271.1  2271.1     2122     464     464    1658
         251    1.5e+04      2200  2271.1  2271.4     2168     464     464    1704
         252    1.5e+04      2200  2271.1  2272.1     2085     464     464    1621
         253    1.5e+04      2200  2271.1  2271.2     2122     463     463    1659
         254    1.5e+04      2200  2270.8  2270.8     2119     464     464    1655
         255    1.5e+04      2200  2270.8  2271.2     2093     464     464    1629
         256    1.5e+04      2200  2270.8  2271.4     2072     464     464    1608
         257    1.5e+04      2200  2270.8  2271.3     2088     466     466    1622
         258    1.5e+04      2200  2270.8  2272.7     2073     464     464    1609
         259    1.5e+04      2200  2270.8  2271.7     2161     464     464    1697
         260    1.5e+04      2200  2270.8  2271.5     2040     464     464    1576
         261    1.5e+04      2200  2270.8  2273.3     1940     464     464    1476
         262    1.5e+04      2200  2270.8  2275.2     2067     465     465    1602
         263    1.5e+04      2200  2270.8  2271.9     2146     463     463    1683
         264    1.5e+04      2200  2270.8  2271.6     2039     465     465    1574
         265    1.5e+04      2200  2270.8    2272     1975     464     464    1511
         266    1.5e+04      2200  2270.8  2271.7     2024     464     464    1560
         267    1.5e+04      2200  2270.8  2270.8     2082     465     465    1617
         268    1.5e+04      2200  2270.8  2272.4     2032     464     464    1568
         269    1.5e+04      2200  2270.8  2271.6     2059     464     464    1595
         270    1.5e+04      2200  2270.8    2272     2100     465     465    1635
         271    1.5e+04      2200  2270.8  2270.9     2113     464     464    1649
         272    1.5e+04      2200  2269.9  2269.9     2159     464     464    1695
         273    1.5e+04      2200  2269.9  2270.4     2155     465     465    1690
         274    1.5e+04      2200  2269.9  2270.3     2198     463     463    1735
         275    1.5e+04      2200  2269.2  2269.2     2191     464     464    1727
         276    1.5e+04      2200  2269.2  2270.4     2142     464     464    1678
         277    1.5e+04      2200  2269.2  2270.9     2147     464     464    1683
         278    1.5e+04      2200  2269.2  2269.8     2111     465     465    1646
         279    1.5e+04      2200  2269.2  2270.1     2059     464     464    1595
         280    1.5e+04      2200  2269.2  2271.8     2026     465     465    1561
         281    1.5e+04      2200  2269.2  2271.1     2062     464     464    1598
         282    1.5e+04      2200  2269.2    2272     2032     464     464    1568
         283    1.5e+04      2200  2269.2  2270.5     2015     465     465    1550
         284    1.5e+04      2200  2269.2  2271.9     2068     465     465    1603
         285    1.5e+04      2200  2269.2  2271.8     2036     464     464    1572
         286    1.5e+04      2200  2269.2  2271.1     2055     464     464    1591
         287    1.5e+04      2200  2269.2  2270.8     2110     463     463    1647
         288    1.5e+04      2200  2268.8  2268.8     2106     464     464    1642
         289    1.5e+04      2200  2268.8  2270.6     2099     464     464    1635
         290    1.5e+04      2200  2268.8  2270.9     1975     464     464    1511
         291    1.5e+04      2200  2268.8  2273.2     2051     464     464    1587
         292    1.5e+04      2200  2268.8  2270.8     2145     464     464    1681
         293    1.5e+04      2200  2268.8    2271     2096     464     464    1632
         294    1.5e+04      2200  2268.8  2269.5     2155     464     464    1691
         295    1.5e+04      2200  2268.8  2269.9     2176     463     463    1713
         296    1.5e+04      2200  2268.8  2268.8     2169     464     464    1705
         297    1.5e+04      2200  2268.8  2269.4     2169     464     464    1705
         298    1.5e+04      2200  2268.8  2269.8     2126     463     463    1663
         299    1.5e+04      2200  2268.8  2269.8     2103     464     464    1639
         300    1.5e+04      2200  2268.8  2268.9     2020     464     464    1556
         301    1.5e+04      2200  2268.8  2271.2     2076     465     465    1611
         302    1.5e+04      2200  2268.8  2269.1     2174     464     464    1710
         303    1.5e+04      2200  2268.8  2269.3     2088     465     465    1623
         304    1.5e+04      2200  2268.8  2270.9     2016     464     464    1552
         305    1.5e+04      2200  2268.8  2269.6     2070     464     464    1606
         306    1.5e+04      2200  2268.8  2269.4     2142     463     463    1679
         307    1.5e+04      2200  2268.8  2269.3     2117     464     464    1653
         308    1.5e+04      2200  2268.8  2269.1     2125     465     465    1660
         309    1.5e+04      2200  2268.6  2268.6     2157     463     463    1694
         310    1.5e+04      2200  2268.6  2269.5     2120     465     465    1655
         311    1.5e+04      2200  2268.6  2269.6     2086     464     464    1622
         312    1.5e+04      2200  2268.6  2268.8     2087     464     464    1623
         313    1.5e+04      2200  2268.6  2270.9     2100     463     463    1637
         314    1.5e+04      2200  2268.6  2268.8     2068     464     464    1604
         315    1.5e+04      2200  2267.5  2267.5     2125     464     464    1661
         316    1.5e+04      2200  2267.5  2269.3     2100     462     462    1638
         317    1.5e+04      2200  2267.5  2267.9     2171     463     463    1708
         318    1.5e+04      2200  2267.5  2268.1     2198     462     462    1736
         319    1.5e+04      2200  2267.4  2267.4     2123     465     465    1658
         320    1.5e+04      2200  2267.4  2268.6     2090     464     464    1626
         321    1.5e+04      2200  2267.4  2269.2     2172     465     465    1707
         322    1.5e+04      2200  2267.4    2269     2169     464     464    1705
         323    1.5e+04      2200  2267.4  2269.2     2174     464     464    1710
         324    1.5e+04      2200  2267.4  2267.6     2189     463     463    1726
    *    325    1.5e+04      2217  2266.4  2266.4     2217     462     462    1755
    *    326    1.5e+04      2232  2266.4  2267.2     2232     462     462    1770
         327    1.5e+04      2232  2266.3  2266.3     2214     464     464    1750
    *    328    1.5e+04      2235  2266.3  2267.5     2235     462     462    1773
         329    1.5e+04      2235  2266.3  2266.3     2218     463     463    1755
         330    1.5e+04      2235  2266.3    2267     2234     462     462    1772
         331    1.5e+04      2235  2266.2  2266.2     2186     463     463    1723
         332    1.5e+04      2235  2266.2  2267.7     2220     463     463    1757
         333    1.5e+04      2235  2266.2  2266.8     2225     463     463    1762
    *    334    1.5e+04      2237  2266.2  2267.2     2237     462     462    1775
    *    335    1.5e+04      2241    2266    2266     2241     462     462    1779
         336    1.5e+04      2241    2266    2267     2233     462     462    1771
         337    1.5e+04      2241    2266  2266.3     2232     462     462    1770
         338    1.5e+04      2241    2266  2266.8     2240     462     462    1778
         339    1.5e+04      2241    2266  2266.1     2237     462     462    1775
         340    1.5e+04      2241    2266    2267     2225     462     462    1763
         341    1.5e+04      2241    2266    2266     2234     462     462    1772
         342    1.5e+04      2241    2266  2266.5     2224     462     462    1762
         343    1.5e+04      2241    2266  2266.4     2183     463     463    1720
         344    1.5e+04      2241    2266  2266.7     2168     462     462    1706
         345    1.5e+04      2241    2266  2267.2     2158     464     464    1694
         346    1.5e+04      2241    2266  2268.7     1959     463     463    1496
         347    1.5e+04      2241    2266  2269.4     1952     464     464    1488
         348    1.5e+04      2241    2266  2270.3     1995     465     465    1530
         349    1.5e+04      2241    2266  2269.2     2013     465     465    1548
         350    1.5e+04      2241    2266  2268.8     2139     462     462    1677
         351    1.5e+04      2241    2266    2269     2101     463     463    1638
         352    1.5e+04      2241    2266    2267     2136     464     464    1672
         353    1.5e+04      2241    2266  2267.6     2158     463     463    1695
         354    1.5e+04      2241    2266  2266.8     2157     463     463    1694
         355    1.5e+04      2241    2266  2267.6     2094     463     463    1631
         356    1.5e+04      2241    2266  2267.9     2017     464     464    1553
         357    1.5e+04      2241    2266  2269.1     2057     464     464    1593
         358    1.5e+04      2241    2266  2269.5     1932     464     464    1468
         359    1.5e+04      2241    2266  2270.3     2065     464     464    1601
         360    1.5e+04      2241    2266  2269.9     2142     464     464    1678
               reducing step to 0.05
         361    1.5e+04      2241  2264.7  2264.7     2203     463     463    1740
         362    1.5e+04      2241    2262    2262     2203     462     462    1741
         363    1.5e+04      2241    2262 2262.65     2189     463     463    1726
         364    1.5e+04      2241 2261.95 2261.95     2222     463     463    1759
         365    1.5e+04      2241 2261.95  2262.5     2237     462     462    1775
         366    1.5e+04      2241 2261.95    2262     2225     463     463    1762
         367    1.5e+04      2241 2261.95  2262.5     2235     462     462    1773
    *    368    1.5e+04      2242 2261.85 2261.85     2242     462     462    1780
         369    1.5e+04      2242 2261.85 2262.25     2234     463     463    1771
         370    1.5e+04      2242  2261.8  2261.8     2218     463     463    1755
         371    1.5e+04      2242  2261.8  2262.2     2224     462     462    1762
         372    1.5e+04      2242  2261.8  2261.8     2202     462     462    1740
         373    1.5e+04      2242  2261.8 2262.35     2224     463     463    1761
         374    1.5e+04      2242  2261.8 2262.25     2156     462     462    1694
         375    1.5e+04      2242  2261.8 2262.35     2231     462     462    1769
    *    376    1.5e+04      2245  2261.7  2261.7     2245     462     462    1783
         377    1.5e+04      2245  2261.7  2262.1     2241     462     462    1779
         378    1.5e+04      2245 2261.65 2261.65     2241     462     462    1779
         379    1.5e+04      2245 2261.65  2262.1     2200     462     462    1738
         380    1.5e+04      2245 2261.65  2261.7     2220     462     462    1758
    *    381    1.5e+04      2246 2261.65 2261.95     2246     462     462    1784
         382    1.5e+04      2246 2261.65  2261.7     2217     463     463    1754
         383    1.5e+04      2246 2261.65 2261.85     2243     462     462    1781
         384    1.5e+04      2246 2261.65  2261.7     2237     462     462    1775
         385    1.5e+04      2246 2261.65  2261.7     2242     462     462    1780
         386    1.5e+04      2246  2261.5  2261.5     2244     462     462    1782
         387    1.5e+04      2246  2261.5  2261.7     2238     463     463    1775
         388    1.5e+04      2246  2261.5 2261.65     2243     462     462    1781
         389    1.5e+04      2246  2261.5  2261.6     2243     462     462    1781
         390    1.5e+04      2246  2261.5  2261.6     2242     462     462    1780
         391    1.5e+04      2246  2261.5  2261.7     2225     462     462    1763
         392    1.5e+04      2246  2261.5  2261.6     2229     462     462    1767
         393    1.5e+04      2246  2261.5 2261.75     2234     462     462    1772
         394    1.5e+04      2246  2261.5  2261.5     2245     462     462    1783
         395    1.5e+04      2246  2261.5 2261.65     2175     462     462    1713
         396    1.5e+04      2246  2261.5 2261.55     2238     462     462    1776
         397    1.5e+04      2246  2261.5 2261.65     2243     462     462    1781
         398    1.5e+04      2246  2261.5 2261.55     2244     462     462    1782
         399    1.5e+04      2246  2261.5 2261.75     2243     462     462    1781
         400    1.5e+04      2246 2261.45 2261.45     2246     462     462    1784
         401    1.5e+04      2246 2261.45 2261.75     2243     462     462    1781
         402    1.5e+04      2246 2261.45 2261.55     2244     462     462    1782
         403    1.5e+04      2246 2261.45 2261.65     2238     462     462    1776
         404    1.5e+04      2246 2261.45 2261.45     2246     462     462    1784
         405    1.5e+04      2246 2261.45 2261.75     2240     462     462    1778
         406    1.5e+04      2246 2261.25 2261.25     2246     462     462    1784
         407    1.5e+04      2246 2261.25  2261.8     2244     462     462    1782
         408    1.5e+04      2246 2261.25 2261.25     2245     462     462    1783
         409    1.5e+04      2246 2261.25  2261.8     2244     462     462    1782
         410    1.5e+04      2246 2261.15 2261.15     2242     462     462    1780
         411    1.5e+04      2246 2261.15 2261.65     2242     462     462    1780
         412    1.5e+04      2246  2261.1  2261.1     2244     462     462    1782
         413    1.5e+04      2246  2261.1  2261.8     2243     462     462    1781
         414    1.5e+04      2246  2261.1  2261.2     2245     462     462    1783
         415    1.5e+04      2246  2261.1  2261.8     2242     462     462    1780
         416    1.5e+04      2246  2261.1  2261.2     2242     462     462    1780
         417    1.5e+04      2246  2261.1  2261.6     2243     462     462    1781
         418    1.5e+04      2246  2261.1 2261.15     2244     462     462    1782
         419    1.5e+04      2246  2261.1 2261.75     2243     462     462    1781
         420    1.5e+04      2246    2261    2261     2245     462     462    1783
         421    1.5e+04      2246    2261 2261.65     2243     462     462    1781
         422    1.5e+04      2246    2261  2261.1     2243     462     462    1781
         423    1.5e+04      2246    2261  2261.7     2238     462     462    1776
         424    1.5e+04      2246    2261 2261.05     2244     462     462    1782
         425    1.5e+04      2246    2261 2261.55     2241     462     462    1779
         426    1.5e+04      2246 2260.95 2260.95     2241     462     462    1779
         427    1.5e+04      2246 2260.95 2261.75     2231     462     462    1769
         428    1.5e+04      2246  2260.9  2260.9     2242     462     462    1780
         429    1.5e+04      2246  2260.9  2261.7     2241     462     462    1779
         430    1.5e+04      2246  2260.9    2261     2245     462     462    1783
         431    1.5e+04      2246  2260.9  2261.6     2244     462     462    1782
         432    1.5e+04      2246  2260.9 2261.05     2245     462     462    1783
         433    1.5e+04      2246  2260.9  2261.7     2243     462     462    1781
         434    1.5e+04      2246  2260.9    2261     2240     462     462    1778
         435    1.5e+04      2246  2260.9 2261.75     2236     462     462    1774
         436    1.5e+04      2246  2260.9 2261.05     2241     462     462    1779
         437    1.5e+04      2246  2260.9  2261.6     2243     462     462    1781
         438    1.5e+04      2246  2260.9  2260.9     2246     462     462    1784
         439    1.5e+04      2246  2260.9  2261.7     2243     462     462    1781
         440    1.5e+04      2246  2260.9  2260.9     2246     462     462    1784
         441    1.5e+04      2246  2260.9 2261.65     2243     462     462    1781
         442    1.5e+04      2246  2260.9  2260.9     2245     462     462    1783
         443    1.5e+04      2246  2260.9  2261.6     2242     462     462    1780
         444    1.5e+04      2246 2260.85 2260.85     2245     462     462    1783
         445    1.5e+04      2246 2260.85  2261.6     2243     462     462    1781
         446    1.5e+04      2246 2260.85  2260.9     2245     462     462    1783
         447    1.5e+04      2246 2260.85  2261.6     2242     462     462    1780
         448    1.5e+04      2246 2260.85 2260.85     2243     462     462    1781
         449    1.5e+04      2246 2260.85 2261.55     2242     462     462    1780
         450    1.5e+04      2246  2260.8  2260.8     2244     462     462    1782
         451    1.5e+04      2246  2260.8 2261.55     2240     462     462    1778
         452    1.5e+04      2246  2260.8 2260.85     2245     462     462    1783
         453    1.5e+04      2246  2260.8  2261.6     2243     462     462    1781
         454    1.5e+04      2246  2260.8  2260.8     2245     462     462    1783
         455    1.5e+04      2246  2260.8  2261.5     2242     462     462    1780
         456    1.5e+04      2246 2260.75 2260.75     2245     462     462    1783
         457    1.5e+04      2246 2260.75 2261.55     2241     462     462    1779
         458    1.5e+04      2246 2260.75 2260.85     2219     463     463    1756
         459    1.5e+04      2246 2260.75 2261.65     2237     462     462    1775
         460    1.5e+04      2246 2260.75  2260.8     2240     462     462    1778
         461    1.5e+04      2246 2260.75 2261.55     2239     462     462    1777
         462    1.5e+04      2246 2260.75  2260.8     2240     462     462    1778
         463    1.5e+04      2246 2260.75 2261.55     2237     462     462    1775
         464    1.5e+04      2246 2260.75 2260.75     2243     462     462    1781
         465    1.5e+04      2246 2260.75 2261.45     2240     462     462    1778
         466    1.5e+04      2246 2260.75  2260.8     2243     462     462    1781
         467    1.5e+04      2246 2260.75  2261.5     2239     462     462    1777
         468    1.5e+04      2246 2260.75  2260.8     2242     462     462    1780
         469    1.5e+04      2246 2260.75 2261.45     2239     462     462    1777
         470    1.5e+04      2246 2260.75  2260.8     2242     462     462    1780
         471    1.5e+04      2246 2260.75 2261.45     2239     462     462    1777
         472    1.5e+04      2246 2260.75  2260.8     2241     462     462    1779
         473    1.5e+04      2246 2260.75  2261.5     2238     462     462    1776
         474    1.5e+04      2246 2260.75    2261     2240     462     462    1778
         475    1.5e+04      2246 2260.75 2261.45     2239     462     462    1777
         476    1.5e+04      2246 2260.75  2260.9     2241     462     462    1779
         477    1.5e+04      2246 2260.75  2261.5     2239     462     462    1777
         478    1.5e+04      2246 2260.75 2260.95     2240     462     462    1778
         479    1.5e+04      2246 2260.75 2261.45     2239     462     462    1777
         480    1.5e+04      2246 2260.75  2260.9     2241     462     462    1779
         481    1.5e+04      2246 2260.75  2261.5     2240     462     462    1778
         482    1.5e+04      2246 2260.75 2260.95     2241     462     462    1779
         483    1.5e+04      2246 2260.75  2261.4     2239     462     462    1777
         484    1.5e+04      2246 2260.75    2261     2240     462     462    1778
         485    1.5e+04      2246 2260.75  2261.4     2239     462     462    1777
         486    1.5e+04      2246 2260.75 2260.95     2241     462     462    1779
         487    1.5e+04      2246 2260.75 2261.45     2239     462     462    1777
         488    1.5e+04      2246 2260.75 2260.95     2241     462     462    1779
         489    1.5e+04      2246 2260.75 2261.45     2239     462     462    1777
               reducing step to 0.025
         490    1.5e+04      2246 2259.78 2259.78     2234     462     462    1772
         491    1.5e+04      2246 2259.22 2259.22     2238     462     462    1776
         492    1.5e+04      2246 2259.22 2259.33     2244     462     462    1782
    *    493    1.5e+04      2247  2259.1  2259.1     2247     462     462    1785
         494    1.5e+04      2247  2259.1  2259.3     2246     462     462    1784
         495    1.5e+04      2247  2259.1 2259.15     2243     462     462    1781
         496    1.5e+04      2247  2259.1 2259.33     2242     462     462    1780
         497    1.5e+04      2247  2259.1 2259.18     2243     462     462    1781
         498    1.5e+04      2247  2259.1  2259.3     2243     462     462    1781
         499    1.5e+04      2247  2259.1 2259.12     2245     462     462    1783
         500    1.5e+04      2247  2259.1 2259.25     2244     462     462    1782
         501    1.5e+04      2247  2259.1 2259.15     2246     462     462    1784
         502    1.5e+04      2247  2259.1 2259.25     2245     462     462    1783
         503    1.5e+04      2247  2259.1 2259.12     2243     462     462    1781
         504    1.5e+04      2247  2259.1 2259.33     2243     462     462    1781
         505    1.5e+04      2247 2259.07 2259.07     2243     462     462    1781
         506    1.5e+04      2247 2259.07 2259.23     2244     462     462    1782
         507    1.5e+04      2247 2259.05 2259.05     2245     462     462    1783
         508    1.5e+04      2247 2259.05 2259.23     2244     462     462    1782
         509    1.5e+04      2247 2259.05 2259.05     2243     462     462    1781
         510    1.5e+04      2247 2259.05  2259.2     2243     462     462    1781
         511    1.5e+04      2247    2259    2259     2244     462     462    1782
         512    1.5e+04      2247    2259 2259.15     2241     462     462    1779
         513    1.5e+04      2247 2258.95 2258.95     2244     462     462    1782
         514    1.5e+04      2247 2258.95 2259.15     2242     462     462    1780
         515    1.5e+04      2247 2258.85 2258.85     2245     462     462    1783
         516    1.5e+04      2247 2258.85 2259.18     2234     463     463    1771
         517    1.5e+04      2247 2258.85  2258.9     2244     462     462    1782
         518    1.5e+04      2247 2258.85 2259.15     2240     462     462    1778
         519    1.5e+04      2247 2258.82 2258.82     2242     462     462    1780
         520    1.5e+04      2247 2258.82 2259.15     2213     463     463    1750
         521    1.5e+04      2247 2258.82 2258.88     2234     462     462    1772
         522    1.5e+04      2247 2258.82 2259.25     2241     462     462    1779
         523    1.5e+04      2247 2258.82 2258.85     2242     462     462    1780
         524    1.5e+04      2247 2258.82  2259.2     2239     462     462    1777
         525    1.5e+04      2247  2258.8  2258.8     2244     462     462    1782
         526    1.5e+04      2247  2258.8  2259.2     2241     462     462    1779
         527    1.5e+04      2247  2258.8 2258.83     2244     462     462    1782
         528    1.5e+04      2247  2258.8 2259.23     2242     462     462    1780
         529    1.5e+04      2247  2258.8 2258.88     2244     462     462    1782
         530    1.5e+04      2247  2258.8 2259.23     2240     462     462    1778
         531    1.5e+04      2247  2258.8 2258.83     2244     462     462    1782
         532    1.5e+04      2247  2258.8  2259.2     2242     462     462    1780
         533    1.5e+04      2247  2258.8 2258.83     2244     462     462    1782
         534    1.5e+04      2247  2258.8  2259.2     2243     462     462    1781
         535    1.5e+04      2247  2258.8  2258.8     2244     462     462    1782
         536    1.5e+04      2247  2258.8 2259.23     2242     462     462    1780
         537    1.5e+04      2247  2258.8  2258.8     2244     462     462    1782
         538    1.5e+04      2247  2258.8 2259.23     2242     462     462    1780
         539    1.5e+04      2247  2258.8 2258.83     2243     462     462    1781
         540    1.5e+04      2247  2258.8 2259.18     2239     462     462    1777
         541    1.5e+04      2247  2258.8 2258.85     2244     462     462    1782
         542    1.5e+04      2247  2258.8 2259.25     2242     462     462    1780
         543    1.5e+04      2247  2258.8 2258.85     2244     462     462    1782
         544    1.5e+04      2247  2258.8 2259.25     2242     462     462    1780
         545    1.5e+04      2247  2258.8 2258.85     2244     462     462    1782
         546    1.5e+04      2247  2258.8 2259.25     2242     462     462    1780
         547    1.5e+04      2247  2258.8 2258.83     2244     462     462    1782
         548    1.5e+04      2247  2258.8 2259.23     2241     462     462    1779
         549    1.5e+04      2247  2258.8 2258.83     2244     462     462    1782
         550    1.5e+04      2247  2258.8 2259.23     2242     462     462    1780
         551    1.5e+04      2247  2258.8 2258.88     2245     462     462    1783
         552    1.5e+04      2247  2258.8 2259.23     2242     462     462    1780
         553    1.5e+04      2247  2258.8 2258.83     2244     462     462    1782
         554    1.5e+04      2247  2258.8  2259.2     2242     462     462    1780
         555    1.5e+04      2247  2258.8 2258.83     2243     462     462    1781
         556    1.5e+04      2247  2258.8 2259.23     2240     462     462    1778
         557    1.5e+04      2247  2258.8 2258.83     2243     462     462    1781
         558    1.5e+04      2247  2258.8  2259.2     2241     462     462    1779
         559    1.5e+04      2247  2258.8 2258.83     2242     462     462    1780
         560    1.5e+04      2247  2258.8 2259.23     2241     462     462    1779
               reducing step to 0.0125
         561    1.5e+04      2247  2258.4  2258.4     2241     462     462    1779
         562    1.5e+04      2247  2258.1  2258.1     2239     462     462    1777
         563    1.5e+04      2247  2258.1 2258.14     2244     462     462    1782
         564    1.5e+04      2247 2257.96 2257.96     2242     462     462    1780
         565    1.5e+04      2247 2257.96 2258.14     2245     462     462    1783
         566    1.5e+04      2247 2257.96 2258.01     2246     462     462    1784
         567    1.5e+04      2247 2257.96 2258.09     2245     462     462    1783
         568    1.5e+04      2247 2257.96 2258.04     2245     462     462    1783
         569    1.5e+04      2247 2257.96 2258.06     2245     462     462    1783
         570    1.5e+04      2247 2257.96 2258.05     2244     462     462    1782
         571    1.5e+04      2247 2257.96 2258.08     2244     462     462    1782
         572    1.5e+04      2247 2257.96 2258.02     2244     462     462    1782
         573    1.5e+04      2247 2257.96 2258.08     2244     462     462    1782
         574    1.5e+04      2247 2257.96 2258.04     2243     462     462    1781
         575    1.5e+04      2247 2257.96 2258.06     2244     462     462    1782
         576    1.5e+04      2247 2257.96 2258.02     2244     462     462    1782
         577    1.5e+04      2247 2257.96 2258.08     2244     462     462    1782
         578    1.5e+04      2247 2257.96 2258.02     2244     462     462    1782
         579    1.5e+04      2247 2257.96 2258.08     2244     462     462    1782
         580    1.5e+04      2247 2257.96 2258.01     2244     462     462    1782
         581    1.5e+04      2247 2257.96 2258.06     2243     462     462    1781
         582    1.5e+04      2247 2257.96 2257.99     2243     462     462    1781
         583    1.5e+04      2247 2257.96 2258.04     2243     462     462    1781
         584    1.5e+04      2247 2257.96 2257.99     2243     462     462    1781
         585    1.5e+04      2247 2257.96 2258.03     2243     462     462    1781
         586    1.5e+04      2247 2257.96 2258.05     2242     462     462    1780
         587    1.5e+04      2247 2257.96 2258.03     2241     462     462    1779
         588    1.5e+04      2247 2257.96    2258     2243     462     462    1781
         589    1.5e+04      2247 2257.96 2258.04     2243     462     462    1781
               reducing step to 0.00625
         590    1.5e+04      2247 2257.78 2257.78     2244     462     462    1782
         591    1.5e+04      2247 2257.57 2257.57     2245     462     462    1783
         592    1.5e+04      2247 2257.55 2257.55     2246     462     462    1784
         593    1.5e+04      2247  2257.5  2257.5     2243     462     462    1781
    *    594    1.5e+04      2248  2257.5 2257.61     2248     462     462    1786
         595    1.5e+04      2248 2257.48 2257.48     2242     462     462    1780
         596    1.5e+04      2248 2257.48 2257.62     2245     462     462    1783
         597    1.5e+04      2248 2257.48 2257.49     2243     462     462    1781
         598    1.5e+04      2248 2257.48 2257.59     2246     462     462    1784
         599    1.5e+04      2248 2257.47 2257.47     2243     462     462    1781
         600    1.5e+04      2248 2257.47  2257.6     2246     462     462    1784
         601    1.5e+04      2248 2257.47 2257.47     2243     462     462    1781
         602    1.5e+04      2248 2257.47  2257.6     2246     462     462    1784
         603    1.5e+04      2248 2257.47 2257.47     2243     462     462    1781
         604    1.5e+04      2248 2257.47  2257.6     2246     462     462    1784
         605    1.5e+04      2248 2257.47 2257.47     2243     462     462    1781
         606    1.5e+04      2248 2257.47 2257.59     2246     462     462    1784
         607    1.5e+04      2248 2257.46 2257.46     2243     462     462    1781
         608    1.5e+04      2248 2257.46 2257.59     2246     462     462    1784
         609    1.5e+04      2248 2257.45 2257.45     2242     462     462    1780
         610    1.5e+04      2248 2257.45 2257.57     2245     462     462    1783
         611    1.5e+04      2248 2257.44 2257.44     2242     462     462    1780
         612    1.5e+04      2248 2257.44 2257.57     2245     462     462    1783
         613    1.5e+04      2248 2257.44 2257.44     2242     462     462    1780
         614    1.5e+04      2248 2257.44 2257.57     2245     462     462    1783
         615    1.5e+04      2248 2257.44 2257.44     2242     462     462    1780
         616    1.5e+04      2248 2257.44 2257.57     2245     462     462    1783
         617    1.5e+04      2248 2257.44 2257.47     2242     462     462    1780
         618    1.5e+04      2248 2257.44 2257.58     2245     462     462    1783
         619    1.5e+04      2248 2257.44 2257.44     2239     462     462    1777
         620    1.5e+04      2248 2257.44 2257.55     2245     462     462    1783
         621    1.5e+04      2248 2257.44 2257.45     2242     462     462    1780
         622    1.5e+04      2248 2257.44 2257.56     2245     462     462    1783
         623    1.5e+04      2248 2257.44 2257.44     2240     462     462    1778
         624    1.5e+04      2248 2257.44 2257.55     2241     462     462    1779
         625    1.5e+04      2248 2257.44 2257.44     2242     462     462    1780
         626    1.5e+04      2248 2257.44 2257.56     2245     462     462    1783
         627    1.5e+04      2248 2257.44 2257.44     2242     462     462    1780
         628    1.5e+04      2248 2257.44 2257.56     2244     462     462    1782
         629    1.5e+04      2248 2257.44 2257.44     2240     462     462    1778
         630    1.5e+04      2248 2257.44 2257.56     2245     462     462    1783
         631    1.5e+04      2248 2257.44 2257.44     2242     462     462    1780
         632    1.5e+04      2248 2257.44 2257.56     2245     462     462    1783
         633    1.5e+04      2248 2257.44 2257.44     2242     462     462    1780
         634    1.5e+04      2248 2257.44 2257.57     2244     462     462    1782
         635    1.5e+04      2248 2257.43 2257.43     2242     462     462    1780
         636    1.5e+04      2248 2257.43 2257.56     2245     462     462    1783
         637    1.5e+04      2248 2257.43 2257.44     2242     462     462    1780
         638    1.5e+04      2248 2257.43 2257.56     2245     462     462    1783
         639    1.5e+04      2248 2257.43 2257.44     2242     462     462    1780
         640    1.5e+04      2248 2257.43 2257.56     2245     462     462    1783
         641    1.5e+04      2248 2257.43 2257.44     2242     462     462    1780
         642    1.5e+04      2248 2257.43 2257.56     2245     462     462    1783
         643    1.5e+04      2248 2257.43 2257.44     2242     462     462    1780
         644    1.5e+04      2248 2257.43 2257.56     2245     462     462    1783
         645    1.5e+04      2248 2257.43 2257.46     2242     462     462    1780
         646    1.5e+04      2248 2257.43 2257.57     2245     462     462    1783
         647    1.5e+04      2248 2257.43 2257.43     2242     462     462    1780
         648    1.5e+04      2248 2257.43 2257.56     2245     462     462    1783
         649    1.5e+04      2248 2257.43 2257.43     2241     462     462    1779
         650    1.5e+04      2248 2257.43 2257.56     2243     462     462    1781
         651    1.5e+04      2248 2257.42 2257.42     2241     462     462    1779
         652    1.5e+04      2248 2257.42 2257.55     2245     462     462    1783
         653    1.5e+04      2248 2257.42 2257.43     2240     462     462    1778
         654    1.5e+04      2248 2257.42 2257.55     2242     462     462    1780
         655    1.5e+04      2248 2257.42 2257.44     2242     462     462    1780
         656    1.5e+04      2248 2257.42 2257.56     2245     462     462    1783
         657    1.5e+04      2248 2257.42 2257.44     2242     462     462    1780
         658    1.5e+04      2248 2257.42 2257.56     2245     462     462    1783
         659    1.5e+04      2248 2257.42 2257.44     2242     462     462    1780
         660    1.5e+04      2248 2257.42 2257.56     2244     462     462    1782
         661    1.5e+04      2248 2257.42 2257.43     2242     462     462    1780
         662    1.5e+04      2248 2257.42 2257.56     2245     462     462    1783
         663    1.5e+04      2248 2257.42 2257.43     2242     462     462    1780
         664    1.5e+04      2248 2257.42 2257.56     2245     462     462    1783
         665    1.5e+04      2248 2257.42 2257.43     2242     462     462    1780
         666    1.5e+04      2248 2257.42 2257.56     2245     462     462    1783
         667    1.5e+04      2248 2257.42 2257.43     2241     462     462    1779
         668    1.5e+04      2248 2257.42 2257.56     2245     462     462    1783
         669    1.5e+04      2248 2257.42 2257.43     2242     462     462    1780
         670    1.5e+04      2248 2257.42 2257.56     2245     462     462    1783
         671    1.5e+04      2248 2257.42 2257.43     2242     462     462    1780
         672    1.5e+04      2248 2257.42 2257.56     2245     462     462    1783
         673    1.5e+04      2248 2257.42 2257.43     2242     462     462    1780
         674    1.5e+04      2248 2257.42 2257.57     2245     462     462    1783
         675    1.5e+04      2248 2257.42 2257.43     2242     462     462    1780
         676    1.5e+04      2248 2257.42 2257.56     2245     462     462    1783
               reducing step to 0.003125
         677    1.5e+04      2248 2257.36 2257.36     2246     462     462    1784
         678    1.5e+04      2248  2257.3  2257.3     2244     462     462    1782
         679    1.5e+04      2248  2257.3 2257.32     2247     462     462    1785
         680    1.5e+04      2248 2257.29 2257.29     2242     462     462    1780
         681    1.5e+04      2248 2257.29  2257.3     2248     462     462    1786
         682    1.5e+04      2248 2257.27 2257.27     2245     462     462    1783
         683    1.5e+04      2248 2257.27 2257.29     2246     462     462    1784
         684    1.5e+04      2248 2257.27 2257.28     2241     462     462    1779
         685    1.5e+04      2248 2257.27  2257.3     2246     462     462    1784
         686    1.5e+04      2248 2257.27 2257.28     2242     462     462    1780
         687    1.5e+04      2248 2257.27 2257.29     2245     462     462    1783
         688    1.5e+04      2248 2257.27 2257.28     2242     462     462    1780
         689    1.5e+04      2248 2257.27  2257.3     2244     462     462    1782
         690    1.5e+04      2248 2257.27 2257.28     2242     462     462    1780
         691    1.5e+04      2248 2257.27 2257.29     2244     462     462    1782
         692    1.5e+04      2248 2257.27 2257.27     2242     462     462    1780
         693    1.5e+04      2248 2257.27 2257.28     2245     462     462    1783
         694    1.5e+04      2248 2257.27 2257.28     2242     462     462    1780
         695    1.5e+04      2248 2257.27 2257.28     2245     462     462    1783
         696    1.5e+04      2248 2257.27 2257.27     2241     462     462    1779
         697    1.5e+04      2248 2257.27 2257.28     2244     462     462    1782
         698    1.5e+04      2248 2257.27 2257.27     2241     462     462    1779
         699    1.5e+04      2248 2257.27 2257.27     2244     462     462    1782
         700    1.5e+04      2248 2257.27 2257.27     2238     462     462    1776
         701    1.5e+04      2248 2257.27 2257.27     2245     462     462    1783
         702    1.5e+04      2248 2257.27 2257.27     2241     462     462    1779
         703    1.5e+04      2248 2257.27 2257.28     2244     462     462    1782
         704    1.5e+04      2248 2257.27 2257.27     2241     462     462    1779
         705    1.5e+04      2248 2257.27 2257.28     2244     462     462    1782
         706    1.5e+04      2248 2257.27 2257.28     2241     462     462    1779
         707    1.5e+04      2248 2257.27 2257.27     2244     462     462    1782
         708    1.5e+04      2248 2257.27 2257.27     2239     462     462    1777
         709    1.5e+04      2248 2257.27 2257.27     2244     462     462    1782
         710    1.5e+04      2248 2257.27 2257.27     2241     462     462    1779
         711    1.5e+04      2248 2257.27 2257.27     2244     462     462    1782
         712    1.5e+04      2248 2257.27 2257.27     2240     462     462    1778
         713    1.5e+04      2248 2257.26 2257.26     2244     462     462    1782
         714    1.5e+04      2248 2257.26 2257.27     2241     462     462    1779
         715    1.5e+04      2248 2257.26 2257.27     2244     462     462    1782
         716    1.5e+04      2248 2257.26 2257.27     2241     462     462    1779
         717    1.5e+04      2248 2257.26 2257.27     2244     462     462    1782
         718    1.5e+04      2248 2257.26 2257.27     2241     462     462    1779
         719    1.5e+04      2248 2257.26 2257.27     2244     462     462    1782
         720    1.5e+04      2248 2257.26 2257.27     2241     462     462    1779
         721    1.5e+04      2248 2257.26 2257.27     2244     462     462    1782
         722    1.5e+04      2248 2257.26 2257.27     2241     462     462    1779
         723    1.5e+04      2248 2257.26 2257.27     2244     462     462    1782
         724    1.5e+04      2248 2257.26 2257.27     2241     462     462    1779
         725    1.5e+04      2248 2257.26 2257.27     2244     462     462    1782
         726    1.5e+04      2248 2257.26 2257.27     2241     462     462    1779
         727    1.5e+04      2248 2257.26 2257.27     2244     462     462    1782
         728    1.5e+04      2248 2257.26 2257.27     2241     462     462    1779
         729    1.5e+04      2248 2257.26 2257.27     2244     462     462    1782
         730    1.5e+04      2248 2257.26 2257.27     2241     462     462    1779
         731    1.5e+04      2248 2257.26 2257.26     2244     462     462    1782
         732    1.5e+04      2248 2257.26 2257.27     2241     462     462    1779
         733    1.5e+04      2248 2257.26 2257.26     2245     462     462    1783
         734    1.5e+04      2248 2257.26 2257.27     2241     462     462    1779
         735    1.5e+04      2248 2257.26 2257.26     2244     462     462    1782
         736    1.5e+04      2248 2257.26 2257.27     2241     462     462    1779
         737    1.5e+04      2248 2257.26 2257.26     2244     462     462    1782
         738    1.5e+04      2248 2257.26 2257.27     2241     462     462    1779
               reducing step to 0.0015625
    *    739    1.5e+04      2249  2257.2  2257.2     2249     462     462    1787
         740    1.5e+04      2249 2257.16 2257.16     2243     462     462    1781
         741    1.5e+04      2249 2257.16 2257.17     2248     462     462    1786
         742    1.5e+04      2249 2257.15 2257.15     2244     462     462    1782
         743    1.5e+04      2249 2257.15 2257.18     2248     462     462    1786
         744    1.5e+04      2249 2257.15 2257.15     2243     462     462    1781
         745    1.5e+04      2249 2257.15 2257.18     2246     462     462    1784
         746    1.5e+04      2249 2257.15 2257.16     2244     462     462    1782
         747    1.5e+04      2249 2257.15 2257.17     2246     462     462    1784
         748    1.5e+04      2249 2257.15 2257.15     2243     462     462    1781
         749    1.5e+04      2249 2257.15 2257.17     2245     462     462    1783
         750    1.5e+04      2249 2257.15 2257.15     2243     462     462    1781
         751    1.5e+04      2249 2257.15 2257.17     2245     462     462    1783
         752    1.5e+04      2249 2257.15 2257.15     2243     462     462    1781
         753    1.5e+04      2249 2257.15 2257.17     2245     462     462    1783
         754    1.5e+04      2249 2257.15 2257.15     2243     462     462    1781
         755    1.5e+04      2249 2257.15 2257.17     2245     462     462    1783
         756    1.5e+04      2249 2257.15 2257.15     2243     462     462    1781
         757    1.5e+04      2249 2257.15 2257.17     2245     462     462    1783
         758    1.5e+04      2249 2257.15 2257.15     2242     462     462    1780
         759    1.5e+04      2249 2257.15 2257.17     2244     462     462    1782
         760    1.5e+04      2249 2257.14 2257.14     2242     462     462    1780
         761    1.5e+04      2249 2257.14 2257.16     2244     462     462    1782
         762    1.5e+04      2249 2257.14 2257.14     2242     462     462    1780
         763    1.5e+04      2249 2257.14 2257.16     2244     462     462    1782
         764    1.5e+04      2249 2257.14 2257.15     2242     462     462    1780
         765    1.5e+04      2249 2257.14 2257.16     2244     462     462    1782
         766    1.5e+04      2249 2257.14 2257.15     2242     462     462    1780
         767    1.5e+04      2249 2257.14 2257.16     2244     462     462    1782
         768    1.5e+04      2249 2257.14 2257.15     2242     462     462    1780
         769    1.5e+04      2249 2257.14 2257.16     2244     462     462    1782
         770    1.5e+04      2249 2257.14 2257.15     2242     462     462    1780
         771    1.5e+04      2249 2257.14 2257.16     2244     462     462    1782
         772    1.5e+04      2249 2257.14 2257.15     2242     462     462    1780
         773    1.5e+04      2249 2257.14 2257.16     2244     462     462    1782
         774    1.5e+04      2249 2257.14 2257.15     2242     462     462    1780
         775    1.5e+04      2249 2257.14 2257.16     2244     462     462    1782
         776    1.5e+04      2249 2257.14 2257.15     2242     462     462    1780
         777    1.5e+04      2249 2257.14 2257.16     2244     462     462    1782
         778    1.5e+04      2249 2257.14 2257.15     2242     462     462    1780
         779    1.5e+04      2249 2257.14 2257.16     2244     462     462    1782
         780    1.5e+04      2249 2257.14 2257.15     2242     462     462    1780
         781    1.5e+04      2249 2257.14 2257.16     2244     462     462    1782
         782    1.5e+04      2249 2257.14 2257.15     2242     462     462    1780
         783    1.5e+04      2249 2257.14 2257.16     2244     462     462    1782
         784    1.5e+04      2249 2257.14 2257.14     2241     462     462    1779
         785    1.5e+04      2249 2257.14 2257.16     2243     462     462    1781
         786    1.5e+04      2249 2257.14 2257.15     2242     462     462    1780
         787    1.5e+04      2249 2257.14 2257.16     2244     462     462    1782
         788    1.5e+04      2249 2257.14 2257.14     2242     462     462    1780
         789    1.5e+04      2249 2257.14 2257.16     2245     462     462    1783
         790    1.5e+04      2249 2257.14 2257.15     2242     462     462    1780
         791    1.5e+04      2249 2257.14 2257.16     2244     462     462    1782
         792    1.5e+04      2249 2257.14 2257.14     2241     462     462    1779
         793    1.5e+04      2249 2257.14 2257.16     2244     462     462    1782
         794    1.5e+04      2249 2257.14 2257.14     2242     462     462    1780
         795    1.5e+04      2249 2257.14 2257.17     2243     462     462    1781
         796    1.5e+04      2249 2257.14 2257.14     2242     462     462    1780
         797    1.5e+04      2249 2257.14 2257.16     2244     462     462    1782
         798    1.5e+04      2249 2257.14 2257.14     2242     462     462    1780
         799    1.5e+04      2249 2257.14 2257.16     2244     462     462    1782
         800    1.5e+04      2249 2257.14 2257.14     2241     462     462    1779
         801    1.5e+04      2249 2257.14 2257.16     2243     462     462    1781
         802    1.5e+04      2249 2257.14 2257.14     2242     462     462    1780
         803    1.5e+04      2249 2257.14 2257.16     2244     462     462    1782
         804    1.5e+04      2249 2257.14 2257.14     2242     462     462    1780
         805    1.5e+04      2249 2257.14 2257.16     2244     462     462    1782
         806    1.5e+04      2249 2257.14 2257.14     2242     462     462    1780
         807    1.5e+04      2249 2257.14 2257.16     2244     462     462    1782
         808    1.5e+04      2249 2257.14 2257.14     2241     462     462    1779
         809    1.5e+04      2249 2257.14 2257.16     2244     462     462    1782
         810    1.5e+04      2249 2257.14 2257.14     2242     462     462    1780
         811    1.5e+04      2249 2257.14 2257.16     2244     462     462    1782
         812    1.5e+04      2249 2257.14 2257.14     2242     462     462    1780
         813    1.5e+04      2249 2257.14 2257.16     2244     462     462    1782
         814    1.5e+04      2249 2257.14 2257.14     2242     462     462    1780
         815    1.5e+04      2249 2257.14 2257.16     2244     462     462    1782
         816    1.5e+04      2249 2257.14 2257.14     2242     462     462    1780
         817    1.5e+04      2249 2257.14 2257.16     2244     462     462    1782
         818    1.5e+04      2249 2257.14 2257.14     2240     462     462    1778
         819    1.5e+04      2249 2257.14 2257.16     2244     462     462    1782
         820    1.5e+04      2249 2257.14 2257.14     2242     462     462    1780
         821    1.5e+04      2249 2257.14 2257.16     2244     462     462    1782
         822    1.5e+04      2249 2257.14 2257.14     2243     462     462    1781
         823    1.5e+04      2249 2257.14 2257.16     2244     462     462    1782
         824    1.5e+04      2249 2257.14 2257.14     2242     462     462    1780
         825    1.5e+04      2249 2257.14 2257.16     2244     462     462    1782
         826    1.5e+04      2249 2257.14 2257.14     2242     462     462    1780
         827    1.5e+04      2249 2257.14 2257.16     2244     462     462    1782
         828    1.5e+04      2249 2257.14 2257.14     2242     462     462    1780
         829    1.5e+04      2249 2257.14 2257.16     2244     462     462    1782
         830    1.5e+04      2249 2257.14 2257.14     2242     462     462    1780
         831    1.5e+04      2249 2257.14 2257.16     2244     462     462    1782
         832    1.5e+04      2249 2257.14 2257.14     2242     462     462    1780
         833    1.5e+04      2249 2257.14 2257.16     2244     462     462    1782
         834    1.5e+04      2249 2257.14 2257.14     2242     462     462    1780
         835    1.5e+04      2249 2257.14 2257.16     2244     462     462    1782
         836    1.5e+04      2249 2257.14 2257.14     2242     462     462    1780
         837    1.5e+04      2249 2257.14 2257.16     2244     462     462    1782
         838    1.5e+04      2249 2257.14 2257.14     2240     462     462    1778
         839    1.5e+04      2249 2257.14 2257.15     2244     462     462    1782
         840    1.5e+04      2249 2257.14 2257.14     2242     462     462    1780
         841    1.5e+04      2249 2257.14 2257.15     2244     462     462    1782
         842    1.5e+04      2249 2257.14 2257.14     2241     462     462    1779
         843    1.5e+04      2249 2257.14 2257.15     2243     462     462    1781
         844    1.5e+04      2249 2257.14 2257.14     2242     462     462    1780
         845    1.5e+04      2249 2257.14 2257.15     2244     462     462    1782
         846    1.5e+04      2249 2257.14 2257.14     2242     462     462    1780
         847    1.5e+04      2249 2257.14 2257.15     2244     462     462    1782
         848    1.5e+04      2249 2257.14 2257.14     2242     462     462    1780
         849    1.5e+04      2249 2257.14 2257.15     2244     462     462    1782
         850    1.5e+04      2249 2257.14 2257.14     2241     462     462    1779
         851    1.5e+04      2249 2257.14 2257.15     2243     462     462    1781
               reducing step to 0.00078125
         852    1.5e+04      2249 2257.12 2257.12     2249     462     462    1787
         853    1.5e+04      2249  2257.1  2257.1     2245     462     462    1783
         854    1.5e+04      2249  2257.1  2257.1     2247     462     462    1785
         855    1.5e+04      2249  2257.1  2257.1     2244     462     462    1782
         856    1.5e+04      2249  2257.1  2257.1     2247     462     462    1785
         857    1.5e+04      2249  2257.1  2257.1     2243     462     462    1781
         858    1.5e+04      2249 2257.09 2257.09     2245     462     462    1783
         859    1.5e+04      2249 2257.09  2257.1     2244     462     462    1782
         860    1.5e+04      2249 2257.09 2257.09     2247     462     462    1785
         861    1.5e+04      2249 2257.09  2257.1     2243     462     462    1781
         862    1.5e+04      2249 2257.09 2257.09     2246     462     462    1784
         863    1.5e+04      2249 2257.09  2257.1     2242     462     462    1780
         864    1.5e+04      2249 2257.09 2257.09     2245     462     462    1783
         865    1.5e+04      2249 2257.09 2257.09     2243     462     462    1781
         866    1.5e+04      2249 2257.09 2257.09     2245     462     462    1783
         867    1.5e+04      2249 2257.09 2257.09     2243     462     462    1781
         868    1.5e+04      2249 2257.09 2257.09     2245     462     462    1783
         869    1.5e+04      2249 2257.09  2257.1     2242     462     462    1780
         870    1.5e+04      2249 2257.09 2257.09     2245     462     462    1783
         871    1.5e+04      2249 2257.09 2257.09     2243     462     462    1781
         872    1.5e+04      2249 2257.09 2257.09     2244     462     462    1782
         873    1.5e+04      2249 2257.09 2257.09     2242     462     462    1780
         874    1.5e+04      2249 2257.09 2257.09     2244     462     462    1782
         875    1.5e+04      2249 2257.09 2257.09     2242     462     462    1780
         876    1.5e+04      2249 2257.09 2257.09     2244     462     462    1782
         877    1.5e+04      2249 2257.09 2257.09     2242     462     462    1780
         878    1.5e+04      2249 2257.09 2257.09     2244     462     462    1782
         879    1.5e+04      2249 2257.09 2257.09     2242     462     462    1780
         880    1.5e+04      2249 2257.09 2257.09     2244     462     462    1782
         881    1.5e+04      2249 2257.09  2257.1     2241     462     462    1779
         882    1.5e+04      2249 2257.09 2257.09     2242     462     462    1780
         883    1.5e+04      2249 2257.09 2257.09     2242     462     462    1780
         884    1.5e+04      2249 2257.09 2257.09     2243     462     462    1781
         885    1.5e+04      2249 2257.09 2257.09     2242     462     462    1780
         886    1.5e+04      2249 2257.09 2257.09     2245     462     462    1783
         887    1.5e+04      2249 2257.09 2257.09     2242     462     462    1780
         888    1.5e+04      2249 2257.09 2257.09     2244     462     462    1782
         889    1.5e+04      2249 2257.09 2257.09     2242     462     462    1780
         890    1.5e+04      2249 2257.09 2257.09     2244     462     462    1782
         891    1.5e+04      2249 2257.09 2257.09     2242     462     462    1780
         892    1.5e+04      2249 2257.09 2257.09     2244     462     462    1782
         893    1.5e+04      2249 2257.09 2257.09     2242     462     462    1780
         894    1.5e+04      2249 2257.09 2257.09     2244     462     462    1782
         895    1.5e+04      2249 2257.09 2257.09     2242     462     462    1780
         896    1.5e+04      2249 2257.09 2257.09     2244     462     462    1782
         897    1.5e+04      2249 2257.09 2257.09     2242     462     462    1780
         898    1.5e+04      2249 2257.09 2257.09     2244     462     462    1782
         899    1.5e+04      2249 2257.09 2257.09     2242     462     462    1780
         900    1.5e+04      2249 2257.09 2257.09     2244     462     462    1782
         901    1.5e+04      2249 2257.09 2257.09     2242     462     462    1780
         902    1.5e+04      2249 2257.09 2257.09     2244     462     462    1782
         903    1.5e+04      2249 2257.09 2257.09     2242     462     462    1780
         904    1.5e+04      2249 2257.09 2257.09     2244     462     462    1782
         905    1.5e+04      2249 2257.09 2257.09     2242     462     462    1780
         906    1.5e+04      2249 2257.09 2257.09     2244     462     462    1782
         907    1.5e+04      2249 2257.09 2257.09     2242     462     462    1780
         908    1.5e+04      2249 2257.09 2257.09     2244     462     462    1782
         909    1.5e+04      2249 2257.09 2257.09     2242     462     462    1780
         910    1.5e+04      2249 2257.09 2257.09     2244     462     462    1782
         911    1.5e+04      2249 2257.09 2257.09     2242     462     462    1780
         912    1.5e+04      2249 2257.09 2257.09     2244     462     462    1782
         913    1.5e+04      2249 2257.09  2257.1     2242     462     462    1780
         914    1.5e+04      2249 2257.09 2257.09     2242     462     462    1780
         915    1.5e+04      2249 2257.09 2257.09     2242     462     462    1780
         916    1.5e+04      2249 2257.09 2257.09     2243     462     462    1781
         917    1.5e+04      2249 2257.09 2257.09     2241     462     462    1779
         918    1.5e+04      2249 2257.09 2257.09     2244     462     462    1782
         919    1.5e+04      2249 2257.09 2257.09     2241     462     462    1779
         920    1.5e+04      2249 2257.09 2257.09     2245     462     462    1783
         921    1.5e+04      2249 2257.09 2257.09     2242     462     462    1780
         922    1.5e+04      2249 2257.09 2257.09     2244     462     462    1782
         923    1.5e+04      2249 2257.09 2257.09     2242     462     462    1780
         924    1.5e+04      2249 2257.09 2257.09     2243     462     462    1781
         925    1.5e+04      2249 2257.09 2257.09     2240     462     462    1778
         926    1.5e+04      2249 2257.09 2257.09     2243     462     462    1781
         927    1.5e+04      2249 2257.09 2257.09     2242     462     462    1780
         928    1.5e+04      2249 2257.09 2257.09     2244     462     462    1782
         929    1.5e+04      2249 2257.09 2257.09     2242     462     462    1780
         930    1.5e+04      2249 2257.09 2257.09     2244     462     462    1782
         931    1.5e+04      2249 2257.09 2257.09     2242     462     462    1780
         932    1.5e+04      2249 2257.09 2257.09     2244     462     462    1782
         933    1.5e+04      2249 2257.09 2257.09     2242     462     462    1780
         934    1.5e+04      2249 2257.09 2257.09     2244     462     462    1782
         935    1.5e+04      2249 2257.09 2257.09     2242     462     462    1780
         936    1.5e+04      2249 2257.09 2257.09     2244     462     462    1782
         937    1.5e+04      2249 2257.09 2257.09     2242     462     462    1780
         938    1.5e+04      2249 2257.09 2257.09     2244     462     462    1782
         939    1.5e+04      2249 2257.09 2257.09     2242     462     462    1780
         940    1.5e+04      2249 2257.09 2257.09     2244     462     462    1782
         941    1.5e+04      2249 2257.09 2257.09     2242     462     462    1780
         942    1.5e+04      2249 2257.09 2257.09     2244     462     462    1782
         943    1.5e+04      2249 2257.09 2257.09     2242     462     462    1780
         944    1.5e+04      2249 2257.09 2257.09     2244     462     462    1782
         945    1.5e+04      2249 2257.09 2257.09     2242     462     462    1780
         946    1.5e+04      2249 2257.09 2257.09     2244     462     462    1782
         947    1.5e+04      2249 2257.09 2257.09     2242     462     462    1780
         948    1.5e+04      2249 2257.09 2257.09     2244     462     462    1782
               reducing step to 0.000390625
         949    1.5e+04      2249 2257.07 2257.07     2247     462     462    1785
         950    1.5e+04      2249 2257.06 2257.06     2245     462     462    1783
         951    1.5e+04      2249 2257.06 2257.06     2246     462     462    1784
         952    1.5e+04      2249 2257.06 2257.06     2242     462     462    1780
    *    953    1.5e+04      2250 2257.06 2257.07     2250     462     462    1788
         954    1.5e+04      2250 2257.06 2257.06     2243     462     462    1781
         955    1.5e+04      2250 2257.06 2257.07     2247     462     462    1785
         956    1.5e+04      2250 2257.06 2257.06     2245     462     462    1783
         957    1.5e+04      2250 2257.06 2257.07     2249     462     462    1787
         958    1.5e+04      2250 2257.06 2257.06     2244     462     462    1782
         959    1.5e+04      2250 2257.06 2257.07     2246     462     462    1784
         960    1.5e+04      2250 2257.06 2257.06     2243     462     462    1781
         961    1.5e+04      2250 2257.06 2257.07     2245     462     462    1783
         962    1.5e+04      2250 2257.06 2257.06     2243     462     462    1781
         963    1.5e+04      2250 2257.06 2257.07     2246     462     462    1784
         964    1.5e+04      2250 2257.06 2257.06     2243     462     462    1781
         965    1.5e+04      2250 2257.06 2257.07     2246     462     462    1784
         966    1.5e+04      2250 2257.06 2257.06     2243     462     462    1781
         967    1.5e+04      2250 2257.06 2257.07     2246     462     462    1784
         968    1.5e+04      2250 2257.06 2257.06     2242     462     462    1780
         969    1.5e+04      2250 2257.06 2257.07     2245     462     462    1783
         970    1.5e+04      2250 2257.06 2257.06     2242     462     462    1780
         971    1.5e+04      2250 2257.06 2257.07     2245     462     462    1783
         972    1.5e+04      2250 2257.06 2257.06     2242     462     462    1780
         973    1.5e+04      2250 2257.06 2257.07     2245     462     462    1783
         974    1.5e+04      2250 2257.06 2257.06     2242     462     462    1780
         975    1.5e+04      2250 2257.06 2257.07     2245     462     462    1783
         976    1.5e+04      2250 2257.06 2257.06     2242     462     462    1780
         977    1.5e+04      2250 2257.06 2257.07     2245     462     462    1783
         978    1.5e+04      2250 2257.06 2257.06     2242     462     462    1780
         979    1.5e+04      2250 2257.06 2257.07     2245     462     462    1783
         980    1.5e+04      2250 2257.06 2257.06     2242     462     462    1780
         981    1.5e+04      2250 2257.06 2257.07     2245     462     462    1783
         982    1.5e+04      2250 2257.06 2257.06     2242     462     462    1780
         983    1.5e+04      2250 2257.06 2257.07     2245     462     462    1783
         984    1.5e+04      2250 2257.06 2257.06     2242     462     462    1780
         985    1.5e+04      2250 2257.06 2257.07     2245     462     462    1783
         986    1.5e+04      2250 2257.06 2257.06     2242     462     462    1780
         987    1.5e+04      2250 2257.06 2257.06     2245     462     462    1783
         988    1.5e+04      2250 2257.06 2257.06     2242     462     462    1780
         989    1.5e+04      2250 2257.06 2257.06     2246     462     462    1784
         990    1.5e+04      2250 2257.06 2257.06     2242     462     462    1780
         991    1.5e+04      2250 2257.06 2257.06     2245     462     462    1783
         992    1.5e+04      2250 2257.06 2257.06     2242     462     462    1780
         993    1.5e+04      2250 2257.06 2257.06     2245     462     462    1783
         994    1.5e+04      2250 2257.06 2257.06     2242     462     462    1780
         995    1.5e+04      2250 2257.06 2257.06     2245     462     462    1783
         996    1.5e+04      2250 2257.06 2257.06     2242     462     462    1780
         997    1.5e+04      2250 2257.06 2257.06     2245     462     462    1783
         998    1.5e+04      2250 2257.06 2257.06     2242     462     462    1780
         999    1.5e+04      2250 2257.06 2257.06     2245     462     462    1783
        1000    1.5e+04      2250 2257.06 2257.06     2242     462     462    1780
Total time used by klau is 43.75
true_align (1135) and est_align (462) DO NOT have the same number of elements.
method klau has a score of 26.87%
method klau used 43.754 seconds.
maximum values in init align row is:  1134
maximum values in init align col is:  1134
 best   iter   pr-delta       obj  weight    card overlap
    *      1    5.0e-01    1503.5     467     467    1270
    *      2    1.4e-01    1639.5     467     467    1406
           3    5.2e-02    1631.5     467     467    1398
    *      4    2.1e-02    1643.5     467     467    1410
           5    8.8e-03    1642.5     467     467    1409
    *      6    4.2e-03    1648.5     467     467    1415
           7    2.1e-03    1647.5     467     467    1414
           8    1.1e-03    1647.5     467     467    1414
           9    5.8e-04    1647.5     467     467    1414
          10    3.2e-04    1647.5     467     467    1414
          11    1.8e-04    1647.5     467     467    1414
          12    1.1e-04    1647.5     467     467    1414
          13    6.2e-05    1647.5     467     467    1414
          14    3.7e-05    1647.5     467     467    1414
          15    2.2e-05    1647.5     467     467    1414
          16    1.3e-05    1647.5     467     467    1414
          17    8.0e-06    1647.5     467     467    1414
          18    4.9e-06    1646.5     467     467    1413
          19    3.0e-06    1646.5     467     467    1413
          20    1.9e-06    1646.5     467     467    1413
          21    1.2e-06    1646.5     467     467    1413
          22    7.2e-07    1646.5     467     467    1413
          23    4.5e-07    1646.5     467     467    1413
          24    2.9e-07    1646.5     467     467    1413
          25    1.8e-07    1646.5     467     467    1413
          26    1.2e-07    1646.5     467     467    1413
          27    7.4e-08    1646.5     467     467    1413
          28    4.7e-08    1646.5     467     467    1413
          29    3.1e-08    1646.5     467     467    1413
          30    2.0e-08    1646.5     467     467    1413
          31    1.3e-08    1646.5     467     467    1413
          32    8.3e-09    1646.5     467     467    1413
          33    5.4e-09    1646.5     467     467    1413
          34    3.5e-09    1646.5     467     467    1413
          35    2.3e-09    1646.5     467     467    1413
          36    1.5e-09    1646.5     467     467    1413
          37    9.9e-10    1646.5     467     467    1413
          38    6.5e-10    1646.5     467     467    1413
          39    4.3e-10    1646.5     467     467    1413
          40    2.8e-10    1646.5     467     467    1413
          41    1.9e-10    1646.5     467     467    1413
          42    1.2e-10    1646.5     467     467    1413
          43    8.2e-11    1646.5     467     467    1413
          44    5.4e-11    1646.5     467     467    1413
          45    3.6e-11    1646.5     467     467    1413
          46    2.4e-11    1646.5     467     467    1413
          47    1.6e-11    1646.5     467     467    1413
          48    1.0e-11    1646.5     467     467    1413
          49    6.9e-12    1646.5     467     467    1413
          50    4.6e-12    1646.5     467     467    1413
          51    3.0e-12    1646.5     467     467    1413
          52    2.0e-12    1646.5     467     467    1413
          53    1.3e-12    1646.5     467     467    1413
          54    8.9e-13    1646.5     467     467    1413
Total time used by isorank is 0.73
true_align (1135) and est_align (467) DO NOT have the same number of elements.
method isorank has a score of 9.43%
method isorank used 0.731 seconds.
experiment results:
     method      score       time
0     final  30.572687   3.229141
1  netalign  26.784141   2.036183
2      klau  26.872247  43.754092
3   isorank   9.427313   0.730693
