num_init for this graph is 10
Generating initial alignment matrix using degree ...
mode is  degree
number of noisy edges are:  10
Average number of initial alignments for each node is 20
maximum values in init align row is:  1134
maximum values in init align col is:  1127
best   iter    obj_ma wght_ma card_ma over_ma    obj_mb wght_mb card_mb over_mb
  *a      1      1723     464     464    1259      1723     464     464    1259
          2       642     323     323     319       926     364     364     562
          3       908     435     435     473       790     337     337     453
          4       684     366     366     318       740     368     368     372
  *a      5      1730     463     463    1267      1685     438     438    1247
  *b      6      1925     464     464    1461      1955     445     445    1510
          7      1515     428     428    1087      1705     427     427    1278
          8       767     365     365     402       587     231     231     356
          9      1035     382     382     653      1014     348     348     666
         10      1934     462     462    1472      1936     454     454    1482
  *a     11      2129     464     464    1665      2116     453     453    1663
         12      2104     463     463    1641      2114     446     446    1668
  *a     13      2142     460     460    1682      2093     422     422    1671
  *a     14      2159     458     458    1701      1952     384     384    1568
  *a     15      2222     463     463    1759      2191     449     449    1742
  *b     16      2224     463     463    1761      2228     461     461    1767
         17      2223     463     463    1760      2226     460     460    1766
  *a     18      2229     463     463    1766      2215     455     455    1760
  *a     19      2230     463     463    1767      2211     453     453    1758
  *a     20      2231     463     463    1768      2213     453     453    1760
         21      2230     463     463    1767      2225     458     458    1767
         22      2230     463     463    1767      2224     457     457    1767
         23      2231     463     463    1768      2220     460     460    1760
         24      2228     463     463    1765      2222     461     461    1761
         25      2227     463     463    1764      2220     459     459    1761
         26      2230     463     463    1767      2230     461     461    1769
         27      2229     463     463    1766      2228     460     460    1768
  *a     28      2233     463     463    1770      2230     461     461    1769
         29      2230     463     463    1767      2224     458     458    1766
         30      2230     463     463    1767      2229     461     461    1768
         31      2231     463     463    1768      2229     461     461    1768
         32      2229     463     463    1766      2228     461     461    1767
         33      2229     463     463    1766      2227     461     461    1766
         34      2229     463     463    1766      2224     458     458    1766
         35      2229     463     463    1766      2224     459     459    1765
         36      2229     463     463    1766      2224     459     459    1765
         37      2229     463     463    1766      2225     461     461    1764
         38      2230     463     463    1767      2226     461     461    1765
         39      2230     463     463    1767      2230     462     462    1768
         40      2231     463     463    1768      2231     462     462    1769
         41      2231     463     463    1768      2227     460     460    1767
         42      2231     463     463    1768      2226     460     460    1766
         43      2231     463     463    1768      2227     460     460    1767
         44      2231     463     463    1768      2229     462     462    1767
         45      2231     463     463    1768      2231     463     463    1768
         46      2231     463     463    1768      2231     463     463    1768
         47      2231     463     463    1768      2230     462     462    1768
         48      2231     463     463    1768      2230     462     462    1768
         49      2231     463     463    1768      2230     462     462    1768
         50      2231     463     463    1768      2231     463     463    1768
         51      2231     463     463    1768      2231     463     463    1768
         52      2231     463     463    1768      2230     462     462    1768
         53      2231     463     463    1768      2230     462     462    1768
         54      2231     463     463    1768      2230     462     462    1768
         55      2230     462     462    1768      2230     462     462    1768
         56      2230     462     462    1768      2227     461     461    1766
         57      2230     462     462    1768      2227     461     461    1766
         58      2231     463     463    1768      2231     463     463    1768
         59      2231     463     463    1768      2231     463     463    1768
         60      2231     463     463    1768      2231     463     463    1768
         61      2231     463     463    1768      2231     463     463    1768
         62      2231     463     463    1768      2231     463     463    1768
         63      2231     463     463    1768      2231     463     463    1768
         64      2231     463     463    1768      2231     463     463    1768
         65      2231     463     463    1768      2231     463     463    1768
         66      2231     463     463    1768      2231     463     463    1768
         67      2231     463     463    1768      2231     463     463    1768
         68      2231     463     463    1768      2231     463     463    1768
         69      2231     463     463    1768      2231     463     463    1768
         70      2231     463     463    1768      2231     463     463    1768
         71      2231     463     463    1768      2231     463     463    1768
         72      2231     463     463    1768      2231     463     463    1768
         73      2231     463     463    1768      2231     463     463    1768
         74      2231     463     463    1768      2231     463     463    1768
         75      2231     463     463    1768      2231     463     463    1768
         76      2231     463     463    1768      2231     463     463    1768
         77      2231     463     463    1768      2231     463     463    1768
         78      2231     463     463    1768      2223     462     462    1761
         79      2231     463     463    1768      2223     462     462    1761
         80      2231     463     463    1768      2223     462     462    1761
         81      2231     463     463    1768      2223     462     462    1761
         82      2231     463     463    1768      2231     463     463    1768
         83      2231     463     463    1768      2231     463     463    1768
         84      2231     463     463    1768      2231     463     463    1768
         85      2231     463     463    1768      2231     463     463    1768
         86      2231     463     463    1768      2231     463     463    1768
         87      2231     463     463    1768      2223     462     462    1761
         88      2231     463     463    1768      2223     462     462    1761
         89      2231     463     463    1768      2231     463     463    1768
         90      2231     463     463    1768      2231     463     463    1768
         91      2231     463     463    1768      2231     463     463    1768
         92      2231     463     463    1768      2231     463     463    1768
         93      2231     463     463    1768      2231     463     463    1768
         94      2231     463     463    1768      2231     463     463    1768
         95      2231     463     463    1768      2231     463     463    1768
         96      2231     463     463    1768      2231     463     463    1768
         97      2231     463     463    1768      2231     463     463    1768
         98      2231     463     463    1768      2231     463     463    1768
         99      2231     463     463    1768      2231     463     463    1768
        100      2231     463     463    1768      2231     463     463    1768
Total time used by netalign is 1.85
true_align (1135) and est_align (463) DO NOT have the same number of elements.
method netalign has a score of 27.49%
method netalign used 1.853 seconds.
maximum values in init align row is:  1134
maximum values in init align col is:  1127
 best   iter     norm-u     lower   upper     cur      obj  weight    card overlap
    *      1    0.0e+00      1857    2508    2508     1857     464     464    1393
           2    1.3e+03      1857    2508  2670.4     1697     464     464    1233
           3    1.8e+03      1857    2508  2602.1     1272     464     464     808
           4    2.5e+03      1857    2508  2633.6     1341     464     464     877
           5    2.9e+03      1857    2508  2602.1     1226     464     464     762
           6    3.4e+03      1857    2508  2613.7     1198     464     464     734
           7    3.8e+03      1857    2508  2596.4      991     464     464     527
           8    4.3e+03      1857    2508  2603.6     1194     464     464     730
           9    4.6e+03      1857    2508  2598.4     1089     464     464     625
          10    5.0e+03      1857    2508  2583.6     1052     464     464     588
          11    5.3e+03      1857    2508  2589.3     1064     464     464     600
          12    5.6e+03      1857    2508  2566.1     1087     464     464     623
          13    5.8e+03      1857    2508  2595.3     1108     464     464     644
          14    6.1e+03      1857    2508  2566.8     1048     464     464     584
          15    6.3e+03      1857    2508  2585.5      958     464     464     494
          16    6.6e+03      1857    2508  2566.1     1087     464     464     623
          17    6.9e+03      1857    2508  2588.2      965     464     464     501
          18    7.1e+03      1857    2508  2556.4     1046     464     464     582
          19    7.3e+03      1857    2508    2578      993     464     464     529
          20    7.6e+03      1857    2508  2557.9     1047     464     464     583
          21    7.7e+03      1857    2508  2563.2      999     464     464     535
          22    7.9e+03      1857    2508  2558.8     1143     464     464     679
          23    8.1e+03      1857    2508  2556.2     1032     464     464     568
          24    8.3e+03      1857    2508  2555.1     1092     464     464     628
          25    8.5e+03      1857    2508  2560.6      925     464     464     461
          26    8.7e+03      1857    2508  2552.4     1048     464     464     584
               reducing step to 0.2
          27    8.8e+03      1857  2435.4  2435.4     1090     464     464     626
          28    8.9e+03      1857  2435.4  2438.6     1016     464     464     552
          29    8.9e+03      1857  2412.5  2412.5      982     464     464     518
          30    9.0e+03      1857  2412.5  2413.9      988     464     464     524
          31    9.1e+03      1857  2402.6  2402.6     1021     464     464     557
          32    9.2e+03      1857  2396.1  2396.1     1005     464     464     541
          33    9.2e+03      1857  2389.8  2389.8     1128     464     464     664
          34    9.3e+03      1857  2379.8  2379.8     1111     464     464     647
          35    9.3e+03      1857  2379.8  2379.8     1103     464     464     639
          36    9.4e+03      1857  2364.9  2364.9     1121     464     464     657
          37    9.5e+03      1857  2364.9  2375.2     1149     464     464     685
          38    9.5e+03      1857  2364.9  2378.5     1176     464     464     712
          39    9.6e+03      1857  2361.2  2361.2     1175     464     464     711
          40    9.6e+03      1857  2361.2  2366.5     1118     464     464     654
          41    9.7e+03      1857  2359.9  2359.9     1291     464     464     827
          42    9.7e+03      1857  2356.8  2356.8     1076     464     464     612
          43    9.8e+03      1857  2356.8    2369     1179     464     464     715
          44    9.8e+03      1857  2345.6  2345.6     1180     464     464     716
          45    9.9e+03      1857  2345.6  2361.3     1148     464     464     684
          46    9.9e+03      1857  2345.6  2348.1     1231     464     464     767
          47    1.0e+04      1857  2345.6  2349.9     1132     464     464     668
          48    1.0e+04      1857  2345.6    2355     1283     464     464     819
          49    1.0e+04      1857  2334.8  2334.8     1420     464     464     956
          50    1.0e+04      1857  2334.8  2339.8     1213     464     464     749
          51    1.0e+04      1857  2334.8  2348.8     1283     464     464     819
          52    1.0e+04      1857  2331.3  2331.3     1336     464     464     872
          53    1.0e+04      1857  2331.3  2345.5     1184     464     464     720
          54    1.0e+04      1857  2331.3  2344.2     1309     464     464     845
          55    1.0e+04      1857  2331.3  2337.3     1429     464     464     965
          56    1.0e+04      1857  2328.8  2328.8     1316     464     464     852
          57    1.0e+04      1857  2328.8  2343.5     1285     464     464     821
          58    1.0e+04      1857  2328.8  2334.1     1360     464     464     896
          59    1.0e+04      1857  2328.8    2334     1365     464     464     901
          60    1.0e+04      1857  2328.8  2334.8     1326     464     464     862
          61    1.0e+04      1857  2328.8  2334.6     1309     464     464     845
          62    1.1e+04      1857  2328.8  2330.9     1406     464     464     942
          63    1.1e+04      1857  2326.5  2326.5     1316     464     464     852
          64    1.1e+04      1857  2326.5  2333.3     1342     464     464     878
          65    1.1e+04      1857    2326    2326     1471     464     464    1007
          66    1.1e+04      1857  2321.2  2321.2     1437     464     464     973
          67    1.1e+04      1857  2321.2  2323.4     1414     464     464     950
          68    1.1e+04      1857  2321.2  2321.2     1389     464     464     925
          69    1.1e+04      1857  2321.2  2330.6     1368     464     464     904
          70    1.1e+04      1857  2321.2  2321.5     1348     464     464     884
          71    1.1e+04      1857  2320.8  2320.8     1429     464     464     965
          72    1.1e+04      1857  2317.4  2317.4     1427     464     464     963
          73    1.1e+04      1857  2317.4  2329.3     1475     464     464    1011
          74    1.1e+04      1857  2310.8  2310.8     1440     464     464     976
          75    1.1e+04      1857  2310.8  2320.4     1393     464     464     929
          76    1.1e+04      1857  2310.8  2322.4     1379     464     464     915
          77    1.1e+04      1857  2310.8  2328.6     1460     464     464     996
          78    1.1e+04      1857  2310.8  2319.4     1313     464     464     849
          79    1.1e+04      1857  2310.8  2323.1     1382     464     464     918
          80    1.1e+04      1857  2310.8  2319.8     1434     464     464     970
          81    1.1e+04      1857  2310.8  2316.5     1522     464     464    1058
          82    1.1e+04      1857  2310.8  2314.8     1364     464     464     900
          83    1.1e+04      1857  2310.8  2329.7     1375     464     464     911
          84    1.1e+04      1857  2310.8    2313     1493     464     464    1029
          85    1.1e+04      1857  2310.8  2312.5     1472     464     464    1008
          86    1.1e+04      1857  2310.8  2312.1     1329     464     464     865
          87    1.1e+04      1857  2310.8  2319.6     1518     464     464    1054
          88    1.1e+04      1857  2305.3  2305.3     1519     464     464    1055
          89    1.1e+04      1857    2302    2302     1583     464     464    1119
          90    1.1e+04      1857    2302  2307.9     1591     464     464    1127
          91    1.1e+04      1857    2302  2307.6     1569     464     464    1105
          92    1.1e+04      1857    2299    2299     1596     464     464    1132
          93    1.1e+04      1857    2299  2310.6     1476     464     464    1012
          94    1.2e+04      1857    2299  2310.1     1481     464     464    1017
          95    1.2e+04      1857    2299  2308.6     1644     464     464    1180
          96    1.2e+04      1857    2299  2302.6     1561     464     464    1097
          97    1.2e+04      1857    2299  2308.1     1436     464     464     972
          98    1.2e+04      1857    2299  2312.1     1438     464     464     974
          99    1.2e+04      1857    2299  2310.2     1449     464     464     985
         100    1.2e+04      1857    2299  2309.3     1532     464     464    1068
         101    1.2e+04      1857    2299  2304.2     1505     464     464    1041
         102    1.2e+04      1857    2299  2308.8     1424     464     464     960
         103    1.2e+04      1857    2299  2307.4     1534     464     464    1070
         104    1.2e+04      1857    2299  2303.6     1570     464     464    1106
         105    1.2e+04      1857    2299  2304.4     1461     464     464     997
         106    1.2e+04      1857    2299  2306.8     1638     464     464    1174
         107    1.2e+04      1857    2299    2301     1631     464     464    1167
         108    1.2e+04      1857    2299  2303.4     1567     464     464    1103
         109    1.2e+04      1857    2299  2300.1     1527     464     464    1063
         110    1.2e+04      1857    2299  2301.6     1536     464     464    1072
         111    1.2e+04      1857    2299  2308.1     1526     464     464    1062
         112    1.2e+04      1857    2299  2302.6     1611     464     464    1147
         113    1.2e+04      1857    2299  2302.2     1519     464     464    1055
         114    1.2e+04      1857    2299  2304.5     1527     464     464    1063
         115    1.2e+04      1857    2299  2300.9     1692     464     464    1228
         116    1.2e+04      1857  2292.9  2292.9     1698     464     464    1234
         117    1.2e+04      1857  2292.9  2295.3     1590     464     464    1126
         118    1.2e+04      1857  2292.9  2304.2     1440     464     464     976
         119    1.2e+04      1857  2292.9  2303.5     1428     464     464     964
         120    1.2e+04      1857  2292.9  2303.6     1540     464     464    1076
         121    1.2e+04      1857  2292.9  2301.9     1462     464     464     998
         122    1.2e+04      1857  2292.9  2298.6     1567     464     464    1103
         123    1.2e+04      1857  2292.9  2295.9     1447     464     464     983
         124    1.2e+04      1857  2292.9  2301.3     1563     464     464    1099
         125    1.2e+04      1857  2292.9  2298.1     1488     464     464    1024
         126    1.2e+04      1857  2292.9    2296     1575     464     464    1111
         127    1.2e+04      1857  2292.9  2298.5     1436     464     464     972
         128    1.2e+04      1857  2292.9  2300.4     1466     464     464    1002
         129    1.2e+04      1857  2292.9  2302.7     1540     464     464    1076
         130    1.2e+04      1857  2292.9  2298.9     1550     464     464    1086
         131    1.2e+04      1857  2292.9  2293.4     1551     464     464    1087
         132    1.2e+04      1857  2292.9  2301.4     1468     464     464    1004
         133    1.2e+04      1857  2292.9  2299.6     1615     464     464    1151
         134    1.2e+04      1857  2292.9  2297.3     1664     464     464    1200
         135    1.2e+04      1857  2292.9  2294.6     1668     464     464    1204
         136    1.3e+04      1857  2292.9  2294.3     1504     464     464    1040
         137    1.3e+04      1857  2292.9  2302.5     1606     464     464    1142
         138    1.3e+04      1857  2292.9  2297.1     1563     464     464    1099
         139    1.3e+04      1857  2292.9  2294.6     1569     464     464    1105
         140    1.3e+04      1857  2292.9  2298.9     1535     464     464    1071
         141    1.3e+04      1857  2292.9  2294.5     1594     464     464    1130
               reducing step to 0.1
    *    142    1.3e+04      1860  2266.3  2266.3     1860     464     464    1396
    *    143    1.3e+04      1895  2258.9  2258.9     1895     464     464    1431
    *    144    1.3e+04      1965  2258.9  2259.9     1965     464     464    1501
    *    145    1.3e+04      2068  2255.2  2255.2     2068     464     464    1604
    *    146    1.3e+04      2075  2254.6  2254.6     2075     464     464    1611
    *    147    1.3e+04      2152  2253.9  2253.9     2152     464     464    1688
         148    1.3e+04      2152  2253.9  2254.6     2148     464     464    1684
         149    1.3e+04      2152  2252.3  2252.3     2140     464     464    1676
    *    150    1.3e+04      2156  2252.3  2252.7     2156     464     464    1692
         151    1.3e+04      2156  2252.3    2253     2137     464     464    1673
         152    1.3e+04      2156  2252.3  2252.4     2083     463     463    1620
         153    1.3e+04      2156  2251.6  2251.6     2123     464     464    1659
    *    154    1.3e+04      2172  2251.6  2254.5     2172     463     463    1709
         155    1.3e+04      2172    2250    2250     2112     464     464    1648
         156    1.3e+04      2172    2250  2251.9     2118     464     464    1654
         157    1.3e+04      2172    2250  2252.7     2012     464     464    1548
         158    1.3e+04      2172    2250  2253.9     2017     463     463    1554
         159    1.3e+04      2172    2250  2251.9     2013     464     464    1549
         160    1.3e+04      2172    2250  2255.3     1977     464     464    1513
         161    1.3e+04      2172    2250    2252     2087     463     463    1624
         162    1.3e+04      2172    2250  2253.4     2095     463     463    1632
         163    1.3e+04      2172    2250  2251.4     2071     464     464    1607
         164    1.3e+04      2172    2250  2253.8     2042     463     463    1579
         165    1.3e+04      2172    2250    2251     2059     464     464    1595
         166    1.3e+04      2172    2250  2252.4     2007     464     464    1543
         167    1.3e+04      2172    2250  2250.4     2078     464     464    1614
         168    1.3e+04      2172    2250  2252.2     2117     463     463    1654
         169    1.3e+04      2172    2250  2250.7     2070     464     464    1606
         170    1.3e+04      2172    2250  2251.7     2166     463     463    1703
         171    1.3e+04      2172  2249.8  2249.8     2154     464     464    1690
         172    1.3e+04      2172  2249.8  2249.8     2143     463     463    1680
         173    1.3e+04      2172  2247.7  2247.7     2166     464     464    1702
    *    174    1.3e+04      2192  2247.7  2252.1     2192     464     464    1728
         175    1.3e+04      2192  2247.7  2249.5     2184     464     464    1720
    *    176    1.3e+04      2197  2247.7  2251.5     2197     463     463    1734
    *    177    1.3e+04      2216  2247.7    2248     2216     464     464    1752
         178    1.3e+04      2216  2247.7    2251     2191     463     463    1728
         179    1.3e+04      2216  2247.4  2247.4     2196     463     463    1733
         180    1.3e+04      2216  2247.4  2249.5     2178     463     463    1715
         181    1.3e+04      2216  2247.4  2248.7     2200     464     464    1736
         182    1.3e+04      2216  2247.4  2249.3     2185     463     463    1722
         183    1.3e+04      2216  2247.1  2247.1     2185     464     464    1721
         184    1.3e+04      2216  2247.1  2250.4     2167     463     463    1704
         185    1.3e+04      2216  2247.1  2247.7     2199     464     464    1735
         186    1.3e+04      2216  2247.1  2249.2     2180     463     463    1717
         187    1.3e+04      2216  2247.1  2247.7     2201     464     464    1737
         188    1.3e+04      2216  2247.1  2249.7     2204     463     463    1741
         189    1.3e+04      2216  2247.1  2247.6     2182     464     464    1718
         190    1.3e+04      2216  2247.1    2249     2150     463     463    1687
         191    1.3e+04      2216  2247.1  2248.1     2134     464     464    1670
         192    1.3e+04      2216  2247.1  2249.5     2197     463     463    1734
         193    1.3e+04      2216  2247.1  2248.2     2140     464     464    1676
         194    1.3e+04      2216  2247.1    2250     2101     463     463    1638
         195    1.3e+04      2216  2247.1    2248     2060     464     464    1596
         196    1.3e+04      2216  2247.1  2251.1     2065     463     463    1602
         197    1.3e+04      2216  2247.1  2249.6     2005     464     464    1541
         198    1.3e+04      2216  2247.1  2251.8     1944     464     464    1480
         199    1.3e+04      2216  2247.1  2250.7     1973     464     464    1509
         200    1.3e+04      2216  2247.1  2249.6     2093     463     463    1630
         201    1.3e+04      2216  2247.1  2249.7     2101     464     464    1637
         202    1.3e+04      2216  2247.1  2248.7     2043     464     464    1579
         203    1.3e+04      2216  2247.1    2251     1985     464     464    1521
         204    1.3e+04      2216  2247.1  2249.5     2053     463     463    1590
         205    1.3e+04      2216  2247.1  2249.5     2166     464     464    1702
         206    1.3e+04      2216  2247.1  2247.5     2131     463     463    1668
         207    1.3e+04      2216  2247.1    2250     2176     464     464    1712
         208    1.3e+04      2216  2247.1  2247.5     2157     463     463    1694
               reducing step to 0.05
         209    1.3e+04      2216 2242.65 2242.65     2165     464     464    1701
         210    1.3e+04      2216  2240.7  2240.7     2176     463     463    1713
         211    1.3e+04      2216  2240.7 2241.75     2187     464     464    1723
    *    212    1.3e+04      2219    2240    2240     2219     463     463    1756
         213    1.3e+04      2219    2240 2241.05     2152     464     464    1688
         214    1.3e+04      2219    2240  2241.1     2116     463     463    1653
         215    1.3e+04      2219    2240 2240.95     2164     464     464    1700
         216    1.3e+04      2219    2240  2240.6     2213     463     463    1750
         217    1.3e+04      2219    2240  2240.6     2186     464     464    1722
    *    218    1.3e+04      2221    2240  2240.5     2221     463     463    1758
         219    1.3e+04      2221    2240 2240.55     2219     464     464    1755
    *    220    1.3e+04      2222    2240 2240.65     2222     463     463    1759
         221    1.3e+04      2222    2240  2240.1     2183     464     464    1719
         222    1.3e+04      2222    2240  2240.5     2222     463     463    1759
         223    1.3e+04      2222    2240    2240     2184     463     463    1721
         224    1.3e+04      2222    2240  2240.1     2220     464     464    1756
         225    1.3e+04      2222    2240 2240.25     2193     463     463    1730
         226    1.3e+04      2222    2240  2240.3     2210     464     464    1746
         227    1.3e+04      2222    2240 2240.05     2208     463     463    1745
         228    1.3e+04      2222    2240 2240.25     2198     464     464    1734
         229    1.3e+04      2222    2240 2240.75     2198     463     463    1735
         230    1.3e+04      2222    2240    2240     2192     464     464    1728
         231    1.3e+04      2222    2240  2240.7     2207     463     463    1744
         232    1.3e+04      2222  2239.9  2239.9     2217     464     464    1753
         233    1.3e+04      2222  2239.9 2240.65     2198     463     463    1735
         234    1.3e+04      2222  2239.7  2239.7     2205     464     464    1741
         235    1.3e+04      2222  2239.7  2239.9     2217     463     463    1754
         236    1.3e+04      2222  2239.7 2240.25     2218     464     464    1754
         237    1.3e+04      2222  2239.7    2240     2202     463     463    1739
         238    1.3e+04      2222  2239.7 2240.05     2220     464     464    1756
         239    1.3e+04      2222  2239.7 2239.95     2218     463     463    1755
         240    1.3e+04      2222  2239.7  2240.2     2219     464     464    1755
         241    1.3e+04      2222  2239.7  2239.8     2215     463     463    1752
         242    1.3e+04      2222  2239.7  2240.3     2221     463     463    1758
         243    1.3e+04      2222 2239.55 2239.55     2218     464     464    1754
         244    1.3e+04      2222 2239.55  2240.2     2220     463     463    1757
         245    1.3e+04      2222 2239.55  2239.8     2220     463     463    1757
    *    246    1.3e+04      2223 2239.55 2240.05     2223     463     463    1760
         247    1.3e+04      2223  2239.5  2239.5     2213     464     464    1749
         248    1.3e+04      2223  2239.5  2240.2     2213     463     463    1750
         249    1.3e+04      2223 2239.35 2239.35     2220     464     464    1756
         250    1.3e+04      2223 2239.35  2240.4     2219     463     463    1756
         251    1.3e+04      2223 2239.35  2239.5     2220     464     464    1756
         252    1.3e+04      2223 2239.35 2240.35     2214     463     463    1751
         253    1.3e+04      2223 2239.35 2239.35     2221     464     464    1757
         254    1.3e+04      2223 2239.35  2240.3     2219     463     463    1756
         255    1.3e+04      2223 2239.35 2239.45     2220     464     464    1756
         256    1.3e+04      2223 2239.35    2240     2221     463     463    1758
         257    1.3e+04      2223 2239.25 2239.25     2219     464     464    1755
         258    1.3e+04      2223 2239.25    2240     2221     463     463    1758
         259    1.3e+04      2223 2239.25  2239.4     2216     464     464    1752
         260    1.3e+04      2223 2239.25 2239.95     2218     463     463    1755
         261    1.3e+04      2223 2239.25  2239.4     2215     464     464    1751
         262    1.3e+04      2223 2239.25    2240     2212     463     463    1749
         263    1.3e+04      2223 2239.25  2239.5     2203     463     463    1740
         264    1.3e+04      2223 2239.25 2239.95     2221     463     463    1758
         265    1.3e+04      2223 2239.25 2239.55     2202     464     464    1738
         266    1.3e+04      2223 2239.25 2240.25     2213     463     463    1750
         267    1.3e+04      2223 2239.25  2239.5     2202     463     463    1739
         268    1.3e+04      2223 2239.25  2239.9     2212     463     463    1749
         269    1.3e+04      2223 2239.25  2239.5     2178     463     463    1715
         270    1.3e+04      2223 2239.25 2239.55     2212     463     463    1749
         271    1.3e+04      2223 2239.25  2239.3     2213     463     463    1750
         272    1.3e+04      2223 2239.25  2239.6     2220     463     463    1757
         273    1.3e+04      2223 2239.25  2239.5     2215     463     463    1752
         274    1.3e+04      2223 2239.25  2239.6     2218     463     463    1755
         275    1.3e+04      2223 2239.15 2239.15     2213     463     463    1750
         276    1.3e+04      2223 2239.15 2239.55     2215     464     464    1751
         277    1.3e+04      2223 2239.15  2240.1     2201     463     463    1738
         278    1.3e+04      2223 2239.15  2239.4     2218     464     464    1754
         279    1.3e+04      2223 2239.15 2239.75     2200     463     463    1737
         280    1.3e+04      2223 2239.15 2239.45     2218     464     464    1754
         281    1.3e+04      2223 2239.15 2239.65     2214     463     463    1751
         282    1.3e+04      2223 2239.15  2239.5     2219     463     463    1756
         283    1.3e+04      2223  2239.1  2239.1     2215     464     464    1751
         284    1.3e+04      2223  2239.1 2239.85     2214     463     463    1751
         285    1.3e+04      2223  2239.1 2239.15     2203     463     463    1740
         286    1.3e+04      2223  2239.1  2239.5     2220     463     463    1757
         287    1.3e+04      2223    2239    2239     2214     464     464    1750
         288    1.3e+04      2223    2239 2239.95     2217     463     463    1754
         289    1.3e+04      2223 2238.95 2238.95     2216     463     463    1753
         290    1.3e+04      2223 2238.95 2239.55     2218     464     464    1754
         291    1.3e+04      2223 2238.95 2239.45     2214     463     463    1751
         292    1.3e+04      2223 2238.95  2239.7     2219     464     464    1755
         293    1.3e+04      2223 2238.95  2239.7     2212     463     463    1749
         294    1.3e+04      2223 2238.95  2239.9     2218     464     464    1754
         295    1.3e+04      2223 2238.95 2239.55     2216     463     463    1753
         296    1.3e+04      2223 2238.95 2239.75     2214     464     464    1750
         297    1.3e+04      2223 2238.95  2239.4     2214     463     463    1751
         298    1.3e+04      2223 2238.95 2239.85     2207     464     464    1743
         299    1.3e+04      2223 2238.95 2239.35     2217     463     463    1754
         300    1.3e+04      2223 2238.95  2239.6     2217     464     464    1753
         301    1.3e+04      2223 2238.95  2239.4     2214     463     463    1751
         302    1.3e+04      2223 2238.95 2239.55     2206     464     464    1742
         303    1.3e+04      2223 2238.95  2239.3     2215     463     463    1752
         304    1.3e+04      2223 2238.95 2239.55     2215     464     464    1751
         305    1.3e+04      2223 2238.95  2239.4     2212     463     463    1749
         306    1.3e+04      2223 2238.95 2239.55     2220     464     464    1756
         307    1.3e+04      2223 2238.95 2239.35     2211     463     463    1748
         308    1.3e+04      2223 2238.95 2239.55     2218     464     464    1754
         309    1.3e+04      2223 2238.95  2239.3     2213     463     463    1750
         310    1.3e+04      2223 2238.95 2239.65     2220     464     464    1756
         311    1.3e+04      2223 2238.95 2239.25     2210     463     463    1747
         312    1.3e+04      2223 2238.95 2239.55     2218     464     464    1754
         313    1.3e+04      2223 2238.95  2239.5     2211     463     463    1748
         314    1.3e+04      2223 2238.95  2239.8     2215     464     464    1751
               reducing step to 0.025
         315    1.3e+04      2223 2237.43 2237.43     2214     463     463    1751
         316    1.3e+04      2223    2236    2236     2214     463     463    1751
         317    1.3e+04      2223    2236 2236.13     2221     463     463    1758
    *    318    1.3e+04      2224    2236 2236.03     2224     463     463    1761
         319    1.3e+04      2224 2235.98 2235.98     2215     463     463    1752
         320    1.3e+04      2224 2235.75 2235.75     2223     463     463    1760
         321    1.3e+04      2224 2235.75 2236.15     2219     463     463    1756
         322    1.3e+04      2224 2235.63 2235.63     2223     463     463    1760
         323    1.3e+04      2224 2235.63 2236.05     2222     463     463    1759
         324    1.3e+04      2224 2235.63 2235.65     2223     463     463    1760
    *    325    1.3e+04      2226 2235.63    2236     2226     463     463    1763
         326    1.3e+04      2226  2235.5  2235.5     2223     463     463    1760
         327    1.3e+04      2226  2235.5 2235.93     2225     463     463    1762
         328    1.3e+04      2226  2235.5 2235.55     2224     463     463    1761
         329    1.3e+04      2226  2235.5  2235.9     2225     463     463    1762
         330    1.3e+04      2226  2235.5 2235.58     2224     463     463    1761
         331    1.3e+04      2226  2235.5  2235.9     2225     463     463    1762
         332    1.3e+04      2226  2235.5 2235.53     2224     463     463    1761
         333    1.3e+04      2226  2235.5  2235.9     2226     463     463    1763
         334    1.3e+04      2226  2235.5  2235.5     2222     463     463    1759
         335    1.3e+04      2226  2235.5 2235.88     2211     463     463    1748
         336    1.3e+04      2226  2235.5 2235.63     2223     463     463    1760
         337    1.3e+04      2226  2235.5  2235.9     2221     463     463    1758
         338    1.3e+04      2226  2235.5 2235.55     2222     463     463    1759
         339    1.3e+04      2226  2235.5  2235.9     2221     463     463    1758
         340    1.3e+04      2226  2235.5 2235.55     2222     463     463    1759
         341    1.3e+04      2226  2235.5  2235.9     2222     463     463    1759
         342    1.3e+04      2226  2235.5 2235.53     2222     463     463    1759
         343    1.3e+04      2226  2235.5 2235.93     2222     463     463    1759
         344    1.3e+04      2226  2235.5  2235.5     2221     463     463    1758
         345    1.3e+04      2226  2235.5  2235.9     2222     463     463    1759
         346    1.3e+04      2226  2235.5  2235.5     2222     463     463    1759
         347    1.3e+04      2226  2235.5  2235.9     2221     463     463    1758
         348    1.3e+04      2226  2235.5  2235.5     2222     463     463    1759
         349    1.3e+04      2226  2235.5  2235.9     2221     463     463    1758
         350    1.3e+04      2226  2235.5 2235.53     2222     463     463    1759
         351    1.3e+04      2226  2235.5  2235.9     2221     463     463    1758
               reducing step to 0.0125
         352    1.3e+04      2226 2235.06 2235.06     2220     463     463    1757
         353    1.3e+04      2226 2234.65 2234.65     2223     463     463    1760
         354    1.3e+04      2226 2234.65 2234.76     2222     463     463    1759
         355    1.3e+04      2226 2234.45 2234.45     2225     463     463    1762
         356    1.3e+04      2226 2234.45 2234.79     2223     463     463    1760
         357    1.3e+04      2226 2234.45 2234.51     2223     463     463    1760
         358    1.3e+04      2226 2234.45 2234.68     2223     463     463    1760
         359    1.3e+04      2226 2234.45 2234.49     2223     463     463    1760
         360    1.3e+04      2226 2234.45 2234.55     2225     463     463    1762
         361    1.3e+04      2226 2234.45  2234.6     2219     463     463    1756
         362    1.3e+04      2226 2234.45 2234.56     2224     463     463    1761
         363    1.3e+04      2226 2234.45  2234.6     2225     463     463    1762
         364    1.3e+04      2226 2234.45 2234.58     2225     463     463    1762
         365    1.3e+04      2226 2234.45 2234.56     2225     463     463    1762
         366    1.3e+04      2226 2234.45 2234.59     2225     463     463    1762
         367    1.3e+04      2226 2234.45 2234.56     2225     463     463    1762
         368    1.3e+04      2226 2234.45 2234.58     2226     463     463    1763
         369    1.3e+04      2226 2234.45 2234.56     2225     463     463    1762
         370    1.3e+04      2226 2234.45 2234.58     2226     463     463    1763
         371    1.3e+04      2226 2234.45 2234.56     2224     463     463    1761
         372    1.3e+04      2226 2234.45  2234.6     2221     463     463    1758
         373    1.3e+04      2226 2234.45 2234.58     2223     463     463    1760
         374    1.3e+04      2226 2234.45 2234.59     2222     463     463    1759
         375    1.3e+04      2226 2234.45 2234.59     2223     463     463    1760
         376    1.3e+04      2226 2234.45  2234.6     2222     463     463    1759
         377    1.3e+04      2226 2234.45 2234.58     2222     463     463    1759
         378    1.3e+04      2226 2234.45 2234.59     2222     463     463    1759
         379    1.3e+04      2226 2234.45 2234.58     2222     463     463    1759
         380    1.3e+04      2226 2234.45 2234.59     2222     463     463    1759
               reducing step to 0.00625
         381    1.3e+04      2226 2234.29 2234.29     2219     463     463    1756
         382    1.3e+04      2226 2234.07 2234.07     2095     463     463    1632
         383    1.3e+04      2226 2234.07 2234.11     2212     463     463    1749
         384    1.3e+04      2226 2233.94 2233.94     2224     463     463    1761
         385    1.3e+04      2226 2233.94 2234.16     2225     463     463    1762
         386    1.3e+04      2226 2233.89 2233.89     2224     463     463    1761
         387    1.3e+04      2226 2233.89 2234.13     2226     463     463    1763
         388    1.3e+04      2226 2233.89 2233.92     2226     463     463    1763
    *    389    1.3e+04      2228 2233.89 2234.11     2228     463     463    1765
         390    1.3e+04      2228 2233.89 2233.89     2224     463     463    1761
         391    1.3e+04      2228 2233.89 2234.13     2228     463     463    1765
         392    1.3e+04      2228 2233.89  2233.9     2226     463     463    1763
         393    1.3e+04      2228 2233.89 2234.13     2227     463     463    1764
         394    1.3e+04      2228 2233.89 2233.91     2226     463     463    1763
         395    1.3e+04      2228 2233.89 2234.13     2227     463     463    1764
         396    1.3e+04      2228 2233.89 2233.89     2226     463     463    1763
         397    1.3e+04      2228 2233.89 2234.13     2227     463     463    1764
         398    1.3e+04      2228 2233.89 2233.89     2225     463     463    1762
         399    1.3e+04      2228 2233.89 2234.12     2227     463     463    1764
         400    1.3e+04      2228 2233.88 2233.88     2226     463     463    1763
         401    1.3e+04      2228 2233.88 2234.12     2227     463     463    1764
         402    1.3e+04      2228 2233.88 2233.88     2226     463     463    1763
         403    1.3e+04      2228 2233.88 2234.12     2227     463     463    1764
         404    1.3e+04      2228 2233.88 2233.88     2226     463     463    1763
         405    1.3e+04      2228 2233.88 2234.12     2227     463     463    1764
         406    1.3e+04      2228 2233.88 2233.88     2226     463     463    1763
         407    1.3e+04      2228 2233.88 2234.12     2227     463     463    1764
         408    1.3e+04      2228 2233.88 2233.88     2226     463     463    1763
         409    1.3e+04      2228 2233.88 2234.12     2227     463     463    1764
         410    1.3e+04      2228 2233.88 2233.88     2226     463     463    1763
         411    1.3e+04      2228 2233.88 2234.12     2227     463     463    1764
         412    1.3e+04      2228 2233.88 2233.88     2226     463     463    1763
         413    1.3e+04      2228 2233.88 2234.12     2227     463     463    1764
         414    1.3e+04      2228 2233.88 2233.88     2226     463     463    1763
         415    1.3e+04      2228 2233.88 2234.12     2227     463     463    1764
         416    1.3e+04      2228 2233.88 2233.88     2226     463     463    1763
         417    1.3e+04      2228 2233.88 2234.12     2227     463     463    1764
         418    1.3e+04      2228 2233.88 2233.88     2225     463     463    1762
         419    1.3e+04      2228 2233.88 2234.11     2226     463     463    1763
         420    1.3e+04      2228 2233.87 2233.87     2225     463     463    1762
         421    1.3e+04      2228 2233.87 2234.11     2227     463     463    1764
         422    1.3e+04      2228 2233.87 2233.88     2225     463     463    1762
         423    1.3e+04      2228 2233.87 2234.11     2227     463     463    1764
         424    1.3e+04      2228 2233.87 2233.88     2225     463     463    1762
         425    1.3e+04      2228 2233.87 2234.11     2227     463     463    1764
         426    1.3e+04      2228 2233.87 2233.88     2225     463     463    1762
         427    1.3e+04      2228 2233.87 2234.11     2227     463     463    1764
         428    1.3e+04      2228 2233.87 2233.88     2225     463     463    1762
         429    1.3e+04      2228 2233.87 2234.11     2227     463     463    1764
         430    1.3e+04      2228 2233.87 2233.88     2225     463     463    1762
         431    1.3e+04      2228 2233.87 2234.11     2227     463     463    1764
         432    1.3e+04      2228 2233.87 2233.88     2225     463     463    1762
         433    1.3e+04      2228 2233.87 2234.11     2227     463     463    1764
         434    1.3e+04      2228 2233.87 2233.88     2225     463     463    1762
         435    1.3e+04      2228 2233.87 2234.11     2227     463     463    1764
         436    1.3e+04      2228 2233.87 2233.88     2225     463     463    1762
         437    1.3e+04      2228 2233.87 2234.11     2227     463     463    1764
         438    1.3e+04      2228 2233.87 2233.88     2225     463     463    1762
         439    1.3e+04      2228 2233.87 2234.11     2227     463     463    1764
         440    1.3e+04      2228 2233.87 2233.88     2225     463     463    1762
         441    1.3e+04      2228 2233.87 2234.11     2227     463     463    1764
         442    1.3e+04      2228 2233.87 2233.88     2225     463     463    1762
         443    1.3e+04      2228 2233.87 2234.11     2227     463     463    1764
         444    1.3e+04      2228 2233.87 2233.88     2225     463     463    1762
         445    1.3e+04      2228 2233.87 2234.11     2227     463     463    1764
               reducing step to 0.003125
         446    1.3e+04      2228 2233.85 2233.85     2223     463     463    1760
         447    1.3e+04      2228 2233.75 2233.75     2227     463     463    1764
         448    1.3e+04      2228 2233.75 2233.78     2225     463     463    1762
         449    1.3e+04      2228 2233.73 2233.73     2225     463     463    1762
         450    1.3e+04      2228 2233.73  2233.8     2226     463     463    1763
         451    1.3e+04      2228 2233.71 2233.71     2225     463     463    1762
         452    1.3e+04      2228 2233.71  2233.8     2223     463     463    1760
         453    1.3e+04      2228 2233.71 2233.72     2223     463     463    1760
         454    1.3e+04      2228 2233.71  2233.8     2225     463     463    1762
         455    1.3e+04      2228 2233.71 2233.71     2223     463     463    1760
         456    1.3e+04      2228 2233.71 2233.79     2224     463     463    1761
         457    1.3e+04      2228 2233.71 2233.72     2225     463     463    1762
         458    1.3e+04      2228 2233.71  2233.8     2225     463     463    1762
         459    1.3e+04      2228 2233.71 2233.72     2226     463     463    1763
         460    1.3e+04      2228 2233.71 2233.79     2228     463     463    1765
         461    1.3e+04      2228 2233.71 2233.72     2224     463     463    1761
         462    1.3e+04      2228 2233.71 2233.79     2228     463     463    1765
         463    1.3e+04      2228 2233.71 2233.71     2225     463     463    1762
         464    1.3e+04      2228 2233.71 2233.79     2226     463     463    1763
         465    1.3e+04      2228 2233.71 2233.72     2225     463     463    1762
         466    1.3e+04      2228 2233.71 2233.79     2228     463     463    1765
         467    1.3e+04      2228 2233.71 2233.71     2223     463     463    1760
         468    1.3e+04      2228 2233.71 2233.78     2227     463     463    1764
         469    1.3e+04      2228 2233.71 2233.71     2223     463     463    1760
         470    1.3e+04      2228 2233.71 2233.79     2224     463     463    1761
         471    1.3e+04      2228 2233.71 2233.71     2222     463     463    1759
         472    1.3e+04      2228 2233.71 2233.78     2224     463     463    1761
         473    1.3e+04      2228 2233.71 2233.71     2223     463     463    1760
         474    1.3e+04      2228 2233.71 2233.78     2225     463     463    1762
         475    1.3e+04      2228 2233.71 2233.71     2222     463     463    1759
         476    1.3e+04      2228 2233.71 2233.78     2224     463     463    1761
         477    1.3e+04      2228 2233.71 2233.71     2224     463     463    1761
         478    1.3e+04      2228 2233.71 2233.78     2225     463     463    1762
         479    1.3e+04      2228 2233.71 2233.71     2222     463     463    1759
         480    1.3e+04      2228 2233.71 2233.78     2224     463     463    1761
         481    1.3e+04      2228 2233.71 2233.71     2224     463     463    1761
         482    1.3e+04      2228 2233.71 2233.78     2225     463     463    1762
         483    1.3e+04      2228 2233.71 2233.71     2222     463     463    1759
         484    1.3e+04      2228 2233.71 2233.78     2224     463     463    1761
         485    1.3e+04      2228 2233.71 2233.71     2224     463     463    1761
         486    1.3e+04      2228 2233.71 2233.78     2225     463     463    1762
         487    1.3e+04      2228 2233.71 2233.71     2222     463     463    1759
         488    1.3e+04      2228 2233.71 2233.78     2224     463     463    1761
         489    1.3e+04      2228 2233.71 2233.71     2224     463     463    1761
         490    1.3e+04      2228 2233.71 2233.78     2225     463     463    1762
         491    1.3e+04      2228 2233.71 2233.71     2222     463     463    1759
         492    1.3e+04      2228 2233.71 2233.78     2224     463     463    1761
         493    1.3e+04      2228 2233.71 2233.71     2224     463     463    1761
         494    1.3e+04      2228 2233.71 2233.78     2225     463     463    1762
         495    1.3e+04      2228 2233.71 2233.71     2222     463     463    1759
         496    1.3e+04      2228 2233.71 2233.78     2224     463     463    1761
         497    1.3e+04      2228 2233.71 2233.71     2224     463     463    1761
         498    1.3e+04      2228 2233.71 2233.78     2226     463     463    1763
         499    1.3e+04      2228 2233.71 2233.71     2222     463     463    1759
         500    1.3e+04      2228 2233.71 2233.78     2224     463     463    1761
               reducing step to 0.0015625
         501    1.3e+04      2228 2233.67 2233.67     2227     463     463    1764
         502    1.3e+04      2228 2233.63 2233.63     2227     463     463    1764
         503    1.3e+04      2228 2233.63 2233.65     2225     463     463    1762
         504    1.3e+04      2228  2233.6  2233.6     2223     463     463    1760
         505    1.3e+04      2228  2233.6 2233.65     2226     463     463    1763
         506    1.3e+04      2228  2233.6 2233.61     2224     463     463    1761
         507    1.3e+04      2228  2233.6 2233.65     2222     463     463    1759
         508    1.3e+04      2228  2233.6  2233.6     2224     463     463    1761
         509    1.3e+04      2228  2233.6 2233.65     2225     463     463    1762
         510    1.3e+04      2228  2233.6  2233.6     2222     463     463    1759
         511    1.3e+04      2228  2233.6 2233.65     2224     463     463    1761
         512    1.3e+04      2228  2233.6  2233.6     2224     463     463    1761
         513    1.3e+04      2228  2233.6 2233.65     2223     463     463    1760
         514    1.3e+04      2228  2233.6  2233.6     2224     463     463    1761
         515    1.3e+04      2228  2233.6 2233.65     2223     463     463    1760
         516    1.3e+04      2228  2233.6 2233.61     2224     463     463    1761
         517    1.3e+04      2228  2233.6 2233.65     2224     463     463    1761
         518    1.3e+04      2228  2233.6 2233.61     2225     463     463    1762
         519    1.3e+04      2228  2233.6 2233.65     2226     463     463    1763
         520    1.3e+04      2228  2233.6  2233.6     2226     463     463    1763
         521    1.3e+04      2228  2233.6 2233.65     2223     463     463    1760
         522    1.3e+04      2228  2233.6  2233.6     2225     463     463    1762
         523    1.3e+04      2228  2233.6 2233.65     2223     463     463    1760
         524    1.3e+04      2228  2233.6  2233.6     2225     463     463    1762
         525    1.3e+04      2228  2233.6 2233.65     2225     463     463    1762
         526    1.3e+04      2228  2233.6  2233.6     2225     463     463    1762
         527    1.3e+04      2228  2233.6 2233.65     2226     463     463    1763
         528    1.3e+04      2228  2233.6  2233.6     2223     463     463    1760
         529    1.3e+04      2228  2233.6 2233.65     2224     463     463    1761
         530    1.3e+04      2228  2233.6  2233.6     2224     463     463    1761
         531    1.3e+04      2228  2233.6 2233.65     2222     463     463    1759
         532    1.3e+04      2228  2233.6 2233.61     2223     463     463    1760
         533    1.3e+04      2228  2233.6 2233.65     2225     463     463    1762
         534    1.3e+04      2228  2233.6  2233.6     2223     463     463    1760
         535    1.3e+04      2228  2233.6 2233.65     2226     463     463    1763
         536    1.3e+04      2228  2233.6  2233.6     2223     463     463    1760
         537    1.3e+04      2228  2233.6 2233.65     2224     463     463    1761
         538    1.3e+04      2228  2233.6  2233.6     2224     463     463    1761
         539    1.3e+04      2228  2233.6 2233.65     2222     463     463    1759
         540    1.3e+04      2228  2233.6 2233.61     2223     463     463    1760
         541    1.3e+04      2228  2233.6 2233.65     2225     463     463    1762
         542    1.3e+04      2228  2233.6  2233.6     2223     463     463    1760
         543    1.3e+04      2228  2233.6 2233.65     2226     463     463    1763
         544    1.3e+04      2228  2233.6  2233.6     2223     463     463    1760
         545    1.3e+04      2228  2233.6 2233.65     2224     463     463    1761
         546    1.3e+04      2228  2233.6  2233.6     2224     463     463    1761
         547    1.3e+04      2228  2233.6 2233.65     2222     463     463    1759
         548    1.3e+04      2228  2233.6 2233.61     2225     463     463    1762
         549    1.3e+04      2228  2233.6 2233.65     2225     463     463    1762
         550    1.3e+04      2228  2233.6  2233.6     2224     463     463    1761
         551    1.3e+04      2228  2233.6 2233.65     2226     463     463    1763
         552    1.3e+04      2228  2233.6  2233.6     2224     463     463    1761
         553    1.3e+04      2228  2233.6 2233.65     2224     463     463    1761
         554    1.3e+04      2228  2233.6  2233.6     2225     463     463    1762
         555    1.3e+04      2228  2233.6 2233.65     2222     463     463    1759
               reducing step to 0.00078125
         556    1.3e+04      2228 2233.59 2233.59     2225     463     463    1762
         557    1.3e+04      2228 2233.57 2233.57     2227     463     463    1764
         558    1.3e+04      2228 2233.57 2233.57     2223     463     463    1760
         559    1.3e+04      2228 2233.56 2233.56     2224     463     463    1761
         560    1.3e+04      2228 2233.56 2233.57     2224     463     463    1761
         561    1.3e+04      2228 2233.56 2233.56     2222     463     463    1759
         562    1.3e+04      2228 2233.56 2233.57     2224     463     463    1761
         563    1.3e+04      2228 2233.56 2233.56     2224     463     463    1761
         564    1.3e+04      2228 2233.56 2233.57     2224     463     463    1761
         565    1.3e+04      2228 2233.56 2233.56     2222     463     463    1759
         566    1.3e+04      2228 2233.56 2233.57     2224     463     463    1761
         567    1.3e+04      2228 2233.56 2233.56     2223     463     463    1760
         568    1.3e+04      2228 2233.56 2233.57     2224     463     463    1761
         569    1.3e+04      2228 2233.56 2233.56     2224     463     463    1761
         570    1.3e+04      2228 2233.56 2233.57     2224     463     463    1761
         571    1.3e+04      2228 2233.56 2233.56     2222     463     463    1759
         572    1.3e+04      2228 2233.56 2233.57     2224     463     463    1761
         573    1.3e+04      2228 2233.56 2233.56     2225     463     463    1762
         574    1.3e+04      2228 2233.56 2233.57     2224     463     463    1761
         575    1.3e+04      2228 2233.56 2233.56     2223     463     463    1760
         576    1.3e+04      2228 2233.56 2233.57     2224     463     463    1761
         577    1.3e+04      2228 2233.56 2233.56     2223     463     463    1760
         578    1.3e+04      2228 2233.56 2233.57     2225     463     463    1762
         579    1.3e+04      2228 2233.56 2233.56     2222     463     463    1759
         580    1.3e+04      2228 2233.56 2233.57     2223     463     463    1760
         581    1.3e+04      2228 2233.55 2233.55     2222     463     463    1759
         582    1.3e+04      2228 2233.55 2233.57     2225     463     463    1762
         583    1.3e+04      2228 2233.55 2233.56     2222     463     463    1759
         584    1.3e+04      2228 2233.55 2233.57     2224     463     463    1761
         585    1.3e+04      2228 2233.55 2233.56     2222     463     463    1759
         586    1.3e+04      2228 2233.55 2233.57     2225     463     463    1762
         587    1.3e+04      2228 2233.55 2233.56     2222     463     463    1759
         588    1.3e+04      2228 2233.55 2233.57     2224     463     463    1761
         589    1.3e+04      2228 2233.55 2233.56     2222     463     463    1759
         590    1.3e+04      2228 2233.55 2233.57     2224     463     463    1761
         591    1.3e+04      2228 2233.55 2233.56     2221     463     463    1758
         592    1.3e+04      2228 2233.55 2233.57     2224     463     463    1761
         593    1.3e+04      2228 2233.55 2233.56     2222     463     463    1759
         594    1.3e+04      2228 2233.55 2233.57     2224     463     463    1761
         595    1.3e+04      2228 2233.55 2233.56     2221     463     463    1758
         596    1.3e+04      2228 2233.55 2233.57     2223     463     463    1760
         597    1.3e+04      2228 2233.55 2233.56     2221     463     463    1758
         598    1.3e+04      2228 2233.55 2233.57     2224     463     463    1761
         599    1.3e+04      2228 2233.55 2233.56     2222     463     463    1759
         600    1.3e+04      2228 2233.55 2233.57     2223     463     463    1760
         601    1.3e+04      2228 2233.55 2233.56     2223     463     463    1760
         602    1.3e+04      2228 2233.55 2233.57     2225     463     463    1762
         603    1.3e+04      2228 2233.55 2233.56     2221     463     463    1758
         604    1.3e+04      2228 2233.55 2233.57     2224     463     463    1761
         605    1.3e+04      2228 2233.55 2233.56     2222     463     463    1759
         606    1.3e+04      2228 2233.55 2233.57     2224     463     463    1761
               reducing step to 0.000390625
         607    1.3e+04      2228 2233.54 2233.54     2227     463     463    1764
         608    1.3e+04      2228 2233.53 2233.53     2225     463     463    1762
         609    1.3e+04      2228 2233.53 2233.53     2227     463     463    1764
         610    1.3e+04      2228 2233.52 2233.52     2223     463     463    1760
         611    1.3e+04      2228 2233.52 2233.53     2225     463     463    1762
         612    1.3e+04      2228 2233.52 2233.53     2226     463     463    1763
         613    1.3e+04      2228 2233.52 2233.54     2223     463     463    1760
         614    1.3e+04      2228 2233.52 2233.52     2224     463     463    1761
         615    1.3e+04      2228 2233.52 2233.54     2226     463     463    1763
         616    1.3e+04      2228 2233.52 2233.52     2226     463     463    1763
         617    1.3e+04      2228 2233.52 2233.54     2225     463     463    1762
         618    1.3e+04      2228 2233.52 2233.52     2224     463     463    1761
         619    1.3e+04      2228 2233.52 2233.54     2224     463     463    1761
         620    1.3e+04      2228 2233.52 2233.52     2223     463     463    1760
         621    1.3e+04      2228 2233.52 2233.54     2226     463     463    1763
         622    1.3e+04      2228 2233.52 2233.52     2225     463     463    1762
         623    1.3e+04      2228 2233.52 2233.54     2225     463     463    1762
         624    1.3e+04      2228 2233.52 2233.52     2223     463     463    1760
         625    1.3e+04      2228 2233.52 2233.54     2225     463     463    1762
         626    1.3e+04      2228 2233.52 2233.52     2225     463     463    1762
         627    1.3e+04      2228 2233.52 2233.54     2227     463     463    1764
         628    1.3e+04      2228 2233.52 2233.52     2223     463     463    1760
         629    1.3e+04      2228 2233.52 2233.54     2225     463     463    1762
         630    1.3e+04      2228 2233.52 2233.52     2224     463     463    1761
         631    1.3e+04      2228 2233.52 2233.54     2225     463     463    1762
         632    1.3e+04      2228 2233.52 2233.52     2222     463     463    1759
         633    1.3e+04      2228 2233.52 2233.54     2225     463     463    1762
         634    1.3e+04      2228 2233.52 2233.52     2223     463     463    1760
         635    1.3e+04      2228 2233.52 2233.54     2226     463     463    1763
         636    1.3e+04      2228 2233.52 2233.52     2223     463     463    1760
         637    1.3e+04      2228 2233.52 2233.54     2225     463     463    1762
         638    1.3e+04      2228 2233.52 2233.52     2224     463     463    1761
         639    1.3e+04      2228 2233.52 2233.54     2225     463     463    1762
         640    1.3e+04      2228 2233.52 2233.52     2222     463     463    1759
         641    1.3e+04      2228 2233.52 2233.54     2224     463     463    1761
         642    1.3e+04      2228 2233.52 2233.52     2222     463     463    1759
         643    1.3e+04      2228 2233.52 2233.54     2224     463     463    1761
         644    1.3e+04      2228 2233.52 2233.52     2222     463     463    1759
         645    1.3e+04      2228 2233.52 2233.54     2224     463     463    1761
         646    1.3e+04      2228 2233.52 2233.52     2222     463     463    1759
         647    1.3e+04      2228 2233.52 2233.54     2224     463     463    1761
         648    1.3e+04      2228 2233.52 2233.52     2222     463     463    1759
         649    1.3e+04      2228 2233.52 2233.54     2224     463     463    1761
         650    1.3e+04      2228 2233.52 2233.52     2222     463     463    1759
         651    1.3e+04      2228 2233.52 2233.54     2224     463     463    1761
         652    1.3e+04      2228 2233.52 2233.52     2222     463     463    1759
         653    1.3e+04      2228 2233.52 2233.54     2224     463     463    1761
         654    1.3e+04      2228 2233.52 2233.52     2222     463     463    1759
         655    1.3e+04      2228 2233.52 2233.54     2224     463     463    1761
         656    1.3e+04      2228 2233.52 2233.52     2222     463     463    1759
         657    1.3e+04      2228 2233.52 2233.54     2224     463     463    1761
         658    1.3e+04      2228 2233.52 2233.52     2222     463     463    1759
         659    1.3e+04      2228 2233.52 2233.54     2224     463     463    1761
         660    1.3e+04      2228 2233.52 2233.52     2222     463     463    1759
         661    1.3e+04      2228 2233.52 2233.54     2224     463     463    1761
               reducing step to 0.000195313
    *    662    1.3e+04      2230 2233.52 2233.52     2230     463     463    1767
         663    1.3e+04      2230 2233.52 2233.52     2226     463     463    1763
         664    1.3e+04      2230 2233.52 2233.52     2224     463     463    1761
         665    1.3e+04      2230 2233.51 2233.51     2226     463     463    1763
         666    1.3e+04      2230 2233.51 2233.52     2223     463     463    1760
         667    1.3e+04      2230 2233.51 2233.51     2223     463     463    1760
         668    1.3e+04      2230 2233.51 2233.52     2226     463     463    1763
         669    1.3e+04      2230 2233.51 2233.51     2226     463     463    1763
         670    1.3e+04      2230 2233.51 2233.52     2225     463     463    1762
         671    1.3e+04      2230 2233.51 2233.51     2222     463     463    1759
         672    1.3e+04      2230 2233.51 2233.52     2224     463     463    1761
         673    1.3e+04      2230 2233.51 2233.51     2224     463     463    1761
         674    1.3e+04      2230 2233.51 2233.52     2223     463     463    1760
         675    1.3e+04      2230 2233.51 2233.51     2223     463     463    1760
         676    1.3e+04      2230 2233.51 2233.52     2224     463     463    1761
         677    1.3e+04      2230 2233.51 2233.51     2224     463     463    1761
         678    1.3e+04      2230 2233.51 2233.52     2225     463     463    1762
         679    1.3e+04      2230 2233.51 2233.51     2225     463     463    1762
         680    1.3e+04      2230 2233.51 2233.52     2227     463     463    1764
         681    1.3e+04      2230 2233.51 2233.51     2222     463     463    1759
         682    1.3e+04      2230 2233.51 2233.52     2225     463     463    1762
         683    1.3e+04      2230 2233.51 2233.51     2224     463     463    1761
         684    1.3e+04      2230 2233.51 2233.52     2221     463     463    1758
         685    1.3e+04      2230 2233.51 2233.51     2226     463     463    1763
         686    1.3e+04      2230 2233.51 2233.52     2226     463     463    1763
         687    1.3e+04      2230 2233.51 2233.51     2223     463     463    1760
         688    1.3e+04      2230 2233.51 2233.52     2224     463     463    1761
         689    1.3e+04      2230 2233.51 2233.51     2223     463     463    1760
         690    1.3e+04      2230 2233.51 2233.52     2224     463     463    1761
         691    1.3e+04      2230 2233.51 2233.51     2223     463     463    1760
         692    1.3e+04      2230 2233.51 2233.52     2223     463     463    1760
         693    1.3e+04      2230 2233.51 2233.51     2224     463     463    1761
         694    1.3e+04      2230 2233.51 2233.52     2226     463     463    1763
         695    1.3e+04      2230 2233.51 2233.51     2222     463     463    1759
         696    1.3e+04      2230 2233.51 2233.52     2226     463     463    1763
         697    1.3e+04      2230 2233.51 2233.51     2224     463     463    1761
         698    1.3e+04      2230 2233.51 2233.52     2224     463     463    1761
         699    1.3e+04      2230 2233.51 2233.51     2226     463     463    1763
         700    1.3e+04      2230 2233.51 2233.52     2226     463     463    1763
         701    1.3e+04      2230 2233.51 2233.51     2223     463     463    1760
         702    1.3e+04      2230 2233.51 2233.52     2222     463     463    1759
         703    1.3e+04      2230 2233.51 2233.51     2224     463     463    1761
         704    1.3e+04      2230 2233.51 2233.52     2225     463     463    1762
         705    1.3e+04      2230 2233.51 2233.51     2224     463     463    1761
         706    1.3e+04      2230 2233.51 2233.52     2222     463     463    1759
         707    1.3e+04      2230 2233.51 2233.51     2224     463     463    1761
         708    1.3e+04      2230 2233.51 2233.52     2224     463     463    1761
         709    1.3e+04      2230 2233.51 2233.51     2224     463     463    1761
         710    1.3e+04      2230 2233.51 2233.52     2226     463     463    1763
               reducing step to 9.76563e-05
         711    1.3e+04      2230 2233.51 2233.51     2226     463     463    1763
         712    1.3e+04      2230 2233.51 2233.51     2222     463     463    1759
         713    1.3e+04      2230 2233.51 2233.51     2228     463     463    1765
         714    1.3e+04      2230 2233.51 2233.51     2224     463     463    1761
         715    1.3e+04      2230 2233.51 2233.51     2225     463     463    1762
         716    1.3e+04      2230 2233.51 2233.51     2223     463     463    1760
         717    1.3e+04      2230 2233.51 2233.51     2227     463     463    1764
         718    1.3e+04      2230 2233.51 2233.51     2223     463     463    1760
         719    1.3e+04      2230 2233.51 2233.51     2227     463     463    1764
         720    1.3e+04      2230 2233.51 2233.51     2223     463     463    1760
         721    1.3e+04      2230 2233.51 2233.51     2227     463     463    1764
         722    1.3e+04      2230 2233.51 2233.51     2224     463     463    1761
         723    1.3e+04      2230 2233.51 2233.51     2227     463     463    1764
         724    1.3e+04      2230 2233.51 2233.51     2225     463     463    1762
         725    1.3e+04      2230 2233.51 2233.51     2227     463     463    1764
         726    1.3e+04      2230 2233.51 2233.51     2223     463     463    1760
         727    1.3e+04      2230 2233.51 2233.51     2225     463     463    1762
         728    1.3e+04      2230 2233.51 2233.51     2224     463     463    1761
         729    1.3e+04      2230 2233.51 2233.51     2224     463     463    1761
         730    1.3e+04      2230 2233.51 2233.51     2223     463     463    1760
         731    1.3e+04      2230 2233.51 2233.51     2227     463     463    1764
         732    1.3e+04      2230 2233.51 2233.51     2222     463     463    1759
         733    1.3e+04      2230 2233.51 2233.51     2225     463     463    1762
         734    1.3e+04      2230 2233.51 2233.51     2225     463     463    1762
         735    1.3e+04      2230 2233.51 2233.51     2227     463     463    1764
         736    1.3e+04      2230 2233.51 2233.51     2223     463     463    1760
         737    1.3e+04      2230 2233.51 2233.51     2224     463     463    1761
         738    1.3e+04      2230 2233.51 2233.51     2222     463     463    1759
         739    1.3e+04      2230 2233.51 2233.51     2223     463     463    1760
               reducing step to 4.88281e-05
         740    1.3e+04      2230 2233.51 2233.51     2226     463     463    1763
         741    1.3e+04      2230  2233.5  2233.5     2227     463     463    1764
         742    1.3e+04      2230  2233.5  2233.5     2223     463     463    1760
         743    1.3e+04      2230  2233.5  2233.5     2227     463     463    1764
         744    1.3e+04      2230  2233.5  2233.5     2225     463     463    1762
         745    1.3e+04      2230  2233.5  2233.5     2224     463     463    1761
         746    1.3e+04      2230  2233.5  2233.5     2226     463     463    1763
         747    1.3e+04      2230  2233.5  2233.5     2226     463     463    1763
         748    1.3e+04      2230  2233.5  2233.5     2222     463     463    1759
         749    1.3e+04      2230  2233.5  2233.5     2223     463     463    1760
         750    1.3e+04      2230  2233.5  2233.5     2226     463     463    1763
         751    1.3e+04      2230  2233.5  2233.5     2225     463     463    1762
         752    1.3e+04      2230  2233.5  2233.5     2223     463     463    1760
         753    1.3e+04      2230  2233.5  2233.5     2223     463     463    1760
         754    1.3e+04      2230  2233.5  2233.5     2227     463     463    1764
         755    1.3e+04      2230  2233.5  2233.5     2222     463     463    1759
         756    1.3e+04      2230  2233.5  2233.5     2223     463     463    1760
         757    1.3e+04      2230  2233.5  2233.5     2222     463     463    1759
         758    1.3e+04      2230  2233.5  2233.5     2226     463     463    1763
         759    1.3e+04      2230  2233.5  2233.5     2223     463     463    1760
         760    1.3e+04      2230  2233.5  2233.5     2223     463     463    1760
         761    1.3e+04      2230  2233.5  2233.5     2222     463     463    1759
         762    1.3e+04      2230  2233.5  2233.5     2226     463     463    1763
         763    1.3e+04      2230  2233.5  2233.5     2223     463     463    1760
         764    1.3e+04      2230  2233.5  2233.5     2223     463     463    1760
         765    1.3e+04      2230  2233.5  2233.5     2222     463     463    1759
         766    1.3e+04      2230  2233.5  2233.5     2226     463     463    1763
         767    1.3e+04      2230  2233.5  2233.5     2223     463     463    1760
         768    1.3e+04      2230  2233.5  2233.5     2223     463     463    1760
         769    1.3e+04      2230  2233.5  2233.5     2222     463     463    1759
         770    1.3e+04      2230  2233.5  2233.5     2226     463     463    1763
         771    1.3e+04      2230  2233.5  2233.5     2223     463     463    1760
         772    1.3e+04      2230  2233.5  2233.5     2223     463     463    1760
         773    1.3e+04      2230  2233.5  2233.5     2222     463     463    1759
         774    1.3e+04      2230  2233.5  2233.5     2226     463     463    1763
         775    1.3e+04      2230  2233.5  2233.5     2223     463     463    1760
         776    1.3e+04      2230  2233.5  2233.5     2223     463     463    1760
               reducing step to 2.44141e-05
         777    1.3e+04      2230  2233.5  2233.5     2227     463     463    1764
         778    1.3e+04      2230  2233.5  2233.5     2225     463     463    1762
         779    1.3e+04      2230  2233.5  2233.5     2225     463     463    1762
         780    1.3e+04      2230  2233.5  2233.5     2224     463     463    1761
         781    1.3e+04      2230  2233.5  2233.5     2225     463     463    1762
         782    1.3e+04      2230  2233.5  2233.5     2224     463     463    1761
         783    1.3e+04      2230  2233.5  2233.5     2225     463     463    1762
         784    1.3e+04      2230  2233.5  2233.5     2225     463     463    1762
         785    1.3e+04      2230  2233.5  2233.5     2227     463     463    1764
         786    1.3e+04      2230  2233.5  2233.5     2226     463     463    1763
         787    1.3e+04      2230  2233.5  2233.5     2227     463     463    1764
         788    1.3e+04      2230  2233.5  2233.5     2226     463     463    1763
         789    1.3e+04      2230  2233.5  2233.5     2227     463     463    1764
         790    1.3e+04      2230  2233.5  2233.5     2226     463     463    1763
         791    1.3e+04      2230  2233.5  2233.5     2225     463     463    1762
         792    1.3e+04      2230  2233.5  2233.5     2224     463     463    1761
         793    1.3e+04      2230  2233.5  2233.5     2223     463     463    1760
         794    1.3e+04      2230  2233.5  2233.5     2226     463     463    1763
         795    1.3e+04      2230  2233.5  2233.5     2226     463     463    1763
         796    1.3e+04      2230  2233.5  2233.5     2222     463     463    1759
         797    1.3e+04      2230  2233.5  2233.5     2227     463     463    1764
         798    1.3e+04      2230  2233.5  2233.5     2225     463     463    1762
         799    1.3e+04      2230  2233.5  2233.5     2223     463     463    1760
         800    1.3e+04      2230  2233.5  2233.5     2226     463     463    1763
         801    1.3e+04      2230  2233.5  2233.5     2225     463     463    1762
         802    1.3e+04      2230  2233.5  2233.5     2224     463     463    1761
         803    1.3e+04      2230  2233.5  2233.5     2225     463     463    1762
         804    1.3e+04      2230  2233.5  2233.5     2223     463     463    1760
         805    1.3e+04      2230  2233.5  2233.5     2223     463     463    1760
         806    1.3e+04      2230  2233.5  2233.5     2224     463     463    1761
         807    1.3e+04      2230  2233.5  2233.5     2225     463     463    1762
         808    1.3e+04      2230  2233.5  2233.5     2223     463     463    1760
         809    1.3e+04      2230  2233.5  2233.5     2226     463     463    1763
         810    1.3e+04      2230  2233.5  2233.5     2225     463     463    1762
         811    1.3e+04      2230  2233.5  2233.5     2223     463     463    1760
         812    1.3e+04      2230  2233.5  2233.5     2223     463     463    1760
         813    1.3e+04      2230  2233.5  2233.5     2227     463     463    1764
         814    1.3e+04      2230  2233.5  2233.5     2223     463     463    1760
         815    1.3e+04      2230  2233.5  2233.5     2225     463     463    1762
         816    1.3e+04      2230  2233.5  2233.5     2224     463     463    1761
         817    1.3e+04      2230  2233.5  2233.5     2223     463     463    1760
         818    1.3e+04      2230  2233.5  2233.5     2226     463     463    1763
         819    1.3e+04      2230  2233.5  2233.5     2225     463     463    1762
         820    1.3e+04      2230  2233.5  2233.5     2223     463     463    1760
         821    1.3e+04      2230  2233.5  2233.5     2225     463     463    1762
         822    1.3e+04      2230  2233.5  2233.5     2223     463     463    1760
         823    1.3e+04      2230  2233.5  2233.5     2223     463     463    1760
         824    1.3e+04      2230  2233.5  2233.5     2224     463     463    1761
         825    1.3e+04      2230  2233.5  2233.5     2224     463     463    1761
         826    1.3e+04      2230  2233.5  2233.5     2223     463     463    1760
         827    1.3e+04      2230  2233.5  2233.5     2226     463     463    1763
         828    1.3e+04      2230  2233.5  2233.5     2222     463     463    1759
         829    1.3e+04      2230  2233.5  2233.5     2226     463     463    1763
               reducing step to 1.2207e-05
         830    1.3e+04      2230  2233.5  2233.5     2227     463     463    1764
         831    1.3e+04      2230  2233.5  2233.5     2225     463     463    1762
         832    1.3e+04      2230  2233.5  2233.5     2223     463     463    1760
         833    1.3e+04      2230  2233.5  2233.5     2228     463     463    1765
         834    1.3e+04      2230  2233.5  2233.5     2225     463     463    1762
         835    1.3e+04      2230  2233.5  2233.5     2225     463     463    1762
         836    1.3e+04      2230  2233.5  2233.5     2227     463     463    1764
         837    1.3e+04      2230  2233.5  2233.5     2224     463     463    1761
         838    1.3e+04      2230  2233.5  2233.5     2225     463     463    1762
         839    1.3e+04      2230  2233.5  2233.5     2223     463     463    1760
         840    1.3e+04      2230  2233.5  2233.5     2225     463     463    1762
         841    1.3e+04      2230  2233.5  2233.5     2224     463     463    1761
         842    1.3e+04      2230  2233.5  2233.5     2227     463     463    1764
         843    1.3e+04      2230  2233.5  2233.5     2224     463     463    1761
         844    1.3e+04      2230  2233.5  2233.5     2225     463     463    1762
         845    1.3e+04      2230  2233.5  2233.5     2226     463     463    1763
         846    1.3e+04      2230  2233.5  2233.5     2225     463     463    1762
         847    1.3e+04      2230  2233.5  2233.5     2224     463     463    1761
         848    1.3e+04      2230  2233.5  2233.5     2225     463     463    1762
         849    1.3e+04      2230  2233.5  2233.5     2224     463     463    1761
         850    1.3e+04      2230  2233.5  2233.5     2227     463     463    1764
         851    1.3e+04      2230  2233.5  2233.5     2224     463     463    1761
         852    1.3e+04      2230  2233.5  2233.5     2225     463     463    1762
         853    1.3e+04      2230  2233.5  2233.5     2223     463     463    1760
         854    1.3e+04      2230  2233.5  2233.5     2223     463     463    1760
         855    1.3e+04      2230  2233.5  2233.5     2222     463     463    1759
         856    1.3e+04      2230  2233.5  2233.5     2225     463     463    1762
         857    1.3e+04      2230  2233.5  2233.5     2222     463     463    1759
         858    1.3e+04      2230  2233.5  2233.5     2224     463     463    1761
         859    1.3e+04      2230  2233.5  2233.5     2222     463     463    1759
         860    1.3e+04      2230  2233.5  2233.5     2224     463     463    1761
               reducing step to 6.10352e-06
         861    1.3e+04      2230  2233.5  2233.5     2228     463     463    1765
         862    1.3e+04      2230  2233.5  2233.5     2223     463     463    1760
         863    1.3e+04      2230  2233.5  2233.5     2225     463     463    1762
         864    1.3e+04      2230  2233.5  2233.5     2225     463     463    1762
         865    1.3e+04      2230  2233.5  2233.5     2225     463     463    1762
         866    1.3e+04      2230  2233.5  2233.5     2224     463     463    1761
         867    1.3e+04      2230  2233.5  2233.5     2222     463     463    1759
         868    1.3e+04      2230  2233.5  2233.5     2224     463     463    1761
         869    1.3e+04      2230  2233.5  2233.5     2223     463     463    1760
         870    1.3e+04      2230  2233.5  2233.5     2225     463     463    1762
         871    1.3e+04      2230  2233.5  2233.5     2226     463     463    1763
         872    1.3e+04      2230  2233.5  2233.5     2223     463     463    1760
         873    1.3e+04      2230  2233.5  2233.5     2224     463     463    1761
         874    1.3e+04      2230  2233.5  2233.5     2225     463     463    1762
         875    1.3e+04      2230  2233.5  2233.5     2226     463     463    1763
         876    1.3e+04      2230  2233.5  2233.5     2225     463     463    1762
         877    1.3e+04      2230  2233.5  2233.5     2226     463     463    1763
         878    1.3e+04      2230  2233.5  2233.5     2226     463     463    1763
         879    1.3e+04      2230  2233.5  2233.5     2226     463     463    1763
         880    1.3e+04      2230  2233.5  2233.5     2226     463     463    1763
         881    1.3e+04      2230  2233.5  2233.5     2226     463     463    1763
         882    1.3e+04      2230  2233.5  2233.5     2222     463     463    1759
         883    1.3e+04      2230  2233.5  2233.5     2224     463     463    1761
         884    1.3e+04      2230  2233.5  2233.5     2224     463     463    1761
         885    1.3e+04      2230  2233.5  2233.5     2226     463     463    1763
         886    1.3e+04      2230  2233.5  2233.5     2222     463     463    1759
         887    1.3e+04      2230  2233.5  2233.5     2224     463     463    1761
         888    1.3e+04      2230  2233.5  2233.5     2224     463     463    1761
         889    1.3e+04      2230  2233.5  2233.5     2225     463     463    1762
         890    1.3e+04      2230  2233.5  2233.5     2221     463     463    1758
         891    1.3e+04      2230  2233.5  2233.5     2223     463     463    1760
         892    1.3e+04      2230  2233.5  2233.5     2223     463     463    1760
         893    1.3e+04      2230  2233.5  2233.5     2226     463     463    1763
         894    1.3e+04      2230  2233.5  2233.5     2224     463     463    1761
         895    1.3e+04      2230  2233.5  2233.5     2225     463     463    1762
         896    1.3e+04      2230  2233.5  2233.5     2226     463     463    1763
         897    1.3e+04      2230  2233.5  2233.5     2222     463     463    1759
         898    1.3e+04      2230  2233.5  2233.5     2224     463     463    1761
         899    1.3e+04      2230  2233.5  2233.5     2222     463     463    1759
         900    1.3e+04      2230  2233.5  2233.5     2225     463     463    1762
         901    1.3e+04      2230  2233.5  2233.5     2225     463     463    1762
         902    1.3e+04      2230  2233.5  2233.5     2224     463     463    1761
         903    1.3e+04      2230  2233.5  2233.5     2224     463     463    1761
         904    1.3e+04      2230  2233.5  2233.5     2223     463     463    1760
         905    1.3e+04      2230  2233.5  2233.5     2223     463     463    1760
         906    1.3e+04      2230  2233.5  2233.5     2226     463     463    1763
         907    1.3e+04      2230  2233.5  2233.5     2226     463     463    1763
         908    1.3e+04      2230  2233.5  2233.5     2225     463     463    1762
         909    1.3e+04      2230  2233.5  2233.5     2226     463     463    1763
         910    1.3e+04      2230  2233.5  2233.5     2224     463     463    1761
         911    1.3e+04      2230  2233.5  2233.5     2225     463     463    1762
         912    1.3e+04      2230  2233.5  2233.5     2226     463     463    1763
         913    1.3e+04      2230  2233.5  2233.5     2222     463     463    1759
         914    1.3e+04      2230  2233.5  2233.5     2223     463     463    1760
         915    1.3e+04      2230  2233.5  2233.5     2223     463     463    1760
         916    1.3e+04      2230  2233.5  2233.5     2224     463     463    1761
         917    1.3e+04      2230  2233.5  2233.5     2224     463     463    1761
         918    1.3e+04      2230  2233.5  2233.5     2224     463     463    1761
         919    1.3e+04      2230  2233.5  2233.5     2221     463     463    1758
         920    1.3e+04      2230  2233.5  2233.5     2223     463     463    1760
         921    1.3e+04      2230  2233.5  2233.5     2224     463     463    1761
         922    1.3e+04      2230  2233.5  2233.5     2224     463     463    1761
         923    1.3e+04      2230  2233.5  2233.5     2224     463     463    1761
         924    1.3e+04      2230  2233.5  2233.5     2224     463     463    1761
         925    1.3e+04      2230  2233.5  2233.5     2224     463     463    1761
               reducing step to 3.05176e-06
         926    1.3e+04      2230  2233.5  2233.5     2227     463     463    1764
         927    1.3e+04      2230  2233.5  2233.5     2225     463     463    1762
         928    1.3e+04      2230  2233.5  2233.5     2224     463     463    1761
         929    1.3e+04      2230  2233.5  2233.5     2225     463     463    1762
         930    1.3e+04      2230  2233.5  2233.5     2222     463     463    1759
         931    1.3e+04      2230  2233.5  2233.5     2224     463     463    1761
         932    1.3e+04      2230  2233.5  2233.5     2225     463     463    1762
         933    1.3e+04      2230  2233.5  2233.5     2224     463     463    1761
         934    1.3e+04      2230  2233.5  2233.5     2224     463     463    1761
         935    1.3e+04      2230  2233.5  2233.5     2225     463     463    1762
         936    1.3e+04      2230  2233.5  2233.5     2225     463     463    1762
         937    1.3e+04      2230  2233.5  2233.5     2223     463     463    1760
         938    1.3e+04      2230  2233.5  2233.5     2225     463     463    1762
         939    1.3e+04      2230  2233.5  2233.5     2225     463     463    1762
         940    1.3e+04      2230  2233.5  2233.5     2227     463     463    1764
         941    1.3e+04      2230  2233.5  2233.5     2224     463     463    1761
         942    1.3e+04      2230  2233.5  2233.5     2225     463     463    1762
         943    1.3e+04      2230  2233.5  2233.5     2225     463     463    1762
         944    1.3e+04      2230  2233.5  2233.5     2227     463     463    1764
         945    1.3e+04      2230  2233.5  2233.5     2225     463     463    1762
         946    1.3e+04      2230  2233.5  2233.5     2225     463     463    1762
         947    1.3e+04      2230  2233.5  2233.5     2224     463     463    1761
         948    1.3e+04      2230  2233.5  2233.5     2223     463     463    1760
         949    1.3e+04      2230  2233.5  2233.5     2222     463     463    1759
         950    1.3e+04      2230  2233.5  2233.5     2223     463     463    1760
         951    1.3e+04      2230  2233.5  2233.5     2222     463     463    1759
         952    1.3e+04      2230  2233.5  2233.5     2224     463     463    1761
         953    1.3e+04      2230  2233.5  2233.5     2225     463     463    1762
         954    1.3e+04      2230  2233.5  2233.5     2223     463     463    1760
         955    1.3e+04      2230  2233.5  2233.5     2224     463     463    1761
         956    1.3e+04      2230  2233.5  2233.5     2224     463     463    1761
               reducing step to 1.52588e-06
    *    957    1.3e+04      2231  2233.5  2233.5     2231     463     463    1768
         958    1.3e+04      2231  2233.5  2233.5     2224     463     463    1761
         959    1.3e+04      2231  2233.5  2233.5     2225     463     463    1762
         960    1.3e+04      2231  2233.5  2233.5     2224     463     463    1761
         961    1.3e+04      2231  2233.5  2233.5     2227     463     463    1764
         962    1.3e+04      2231  2233.5  2233.5     2223     463     463    1760
         963    1.3e+04      2231  2233.5  2233.5     2226     463     463    1763
         964    1.3e+04      2231  2233.5  2233.5     2223     463     463    1760
         965    1.3e+04      2231  2233.5  2233.5     2225     463     463    1762
         966    1.3e+04      2231  2233.5  2233.5     2224     463     463    1761
         967    1.3e+04      2231  2233.5  2233.5     2227     463     463    1764
         968    1.3e+04      2231  2233.5  2233.5     2225     463     463    1762
         969    1.3e+04      2231  2233.5  2233.5     2225     463     463    1762
         970    1.3e+04      2231  2233.5  2233.5     2223     463     463    1760
         971    1.3e+04      2231  2233.5  2233.5     2226     463     463    1763
         972    1.3e+04      2231  2233.5  2233.5     2225     463     463    1762
         973    1.3e+04      2231  2233.5  2233.5     2225     463     463    1762
         974    1.3e+04      2231  2233.5  2233.5     2223     463     463    1760
         975    1.3e+04      2231  2233.5  2233.5     2226     463     463    1763
         976    1.3e+04      2231  2233.5  2233.5     2223     463     463    1760
         977    1.3e+04      2231  2233.5  2233.5     2225     463     463    1762
         978    1.3e+04      2231  2233.5  2233.5     2225     463     463    1762
         979    1.3e+04      2231  2233.5  2233.5     2225     463     463    1762
         980    1.3e+04      2231  2233.5  2233.5     2222     463     463    1759
         981    1.3e+04      2231  2233.5  2233.5     2226     463     463    1763
         982    1.3e+04      2231  2233.5  2233.5     2224     463     463    1761
         983    1.3e+04      2231  2233.5  2233.5     2228     463     463    1765
         984    1.3e+04      2231  2233.5  2233.5     2224     463     463    1761
         985    1.3e+04      2231  2233.5  2233.5     2228     463     463    1765
         986    1.3e+04      2231  2233.5  2233.5     2224     463     463    1761
         987    1.3e+04      2231  2233.5  2233.5     2228     463     463    1765
         988    1.3e+04      2231  2233.5  2233.5     2224     463     463    1761
         989    1.3e+04      2231  2233.5  2233.5     2228     463     463    1765
         990    1.3e+04      2231  2233.5  2233.5     2224     463     463    1761
         991    1.3e+04      2231  2233.5  2233.5     2228     463     463    1765
         992    1.3e+04      2231  2233.5  2233.5     2224     463     463    1761
         993    1.3e+04      2231  2233.5  2233.5     2228     463     463    1765
         994    1.3e+04      2231  2233.5  2233.5     2224     463     463    1761
         995    1.3e+04      2231  2233.5  2233.5     2227     463     463    1764
         996    1.3e+04      2231  2233.5  2233.5     2224     463     463    1761
         997    1.3e+04      2231  2233.5  2233.5     2228     463     463    1765
         998    1.3e+04      2231  2233.5  2233.5     2224     463     463    1761
         999    1.3e+04      2231  2233.5  2233.5     2228     463     463    1765
               reducing step to 7.62939e-07
        1000    1.3e+04      2231  2233.5  2233.5     2227     463     463    1764
Total time used by klau is 42.64
true_align (1135) and est_align (463) DO NOT have the same number of elements.
method klau has a score of 27.49%
method klau used 42.636 seconds.
maximum values in init align row is:  1134
maximum values in init align col is:  1127
 best   iter   pr-delta       obj  weight    card overlap
    *      1    5.1e-01      1505     464     464    1273
    *      2    1.4e-01      1594     464     464    1362
           3    5.1e-02      1570     464     464    1338
    *      4    2.0e-02      1621     464     464    1389
           5    8.4e-03      1619     464     464    1387
           6    4.0e-03      1619     464     464    1387
           7    1.9e-03      1619     464     464    1387
           8    1.0e-03      1619     464     464    1387
           9    5.4e-04      1619     464     464    1387
          10    3.0e-04      1619     464     464    1387
          11    1.7e-04      1619     464     464    1387
          12    9.6e-05      1619     464     464    1387
          13    5.6e-05      1619     464     464    1387
          14    3.3e-05      1619     464     464    1387
          15    1.9e-05      1619     464     464    1387
          16    1.2e-05      1619     464     464    1387
          17    7.0e-06      1619     464     464    1387
          18    4.2e-06      1619     464     464    1387
          19    2.6e-06      1619     464     464    1387
          20    1.6e-06      1619     464     464    1387
          21    9.7e-07      1619     464     464    1387
          22    6.0e-07      1619     464     464    1387
          23    3.8e-07      1619     464     464    1387
          24    2.4e-07      1619     464     464    1387
          25    1.5e-07      1619     464     464    1387
          26    9.4e-08      1619     464     464    1387
          27    6.0e-08      1619     464     464    1387
          28    3.8e-08      1619     464     464    1387
          29    2.4e-08      1619     464     464    1387
          30    1.6e-08      1619     464     464    1387
          31    1.0e-08      1619     464     464    1387
          32    6.5e-09      1619     464     464    1387
          33    4.2e-09      1619     464     464    1387
          34    2.7e-09      1619     464     464    1387
          35    1.8e-09      1619     464     464    1387
          36    1.2e-09      1619     464     464    1387
          37    7.6e-10      1619     464     464    1387
          38    4.9e-10      1619     464     464    1387
          39    3.2e-10      1619     464     464    1387
          40    2.1e-10      1619     464     464    1387
          41    1.4e-10      1619     464     464    1387
          42    9.2e-11      1619     464     464    1387
          43    6.0e-11      1619     464     464    1387
          44    4.0e-11      1619     464     464    1387
          45    2.6e-11      1619     464     464    1387
          46    1.7e-11      1619     464     464    1387
          47    1.1e-11      1619     464     464    1387
          48    7.5e-12      1619     464     464    1387
          49    5.0e-12      1619     464     464    1387
          50    3.3e-12      1619     464     464    1387
          51    2.2e-12      1619     464     464    1387
          52    1.4e-12      1619     464     464    1387
          53    9.6e-13      1619     464     464    1387
Total time used by isorank is 0.77
true_align (1135) and est_align (464) DO NOT have the same number of elements.
method isorank has a score of 8.11%
method isorank used 0.773 seconds.
experiment results:
     method      score       time
0  netalign  27.488987   1.852760
1      klau  27.488987  42.635858
2   isorank   8.105727   0.772603
