Permutation sanity check error is 136.0.
Permutation sanity check error is 21464.0.
num_init for this graph is 10
Generating initial alignment matrix using degree ...
mode is  degree
number of noisy edges are:  10
Average number of initial alignments for each node is 20
maximum values in init align row is:  1134
maximum values in init align col is:  1134
Recovering sparse matrix L took 0.01 sec.
Time for degree: 0.01 sec
iteration 1
Time for iteration 1: 0.22 sec, diff = 0.59051
iteration 2
Time for iteration 2: 0.16 sec, diff = 0.06690
iteration 3
Time for iteration 3: 0.15 sec, diff = 0.01953
iteration 4
Time for iteration 4: 0.15 sec, diff = 0.00802
iteration 5
Time for iteration 5: 0.14 sec, diff = 0.00396
iteration 6
Time for iteration 6: 0.14 sec, diff = 0.00220
iteration 7
Time for iteration 7: 0.14 sec, diff = 0.00131
iteration 8
Time for iteration 8: 0.14 sec, diff = 0.00082
iteration 9
Time for iteration 9: 0.13 sec, diff = 0.00053
iteration 10
Time for iteration 10: 0.13 sec, diff = 0.00035
iteration 11
Time for iteration 11: 0.13 sec, diff = 0.00023
iteration 12
Time for iteration 12: 0.13 sec, diff = 0.00016
iteration 13
Time for iteration 13: 0.13 sec, diff = 0.00011
iteration 14
Time for iteration 14: 0.14 sec, diff = 0.00007
iteration 15
Time for iteration 15: 0.13 sec, diff = 0.00005
iteration 16
Time for iteration 16: 0.13 sec, diff = 0.00003
iteration 17
Time for iteration 17: 0.13 sec, diff = 0.00002
iteration 18
Time for iteration 18: 0.14 sec, diff = 0.00002
iteration 19
Time for iteration 19: 0.13 sec, diff = 0.00001
iteration 20
Time for iteration 20: 0.13 sec, diff = 0.00001
Total time used by final is 3.15 sec.
true_align and est_align have the same number of elements.
method final has a score of 28.72%
method final used 3.147 seconds.
maximum values in init align row is:  1134
maximum values in init align col is:  1134
best   iter    obj_ma wght_ma card_ma over_ma    obj_mb wght_mb card_mb over_mb
  *a      1      1751     466     466    1285      1751     466     466    1285
          2       725     327     327     398       902     370     370     532
          3      1020     436     436     584       789     337     337     452
          4       740     381     381     359       703     365     365     338
  *b      5      1842     459     459    1383      1874     446     446    1428
  *b      6      1967     463     463    1504      2000     444     444    1556
          7      1651     434     434    1217      1742     427     427    1315
          8       801     362     362     439       457     194     194     263
          9       984     380     380     604       835     308     308     527
         10      1925     461     461    1464      1881     448     448    1433
  *b     11      2151     461     461    1690      2153     452     452    1701
         12      2152     461     461    1691      2152     447     447    1705
         13      2082     453     453    1629      2054     419     419    1635
  *a     14      2160     455     455    1705      1920     373     373    1547
  *a     15      2259     459     459    1800      2179     435     435    1744
  *a     16      2276     460     460    1816      2262     454     454    1808
  *a     17      2280     461     461    1819      2258     450     450    1808
         18      2280     461     461    1819      2266     453     453    1813
  *a     19      2282     461     461    1821      2269     454     454    1815
         20      2282     461     461    1821      2281     459     459    1822
  *a     21      2284     461     461    1823      2281     459     459    1822
         22      2284     461     461    1823      2280     459     459    1821
         23      2284     461     461    1823      2284     461     461    1823
         24      2284     461     461    1823      2284     461     461    1823
         25      2284     461     461    1823      2283     460     460    1823
  *a     26      2285     461     461    1824      2285     461     461    1824
         27      2285     461     461    1824      2285     461     461    1824
         28      2285     461     461    1824      2285     461     461    1824
         29      2284     461     461    1823      2285     461     461    1824
         30      2284     461     461    1823      2285     461     461    1824
         31      2285     461     461    1824      2285     461     461    1824
         32      2284     461     461    1823      2285     461     461    1824
         33      2284     461     461    1823      2285     461     461    1824
         34      2284     461     461    1823      2285     461     461    1824
         35      2284     461     461    1823      2285     461     461    1824
         36      2284     461     461    1823      2285     461     461    1824
         37      2284     461     461    1823      2280     460     460    1820
         38      2284     461     461    1823      2280     460     460    1820
         39      2284     461     461    1823      2280     460     460    1820
         40      2284     461     461    1823      2280     460     460    1820
         41      2284     461     461    1823      2280     460     460    1820
         42      2284     461     461    1823      2285     461     461    1824
         43      2284     461     461    1823      2285     461     461    1824
         44      2285     461     461    1824      2285     461     461    1824
         45      2285     461     461    1824      2285     461     461    1824
         46      2285     461     461    1824      2285     461     461    1824
         47      2285     461     461    1824      2285     461     461    1824
         48      2285     461     461    1824      2285     461     461    1824
         49      2284     461     461    1823      2285     461     461    1824
         50      2284     461     461    1823      2285     461     461    1824
         51      2284     461     461    1823      2284     460     460    1824
         52      2284     461     461    1823      2284     460     460    1824
         53      2284     461     461    1823      2285     461     461    1824
         54      2284     461     461    1823      2285     461     461    1824
         55      2284     461     461    1823      2284     461     461    1823
         56      2284     461     461    1823      2284     461     461    1823
         57      2284     461     461    1823      2284     461     461    1823
         58      2284     461     461    1823      2284     461     461    1823
         59      2284     461     461    1823      2284     461     461    1823
         60      2284     461     461    1823      2284     461     461    1823
         61      2284     461     461    1823      2284     461     461    1823
         62      2284     461     461    1823      2274     460     460    1814
         63      2284     461     461    1823      2274     460     460    1814
         64      2284     461     461    1823      2274     460     460    1814
         65      2284     461     461    1823      2281     460     460    1821
         66      2284     461     461    1823      2284     461     461    1823
         67      2284     461     461    1823      2284     461     461    1823
         68      2284     461     461    1823      2284     461     461    1823
         69      2284     461     461    1823      2274     460     460    1814
         70      2284     461     461    1823      2274     460     460    1814
         71      2284     461     461    1823      2274     460     460    1814
         72      2284     461     461    1823      2274     460     460    1814
         73      2284     461     461    1823      2284     461     461    1823
         74      2284     461     461    1823      2284     461     461    1823
         75      2284     461     461    1823      2284     461     461    1823
         76      2284     461     461    1823      2274     460     460    1814
         77      2284     461     461    1823      2274     460     460    1814
         78      2284     461     461    1823      2274     460     460    1814
         79      2284     461     461    1823      2274     460     460    1814
         80      2284     461     461    1823      2284     461     461    1823
         81      2284     461     461    1823      2284     461     461    1823
         82      2284     461     461    1823      2284     461     461    1823
         83      2284     461     461    1823      2284     461     461    1823
         84      2284     461     461    1823      2284     461     461    1823
         85      2284     461     461    1823      2284     461     461    1823
         86      2284     461     461    1823      2284     461     461    1823
         87      2284     461     461    1823      2284     461     461    1823
         88      2284     461     461    1823      2284     461     461    1823
         89      2284     461     461    1823      2284     461     461    1823
         90      2284     461     461    1823      2274     460     460    1814
         91      2284     461     461    1823      2274     460     460    1814
         92      2284     461     461    1823      2274     460     460    1814
         93      2284     461     461    1823      2274     460     460    1814
         94      2284     461     461    1823      2284     461     461    1823
         95      2284     461     461    1823      2284     461     461    1823
         96      2284     461     461    1823      2284     461     461    1823
         97      2284     461     461    1823      2284     461     461    1823
         98      2284     461     461    1823      2284     461     461    1823
         99      2284     461     461    1823      2284     461     461    1823
        100      2284     461     461    1823      2284     461     461    1823
Total time used by netalign is 1.84
true_align (1135) and est_align (461) DO NOT have the same number of elements.
method netalign has a score of 27.22%
method netalign used 1.838 seconds.
maximum values in init align row is:  1134
maximum values in init align col is:  1134
 best   iter     norm-u     lower   upper     cur      obj  weight    card overlap
    *      1    0.0e+00      1855    2581    2581     1855     466     466    1389
           2    1.3e+03      1855    2581  2760.7     1746     466     466    1280
           3    1.8e+03      1855    2581  2680.9     1390     466     466     924
           4    2.5e+03      1855    2581  2722.8     1301     466     466     835
           5    3.0e+03      1855    2581  2681.2     1269     466     466     803
           6    3.5e+03      1855    2581  2694.2     1190     466     466     724
           7    3.9e+03      1855    2581  2673.6     1228     466     466     762
           8    4.3e+03      1855    2581  2675.8     1114     466     466     648
           9    4.7e+03      1855    2581  2663.2     1090     466     466     624
          10    5.1e+03      1855    2581  2670.4     1076     466     466     610
          11    5.4e+03      1855    2581  2658.9     1123     466     466     657
          12    5.7e+03      1855    2581  2660.1     1033     466     466     567
          13    6.1e+03      1855    2581  2648.4     1079     466     466     613
          14    6.4e+03      1855    2581  2659.6     1088     466     466     622
          15    6.6e+03      1855    2581  2646.1     1057     466     466     591
          16    6.9e+03      1855    2581    2660     1003     466     466     537
          17    7.2e+03      1855    2581  2632.7     1065     466     466     599
          18    7.4e+03      1855    2581    2648     1086     466     466     620
          19    7.6e+03      1855    2581  2620.6     1064     466     466     598
          20    7.9e+03      1855    2581  2638.8     1091     466     466     625
          21    8.1e+03      1855    2581  2630.7      995     466     466     529
          22    8.3e+03      1855    2581  2626.2     1026     466     466     560
          23    8.4e+03      1855    2581  2622.9     1001     465     465     536
          24    8.7e+03      1855    2581  2616.5     1064     466     466     598
          25    8.8e+03      1855    2581  2621.6      994     466     466     528
          26    9.1e+03      1855    2581  2620.9     1072     465     465     607
               reducing step to 0.2
          27    9.1e+03      1855  2513.7  2513.7     1058     466     466     592
          28    9.2e+03      1855  2507.9  2507.9     1020     466     466     554
          29    9.3e+03      1855    2473    2473     1026     466     466     560
          30    9.4e+03      1855    2473  2477.5     1024     466     466     558
          31    9.5e+03      1855  2462.2  2462.2     1058     465     465     593
          32    9.5e+03      1855  2457.7  2457.7     1111     466     466     645
          33    9.6e+03      1855  2447.9  2447.9     1079     465     465     614
          34    9.7e+03      1855  2447.9  2448.4     1110     466     466     644
          35    9.7e+03      1855  2444.9  2444.9     1099     466     466     633
          36    9.8e+03      1855  2439.6  2439.6     1179     466     466     713
          37    9.9e+03      1855  2439.6  2441.1     1089     466     466     623
          38    9.9e+03      1855  2439.3  2439.3     1133     466     466     667
          39    1.0e+04      1855  2427.4  2427.4     1179     466     466     713
          40    1.0e+04      1855  2426.3  2426.3     1134     465     465     669
          41    1.0e+04      1855    2422    2422     1229     466     466     763
          42    1.0e+04      1855  2413.1  2413.1     1187     465     465     722
          43    1.0e+04      1855  2413.1  2424.6     1267     466     466     801
          44    1.0e+04      1855  2413.1  2416.5     1266     466     466     800
          45    1.0e+04      1855  2409.1  2409.1     1193     465     465     728
          46    1.0e+04      1855  2409.1  2417.4     1276     465     465     811
          47    1.0e+04      1855  2405.8  2405.8     1278     466     466     812
          48    1.0e+04      1855  2405.8  2408.9     1301     465     465     836
          49    1.0e+04      1855  2401.5  2401.5     1359     466     466     893
          50    1.1e+04      1855  2401.5  2402.8     1261     465     465     796
          51    1.1e+04      1855  2401.5  2406.5     1264     465     465     799
          52    1.1e+04      1855  2398.1  2398.1     1271     465     465     806
          53    1.1e+04      1855  2396.9  2396.9     1366     465     465     901
          54    1.1e+04      1855  2396.9  2398.6     1243     465     465     778
          55    1.1e+04      1855  2396.9  2404.1     1413     465     465     948
          56    1.1e+04      1855  2391.5  2391.5     1298     465     465     833
          57    1.1e+04      1855  2391.5  2398.4     1282     465     465     817
          58    1.1e+04      1855  2391.5  2397.6     1316     465     465     851
          59    1.1e+04      1855  2391.5  2392.1     1330     465     465     865
          60    1.1e+04      1855  2390.7  2390.7     1290     464     464     826
          61    1.1e+04      1855    2388    2388     1456     465     465     991
          62    1.1e+04      1855  2382.8  2382.8     1365     464     464     901
          63    1.1e+04      1855  2382.8  2390.4     1340     464     464     876
          64    1.1e+04      1855  2382.8  2384.1     1393     466     466     927
          65    1.1e+04      1855  2382.8  2383.1     1410     464     464     946
          66    1.1e+04      1855  2382.8  2383.8     1404     465     465     939
          67    1.1e+04      1855  2377.9  2377.9     1497     464     464    1033
          68    1.1e+04      1855  2373.3  2373.3     1393     465     465     928
          69    1.1e+04      1855  2373.3  2384.4     1400     464     464     936
          70    1.1e+04      1855  2373.3  2377.3     1459     464     464     995
          71    1.1e+04      1855  2373.3  2383.1     1426     465     465     961
          72    1.1e+04      1855  2373.3  2376.3     1449     465     465     984
          73    1.1e+04      1855  2373.3  2380.3     1359     464     464     895
          74    1.1e+04      1855  2373.3  2378.4     1409     465     465     944
          75    1.1e+04      1855  2373.3  2376.5     1410     464     464     946
          76    1.2e+04      1855  2373.3  2375.3     1459     466     466     993
          77    1.2e+04      1855  2371.6  2371.6     1580     464     464    1116
          78    1.2e+04      1855  2371.6  2376.7     1426     465     465     961
          79    1.2e+04      1855  2371.6  2372.9     1381     465     465     916
          80    1.2e+04      1855  2371.6  2371.8     1452     464     464     988
          81    1.2e+04      1855  2367.2  2367.2     1494     465     465    1029
          82    1.2e+04      1855  2367.2  2367.5     1419     464     464     955
          83    1.2e+04      1855  2367.2  2380.1     1382     465     465     917
          84    1.2e+04      1855  2367.2    2372     1487     464     464    1023
          85    1.2e+04      1855  2366.6  2366.6     1513     465     465    1048
          86    1.2e+04      1855  2366.6  2370.1     1495     466     466    1029
          87    1.2e+04      1855  2366.6  2367.8     1605     464     464    1141
          88    1.2e+04      1855  2366.2  2366.2     1437     465     465     972
          89    1.2e+04      1855  2366.2  2375.4     1406     464     464     942
          90    1.2e+04      1855    2365    2365     1555     464     464    1091
          91    1.2e+04      1855    2365  2365.8     1495     465     465    1030
          92    1.2e+04      1855    2365  2368.1     1457     465     465     992
          93    1.2e+04      1855    2365    2371     1550     464     464    1086
          94    1.2e+04      1855  2359.7  2359.7     1547     464     464    1083
          95    1.2e+04      1855  2359.7  2363.1     1478     465     465    1013
          96    1.2e+04      1855  2359.7  2371.4     1480     465     465    1015
          97    1.2e+04      1855  2359.7  2360.5     1657     465     465    1192
          98    1.2e+04      1855  2359.7  2361.1     1450     463     463     987
          99    1.2e+04      1855  2359.7  2369.6     1376     466     466     910
         100    1.2e+04      1855  2359.7  2370.8     1547     465     465    1082
         101    1.2e+04      1855  2355.6  2355.6     1580     464     464    1116
         102    1.2e+04      1855  2355.6  2362.6     1403     464     464     939
         103    1.2e+04      1855  2355.6  2366.6     1466     464     464    1002
         104    1.2e+04      1855  2355.6  2359.2     1655     465     465    1190
         105    1.2e+04      1855  2352.2  2352.2     1629     464     464    1165
         106    1.2e+04      1855  2352.2  2367.8     1475     464     464    1011
         107    1.2e+04      1855  2352.2  2370.4     1537     466     466    1071
         108    1.2e+04      1855  2352.2  2360.4     1594     464     464    1130
         109    1.2e+04      1855  2352.2  2355.5     1592     464     464    1128
         110    1.2e+04      1855  2352.2  2367.6     1462     464     464     998
         111    1.2e+04      1855  2352.2  2361.2     1636     465     465    1171
         112    1.3e+04      1855  2352.2    2354     1645     465     465    1180
         113    1.3e+04      1855  2352.2  2355.1     1541     463     463    1078
         114    1.3e+04      1855  2352.2  2366.1     1407     464     464     943
         115    1.3e+04      1855  2352.2  2362.3     1585     465     465    1120
         116    1.3e+04      1855  2352.2  2362.1     1562     465     465    1097
         117    1.3e+04      1855  2352.2  2357.8     1506     465     465    1041
         118    1.3e+04      1855  2352.2  2358.8     1466     464     464    1002
         119    1.3e+04      1855  2352.2  2353.2     1605     464     464    1141
         120    1.3e+04      1855  2352.2  2352.3     1609     465     465    1144
         121    1.3e+04      1855  2352.2  2354.4     1493     464     464    1029
         122    1.3e+04      1855  2352.2  2361.3     1490     464     464    1026
         123    1.3e+04      1855  2352.2    2354     1574     463     463    1111
         124    1.3e+04      1855  2352.2  2364.8     1536     465     465    1071
         125    1.3e+04      1855  2352.2    2353     1521     465     465    1056
         126    1.3e+04      1855  2352.2  2357.2     1598     464     464    1134
         127    1.3e+04      1855  2352.2  2357.9     1557     465     465    1092
         128    1.3e+04      1855  2348.1  2348.1     1560     464     464    1096
         129    1.3e+04      1855  2348.1  2356.7     1570     465     465    1105
         130    1.3e+04      1855  2348.1  2352.9     1571     465     465    1106
         131    1.3e+04      1855  2348.1  2352.3     1569     464     464    1105
         132    1.3e+04      1855  2348.1  2350.8     1597     465     465    1132
         133    1.3e+04      1855  2348.1  2362.3     1454     465     465     989
         134    1.3e+04      1855  2348.1    2360     1600     465     465    1135
         135    1.3e+04      1855  2348.1  2348.5     1796     464     464    1332
         136    1.3e+04      1855  2344.7  2344.7     1566     465     465    1101
         137    1.3e+04      1855  2344.7    2356     1421     464     464     957
         138    1.3e+04      1855  2344.7  2356.6     1557     465     465    1092
         139    1.3e+04      1855  2344.7  2353.4     1698     463     463    1235
         140    1.3e+04      1855  2344.7  2347.1     1607     465     465    1142
         141    1.3e+04      1855  2344.7  2355.9     1666     464     464    1202
         142    1.3e+04      1855  2344.7  2345.8     1678     463     463    1215
         143    1.3e+04      1855  2343.8  2343.8     1732     465     465    1267
         144    1.3e+04      1855  2343.8  2348.3     1595     465     465    1130
         145    1.3e+04      1855  2343.8  2361.4     1452     464     464     988
         146    1.3e+04      1855  2343.8  2356.8     1492     465     465    1027
         147    1.3e+04      1855  2343.8  2352.1     1493     464     464    1029
         148    1.3e+04      1855  2343.8  2352.1     1450     464     464     986
         149    1.3e+04      1855  2343.8  2353.3     1507     465     465    1042
         150    1.3e+04      1855  2343.8  2350.6     1551     464     464    1087
         151    1.3e+04      1855  2343.8  2353.8     1516     464     464    1052
         152    1.3e+04      1855  2343.8  2352.2     1588     464     464    1124
         153    1.3e+04      1855  2343.8  2348.6     1719     465     465    1254
         154    1.3e+04      1855  2343.8  2347.1     1628     463     463    1165
         155    1.3e+04      1855  2343.8  2347.4     1623     465     465    1158
         156    1.3e+04      1855  2343.8  2348.9     1638     464     464    1174
         157    1.4e+04      1855  2343.8  2345.4     1742     465     465    1277
         158    1.4e+04      1855  2343.8  2344.5     1694     464     464    1230
         159    1.4e+04      1855  2343.8  2348.9     1516     464     464    1052
         160    1.4e+04      1855  2343.8  2358.4     1496     464     464    1032
         161    1.4e+04      1855  2343.8    2347     1641     465     465    1176
         162    1.4e+04      1855  2343.8  2344.9     1738     464     464    1274
         163    1.4e+04      1855    2340    2340     1751     463     463    1288
         164    1.4e+04      1855  2338.5  2338.5     1599     464     464    1135
         165    1.4e+04      1855  2338.5  2348.3     1536     465     465    1071
         166    1.4e+04      1855  2338.5  2357.8     1557     464     464    1093
         167    1.4e+04      1855  2338.5  2350.7     1742     464     464    1278
         168    1.4e+04      1855  2338.5  2341.3     1657     464     464    1193
         169    1.4e+04      1855  2338.5  2351.2     1632     465     465    1167
         170    1.4e+04      1855  2338.5    2343     1643     464     464    1179
         171    1.4e+04      1855  2338.5  2349.3     1622     464     464    1158
         172    1.4e+04      1855  2338.5  2344.2     1671     464     464    1207
         173    1.4e+04      1855  2338.5  2341.4     1589     465     465    1124
         174    1.4e+04      1855  2338.5  2347.1     1604     465     465    1139
         175    1.4e+04      1855  2338.5  2346.3     1646     463     463    1183
         176    1.4e+04      1855  2338.5  2342.1     1725     465     465    1260
         177    1.4e+04      1855  2336.2  2336.2     1605     465     465    1140
         178    1.4e+04      1855  2336.2  2346.1     1566     465     465    1101
         179    1.4e+04      1855  2336.2  2348.4     1592     464     464    1128
         180    1.4e+04      1855  2336.2  2343.3     1725     464     464    1261
         181    1.4e+04      1855  2336.2  2341.1     1670     464     464    1206
         182    1.4e+04      1855  2336.2    2353     1622     465     465    1157
         183    1.4e+04      1855  2336.2    2346     1607     463     463    1144
         184    1.4e+04      1855  2336.2    2340     1756     464     464    1292
         185    1.4e+04      1855  2336.1  2336.1     1705     463     463    1242
         186    1.4e+04      1855  2336.1  2341.3     1635     464     464    1171
         187    1.4e+04      1855  2336.1  2350.8     1577     464     464    1113
         188    1.4e+04      1855  2336.1  2350.5     1502     465     465    1037
         189    1.4e+04      1855  2336.1  2341.7     1568     464     464    1104
         190    1.4e+04      1855  2336.1  2345.8     1597     465     465    1132
         191    1.4e+04      1855  2336.1  2341.2     1690     463     463    1227
         192    1.4e+04      1855  2336.1  2341.3     1734     464     464    1270
         193    1.4e+04      1855  2336.1  2336.6     1780     465     465    1315
         194    1.4e+04      1855  2336.1  2340.9     1729     464     464    1265
         195    1.4e+04      1855  2336.1  2341.5     1532     464     464    1068
         196    1.4e+04      1855  2336.1  2344.9     1594     464     464    1130
         197    1.4e+04      1855  2336.1  2346.9     1699     464     464    1235
         198    1.4e+04      1855  2336.1  2337.1     1718     464     464    1254
         199    1.4e+04      1855  2336.1  2338.4     1834     463     463    1371
         200    1.4e+04      1855  2336.1  2347.4     1600     464     464    1136
         201    1.4e+04      1855  2336.1    2343     1634     465     465    1169
         202    1.4e+04      1855  2336.1  2346.9     1735     464     464    1271
         203    1.4e+04      1855  2336.1  2339.1     1585     465     465    1120
         204    1.4e+04      1855  2336.1  2352.1     1513     464     464    1049
         205    1.4e+04      1855  2336.1  2347.6     1716     464     464    1252
         206    1.4e+04      1855  2336.1  2339.3     1746     465     465    1281
         207    1.4e+04      1855  2334.7  2334.7     1600     464     464    1136
         208    1.4e+04      1855  2334.7  2349.3     1431     463     463     968
         209    1.4e+04      1855  2334.7  2350.9     1508     465     465    1043
         210    1.4e+04      1855  2334.7  2338.2     1745     464     464    1281
         211    1.4e+04      1855  2334.7  2337.4     1729     463     463    1266
         212    1.4e+04      1855  2334.7  2341.1     1686     464     464    1222
         213    1.4e+04      1855  2334.7  2341.3     1596     465     465    1131
         214    1.4e+04      1855  2334.7    2342     1617     464     464    1153
         215    1.5e+04      1855  2334.7  2341.1     1783     464     464    1319
         216    1.5e+04      1855  2334.7  2340.7     1850     464     464    1386
         217    1.5e+04      1855  2328.3  2328.3     1823     465     465    1358
         218    1.5e+04      1855  2328.3  2334.9     1762     465     465    1297
         219    1.5e+04      1855  2328.3  2342.9     1610     465     465    1145
         220    1.5e+04      1855  2328.3    2346     1645     463     463    1182
         221    1.5e+04      1855  2328.3  2350.6     1642     465     465    1177
         222    1.5e+04      1855  2328.3    2342     1696     465     465    1231
         223    1.5e+04      1855  2328.3  2341.2     1853     463     463    1390
    *    224    1.5e+04      1863  2328.3  2333.5     1863     465     465    1398
         225    1.5e+04      1863  2328.3  2336.7     1753     463     463    1290
         226    1.5e+04      1863  2328.3  2340.9     1599     465     465    1134
         227    1.5e+04      1863  2328.3  2349.1     1518     465     465    1053
         228    1.5e+04      1863  2328.3    2348     1693     465     465    1228
         229    1.5e+04      1863  2328.3  2336.9     1691     463     463    1228
         230    1.5e+04      1863  2328.3  2331.2     1754     463     463    1291
         231    1.5e+04      1863  2328.3    2338     1661     464     464    1197
         232    1.5e+04      1863  2328.3  2339.9     1618     464     464    1154
         233    1.5e+04      1863  2328.3  2339.5     1731     465     465    1266
         234    1.5e+04      1863  2328.3  2333.9     1718     463     463    1255
         235    1.5e+04      1863  2328.3  2337.8     1614     465     465    1149
         236    1.5e+04      1863  2328.3    2349     1571     465     465    1106
         237    1.5e+04      1863  2328.3  2346.9     1548     464     464    1084
         238    1.5e+04      1863  2328.3  2342.3     1658     464     464    1194
         239    1.5e+04      1863  2328.3  2340.9     1557     464     464    1093
         240    1.5e+04      1863  2328.3  2343.4     1617     464     464    1153
         241    1.5e+04      1863  2328.3  2339.2     1688     464     464    1224
         242    1.5e+04      1863  2328.3  2336.4     1728     465     465    1263
               reducing step to 0.1
         243    1.5e+04      1863  2313.4  2313.4     1828     464     464    1364
    *    244    1.5e+04      1993  2306.1  2306.1     1993     464     464    1529
    *    245    1.5e+04      2033  2302.8  2302.8     2033     463     463    1570
         246    1.5e+04      2033  2301.2  2301.2     1980     463     463    1517
    *    247    1.5e+04      2144  2301.2  2303.6     2144     464     464    1680
    *    248    1.5e+04      2163  2301.2    2302     2163     464     464    1699
         249    1.5e+04      2163  2301.2  2301.6     2097     464     464    1633
         250    1.5e+04      2163  2301.2  2303.6     2158     463     463    1695
    *    251    1.5e+04      2230  2300.3  2300.3     2230     463     463    1767
         252    1.5e+04      2230  2300.3  2301.4     2204     463     463    1741
         253    1.5e+04      2230    2300    2300     2218     463     463    1755
         254    1.5e+04      2230    2300  2300.2     2230     463     463    1767
         255    1.5e+04      2230    2300  2300.6     2197     462     462    1735
    *    256    1.5e+04      2236    2300  2300.5     2236     462     462    1774
         257    1.5e+04      2236  2299.9  2299.9     2233     462     462    1771
         258    1.5e+04      2236  2299.9    2300     2235     462     462    1773
         259    1.5e+04      2236  2299.1  2299.1     2187     462     462    1725
         260    1.5e+04      2236  2299.1  2300.4     2211     463     463    1748
         261    1.5e+04      2236  2299.1  2299.2     2234     462     462    1772
         262    1.5e+04      2236  2299.1  2299.4     2094     463     463    1631
         263    1.5e+04      2236  2299.1  2301.6     2119     464     464    1655
         264    1.5e+04      2236  2299.1  2299.1     2146     463     463    1683
         265    1.5e+04      2236  2299.1  2300.3     2123     463     463    1660
         266    1.5e+04      2236    2299    2299     2222     463     463    1759
         267    1.5e+04      2236    2299  2299.1     2109     462     462    1647
         268    1.5e+04      2236    2299  2299.1     2194     463     463    1731
         269    1.5e+04      2236    2299  2301.5     2135     462     462    1673
         270    1.5e+04      2236    2299  2299.3     2121     462     462    1659
         271    1.5e+04      2236    2299  2299.3     2107     462     462    1645
         272    1.5e+04      2236    2299  2300.1     2020     463     463    1557
         273    1.5e+04      2236  2298.3  2298.3     2033     464     464    1569
         274    1.5e+04      2236  2298.3    2300     2133     463     463    1670
    *    275    1.5e+04      2239  2297.8  2297.8     2239     462     462    1777
         276    1.5e+04      2239  2297.8  2300.5     2231     463     463    1768
    *    277    1.5e+04      2257  2297.8  2298.1     2257     461     461    1796
         278    1.5e+04      2257  2297.8    2299     2256     461     461    1795
    *    279    1.5e+04      2271  2297.4  2297.4     2271     461     461    1810
         280    1.5e+04      2271  2297.4  2299.1     2271     461     461    1810
         281    1.5e+04      2271  2297.1  2297.1     2250     461     461    1789
         282    1.5e+04      2271  2297.1  2299.5     2268     461     461    1807
         283    1.5e+04      2271    2297    2297     2265     461     461    1804
         284    1.5e+04      2271    2297  2298.9     2263     461     461    1802
         285    1.5e+04      2271  2296.8  2296.8     2263     461     461    1802
         286    1.5e+04      2271  2296.8  2299.3     2268     461     461    1807
         287    1.5e+04      2271  2296.8  2296.9     2270     461     461    1809
         288    1.5e+04      2271  2296.8  2298.8     2270     461     461    1809
         289    1.5e+04      2271  2296.7  2296.7     2270     461     461    1809
         290    1.5e+04      2271  2296.7  2298.7     2270     461     461    1809
         291    1.5e+04      2271  2296.7  2296.9     2269     461     461    1808
         292    1.5e+04      2271  2296.7  2299.1     2270     461     461    1809
         293    1.5e+04      2271  2296.7    2297     2268     461     461    1807
    *    294    1.5e+04      2272  2296.7    2299     2272     461     461    1811
         295    1.5e+04      2272  2296.7  2296.7     2271     461     461    1810
         296    1.5e+04      2272  2296.7  2298.9     2243     461     461    1782
         297    1.5e+04      2272  2296.7    2297     2268     461     461    1807
         298    1.5e+04      2272  2296.7  2299.3     2271     461     461    1810
         299    1.5e+04      2272  2296.7  2296.8     2269     461     461    1808
         300    1.5e+04      2272  2296.7  2299.3     2272     461     461    1811
         301    1.5e+04      2272  2296.7    2297     2269     461     461    1808
         302    1.5e+04      2272  2296.7  2299.1     2271     461     461    1810
         303    1.5e+04      2272  2296.7  2296.8     2260     461     461    1799
         304    1.5e+04      2272  2296.7  2299.1     2268     461     461    1807
         305    1.5e+04      2272  2296.7  2297.1     2259     461     461    1798
         306    1.5e+04      2272  2296.7  2298.7     2266     461     461    1805
         307    1.5e+04      2272  2296.7  2296.7     2268     461     461    1807
    *    308    1.5e+04      2274  2296.7    2299     2274     461     461    1813
         309    1.5e+04      2274  2296.7  2296.7     2266     461     461    1805
         310    1.5e+04      2274  2296.7  2299.1     2257     462     462    1795
         311    1.5e+04      2274  2296.7  2296.9     2250     461     461    1789
         312    1.5e+04      2274  2296.7  2298.4     2274     461     461    1813
         313    1.5e+04      2274  2296.6  2296.6     2271     461     461    1810
         314    1.5e+04      2274  2296.6  2298.6     2274     461     461    1813
         315    1.5e+04      2274  2296.6  2296.9     2269     461     461    1808
         316    1.5e+04      2274  2296.6  2298.6     2260     461     461    1799
         317    1.5e+04      2274  2296.6  2296.7     2264     461     461    1803
         318    1.5e+04      2274  2296.6  2298.8     2274     461     461    1813
         319    1.5e+04      2274  2296.5  2296.5     2268     461     461    1807
         320    1.5e+04      2274  2296.5  2298.7     2274     461     461    1813
         321    1.5e+04      2274  2296.5  2296.5     2268     461     461    1807
         322    1.5e+04      2274  2296.5  2298.7     2274     461     461    1813
         323    1.5e+04      2274  2296.5  2296.5     2269     461     461    1808
         324    1.5e+04      2274  2296.5  2298.8     2272     461     461    1811
         325    1.5e+04      2274  2296.5  2296.5     2268     461     461    1807
         326    1.5e+04      2274  2296.5  2298.6     2272     461     461    1811
         327    1.5e+04      2274  2296.5  2296.5     2268     461     461    1807
    *    328    1.5e+04      2276  2296.5  2298.7     2276     461     461    1815
         329    1.5e+04      2276  2296.3  2296.3     2271     461     461    1810
         330    1.5e+04      2276  2296.3  2298.9     2275     461     461    1814
         331    1.5e+04      2276  2296.3  2296.4     2271     461     461    1810
         332    1.5e+04      2276  2296.3  2298.8     2275     461     461    1814
         333    1.5e+04      2276  2296.1  2296.1     2269     461     461    1808
         334    1.5e+04      2276  2296.1  2298.8     2274     461     461    1813
         335    1.5e+04      2276  2296.1  2296.2     2259     461     461    1798
         336    1.5e+04      2276  2296.1  2298.6     2268     461     461    1807
         337    1.5e+04      2276  2296.1  2296.4     2267     461     461    1806
         338    1.5e+04      2276  2296.1    2299     2272     461     461    1811
         339    1.5e+04      2276  2296.1  2296.3     2264     461     461    1803
         340    1.5e+04      2276  2296.1  2298.8     2272     461     461    1811
         341    1.5e+04      2276  2296.1  2296.4     2268     461     461    1807
         342    1.5e+04      2276  2296.1  2298.8     2268     461     461    1807
         343    1.5e+04      2276  2296.1  2296.4     2264     461     461    1803
         344    1.5e+04      2276  2296.1    2299     2266     461     461    1805
         345    1.5e+04      2276  2296.1  2296.2     2271     461     461    1810
         346    1.5e+04      2276  2296.1  2298.8     2273     461     461    1812
         347    1.5e+04      2276  2296.1  2296.2     2270     461     461    1809
         348    1.5e+04      2276  2296.1  2298.9     2271     461     461    1810
         349    1.5e+04      2276  2296.1  2296.1     2266     461     461    1805
         350    1.5e+04      2276  2296.1  2298.9     2270     461     461    1809
         351    1.5e+04      2276  2296.1  2296.3     2263     461     461    1802
         352    1.5e+04      2276  2296.1  2298.4     2269     461     461    1808
         353    1.5e+04      2276    2296    2296     2272     461     461    1811
         354    1.5e+04      2276    2296  2298.3     2272     461     461    1811
         355    1.5e+04      2276    2296  2296.1     2268     461     461    1807
         356    1.5e+04      2276    2296  2298.6     2275     461     461    1814
         357    1.5e+04      2276  2295.9  2295.9     2269     461     461    1808
         358    1.5e+04      2276  2295.9  2298.8     2272     461     461    1811
         359    1.5e+04      2276  2295.7  2295.7     2267     461     461    1806
         360    1.5e+04      2276  2295.7  2298.4     2275     461     461    1814
         361    1.5e+04      2276  2295.7    2296     2194     462     462    1732
         362    1.5e+04      2276  2295.7  2300.1     2146     461     461    1685
         363    1.5e+04      2276  2295.7  2296.2     2163     462     462    1701
         364    1.5e+04      2276  2295.7  2299.9     2206     463     463    1743
         365    1.5e+04      2276  2295.7    2296     2218     462     462    1756
         366    1.5e+04      2276  2295.7  2299.1     2210     462     462    1748
         367    1.5e+04      2276  2295.7  2295.9     2234     462     462    1772
         368    1.5e+04      2276  2295.7  2298.9     2236     462     462    1774
         369    1.5e+04      2276  2295.7  2295.8     2232     461     461    1771
         370    1.5e+04      2276  2295.7  2298.6     2222     461     461    1761
         371    1.5e+04      2276  2295.7  2295.8     2265     461     461    1804
         372    1.5e+04      2276  2295.7  2298.8     2265     461     461    1804
         373    1.5e+04      2276  2295.7  2296.1     2265     461     461    1804
         374    1.5e+04      2276  2295.7  2298.7     2267     461     461    1806
         375    1.5e+04      2276  2295.6  2295.6     2262     461     461    1801
         376    1.5e+04      2276  2295.6  2298.9     2269     461     461    1808
         377    1.5e+04      2276  2295.6  2295.6     2271     461     461    1810
         378    1.5e+04      2276  2295.6  2298.4     2265     461     461    1804
         379    1.5e+04      2276  2295.6  2295.6     2272     461     461    1811
         380    1.5e+04      2276  2295.6  2298.5     2266     461     461    1805
         381    1.5e+04      2276  2295.6  2295.7     2268     461     461    1807
         382    1.5e+04      2276  2295.6  2298.6     2262     462     462    1800
         383    1.5e+04      2276  2295.6  2297.2     2256     462     462    1794
         384    1.5e+04      2276  2295.6  2298.8     2262     461     461    1801
         385    1.5e+04      2276  2295.6  2295.6     2230     462     462    1768
         386    1.5e+04      2276  2295.6  2298.8     2258     461     461    1797
         387    1.5e+04      2276  2295.6  2295.9     2241     462     462    1779
         388    1.5e+04      2276  2295.6  2298.6     2234     461     461    1773
         389    1.5e+04      2276  2295.6  2295.7     2268     461     461    1807
         390    1.5e+04      2276  2295.6  2298.6     2267     461     461    1806
         391    1.5e+04      2276  2294.8  2294.8     2270     461     461    1809
         392    1.5e+04      2276  2294.8  2298.3     2265     461     461    1804
         393    1.5e+04      2276  2294.8  2294.9     2272     461     461    1811
         394    1.5e+04      2276  2294.8  2298.7     2271     461     461    1810
         395    1.5e+04      2276  2294.8    2295     2273     461     461    1812
         396    1.5e+04      2276  2294.8  2298.5     2264     461     461    1803
         397    1.5e+04      2276  2294.8  2294.9     2261     461     461    1800
         398    1.5e+04      2276  2294.8  2298.8     2268     461     461    1807
         399    1.5e+04      2276  2294.8  2294.9     2266     461     461    1805
         400    1.5e+04      2276  2294.8  2298.4     2270     461     461    1809
         401    1.5e+04      2276  2294.8  2295.1     2272     461     461    1811
         402    1.5e+04      2276  2294.8  2298.1     2272     461     461    1811
         403    1.5e+04      2276  2294.8  2294.9     2271     461     461    1810
         404    1.5e+04      2276  2294.8  2297.9     2272     461     461    1811
         405    1.5e+04      2276  2294.8  2295.2     2246     462     462    1784
         406    1.5e+04      2276  2294.8  2298.4     2237     462     462    1775
         407    1.5e+04      2276  2294.8  2295.2     2227     461     461    1766
         408    1.5e+04      2276  2294.8  2298.3     2251     462     462    1789
         409    1.5e+04      2276  2294.8  2295.7     2265     461     461    1804
         410    1.5e+04      2276  2294.8  2297.2     2261     461     461    1800
         411    1.5e+04      2276  2294.8  2295.5     2274     461     461    1813
         412    1.5e+04      2276  2294.8  2297.7     2269     461     461    1808
         413    1.5e+04      2276  2294.8  2295.6     2274     461     461    1813
         414    1.5e+04      2276  2294.8  2297.5     2264     461     461    1803
         415    1.5e+04      2276  2294.8  2295.8     2268     461     461    1807
         416    1.5e+04      2276  2294.8  2297.9     2271     461     461    1810
               reducing step to 0.05
         417    1.5e+04      2276 2290.45 2290.45     2254     461     461    1793
         418    1.5e+04      2276 2288.95 2288.95     2253     461     461    1792
         419    1.5e+04      2276 2288.95  2290.6     2274     461     461    1813
    *    420    1.5e+04      2280 2288.95  2289.3     2280     461     461    1819
         421    1.5e+04      2280 2288.95 2289.55     2276     461     461    1815
         422    1.5e+04      2280 2288.95 2289.35     2279     461     461    1818
         423    1.5e+04      2280 2288.95  2289.5     2277     461     461    1816
         424    1.5e+04      2280 2288.95 2289.35     2280     461     461    1819
         425    1.5e+04      2280 2288.95 2289.75     2275     461     461    1814
         426    1.5e+04      2280 2288.95  2289.4     2280     461     461    1819
         427    1.5e+04      2280 2288.95  2289.4     2270     461     461    1809
         428    1.5e+04      2280 2288.95  2289.4     2279     461     461    1818
         429    1.5e+04      2280 2288.95 2289.35     2271     461     461    1810
         430    1.5e+04      2280 2288.95  2289.4     2280     461     461    1819
         431    1.5e+04      2280 2288.95 2289.25     2277     461     461    1816
         432    1.5e+04      2280 2288.95  2289.4     2280     461     461    1819
         433    1.5e+04      2280 2288.95  2289.3     2274     461     461    1813
         434    1.5e+04      2280 2288.95 2289.45     2278     461     461    1817
         435    1.5e+04      2280 2288.95 2289.25     2276     461     461    1815
         436    1.5e+04      2280 2288.95  2289.4     2280     461     461    1819
         437    1.5e+04      2280 2288.95 2289.25     2276     461     461    1815
         438    1.5e+04      2280 2288.95  2289.4     2280     461     461    1819
         439    1.5e+04      2280 2288.95  2289.2     2276     461     461    1815
         440    1.5e+04      2280 2288.95 2289.35     2280     461     461    1819
         441    1.5e+04      2280 2288.95  2289.2     2276     461     461    1815
         442    1.5e+04      2280 2288.95 2289.35     2280     461     461    1819
         443    1.5e+04      2280 2288.95  2289.2     2276     461     461    1815
               reducing step to 0.025
         444    1.5e+04      2280 2287.52 2287.52     2272     461     461    1811
         445    1.5e+04      2280 2286.65 2286.65     2278     461     461    1817
         446    1.5e+04      2280 2286.65  2287.3     2278     461     461    1817
         447    1.5e+04      2280 2286.65  2286.7     2278     461     461    1817
         448    1.5e+04      2280 2286.65 2287.35     2277     461     461    1816
         449    1.5e+04      2280 2286.65 2286.72     2280     461     461    1819
         450    1.5e+04      2280 2286.65 2287.33     2277     461     461    1816
         451    1.5e+04      2280 2286.65 2286.72     2278     461     461    1817
         452    1.5e+04      2280 2286.65 2287.33     2277     461     461    1816
         453    1.5e+04      2280 2286.65 2286.75     2279     461     461    1818
         454    1.5e+04      2280 2286.65 2287.33     2277     461     461    1816
         455    1.5e+04      2280 2286.65 2286.75     2279     461     461    1818
         456    1.5e+04      2280 2286.65 2287.33     2277     461     461    1816
         457    1.5e+04      2280 2286.65 2286.75     2279     461     461    1818
         458    1.5e+04      2280 2286.65 2287.33     2277     461     461    1816
         459    1.5e+04      2280 2286.65 2286.72     2279     461     461    1818
         460    1.5e+04      2280 2286.65  2287.3     2277     461     461    1816
         461    1.5e+04      2280 2286.65 2286.72     2279     461     461    1818
         462    1.5e+04      2280 2286.65  2287.3     2277     461     461    1816
         463    1.5e+04      2280 2286.65 2286.72     2279     461     461    1818
         464    1.5e+04      2280 2286.65  2287.3     2277     461     461    1816
         465    1.5e+04      2280 2286.65 2286.72     2279     461     461    1818
         466    1.5e+04      2280 2286.65  2287.3     2277     461     461    1816
         467    1.5e+04      2280 2286.65 2286.72     2279     461     461    1818
         468    1.5e+04      2280 2286.65  2287.3     2277     461     461    1816
         469    1.5e+04      2280 2286.65 2286.72     2279     461     461    1818
         470    1.5e+04      2280 2286.65  2287.3     2277     461     461    1816
               reducing step to 0.0125
         471    1.5e+04      2280 2286.28 2286.28     2276     461     461    1815
    *    472    1.5e+04      2281 2285.89 2285.89     2281     461     461    1820
         473    1.5e+04      2281 2285.89 2286.21     2277     461     461    1816
         474    1.5e+04      2281 2285.89 2285.89     2280     461     461    1819
         475    1.5e+04      2281 2285.89 2286.19     2278     461     461    1817
         476    1.5e+04      2281 2285.89  2285.9     2279     461     461    1818
         477    1.5e+04      2281 2285.89 2286.23     2275     461     461    1814
         478    1.5e+04      2281 2285.89 2285.89     2280     461     461    1819
         479    1.5e+04      2281 2285.89 2286.21     2276     461     461    1815
         480    1.5e+04      2281 2285.89 2285.91     2280     461     461    1819
         481    1.5e+04      2281 2285.89 2286.21     2276     461     461    1815
         482    1.5e+04      2281 2285.89 2285.91     2279     461     461    1818
         483    1.5e+04      2281 2285.89 2286.23     2276     461     461    1815
         484    1.5e+04      2281 2285.89 2285.91     2279     461     461    1818
         485    1.5e+04      2281 2285.89 2286.21     2276     461     461    1815
         486    1.5e+04      2281 2285.89 2285.91     2279     461     461    1818
         487    1.5e+04      2281 2285.89 2286.21     2276     461     461    1815
         488    1.5e+04      2281 2285.89 2285.99     2279     461     461    1818
         489    1.5e+04      2281 2285.89 2286.21     2276     461     461    1815
         490    1.5e+04      2281 2285.89 2285.91     2279     461     461    1818
         491    1.5e+04      2281 2285.89 2286.31     2272     461     461    1811
         492    1.5e+04      2281 2285.89 2285.93     2275     461     461    1814
         493    1.5e+04      2281 2285.89 2286.31     2274     461     461    1813
         494    1.5e+04      2281 2285.89 2285.91     2279     461     461    1818
         495    1.5e+04      2281 2285.89  2286.3     2276     461     461    1815
         496    1.5e+04      2281 2285.89  2285.9     2279     461     461    1818
         497    1.5e+04      2281 2285.89  2286.2     2276     461     461    1815
               reducing step to 0.00625
         498    1.5e+04      2281 2285.74 2285.74     2276     461     461    1815
    *    499    1.5e+04      2282 2285.51 2285.51     2282     461     461    1821
         500    1.5e+04      2282 2285.51 2285.51     2276     461     461    1815
         501    1.5e+04      2282 2285.46 2285.46     2282     461     461    1821
         502    1.5e+04      2282 2285.46 2285.56     2282     461     461    1821
         503    1.5e+04      2282 2285.42 2285.42     2282     461     461    1821
         504    1.5e+04      2282 2285.42 2285.57     2278     461     461    1817
         505    1.5e+04      2282 2285.41 2285.41     2281     461     461    1820
         506    1.5e+04      2282 2285.41 2285.58     2280     461     461    1819
         507    1.5e+04      2282 2285.41 2285.41     2280     461     461    1819
         508    1.5e+04      2282 2285.41 2285.58     2280     461     461    1819
         509    1.5e+04      2282 2285.41 2285.41     2281     461     461    1820
         510    1.5e+04      2282 2285.41 2285.58     2280     461     461    1819
         511    1.5e+04      2282 2285.41 2285.42     2281     461     461    1820
         512    1.5e+04      2282 2285.41 2285.58     2279     461     461    1818
         513    1.5e+04      2282 2285.41 2285.41     2281     461     461    1820
         514    1.5e+04      2282 2285.41 2285.58     2279     461     461    1818
         515    1.5e+04      2282 2285.41 2285.46     2281     461     461    1820
         516    1.5e+04      2282 2285.41 2285.58     2279     461     461    1818
         517    1.5e+04      2282 2285.41 2285.46     2281     461     461    1820
         518    1.5e+04      2282 2285.41 2285.58     2279     461     461    1818
         519    1.5e+04      2282 2285.41 2285.46     2281     461     461    1820
         520    1.5e+04      2282 2285.41 2285.57     2279     461     461    1818
         521    1.5e+04      2282 2285.41 2285.41     2281     461     461    1820
         522    1.5e+04      2282 2285.41 2285.57     2279     461     461    1818
         523    1.5e+04      2282 2285.41 2285.41     2281     461     461    1820
         524    1.5e+04      2282 2285.41 2285.57     2279     461     461    1818
         525    1.5e+04      2282 2285.41 2285.41     2281     461     461    1820
         526    1.5e+04      2282 2285.41 2285.57     2279     461     461    1818
         527    1.5e+04      2282 2285.41 2285.41     2281     461     461    1820
         528    1.5e+04      2282 2285.41 2285.57     2279     461     461    1818
         529    1.5e+04      2282 2285.41 2285.41     2281     461     461    1820
         530    1.5e+04      2282 2285.41 2285.57     2279     461     461    1818
               reducing step to 0.003125
         531    1.5e+04      2282 2285.35 2285.35     2281     461     461    1820
    *    532    1.5e+04      2283 2285.27 2285.27     2283     461     461    1822
         533    1.5e+04      2283 2285.27 2285.33     2282     461     461    1821
         534    1.5e+04      2283 2285.25 2285.25     2281     461     461    1820
         535    1.5e+04      2283 2285.25 2285.35     2283     461     461    1822
         536    1.5e+04      2283 2285.24 2285.24     2281     461     461    1820
         537    1.5e+04      2283 2285.24 2285.35     2281     461     461    1820
         538    1.5e+04      2283 2285.24 2285.24     2280     461     461    1819
         539    1.5e+04      2283 2285.24 2285.35     2282     461     461    1821
         540    1.5e+04      2283 2285.23 2285.23     2280     461     461    1819
         541    1.5e+04      2283 2285.23 2285.33     2281     461     461    1820
         542    1.5e+04      2283 2285.23 2285.25     2279     461     461    1818
         543    1.5e+04      2283 2285.23 2285.33     2281     461     461    1820
         544    1.5e+04      2283 2285.23 2285.25     2279     461     461    1818
         545    1.5e+04      2283 2285.23 2285.33     2281     461     461    1820
         546    1.5e+04      2283 2285.23 2285.25     2279     461     461    1818
         547    1.5e+04      2283 2285.23 2285.32     2281     461     461    1820
         548    1.5e+04      2283 2285.23 2285.23     2279     461     461    1818
         549    1.5e+04      2283 2285.23 2285.32     2281     461     461    1820
         550    1.5e+04      2283 2285.23 2285.23     2279     461     461    1818
         551    1.5e+04      2283 2285.23 2285.32     2281     461     461    1820
         552    1.5e+04      2283 2285.23 2285.23     2279     461     461    1818
         553    1.5e+04      2283 2285.23 2285.32     2281     461     461    1820
         554    1.5e+04      2283 2285.23 2285.23     2279     461     461    1818
         555    1.5e+04      2283 2285.23 2285.32     2281     461     461    1820
         556    1.5e+04      2283 2285.23 2285.23     2279     461     461    1818
         557    1.5e+04      2283 2285.23 2285.32     2281     461     461    1820
         558    1.5e+04      2283 2285.23 2285.23     2279     461     461    1818
         559    1.5e+04      2283 2285.23 2285.32     2281     461     461    1820
         560    1.5e+04      2283 2285.23 2285.23     2279     461     461    1818
         561    1.5e+04      2283 2285.23 2285.32     2281     461     461    1820
         562    1.5e+04      2283 2285.23 2285.23     2279     461     461    1818
         563    1.5e+04      2283 2285.23 2285.32     2281     461     461    1820
         564    1.5e+04      2283 2285.23 2285.23     2279     461     461    1818
         565    1.5e+04      2283 2285.23 2285.32     2281     461     461    1820
         566    1.5e+04      2283 2285.23 2285.23     2279     461     461    1818
         567    1.5e+04      2283 2285.23 2285.32     2281     461     461    1820
         568    1.5e+04      2283 2285.23 2285.23     2279     461     461    1818
         569    1.5e+04      2283 2285.23 2285.32     2281     461     461    1820
         570    1.5e+04      2283 2285.23 2285.23     2279     461     461    1818
         571    1.5e+04      2283 2285.23 2285.32     2281     461     461    1820
         572    1.5e+04      2283 2285.23 2285.23     2279     461     461    1818
         573    1.5e+04      2283 2285.23 2285.32     2281     461     461    1820
               reducing step to 0.0015625
         574    1.5e+04      2283 2285.21 2285.21     2282     461     461    1821
         575    1.5e+04      2283 2285.17 2285.17     2283     461     461    1822
         576    1.5e+04      2283 2285.17  2285.2     2281     461     461    1820
         577    1.5e+04      2283 2285.16 2285.16     2283     461     461    1822
         578    1.5e+04      2283 2285.16  2285.2     2282     461     461    1821
         579    1.5e+04      2283 2285.16 2285.16     2282     461     461    1821
         580    1.5e+04      2283 2285.16  2285.2     2280     461     461    1819
         581    1.5e+04      2283 2285.16 2285.16     2282     461     461    1821
         582    1.5e+04      2283 2285.16  2285.2     2281     461     461    1820
         583    1.5e+04      2283 2285.16 2285.16     2282     461     461    1821
         584    1.5e+04      2283 2285.16  2285.2     2281     461     461    1820
         585    1.5e+04      2283 2285.15 2285.15     2282     461     461    1821
         586    1.5e+04      2283 2285.15  2285.2     2280     461     461    1819
         587    1.5e+04      2283 2285.15 2285.15     2280     461     461    1819
         588    1.5e+04      2283 2285.15  2285.2     2280     461     461    1819
         589    1.5e+04      2283 2285.15 2285.15     2280     461     461    1819
         590    1.5e+04      2283 2285.15  2285.2     2279     461     461    1818
         591    1.5e+04      2283 2285.15 2285.16     2280     461     461    1819
         592    1.5e+04      2283 2285.15 2285.21     2278     461     461    1817
         593    1.5e+04      2283 2285.15 2285.16     2280     461     461    1819
         594    1.5e+04      2283 2285.15 2285.21     2279     461     461    1818
         595    1.5e+04      2283 2285.15 2285.16     2280     461     461    1819
         596    1.5e+04      2283 2285.15 2285.21     2279     461     461    1818
         597    1.5e+04      2283 2285.15 2285.16     2280     461     461    1819
         598    1.5e+04      2283 2285.15  2285.2     2279     461     461    1818
         599    1.5e+04      2283 2285.15 2285.16     2280     461     461    1819
         600    1.5e+04      2283 2285.15  2285.2     2279     461     461    1818
         601    1.5e+04      2283 2285.15 2285.16     2280     461     461    1819
         602    1.5e+04      2283 2285.15  2285.2     2279     461     461    1818
         603    1.5e+04      2283 2285.15 2285.16     2280     461     461    1819
         604    1.5e+04      2283 2285.15  2285.2     2279     461     461    1818
         605    1.5e+04      2283 2285.15 2285.16     2280     461     461    1819
         606    1.5e+04      2283 2285.15  2285.2     2279     461     461    1818
         607    1.5e+04      2283 2285.15 2285.16     2280     461     461    1819
         608    1.5e+04      2283 2285.15  2285.2     2279     461     461    1818
         609    1.5e+04      2283 2285.15 2285.16     2280     461     461    1819
         610    1.5e+04      2283 2285.15  2285.2     2279     461     461    1818
               reducing step to 0.00078125
         611    1.5e+04      2283 2285.14 2285.14     2283     461     461    1822
         612    1.5e+04      2283 2285.12 2285.12     2279     461     461    1818
         613    1.5e+04      2283 2285.12 2285.15     2283     461     461    1822
         614    1.5e+04      2283 2285.11 2285.11     2281     461     461    1820
         615    1.5e+04      2283 2285.11 2285.14     2283     461     461    1822
         616    1.5e+04      2283 2285.11 2285.11     2280     461     461    1819
         617    1.5e+04      2283 2285.11 2285.14     2282     461     461    1821
         618    1.5e+04      2283 2285.11 2285.11     2281     461     461    1820
         619    1.5e+04      2283 2285.11 2285.14     2282     461     461    1821
         620    1.5e+04      2283 2285.11 2285.11     2280     461     461    1819
         621    1.5e+04      2283 2285.11 2285.14     2282     461     461    1821
         622    1.5e+04      2283 2285.11 2285.11     2280     461     461    1819
         623    1.5e+04      2283 2285.11 2285.14     2281     461     461    1820
         624    1.5e+04      2283 2285.11 2285.11     2278     461     461    1817
         625    1.5e+04      2283 2285.11 2285.13     2281     461     461    1820
         626    1.5e+04      2283 2285.11 2285.11     2278     461     461    1817
         627    1.5e+04      2283 2285.11 2285.13     2281     461     461    1820
         628    1.5e+04      2283 2285.11 2285.11     2278     461     461    1817
         629    1.5e+04      2283 2285.11 2285.13     2281     461     461    1820
         630    1.5e+04      2283 2285.11 2285.11     2278     461     461    1817
         631    1.5e+04      2283 2285.11 2285.13     2281     461     461    1820
         632    1.5e+04      2283 2285.11 2285.11     2278     461     461    1817
         633    1.5e+04      2283 2285.11 2285.13     2281     461     461    1820
         634    1.5e+04      2283 2285.11 2285.11     2278     461     461    1817
         635    1.5e+04      2283 2285.11 2285.13     2281     461     461    1820
         636    1.5e+04      2283 2285.11 2285.11     2278     461     461    1817
         637    1.5e+04      2283 2285.11 2285.13     2281     461     461    1820
         638    1.5e+04      2283 2285.11 2285.11     2278     461     461    1817
         639    1.5e+04      2283 2285.11 2285.13     2281     461     461    1820
         640    1.5e+04      2283 2285.11 2285.11     2278     461     461    1817
         641    1.5e+04      2283 2285.11 2285.13     2281     461     461    1820
         642    1.5e+04      2283 2285.11 2285.11     2278     461     461    1817
         643    1.5e+04      2283 2285.11 2285.13     2281     461     461    1820
         644    1.5e+04      2283 2285.11 2285.11     2278     461     461    1817
         645    1.5e+04      2283 2285.11 2285.13     2281     461     461    1820
         646    1.5e+04      2283 2285.11 2285.11     2278     461     461    1817
         647    1.5e+04      2283 2285.11 2285.13     2281     461     461    1820
         648    1.5e+04      2283 2285.11 2285.11     2278     461     461    1817
         649    1.5e+04      2283 2285.11 2285.13     2281     461     461    1820
               reducing step to 0.000390625
         650    1.5e+04      2283 2285.11 2285.11     2282     461     461    1821
         651    1.5e+04      2283  2285.1  2285.1     2282     461     461    1821
         652    1.5e+04      2283  2285.1  2285.1     2283     461     461    1822
         653    1.5e+04      2283 2285.09 2285.09     2282     461     461    1821
         654    1.5e+04      2283 2285.09  2285.1     2282     461     461    1821
         655    1.5e+04      2283 2285.09 2285.09     2281     461     461    1820
         656    1.5e+04      2283 2285.09  2285.1     2282     461     461    1821
         657    1.5e+04      2283 2285.09 2285.09     2281     461     461    1820
         658    1.5e+04      2283 2285.09  2285.1     2282     461     461    1821
         659    1.5e+04      2283 2285.09 2285.09     2281     461     461    1820
         660    1.5e+04      2283 2285.09  2285.1     2281     461     461    1820
         661    1.5e+04      2283 2285.09 2285.09     2282     461     461    1821
         662    1.5e+04      2283 2285.09  2285.1     2280     461     461    1819
         663    1.5e+04      2283 2285.09 2285.09     2279     461     461    1818
         664    1.5e+04      2283 2285.09  2285.1     2280     461     461    1819
         665    1.5e+04      2283 2285.09 2285.09     2279     461     461    1818
         666    1.5e+04      2283 2285.09  2285.1     2280     461     461    1819
         667    1.5e+04      2283 2285.09 2285.09     2279     461     461    1818
         668    1.5e+04      2283 2285.09  2285.1     2280     461     461    1819
         669    1.5e+04      2283 2285.09 2285.09     2279     461     461    1818
         670    1.5e+04      2283 2285.09  2285.1     2280     461     461    1819
         671    1.5e+04      2283 2285.09 2285.09     2279     461     461    1818
         672    1.5e+04      2283 2285.09  2285.1     2280     461     461    1819
         673    1.5e+04      2283 2285.09 2285.09     2279     461     461    1818
         674    1.5e+04      2283 2285.09  2285.1     2280     461     461    1819
         675    1.5e+04      2283 2285.09 2285.09     2279     461     461    1818
         676    1.5e+04      2283 2285.09  2285.1     2280     461     461    1819
         677    1.5e+04      2283 2285.09 2285.09     2279     461     461    1818
         678    1.5e+04      2283 2285.09  2285.1     2280     461     461    1819
         679    1.5e+04      2283 2285.09 2285.09     2279     461     461    1818
         680    1.5e+04      2283 2285.09  2285.1     2280     461     461    1819
         681    1.5e+04      2283 2285.09 2285.09     2279     461     461    1818
         682    1.5e+04      2283 2285.09  2285.1     2280     461     461    1819
         683    1.5e+04      2283 2285.09 2285.09     2279     461     461    1818
         684    1.5e+04      2283 2285.09  2285.1     2280     461     461    1819
         685    1.5e+04      2283 2285.09 2285.09     2279     461     461    1818
         686    1.5e+04      2283 2285.09  2285.1     2280     461     461    1819
         687    1.5e+04      2283 2285.09 2285.09     2279     461     461    1818
         688    1.5e+04      2283 2285.09  2285.1     2280     461     461    1819
         689    1.5e+04      2283 2285.09 2285.09     2279     461     461    1818
         690    1.5e+04      2283 2285.09  2285.1     2280     461     461    1819
         691    1.5e+04      2283 2285.09 2285.09     2279     461     461    1818
         692    1.5e+04      2283 2285.09  2285.1     2280     461     461    1819
         693    1.5e+04      2283 2285.09 2285.09     2279     461     461    1818
         694    1.5e+04      2283 2285.09  2285.1     2280     461     461    1819
         695    1.5e+04      2283 2285.09 2285.09     2279     461     461    1818
         696    1.5e+04      2283 2285.09  2285.1     2280     461     461    1819
         697    1.5e+04      2283 2285.09 2285.09     2279     461     461    1818
         698    1.5e+04      2283 2285.09  2285.1     2280     461     461    1819
         699    1.5e+04      2283 2285.09 2285.09     2279     461     461    1818
         700    1.5e+04      2283 2285.09  2285.1     2280     461     461    1819
         701    1.5e+04      2283 2285.09 2285.09     2279     461     461    1818
         702    1.5e+04      2283 2285.09  2285.1     2280     461     461    1819
         703    1.5e+04      2283 2285.09 2285.09     2279     461     461    1818
         704    1.5e+04      2283 2285.09  2285.1     2280     461     461    1819
         705    1.5e+04      2283 2285.09 2285.09     2279     461     461    1818
         706    1.5e+04      2283 2285.09  2285.1     2280     461     461    1819
         707    1.5e+04      2283 2285.09 2285.09     2279     461     461    1818
         708    1.5e+04      2283 2285.09  2285.1     2280     461     461    1819
         709    1.5e+04      2283 2285.09 2285.09     2279     461     461    1818
         710    1.5e+04      2283 2285.09  2285.1     2280     461     461    1819
         711    1.5e+04      2283 2285.09 2285.09     2279     461     461    1818
         712    1.5e+04      2283 2285.09  2285.1     2280     461     461    1819
         713    1.5e+04      2283 2285.09 2285.09     2279     461     461    1818
         714    1.5e+04      2283 2285.09  2285.1     2280     461     461    1819
         715    1.5e+04      2283 2285.09 2285.09     2279     461     461    1818
         716    1.5e+04      2283 2285.09  2285.1     2280     461     461    1819
         717    1.5e+04      2283 2285.09 2285.09     2279     461     461    1818
         718    1.5e+04      2283 2285.09  2285.1     2280     461     461    1819
               reducing step to 0.000195313
         719    1.5e+04      2283 2285.09 2285.09     2283     461     461    1822
         720    1.5e+04      2283 2285.08 2285.08     2282     461     461    1821
    *    721    1.5e+04      2284 2285.08 2285.09     2284     461     461    1823
         722    1.5e+04      2284 2285.08 2285.08     2281     461     461    1820
         723    1.5e+04      2284 2285.08 2285.09     2283     461     461    1822
         724    1.5e+04      2284 2285.08 2285.08     2280     461     461    1819
         725    1.5e+04      2284 2285.08 2285.09     2283     461     461    1822
         726    1.5e+04      2284 2285.08 2285.08     2280     461     461    1819
         727    1.5e+04      2284 2285.08 2285.09     2283     461     461    1822
         728    1.5e+04      2284 2285.08 2285.08     2280     461     461    1819
         729    1.5e+04      2284 2285.08 2285.09     2282     461     461    1821
         730    1.5e+04      2284 2285.08 2285.08     2281     461     461    1820
         731    1.5e+04      2284 2285.08 2285.09     2281     461     461    1820
         732    1.5e+04      2284 2285.08 2285.08     2278     461     461    1817
         733    1.5e+04      2284 2285.08 2285.09     2281     461     461    1820
         734    1.5e+04      2284 2285.08 2285.08     2278     461     461    1817
         735    1.5e+04      2284 2285.08 2285.09     2281     461     461    1820
         736    1.5e+04      2284 2285.08 2285.08     2278     461     461    1817
         737    1.5e+04      2284 2285.08 2285.09     2281     461     461    1820
         738    1.5e+04      2284 2285.08 2285.08     2278     461     461    1817
         739    1.5e+04      2284 2285.08 2285.09     2281     461     461    1820
         740    1.5e+04      2284 2285.08 2285.08     2278     461     461    1817
         741    1.5e+04      2284 2285.08 2285.09     2281     461     461    1820
         742    1.5e+04      2284 2285.08 2285.08     2278     461     461    1817
         743    1.5e+04      2284 2285.08 2285.09     2281     461     461    1820
         744    1.5e+04      2284 2285.08 2285.08     2278     461     461    1817
         745    1.5e+04      2284 2285.08 2285.09     2281     461     461    1820
         746    1.5e+04      2284 2285.08 2285.08     2278     461     461    1817
         747    1.5e+04      2284 2285.08 2285.09     2281     461     461    1820
         748    1.5e+04      2284 2285.08 2285.08     2278     461     461    1817
         749    1.5e+04      2284 2285.08 2285.09     2281     461     461    1820
         750    1.5e+04      2284 2285.08 2285.08     2278     461     461    1817
         751    1.5e+04      2284 2285.08 2285.09     2281     461     461    1820
         752    1.5e+04      2284 2285.08 2285.08     2278     461     461    1817
         753    1.5e+04      2284 2285.08 2285.09     2281     461     461    1820
         754    1.5e+04      2284 2285.08 2285.08     2278     461     461    1817
         755    1.5e+04      2284 2285.08 2285.09     2281     461     461    1820
         756    1.5e+04      2284 2285.08 2285.08     2278     461     461    1817
         757    1.5e+04      2284 2285.08 2285.09     2281     461     461    1820
         758    1.5e+04      2284 2285.08 2285.08     2278     461     461    1817
         759    1.5e+04      2284 2285.08 2285.09     2281     461     461    1820
         760    1.5e+04      2284 2285.08 2285.08     2278     461     461    1817
         761    1.5e+04      2284 2285.08 2285.09     2281     461     461    1820
         762    1.5e+04      2284 2285.08 2285.08     2278     461     461    1817
         763    1.5e+04      2284 2285.08 2285.09     2281     461     461    1820
         764    1.5e+04      2284 2285.08 2285.08     2278     461     461    1817
         765    1.5e+04      2284 2285.08 2285.09     2281     461     461    1820
         766    1.5e+04      2284 2285.08 2285.08     2278     461     461    1817
         767    1.5e+04      2284 2285.08 2285.09     2281     461     461    1820
         768    1.5e+04      2284 2285.08 2285.08     2278     461     461    1817
         769    1.5e+04      2284 2285.08 2285.09     2281     461     461    1820
         770    1.5e+04      2284 2285.08 2285.08     2278     461     461    1817
         771    1.5e+04      2284 2285.08 2285.09     2281     461     461    1820
         772    1.5e+04      2284 2285.08 2285.08     2278     461     461    1817
         773    1.5e+04      2284 2285.08 2285.09     2281     461     461    1820
         774    1.5e+04      2284 2285.08 2285.08     2278     461     461    1817
         775    1.5e+04      2284 2285.08 2285.09     2281     461     461    1820
         776    1.5e+04      2284 2285.08 2285.08     2278     461     461    1817
         777    1.5e+04      2284 2285.08 2285.09     2281     461     461    1820
         778    1.5e+04      2284 2285.08 2285.08     2278     461     461    1817
         779    1.5e+04      2284 2285.08 2285.09     2281     461     461    1820
         780    1.5e+04      2284 2285.08 2285.08     2278     461     461    1817
         781    1.5e+04      2284 2285.08 2285.09     2281     461     461    1820
         782    1.5e+04      2284 2285.08 2285.08     2278     461     461    1817
         783    1.5e+04      2284 2285.08 2285.09     2281     461     461    1820
         784    1.5e+04      2284 2285.08 2285.08     2278     461     461    1817
         785    1.5e+04      2284 2285.08 2285.09     2281     461     461    1820
         786    1.5e+04      2284 2285.08 2285.08     2278     461     461    1817
         787    1.5e+04      2284 2285.08 2285.09     2281     461     461    1820
         788    1.5e+04      2284 2285.08 2285.08     2278     461     461    1817
         789    1.5e+04      2284 2285.08 2285.09     2281     461     461    1820
               reducing step to 9.76563e-05
         790    1.5e+04      2284 2285.08 2285.08     2283     461     461    1822
         791    1.5e+04      2284 2285.08 2285.08     2282     461     461    1821
         792    1.5e+04      2284 2285.08 2285.08     2283     461     461    1822
         793    1.5e+04      2284 2285.08 2285.08     2282     461     461    1821
         794    1.5e+04      2284 2285.08 2285.08     2282     461     461    1821
         795    1.5e+04      2284 2285.08 2285.08     2281     461     461    1820
         796    1.5e+04      2284 2285.08 2285.08     2282     461     461    1821
         797    1.5e+04      2284 2285.08 2285.08     2281     461     461    1820
         798    1.5e+04      2284 2285.08 2285.08     2282     461     461    1821
         799    1.5e+04      2284 2285.08 2285.08     2281     461     461    1820
         800    1.5e+04      2284 2285.08 2285.08     2281     461     461    1820
         801    1.5e+04      2284 2285.08 2285.08     2282     461     461    1821
         802    1.5e+04      2284 2285.08 2285.08     2280     461     461    1819
         803    1.5e+04      2284 2285.08 2285.08     2279     461     461    1818
         804    1.5e+04      2284 2285.08 2285.08     2280     461     461    1819
         805    1.5e+04      2284 2285.08 2285.08     2279     461     461    1818
         806    1.5e+04      2284 2285.08 2285.08     2280     461     461    1819
         807    1.5e+04      2284 2285.08 2285.08     2279     461     461    1818
         808    1.5e+04      2284 2285.08 2285.08     2280     461     461    1819
         809    1.5e+04      2284 2285.08 2285.08     2279     461     461    1818
         810    1.5e+04      2284 2285.08 2285.08     2280     461     461    1819
         811    1.5e+04      2284 2285.08 2285.08     2279     461     461    1818
         812    1.5e+04      2284 2285.08 2285.08     2280     461     461    1819
         813    1.5e+04      2284 2285.08 2285.08     2279     461     461    1818
         814    1.5e+04      2284 2285.08 2285.08     2280     461     461    1819
         815    1.5e+04      2284 2285.08 2285.08     2279     461     461    1818
         816    1.5e+04      2284 2285.08 2285.08     2280     461     461    1819
         817    1.5e+04      2284 2285.08 2285.08     2279     461     461    1818
         818    1.5e+04      2284 2285.08 2285.08     2280     461     461    1819
         819    1.5e+04      2284 2285.08 2285.08     2279     461     461    1818
         820    1.5e+04      2284 2285.08 2285.08     2280     461     461    1819
         821    1.5e+04      2284 2285.08 2285.08     2279     461     461    1818
         822    1.5e+04      2284 2285.08 2285.08     2280     461     461    1819
         823    1.5e+04      2284 2285.08 2285.08     2279     461     461    1818
         824    1.5e+04      2284 2285.08 2285.08     2280     461     461    1819
         825    1.5e+04      2284 2285.08 2285.08     2279     461     461    1818
         826    1.5e+04      2284 2285.08 2285.08     2280     461     461    1819
         827    1.5e+04      2284 2285.08 2285.08     2279     461     461    1818
         828    1.5e+04      2284 2285.08 2285.08     2280     461     461    1819
         829    1.5e+04      2284 2285.08 2285.08     2279     461     461    1818
         830    1.5e+04      2284 2285.08 2285.08     2280     461     461    1819
         831    1.5e+04      2284 2285.08 2285.08     2279     461     461    1818
         832    1.5e+04      2284 2285.08 2285.08     2280     461     461    1819
         833    1.5e+04      2284 2285.08 2285.08     2279     461     461    1818
         834    1.5e+04      2284 2285.08 2285.08     2280     461     461    1819
         835    1.5e+04      2284 2285.08 2285.08     2279     461     461    1818
         836    1.5e+04      2284 2285.08 2285.08     2280     461     461    1819
         837    1.5e+04      2284 2285.08 2285.08     2279     461     461    1818
         838    1.5e+04      2284 2285.08 2285.08     2280     461     461    1819
         839    1.5e+04      2284 2285.08 2285.08     2279     461     461    1818
         840    1.5e+04      2284 2285.08 2285.08     2280     461     461    1819
         841    1.5e+04      2284 2285.08 2285.08     2279     461     461    1818
         842    1.5e+04      2284 2285.08 2285.08     2280     461     461    1819
         843    1.5e+04      2284 2285.08 2285.08     2279     461     461    1818
         844    1.5e+04      2284 2285.08 2285.08     2280     461     461    1819
         845    1.5e+04      2284 2285.08 2285.08     2279     461     461    1818
         846    1.5e+04      2284 2285.08 2285.08     2280     461     461    1819
         847    1.5e+04      2284 2285.08 2285.08     2279     461     461    1818
         848    1.5e+04      2284 2285.08 2285.08     2280     461     461    1819
         849    1.5e+04      2284 2285.08 2285.08     2279     461     461    1818
         850    1.5e+04      2284 2285.08 2285.08     2280     461     461    1819
         851    1.5e+04      2284 2285.08 2285.08     2279     461     461    1818
         852    1.5e+04      2284 2285.08 2285.08     2280     461     461    1819
         853    1.5e+04      2284 2285.08 2285.08     2279     461     461    1818
         854    1.5e+04      2284 2285.08 2285.08     2280     461     461    1819
         855    1.5e+04      2284 2285.08 2285.08     2279     461     461    1818
         856    1.5e+04      2284 2285.08 2285.08     2280     461     461    1819
         857    1.5e+04      2284 2285.08 2285.08     2279     461     461    1818
         858    1.5e+04      2284 2285.08 2285.08     2280     461     461    1819
         859    1.5e+04      2284 2285.08 2285.08     2279     461     461    1818
         860    1.5e+04      2284 2285.08 2285.08     2280     461     461    1819
               reducing step to 4.88281e-05
         861    1.5e+04      2284 2285.07 2285.07     2283     461     461    1822
         862    1.5e+04      2284 2285.07 2285.07     2282     461     461    1821
         863    1.5e+04      2284 2285.07 2285.07     2284     461     461    1823
         864    1.5e+04      2284 2285.07 2285.07     2281     461     461    1820
         865    1.5e+04      2284 2285.07 2285.07     2283     461     461    1822
         866    1.5e+04      2284 2285.07 2285.07     2280     461     461    1819
         867    1.5e+04      2284 2285.07 2285.07     2283     461     461    1822
         868    1.5e+04      2284 2285.07 2285.07     2280     461     461    1819
         869    1.5e+04      2284 2285.07 2285.07     2283     461     461    1822
         870    1.5e+04      2284 2285.07 2285.07     2280     461     461    1819
         871    1.5e+04      2284 2285.07 2285.07     2282     461     461    1821
         872    1.5e+04      2284 2285.07 2285.07     2281     461     461    1820
         873    1.5e+04      2284 2285.07 2285.07     2281     461     461    1820
         874    1.5e+04      2284 2285.07 2285.07     2278     461     461    1817
         875    1.5e+04      2284 2285.07 2285.07     2281     461     461    1820
         876    1.5e+04      2284 2285.07 2285.07     2278     461     461    1817
         877    1.5e+04      2284 2285.07 2285.07     2281     461     461    1820
         878    1.5e+04      2284 2285.07 2285.07     2278     461     461    1817
         879    1.5e+04      2284 2285.07 2285.07     2281     461     461    1820
         880    1.5e+04      2284 2285.07 2285.07     2278     461     461    1817
         881    1.5e+04      2284 2285.07 2285.07     2281     461     461    1820
         882    1.5e+04      2284 2285.07 2285.07     2278     461     461    1817
         883    1.5e+04      2284 2285.07 2285.07     2281     461     461    1820
         884    1.5e+04      2284 2285.07 2285.07     2278     461     461    1817
         885    1.5e+04      2284 2285.07 2285.07     2281     461     461    1820
         886    1.5e+04      2284 2285.07 2285.07     2278     461     461    1817
         887    1.5e+04      2284 2285.07 2285.07     2281     461     461    1820
         888    1.5e+04      2284 2285.07 2285.07     2278     461     461    1817
         889    1.5e+04      2284 2285.07 2285.07     2281     461     461    1820
         890    1.5e+04      2284 2285.07 2285.07     2278     461     461    1817
         891    1.5e+04      2284 2285.07 2285.07     2281     461     461    1820
         892    1.5e+04      2284 2285.07 2285.07     2278     461     461    1817
         893    1.5e+04      2284 2285.07 2285.07     2281     461     461    1820
         894    1.5e+04      2284 2285.07 2285.07     2278     461     461    1817
         895    1.5e+04      2284 2285.07 2285.07     2281     461     461    1820
         896    1.5e+04      2284 2285.07 2285.07     2278     461     461    1817
         897    1.5e+04      2284 2285.07 2285.07     2281     461     461    1820
         898    1.5e+04      2284 2285.07 2285.07     2278     461     461    1817
         899    1.5e+04      2284 2285.07 2285.07     2281     461     461    1820
         900    1.5e+04      2284 2285.07 2285.07     2278     461     461    1817
         901    1.5e+04      2284 2285.07 2285.07     2281     461     461    1820
         902    1.5e+04      2284 2285.07 2285.07     2278     461     461    1817
         903    1.5e+04      2284 2285.07 2285.07     2281     461     461    1820
         904    1.5e+04      2284 2285.07 2285.07     2278     461     461    1817
         905    1.5e+04      2284 2285.07 2285.07     2281     461     461    1820
         906    1.5e+04      2284 2285.07 2285.07     2278     461     461    1817
         907    1.5e+04      2284 2285.07 2285.07     2281     461     461    1820
         908    1.5e+04      2284 2285.07 2285.07     2278     461     461    1817
         909    1.5e+04      2284 2285.07 2285.07     2281     461     461    1820
         910    1.5e+04      2284 2285.07 2285.07     2278     461     461    1817
         911    1.5e+04      2284 2285.07 2285.07     2281     461     461    1820
         912    1.5e+04      2284 2285.07 2285.07     2278     461     461    1817
         913    1.5e+04      2284 2285.07 2285.07     2281     461     461    1820
         914    1.5e+04      2284 2285.07 2285.07     2278     461     461    1817
         915    1.5e+04      2284 2285.07 2285.07     2281     461     461    1820
         916    1.5e+04      2284 2285.07 2285.07     2278     461     461    1817
         917    1.5e+04      2284 2285.07 2285.07     2281     461     461    1820
         918    1.5e+04      2284 2285.07 2285.07     2278     461     461    1817
         919    1.5e+04      2284 2285.07 2285.07     2281     461     461    1820
         920    1.5e+04      2284 2285.07 2285.07     2278     461     461    1817
         921    1.5e+04      2284 2285.07 2285.07     2281     461     461    1820
         922    1.5e+04      2284 2285.07 2285.07     2278     461     461    1817
         923    1.5e+04      2284 2285.07 2285.07     2281     461     461    1820
         924    1.5e+04      2284 2285.07 2285.07     2278     461     461    1817
         925    1.5e+04      2284 2285.07 2285.07     2281     461     461    1820
         926    1.5e+04      2284 2285.07 2285.07     2278     461     461    1817
         927    1.5e+04      2284 2285.07 2285.07     2281     461     461    1820
         928    1.5e+04      2284 2285.07 2285.07     2278     461     461    1817
         929    1.5e+04      2284 2285.07 2285.07     2281     461     461    1820
         930    1.5e+04      2284 2285.07 2285.07     2278     461     461    1817
         931    1.5e+04      2284 2285.07 2285.07     2281     461     461    1820
               reducing step to 2.44141e-05
         932    1.5e+04      2284 2285.07 2285.07     2283     461     461    1822
         933    1.5e+04      2284 2285.07 2285.07     2282     461     461    1821
         934    1.5e+04      2284 2285.07 2285.07     2283     461     461    1822
         935    1.5e+04      2284 2285.07 2285.07     2282     461     461    1821
         936    1.5e+04      2284 2285.07 2285.07     2282     461     461    1821
         937    1.5e+04      2284 2285.07 2285.07     2281     461     461    1820
         938    1.5e+04      2284 2285.07 2285.07     2282     461     461    1821
         939    1.5e+04      2284 2285.07 2285.07     2281     461     461    1820
         940    1.5e+04      2284 2285.07 2285.07     2282     461     461    1821
         941    1.5e+04      2284 2285.07 2285.07     2281     461     461    1820
         942    1.5e+04      2284 2285.07 2285.07     2281     461     461    1820
         943    1.5e+04      2284 2285.07 2285.07     2282     461     461    1821
         944    1.5e+04      2284 2285.07 2285.07     2280     461     461    1819
         945    1.5e+04      2284 2285.07 2285.07     2279     461     461    1818
         946    1.5e+04      2284 2285.07 2285.07     2280     461     461    1819
         947    1.5e+04      2284 2285.07 2285.07     2279     461     461    1818
         948    1.5e+04      2284 2285.07 2285.07     2280     461     461    1819
         949    1.5e+04      2284 2285.07 2285.07     2279     461     461    1818
         950    1.5e+04      2284 2285.07 2285.07     2280     461     461    1819
         951    1.5e+04      2284 2285.07 2285.07     2279     461     461    1818
         952    1.5e+04      2284 2285.07 2285.07     2280     461     461    1819
         953    1.5e+04      2284 2285.07 2285.07     2279     461     461    1818
         954    1.5e+04      2284 2285.07 2285.07     2280     461     461    1819
         955    1.5e+04      2284 2285.07 2285.07     2279     461     461    1818
         956    1.5e+04      2284 2285.07 2285.07     2280     461     461    1819
         957    1.5e+04      2284 2285.07 2285.07     2279     461     461    1818
         958    1.5e+04      2284 2285.07 2285.07     2280     461     461    1819
         959    1.5e+04      2284 2285.07 2285.07     2279     461     461    1818
         960    1.5e+04      2284 2285.07 2285.07     2280     461     461    1819
         961    1.5e+04      2284 2285.07 2285.07     2279     461     461    1818
         962    1.5e+04      2284 2285.07 2285.07     2280     461     461    1819
         963    1.5e+04      2284 2285.07 2285.07     2279     461     461    1818
         964    1.5e+04      2284 2285.07 2285.07     2280     461     461    1819
         965    1.5e+04      2284 2285.07 2285.07     2279     461     461    1818
         966    1.5e+04      2284 2285.07 2285.07     2280     461     461    1819
         967    1.5e+04      2284 2285.07 2285.07     2279     461     461    1818
         968    1.5e+04      2284 2285.07 2285.07     2280     461     461    1819
         969    1.5e+04      2284 2285.07 2285.07     2279     461     461    1818
         970    1.5e+04      2284 2285.07 2285.07     2280     461     461    1819
         971    1.5e+04      2284 2285.07 2285.07     2279     461     461    1818
         972    1.5e+04      2284 2285.07 2285.07     2280     461     461    1819
         973    1.5e+04      2284 2285.07 2285.07     2279     461     461    1818
         974    1.5e+04      2284 2285.07 2285.07     2280     461     461    1819
         975    1.5e+04      2284 2285.07 2285.07     2279     461     461    1818
         976    1.5e+04      2284 2285.07 2285.07     2280     461     461    1819
         977    1.5e+04      2284 2285.07 2285.07     2279     461     461    1818
         978    1.5e+04      2284 2285.07 2285.07     2280     461     461    1819
         979    1.5e+04      2284 2285.07 2285.07     2279     461     461    1818
         980    1.5e+04      2284 2285.07 2285.07     2280     461     461    1819
         981    1.5e+04      2284 2285.07 2285.07     2279     461     461    1818
         982    1.5e+04      2284 2285.07 2285.07     2280     461     461    1819
         983    1.5e+04      2284 2285.07 2285.07     2279     461     461    1818
         984    1.5e+04      2284 2285.07 2285.07     2280     461     461    1819
         985    1.5e+04      2284 2285.07 2285.07     2279     461     461    1818
         986    1.5e+04      2284 2285.07 2285.07     2280     461     461    1819
         987    1.5e+04      2284 2285.07 2285.07     2279     461     461    1818
         988    1.5e+04      2284 2285.07 2285.07     2280     461     461    1819
         989    1.5e+04      2284 2285.07 2285.07     2279     461     461    1818
         990    1.5e+04      2284 2285.07 2285.07     2280     461     461    1819
         991    1.5e+04      2284 2285.07 2285.07     2279     461     461    1818
         992    1.5e+04      2284 2285.07 2285.07     2280     461     461    1819
         993    1.5e+04      2284 2285.07 2285.07     2279     461     461    1818
         994    1.5e+04      2284 2285.07 2285.07     2280     461     461    1819
         995    1.5e+04      2284 2285.07 2285.07     2279     461     461    1818
         996    1.5e+04      2284 2285.07 2285.07     2280     461     461    1819
         997    1.5e+04      2284 2285.07 2285.07     2279     461     461    1818
         998    1.5e+04      2284 2285.07 2285.07     2280     461     461    1819
         999    1.5e+04      2284 2285.07 2285.07     2279     461     461    1818
        1000    1.5e+04      2284 2285.07 2285.07     2280     461     461    1819
Total time used by klau is 42.33
true_align (1135) and est_align (461) DO NOT have the same number of elements.
method klau has a score of 27.14%
method klau used 42.331 seconds.
maximum values in init align row is:  1134
maximum values in init align col is:  1134
 best   iter   pr-delta       obj  weight    card overlap
    *      1    4.9e-01      1582     466     466    1349
    *      2    1.4e-01    1692.5     465     465    1460
    *      3    5.2e-02    1697.5     465     465    1465
           4    2.1e-02    1693.5     465     465    1461
           5    8.9e-03    1694.5     465     465    1462
           6    4.3e-03    1695.5     465     465    1463
           7    2.1e-03    1695.5     465     465    1463
           8    1.1e-03    1695.5     465     465    1463
           9    6.1e-04    1695.5     465     465    1463
          10    3.4e-04    1695.5     465     465    1463
          11    1.9e-04    1695.5     465     465    1463
          12    1.1e-04    1695.5     465     465    1463
          13    6.4e-05    1695.5     465     465    1463
          14    3.8e-05    1695.5     465     465    1463
          15    2.3e-05    1695.5     465     465    1463
          16    1.4e-05    1695.5     465     465    1463
          17    8.3e-06    1695.5     465     465    1463
          18    5.1e-06    1695.5     465     465    1463
          19    3.1e-06    1695.5     465     465    1463
          20    2.0e-06    1695.5     465     465    1463
          21    1.2e-06    1695.5     465     465    1463
          22    7.6e-07    1695.5     465     465    1463
          23    4.8e-07    1695.5     465     465    1463
          24    3.1e-07    1695.5     465     465    1463
          25    1.9e-07    1695.5     465     465    1463
          26    1.2e-07    1695.5     465     465    1463
          27    8.0e-08    1695.5     465     465    1463
          28    5.1e-08    1695.5     465     465    1463
          29    3.3e-08    1695.5     465     465    1463
          30    2.1e-08    1695.5     465     465    1463
          31    1.4e-08    1695.5     465     465    1463
          32    9.0e-09    1695.5     465     465    1463
          33    5.9e-09    1695.5     465     465    1463
          34    3.8e-09    1695.5     465     465    1463
          35    2.5e-09    1695.5     465     465    1463
          36    1.6e-09    1695.5     465     465    1463
          37    1.1e-09    1695.5     465     465    1463
          38    7.1e-10    1695.5     465     465    1463
          39    4.7e-10    1695.5     465     465    1463
          40    3.1e-10    1695.5     465     465    1463
          41    2.0e-10    1695.5     465     465    1463
          42    1.3e-10    1695.5     465     465    1463
          43    8.8e-11    1695.5     465     465    1463
          44    5.8e-11    1695.5     465     465    1463
          45    3.8e-11    1695.5     465     465    1463
          46    2.5e-11    1695.5     465     465    1463
          47    1.7e-11    1695.5     465     465    1463
          48    1.1e-11    1695.5     465     465    1463
          49    7.4e-12    1695.5     465     465    1463
          50    4.9e-12    1695.5     465     465    1463
          51    3.2e-12    1695.5     465     465    1463
          52    2.1e-12    1695.5     465     465    1463
          53    1.4e-12    1695.5     465     465    1463
          54    9.5e-13    1695.5     465     465    1463
Total time used by isorank is 0.78
true_align (1135) and est_align (466) DO NOT have the same number of elements.
method isorank has a score of 6.78%
method isorank used 0.781 seconds.
experiment results:
     method      score       time
0     final  28.722467   3.147349
1  netalign  27.224670   1.837658
2      klau  27.136564  42.331333
3   isorank   6.784141   0.781259
