Permutation sanity check error is 204.0.
Permutation sanity check error is 21416.0.
num_init for this graph is 10
Generating initial alignment matrix using degree ...
mode is  degree
number of noisy edges are:  10
Average number of initial alignments for each node is 20
maximum values in init align row is:  1134
maximum values in init align col is:  1133
Recovering sparse matrix L took 0.01 sec.
Time for degree: 0.01 sec
iteration 1
Time for iteration 1: 0.24 sec, diff = 0.59067
iteration 2
Time for iteration 2: 0.18 sec, diff = 0.06977
iteration 3
Time for iteration 3: 0.15 sec, diff = 0.02138
iteration 4
Time for iteration 4: 0.14 sec, diff = 0.00915
iteration 5
Time for iteration 5: 0.15 sec, diff = 0.00464
iteration 6
Time for iteration 6: 0.14 sec, diff = 0.00260
iteration 7
Time for iteration 7: 0.14 sec, diff = 0.00155
iteration 8
Time for iteration 8: 0.15 sec, diff = 0.00097
iteration 9
Time for iteration 9: 0.15 sec, diff = 0.00063
iteration 10
Time for iteration 10: 0.14 sec, diff = 0.00042
iteration 11
Time for iteration 11: 0.14 sec, diff = 0.00028
iteration 12
Time for iteration 12: 0.15 sec, diff = 0.00019
iteration 13
Time for iteration 13: 0.14 sec, diff = 0.00014
iteration 14
Time for iteration 14: 0.14 sec, diff = 0.00010
iteration 15
Time for iteration 15: 0.14 sec, diff = 0.00007
iteration 16
Time for iteration 16: 0.14 sec, diff = 0.00005
iteration 17
Time for iteration 17: 0.13 sec, diff = 0.00004
iteration 18
Time for iteration 18: 0.13 sec, diff = 0.00003
iteration 19
Time for iteration 19: 0.14 sec, diff = 0.00002
iteration 20
Time for iteration 20: 0.14 sec, diff = 0.00001
iteration 21
Time for iteration 21: 0.14 sec, diff = 0.00001
iteration 22
Time for iteration 22: 0.13 sec, diff = 0.00001
Total time used by final is 3.51 sec.
true_align and est_align have the same number of elements.
method final has a score of 31.28%
method final used 3.512 seconds.
maximum values in init align row is:  1134
maximum values in init align col is:  1133
best   iter    obj_ma wght_ma card_ma over_ma    obj_mb wght_mb card_mb over_mb
  *a      1      1832     462     462    1370      1832     462     462    1370
          2       670     315     315     355       989     365     365     624
          3       991     435     435     556       865     339     339     526
          4       639     361     361     278       696     357     357     339
  *a      5      1885     457     457    1428      1878     444     444    1434
  *a      6      1999     460     460    1539      1965     437     437    1528
          7      1680     432     432    1248      1818     427     427    1391
          8       634     344     344     290       453     208     208     245
          9       796     363     363     433       725     293     293     432
         10      1913     459     459    1454      1828     443     443    1385
  *a     11      2141     460     460    1681      2136     450     450    1686
         12      2107     454     454    1653      2125     437     437    1688
         13      2030     446     446    1584      2070     418     418    1652
  *a     14      2164     453     453    1711      1902     356     356    1546
  *a     15      2247     458     458    1789      2211     435     435    1776
  *a     16      2274     458     458    1816      2262     448     448    1814
  *a     17      2282     458     458    1824      2264     448     448    1816
         18      2281     458     458    1823      2260     443     443    1817
  *a     19      2284     458     458    1826      2253     442     442    1811
         20      2283     458     458    1825      2271     451     451    1820
         21      2284     458     458    1826      2278     454     454    1824
  *a     22      2286     458     458    1828      2281     455     455    1826
         23      2286     458     458    1828      2279     453     453    1826
         24      2286     457     457    1829      2277     453     453    1824
  *a     25      2287     458     458    1829      2282     455     455    1827
         26      2286     458     458    1828      2279     454     454    1825
         27      2286     458     458    1828      2282     456     456    1826
         28      2286     457     457    1829      2285     457     457    1828
         29      2286     457     457    1829      2283     456     456    1827
         30      2286     457     457    1829      2281     455     455    1826
         31      2287     458     458    1829      2279     454     454    1825
         32      2287     458     458    1829      2281     455     455    1826
         33      2287     458     458    1829      2283     456     456    1827
         34      2286     457     457    1829      2287     458     458    1829
         35      2286     457     457    1829      2287     458     458    1829
         36      2286     457     457    1829      2287     458     458    1829
         37      2287     458     458    1829      2285     457     457    1828
         38      2287     458     458    1829      2283     456     456    1827
         39      2287     458     458    1829      2281     455     455    1826
         40      2287     458     458    1829      2281     455     455    1826
         41      2287     458     458    1829      2285     457     457    1828
         42      2287     458     458    1829      2285     457     457    1828
         43      2287     458     458    1829      2286     457     457    1829
         44      2287     458     458    1829      2286     457     457    1829
         45      2287     458     458    1829      2284     456     456    1828
         46      2287     458     458    1829      2282     455     455    1827
         47      2287     458     458    1829      2285     457     457    1828
         48      2287     458     458    1829      2283     456     456    1827
         49      2287     458     458    1829      2283     456     456    1827
         50      2287     458     458    1829      2284     456     456    1828
         51      2287     458     458    1829      2284     456     456    1828
         52      2287     458     458    1829      2286     457     457    1829
         53      2287     458     458    1829      2286     457     457    1829
         54      2287     458     458    1829      2287     458     458    1829
         55      2287     458     458    1829      2287     458     458    1829
         56      2287     458     458    1829      2287     458     458    1829
         57      2287     458     458    1829      2281     455     455    1826
         58      2287     458     458    1829      2280     454     454    1826
         59      2287     458     458    1829      2280     454     454    1826
         60      2287     458     458    1829      2283     456     456    1827
         61      2287     458     458    1829      2287     458     458    1829
         62      2287     458     458    1829      2287     458     458    1829
         63      2287     458     458    1829      2287     458     458    1829
         64      2287     458     458    1829      2285     457     457    1828
         65      2287     458     458    1829      2283     456     456    1827
         66      2287     458     458    1829      2283     456     456    1827
         67      2287     458     458    1829      2285     457     457    1828
         68      2287     458     458    1829      2285     457     457    1828
         69      2287     458     458    1829      2285     457     457    1828
         70      2287     458     458    1829      2283     456     456    1827
         71      2287     458     458    1829      2285     457     457    1828
         72      2287     458     458    1829      2285     457     457    1828
         73      2287     458     458    1829      2287     458     458    1829
         74      2287     458     458    1829      2287     458     458    1829
         75      2287     458     458    1829      2287     458     458    1829
         76      2287     458     458    1829      2287     458     458    1829
         77      2287     458     458    1829      2285     457     457    1828
         78      2287     458     458    1829      2285     457     457    1828
         79      2287     458     458    1829      2285     457     457    1828
         80      2287     458     458    1829      2285     457     457    1828
         81      2287     458     458    1829      2287     458     458    1829
         82      2287     458     458    1829      2287     458     458    1829
         83      2287     458     458    1829      2287     458     458    1829
         84      2287     458     458    1829      2287     458     458    1829
         85      2287     458     458    1829      2287     458     458    1829
         86      2287     458     458    1829      2287     458     458    1829
         87      2287     458     458    1829      2287     458     458    1829
         88      2287     458     458    1829      2287     458     458    1829
         89      2287     458     458    1829      2287     458     458    1829
         90      2287     458     458    1829      2287     458     458    1829
         91      2287     458     458    1829      2287     458     458    1829
         92      2287     458     458    1829      2287     458     458    1829
         93      2287     458     458    1829      2287     458     458    1829
         94      2287     458     458    1829      2287     458     458    1829
         95      2287     458     458    1829      2287     458     458    1829
         96      2287     458     458    1829      2287     458     458    1829
         97      2287     458     458    1829      2287     458     458    1829
         98      2287     458     458    1829      2287     458     458    1829
         99      2287     458     458    1829      2287     458     458    1829
        100      2287     458     458    1829      2287     458     458    1829
Total time used by netalign is 1.94
true_align (1135) and est_align (458) DO NOT have the same number of elements.
method netalign has a score of 27.49%
method netalign used 1.943 seconds.
maximum values in init align row is:  1134
maximum values in init align col is:  1133
 best   iter     norm-u     lower   upper     cur      obj  weight    card overlap
    *      1    0.0e+00      1847    2593    2593     1847     462     462    1385
           2    1.4e+03      1847    2593  2760.9     1739     462     462    1277
           3    1.9e+03      1847    2593  2672.7     1307     462     462     845
           4    2.6e+03      1847    2593    2704     1341     462     462     879
           5    3.1e+03      1847    2593  2690.4     1262     462     462     800
           6    3.6e+03      1847    2593  2697.4     1145     462     462     683
           7    4.1e+03      1847    2593  2696.1     1092     462     462     630
           8    4.5e+03      1847    2593  2674.4     1144     462     462     682
           9    4.8e+03      1847    2593  2689.5     1124     462     462     662
          10    5.2e+03      1847    2593  2679.2     1118     462     462     656
          11    5.6e+03      1847    2593    2673     1119     462     462     657
          12    5.9e+03      1847    2593  2674.9     1062     462     462     600
          13    6.2e+03      1847    2593  2675.3     1004     462     462     542
          14    6.5e+03      1847    2593    2668     1020     462     462     558
          15    6.8e+03      1847    2593  2664.3     1088     462     462     626
          16    7.0e+03      1847    2593  2658.4      998     462     462     536
          17    7.3e+03      1847    2593    2656     1085     462     462     623
          18    7.6e+03      1847    2593  2664.6      993     462     462     531
          19    7.8e+03      1847    2593  2649.7     1086     462     462     624
          20    8.0e+03      1847    2593  2650.3      947     462     462     485
          21    8.3e+03      1847    2593  2651.2     1098     462     462     636
          22    8.5e+03      1847    2593  2647.9     1000     462     462     538
          23    8.7e+03      1847    2593  2647.5     1021     462     462     559
          24    8.8e+03      1847    2593  2630.7      986     462     462     524
          25    9.1e+03      1847    2593  2634.8     1011     462     462     549
          26    9.3e+03      1847    2593  2651.6     1023     462     462     561
               reducing step to 0.2
          27    9.3e+03      1847  2530.7  2530.7     1059     462     462     597
          28    9.4e+03      1847  2516.2  2516.2     1003     462     462     541
          29    9.5e+03      1847  2495.6  2495.6     1004     462     462     542
          30    9.6e+03      1847  2493.2  2493.2     1114     462     462     652
          31    9.7e+03      1847  2473.4  2473.4     1100     462     462     638
          32    9.7e+03      1847  2473.4  2484.3     1027     462     462     565
          33    9.8e+03      1847  2472.6  2472.6     1056     462     462     594
          34    9.9e+03      1847    2467    2467     1141     462     462     679
          35    9.9e+03      1847  2465.5  2465.5     1144     462     462     682
          36    1.0e+04      1847  2457.3  2457.3     1131     462     462     669
          37    1.0e+04      1847  2454.6  2454.6     1099     462     462     637
          38    1.0e+04      1847  2452.1  2452.1     1105     462     462     643
          39    1.0e+04      1847  2450.2  2450.2     1091     462     462     629
          40    1.0e+04      1847    2440    2440     1110     462     462     648
          41    1.0e+04      1847    2440  2450.9     1125     462     462     663
          42    1.0e+04      1847  2437.8  2437.8     1214     462     462     752
          43    1.0e+04      1847  2430.3  2430.3     1138     462     462     676
          44    1.0e+04      1847  2430.3    2445     1217     462     462     755
          45    1.0e+04      1847  2425.9  2425.9     1165     462     462     703
          46    1.1e+04      1847  2425.9  2431.7     1201     462     462     739
          47    1.1e+04      1847  2425.9  2429.2     1170     462     462     708
          48    1.1e+04      1847  2420.4  2420.4     1221     462     462     759
          49    1.1e+04      1847  2420.4  2422.8     1213     462     462     751
          50    1.1e+04      1847  2420.4  2421.7     1279     462     462     817
          51    1.1e+04      1847  2412.4  2412.4     1208     462     462     746
          52    1.1e+04      1847  2412.4    2419     1157     462     462     695
          53    1.1e+04      1847  2408.5  2408.5     1215     462     462     753
          54    1.1e+04      1847  2408.5  2416.5     1273     462     462     811
          55    1.1e+04      1847  2408.5  2409.3     1261     462     462     799
          56    1.1e+04      1847  2408.5  2411.5     1272     462     462     810
          57    1.1e+04      1847  2408.5  2408.7     1354     462     462     892
          58    1.1e+04      1847  2404.8  2404.8     1311     462     462     849
          59    1.1e+04      1847  2404.8    2407     1224     462     462     762
          60    1.1e+04      1847  2404.8    2410     1264     462     462     802
          61    1.1e+04      1847  2404.8  2410.2     1311     462     462     849
          62    1.1e+04      1847  2399.5  2399.5     1353     462     462     891
          63    1.1e+04      1847  2399.5  2406.3     1371     462     462     909
          64    1.1e+04      1847  2398.6  2398.6     1387     462     462     925
          65    1.1e+04      1847  2398.6    2400     1350     462     462     888
          66    1.1e+04      1847  2398.6  2405.4     1310     462     462     848
          67    1.1e+04      1847  2398.6  2399.2     1329     462     462     867
          68    1.1e+04      1847  2394.4  2394.4     1265     462     462     803
          69    1.1e+04      1847  2394.4  2402.8     1381     462     462     919
          70    1.2e+04      1847  2394.4  2396.9     1318     462     462     856
          71    1.2e+04      1847  2394.4  2398.5     1307     462     462     845
          72    1.2e+04      1847  2394.4  2395.1     1312     462     462     850
          73    1.2e+04      1847  2389.3  2389.3     1333     462     462     871
          74    1.2e+04      1847  2389.3  2398.8     1383     462     462     921
          75    1.2e+04      1847  2389.2  2389.2     1383     462     462     921
          76    1.2e+04      1847  2389.2    2392     1340     462     462     878
          77    1.2e+04      1847  2389.2    2394     1349     462     462     887
          78    1.2e+04      1847  2387.8  2387.8     1455     462     462     993
          79    1.2e+04      1847  2387.1  2387.1     1435     462     462     973
          80    1.2e+04      1847  2385.2  2385.2     1417     462     462     955
          81    1.2e+04      1847  2385.2  2390.8     1277     462     462     815
          82    1.2e+04      1847  2385.2    2397     1377     462     462     915
          83    1.2e+04      1847  2377.2  2377.2     1531     462     462    1069
          84    1.2e+04      1847  2377.2  2382.1     1459     462     462     997
          85    1.2e+04      1847  2377.2  2386.3     1397     462     462     935
          86    1.2e+04      1847  2377.2  2383.2     1497     462     462    1035
          87    1.2e+04      1847  2377.2  2380.1     1514     461     461    1053
          88    1.2e+04      1847  2377.2    2386     1393     462     462     931
          89    1.2e+04      1847  2377.2  2384.4     1392     462     462     930
          90    1.2e+04      1847  2377.2  2379.7     1368     462     462     906
          91    1.2e+04      1847  2377.2  2385.5     1442     462     462     980
          92    1.2e+04      1847  2375.9  2375.9     1428     462     462     966
          93    1.2e+04      1847  2375.9  2385.2     1385     461     461     924
          94    1.2e+04      1847  2375.9    2376     1508     462     462    1046
          95    1.2e+04      1847  2371.8  2371.8     1422     462     462     960
          96    1.2e+04      1847  2371.8    2380     1470     462     462    1008
          97    1.2e+04      1847  2370.9  2370.9     1488     462     462    1026
          98    1.2e+04      1847  2370.9  2374.9     1508     461     461    1047
          99    1.2e+04      1847  2370.9  2377.9     1373     462     462     911
         100    1.2e+04      1847  2370.9  2381.4     1516     462     462    1054
         101    1.3e+04      1847  2370.9  2376.5     1582     461     461    1121
         102    1.3e+04      1847  2368.9  2368.9     1538     462     462    1076
         103    1.3e+04      1847  2368.9  2369.3     1401     462     462     939
         104    1.3e+04      1847  2368.9  2385.8     1413     462     462     951
         105    1.3e+04      1847  2368.4  2368.4     1522     462     462    1060
         106    1.3e+04      1847  2368.4    2373     1351     462     462     889
         107    1.3e+04      1847  2368.4  2379.2     1414     462     462     952
         108    1.3e+04      1847  2368.4  2369.3     1503     462     462    1041
         109    1.3e+04      1847    2368    2368     1458     462     462     996
         110    1.3e+04      1847    2368  2371.7     1388     462     462     926
         111    1.3e+04      1847    2368    2374     1493     462     462    1031
         112    1.3e+04      1847  2364.7  2364.7     1506     462     462    1044
         113    1.3e+04      1847  2364.7  2376.1     1468     462     462    1006
         114    1.3e+04      1847  2364.7  2372.9     1495     461     461    1034
         115    1.3e+04      1847  2364.7  2368.5     1484     462     462    1022
         116    1.3e+04      1847  2364.7  2365.9     1489     462     462    1027
         117    1.3e+04      1847  2364.7  2372.9     1454     462     462     992
         118    1.3e+04      1847  2364.7  2372.4     1422     461     461     961
         119    1.3e+04      1847  2364.7  2364.8     1695     461     461    1234
         120    1.3e+04      1847  2356.9  2356.9     1574     461     461    1113
         121    1.3e+04      1847  2356.9  2367.9     1497     462     462    1035
         122    1.3e+04      1847  2356.9  2361.2     1634     461     461    1173
         123    1.3e+04      1847  2356.9    2362     1632     462     462    1170
         124    1.3e+04      1847  2356.9  2358.6     1570     462     462    1108
         125    1.3e+04      1847  2356.9  2366.9     1443     460     460     983
         126    1.3e+04      1847  2356.9  2368.3     1516     462     462    1054
         127    1.3e+04      1847  2356.9  2370.2     1431     461     461     970
         128    1.3e+04      1847  2356.9  2367.4     1515     461     461    1054
         129    1.3e+04      1847  2356.9  2365.7     1496     461     461    1035
         130    1.3e+04      1847  2356.9  2369.4     1498     461     461    1037
         131    1.3e+04      1847  2356.9  2369.8     1583     462     462    1121
         132    1.3e+04      1847  2356.9  2358.2     1516     462     462    1054
         133    1.3e+04      1847  2356.9  2360.1     1599     461     461    1138
         134    1.3e+04      1847  2356.9    2362     1529     461     461    1068
         135    1.3e+04      1847  2356.9  2372.1     1527     461     461    1066
         136    1.3e+04      1847  2356.9  2357.5     1627     462     462    1165
         137    1.3e+04      1847  2356.9  2362.7     1544     461     461    1083
         138    1.4e+04      1847  2356.9  2359.7     1664     461     461    1203
         139    1.4e+04      1847    2356    2356     1598     462     462    1136
         140    1.4e+04      1847    2356  2360.3     1682     461     461    1221
         141    1.4e+04      1847  2355.1  2355.1     1512     461     461    1051
         142    1.4e+04      1847  2355.1    2362     1487     461     461    1026
         143    1.4e+04      1847  2355.1  2361.6     1481     461     461    1020
         144    1.4e+04      1847  2355.1  2365.5     1542     462     462    1080
         145    1.4e+04      1847  2353.4  2353.4     1559     461     461    1098
         146    1.4e+04      1847  2353.4  2360.8     1454     462     462     992
         147    1.4e+04      1847  2353.4  2362.2     1632     461     461    1171
         148    1.4e+04      1847  2353.4  2356.1     1716     461     461    1255
         149    1.4e+04      1847  2353.4  2356.4     1472     462     462    1010
         150    1.4e+04      1847  2353.4  2365.5     1483     462     462    1021
         151    1.4e+04      1847  2353.4  2360.9     1429     462     462     967
         152    1.4e+04      1847  2353.4  2364.5     1529     462     462    1067
         153    1.4e+04      1847  2353.4  2358.1     1471     460     460    1011
         154    1.4e+04      1847  2353.4  2360.9     1526     461     461    1065
         155    1.4e+04      1847  2353.4  2360.4     1516     461     461    1055
         156    1.4e+04      1847  2353.4  2356.8     1563     461     461    1102
         157    1.4e+04      1847  2353.4  2359.2     1503     461     461    1042
         158    1.4e+04      1847  2353.4  2361.2     1656     462     462    1194
         159    1.4e+04      1847  2353.4  2354.5     1573     461     461    1112
         160    1.4e+04      1847  2353.4  2356.1     1611     462     462    1149
         161    1.4e+04      1847  2353.4  2360.3     1491     461     461    1030
         162    1.4e+04      1847  2353.4    2361     1472     461     461    1011
         163    1.4e+04      1847  2353.2  2353.2     1529     462     462    1067
         164    1.4e+04      1847  2353.2  2361.8     1577     462     462    1115
         165    1.4e+04      1847  2353.2  2354.9     1482     461     461    1021
         166    1.4e+04      1847  2353.2  2363.2     1450     462     462     988
         167    1.4e+04      1847  2353.2  2356.1     1575     461     461    1114
         168    1.4e+04      1847  2353.2  2353.9     1540     462     462    1078
         169    1.4e+04      1847  2353.2  2356.3     1637     461     461    1176
         170    1.4e+04      1847  2352.8  2352.8     1507     461     461    1046
         171    1.4e+04      1847  2352.8  2357.6     1490     461     461    1029
         172    1.4e+04      1847  2352.8  2355.8     1607     462     462    1145
         173    1.4e+04      1847  2350.1  2350.1     1502     461     461    1041
         174    1.4e+04      1847  2350.1  2356.5     1592     461     461    1131
         175    1.4e+04      1847  2350.1  2355.6     1617     462     462    1155
         176    1.4e+04      1847  2350.1  2354.3     1487     462     462    1025
         177    1.4e+04      1847  2350.1  2359.5     1473     462     462    1011
         178    1.4e+04      1847  2350.1  2358.8     1461     460     460    1001
         179    1.4e+04      1847    2349    2349     1808     462     462    1346
         180    1.4e+04      1847  2342.8  2342.8     1684     461     461    1223
         181    1.4e+04      1847  2342.8    2355     1569     460     460    1109
         182    1.4e+04      1847  2342.8  2348.7     1605     461     461    1144
         183    1.4e+04      1847  2342.8  2351.7     1600     461     461    1139
         184    1.4e+04      1847  2342.8  2347.3     1711     462     462    1249
         185    1.4e+04      1847  2342.8  2350.3     1589     461     461    1128
         186    1.4e+04      1847  2342.8  2360.6     1628     462     462    1166
         187    1.5e+04      1847  2342.8  2345.1     1641     460     460    1181
         188    1.5e+04      1847  2342.8  2351.8     1646     462     462    1184
         189    1.5e+04      1847  2342.8  2351.9     1619     462     462    1157
         190    1.5e+04      1847  2342.8  2349.5     1689     461     461    1228
         191    1.5e+04      1847  2342.8  2349.8     1494     462     462    1032
         192    1.5e+04      1847  2342.8  2354.6     1394     461     461     933
         193    1.5e+04      1847  2342.8  2364.8     1461     461     461    1000
         194    1.5e+04      1847  2342.8  2349.1     1661     462     462    1199
         195    1.5e+04      1847  2342.8  2347.8     1710     461     461    1249
         196    1.5e+04      1847  2342.8  2347.5     1500     462     462    1038
         197    1.5e+04      1847  2342.8  2358.2     1557     461     461    1096
         198    1.5e+04      1847  2342.8  2350.1     1648     461     461    1187
         199    1.5e+04      1847  2342.8  2348.8     1473     461     461    1012
         200    1.5e+04      1847  2342.8  2359.1     1539     462     462    1077
         201    1.5e+04      1847  2342.8  2352.9     1579     460     460    1119
         202    1.5e+04      1847  2342.8  2349.7     1742     461     461    1281
         203    1.5e+04      1847    2342    2342     1600     462     462    1138
         204    1.5e+04      1847    2342  2354.6     1616     461     461    1155
         205    1.5e+04      1847    2342  2351.7     1693     460     460    1233
         206    1.5e+04      1847    2342  2346.4     1743     460     460    1283
         207    1.5e+04      1847    2342  2345.4     1671     462     462    1209
         208    1.5e+04      1847    2342  2349.9     1809     461     461    1348
         209    1.5e+04      1847  2339.1  2339.1     1614     461     461    1153
         210    1.5e+04      1847  2339.1  2349.5     1593     461     461    1132
         211    1.5e+04      1847  2339.1  2349.1     1621     460     460    1161
         212    1.5e+04      1847  2339.1  2350.4     1580     461     461    1119
         213    1.5e+04      1847  2339.1  2347.9     1630     461     461    1169
         214    1.5e+04      1847  2339.1  2354.5     1591     462     462    1129
         215    1.5e+04      1847  2339.1  2342.5     1525     461     461    1064
         216    1.5e+04      1847  2339.1  2350.8     1543     461     461    1082
         217    1.5e+04      1847  2339.1  2348.7     1480     462     462    1018
         218    1.5e+04      1847  2339.1  2353.8     1500     461     461    1039
         219    1.5e+04      1847  2339.1  2347.2     1689     461     461    1228
         220    1.5e+04      1847  2339.1  2341.3     1662     460     460    1202
         221    1.5e+04      1847  2339.1  2341.9     1731     461     461    1270
         222    1.5e+04      1847  2339.1  2345.2     1557     461     461    1096
         223    1.5e+04      1847  2339.1  2352.7     1618     461     461    1157
         224    1.5e+04      1847  2339.1  2346.7     1697     461     461    1236
         225    1.5e+04      1847  2339.1  2347.3     1619     461     461    1158
         226    1.5e+04      1847  2339.1  2347.4     1600     462     462    1138
         227    1.5e+04      1847  2339.1  2352.4     1569     461     461    1108
         228    1.5e+04      1847  2339.1  2351.6     1639     461     461    1178
         229    1.5e+04      1847  2339.1  2345.7     1795     462     462    1333
         230    1.5e+04      1847  2339.1  2341.5     1711     461     461    1250
         231    1.5e+04      1847  2339.1    2346     1619     461     461    1158
         232    1.5e+04      1847  2339.1  2351.6     1503     462     462    1041
         233    1.5e+04      1847  2339.1  2347.3     1565     461     461    1104
         234    1.5e+04      1847  2339.1  2349.7     1718     462     462    1256
               reducing step to 0.1
    *    235    1.5e+04      1878  2322.7  2322.7     1878     460     460    1418
    *    236    1.5e+04      1925  2315.7  2315.7     1925     461     461    1464
    *    237    1.5e+04      2068  2312.8  2312.8     2068     460     460    1608
    *    238    1.5e+04      2113  2312.1  2312.1     2113     460     460    1653
    *    239    1.5e+04      2181  2308.1  2308.1     2181     460     460    1721
         240    1.5e+04      2181  2308.1  2309.5     2166     460     460    1706
    *    241    1.5e+04      2189  2307.8  2307.8     2189     460     460    1729
    *    242    1.5e+04      2197  2306.6  2306.6     2197     460     460    1737
    *    243    1.5e+04      2202  2306.2  2306.2     2202     461     461    1741
    *    244    1.5e+04      2227  2306.2  2307.6     2227     460     460    1767
         245    1.5e+04      2227  2305.8  2305.8     2191     460     460    1731
         246    1.5e+04      2227  2305.8  2306.6     2131     460     460    1671
         247    1.5e+04      2227  2305.8  2306.5     2155     460     460    1695
         248    1.5e+04      2227  2305.8  2307.1     2171     460     460    1711
         249    1.5e+04      2227  2305.2  2305.2     2107     461     461    1646
         250    1.5e+04      2227  2305.2  2307.1     2056     461     461    1595
         251    1.5e+04      2227  2305.2  2306.6     2065     460     460    1605
         252    1.5e+04      2227  2305.2  2307.2     1953     461     461    1492
         253    1.5e+04      2227  2305.2  2309.4     1953     461     461    1492
         254    1.5e+04      2227  2305.2    2310     1955     460     460    1495
         255    1.5e+04      2227  2305.2  2307.5     2071     461     461    1610
         256    1.5e+04      2227  2305.2  2306.9     2110     460     460    1650
         257    1.5e+04      2227  2305.2  2306.1     2113     460     460    1653
         258    1.5e+04      2227  2305.2  2306.5     2135     460     460    1675
         259    1.5e+04      2227  2305.2  2305.9     2147     460     460    1687
         260    1.5e+04      2227  2305.2  2305.4     2066     459     459    1607
         261    1.5e+04      2227  2305.2  2306.1     1993     462     462    1531
         262    1.5e+04      2227  2305.2  2307.7     2087     460     460    1627
         263    1.5e+04      2227  2303.9  2303.9     2206     460     460    1746
         264    1.5e+04      2227  2303.9  2305.5     2199     460     460    1739
    *    265    1.5e+04      2231  2303.8  2303.8     2231     459     459    1772
         266    1.5e+04      2231  2303.8  2304.7     2230     459     459    1771
         267    1.5e+04      2231  2303.3  2303.3     2224     460     460    1764
         268    1.5e+04      2231  2303.3    2305     2221     459     459    1762
    *    269    1.5e+04      2253  2303.3  2303.8     2253     459     459    1794
         270    1.5e+04      2253  2303.3  2304.3     2244     459     459    1785
    *    271    1.5e+04      2258  2303.3  2303.5     2258     459     459    1799
         272    1.5e+04      2258  2303.3    2304     2193     459     459    1734
         273    1.5e+04      2258  2303.3  2303.6     2245     459     459    1786
         274    1.5e+04      2258  2303.3  2304.2     2166     460     460    1706
         275    1.5e+04      2258  2303.3  2303.8     2184     460     460    1724
         276    1.5e+04      2258  2303.3  2304.1     2227     459     459    1768
         277    1.5e+04      2258  2303.3  2303.4     2238     460     460    1778
         278    1.5e+04      2258  2303.3  2303.8     2154     459     459    1695
         279    1.5e+04      2258  2303.3    2304     2198     459     459    1739
         280    1.5e+04      2258  2303.3  2304.6     2170     460     460    1710
         281    1.5e+04      2258  2302.9  2302.9     2214     460     460    1754
         282    1.5e+04      2258  2302.9  2304.3     2227     460     460    1767
         283    1.5e+04      2258  2302.9  2303.3     2222     459     459    1763
         284    1.5e+04      2258  2302.9  2303.2     2171     460     460    1711
         285    1.5e+04      2258  2302.9  2303.1     2223     460     460    1763
         286    1.5e+04      2258  2302.9    2304     2108     459     459    1649
         287    1.6e+04      2258  2302.9  2304.5     2149     460     460    1689
         288    1.6e+04      2258  2302.9  2303.8     2134     461     461    1673
         289    1.6e+04      2258  2302.9  2304.3     2115     460     460    1655
         290    1.6e+04      2258  2302.9  2303.8     2199     460     460    1739
         291    1.6e+04      2258  2302.9  2304.3     2223     460     460    1763
         292    1.6e+04      2258  2302.9  2303.1     2244     459     459    1785
         293    1.6e+04      2258  2302.9  2304.5     2198     459     459    1739
         294    1.6e+04      2258  2302.9    2303     2168     458     458    1710
         295    1.6e+04      2258  2302.9  2303.6     2167     460     460    1707
         296    1.6e+04      2258  2302.7  2302.7     2177     460     460    1717
         297    1.6e+04      2258  2302.7  2303.7     2215     459     459    1756
         298    1.6e+04      2258  2302.7  2303.1     2213     459     459    1754
         299    1.6e+04      2258  2302.7  2303.5     2122     460     460    1662
         300    1.6e+04      2258  2302.7  2303.1     2133     459     459    1674
         301    1.6e+04      2258  2302.7  2303.8     2171     460     460    1711
         302    1.6e+04      2258  2302.7  2303.5     2085     460     460    1625
         303    1.6e+04      2258  2302.7  2305.5     2001     461     461    1540
         304    1.6e+04      2258  2302.7  2305.1     2101     460     460    1641
         305    1.6e+04      2258  2302.7  2305.4     2149     461     461    1688
         306    1.6e+04      2258  2302.5  2302.5     2145     460     460    1685
         307    1.6e+04      2258  2302.5  2304.2     2239     459     459    1780
         308    1.6e+04      2258  2302.5  2302.9     2159     459     459    1700
         309    1.6e+04      2258  2302.5  2304.4     2232     459     459    1773
         310    1.6e+04      2258  2302.2  2302.2     2232     459     459    1773
         311    1.6e+04      2258  2302.2  2303.5     2254     459     459    1795
         312    1.6e+04      2258  2301.8  2301.8     2253     459     459    1794
         313    1.6e+04      2258  2301.8  2303.9     2218     460     460    1758
         314    1.6e+04      2258  2301.8  2301.8     2235     459     459    1776
         315    1.6e+04      2258  2301.8    2304     2216     460     460    1756
         316    1.6e+04      2258  2301.8  2302.3     2249     459     459    1790
    *    317    1.6e+04      2260  2301.8  2303.1     2260     459     459    1801
         318    1.6e+04      2260  2301.3  2301.3     2244     459     459    1785
         319    1.6e+04      2260  2301.3  2303.5     2249     459     459    1790
         320    1.6e+04      2260  2301.3  2301.7     2220     459     459    1761
         321    1.6e+04      2260  2301.3    2303     2211     460     460    1751
         322    1.6e+04      2260  2301.3  2301.7     2238     459     459    1779
         323    1.6e+04      2260  2301.3  2303.2     2143     459     459    1684
         324    1.6e+04      2260  2301.2  2301.2     2235     458     458    1777
         325    1.6e+04      2260  2301.2  2302.7     2156     460     460    1696
         326    1.6e+04      2260  2301.2  2302.4     2202     459     459    1743
         327    1.6e+04      2260  2301.2  2303.4     2242     459     459    1783
         328    1.6e+04      2260  2301.2  2301.6     2146     460     460    1686
         329    1.6e+04      2260  2301.2  2304.2     2218     459     459    1759
         330    1.6e+04      2260  2301.2  2301.8     2242     459     459    1783
         331    1.6e+04      2260  2301.2  2303.3     2217     459     459    1758
         332    1.6e+04      2260  2301.2  2301.6     2210     459     459    1751
         333    1.6e+04      2260  2301.2  2304.3     2226     460     460    1766
         334    1.6e+04      2260  2301.2  2301.5     2209     459     459    1750
         335    1.6e+04      2260  2301.2  2302.8     2244     459     459    1785
         336    1.6e+04      2260  2301.2  2301.6     2196     460     460    1736
         337    1.6e+04      2260  2301.2  2302.7     2219     459     459    1760
         338    1.6e+04      2260    2301    2301     2158     459     459    1699
         339    1.6e+04      2260    2301  2302.9     2209     459     459    1750
         340    1.6e+04      2260    2301  2301.5     2241     458     458    1783
         341    1.6e+04      2260    2301  2302.4     2248     459     459    1789
         342    1.6e+04      2260    2301    2301     2245     459     459    1786
         343    1.6e+04      2260    2301  2302.3     2239     460     460    1779
         344    1.6e+04      2260    2301  2301.1     2256     458     458    1798
         345    1.6e+04      2260    2301  2302.6     2259     459     459    1800
         346    1.6e+04      2260  2300.9  2300.9     2260     458     458    1802
         347    1.6e+04      2260  2300.9  2302.9     2258     459     459    1799
         348    1.6e+04      2260  2300.9  2301.3     2253     459     459    1794
    *    349    1.6e+04      2261  2300.9  2302.7     2261     459     459    1802
         350    1.6e+04      2261  2300.9  2300.9     2247     459     459    1788
    *    351    1.6e+04      2264  2300.9  2302.6     2264     459     459    1805
         352    1.6e+04      2264  2300.9  2300.9     2255     459     459    1796
         353    1.6e+04      2264    2300    2300     2264     459     459    1805
         354    1.6e+04      2264    2300  2300.5     2252     459     459    1793
         355    1.6e+04      2264    2300    2303     2252     459     459    1793
         356    1.6e+04      2264    2300    2301     2261     458     458    1803
    *    357    1.6e+04      2265    2300  2302.1     2265     459     459    1806
         358    1.6e+04      2265    2300  2300.6     2239     459     459    1780
         359    1.6e+04      2265    2300  2303.1     2263     459     459    1804
         360    1.6e+04      2265    2300  2300.9     2221     459     459    1762
    *    361    1.6e+04      2266    2300  2303.2     2266     459     459    1807
         362    1.6e+04      2266    2300  2300.7     2246     459     459    1787
    *    363    1.6e+04      2267    2300  2302.6     2267     459     459    1808
         364    1.6e+04      2267    2300  2300.6     2257     458     458    1799
         365    1.6e+04      2267    2300  2302.4     2263     459     459    1804
         366    1.6e+04      2267    2300  2300.8     2254     458     458    1796
         367    1.6e+04      2267    2300  2302.7     2264     459     459    1805
         368    1.6e+04      2267    2300  2300.8     2257     458     458    1799
         369    1.6e+04      2267    2300  2302.6     2263     459     459    1804
         370    1.6e+04      2267    2300  2300.6     2252     458     458    1794
         371    1.6e+04      2267    2300  2302.7     2263     459     459    1804
         372    1.6e+04      2267    2300  2300.6     2254     458     458    1796
         373    1.6e+04      2267    2300  2302.9     2262     459     459    1803
         374    1.6e+04      2267    2300  2300.7     2250     458     458    1792
         375    1.6e+04      2267    2300  2302.7     2185     459     459    1726
         376    1.6e+04      2267    2300  2300.6     2202     459     459    1743
         377    1.6e+04      2267    2300  2303.7     2190     459     459    1731
         378    1.6e+04      2267    2300  2301.1     2187     460     460    1727
               reducing step to 0.05
         379    1.6e+04      2267 2298.35 2298.35     2154     460     460    1694
         380    1.6e+04      2267  2296.5  2296.5     2115     460     460    1655
         381    1.6e+04      2267  2296.3  2296.3     2224     458     458    1766
         382    1.6e+04      2267  2296.3  2296.3     2178     460     460    1718
         383    1.6e+04      2267  2296.3  2296.8     2259     459     459    1800
         384    1.6e+04      2267  2295.7  2295.7     2242     459     459    1783
         385    1.6e+04      2267  2295.7 2296.45     2255     459     459    1796
         386    1.6e+04      2267  2295.7    2296     2217     458     458    1759
         387    1.6e+04      2267  2295.7  2296.5     2259     459     459    1800
         388    1.6e+04      2267  2295.5  2295.5     2237     459     459    1778
         389    1.6e+04      2267  2295.5 2296.35     2258     459     459    1799
         390    1.6e+04      2267  2295.5  2295.5     2257     459     459    1798
         391    1.6e+04      2267  2295.4  2295.4     2265     459     459    1806
    *    392    1.6e+04      2275  2295.4 2295.55     2275     459     459    1816
         393    1.6e+04      2275  2295.3  2295.3     2241     459     459    1782
         394    1.6e+04      2275  2295.3  2296.6     2267     459     459    1808
         395    1.6e+04      2275  2295.3  2295.5     2265     459     459    1806
         396    1.6e+04      2275  2295.3 2295.45     2270     459     459    1811
         397    1.6e+04      2275 2295.25 2295.25     2264     459     459    1805
         398    1.6e+04      2275 2295.25  2295.6     2271     459     459    1812
         399    1.6e+04      2275 2295.25  2295.4     2260     459     459    1801
         400    1.6e+04      2275 2295.25 2295.45     2271     459     459    1812
         401    1.6e+04      2275 2295.25 2295.55     2263     459     459    1804
         402    1.6e+04      2275 2295.25  2295.4     2269     459     459    1810
         403    1.6e+04      2275 2295.25  2295.4     2263     459     459    1804
         404    1.6e+04      2275 2295.25 2295.55     2267     459     459    1808
         405    1.6e+04      2275 2295.25  2295.4     2261     459     459    1802
         406    1.6e+04      2275 2295.25  2295.7     2267     459     459    1808
         407    1.6e+04      2275 2295.25 2295.35     2265     459     459    1806
         408    1.6e+04      2275 2295.25 2295.35     2271     459     459    1812
         409    1.6e+04      2275 2295.25 2295.35     2261     459     459    1802
         410    1.6e+04      2275 2295.25  2295.5     2264     459     459    1805
         411    1.6e+04      2275 2295.25  2295.4     2263     459     459    1804
         412    1.6e+04      2275 2295.25  2295.6     2266     459     459    1807
         413    1.6e+04      2275 2295.25 2295.45     2265     459     459    1806
         414    1.6e+04      2275 2295.25  2295.4     2269     459     459    1810
         415    1.6e+04      2275 2295.25  2295.5     2263     459     459    1804
         416    1.6e+04      2275 2295.25 2295.25     2269     459     459    1810
         417    1.6e+04      2275 2295.25 2295.55     2263     459     459    1804
         418    1.6e+04      2275 2295.25 2295.25     2268     459     459    1809
         419    1.6e+04      2275 2295.25 2295.45     2264     459     459    1805
         420    1.6e+04      2275 2295.25  2295.3     2266     459     459    1807
         421    1.6e+04      2275 2295.25  2295.5     2261     459     459    1802
         422    1.6e+04      2275 2295.25  2295.5     2260     459     459    1801
         423    1.6e+04      2275 2295.25 2295.65     2253     459     459    1794
         424    1.6e+04      2275 2295.25  2295.3     2267     459     459    1808
         425    1.6e+04      2275 2295.25  2295.5     2264     459     459    1805
         426    1.6e+04      2275 2295.25 2295.35     2267     459     459    1808
         427    1.6e+04      2275 2295.25  2295.5     2263     459     459    1804
         428    1.6e+04      2275 2295.25 2295.25     2272     459     459    1813
         429    1.6e+04      2275 2295.25 2295.35     2266     459     459    1807
         430    1.6e+04      2275 2295.25 2295.35     2267     459     459    1808
         431    1.6e+04      2275 2295.25  2295.7     2263     459     459    1804
         432    1.6e+04      2275 2295.05 2295.05     2269     459     459    1810
         433    1.6e+04      2275 2295.05  2295.6     2266     459     459    1807
         434    1.6e+04      2275 2295.05  2295.3     2268     459     459    1809
         435    1.6e+04      2275 2295.05  2295.5     2263     459     459    1804
         436    1.6e+04      2275 2295.05 2295.25     2266     459     459    1807
         437    1.6e+04      2275 2295.05  2295.6     2263     459     459    1804
         438    1.6e+04      2275 2295.05 2295.25     2268     459     459    1809
         439    1.6e+04      2275 2295.05  2295.5     2265     459     459    1806
         440    1.6e+04      2275 2295.05  2295.3     2266     459     459    1807
         441    1.6e+04      2275 2295.05  2295.6     2265     459     459    1806
         442    1.6e+04      2275 2295.05  2295.3     2268     459     459    1809
         443    1.6e+04      2275 2295.05 2295.55     2263     459     459    1804
         444    1.6e+04      2275 2295.05  2295.2     2265     459     459    1806
         445    1.6e+04      2275 2295.05  2295.5     2263     459     459    1804
         446    1.6e+04      2275 2295.05 2295.25     2270     459     459    1811
         447    1.6e+04      2275 2295.05  2295.5     2265     459     459    1806
         448    1.6e+04      2275 2295.05 2295.15     2269     459     459    1810
         449    1.6e+04      2275 2295.05  2295.6     2263     459     459    1804
         450    1.6e+04      2275 2295.05  2295.1     2271     459     459    1812
         451    1.6e+04      2275 2295.05 2295.65     2262     459     459    1803
         452    1.6e+04      2275 2295.05 2295.15     2266     459     459    1807
         453    1.6e+04      2275 2295.05  2295.4     2253     459     459    1794
         454    1.6e+04      2275 2295.05  2295.5     2269     459     459    1810
         455    1.6e+04      2275 2295.05 2295.15     2261     459     459    1802
         456    1.6e+04      2275 2295.05 2295.45     2263     459     459    1804
         457    1.6e+04      2275 2295.05  2295.4     2264     459     459    1805
               reducing step to 0.025
         458    1.6e+04      2275 2293.97 2293.97     2260     459     459    1801
         459    1.6e+04      2275 2293.37 2293.37     2269     459     459    1810
    *    460    1.6e+04      2276 2293.37 2293.42     2276     459     459    1817
         461    1.6e+04      2276 2293.35 2293.35     2272     459     459    1813
         462    1.6e+04      2276 2293.35 2293.35     2273     459     459    1814
         463    1.6e+04      2276  2293.3  2293.3     2269     459     459    1810
         464    1.6e+04      2276  2293.3  2293.3     2270     459     459    1811
         465    1.6e+04      2276  2293.3  2293.3     2265     459     459    1806
         466    1.6e+04      2276  2293.3 2293.42     2268     459     459    1809
         467    1.6e+04      2276  2293.3 2293.35     2265     459     459    1806
         468    1.6e+04      2276  2293.3  2293.4     2270     459     459    1811
         469    1.6e+04      2276 2293.27 2293.27     2270     459     459    1811
         470    1.6e+04      2276 2293.27 2293.47     2271     459     459    1812
         471    1.6e+04      2276 2293.25 2293.25     2269     459     459    1810
         472    1.6e+04      2276 2293.25 2293.35     2269     459     459    1810
         473    1.6e+04      2276 2293.17 2293.17     2267     459     459    1808
         474    1.6e+04      2276 2293.17 2293.52     2271     459     459    1812
         475    1.6e+04      2276 2293.17 2293.25     2270     459     459    1811
         476    1.6e+04      2276 2293.17 2293.55     2266     459     459    1807
         477    1.6e+04      2276 2293.17 2293.27     2265     459     459    1806
         478    1.6e+04      2276 2293.17 2293.35     2270     459     459    1811
         479    1.6e+04      2276 2293.17  2293.4     2265     459     459    1806
         480    1.6e+04      2276 2293.17 2293.37     2267     459     459    1808
         481    1.6e+04      2276 2293.17  2293.3     2267     459     459    1808
         482    1.6e+04      2276 2293.17 2293.42     2267     459     459    1808
         483    1.6e+04      2276 2293.17 2293.32     2265     459     459    1806
         484    1.6e+04      2276 2293.17 2293.35     2269     459     459    1810
         485    1.6e+04      2276 2293.17 2293.42     2268     459     459    1809
         486    1.6e+04      2276 2293.17 2293.37     2267     459     459    1808
         487    1.6e+04      2276 2293.17 2293.35     2264     459     459    1805
         488    1.6e+04      2276 2293.17 2293.45     2268     459     459    1809
         489    1.6e+04      2276 2293.17 2293.35     2263     459     459    1804
         490    1.6e+04      2276 2293.17 2293.52     2268     459     459    1809
         491    1.6e+04      2276 2293.17 2293.17     2267     459     459    1808
         492    1.6e+04      2276 2293.17 2293.37     2270     459     459    1811
         493    1.6e+04      2276 2293.17 2293.42     2266     459     459    1807
         494    1.6e+04      2276 2293.17 2293.37     2269     459     459    1810
         495    1.6e+04      2276 2293.17  2293.5     2267     459     459    1808
         496    1.6e+04      2276 2293.17 2293.32     2272     459     459    1813
         497    1.6e+04      2276 2293.17 2293.22     2265     459     459    1806
         498    1.6e+04      2276 2293.17 2293.35     2267     459     459    1808
               reducing step to 0.0125
         499    1.6e+04      2276 2292.86 2292.86     2266     459     459    1807
         500    1.6e+04      2276  2292.4  2292.4     2269     459     459    1810
         501    1.6e+04      2276  2292.4 2292.47     2271     459     459    1812
         502    1.6e+04      2276 2292.37 2292.37     2266     459     459    1807
         503    1.6e+04      2276 2292.37 2292.46     2272     459     459    1813
         504    1.6e+04      2276 2292.34 2292.34     2269     459     459    1810
         505    1.6e+04      2276 2292.34 2292.46     2272     459     459    1813
         506    1.6e+04      2276 2292.31 2292.31     2270     459     459    1811
         507    1.6e+04      2276 2292.31 2292.51     2271     459     459    1812
         508    1.6e+04      2276 2292.31 2292.32     2268     459     459    1809
         509    1.6e+04      2276 2292.31 2292.43     2272     459     459    1813
         510    1.6e+04      2276 2292.31 2292.36     2270     459     459    1811
         511    1.6e+04      2276 2292.31  2292.5     2271     459     459    1812
         512    1.6e+04      2276  2292.3  2292.3     2268     459     459    1809
         513    1.6e+04      2276  2292.3 2292.45     2271     459     459    1812
         514    1.6e+04      2276  2292.3 2292.34     2270     459     459    1811
         515    1.6e+04      2276  2292.3 2292.46     2272     459     459    1813
         516    1.6e+04      2276  2292.3 2292.32     2272     459     459    1813
         517    1.6e+04      2276  2292.3  2292.4     2272     459     459    1813
         518    1.6e+04      2276  2292.3  2292.3     2267     459     459    1808
         519    1.6e+04      2276  2292.3 2292.46     2271     459     459    1812
         520    1.6e+04      2276  2292.3 2292.36     2266     459     459    1807
         521    1.6e+04      2276  2292.3 2292.35     2269     459     459    1810
         522    1.6e+04      2276  2292.3  2292.4     2266     459     459    1807
         523    1.6e+04      2276  2292.3 2292.49     2268     459     459    1809
         524    1.6e+04      2276  2292.3  2292.4     2267     459     459    1808
         525    1.6e+04      2276  2292.3 2292.45     2270     459     459    1811
         526    1.6e+04      2276  2292.3 2292.34     2267     459     459    1808
         527    1.6e+04      2276  2292.3  2292.4     2264     459     459    1805
         528    1.6e+04      2276  2292.3 2292.47     2267     459     459    1808
         529    1.6e+04      2276  2292.3 2292.41     2270     459     459    1811
         530    1.6e+04      2276  2292.3 2292.35     2265     459     459    1806
         531    1.6e+04      2276  2292.3 2292.51     2268     459     459    1809
         532    1.6e+04      2276  2292.3 2292.34     2264     459     459    1805
         533    1.6e+04      2276  2292.3 2292.46     2269     459     459    1810
         534    1.6e+04      2276  2292.3 2292.34     2268     459     459    1809
         535    1.6e+04      2276  2292.3  2292.4     2270     459     459    1811
         536    1.6e+04      2276  2292.3  2292.3     2261     459     459    1802
         537    1.6e+04      2276  2292.3 2292.46     2265     459     459    1806
         538    1.6e+04      2276  2292.3 2292.42     2267     459     459    1808
         539    1.6e+04      2276  2292.3 2292.45     2268     459     459    1809
         540    1.6e+04      2276  2292.3 2292.44     2265     459     459    1806
         541    1.6e+04      2276  2292.3 2292.44     2263     459     459    1804
         542    1.6e+04      2276  2292.3 2292.44     2269     459     459    1810
         543    1.6e+04      2276  2292.3  2292.4     2264     459     459    1805
               reducing step to 0.00625
         544    1.6e+04      2276 2292.08 2292.08     2270     459     459    1811
         545    1.6e+04      2276 2291.96 2291.96     2273     459     459    1814
         546    1.6e+04      2276 2291.86 2291.86     2273     459     459    1814
         547    1.6e+04      2276 2291.86 2291.88     2271     459     459    1812
         548    1.6e+04      2276 2291.86 2291.94     2272     459     459    1813
         549    1.6e+04      2276 2291.85 2291.85     2271     459     459    1812
         550    1.6e+04      2276 2291.85 2291.92     2271     459     459    1812
         551    1.6e+04      2276 2291.83 2291.83     2270     459     459    1811
         552    1.6e+04      2276 2291.83 2291.95     2269     459     459    1810
         553    1.6e+04      2276 2291.83 2291.84     2272     459     459    1813
         554    1.6e+04      2276 2291.83 2291.93     2271     459     459    1812
         555    1.6e+04      2276 2291.83 2291.84     2265     459     459    1806
         556    1.6e+04      2276 2291.83 2291.94     2265     459     459    1806
         557    1.6e+04      2276 2291.83 2291.88     2272     459     459    1813
         558    1.6e+04      2276 2291.83 2291.91     2274     459     459    1815
         559    1.6e+04      2276 2291.83 2291.83     2269     459     459    1810
         560    1.6e+04      2276 2291.83 2291.94     2265     459     459    1806
         561    1.6e+04      2276 2291.83 2291.87     2266     459     459    1807
         562    1.6e+04      2276 2291.83 2291.94     2271     459     459    1812
         563    1.6e+04      2276 2291.83 2291.84     2269     459     459    1810
         564    1.6e+04      2276 2291.83 2291.92     2268     459     459    1809
         565    1.6e+04      2276 2291.83 2291.86     2270     459     459    1811
         566    1.6e+04      2276 2291.83 2291.92     2270     459     459    1811
         567    1.6e+04      2276 2291.83 2291.83     2268     459     459    1809
         568    1.6e+04      2276 2291.83 2291.97     2266     459     459    1807
         569    1.6e+04      2276 2291.83 2291.84     2264     459     459    1805
         570    1.6e+04      2276 2291.83 2291.92     2270     459     459    1811
         571    1.6e+04      2276 2291.83 2291.87     2265     459     459    1806
         572    1.6e+04      2276 2291.83 2291.95     2267     459     459    1808
         573    1.6e+04      2276 2291.82 2291.82     2269     459     459    1810
         574    1.6e+04      2276 2291.82 2291.96     2267     459     459    1808
         575    1.6e+04      2276 2291.82 2291.86     2265     459     459    1806
         576    1.6e+04      2276 2291.82 2291.92     2270     459     459    1811
         577    1.6e+04      2276 2291.82 2291.87     2265     459     459    1806
         578    1.6e+04      2276 2291.82 2291.95     2267     459     459    1808
         579    1.6e+04      2276 2291.82 2291.82     2268     459     459    1809
         580    1.6e+04      2276 2291.82 2291.96     2267     459     459    1808
         581    1.6e+04      2276 2291.82 2291.86     2265     459     459    1806
         582    1.6e+04      2276 2291.82 2291.92     2271     459     459    1812
         583    1.6e+04      2276 2291.82 2291.86     2265     459     459    1806
         584    1.6e+04      2276 2291.82 2291.94     2267     459     459    1808
         585    1.6e+04      2276 2291.82 2291.82     2268     459     459    1809
         586    1.6e+04      2276 2291.82 2291.95     2267     459     459    1808
         587    1.6e+04      2276 2291.82 2291.86     2265     459     459    1806
         588    1.6e+04      2276 2291.82 2291.92     2271     459     459    1812
         589    1.6e+04      2276 2291.82 2291.86     2265     459     459    1806
         590    1.6e+04      2276 2291.82 2291.93     2267     459     459    1808
         591    1.6e+04      2276 2291.82 2291.82     2269     459     459    1810
         592    1.6e+04      2276 2291.82 2291.96     2268     459     459    1809
         593    1.6e+04      2276 2291.82 2291.84     2265     459     459    1806
         594    1.6e+04      2276 2291.82 2291.93     2271     459     459    1812
         595    1.6e+04      2276 2291.82 2291.86     2268     459     459    1809
         596    1.6e+04      2276 2291.82 2291.94     2267     459     459    1808
         597    1.6e+04      2276 2291.82 2291.84     2266     459     459    1807
         598    1.6e+04      2276 2291.82 2291.95     2267     459     459    1808
         599    1.6e+04      2276 2291.82 2291.85     2267     459     459    1808
         600    1.6e+04      2276 2291.82 2291.97     2268     459     459    1809
         601    1.6e+04      2276 2291.82 2291.82     2268     459     459    1809
         602    1.6e+04      2276 2291.82 2291.94     2269     459     459    1810
         603    1.6e+04      2276 2291.82 2291.87     2265     459     459    1806
         604    1.6e+04      2276 2291.82 2291.91     2269     459     459    1810
               reducing step to 0.003125
         605    1.6e+04      2276 2291.74 2291.74     2270     459     459    1811
         606    1.6e+04      2276 2291.67 2291.67     2275     459     459    1816
         607    1.6e+04      2276 2291.67  2291.7     2272     459     459    1813
         608    1.6e+04      2276 2291.64 2291.64     2275     459     459    1816
         609    1.6e+04      2276 2291.64 2291.69     2276     459     459    1817
         610    1.6e+04      2276 2291.64 2291.65     2270     459     459    1811
         611    1.6e+04      2276 2291.64 2291.67     2266     459     459    1807
         612    1.6e+04      2276 2291.64 2291.67     2272     459     459    1813
         613    1.6e+04      2276 2291.64 2291.67     2269     459     459    1810
         614    1.6e+04      2276 2291.64 2291.65     2271     459     459    1812
         615    1.6e+04      2276 2291.64 2291.68     2268     459     459    1809
         616    1.6e+04      2276 2291.64 2291.67     2269     459     459    1810
         617    1.6e+04      2276 2291.64 2291.66     2270     459     459    1811
         618    1.6e+04      2276 2291.64 2291.65     2272     459     459    1813
         619    1.6e+04      2276 2291.64 2291.68     2268     459     459    1809
         620    1.6e+04      2276 2291.64 2291.64     2267     459     459    1808
         621    1.6e+04      2276 2291.64 2291.68     2265     459     459    1806
         622    1.6e+04      2276 2291.64 2291.67     2270     459     459    1811
         623    1.6e+04      2276 2291.64 2291.66     2266     459     459    1807
         624    1.6e+04      2276 2291.64 2291.66     2269     459     459    1810
         625    1.6e+04      2276 2291.64 2291.68     2268     459     459    1809
         626    1.6e+04      2276 2291.64 2291.64     2267     459     459    1808
         627    1.6e+04      2276 2291.64 2291.67     2269     459     459    1810
         628    1.6e+04      2276 2291.64 2291.66     2270     459     459    1811
         629    1.6e+04      2276 2291.64 2291.67     2266     459     459    1807
         630    1.6e+04      2276 2291.64 2291.65     2270     459     459    1811
         631    1.6e+04      2276 2291.64 2291.67     2268     459     459    1809
         632    1.6e+04      2276 2291.64 2291.64     2266     459     459    1807
         633    1.6e+04      2276 2291.64 2291.68     2268     459     459    1809
         634    1.6e+04      2276 2291.64 2291.65     2270     459     459    1811
         635    1.6e+04      2276 2291.64 2291.66     2267     459     459    1808
         636    1.6e+04      2276 2291.64 2291.65     2269     459     459    1810
         637    1.6e+04      2276 2291.64 2291.67     2268     459     459    1809
         638    1.6e+04      2276 2291.63 2291.63     2267     459     459    1808
         639    1.6e+04      2276 2291.63 2291.67     2268     459     459    1809
         640    1.6e+04      2276 2291.63 2291.66     2270     459     459    1811
         641    1.6e+04      2276 2291.63 2291.66     2267     459     459    1808
         642    1.6e+04      2276 2291.63 2291.64     2271     459     459    1812
         643    1.6e+04      2276 2291.63 2291.68     2268     459     459    1809
         644    1.6e+04      2276 2291.63 2291.63     2267     459     459    1808
         645    1.6e+04      2276 2291.63 2291.67     2269     459     459    1810
         646    1.6e+04      2276 2291.63 2291.65     2270     459     459    1811
         647    1.6e+04      2276 2291.63 2291.66     2267     459     459    1808
         648    1.6e+04      2276 2291.63 2291.64     2271     459     459    1812
         649    1.6e+04      2276 2291.63 2291.68     2268     459     459    1809
         650    1.6e+04      2276 2291.63 2291.63     2267     459     459    1808
         651    1.6e+04      2276 2291.63 2291.67     2269     459     459    1810
         652    1.6e+04      2276 2291.63 2291.66     2270     459     459    1811
         653    1.6e+04      2276 2291.63 2291.66     2267     459     459    1808
         654    1.6e+04      2276 2291.63 2291.64     2270     459     459    1811
         655    1.6e+04      2276 2291.63 2291.67     2268     459     459    1809
         656    1.6e+04      2276 2291.63 2291.63     2267     459     459    1808
         657    1.6e+04      2276 2291.63 2291.67     2268     459     459    1809
         658    1.6e+04      2276 2291.63 2291.65     2270     459     459    1811
         659    1.6e+04      2276 2291.63 2291.66     2267     459     459    1808
         660    1.6e+04      2276 2291.63 2291.64     2270     459     459    1811
         661    1.6e+04      2276 2291.63 2291.67     2268     459     459    1809
         662    1.6e+04      2276 2291.63 2291.63     2270     459     459    1811
         663    1.6e+04      2276 2291.63 2291.68     2263     459     459    1804
         664    1.6e+04      2276 2291.63 2291.66     2266     459     459    1807
         665    1.6e+04      2276 2291.63 2291.67     2269     459     459    1810
         666    1.6e+04      2276 2291.63 2291.66     2270     459     459    1811
         667    1.6e+04      2276 2291.63 2291.65     2268     459     459    1809
         668    1.6e+04      2276 2291.63 2291.65     2268     459     459    1809
         669    1.6e+04      2276 2291.63 2291.69     2264     459     459    1805
         670    1.6e+04      2276 2291.63 2291.65     2268     459     459    1809
         671    1.6e+04      2276 2291.63 2291.68     2265     459     459    1806
         672    1.6e+04      2276 2291.63 2291.65     2268     459     459    1809
         673    1.6e+04      2276 2291.63 2291.67     2265     459     459    1806
         674    1.6e+04      2276 2291.63 2291.66     2269     459     459    1810
         675    1.6e+04      2276 2291.63 2291.67     2261     459     459    1802
               reducing step to 0.0015625
         676    1.6e+04      2276  2291.6  2291.6     2275     459     459    1816
         677    1.6e+04      2276 2291.54 2291.54     2274     459     459    1815
         678    1.6e+04      2276 2291.54 2291.56     2275     459     459    1816
         679    1.6e+04      2276 2291.54 2291.55     2270     459     459    1811
         680    1.6e+04      2276 2291.54 2291.56     2273     459     459    1814
         681    1.6e+04      2276 2291.54 2291.54     2268     459     459    1809
         682    1.6e+04      2276 2291.54 2291.55     2270     459     459    1811
         683    1.6e+04      2276 2291.54 2291.54     2267     459     459    1808
         684    1.6e+04      2276 2291.54 2291.56     2275     459     459    1816
         685    1.6e+04      2276 2291.53 2291.53     2271     459     459    1812
         686    1.6e+04      2276 2291.53 2291.56     2269     459     459    1810
         687    1.6e+04      2276 2291.53 2291.54     2269     459     459    1810
         688    1.6e+04      2276 2291.53 2291.56     2272     459     459    1813
         689    1.6e+04      2276 2291.53 2291.54     2268     459     459    1809
         690    1.6e+04      2276 2291.53 2291.56     2268     459     459    1809
         691    1.6e+04      2276 2291.53 2291.54     2269     459     459    1810
         692    1.6e+04      2276 2291.53 2291.55     2270     459     459    1811
         693    1.6e+04      2276 2291.53 2291.54     2267     459     459    1808
         694    1.6e+04      2276 2291.53 2291.56     2271     459     459    1812
         695    1.6e+04      2276 2291.53 2291.54     2267     459     459    1808
         696    1.6e+04      2276 2291.53 2291.55     2268     459     459    1809
         697    1.6e+04      2276 2291.53 2291.54     2264     459     459    1805
         698    1.6e+04      2276 2291.53 2291.56     2270     459     459    1811
         699    1.6e+04      2276 2291.53 2291.53     2267     459     459    1808
         700    1.6e+04      2276 2291.53 2291.56     2270     459     459    1811
         701    1.6e+04      2276 2291.53 2291.54     2267     459     459    1808
         702    1.6e+04      2276 2291.53 2291.55     2265     459     459    1806
         703    1.6e+04      2276 2291.53 2291.55     2266     459     459    1807
         704    1.6e+04      2276 2291.53 2291.55     2269     459     459    1810
         705    1.6e+04      2276 2291.53 2291.53     2269     459     459    1810
         706    1.6e+04      2276 2291.53 2291.56     2266     459     459    1807
         707    1.6e+04      2276 2291.53 2291.54     2265     459     459    1806
         708    1.6e+04      2276 2291.53 2291.55     2270     459     459    1811
         709    1.6e+04      2276 2291.53 2291.53     2266     459     459    1807
         710    1.6e+04      2276 2291.53 2291.56     2270     459     459    1811
         711    1.6e+04      2276 2291.53 2291.54     2264     459     459    1805
         712    1.6e+04      2276 2291.53 2291.55     2268     459     459    1809
         713    1.6e+04      2276 2291.53 2291.55     2270     459     459    1811
         714    1.6e+04      2276 2291.53 2291.55     2270     459     459    1811
         715    1.6e+04      2276 2291.53 2291.53     2262     459     459    1803
         716    1.6e+04      2276 2291.53 2291.56     2269     459     459    1810
         717    1.6e+04      2276 2291.53 2291.54     2264     459     459    1805
         718    1.6e+04      2276 2291.53 2291.55     2268     459     459    1809
         719    1.6e+04      2276 2291.53 2291.54     2268     459     459    1809
         720    1.6e+04      2276 2291.53 2291.56     2270     459     459    1811
         721    1.6e+04      2276 2291.53 2291.54     2262     459     459    1803
         722    1.6e+04      2276 2291.53 2291.55     2269     459     459    1810
         723    1.6e+04      2276 2291.53 2291.54     2263     459     459    1804
         724    1.6e+04      2276 2291.53 2291.55     2269     459     459    1810
         725    1.6e+04      2276 2291.53 2291.54     2268     459     459    1809
         726    1.6e+04      2276 2291.53 2291.55     2270     459     459    1811
         727    1.6e+04      2276 2291.53 2291.53     2262     459     459    1803
         728    1.6e+04      2276 2291.53 2291.55     2269     459     459    1810
         729    1.6e+04      2276 2291.53 2291.54     2264     459     459    1805
         730    1.6e+04      2276 2291.53 2291.55     2266     459     459    1807
         731    1.6e+04      2276 2291.53 2291.53     2269     459     459    1810
         732    1.6e+04      2276 2291.53 2291.55     2271     459     459    1812
         733    1.6e+04      2276 2291.53 2291.53     2265     459     459    1806
         734    1.6e+04      2276 2291.53 2291.55     2269     459     459    1810
         735    1.6e+04      2276 2291.53 2291.54     2267     459     459    1808
         736    1.6e+04      2276 2291.53 2291.55     2267     459     459    1808
         737    1.6e+04      2276 2291.53 2291.54     2266     459     459    1807
         738    1.6e+04      2276 2291.53 2291.55     2269     459     459    1810
         739    1.6e+04      2276 2291.53 2291.54     2263     459     459    1804
         740    1.6e+04      2276 2291.53 2291.55     2270     459     459    1811
               reducing step to 0.00078125
         741    1.6e+04      2276 2291.51 2291.51     2270     459     459    1811
    *    742    1.6e+04      2277 2291.49 2291.49     2277     459     459    1818
         743    1.6e+04      2277 2291.49  2291.5     2275     459     459    1816
         744    1.6e+04      2277 2291.49 2291.49     2276     459     459    1817
         745    1.6e+04      2277 2291.49 2291.49     2276     459     459    1817
         746    1.6e+04      2277 2291.48 2291.48     2272     459     459    1813
         747    1.6e+04      2277 2291.48 2291.49     2274     459     459    1815
         748    1.6e+04      2277 2291.48 2291.49     2271     459     459    1812
         749    1.6e+04      2277 2291.48 2291.49     2268     459     459    1809
         750    1.6e+04      2277 2291.48 2291.49     2271     459     459    1812
         751    1.6e+04      2277 2291.48 2291.49     2273     459     459    1814
         752    1.6e+04      2277 2291.48 2291.49     2268     459     459    1809
         753    1.6e+04      2277 2291.48 2291.49     2270     459     459    1811
         754    1.6e+04      2277 2291.48 2291.48     2270     459     459    1811
         755    1.6e+04      2277 2291.48 2291.49     2273     459     459    1814
         756    1.6e+04      2277 2291.48 2291.49     2267     459     459    1808
         757    1.6e+04      2277 2291.48 2291.49     2268     459     459    1809
         758    1.6e+04      2277 2291.48 2291.49     2269     459     459    1810
         759    1.6e+04      2277 2291.48 2291.49     2271     459     459    1812
         760    1.6e+04      2277 2291.48 2291.48     2269     459     459    1810
         761    1.6e+04      2277 2291.48 2291.49     2269     459     459    1810
         762    1.6e+04      2277 2291.48 2291.49     2268     459     459    1809
         763    1.6e+04      2277 2291.48 2291.48     2272     459     459    1813
         764    1.6e+04      2277 2291.48 2291.49     2272     459     459    1813
         765    1.6e+04      2277 2291.48 2291.49     2270     459     459    1811
         766    1.6e+04      2277 2291.48 2291.49     2269     459     459    1810
         767    1.6e+04      2277 2291.48 2291.49     2267     459     459    1808
         768    1.6e+04      2277 2291.48 2291.49     2267     459     459    1808
         769    1.6e+04      2277 2291.48 2291.49     2272     459     459    1813
         770    1.6e+04      2277 2291.48 2291.48     2270     459     459    1811
         771    1.6e+04      2277 2291.48 2291.49     2266     459     459    1807
         772    1.6e+04      2277 2291.48 2291.49     2269     459     459    1810
         773    1.6e+04      2277 2291.48 2291.49     2272     459     459    1813
         774    1.6e+04      2277 2291.48 2291.48     2270     459     459    1811
         775    1.6e+04      2277 2291.48 2291.49     2268     459     459    1809
         776    1.6e+04      2277 2291.48 2291.49     2266     459     459    1807
         777    1.6e+04      2277 2291.48 2291.49     2268     459     459    1809
         778    1.6e+04      2277 2291.48 2291.48     2265     459     459    1806
         779    1.6e+04      2277 2291.48 2291.49     2268     459     459    1809
         780    1.6e+04      2277 2291.48 2291.48     2272     459     459    1813
         781    1.6e+04      2277 2291.48 2291.49     2270     459     459    1811
         782    1.6e+04      2277 2291.48 2291.48     2266     459     459    1807
         783    1.6e+04      2277 2291.48 2291.49     2271     459     459    1812
         784    1.6e+04      2277 2291.48 2291.49     2268     459     459    1809
         785    1.6e+04      2277 2291.48 2291.49     2266     459     459    1807
         786    1.6e+04      2277 2291.48 2291.48     2271     459     459    1812
         787    1.6e+04      2277 2291.48 2291.49     2270     459     459    1811
         788    1.6e+04      2277 2291.48 2291.48     2266     459     459    1807
         789    1.6e+04      2277 2291.48 2291.49     2272     459     459    1813
         790    1.6e+04      2277 2291.48 2291.49     2268     459     459    1809
         791    1.6e+04      2277 2291.48 2291.49     2269     459     459    1810
         792    1.6e+04      2277 2291.48 2291.48     2272     459     459    1813
         793    1.6e+04      2277 2291.48 2291.49     2265     459     459    1806
         794    1.6e+04      2277 2291.48 2291.49     2269     459     459    1810
         795    1.6e+04      2277 2291.48 2291.48     2270     459     459    1811
         796    1.6e+04      2277 2291.48 2291.49     2267     459     459    1808
         797    1.6e+04      2277 2291.48 2291.49     2269     459     459    1810
         798    1.6e+04      2277 2291.48 2291.48     2266     459     459    1807
         799    1.6e+04      2277 2291.48 2291.49     2270     459     459    1811
               reducing step to 0.000390625
    *    800    1.6e+04      2278 2291.47 2291.47     2278     459     459    1819
         801    1.6e+04      2278 2291.46 2291.46     2272     459     459    1813
    *    802    1.6e+04      2279 2291.46 2291.46     2279     459     459    1820
         803    1.6e+04      2279 2291.45 2291.45     2272     459     459    1813
         804    1.6e+04      2279 2291.45 2291.46     2276     459     459    1817
         805    1.6e+04      2279 2291.45 2291.46     2272     459     459    1813
         806    1.6e+04      2279 2291.45 2291.46     2274     459     459    1815
         807    1.6e+04      2279 2291.45 2291.46     2270     459     459    1811
         808    1.6e+04      2279 2291.45 2291.46     2271     459     459    1812
         809    1.6e+04      2279 2291.45 2291.46     2264     459     459    1805
         810    1.6e+04      2279 2291.45 2291.46     2273     459     459    1814
         811    1.6e+04      2279 2291.45 2291.46     2266     459     459    1807
         812    1.6e+04      2279 2291.45 2291.46     2270     459     459    1811
         813    1.6e+04      2279 2291.45 2291.46     2269     459     459    1810
         814    1.6e+04      2279 2291.45 2291.46     2273     459     459    1814
         815    1.6e+04      2279 2291.45 2291.46     2264     459     459    1805
         816    1.6e+04      2279 2291.45 2291.46     2273     459     459    1814
         817    1.6e+04      2279 2291.45 2291.45     2264     459     459    1805
         818    1.6e+04      2279 2291.45 2291.46     2269     459     459    1810
         819    1.6e+04      2279 2291.45 2291.46     2269     459     459    1810
         820    1.6e+04      2279 2291.45 2291.46     2268     459     459    1809
         821    1.6e+04      2279 2291.45 2291.46     2265     459     459    1806
         822    1.6e+04      2279 2291.45 2291.46     2275     459     459    1816
         823    1.6e+04      2279 2291.45 2291.45     2265     459     459    1806
         824    1.6e+04      2279 2291.45 2291.46     2268     459     459    1809
         825    1.6e+04      2279 2291.45 2291.46     2268     459     459    1809
         826    1.6e+04      2279 2291.45 2291.46     2272     459     459    1813
         827    1.6e+04      2279 2291.45 2291.46     2269     459     459    1810
         828    1.6e+04      2279 2291.45 2291.46     2270     459     459    1811
               reducing step to 0.000195313
         829    1.6e+04      2279 2291.45 2291.45     2278     459     459    1819
         830    1.6e+04      2279 2291.44 2291.44     2273     459     459    1814
         831    1.6e+04      2279 2291.44 2291.45     2273     459     459    1814
         832    1.6e+04      2279 2291.44 2291.44     2273     459     459    1814
         833    1.6e+04      2279 2291.44 2291.45     2271     459     459    1812
         834    1.6e+04      2279 2291.44 2291.44     2272     459     459    1813
         835    1.6e+04      2279 2291.44 2291.45     2274     459     459    1815
         836    1.6e+04      2279 2291.44 2291.44     2272     459     459    1813
         837    1.6e+04      2279 2291.44 2291.45     2267     459     459    1808
         838    1.6e+04      2279 2291.44 2291.44     2273     459     459    1814
         839    1.6e+04      2279 2291.44 2291.45     2268     459     459    1809
         840    1.6e+04      2279 2291.44 2291.44     2271     459     459    1812
         841    1.6e+04      2279 2291.44 2291.44     2270     459     459    1811
         842    1.6e+04      2279 2291.44 2291.44     2271     459     459    1812
         843    1.6e+04      2279 2291.44 2291.44     2267     459     459    1808
         844    1.6e+04      2279 2291.44 2291.44     2266     459     459    1807
         845    1.6e+04      2279 2291.44 2291.45     2268     459     459    1809
         846    1.6e+04      2279 2291.44 2291.44     2267     459     459    1808
         847    1.6e+04      2279 2291.44 2291.45     2271     459     459    1812
         848    1.6e+04      2279 2291.44 2291.44     2264     459     459    1805
         849    1.6e+04      2279 2291.44 2291.45     2269     459     459    1810
         850    1.6e+04      2279 2291.44 2291.44     2272     459     459    1813
         851    1.6e+04      2279 2291.44 2291.45     2269     459     459    1810
         852    1.6e+04      2279 2291.44 2291.44     2267     459     459    1808
         853    1.6e+04      2279 2291.44 2291.45     2269     459     459    1810
         854    1.6e+04      2279 2291.44 2291.44     2265     459     459    1806
         855    1.6e+04      2279 2291.44 2291.45     2269     459     459    1810
         856    1.6e+04      2279 2291.44 2291.44     2272     459     459    1813
         857    1.6e+04      2279 2291.44 2291.45     2272     459     459    1813
         858    1.6e+04      2279 2291.44 2291.44     2268     459     459    1809
         859    1.6e+04      2279 2291.44 2291.45     2269     459     459    1810
         860    1.6e+04      2279 2291.44 2291.44     2265     459     459    1806
         861    1.6e+04      2279 2291.44 2291.45     2268     459     459    1809
         862    1.6e+04      2279 2291.44 2291.44     2270     459     459    1811
         863    1.6e+04      2279 2291.44 2291.44     2264     459     459    1805
         864    1.6e+04      2279 2291.44 2291.44     2266     459     459    1807
         865    1.6e+04      2279 2291.44 2291.45     2270     459     459    1811
         866    1.6e+04      2279 2291.44 2291.44     2268     459     459    1809
         867    1.6e+04      2279 2291.44 2291.44     2266     459     459    1807
         868    1.6e+04      2279 2291.44 2291.44     2267     459     459    1808
         869    1.6e+04      2279 2291.44 2291.45     2268     459     459    1809
         870    1.6e+04      2279 2291.44 2291.44     2268     459     459    1809
         871    1.6e+04      2279 2291.44 2291.45     2266     459     459    1807
         872    1.6e+04      2279 2291.44 2291.44     2268     459     459    1809
         873    1.6e+04      2279 2291.44 2291.45     2268     459     459    1809
         874    1.6e+04      2279 2291.44 2291.44     2267     459     459    1808
         875    1.6e+04      2279 2291.44 2291.45     2268     459     459    1809
         876    1.6e+04      2279 2291.44 2291.44     2268     459     459    1809
         877    1.6e+04      2279 2291.44 2291.45     2267     459     459    1808
         878    1.6e+04      2279 2291.44 2291.44     2269     459     459    1810
         879    1.6e+04      2279 2291.44 2291.44     2270     459     459    1811
         880    1.6e+04      2279 2291.44 2291.44     2266     459     459    1807
         881    1.6e+04      2279 2291.44 2291.45     2268     459     459    1809
         882    1.6e+04      2279 2291.44 2291.44     2268     459     459    1809
         883    1.6e+04      2279 2291.44 2291.45     2267     459     459    1808
         884    1.6e+04      2279 2291.44 2291.44     2268     459     459    1809
         885    1.6e+04      2279 2291.44 2291.44     2268     459     459    1809
         886    1.6e+04      2279 2291.44 2291.44     2267     459     459    1808
         887    1.6e+04      2279 2291.44 2291.45     2268     459     459    1809
               reducing step to 9.76563e-05
         888    1.6e+04      2279 2291.44 2291.44     2271     459     459    1812
         889    1.6e+04      2279 2291.44 2291.44     2277     459     459    1818
         890    1.6e+04      2279 2291.44 2291.44     2273     459     459    1814
         891    1.6e+04      2279 2291.44 2291.44     2273     459     459    1814
         892    1.6e+04      2279 2291.44 2291.44     2273     459     459    1814
         893    1.6e+04      2279 2291.44 2291.44     2272     459     459    1813
         894    1.6e+04      2279 2291.44 2291.44     2270     459     459    1811
         895    1.6e+04      2279 2291.44 2291.44     2266     459     459    1807
         896    1.6e+04      2279 2291.44 2291.44     2270     459     459    1811
         897    1.6e+04      2279 2291.44 2291.44     2269     459     459    1810
         898    1.6e+04      2279 2291.44 2291.44     2270     459     459    1811
         899    1.6e+04      2279 2291.44 2291.44     2270     459     459    1811
         900    1.6e+04      2279 2291.44 2291.44     2270     459     459    1811
         901    1.6e+04      2279 2291.44 2291.44     2268     459     459    1809
         902    1.6e+04      2279 2291.44 2291.44     2264     459     459    1805
         903    1.6e+04      2279 2291.44 2291.44     2270     459     459    1811
         904    1.6e+04      2279 2291.44 2291.44     2270     459     459    1811
         905    1.6e+04      2279 2291.44 2291.44     2269     459     459    1810
         906    1.6e+04      2279 2291.44 2291.44     2264     459     459    1805
         907    1.6e+04      2279 2291.44 2291.44     2268     459     459    1809
         908    1.6e+04      2279 2291.44 2291.44     2264     459     459    1805
         909    1.6e+04      2279 2291.44 2291.44     2271     459     459    1812
         910    1.6e+04      2279 2291.44 2291.44     2269     459     459    1810
         911    1.6e+04      2279 2291.44 2291.44     2270     459     459    1811
         912    1.6e+04      2279 2291.44 2291.44     2265     459     459    1806
         913    1.6e+04      2279 2291.44 2291.44     2269     459     459    1810
         914    1.6e+04      2279 2291.44 2291.44     2270     459     459    1811
         915    1.6e+04      2279 2291.44 2291.44     2270     459     459    1811
         916    1.6e+04      2279 2291.44 2291.44     2267     459     459    1808
         917    1.6e+04      2279 2291.44 2291.44     2269     459     459    1810
         918    1.6e+04      2279 2291.44 2291.44     2261     459     459    1802
         919    1.6e+04      2279 2291.44 2291.44     2270     459     459    1811
         920    1.6e+04      2279 2291.44 2291.44     2270     459     459    1811
         921    1.6e+04      2279 2291.44 2291.44     2269     459     459    1810
         922    1.6e+04      2279 2291.44 2291.44     2264     459     459    1805
         923    1.6e+04      2279 2291.44 2291.44     2268     459     459    1809
         924    1.6e+04      2279 2291.44 2291.44     2264     459     459    1805
         925    1.6e+04      2279 2291.44 2291.44     2269     459     459    1810
         926    1.6e+04      2279 2291.44 2291.44     2269     459     459    1810
         927    1.6e+04      2279 2291.44 2291.44     2265     459     459    1806
         928    1.6e+04      2279 2291.44 2291.44     2264     459     459    1805
         929    1.6e+04      2279 2291.44 2291.44     2268     459     459    1809
         930    1.6e+04      2279 2291.44 2291.44     2267     459     459    1808
         931    1.6e+04      2279 2291.44 2291.44     2268     459     459    1809
         932    1.6e+04      2279 2291.44 2291.44     2264     459     459    1805
         933    1.6e+04      2279 2291.44 2291.44     2268     459     459    1809
         934    1.6e+04      2279 2291.44 2291.44     2269     459     459    1810
         935    1.6e+04      2279 2291.44 2291.44     2268     459     459    1809
         936    1.6e+04      2279 2291.44 2291.44     2266     459     459    1807
         937    1.6e+04      2279 2291.44 2291.44     2271     459     459    1812
         938    1.6e+04      2279 2291.44 2291.44     2264     459     459    1805
         939    1.6e+04      2279 2291.44 2291.44     2268     459     459    1809
         940    1.6e+04      2279 2291.44 2291.44     2269     459     459    1810
         941    1.6e+04      2279 2291.44 2291.44     2268     459     459    1809
         942    1.6e+04      2279 2291.44 2291.44     2267     459     459    1808
         943    1.6e+04      2279 2291.44 2291.44     2271     459     459    1812
         944    1.6e+04      2279 2291.44 2291.44     2267     459     459    1808
         945    1.6e+04      2279 2291.44 2291.44     2268     459     459    1809
         946    1.6e+04      2279 2291.44 2291.44     2269     459     459    1810
         947    1.6e+04      2279 2291.44 2291.44     2270     459     459    1811
         948    1.6e+04      2279 2291.44 2291.44     2267     459     459    1808
         949    1.6e+04      2279 2291.44 2291.44     2270     459     459    1811
         950    1.6e+04      2279 2291.44 2291.44     2268     459     459    1809
         951    1.6e+04      2279 2291.44 2291.44     2268     459     459    1809
         952    1.6e+04      2279 2291.44 2291.44     2269     459     459    1810
         953    1.6e+04      2279 2291.44 2291.44     2270     459     459    1811
         954    1.6e+04      2279 2291.44 2291.44     2267     459     459    1808
         955    1.6e+04      2279 2291.44 2291.44     2270     459     459    1811
         956    1.6e+04      2279 2291.44 2291.44     2269     459     459    1810
         957    1.6e+04      2279 2291.44 2291.44     2268     459     459    1809
         958    1.6e+04      2279 2291.44 2291.44     2267     459     459    1808
         959    1.6e+04      2279 2291.44 2291.44     2269     459     459    1810
         960    1.6e+04      2279 2291.44 2291.44     2268     459     459    1809
         961    1.6e+04      2279 2291.44 2291.44     2270     459     459    1811
         962    1.6e+04      2279 2291.44 2291.44     2269     459     459    1810
         963    1.6e+04      2279 2291.44 2291.44     2266     459     459    1807
         964    1.6e+04      2279 2291.44 2291.44     2267     459     459    1808
         965    1.6e+04      2279 2291.44 2291.44     2268     459     459    1809
         966    1.6e+04      2279 2291.44 2291.44     2264     459     459    1805
               reducing step to 4.88281e-05
         967    1.6e+04      2279 2291.43 2291.43     2279     459     459    1820
         968    1.6e+04      2279 2291.43 2291.43     2277     459     459    1818
         969    1.6e+04      2279 2291.43 2291.43     2274     459     459    1815
         970    1.6e+04      2279 2291.43 2291.43     2275     459     459    1816
         971    1.6e+04      2279 2291.43 2291.43     2266     459     459    1807
         972    1.6e+04      2279 2291.43 2291.43     2273     459     459    1814
         973    1.6e+04      2279 2291.43 2291.43     2274     459     459    1815
         974    1.6e+04      2279 2291.43 2291.43     2270     459     459    1811
         975    1.6e+04      2279 2291.43 2291.43     2270     459     459    1811
         976    1.6e+04      2279 2291.43 2291.43     2268     459     459    1809
         977    1.6e+04      2279 2291.43 2291.43     2271     459     459    1812
         978    1.6e+04      2279 2291.43 2291.43     2263     459     459    1804
         979    1.6e+04      2279 2291.43 2291.43     2268     459     459    1809
         980    1.6e+04      2279 2291.43 2291.43     2272     459     459    1813
         981    1.6e+04      2279 2291.43 2291.43     2268     459     459    1809
         982    1.6e+04      2279 2291.43 2291.43     2266     459     459    1807
         983    1.6e+04      2279 2291.43 2291.43     2267     459     459    1808
         984    1.6e+04      2279 2291.43 2291.43     2262     459     459    1803
         985    1.6e+04      2279 2291.43 2291.43     2268     459     459    1809
         986    1.6e+04      2279 2291.43 2291.43     2272     459     459    1813
         987    1.6e+04      2279 2291.43 2291.43     2269     459     459    1810
         988    1.6e+04      2279 2291.43 2291.43     2266     459     459    1807
         989    1.6e+04      2279 2291.43 2291.43     2267     459     459    1808
         990    1.6e+04      2279 2291.43 2291.43     2262     459     459    1803
         991    1.6e+04      2279 2291.43 2291.43     2268     459     459    1809
         992    1.6e+04      2279 2291.43 2291.43     2272     459     459    1813
         993    1.6e+04      2279 2291.43 2291.43     2269     459     459    1810
         994    1.6e+04      2279 2291.43 2291.43     2265     459     459    1806
         995    1.6e+04      2279 2291.43 2291.43     2268     459     459    1809
         996    1.6e+04      2279 2291.43 2291.43     2263     459     459    1804
         997    1.6e+04      2279 2291.43 2291.43     2270     459     459    1811
         998    1.6e+04      2279 2291.43 2291.43     2272     459     459    1813
         999    1.6e+04      2279 2291.43 2291.43     2269     459     459    1810
        1000    1.6e+04      2279 2291.43 2291.43     2266     459     459    1807
Total time used by klau is 43.26
true_align (1135) and est_align (459) DO NOT have the same number of elements.
method klau has a score of 27.05%
method klau used 43.261 seconds.
maximum values in init align row is:  1134
maximum values in init align col is:  1133
 best   iter   pr-delta       obj  weight    card overlap
    *      1    4.9e-01      1567     462     462    1336
    *      2    1.4e-01      1631     462     462    1400
    *      3    5.0e-02      1642     462     462    1411
           4    2.0e-02      1642     462     462    1411
           5    8.7e-03      1642     462     462    1411
    *      6    4.1e-03      1647     462     462    1416
           7    2.1e-03      1647     462     462    1416
    *      8    1.1e-03      1648     462     462    1417
           9    5.8e-04      1648     462     462    1417
          10    3.2e-04      1648     462     462    1417
          11    1.8e-04      1648     462     462    1417
          12    1.0e-04      1648     462     462    1417
          13    5.8e-05      1648     462     462    1417
          14    3.4e-05      1648     462     462    1417
          15    2.0e-05      1648     462     462    1417
          16    1.2e-05      1648     462     462    1417
          17    7.1e-06      1648     462     462    1417
          18    4.3e-06      1648     462     462    1417
          19    2.6e-06      1648     462     462    1417
          20    1.6e-06      1648     462     462    1417
          21    9.7e-07      1648     462     462    1417
          22    6.0e-07      1648     462     462    1417
          23    3.7e-07      1648     462     462    1417
          24    2.3e-07      1648     462     462    1417
          25    1.4e-07      1648     462     462    1417
          26    9.0e-08      1648     462     462    1417
          27    5.7e-08      1648     462     462    1417
          28    3.6e-08      1648     462     462    1417
          29    2.3e-08      1648     462     462    1417
          30    1.5e-08      1648     462     462    1417
          31    9.4e-09      1648     462     462    1417
          32    6.0e-09      1648     462     462    1417
          33    3.9e-09      1648     462     462    1417
          34    2.5e-09      1648     462     462    1417
          35    1.6e-09      1648     462     462    1417
          36    1.0e-09      1648     462     462    1417
          37    6.8e-10      1648     462     462    1417
          38    4.4e-10      1648     462     462    1417
          39    2.9e-10      1648     462     462    1417
          40    1.9e-10      1648     462     462    1417
          41    1.2e-10      1648     462     462    1417
          42    8.0e-11      1648     462     462    1417
          43    5.2e-11      1648     462     462    1417
          44    3.4e-11      1648     462     462    1417
          45    2.2e-11      1648     462     462    1417
          46    1.5e-11      1648     462     462    1417
          47    9.7e-12      1648     462     462    1417
          48    6.4e-12      1648     462     462    1417
          49    4.2e-12      1648     462     462    1417
          50    2.8e-12      1648     462     462    1417
          51    1.8e-12      1648     462     462    1417
          52    1.2e-12      1648     462     462    1417
          53    8.0e-13      1648     462     462    1417
Total time used by isorank is 0.70
true_align (1135) and est_align (462) DO NOT have the same number of elements.
method isorank has a score of 8.37%
method isorank used 0.698 seconds.
experiment results:
     method      score       time
0     final  31.277533   3.511657
1  netalign  27.488987   1.942631
2      klau  27.048458  43.261456
3   isorank   8.370044   0.698057
