Permutation sanity check error is 456.0.
Permutation sanity check error is 21212.0.
num_init for this graph is 10
Generating initial alignment matrix using degree ...
mode is  degree
number of noisy edges are:  10
Average number of initial alignments for each node is 20
maximum values in init align row is:  1134
maximum values in init align col is:  1133
Recovering sparse matrix L took 0.01 sec.
Time for degree: 0.01 sec
iteration 1
Time for iteration 1: 0.19 sec, diff = 0.59089
iteration 2
Time for iteration 2: 0.17 sec, diff = 0.06901
iteration 3
Time for iteration 3: 0.15 sec, diff = 0.02033
iteration 4
Time for iteration 4: 0.14 sec, diff = 0.00832
iteration 5
Time for iteration 5: 0.14 sec, diff = 0.00405
iteration 6
Time for iteration 6: 0.13 sec, diff = 0.00220
iteration 7
Time for iteration 7: 0.13 sec, diff = 0.00128
iteration 8
Time for iteration 8: 0.14 sec, diff = 0.00078
iteration 9
Time for iteration 9: 0.14 sec, diff = 0.00050
iteration 10
Time for iteration 10: 0.13 sec, diff = 0.00032
iteration 11
Time for iteration 11: 0.14 sec, diff = 0.00021
iteration 12
Time for iteration 12: 0.14 sec, diff = 0.00014
iteration 13
Time for iteration 13: 0.14 sec, diff = 0.00009
iteration 14
Time for iteration 14: 0.13 sec, diff = 0.00006
iteration 15
Time for iteration 15: 0.14 sec, diff = 0.00004
iteration 16
Time for iteration 16: 0.14 sec, diff = 0.00003
iteration 17
Time for iteration 17: 0.14 sec, diff = 0.00002
iteration 18
Time for iteration 18: 0.15 sec, diff = 0.00001
iteration 19
Time for iteration 19: 0.14 sec, diff = 0.00001
Total time used by final is 2.99 sec.
true_align and est_align have the same number of elements.
method final has a score of 29.07%
method final used 2.987 seconds.
maximum values in init align row is:  1134
maximum values in init align col is:  1133
best   iter    obj_ma wght_ma card_ma over_ma    obj_mb wght_mb card_mb over_mb
  *a      1      1808     463     463    1345      1808     463     463    1345
          2       678     332     332     346       906     353     353     553
          3      1019     437     437     582       750     331     331     419
          4       780     379     379     401       785     369     369     416
  *a      5      1887     459     459    1428      1887     443     443    1444
  *b      6      2071     463     463    1608      2083     454     454    1629
          7      1799     445     445    1354      1921     433     433    1488
          8       826     365     365     461       597     217     217     380
          9      1244     403     403     841      1252     337     337     915
         10      2041     462     462    1579      2062     454     454    1608
  *a     11      2199     462     462    1737      2199     457     457    1742
  *a     12      2206     459     459    1747      2193     444     444    1749
         13      2152     455     455    1697      2114     428     428    1686
  *a     14      2232     457     457    1775      2142     420     420    1722
  *a     15      2258     460     460    1798      2250     453     453    1797
  *a     16      2276     460     460    1816      2272     456     456    1816
         17      2275     460     460    1815      2272     457     457    1815
         18      2274     460     460    1814      2259     449     449    1810
  *a     19      2278     460     460    1818      2258     450     450    1808
  *a     20      2279     460     460    1819      2267     453     453    1814
         21      2279     460     460    1819      2274     457     457    1817
         22      2279     460     460    1819      2275     458     458    1817
         23      2279     460     460    1819      2267     456     456    1811
         24      2279     460     460    1819      2265     454     454    1811
         25      2279     460     460    1819      2273     456     456    1817
         26      2279     460     460    1819      2278     459     459    1819
         27      2279     460     460    1819      2278     459     459    1819
         28      2279     460     460    1819      2279     460     460    1819
         29      2279     460     460    1819      2277     458     458    1819
  *a     30      2280     460     460    1820      2275     457     457    1818
         31      2280     460     460    1820      2274     456     456    1818
         32      2280     460     460    1820      2275     457     457    1818
         33      2280     460     460    1820      2279     459     459    1820
         34      2280     460     460    1820      2279     459     459    1820
         35      2280     460     460    1820      2280     460     460    1820
         36      2280     460     460    1820      2279     459     459    1820
         37      2280     460     460    1820      2279     459     459    1820
         38      2279     460     460    1819      2275     457     457    1818
         39      2279     460     460    1819      2275     457     457    1818
         40      2280     460     460    1820      2275     457     457    1818
         41      2280     460     460    1820      2280     460     460    1820
         42      2280     460     460    1820      2280     460     460    1820
         43      2280     460     460    1820      2280     460     460    1820
         44      2280     460     460    1820      2280     460     460    1820
         45      2280     460     460    1820      2278     459     459    1819
         46      2280     460     460    1820      2278     459     459    1819
         47      2280     460     460    1820      2278     459     459    1819
         48      2280     460     460    1820      2280     460     460    1820
         49      2280     460     460    1820      2280     460     460    1820
         50      2280     460     460    1820      2280     460     460    1820
         51      2280     460     460    1820      2279     459     459    1820
         52      2280     460     460    1820      2279     459     459    1820
         53      2280     460     460    1820      2279     459     459    1820
         54      2280     460     460    1820      2277     458     458    1819
         55      2280     460     460    1820      2278     459     459    1819
         56      2280     460     460    1820      2280     460     460    1820
         57      2280     460     460    1820      2280     460     460    1820
         58      2280     460     460    1820      2280     460     460    1820
         59      2280     460     460    1820      2279     459     459    1820
         60      2280     460     460    1820      2279     459     459    1820
         61      2280     460     460    1820      2280     460     460    1820
         62      2280     460     460    1820      2280     460     460    1820
         63      2280     460     460    1820      2280     460     460    1820
         64      2280     460     460    1820      2280     460     460    1820
         65      2280     460     460    1820      2277     459     459    1818
         66      2280     460     460    1820      2277     459     459    1818
         67      2280     460     460    1820      2277     459     459    1818
         68      2280     460     460    1820      2277     459     459    1818
         69      2280     460     460    1820      2277     459     459    1818
         70      2280     460     460    1820      2280     460     460    1820
         71      2280     460     460    1820      2280     460     460    1820
         72      2280     460     460    1820      2280     460     460    1820
         73      2280     460     460    1820      2280     460     460    1820
         74      2280     460     460    1820      2273     459     459    1814
         75      2280     460     460    1820      2273     459     459    1814
         76      2280     460     460    1820      2270     458     458    1812
         77      2280     460     460    1820      2270     458     458    1812
         78      2280     460     460    1820      2277     459     459    1818
         79      2280     460     460    1820      2277     459     459    1818
         80      2280     460     460    1820      2277     459     459    1818
         81      2280     460     460    1820      2280     460     460    1820
         82      2280     460     460    1820      2280     460     460    1820
         83      2280     460     460    1820      2280     460     460    1820
         84      2280     460     460    1820      2280     460     460    1820
         85      2280     460     460    1820      2280     460     460    1820
         86      2280     460     460    1820      2277     459     459    1818
         87      2280     460     460    1820      2277     459     459    1818
         88      2280     460     460    1820      2277     459     459    1818
         89      2280     460     460    1820      2280     460     460    1820
         90      2280     460     460    1820      2280     460     460    1820
         91      2280     460     460    1820      2280     460     460    1820
         92      2280     460     460    1820      2280     460     460    1820
         93      2280     460     460    1820      2280     460     460    1820
         94      2280     460     460    1820      2280     460     460    1820
         95      2280     460     460    1820      2280     460     460    1820
         96      2280     460     460    1820      2280     460     460    1820
         97      2280     460     460    1820      2280     460     460    1820
         98      2280     460     460    1820      2280     460     460    1820
         99      2280     460     460    1820      2280     460     460    1820
        100      2280     460     460    1820      2280     460     460    1820
Total time used by netalign is 2.06
true_align (1135) and est_align (460) DO NOT have the same number of elements.
method netalign has a score of 27.31%
method netalign used 2.056 seconds.
maximum values in init align row is:  1134
maximum values in init align col is:  1133
 best   iter     norm-u     lower   upper     cur      obj  weight    card overlap
    *      1    0.0e+00      1879  2576.5  2576.5     1879     463     463    1416
           2    1.3e+03      1879  2576.5  2766.6     1697     463     463    1234
           3    1.9e+03      1879  2576.5  2683.5     1355     463     463     892
           4    2.6e+03      1879  2576.5  2707.4     1422     463     463     959
           5    3.0e+03      1879  2576.5  2673.4     1227     463     463     764
           6    3.5e+03      1879  2576.5    2690     1135     463     463     672
           7    4.0e+03      1879  2576.5  2670.4     1244     463     463     781
           8    4.3e+03      1879  2576.5  2666.5     1166     463     463     703
           9    4.7e+03      1879  2576.5  2665.9     1193     463     463     730
          10    5.0e+03      1879  2576.5  2660.7     1082     463     463     619
          11    5.4e+03      1879  2576.5  2657.2     1082     463     463     619
          12    5.7e+03      1879  2576.5    2650     1199     463     463     736
          13    6.0e+03      1879  2576.5  2649.3     1107     463     463     644
          14    6.3e+03      1879  2576.5  2644.5     1071     463     463     608
          15    6.5e+03      1879  2576.5  2633.2     1091     463     463     628
          16    6.8e+03      1879  2576.5  2640.7     1069     463     463     606
          17    7.1e+03      1879  2576.5  2637.5     1084     463     463     621
          18    7.3e+03      1879  2576.5  2637.5     1075     463     463     612
          19    7.6e+03      1879  2576.5  2624.2     1079     463     463     616
          20    7.8e+03      1879  2576.5  2625.4     1018     463     463     555
          21    8.0e+03      1879  2576.5  2624.9     1154     463     463     691
          22    8.2e+03      1879  2576.5  2621.2     1065     463     463     602
          23    8.4e+03      1879  2576.5  2619.5     1066     463     463     603
          24    8.6e+03      1879  2576.5    2620     1116     463     463     653
          25    8.8e+03      1879  2576.5  2609.3     1054     463     463     591
          26    9.0e+03      1879  2576.5  2622.7     1053     463     463     590
               reducing step to 0.2
          27    9.1e+03      1879  2493.7  2493.7     1095     463     463     632
          28    9.2e+03      1879  2493.7  2510.2     1059     463     463     596
          29    9.2e+03      1879  2470.8  2470.8     1072     463     463     609
          30    9.3e+03      1879    2469    2469     1064     463     463     601
          31    9.4e+03      1879  2456.8  2456.8     1163     463     463     700
          32    9.5e+03      1879  2456.8  2458.6     1100     463     463     637
          33    9.5e+03      1879  2452.2  2452.2     1012     463     463     549
          34    9.6e+03      1879    2452    2452     1061     463     463     598
          35    9.6e+03      1879  2438.9  2438.9     1116     463     463     653
          36    9.7e+03      1879  2436.1  2436.1     1184     463     463     721
          37    9.8e+03      1879  2432.9  2432.9     1108     463     463     645
          38    9.8e+03      1879  2432.9  2436.4     1170     463     463     707
          39    9.9e+03      1879  2426.3  2426.3     1130     463     463     667
          40    1.0e+04      1879  2426.3  2432.2     1106     463     463     643
          41    1.0e+04      1879    2416    2416     1191     463     463     728
          42    1.0e+04      1879    2416  2421.5     1180     463     463     717
          43    1.0e+04      1879    2416  2417.6     1232     463     463     769
          44    1.0e+04      1879  2410.1  2410.1     1284     463     463     821
          45    1.0e+04      1879  2410.1  2410.8     1162     463     463     699
          46    1.0e+04      1879  2409.7  2409.7     1192     463     463     729
          47    1.0e+04      1879    2401    2401     1295     463     463     832
          48    1.0e+04      1879    2401  2407.7     1298     463     463     835
          49    1.0e+04      1879    2401  2402.7     1349     463     463     886
          50    1.0e+04      1879  2399.3  2399.3     1407     463     463     944
          51    1.0e+04      1879  2395.3  2395.3     1354     463     463     891
          52    1.1e+04      1879  2395.3  2403.6     1250     463     463     787
          53    1.1e+04      1879  2395.3  2398.3     1393     463     463     930
          54    1.1e+04      1879  2395.3  2396.8     1327     463     463     864
          55    1.1e+04      1879  2395.3  2395.4     1318     463     463     855
          56    1.1e+04      1879  2393.7  2393.7     1413     463     463     950
          57    1.1e+04      1879  2390.1  2390.1     1408     463     463     945
          58    1.1e+04      1879  2390.1  2390.6     1381     463     463     918
          59    1.1e+04      1879  2390.1  2392.2     1289     463     463     826
          60    1.1e+04      1879  2385.9  2385.9     1528     463     463    1065
          61    1.1e+04      1879  2376.4  2376.4     1380     463     463     917
          62    1.1e+04      1879  2376.4  2390.2     1285     463     463     822
          63    1.1e+04      1879  2376.4    2392     1451     463     463     988
          64    1.1e+04      1879  2373.9  2373.9     1557     463     463    1094
          65    1.1e+04      1879  2373.9  2382.1     1469     463     463    1006
          66    1.1e+04      1879  2373.9  2379.2     1403     463     463     940
          67    1.1e+04      1879  2373.9    2381     1328     463     463     865
          68    1.1e+04      1879  2373.9  2384.5     1421     463     463     958
          69    1.1e+04      1879  2373.9  2377.4     1351     463     463     888
          70    1.1e+04      1879  2373.9  2377.2     1318     463     463     855
          71    1.1e+04      1879  2373.9  2388.1     1359     463     463     896
          72    1.1e+04      1879  2373.9  2374.9     1459     463     463     996
          73    1.1e+04      1879  2373.2  2373.2     1395     463     463     932
          74    1.1e+04      1879  2373.2  2378.8     1391     463     463     928
          75    1.1e+04      1879  2373.2  2375.2     1521     463     463    1058
          76    1.1e+04      1879    2369    2369     1519     463     463    1056
          77    1.1e+04      1879    2369  2369.9     1451     463     463     988
          78    1.1e+04      1879    2369  2373.8     1458     463     463     995
          79    1.2e+04      1879  2363.3  2363.3     1515     463     463    1052
          80    1.2e+04      1879  2363.3  2370.1     1456     463     463     993
          81    1.2e+04      1879  2363.3  2375.5     1486     463     463    1023
          82    1.2e+04      1879  2363.3  2369.6     1439     463     463     976
          83    1.2e+04      1879  2363.3  2367.2     1457     463     463     994
          84    1.2e+04      1879  2363.3  2371.8     1393     463     463     930
          85    1.2e+04      1879  2363.3  2365.4     1639     463     463    1176
          86    1.2e+04      1879  2355.4  2355.4     1623     463     463    1160
          87    1.2e+04      1879  2355.4  2363.7     1396     463     463     933
          88    1.2e+04      1879  2355.4  2372.6     1444     463     463     981
          89    1.2e+04      1879  2355.4  2364.7     1491     463     463    1028
          90    1.2e+04      1879  2355.4    2360     1445     463     463     982
          91    1.2e+04      1879  2355.4  2368.5     1484     463     463    1021
          92    1.2e+04      1879  2355.4  2367.9     1554     463     463    1091
          93    1.2e+04      1879  2355.4  2360.3     1502     463     463    1039
          94    1.2e+04      1879  2355.4  2363.8     1429     463     463     966
          95    1.2e+04      1879  2355.4  2361.4     1593     463     463    1130
          96    1.2e+04      1879  2353.8  2353.8     1538     463     463    1075
          97    1.2e+04      1879  2353.8  2363.9     1411     463     463     948
          98    1.2e+04      1879  2353.8  2370.6     1503     463     463    1040
          99    1.2e+04      1879  2353.8  2360.6     1639     463     463    1176
         100    1.2e+04      1879  2350.8  2350.8     1490     463     463    1027
         101    1.2e+04      1879  2350.8  2365.3     1459     463     463     996
         102    1.2e+04      1879  2350.8  2364.1     1484     463     463    1021
         103    1.2e+04      1879  2350.8  2356.1     1586     463     463    1123
         104    1.2e+04      1879  2350.8  2361.5     1551     463     463    1088
         105    1.2e+04      1879  2350.8  2354.9     1504     463     463    1041
         106    1.2e+04      1879  2350.8  2360.2     1511     463     463    1048
         107    1.2e+04      1879  2350.8  2356.1     1578     463     463    1115
         108    1.2e+04      1879    2349    2349     1663     463     463    1200
         109    1.2e+04      1879    2349  2356.7     1512     463     463    1049
         110    1.2e+04      1879    2349  2360.7     1492     463     463    1029
         111    1.2e+04      1879    2349  2360.5     1522     463     463    1059
         112    1.2e+04      1879    2349  2354.4     1535     463     463    1072
         113    1.3e+04      1879    2349  2356.4     1492     463     463    1029
         114    1.3e+04      1879    2349  2354.5     1581     463     463    1118
         115    1.3e+04      1879    2349  2352.1     1573     463     463    1110
         116    1.3e+04      1879    2349  2355.3     1594     463     463    1131
         117    1.3e+04      1879    2349  2356.2     1654     463     463    1191
         118    1.3e+04      1879  2345.6  2345.6     1615     463     463    1152
         119    1.3e+04      1879  2345.6  2349.9     1618     463     463    1155
         120    1.3e+04      1879  2345.6  2361.5     1487     463     463    1024
         121    1.3e+04      1879  2345.6  2351.5     1603     463     463    1140
         122    1.3e+04      1879  2345.6  2346.1     1671     463     463    1208
         123    1.3e+04      1879  2344.6  2344.6     1535     463     463    1072
         124    1.3e+04      1879  2344.6  2355.2     1458     463     463     995
         125    1.3e+04      1879  2344.6  2357.3     1505     463     463    1042
         126    1.3e+04      1879  2344.6  2348.4     1594     463     463    1131
         127    1.3e+04      1879  2344.6  2353.3     1648     463     463    1185
         128    1.3e+04      1879  2343.2  2343.2     1639     463     463    1176
         129    1.3e+04      1879  2343.2  2350.7     1550     463     463    1087
         130    1.3e+04      1879  2343.2  2348.4     1511     463     463    1048
         131    1.3e+04      1879  2343.2  2350.8     1591     463     463    1128
         132    1.3e+04      1879  2343.2  2345.3     1617     463     463    1154
         133    1.3e+04      1879  2343.2  2348.9     1549     463     463    1086
         134    1.3e+04      1879  2343.2  2350.7     1601     463     463    1138
         135    1.3e+04      1879  2343.2  2343.3     1639     463     463    1176
         136    1.3e+04      1879  2343.2  2348.7     1528     463     463    1065
         137    1.3e+04      1879  2343.2  2351.3     1491     463     463    1028
         138    1.3e+04      1879  2343.2  2355.9     1628     463     463    1165
         139    1.3e+04      1879  2341.2  2341.2     1676     463     463    1213
         140    1.3e+04      1879  2341.2  2346.1     1617     463     463    1154
         141    1.3e+04      1879  2341.2  2344.9     1595     463     463    1132
         142    1.3e+04      1879  2341.2  2347.6     1609     463     463    1146
         143    1.3e+04      1879  2341.2  2345.8     1628     463     463    1165
         144    1.3e+04      1879  2341.2  2348.4     1655     463     463    1192
         145    1.3e+04      1879  2341.2    2345     1600     463     463    1137
         146    1.3e+04      1879  2341.2  2347.6     1637     463     463    1174
         147    1.3e+04      1879  2341.2  2347.9     1660     463     463    1197
         148    1.3e+04      1879  2341.2  2342.4     1645     463     463    1182
         149    1.3e+04      1879  2341.2  2347.1     1604     463     463    1141
         150    1.3e+04      1879  2341.2  2352.3     1611     463     463    1148
         151    1.3e+04      1879  2341.2  2352.8     1595     463     463    1132
         152    1.3e+04      1879  2341.2  2342.9     1711     463     463    1248
         153    1.3e+04      1879  2339.4  2339.4     1675     463     463    1212
         154    1.3e+04      1879  2339.4  2345.3     1665     463     463    1202
         155    1.3e+04      1879  2339.4  2345.3     1613     463     463    1150
         156    1.3e+04      1879  2339.4  2346.7     1547     463     463    1084
         157    1.4e+04      1879  2339.4  2349.8     1574     463     463    1111
         158    1.4e+04      1879  2339.4  2344.1     1541     463     463    1078
         159    1.4e+04      1879  2339.4  2345.9     1603     463     463    1140
         160    1.4e+04      1879  2339.4  2343.9     1594     463     463    1131
         161    1.4e+04      1879  2339.4  2351.4     1511     463     463    1048
         162    1.4e+04      1879  2339.4  2344.4     1705     463     463    1242
         163    1.4e+04      1879  2339.4  2342.8     1716     463     463    1253
         164    1.4e+04      1879  2339.4  2340.7     1696     463     463    1233
         165    1.4e+04      1879  2339.4  2344.2     1527     463     463    1064
         166    1.4e+04      1879  2339.4  2345.2     1586     463     463    1123
         167    1.4e+04      1879  2339.4  2340.5     1654     463     463    1191
         168    1.4e+04      1879  2335.3  2335.3     1657     463     463    1194
         169    1.4e+04      1879  2335.3  2348.9     1670     463     463    1207
         170    1.4e+04      1879  2335.3  2338.9     1710     463     463    1247
         171    1.4e+04      1879  2335.3  2336.3     1677     463     463    1214
         172    1.4e+04      1879  2335.3  2346.4     1577     463     463    1114
         173    1.4e+04      1879  2335.3  2338.5     1574     463     463    1111
         174    1.4e+04      1879  2335.3  2349.3     1543     463     463    1080
         175    1.4e+04      1879  2335.3    2347     1704     463     463    1241
         176    1.4e+04      1879  2334.1  2334.1     1822     463     463    1359
         177    1.4e+04      1879  2333.3  2333.3     1877     463     463    1414
         178    1.4e+04      1879  2332.1  2332.1     1675     463     463    1212
         179    1.4e+04      1879  2332.1  2347.9     1562     463     463    1099
         180    1.4e+04      1879  2332.1  2343.6     1625     463     463    1162
         181    1.4e+04      1879  2332.1  2334.4     1659     463     463    1196
         182    1.4e+04      1879  2332.1    2341     1777     463     463    1314
         183    1.4e+04      1879    2332    2332     1805     463     463    1342
         184    1.4e+04      1879    2332  2334.8     1636     463     463    1173
         185    1.4e+04      1879    2332  2341.8     1737     463     463    1274
         186    1.4e+04      1879    2332  2336.2     1744     463     463    1281
         187    1.4e+04      1879    2332  2336.4     1720     463     463    1257
         188    1.4e+04      1879  2330.9  2330.9     1789     463     463    1326
         189    1.4e+04      1879  2330.9  2340.8     1598     463     463    1135
         190    1.4e+04      1879  2330.9  2337.8     1556     463     463    1093
         191    1.4e+04      1879  2330.9  2343.6     1711     463     463    1248
         192    1.4e+04      1879  2330.9  2341.8     1753     463     463    1290
         193    1.4e+04      1879  2330.1  2330.1     1766     463     463    1303
         194    1.4e+04      1879  2330.1    2332     1754     463     463    1291
         195    1.4e+04      1879  2330.1  2337.9     1818     463     463    1355
         196    1.4e+04      1879  2330.1  2336.4     1644     463     463    1181
         197    1.4e+04      1879  2330.1  2342.9     1504     463     463    1041
         198    1.4e+04      1879  2330.1    2344     1649     463     463    1186
         199    1.4e+04      1879  2330.1  2335.2     1785     463     463    1322
         200    1.4e+04      1879  2330.1  2331.4     1692     463     463    1229
         201    1.4e+04      1879  2330.1    2335     1580     463     463    1117
         202    1.4e+04      1879  2330.1    2350     1584     463     463    1121
         203    1.4e+04      1879  2330.1  2333.8     1725     463     463    1262
         204    1.4e+04      1879  2330.1  2334.1     1778     463     463    1315
         205    1.4e+04      1879  2330.1    2334     1707     463     463    1244
         206    1.4e+04      1879  2330.1    2337     1664     463     463    1201
         207    1.4e+04      1879  2330.1  2341.9     1610     463     463    1147
         208    1.4e+04      1879  2330.1  2332.6     1744     463     463    1281
         209    1.4e+04      1879  2328.9  2328.9     1718     463     463    1255
         210    1.4e+04      1879  2328.9  2334.6     1607     463     463    1144
         211    1.4e+04      1879  2328.9  2339.1     1596     463     463    1133
         212    1.4e+04      1879  2328.9  2338.1     1754     463     463    1291
         213    1.4e+04      1879  2328.9  2332.8     1869     463     463    1406
         214    1.5e+04      1879  2324.7  2324.7     1777     463     463    1314
         215    1.5e+04      1879  2324.7  2337.2     1562     463     463    1099
         216    1.5e+04      1879  2324.7  2342.4     1624     463     463    1161
         217    1.5e+04      1879  2324.7  2336.9     1638     463     463    1175
         218    1.5e+04      1879  2324.7  2336.3     1729     463     463    1266
         219    1.5e+04      1879  2324.7  2330.3     1786     463     463    1323
         220    1.5e+04      1879  2324.7  2332.6     1757     463     463    1294
         221    1.5e+04      1879  2324.7  2332.5     1639     463     463    1176
         222    1.5e+04      1879  2324.7  2337.7     1708     463     463    1245
         223    1.5e+04      1879  2324.7  2330.6     1707     463     463    1244
         224    1.5e+04      1879  2324.7  2333.7     1759     463     463    1296
         225    1.5e+04      1879  2324.7  2336.4     1695     463     463    1232
         226    1.5e+04      1879  2324.7  2340.6     1649     463     463    1186
         227    1.5e+04      1879  2324.7  2333.9     1647     463     463    1184
         228    1.5e+04      1879  2324.7  2338.1     1627     463     463    1164
         229    1.5e+04      1879  2324.7  2339.4     1621     463     463    1158
         230    1.5e+04      1879  2324.7  2344.5     1665     463     463    1202
         231    1.5e+04      1879  2324.7  2329.3     1793     463     463    1330
         232    1.5e+04      1879  2324.7  2336.2     1829     463     463    1366
    *    233    1.5e+04      1909  2324.7  2326.7     1909     463     463    1446
         234    1.5e+04      1909  2324.7  2327.1     1754     463     463    1291
         235    1.5e+04      1909  2324.7  2339.5     1640     463     463    1177
         236    1.5e+04      1909  2324.7  2340.1     1622     463     463    1159
         237    1.5e+04      1909  2324.7  2337.7     1755     463     463    1292
         238    1.5e+04      1909  2324.7  2329.8     1774     463     463    1311
         239    1.5e+04      1909  2324.7  2334.1     1621     463     463    1158
               reducing step to 0.1
         240    1.5e+04      1909  2312.3  2312.3     1871     463     463    1408
    *    241    1.5e+04      2104  2302.3  2302.3     2104     463     463    1641
    *    242    1.5e+04      2148  2298.5  2298.5     2148     463     463    1685
    *    243    1.5e+04      2156  2298.5  2299.5     2156     463     463    1693
         244    1.5e+04      2156  2297.5  2297.5     2144     463     463    1681
         245    1.5e+04      2156  2297.5  2298.6     2072     463     463    1609
         246    1.5e+04      2156  2296.8  2296.8     2091     463     463    1628
         247    1.5e+04      2156  2296.8  2298.3     2000     463     463    1537
         248    1.5e+04      2156  2296.7  2296.7     2092     463     463    1629
    *    249    1.5e+04      2188  2296.7  2297.3     2188     463     463    1725
         250    1.5e+04      2188  2296.7  2297.9     2101     463     463    1638
         251    1.5e+04      2188  2296.2  2296.2     2115     462     462    1653
         252    1.5e+04      2188  2296.2  2296.6     2158     462     462    1696
    *    253    1.5e+04      2220  2295.3  2295.3     2220     462     462    1758
         254    1.5e+04      2220  2295.3  2296.6     2216     462     462    1754
         255    1.5e+04      2220  2295.1  2295.1     2207     462     462    1745
         256    1.5e+04      2220  2295.1  2296.3     2190     462     462    1728
         257    1.5e+04      2220  2294.2  2294.2     2179     462     462    1717
         258    1.5e+04      2220  2294.2  2294.7     2220     462     462    1758
         259    1.5e+04      2220  2294.1  2294.1     2196     463     463    1733
    *    260    1.5e+04      2237  2294.1  2294.3     2237     462     462    1775
         261    1.5e+04      2237  2294.1  2294.6     2162     462     462    1700
         262    1.5e+04      2237  2293.9  2293.9     2046     463     463    1583
         263    1.5e+04      2237  2293.9    2295     2172     462     462    1710
         264    1.5e+04      2237  2293.9  2295.4     2134     462     462    1672
         265    1.5e+04      2237  2293.7  2293.7     2145     462     462    1683
         266    1.5e+04      2237  2293.7  2294.6     2040     462     462    1578
         267    1.5e+04      2237  2293.7  2296.3     2002     463     463    1539
         268    1.5e+04      2237  2293.7  2295.8     2088     463     463    1625
         269    1.5e+04      2237  2293.7  2295.6     2016     462     462    1554
         270    1.5e+04      2237  2293.7  2294.9     2119     463     463    1656
         271    1.5e+04      2237  2293.7  2295.2     2158     462     462    1696
         272    1.5e+04      2237  2293.7    2295     2134     463     463    1671
         273    1.5e+04      2237  2293.7  2294.8     2224     462     462    1762
         274    1.5e+04      2237  2293.7  2294.3     2176     463     463    1713
         275    1.5e+04      2237  2293.7  2293.7     2198     462     462    1736
         276    1.5e+04      2237  2293.7  2293.7     2189     462     462    1727
         277    1.5e+04      2237  2293.5  2293.5     2207     462     462    1745
    *    278    1.5e+04      2243  2293.5  2293.7     2243     461     461    1782
         279    1.5e+04      2243  2293.4  2293.4     2232     461     461    1771
         280    1.5e+04      2243    2293    2293     2236     462     462    1774
    *    281    1.5e+04      2250    2293  2293.2     2250     461     461    1789
    *    282    1.5e+04      2268  2292.8  2292.8     2268     460     460    1808
         283    1.5e+04      2268  2292.6  2292.6     2263     460     460    1803
         284    1.5e+04      2268  2292.1  2292.1     2259     460     460    1799
         285    1.5e+04      2268  2292.1  2292.4     2263     460     460    1803
         286    1.5e+04      2268  2292.1  2292.4     2265     460     460    1805
         287    1.5e+04      2268  2292.1  2292.4     2262     460     460    1802
         288    1.5e+04      2268  2292.1  2292.3     2264     460     460    1804
         289    1.5e+04      2268  2292.1  2292.5     2264     460     460    1804
    *    290    1.5e+04      2270  2292.1  2292.5     2270     460     460    1810
         291    1.5e+04      2270  2292.1    2293     2263     460     460    1803
         292    1.5e+04      2270  2292.1  2292.5     2245     461     461    1784
         293    1.5e+04      2270  2292.1    2293     2246     461     461    1785
         294    1.5e+04      2270  2292.1  2292.4     2269     460     460    1809
         295    1.5e+04      2270  2292.1  2292.3     2227     460     460    1767
         296    1.5e+04      2270  2292.1  2292.9     2262     460     460    1802
         297    1.5e+04      2270  2292.1  2292.6     2255     460     460    1795
         298    1.5e+04      2270  2292.1  2292.2     2240     460     460    1780
         299    1.5e+04      2270  2292.1  2292.3     2243     460     460    1783
         300    1.5e+04      2270  2292.1  2292.6     2265     460     460    1805
         301    1.5e+04      2270  2292.1  2292.5     2236     460     460    1776
         302    1.5e+04      2270  2292.1  2292.3     2265     460     460    1805
         303    1.5e+04      2270  2292.1    2293     2257     460     460    1797
         304    1.5e+04      2270  2292.1  2292.7     2261     460     460    1801
         305    1.5e+04      2270  2292.1  2292.3     2257     460     460    1797
         306    1.5e+04      2270  2292.1  2292.7     2263     460     460    1803
         307    1.5e+04      2270  2292.1  2292.3     2260     460     460    1800
         308    1.5e+04      2270  2292.1  2292.6     2263     460     460    1803
         309    1.5e+04      2270  2292.1  2292.5     2262     460     460    1802
               reducing step to 0.05
         310    1.5e+04      2270 2288.35 2288.35     2260     460     460    1800
         311    1.5e+04      2270 2286.55 2286.55     2259     460     460    1799
         312    1.5e+04      2270 2286.55  2287.2     2270     460     460    1810
    *    313    1.5e+04      2272  2286.2  2286.2     2272     460     460    1812
         314    1.5e+04      2272  2286.2    2287     2268     460     460    1808
         315    1.5e+04      2272 2285.95 2285.95     2272     460     460    1812
    *    316    1.5e+04      2273 2285.95 2286.95     2273     460     460    1813
         317    1.5e+04      2273 2285.85 2285.85     2272     460     460    1812
         318    1.5e+04      2273 2285.85  2287.1     2272     460     460    1812
         319    1.5e+04      2273 2285.85 2285.85     2272     460     460    1812
         320    1.5e+04      2273 2285.85 2286.95     2269     460     460    1809
         321    1.5e+04      2273  2285.8  2285.8     2270     460     460    1810
         322    1.5e+04      2273  2285.8 2286.95     2270     460     460    1810
         323    1.5e+04      2273  2285.8 2285.85     2270     460     460    1810
         324    1.5e+04      2273  2285.8 2287.05     2269     460     460    1809
         325    1.5e+04      2273  2285.8  2285.8     2272     460     460    1812
         326    1.5e+04      2273  2285.8 2286.95     2267     460     460    1807
    *    327    1.5e+04      2274  2285.7  2285.7     2274     460     460    1814
         328    1.5e+04      2274  2285.7    2287     2259     460     460    1799
    *    329    1.5e+04      2275  2285.7  2285.7     2275     460     460    1815
         330    1.5e+04      2275  2285.7  2286.9     2269     460     460    1809
         331    1.5e+04      2275  2285.6  2285.6     2271     460     460    1811
         332    1.5e+04      2275  2285.6  2286.8     2267     460     460    1807
         333    1.5e+04      2275  2285.5  2285.5     2269     460     460    1809
         334    1.5e+04      2275  2285.5 2286.85     2271     460     460    1811
         335    1.5e+04      2275  2285.5  2285.6     2273     460     460    1813
         336    1.5e+04      2275  2285.5 2286.95     2268     460     460    1808
         337    1.5e+04      2275  2285.5 2285.55     2273     460     460    1813
         338    1.5e+04      2275  2285.5 2286.95     2269     460     460    1809
         339    1.5e+04      2275  2285.5  2285.6     2273     460     460    1813
         340    1.5e+04      2275  2285.5  2286.9     2269     460     460    1809
         341    1.5e+04      2275  2285.5 2285.65     2267     460     460    1807
         342    1.5e+04      2275  2285.5 2286.55     2268     460     460    1808
         343    1.5e+04      2275  2285.5 2285.55     2272     460     460    1812
         344    1.5e+04      2275  2285.5  2286.5     2267     460     460    1807
         345    1.5e+04      2275 2285.45 2285.45     2270     460     460    1810
         346    1.5e+04      2275 2285.45 2286.45     2264     460     460    1804
         347    1.5e+04      2275 2285.45  2285.7     2271     460     460    1811
         348    1.5e+04      2275 2285.45 2286.65     2268     460     460    1808
         349    1.5e+04      2275 2285.45  2285.8     2271     460     460    1811
         350    1.5e+04      2275 2285.45  2286.7     2269     460     460    1809
         351    1.5e+04      2275 2285.45  2285.8     2269     460     460    1809
         352    1.5e+04      2275 2285.45 2286.75     2263     460     460    1803
         353    1.5e+04      2275 2285.45  2285.7     2272     460     460    1812
         354    1.5e+04      2275 2285.45 2286.65     2268     460     460    1808
         355    1.5e+04      2275  2285.3  2285.3     2273     460     460    1813
         356    1.5e+04      2275  2285.3  2286.5     2261     460     460    1801
         357    1.5e+04      2275  2285.3  2285.6     2253     460     460    1793
         358    1.5e+04      2275  2285.3  2286.5     2267     460     460    1807
         359    1.5e+04      2275  2285.3 2285.35     2270     460     460    1810
         360    1.5e+04      2275  2285.3 2286.45     2269     460     460    1809
         361    1.5e+04      2275  2285.3 2285.35     2270     460     460    1810
         362    1.5e+04      2275  2285.3  2286.3     2269     460     460    1809
         363    1.5e+04      2275  2285.3 2285.35     2273     460     460    1813
         364    1.5e+04      2275  2285.3 2286.35     2265     460     460    1805
         365    1.5e+04      2275  2285.3  2285.5     2267     460     460    1807
         366    1.5e+04      2275  2285.3  2286.5     2266     460     460    1806
         367    1.5e+04      2275  2285.3  2285.6     2272     460     460    1812
         368    1.5e+04      2275  2285.3 2286.55     2265     460     460    1805
         369    1.5e+04      2275  2285.3  2285.3     2273     460     460    1813
         370    1.5e+04      2275  2285.3 2286.45     2269     460     460    1809
         371    1.5e+04      2275  2285.3 2285.45     2272     460     460    1812
         372    1.5e+04      2275  2285.3  2286.4     2266     460     460    1806
         373    1.5e+04      2275  2285.3 2285.55     2270     460     460    1810
         374    1.5e+04      2275  2285.3 2286.35     2269     460     460    1809
         375    1.5e+04      2275  2285.3  2285.7     2271     460     460    1811
         376    1.5e+04      2275  2285.3  2286.4     2267     460     460    1807
         377    1.5e+04      2275  2285.3  2285.7     2269     460     460    1809
         378    1.5e+04      2275  2285.3  2286.4     2267     460     460    1807
         379    1.5e+04      2275  2285.3  2285.5     2270     460     460    1810
         380    1.5e+04      2275  2285.3 2286.35     2269     460     460    1809
         381    1.5e+04      2275  2285.3  2285.6     2265     460     460    1805
         382    1.5e+04      2275  2285.3 2286.35     2269     460     460    1809
         383    1.5e+04      2275  2285.3 2285.65     2268     460     460    1808
         384    1.5e+04      2275  2285.3  2286.4     2268     460     460    1808
         385    1.5e+04      2275  2285.3 2285.55     2265     460     460    1805
         386    1.5e+04      2275  2285.3 2286.45     2270     460     460    1810
         387    1.5e+04      2275  2285.3 2285.45     2269     460     460    1809
         388    1.5e+04      2275  2285.3 2286.45     2269     460     460    1809
         389    1.5e+04      2275  2285.3  2285.4     2269     460     460    1809
         390    1.5e+04      2275  2285.3  2286.5     2270     460     460    1810
         391    1.5e+04      2275  2285.3 2285.45     2269     460     460    1809
         392    1.5e+04      2275  2285.3 2286.45     2269     460     460    1809
         393    1.5e+04      2275  2285.3  2285.4     2269     460     460    1809
         394    1.5e+04      2275  2285.3  2286.5     2270     460     460    1810
               reducing step to 0.025
         395    1.5e+04      2275  2284.4  2284.4     2240     460     460    1780
         396    1.5e+04      2275 2283.77 2283.77     2219     460     460    1759
         397    1.5e+04      2275 2283.77 2284.02     2266     460     460    1806
         398    1.5e+04      2275  2283.7  2283.7     2273     460     460    1813
         399    1.5e+04      2275  2283.7 2283.82     2268     460     460    1808
         400    1.5e+04      2275 2283.67 2283.67     2275     460     460    1815
         401    1.5e+04      2275 2283.67  2283.7     2269     460     460    1809
         402    1.5e+04      2275 2283.62 2283.62     2274     460     460    1814
         403    1.5e+04      2275 2283.62 2283.72     2270     460     460    1810
         404    1.5e+04      2275 2283.62 2283.65     2274     460     460    1814
         405    1.5e+04      2275 2283.62  2283.7     2272     460     460    1812
    *    406    1.5e+04      2276 2283.55 2283.55     2276     460     460    1816
         407    1.5e+04      2276 2283.55 2283.75     2271     460     460    1811
         408    1.5e+04      2276 2283.55 2283.58     2276     460     460    1816
         409    1.5e+04      2276 2283.55 2283.67     2271     460     460    1811
         410    1.5e+04      2276 2283.55 2283.55     2275     460     460    1815
         411    1.5e+04      2276 2283.55 2283.72     2272     460     460    1812
         412    1.5e+04      2276 2283.55  2283.6     2275     460     460    1815
         413    1.5e+04      2276 2283.55 2283.67     2270     460     460    1810
         414    1.5e+04      2276 2283.55 2283.55     2275     460     460    1815
         415    1.5e+04      2276 2283.55  2283.7     2271     460     460    1811
         416    1.5e+04      2276 2283.55 2283.55     2274     460     460    1814
         417    1.5e+04      2276 2283.55 2283.67     2268     460     460    1808
         418    1.5e+04      2276  2283.5  2283.5     2269     460     460    1809
         419    1.5e+04      2276  2283.5 2283.67     2270     460     460    1810
         420    1.5e+04      2276 2283.47 2283.47     2275     460     460    1815
         421    1.5e+04      2276 2283.47 2283.62     2270     460     460    1810
         422    1.5e+04      2276 2283.45 2283.45     2266     460     460    1806
         423    1.5e+04      2276 2283.45 2283.67     2270     460     460    1810
         424    1.5e+04      2276 2283.45 2283.55     2275     460     460    1815
         425    1.5e+04      2276 2283.45 2283.62     2269     460     460    1809
         426    1.5e+04      2276 2283.45  2283.5     2271     460     460    1811
         427    1.5e+04      2276 2283.45 2283.62     2268     460     460    1808
         428    1.5e+04      2276 2283.45  2283.5     2273     460     460    1813
         429    1.5e+04      2276 2283.45 2283.57     2271     460     460    1811
         430    1.5e+04      2276 2283.45 2283.45     2272     460     460    1812
         431    1.5e+04      2276 2283.45 2283.57     2272     460     460    1812
         432    1.5e+04      2276 2283.45 2283.47     2270     460     460    1810
         433    1.5e+04      2276 2283.45  2283.6     2269     460     460    1809
         434    1.5e+04      2276  2283.4  2283.4     2271     460     460    1811
         435    1.5e+04      2276  2283.4 2283.62     2271     460     460    1811
         436    1.5e+04      2276  2283.4 2283.47     2273     460     460    1813
         437    1.5e+04      2276  2283.4 2283.62     2270     460     460    1810
         438    1.5e+04      2276 2283.37 2283.37     2273     460     460    1813
         439    1.5e+04      2276 2283.37 2283.65     2271     460     460    1811
         440    1.5e+04      2276 2283.37 2283.42     2233     460     460    1773
         441    1.5e+04      2276 2283.37 2283.65     2265     461     461    1804
         442    1.5e+04      2276 2283.37 2283.57     2247     461     461    1786
         443    1.5e+04      2276 2283.37  2283.7     2240     461     461    1779
         444    1.5e+04      2276 2283.37 2283.55     2270     460     460    1810
         445    1.5e+04      2276 2283.37 2283.55     2270     460     460    1810
         446    1.5e+04      2276 2283.37 2283.45     2271     460     460    1811
         447    1.5e+04      2276 2283.37  2283.6     2271     460     460    1811
         448    1.5e+04      2276 2283.37 2283.47     2271     460     460    1811
         449    1.5e+04      2276 2283.37 2283.57     2269     460     460    1809
         450    1.5e+04      2276 2283.37  2283.4     2274     460     460    1814
         451    1.5e+04      2276 2283.37 2283.52     2270     460     460    1810
         452    1.5e+04      2276 2283.37 2283.45     2274     460     460    1814
         453    1.5e+04      2276 2283.37  2283.5     2270     460     460    1810
         454    1.5e+04      2276 2283.37 2283.45     2275     460     460    1815
         455    1.5e+04      2276 2283.37 2283.55     2272     460     460    1812
         456    1.5e+04      2276 2283.37  2283.4     2274     460     460    1814
         457    1.5e+04      2276 2283.37 2283.55     2270     460     460    1810
         458    1.5e+04      2276 2283.35 2283.35     2273     460     460    1813
         459    1.5e+04      2276 2283.35 2283.53     2272     460     460    1812
         460    1.5e+04      2276  2283.3  2283.3     2274     460     460    1814
         461    1.5e+04      2276  2283.3 2283.53     2271     460     460    1811
         462    1.5e+04      2276 2283.27 2283.27     2272     460     460    1812
         463    1.5e+04      2276 2283.27 2283.55     2273     460     460    1813
         464    1.5e+04      2276 2283.27  2283.3     2272     460     460    1812
         465    1.5e+04      2276 2283.27 2283.53     2272     460     460    1812
         466    1.5e+04      2276 2283.27 2283.27     2272     460     460    1812
         467    1.5e+04      2276 2283.27 2283.55     2273     460     460    1813
         468    1.5e+04      2276 2283.27 2283.32     2271     460     460    1811
         469    1.5e+04      2276 2283.27 2283.55     2270     460     460    1810
         470    1.5e+04      2276 2283.27 2283.27     2271     460     460    1811
         471    1.5e+04      2276 2283.27 2283.55     2272     460     460    1812
         472    1.5e+04      2276 2283.27 2283.27     2272     460     460    1812
         473    1.5e+04      2276 2283.27 2283.55     2268     460     460    1808
         474    1.5e+04      2276 2283.27  2283.3     2271     460     460    1811
         475    1.5e+04      2276 2283.27  2283.5     2271     460     460    1811
         476    1.5e+04      2276 2283.27 2283.38     2272     460     460    1812
         477    1.5e+04      2276 2283.27 2283.45     2270     460     460    1810
         478    1.5e+04      2276 2283.27 2283.35     2273     460     460    1813
         479    1.5e+04      2276 2283.27  2283.5     2271     460     460    1811
         480    1.5e+04      2276 2283.27 2283.37     2273     460     460    1813
         481    1.5e+04      2276 2283.27 2283.47     2270     460     460    1810
         482    1.5e+04      2276 2283.27 2283.35     2271     460     460    1811
         483    1.5e+04      2276 2283.27 2283.52     2269     460     460    1809
         484    1.5e+04      2276 2283.27 2283.35     2271     460     460    1811
         485    1.5e+04      2276 2283.27 2283.55     2270     460     460    1810
         486    1.5e+04      2276 2283.27 2283.37     2266     460     460    1806
         487    1.5e+04      2276 2283.27  2283.5     2271     460     460    1811
               reducing step to 0.0125
         488    1.5e+04      2276 2282.77 2282.77     2264     460     460    1804
         489    1.5e+04      2276 2282.54 2282.54     2260     460     460    1800
    *    490    1.5e+04      2277 2282.54 2282.72     2277     460     460    1817
         491    1.5e+04      2277  2282.5  2282.5     2273     460     460    1813
         492    1.5e+04      2277  2282.5 2282.67     2276     460     460    1816
         493    1.5e+04      2277 2282.45 2282.45     2274     460     460    1814
         494    1.5e+04      2277 2282.45 2282.66     2276     460     460    1816
         495    1.5e+04      2277 2282.45 2282.45     2274     460     460    1814
         496    1.5e+04      2277 2282.45 2282.66     2275     460     460    1815
         497    1.5e+04      2277 2282.41 2282.41     2271     460     460    1811
         498    1.5e+04      2277 2282.41 2282.62     2274     460     460    1814
         499    1.5e+04      2277 2282.41 2282.41     2271     460     460    1811
         500    1.5e+04      2277 2282.41 2282.59     2276     460     460    1816
         501    1.5e+04      2277 2282.39 2282.39     2274     460     460    1814
         502    1.5e+04      2277 2282.39  2282.6     2276     460     460    1816
         503    1.5e+04      2277 2282.39 2282.39     2274     460     460    1814
         504    1.5e+04      2277 2282.39 2282.59     2275     460     460    1815
         505    1.5e+04      2277 2282.39 2282.39     2273     460     460    1813
         506    1.5e+04      2277 2282.39 2282.59     2275     460     460    1815
         507    1.5e+04      2277 2282.36 2282.36     2274     460     460    1814
         508    1.5e+04      2277 2282.36 2282.57     2275     460     460    1815
         509    1.5e+04      2277 2282.36 2282.36     2275     460     460    1815
         510    1.5e+04      2277 2282.36 2282.57     2275     460     460    1815
         511    1.5e+04      2277 2282.36 2282.36     2274     460     460    1814
         512    1.5e+04      2277 2282.36 2282.59     2275     460     460    1815
         513    1.5e+04      2277 2282.36 2282.36     2274     460     460    1814
         514    1.5e+04      2277 2282.36 2282.56     2274     460     460    1814
         515    1.5e+04      2277 2282.36 2282.36     2273     460     460    1813
         516    1.5e+04      2277 2282.36  2282.6     2275     460     460    1815
         517    1.5e+04      2277 2282.36 2282.36     2274     460     460    1814
         518    1.5e+04      2277 2282.36 2282.56     2274     460     460    1814
         519    1.5e+04      2277 2282.35 2282.35     2273     460     460    1813
         520    1.5e+04      2277 2282.35 2282.55     2274     460     460    1814
         521    1.5e+04      2277 2282.35 2282.35     2274     460     460    1814
         522    1.5e+04      2277 2282.35 2282.55     2275     460     460    1815
         523    1.5e+04      2277 2282.35 2282.36     2274     460     460    1814
         524    1.5e+04      2277 2282.35 2282.55     2274     460     460    1814
         525    1.5e+04      2277 2282.34 2282.34     2274     460     460    1814
         526    1.5e+04      2277 2282.34 2282.54     2273     460     460    1813
         527    1.5e+04      2277 2282.34 2282.38     2268     460     460    1808
         528    1.5e+04      2277 2282.34 2282.59     2272     460     460    1812
         529    1.5e+04      2277 2282.34 2282.34     2273     460     460    1813
         530    1.5e+04      2277 2282.34 2282.55     2273     460     460    1813
         531    1.5e+04      2277 2282.31 2282.31     2273     460     460    1813
         532    1.5e+04      2277 2282.31 2282.51     2275     460     460    1815
         533    1.5e+04      2277 2282.31 2282.33     2271     460     460    1811
         534    1.5e+04      2277 2282.31 2282.55     2273     460     460    1813
         535    1.5e+04      2277 2282.31 2282.35     2272     460     460    1812
         536    1.5e+04      2277 2282.31 2282.54     2274     460     460    1814
         537    1.5e+04      2277 2282.31 2282.36     2271     460     460    1811
         538    1.5e+04      2277 2282.31 2282.55     2270     460     460    1810
         539    1.5e+04      2277 2282.31 2282.36     2270     460     460    1810
         540    1.5e+04      2277 2282.31 2282.57     2269     460     460    1809
         541    1.5e+04      2277 2282.31 2282.39     2269     460     460    1809
         542    1.5e+04      2277 2282.31 2282.55     2275     460     460    1815
         543    1.5e+04      2277 2282.31 2282.34     2272     460     460    1812
         544    1.5e+04      2277 2282.31 2282.52     2274     460     460    1814
         545    1.5e+04      2277 2282.31 2282.33     2271     460     460    1811
         546    1.5e+04      2277 2282.31 2282.57     2269     460     460    1809
         547    1.5e+04      2277 2282.31 2282.34     2271     460     460    1811
         548    1.5e+04      2277 2282.31 2282.55     2273     460     460    1813
         549    1.5e+04      2277 2282.31 2282.31     2274     460     460    1814
         550    1.5e+04      2277 2282.31 2282.51     2272     460     460    1812
         551    1.5e+04      2277 2282.31 2282.31     2274     460     460    1814
         552    1.5e+04      2277 2282.31  2282.5     2275     460     460    1815
         553    1.5e+04      2277 2282.29 2282.29     2274     460     460    1814
         554    1.5e+04      2277 2282.29 2282.51     2274     460     460    1814
         555    1.5e+04      2277 2282.29  2282.3     2274     460     460    1814
         556    1.5e+04      2277 2282.29  2282.5     2274     460     460    1814
         557    1.5e+04      2277 2282.29 2282.29     2273     460     460    1813
         558    1.5e+04      2277 2282.29 2282.54     2272     460     460    1812
         559    1.5e+04      2277 2282.29  2282.3     2272     460     460    1812
         560    1.5e+04      2277 2282.29 2282.52     2273     460     460    1813
         561    1.5e+04      2277 2282.26 2282.26     2273     460     460    1813
         562    1.5e+04      2277 2282.26 2282.47     2274     460     460    1814
         563    1.5e+04      2277 2282.26 2282.29     2274     460     460    1814
         564    1.5e+04      2277 2282.26 2282.49     2275     460     460    1815
         565    1.5e+04      2277 2282.26 2282.28     2274     460     460    1814
         566    1.5e+04      2277 2282.26 2282.49     2275     460     460    1815
         567    1.5e+04      2277 2282.26 2282.29     2268     460     460    1808
         568    1.5e+04      2277 2282.26 2282.49     2275     460     460    1815
         569    1.5e+04      2277 2282.26 2282.28     2273     460     460    1813
         570    1.5e+04      2277 2282.26 2282.49     2272     460     460    1812
         571    1.5e+04      2277 2282.26 2282.31     2270     460     460    1810
         572    1.5e+04      2277 2282.26 2282.51     2272     460     460    1812
         573    1.5e+04      2277 2282.26 2282.34     2271     460     460    1811
         574    1.5e+04      2277 2282.26 2282.52     2272     460     460    1812
         575    1.5e+04      2277 2282.26 2282.31     2270     460     460    1810
         576    1.5e+04      2277 2282.26 2282.54     2271     460     460    1811
         577    1.5e+04      2277 2282.26  2282.3     2271     460     460    1811
         578    1.5e+04      2277 2282.26 2282.51     2272     460     460    1812
         579    1.5e+04      2277 2282.26 2282.31     2271     460     460    1811
         580    1.5e+04      2277 2282.26 2282.51     2271     460     460    1811
         581    1.5e+04      2277 2282.26 2282.29     2270     460     460    1810
         582    1.5e+04      2277 2282.26  2282.5     2272     460     460    1812
         583    1.5e+04      2277 2282.26  2282.3     2270     460     460    1810
         584    1.5e+04      2277 2282.26  2282.5     2272     460     460    1812
         585    1.5e+04      2277 2282.26  2282.3     2271     460     460    1811
         586    1.5e+04      2277 2282.26  2282.5     2272     460     460    1812
               reducing step to 0.00625
         587    1.5e+04      2277 2282.05 2282.05     2277     460     460    1817
         588    1.5e+04      2277 2281.91 2281.91     2237     460     460    1777
         589    1.5e+04      2277 2281.89 2281.89     2276     460     460    1816
         590    1.5e+04      2277 2281.85 2281.85     2274     460     460    1814
         591    1.5e+04      2277 2281.85 2281.96     2275     460     460    1815
         592    1.5e+04      2277 2281.84 2281.84     2273     460     460    1813
         593    1.5e+04      2277 2281.84 2281.97     2273     460     460    1813
         594    1.5e+04      2277 2281.84 2281.86     2275     460     460    1815
         595    1.5e+04      2277 2281.84 2281.96     2273     460     460    1813
         596    1.5e+04      2277 2281.84 2281.84     2275     460     460    1815
         597    1.5e+04      2277 2281.84 2281.96     2275     460     460    1815
         598    1.5e+04      2277 2281.83 2281.83     2274     460     460    1814
         599    1.5e+04      2277 2281.83 2281.96     2275     460     460    1815
         600    1.5e+04      2277 2281.82 2281.82     2274     460     460    1814
         601    1.5e+04      2277 2281.82 2281.95     2275     460     460    1815
         602    1.5e+04      2277 2281.82 2281.83     2275     460     460    1815
         603    1.5e+04      2277 2281.82 2281.95     2275     460     460    1815
         604    1.5e+04      2277 2281.82 2281.82     2275     460     460    1815
         605    1.5e+04      2277 2281.82 2281.95     2272     460     460    1812
         606    1.5e+04      2277 2281.82 2281.83     2274     460     460    1814
         607    1.5e+04      2277 2281.82 2281.96     2274     460     460    1814
         608    1.5e+04      2277 2281.81 2281.81     2275     460     460    1815
         609    1.5e+04      2277 2281.81 2281.95     2274     460     460    1814
         610    1.5e+04      2277 2281.81 2281.81     2275     460     460    1815
         611    1.5e+04      2277 2281.81 2281.95     2274     460     460    1814
         612    1.5e+04      2277 2281.81 2281.81     2275     460     460    1815
         613    1.5e+04      2277 2281.81 2281.93     2274     460     460    1814
         614    1.5e+04      2277 2281.79 2281.79     2274     460     460    1814
         615    1.5e+04      2277 2281.79 2281.92     2274     460     460    1814
         616    1.5e+04      2277 2281.79 2281.79     2274     460     460    1814
         617    1.5e+04      2277 2281.79 2281.92     2274     460     460    1814
         618    1.5e+04      2277 2281.79 2281.79     2275     460     460    1815
         619    1.5e+04      2277 2281.79 2281.92     2273     460     460    1813
         620    1.5e+04      2277 2281.79 2281.79     2275     460     460    1815
         621    1.5e+04      2277 2281.79 2281.92     2271     460     460    1811
         622    1.5e+04      2277 2281.79 2281.79     2273     460     460    1813
         623    1.5e+04      2277 2281.79 2281.92     2274     460     460    1814
         624    1.5e+04      2277 2281.79 2281.79     2274     460     460    1814
         625    1.5e+04      2277 2281.79 2281.92     2274     460     460    1814
         626    1.5e+04      2277 2281.79 2281.79     2275     460     460    1815
         627    1.5e+04      2277 2281.79 2281.92     2272     460     460    1812
         628    1.5e+04      2277 2281.79  2281.8     2275     460     460    1815
         629    1.5e+04      2277 2281.79 2281.93     2272     460     460    1812
         630    1.5e+04      2277 2281.79 2281.79     2271     460     460    1811
         631    1.5e+04      2277 2281.79 2281.93     2272     460     460    1812
         632    1.5e+04      2277 2281.79 2281.79     2271     460     460    1811
         633    1.5e+04      2277 2281.79 2281.91     2274     460     460    1814
         634    1.5e+04      2277 2281.79  2281.8     2273     460     460    1813
         635    1.5e+04      2277 2281.79 2281.92     2273     460     460    1813
         636    1.5e+04      2277 2281.79 2281.79     2275     460     460    1815
         637    1.5e+04      2277 2281.79 2281.92     2273     460     460    1813
         638    1.5e+04      2277 2281.78 2281.78     2275     460     460    1815
         639    1.5e+04      2277 2281.78 2281.91     2273     460     460    1813
         640    1.5e+04      2277 2281.78 2281.78     2273     460     460    1813
         641    1.5e+04      2277 2281.78 2281.91     2273     460     460    1813
         642    1.5e+04      2277 2281.78 2281.78     2275     460     460    1815
         643    1.5e+04      2277 2281.78 2281.91     2273     460     460    1813
         644    1.5e+04      2277 2281.78 2281.78     2274     460     460    1814
         645    1.5e+04      2277 2281.78 2281.91     2272     460     460    1812
         646    1.5e+04      2277 2281.77 2281.77     2274     460     460    1814
         647    1.5e+04      2277 2281.77 2281.91     2272     460     460    1812
         648    1.5e+04      2277 2281.77 2281.77     2272     460     460    1812
         649    1.5e+04      2277 2281.77 2281.91     2268     460     460    1808
         650    1.5e+04      2277 2281.77 2281.79     2272     460     460    1812
         651    1.5e+04      2277 2281.77 2281.91     2272     460     460    1812
         652    1.5e+04      2277 2281.77 2281.78     2272     460     460    1812
         653    1.5e+04      2277 2281.77 2281.91     2272     460     460    1812
         654    1.5e+04      2277 2281.77 2281.78     2272     460     460    1812
         655    1.5e+04      2277 2281.77 2281.91     2271     460     460    1811
         656    1.5e+04      2277 2281.77 2281.79     2272     460     460    1812
         657    1.5e+04      2277 2281.77 2281.91     2272     460     460    1812
         658    1.5e+04      2277 2281.77 2281.78     2271     460     460    1811
         659    1.5e+04      2277 2281.77 2281.92     2271     460     460    1811
         660    1.5e+04      2277 2281.77 2281.78     2271     460     460    1811
         661    1.5e+04      2277 2281.77 2281.91     2271     460     460    1811
         662    1.5e+04      2277 2281.77 2281.78     2272     460     460    1812
         663    1.5e+04      2277 2281.77 2281.92     2271     460     460    1811
         664    1.5e+04      2277 2281.77 2281.78     2269     460     460    1809
         665    1.5e+04      2277 2281.77 2281.91     2270     460     460    1810
         666    1.5e+04      2277 2281.77 2281.78     2272     460     460    1812
         667    1.5e+04      2277 2281.77 2281.91     2271     460     460    1811
         668    1.5e+04      2277 2281.77 2281.77     2274     460     460    1814
         669    1.5e+04      2277 2281.77 2281.91     2271     460     460    1811
         670    1.5e+04      2277 2281.77 2281.78     2273     460     460    1813
         671    1.5e+04      2277 2281.77 2281.89     2273     460     460    1813
               reducing step to 0.003125
         672    1.5e+04      2277 2281.69 2281.69     2276     460     460    1816
         673    1.5e+04      2277 2281.63 2281.63     2276     460     460    1816
         674    1.5e+04      2277 2281.63 2281.64     2270     460     460    1810
         675    1.5e+04      2277 2281.61 2281.61     2275     460     460    1815
         676    1.5e+04      2277 2281.61 2281.63     2275     460     460    1815
         677    1.5e+04      2277 2281.61 2281.62     2275     460     460    1815
         678    1.5e+04      2277 2281.61 2281.62     2272     460     460    1812
         679    1.5e+04      2277 2281.59 2281.59     2276     460     460    1816
         680    1.5e+04      2277 2281.59  2281.6     2275     460     460    1815
         681    1.5e+04      2277 2281.59 2281.63     2276     460     460    1816
         682    1.5e+04      2277 2281.59 2281.59     2274     460     460    1814
         683    1.5e+04      2277 2281.59 2281.62     2276     460     460    1816
         684    1.5e+04      2277 2281.59  2281.6     2275     460     460    1815
         685    1.5e+04      2277 2281.59 2281.62     2277     460     460    1817
         686    1.5e+04      2277 2281.59 2281.59     2274     460     460    1814
         687    1.5e+04      2277 2281.59 2281.62     2276     460     460    1816
         688    1.5e+04      2277 2281.59 2281.59     2275     460     460    1815
         689    1.5e+04      2277 2281.59 2281.62     2274     460     460    1814
         690    1.5e+04      2277 2281.58 2281.58     2273     460     460    1813
         691    1.5e+04      2277 2281.58 2281.62     2276     460     460    1816
         692    1.5e+04      2277 2281.58 2281.58     2273     460     460    1813
         693    1.5e+04      2277 2281.58 2281.61     2277     460     460    1817
         694    1.5e+04      2277 2281.58 2281.58     2273     460     460    1813
         695    1.5e+04      2277 2281.58 2281.61     2277     460     460    1817
         696    1.5e+04      2277 2281.58 2281.58     2274     460     460    1814
         697    1.5e+04      2277 2281.58 2281.62     2277     460     460    1817
         698    1.5e+04      2277 2281.58 2281.58     2273     460     460    1813
         699    1.5e+04      2277 2281.58 2281.61     2277     460     460    1817
         700    1.5e+04      2277 2281.58 2281.58     2274     460     460    1814
         701    1.5e+04      2277 2281.58 2281.61     2277     460     460    1817
         702    1.5e+04      2277 2281.57 2281.57     2273     460     460    1813
         703    1.5e+04      2277 2281.57 2281.61     2276     460     460    1816
         704    1.5e+04      2277 2281.57 2281.58     2274     460     460    1814
         705    1.5e+04      2277 2281.57 2281.62     2276     460     460    1816
         706    1.5e+04      2277 2281.57 2281.57     2273     460     460    1813
         707    1.5e+04      2277 2281.57  2281.6     2273     460     460    1813
         708    1.5e+04      2277 2281.57 2281.57     2273     460     460    1813
         709    1.5e+04      2277 2281.57  2281.6     2276     460     460    1816
         710    1.5e+04      2277 2281.57 2281.58     2270     460     460    1810
         711    1.5e+04      2277 2281.57  2281.6     2274     460     460    1814
         712    1.5e+04      2277 2281.57 2281.57     2273     460     460    1813
         713    1.5e+04      2277 2281.57  2281.6     2277     460     460    1817
         714    1.5e+04      2277 2281.57 2281.57     2270     460     460    1810
         715    1.5e+04      2277 2281.57  2281.6     2276     460     460    1816
         716    1.5e+04      2277 2281.57 2281.57     2274     460     460    1814
         717    1.5e+04      2277 2281.57  2281.6     2277     460     460    1817
         718    1.5e+04      2277 2281.57 2281.57     2273     460     460    1813
         719    1.5e+04      2277 2281.57  2281.6     2277     460     460    1817
         720    1.5e+04      2277 2281.57 2281.57     2273     460     460    1813
         721    1.5e+04      2277 2281.57  2281.6     2277     460     460    1817
         722    1.5e+04      2277 2281.57 2281.57     2272     460     460    1812
         723    1.5e+04      2277 2281.57  2281.6     2277     460     460    1817
         724    1.5e+04      2277 2281.57 2281.57     2274     460     460    1814
         725    1.5e+04      2277 2281.57  2281.6     2277     460     460    1817
         726    1.5e+04      2277 2281.57 2281.57     2273     460     460    1813
         727    1.5e+04      2277 2281.57  2281.6     2268     460     460    1808
         728    1.5e+04      2277 2281.57 2281.57     2274     460     460    1814
         729    1.5e+04      2277 2281.57  2281.6     2277     460     460    1817
         730    1.5e+04      2277 2281.57 2281.57     2272     460     460    1812
         731    1.5e+04      2277 2281.57  2281.6     2275     460     460    1815
         732    1.5e+04      2277 2281.57 2281.57     2270     460     460    1810
         733    1.5e+04      2277 2281.57  2281.6     2274     460     460    1814
         734    1.5e+04      2277 2281.57 2281.57     2271     460     460    1811
         735    1.5e+04      2277 2281.57  2281.6     2276     460     460    1816
         736    1.5e+04      2277 2281.57 2281.57     2271     460     460    1811
         737    1.5e+04      2277 2281.57  2281.6     2273     460     460    1813
         738    1.5e+04      2277 2281.57 2281.57     2272     460     460    1812
         739    1.5e+04      2277 2281.57 2281.59     2276     460     460    1816
         740    1.5e+04      2277 2281.57 2281.57     2273     460     460    1813
         741    1.5e+04      2277 2281.57  2281.6     2275     460     460    1815
         742    1.5e+04      2277 2281.56 2281.56     2273     460     460    1813
         743    1.5e+04      2277 2281.56 2281.59     2277     460     460    1817
         744    1.5e+04      2277 2281.56 2281.56     2274     460     460    1814
         745    1.5e+04      2277 2281.56 2281.59     2277     460     460    1817
         746    1.5e+04      2277 2281.56 2281.56     2273     460     460    1813
         747    1.5e+04      2277 2281.56 2281.59     2276     460     460    1816
         748    1.5e+04      2277 2281.56 2281.56     2274     460     460    1814
         749    1.5e+04      2277 2281.56 2281.59     2275     460     460    1815
         750    1.5e+04      2277 2281.55 2281.55     2273     460     460    1813
         751    1.5e+04      2277 2281.55 2281.59     2276     460     460    1816
         752    1.5e+04      2277 2281.55 2281.56     2274     460     460    1814
         753    1.5e+04      2277 2281.55 2281.59     2276     460     460    1816
         754    1.5e+04      2277 2281.55 2281.55     2272     460     460    1812
         755    1.5e+04      2277 2281.55 2281.59     2277     460     460    1817
         756    1.5e+04      2277 2281.55 2281.56     2274     460     460    1814
         757    1.5e+04      2277 2281.55 2281.58     2277     460     460    1817
         758    1.5e+04      2277 2281.55 2281.56     2270     460     460    1810
         759    1.5e+04      2277 2281.55 2281.58     2274     460     460    1814
         760    1.5e+04      2277 2281.55 2281.56     2273     460     460    1813
         761    1.5e+04      2277 2281.55 2281.59     2276     460     460    1816
         762    1.5e+04      2277 2281.55 2281.55     2271     460     460    1811
         763    1.5e+04      2277 2281.55 2281.58     2276     460     460    1816
         764    1.5e+04      2277 2281.55 2281.56     2273     460     460    1813
         765    1.5e+04      2277 2281.55 2281.58     2277     460     460    1817
         766    1.5e+04      2277 2281.55 2281.55     2272     460     460    1812
         767    1.5e+04      2277 2281.55 2281.58     2276     460     460    1816
         768    1.5e+04      2277 2281.55 2281.55     2273     460     460    1813
         769    1.5e+04      2277 2281.55 2281.58     2277     460     460    1817
         770    1.5e+04      2277 2281.55 2281.55     2272     460     460    1812
         771    1.5e+04      2277 2281.55 2281.58     2275     460     460    1815
         772    1.5e+04      2277 2281.55 2281.55     2272     460     460    1812
         773    1.5e+04      2277 2281.55 2281.58     2276     460     460    1816
         774    1.5e+04      2277 2281.55 2281.55     2273     460     460    1813
         775    1.5e+04      2277 2281.55 2281.58     2277     460     460    1817
         776    1.5e+04      2277 2281.55 2281.55     2274     460     460    1814
         777    1.5e+04      2277 2281.55 2281.58     2277     460     460    1817
         778    1.5e+04      2277 2281.55 2281.55     2272     460     460    1812
         779    1.5e+04      2277 2281.55 2281.57     2277     460     460    1817
         780    1.5e+04      2277 2281.55 2281.55     2273     460     460    1813
         781    1.5e+04      2277 2281.55 2281.58     2275     460     460    1815
         782    1.5e+04      2277 2281.55 2281.55     2272     460     460    1812
         783    1.5e+04      2277 2281.55 2281.58     2274     460     460    1814
         784    1.5e+04      2277 2281.55 2281.55     2273     460     460    1813
         785    1.5e+04      2277 2281.55 2281.58     2277     460     460    1817
         786    1.5e+04      2277 2281.55 2281.55     2273     460     460    1813
         787    1.5e+04      2277 2281.55 2281.58     2276     460     460    1816
         788    1.5e+04      2277 2281.55 2281.55     2274     460     460    1814
         789    1.5e+04      2277 2281.55 2281.58     2276     460     460    1816
         790    1.5e+04      2277 2281.54 2281.54     2273     460     460    1813
         791    1.5e+04      2277 2281.54 2281.57     2276     460     460    1816
         792    1.5e+04      2277 2281.54 2281.54     2274     460     460    1814
         793    1.5e+04      2277 2281.54 2281.58     2275     460     460    1815
         794    1.5e+04      2277 2281.54 2281.54     2272     460     460    1812
         795    1.5e+04      2277 2281.54 2281.57     2277     460     460    1817
         796    1.5e+04      2277 2281.54 2281.54     2273     460     460    1813
         797    1.5e+04      2277 2281.54 2281.57     2276     460     460    1816
         798    1.5e+04      2277 2281.53 2281.53     2273     460     460    1813
         799    1.5e+04      2277 2281.53 2281.57     2276     460     460    1816
         800    1.5e+04      2277 2281.53 2281.54     2272     460     460    1812
         801    1.5e+04      2277 2281.53 2281.58     2274     460     460    1814
         802    1.5e+04      2277 2281.53 2281.54     2271     460     460    1811
         803    1.5e+04      2277 2281.53 2281.57     2275     460     460    1815
         804    1.5e+04      2277 2281.53 2281.54     2273     460     460    1813
         805    1.5e+04      2277 2281.53 2281.57     2274     460     460    1814
         806    1.5e+04      2277 2281.53 2281.53     2271     460     460    1811
         807    1.5e+04      2277 2281.53 2281.57     2272     460     460    1812
         808    1.5e+04      2277 2281.53 2281.53     2274     460     460    1814
         809    1.5e+04      2277 2281.53 2281.57     2274     460     460    1814
         810    1.5e+04      2277 2281.53 2281.53     2270     460     460    1810
         811    1.5e+04      2277 2281.53 2281.57     2274     460     460    1814
         812    1.5e+04      2277 2281.53 2281.53     2271     460     460    1811
         813    1.5e+04      2277 2281.53 2281.58     2274     460     460    1814
         814    1.5e+04      2277 2281.53 2281.53     2270     460     460    1810
         815    1.5e+04      2277 2281.53 2281.56     2274     460     460    1814
         816    1.5e+04      2277 2281.53 2281.53     2273     460     460    1813
         817    1.5e+04      2277 2281.53 2281.56     2276     460     460    1816
         818    1.5e+04      2277 2281.53 2281.53     2273     460     460    1813
         819    1.5e+04      2277 2281.53 2281.56     2277     460     460    1817
         820    1.5e+04      2277 2281.53 2281.53     2274     460     460    1814
         821    1.5e+04      2277 2281.53 2281.56     2276     460     460    1816
         822    1.5e+04      2277 2281.53 2281.53     2273     460     460    1813
         823    1.5e+04      2277 2281.53 2281.56     2277     460     460    1817
         824    1.5e+04      2277 2281.53 2281.53     2274     460     460    1814
         825    1.5e+04      2277 2281.53 2281.56     2276     460     460    1816
         826    1.5e+04      2277 2281.52 2281.52     2273     460     460    1813
         827    1.5e+04      2277 2281.52 2281.56     2277     460     460    1817
         828    1.5e+04      2277 2281.52 2281.53     2275     460     460    1815
         829    1.5e+04      2277 2281.52 2281.56     2276     460     460    1816
         830    1.5e+04      2277 2281.52 2281.52     2274     460     460    1814
         831    1.5e+04      2277 2281.52 2281.56     2277     460     460    1817
         832    1.5e+04      2277 2281.52 2281.53     2275     460     460    1815
         833    1.5e+04      2277 2281.52 2281.57     2275     460     460    1815
         834    1.5e+04      2277 2281.52 2281.52     2271     460     460    1811
         835    1.5e+04      2277 2281.52 2281.56     2276     460     460    1816
         836    1.5e+04      2277 2281.52 2281.53     2272     460     460    1812
         837    1.5e+04      2277 2281.52 2281.57     2273     460     460    1813
         838    1.5e+04      2277 2281.52 2281.53     2271     460     460    1811
         839    1.5e+04      2277 2281.52 2281.56     2274     460     460    1814
         840    1.5e+04      2277 2281.52 2281.53     2272     460     460    1812
         841    1.5e+04      2277 2281.52 2281.56     2273     460     460    1813
         842    1.5e+04      2277 2281.52 2281.52     2271     460     460    1811
         843    1.5e+04      2277 2281.52 2281.56     2273     460     460    1813
         844    1.5e+04      2277 2281.52 2281.52     2271     460     460    1811
         845    1.5e+04      2277 2281.52 2281.56     2273     460     460    1813
         846    1.5e+04      2277 2281.52 2281.52     2271     460     460    1811
         847    1.5e+04      2277 2281.52 2281.56     2273     460     460    1813
         848    1.5e+04      2277 2281.52 2281.52     2270     460     460    1810
         849    1.5e+04      2277 2281.52 2281.56     2271     460     460    1811
         850    1.5e+04      2277 2281.52 2281.52     2270     460     460    1810
         851    1.5e+04      2277 2281.52 2281.56     2271     460     460    1811
         852    1.5e+04      2277 2281.52 2281.52     2269     460     460    1809
         853    1.5e+04      2277 2281.52 2281.55     2272     460     460    1812
         854    1.5e+04      2277 2281.52 2281.52     2272     460     460    1812
         855    1.5e+04      2277 2281.52 2281.56     2273     460     460    1813
         856    1.5e+04      2277 2281.52 2281.52     2271     460     460    1811
         857    1.5e+04      2277 2281.52 2281.55     2274     460     460    1814
         858    1.5e+04      2277 2281.52 2281.52     2272     460     460    1812
         859    1.5e+04      2277 2281.52 2281.56     2273     460     460    1813
         860    1.5e+04      2277 2281.52 2281.52     2271     460     460    1811
         861    1.5e+04      2277 2281.52 2281.55     2274     460     460    1814
         862    1.5e+04      2277 2281.52 2281.53     2270     460     460    1810
         863    1.5e+04      2277 2281.52 2281.55     2276     460     460    1816
         864    1.5e+04      2277 2281.52 2281.52     2269     460     460    1809
         865    1.5e+04      2277 2281.52 2281.55     2274     460     460    1814
         866    1.5e+04      2277 2281.52 2281.52     2272     460     460    1812
         867    1.5e+04      2277 2281.52 2281.55     2274     460     460    1814
         868    1.5e+04      2277 2281.52 2281.52     2273     460     460    1813
         869    1.5e+04      2277 2281.52 2281.55     2276     460     460    1816
         870    1.5e+04      2277 2281.52 2281.52     2275     460     460    1815
         871    1.5e+04      2277 2281.52 2281.55     2273     460     460    1813
         872    1.5e+04      2277 2281.51 2281.51     2273     460     460    1813
         873    1.5e+04      2277 2281.51 2281.54     2276     460     460    1816
         874    1.5e+04      2277 2281.51 2281.51     2275     460     460    1815
         875    1.5e+04      2277 2281.51 2281.55     2277     460     460    1817
         876    1.5e+04      2277 2281.51 2281.51     2274     460     460    1814
         877    1.5e+04      2277 2281.51 2281.55     2277     460     460    1817
         878    1.5e+04      2277 2281.51 2281.52     2275     460     460    1815
         879    1.5e+04      2277 2281.51 2281.55     2277     460     460    1817
         880    1.5e+04      2277 2281.51 2281.51     2273     460     460    1813
         881    1.5e+04      2277 2281.51 2281.54     2276     460     460    1816
         882    1.5e+04      2277 2281.51 2281.52     2274     460     460    1814
         883    1.5e+04      2277 2281.51 2281.54     2277     460     460    1817
         884    1.5e+04      2277 2281.51 2281.51     2269     460     460    1809
         885    1.5e+04      2277 2281.51 2281.54     2275     460     460    1815
         886    1.5e+04      2277 2281.51 2281.51     2274     460     460    1814
         887    1.5e+04      2277 2281.51 2281.54     2276     460     460    1816
         888    1.5e+04      2277 2281.51 2281.51     2273     460     460    1813
         889    1.5e+04      2277 2281.51 2281.54     2275     460     460    1815
         890    1.5e+04      2277 2281.51 2281.51     2273     460     460    1813
         891    1.5e+04      2277 2281.51 2281.55     2273     460     460    1813
         892    1.5e+04      2277  2281.5  2281.5     2269     460     460    1809
         893    1.5e+04      2277  2281.5 2281.55     2273     460     460    1813
         894    1.5e+04      2277  2281.5 2281.51     2270     460     460    1810
         895    1.5e+04      2277  2281.5 2281.56     2268     460     460    1808
         896    1.5e+04      2277  2281.5 2281.51     2271     460     460    1811
         897    1.5e+04      2277  2281.5 2281.55     2274     460     460    1814
         898    1.5e+04      2277  2281.5 2281.51     2270     460     460    1810
         899    1.5e+04      2277  2281.5 2281.55     2270     460     460    1810
         900    1.5e+04      2277  2281.5 2281.51     2272     460     460    1812
         901    1.5e+04      2277  2281.5 2281.54     2274     460     460    1814
         902    1.5e+04      2277  2281.5 2281.51     2269     460     460    1809
         903    1.5e+04      2277  2281.5 2281.54     2271     460     460    1811
         904    1.5e+04      2277  2281.5 2281.51     2270     460     460    1810
         905    1.5e+04      2277  2281.5 2281.54     2271     460     460    1811
         906    1.5e+04      2277  2281.5 2281.51     2269     460     460    1809
         907    1.5e+04      2277  2281.5 2281.54     2274     460     460    1814
         908    1.5e+04      2277  2281.5 2281.51     2271     460     460    1811
         909    1.5e+04      2277  2281.5 2281.54     2275     460     460    1815
         910    1.5e+04      2277  2281.5 2281.51     2271     460     460    1811
         911    1.5e+04      2277  2281.5 2281.54     2274     460     460    1814
         912    1.5e+04      2277  2281.5 2281.51     2269     460     460    1809
         913    1.5e+04      2277  2281.5 2281.55     2272     460     460    1812
         914    1.5e+04      2277  2281.5 2281.51     2270     460     460    1810
         915    1.5e+04      2277  2281.5 2281.55     2272     460     460    1812
         916    1.5e+04      2277  2281.5 2281.51     2270     460     460    1810
         917    1.5e+04      2277  2281.5 2281.55     2273     460     460    1813
               reducing step to 0.0015625
         918    1.5e+04      2277 2281.46 2281.46     2277     460     460    1817
         919    1.5e+04      2277 2281.42 2281.42     2271     460     460    1811
         920    1.5e+04      2277 2281.42 2281.42     2273     460     460    1813
         921    1.5e+04      2277  2281.4  2281.4     2275     460     460    1815
         922    1.5e+04      2277  2281.4 2281.43     2275     460     460    1815
         923    1.5e+04      2277  2281.4  2281.4     2276     460     460    1816
         924    1.5e+04      2277  2281.4 2281.42     2274     460     460    1814
         925    1.5e+04      2277  2281.4  2281.4     2276     460     460    1816
         926    1.5e+04      2277  2281.4 2281.43     2275     460     460    1815
         927    1.5e+04      2277  2281.4  2281.4     2275     460     460    1815
         928    1.5e+04      2277  2281.4 2281.42     2274     460     460    1814
         929    1.5e+04      2277  2281.4  2281.4     2277     460     460    1817
         930    1.5e+04      2277  2281.4 2281.42     2275     460     460    1815
         931    1.5e+04      2277  2281.4  2281.4     2277     460     460    1817
         932    1.5e+04      2277  2281.4 2281.42     2274     460     460    1814
         933    1.5e+04      2277  2281.4  2281.4     2276     460     460    1816
         934    1.5e+04      2277  2281.4 2281.42     2275     460     460    1815
         935    1.5e+04      2277 2281.39 2281.39     2276     460     460    1816
         936    1.5e+04      2277 2281.39 2281.42     2273     460     460    1813
    *    937    1.5e+04      2278 2281.39 2281.39     2278     460     460    1818
         938    1.5e+04      2278 2281.39 2281.42     2274     460     460    1814
         939    1.5e+04      2278 2281.39 2281.39     2277     460     460    1817
         940    1.5e+04      2278 2281.39 2281.42     2273     460     460    1813
         941    1.5e+04      2278 2281.39 2281.39     2277     460     460    1817
         942    1.5e+04      2278 2281.39 2281.42     2274     460     460    1814
         943    1.5e+04      2278 2281.39 2281.39     2276     460     460    1816
         944    1.5e+04      2278 2281.39 2281.42     2273     460     460    1813
         945    1.5e+04      2278 2281.39 2281.39     2276     460     460    1816
         946    1.5e+04      2278 2281.39 2281.42     2274     460     460    1814
         947    1.5e+04      2278 2281.39 2281.39     2276     460     460    1816
         948    1.5e+04      2278 2281.39 2281.42     2273     460     460    1813
         949    1.5e+04      2278 2281.39 2281.39     2276     460     460    1816
         950    1.5e+04      2278 2281.39 2281.42     2274     460     460    1814
         951    1.5e+04      2278 2281.39 2281.39     2276     460     460    1816
         952    1.5e+04      2278 2281.39 2281.42     2273     460     460    1813
         953    1.5e+04      2278 2281.39 2281.39     2277     460     460    1817
         954    1.5e+04      2278 2281.39 2281.42     2274     460     460    1814
         955    1.5e+04      2278 2281.39 2281.39     2277     460     460    1817
         956    1.5e+04      2278 2281.39 2281.41     2273     460     460    1813
         957    1.5e+04      2278 2281.39 2281.39     2277     460     460    1817
         958    1.5e+04      2278 2281.39 2281.42     2273     460     460    1813
         959    1.5e+04      2278 2281.39 2281.39     2277     460     460    1817
         960    1.5e+04      2278 2281.39 2281.41     2272     460     460    1812
         961    1.5e+04      2278 2281.38 2281.38     2276     460     460    1816
         962    1.5e+04      2278 2281.38 2281.42     2273     460     460    1813
         963    1.5e+04      2278 2281.38 2281.38     2277     460     460    1817
         964    1.5e+04      2278 2281.38 2281.41     2272     460     460    1812
         965    1.5e+04      2278 2281.38 2281.38     2277     460     460    1817
         966    1.5e+04      2278 2281.38 2281.41     2274     460     460    1814
         967    1.5e+04      2278 2281.38 2281.39     2277     460     460    1817
         968    1.5e+04      2278 2281.38 2281.41     2273     460     460    1813
         969    1.5e+04      2278 2281.38 2281.38     2274     460     460    1814
         970    1.5e+04      2278 2281.38 2281.42     2272     460     460    1812
         971    1.5e+04      2278 2281.38 2281.38     2274     460     460    1814
         972    1.5e+04      2278 2281.38 2281.41     2272     460     460    1812
         973    1.5e+04      2278 2281.38 2281.39     2275     460     460    1815
         974    1.5e+04      2278 2281.38 2281.42     2271     460     460    1811
         975    1.5e+04      2278 2281.38 2281.38     2276     460     460    1816
         976    1.5e+04      2278 2281.38 2281.41     2272     460     460    1812
         977    1.5e+04      2278 2281.38 2281.38     2276     460     460    1816
         978    1.5e+04      2278 2281.38 2281.41     2274     460     460    1814
         979    1.5e+04      2278 2281.38 2281.39     2276     460     460    1816
         980    1.5e+04      2278 2281.38 2281.41     2273     460     460    1813
         981    1.5e+04      2278 2281.38 2281.38     2277     460     460    1817
         982    1.5e+04      2278 2281.38 2281.41     2274     460     460    1814
         983    1.5e+04      2278 2281.38 2281.39     2275     460     460    1815
         984    1.5e+04      2278 2281.38 2281.41     2270     460     460    1810
         985    1.5e+04      2278 2281.38 2281.38     2274     460     460    1814
         986    1.5e+04      2278 2281.38 2281.41     2273     460     460    1813
         987    1.5e+04      2278 2281.38 2281.38     2273     460     460    1813
         988    1.5e+04      2278 2281.38 2281.41     2273     460     460    1813
         989    1.5e+04      2278 2281.38 2281.38     2276     460     460    1816
         990    1.5e+04      2278 2281.38 2281.41     2273     460     460    1813
         991    1.5e+04      2278 2281.38 2281.38     2277     460     460    1817
         992    1.5e+04      2278 2281.38 2281.41     2273     460     460    1813
         993    1.5e+04      2278 2281.38 2281.38     2277     460     460    1817
         994    1.5e+04      2278 2281.38 2281.41     2273     460     460    1813
         995    1.5e+04      2278 2281.38 2281.38     2269     460     460    1809
         996    1.5e+04      2278 2281.38 2281.41     2272     460     460    1812
         997    1.5e+04      2278 2281.38 2281.38     2277     460     460    1817
         998    1.5e+04      2278 2281.38 2281.41     2271     460     460    1811
         999    1.5e+04      2278 2281.38 2281.38     2276     460     460    1816
        1000    1.5e+04      2278 2281.38  2281.4     2273     460     460    1813
Total time used by klau is 43.67
true_align (1135) and est_align (460) DO NOT have the same number of elements.
method klau has a score of 26.78%
method klau used 43.668 seconds.
maximum values in init align row is:  1134
maximum values in init align col is:  1133
 best   iter   pr-delta       obj  weight    card overlap
    *      1    5.0e-01    1688.5     463     463    1457
    *      2    1.4e-01    1707.5     463     463    1476
           3    5.2e-02    1701.5     463     463    1470
           4    2.1e-02    1707.5     463     463    1476
           5    8.5e-03    1703.5     463     463    1472
           6    4.0e-03    1707.5     463     463    1476
           7    1.9e-03    1704.5     463     463    1473
           8    9.8e-04    1706.5     463     463    1475
           9    5.2e-04    1705.5     463     463    1474
          10    2.8e-04    1706.5     463     463    1475
          11    1.6e-04    1706.5     463     463    1475
          12    8.9e-05    1706.5     463     463    1475
          13    5.1e-05    1706.5     463     463    1475
          14    3.0e-05    1706.5     463     463    1475
          15    1.8e-05    1706.5     463     463    1475
          16    1.0e-05    1706.5     463     463    1475
          17    6.2e-06    1706.5     463     463    1475
          18    3.8e-06    1706.5     463     463    1475
          19    2.3e-06    1706.5     463     463    1475
          20    1.4e-06    1706.5     463     463    1475
          21    8.7e-07    1706.5     463     463    1475
          22    5.4e-07    1706.5     463     463    1475
          23    3.3e-07    1706.5     463     463    1475
          24    2.1e-07    1706.5     463     463    1475
          25    1.3e-07    1706.5     463     463    1475
          26    8.3e-08    1706.5     463     463    1475
          27    5.3e-08    1706.5     463     463    1475
          28    3.4e-08    1706.5     463     463    1475
          29    2.1e-08    1706.5     463     463    1475
          30    1.4e-08    1706.5     463     463    1475
          31    8.9e-09    1706.5     463     463    1475
          32    5.7e-09    1706.5     463     463    1475
          33    3.7e-09    1706.5     463     463    1475
          34    2.4e-09    1706.5     463     463    1475
          35    1.6e-09    1706.5     463     463    1475
          36    1.0e-09    1706.5     463     463    1475
          37    6.6e-10    1706.5     463     463    1475
          38    4.3e-10    1706.5     463     463    1475
          39    2.8e-10    1706.5     463     463    1475
          40    1.9e-10    1706.5     463     463    1475
          41    1.2e-10    1706.5     463     463    1475
          42    8.0e-11    1706.5     463     463    1475
          43    5.3e-11    1706.5     463     463    1475
          44    3.5e-11    1706.5     463     463    1475
          45    2.3e-11    1706.5     463     463    1475
          46    1.5e-11    1706.5     463     463    1475
          47    9.9e-12    1706.5     463     463    1475
          48    6.6e-12    1706.5     463     463    1475
          49    4.3e-12    1706.5     463     463    1475
          50    2.9e-12    1706.5     463     463    1475
          51    1.9e-12    1706.5     463     463    1475
          52    1.3e-12    1706.5     463     463    1475
          53    8.3e-13    1706.5     463     463    1475
Total time used by isorank is 0.70
true_align (1135) and est_align (463) DO NOT have the same number of elements.
method isorank has a score of 5.81%
method isorank used 0.704 seconds.
experiment results:
     method      score       time
0     final  29.074890   2.987493
1  netalign  27.312775   2.056162
2      klau  26.784141  43.667655
3   isorank   5.814978   0.704015
