Permutation sanity check error is 298.0.
Permutation sanity check error is 21326.0.
num_init for this graph is 10
Generating initial alignment matrix using degree ...
mode is  degree
number of noisy edges are:  10
Average number of initial alignments for each node is 20
maximum values in init align row is:  1134
maximum values in init align col is:  1134
Recovering sparse matrix L took 0.01 sec.
Time for degree: 0.01 sec
iteration 1
Time for iteration 1: 0.20 sec, diff = 0.59008
iteration 2
Time for iteration 2: 0.15 sec, diff = 0.06535
iteration 3
Time for iteration 3: 0.14 sec, diff = 0.01926
iteration 4
Time for iteration 4: 0.13 sec, diff = 0.00839
iteration 5
Time for iteration 5: 0.14 sec, diff = 0.00457
iteration 6
Time for iteration 6: 0.14 sec, diff = 0.00284
iteration 7
Time for iteration 7: 0.14 sec, diff = 0.00191
iteration 8
Time for iteration 8: 0.14 sec, diff = 0.00135
iteration 9
Time for iteration 9: 0.17 sec, diff = 0.00097
iteration 10
Time for iteration 10: 0.13 sec, diff = 0.00071
iteration 11
Time for iteration 11: 0.14 sec, diff = 0.00053
iteration 12
Time for iteration 12: 0.14 sec, diff = 0.00039
iteration 13
Time for iteration 13: 0.14 sec, diff = 0.00029
iteration 14
Time for iteration 14: 0.14 sec, diff = 0.00022
iteration 15
Time for iteration 15: 0.14 sec, diff = 0.00016
iteration 16
Time for iteration 16: 0.14 sec, diff = 0.00012
iteration 17
Time for iteration 17: 0.14 sec, diff = 0.00009
iteration 18
Time for iteration 18: 0.15 sec, diff = 0.00007
iteration 19
Time for iteration 19: 0.13 sec, diff = 0.00005
iteration 20
Time for iteration 20: 0.14 sec, diff = 0.00004
iteration 21
Time for iteration 21: 0.14 sec, diff = 0.00003
iteration 22
Time for iteration 22: 0.14 sec, diff = 0.00002
iteration 23
Time for iteration 23: 0.14 sec, diff = 0.00002
iteration 24
Time for iteration 24: 0.14 sec, diff = 0.00001
iteration 25
Time for iteration 25: 0.14 sec, diff = 0.00001
Total time used by final is 3.84 sec.
true_align and est_align have the same number of elements.
method final has a score of 29.07%
method final used 3.839 seconds.
maximum values in init align row is:  1134
maximum values in init align col is:  1134
best   iter    obj_ma wght_ma card_ma over_ma    obj_mb wght_mb card_mb over_mb
  *a      1      1719     469     469    1250      1719     469     469    1250
          2       642     303     303     339       982     362     362     620
          3       987     444     444     543       768     332     332     436
          4       771     379     379     392       722     369     369     353
  *a      5      2005     465     465    1540      1969     443     443    1526
  *b      6      2042     468     468    1574      2064     458     458    1606
          7      1830     443     443    1387      1968     436     436    1532
          8       854     382     382     472       540     216     216     324
          9      1218     403     403     815      1208     344     344     864
  *a     10      2097     469     469    1628      2087     458     458    1629
  *a     11      2247     466     466    1781      2247     462     462    1785
  *a     12      2251     464     464    1787      2246     455     455    1791
         13      2250     462     462    1788      2220     425     425    1795
  *a     14      2290     462     462    1828      2144     403     403    1741
  *a     15      2321     464     464    1857      2313     456     456    1857
  *a     16      2327     465     465    1862      2318     458     458    1860
  *a     17      2330     465     465    1865      2325     461     461    1864
  *a     18      2332     465     465    1867      2306     455     455    1851
         19      2331     465     465    1866      2303     453     453    1850
  *a     20      2334     465     465    1869      2326     459     459    1867
         21      2334     465     465    1869      2329     461     461    1868
         22      2334     465     465    1869      2323     463     463    1860
         23      2325     465     465    1860      2322     463     463    1859
         24      2325     465     465    1860      2320     462     462    1858
         25      2325     465     465    1860      2329     463     463    1866
         26      2334     465     465    1869      2329     462     462    1867
         27      2334     465     465    1869      2328     461     461    1867
         28      2334     465     465    1869      2332     463     463    1869
         29      2334     465     465    1869      2331     463     463    1868
         30      2334     465     465    1869      2331     463     463    1868
         31      2334     465     465    1869      2332     464     464    1868
         32      2334     465     465    1869      2332     464     464    1868
         33      2334     465     465    1869      2332     464     464    1868
         34      2326     465     465    1861      2332     464     464    1868
         35      2326     465     465    1861      2334     465     465    1869
         36      2334     465     465    1869      2331     463     463    1868
         37      2334     465     465    1869      2330     462     462    1868
         38      2334     465     465    1869      2330     462     462    1868
         39      2334     465     465    1869      2328     461     461    1867
         40      2334     465     465    1869      2331     463     463    1868
         41      2334     465     465    1869      2331     463     463    1868
         42      2334     465     465    1869      2332     464     464    1868
         43      2334     465     465    1869      2332     464     464    1868
         44      2334     465     465    1869      2332     464     464    1868
         45      2334     465     465    1869      2332     464     464    1868
         46      2334     465     465    1869      2332     464     464    1868
         47      2334     465     465    1869      2332     464     464    1868
         48      2334     465     465    1869      2333     464     464    1869
         49      2334     465     465    1869      2331     463     463    1868
         50      2334     465     465    1869      2331     463     463    1868
         51      2334     465     465    1869      2332     464     464    1868
         52      2334     465     465    1869      2334     465     465    1869
         53      2334     465     465    1869      2330     463     463    1867
         54      2334     465     465    1869      2330     463     463    1867
         55      2334     465     465    1869      2330     463     463    1867
         56      2334     465     465    1869      2330     463     463    1867
         57      2334     465     465    1869      2332     464     464    1868
         58      2334     465     465    1869      2334     465     465    1869
         59      2334     465     465    1869      2334     465     465    1869
         60      2334     465     465    1869      2334     465     465    1869
         61      2334     465     465    1869      2334     465     465    1869
         62      2334     465     465    1869      2334     465     465    1869
         63      2334     465     465    1869      2334     465     465    1869
         64      2334     465     465    1869      2316     462     462    1854
         65      2334     465     465    1869      2316     462     462    1854
         66      2334     465     465    1869      2316     462     462    1854
         67      2334     465     465    1869      2324     464     464    1860
         68      2334     465     465    1869      2324     464     464    1860
         69      2334     465     465    1869      2324     464     464    1860
         70      2334     465     465    1869      2334     465     465    1869
         71      2334     465     465    1869      2334     465     465    1869
         72      2334     465     465    1869      2334     465     465    1869
         73      2334     465     465    1869      2334     465     465    1869
         74      2334     465     465    1869      2334     465     465    1869
         75      2334     465     465    1869      2334     465     465    1869
         76      2334     465     465    1869      2334     465     465    1869
         77      2334     465     465    1869      2334     465     465    1869
         78      2334     465     465    1869      2334     465     465    1869
         79      2334     465     465    1869      2334     465     465    1869
         80      2334     465     465    1869      2334     465     465    1869
         81      2334     465     465    1869      2324     464     464    1860
         82      2334     465     465    1869      2324     464     464    1860
         83      2334     465     465    1869      2324     464     464    1860
         84      2334     465     465    1869      2324     464     464    1860
         85      2334     465     465    1869      2334     465     465    1869
         86      2334     465     465    1869      2334     465     465    1869
         87      2334     465     465    1869      2334     465     465    1869
         88      2334     465     465    1869      2334     465     465    1869
         89      2334     465     465    1869      2334     465     465    1869
         90      2334     465     465    1869      2334     465     465    1869
         91      2334     465     465    1869      2334     465     465    1869
         92      2334     465     465    1869      2334     465     465    1869
         93      2334     465     465    1869      2334     465     465    1869
         94      2334     465     465    1869      2334     465     465    1869
         95      2334     465     465    1869      2334     465     465    1869
         96      2334     465     465    1869      2334     465     465    1869
         97      2334     465     465    1869      2334     465     465    1869
         98      2334     465     465    1869      2334     465     465    1869
         99      2334     465     465    1869      2334     465     465    1869
        100      2334     465     465    1869      2334     465     465    1869
Total time used by netalign is 1.90
true_align (1135) and est_align (465) DO NOT have the same number of elements.
method netalign has a score of 27.84%
method netalign used 1.904 seconds.
maximum values in init align row is:  1134
maximum values in init align col is:  1134
 best   iter     norm-u     lower   upper     cur      obj  weight    card overlap
    *      1    0.0e+00      1932  2627.5  2627.5     1932     469     469    1463
           2    1.4e+03      1932  2627.5  2828.5     1670     469     469    1201
           3    1.9e+03      1932  2627.5  2751.4     1427     469     469     958
           4    2.6e+03      1932  2627.5  2767.9     1244     469     469     775
           5    3.1e+03      1932  2627.5  2739.7     1285     469     469     816
           6    3.6e+03      1932  2627.5  2742.4     1170     469     469     701
           7    4.1e+03      1932  2627.5  2744.9     1319     469     469     850
           8    4.4e+03      1932  2627.5  2722.3     1094     469     469     625
           9    4.9e+03      1932  2627.5  2731.9     1139     469     469     670
          10    5.2e+03      1932  2627.5  2721.8     1101     469     469     632
          11    5.6e+03      1932  2627.5  2716.9     1178     469     469     709
          12    5.9e+03      1932  2627.5  2703.3     1108     469     469     639
          13    6.2e+03      1932  2627.5  2712.7     1143     469     469     674
          14    6.5e+03      1932  2627.5  2705.2     1073     469     469     604
          15    6.8e+03      1932  2627.5  2704.9     1089     469     469     620
          16    7.1e+03      1932  2627.5  2704.3     1051     469     469     582
          17    7.4e+03      1932  2627.5  2688.5     1056     469     469     587
          18    7.6e+03      1932  2627.5  2703.6     1012     469     469     543
          19    7.9e+03      1932  2627.5  2697.4     1094     469     469     625
          20    8.1e+03      1932  2627.5  2690.8     1032     469     469     563
          21    8.3e+03      1932  2627.5  2688.5     1133     469     469     664
          22    8.5e+03      1932  2627.5  2688.1     1160     469     469     691
          23    8.7e+03      1932  2627.5    2692     1156     469     469     687
          24    8.9e+03      1932  2627.5  2696.9     1020     469     469     551
          25    9.1e+03      1932  2627.5  2680.7     1037     469     469     568
          26    9.3e+03      1932  2627.5  2686.9     1048     469     469     579
               reducing step to 0.2
          27    9.4e+03      1932  2570.4  2570.4     1080     469     469     611
          28    9.5e+03      1932  2557.8  2557.8     1025     469     469     556
          29    9.6e+03      1932  2540.4  2540.4     1056     469     469     587
          30    9.7e+03      1932  2540.4  2541.2     1049     469     469     580
          31    9.7e+03      1932  2526.8  2526.8     1069     469     469     600
          32    9.8e+03      1932  2524.5  2524.5     1105     469     469     636
          33    9.9e+03      1932  2507.5  2507.5     1130     469     469     661
          34    1.0e+04      1932  2507.5  2512.5     1160     469     469     691
          35    1.0e+04      1932  2498.9  2498.9     1187     469     469     718
          36    1.0e+04      1932  2498.9    2502     1109     469     469     640
          37    1.0e+04      1932  2491.2  2491.2     1152     469     469     683
          38    1.0e+04      1932  2491.2  2502.3     1139     469     469     670
          39    1.0e+04      1932  2490.3  2490.3     1244     469     469     775
          40    1.0e+04      1932    2481    2481     1165     469     469     696
          41    1.0e+04      1932    2481  2489.5     1278     469     469     809
          42    1.0e+04      1932  2471.7  2471.7     1194     469     469     725
          43    1.0e+04      1932  2471.7  2490.5     1306     469     469     837
          44    1.0e+04      1932  2466.3  2466.3     1281     469     469     812
          45    1.1e+04      1932  2466.3  2478.9     1248     469     469     779
          46    1.1e+04      1932  2466.3  2471.8     1287     469     469     818
          47    1.1e+04      1932  2466.3  2467.6     1218     469     469     749
          48    1.1e+04      1932  2466.3  2473.3     1422     469     469     953
          49    1.1e+04      1932  2457.2  2457.2     1291     469     469     822
          50    1.1e+04      1932  2457.2  2468.4     1295     469     469     826
          51    1.1e+04      1932  2453.6  2453.6     1458     469     469     989
          52    1.1e+04      1932  2453.6  2453.7     1270     469     469     801
          53    1.1e+04      1932  2453.6  2460.5     1350     469     469     881
          54    1.1e+04      1932  2450.2  2450.2     1484     469     469    1015
          55    1.1e+04      1932  2448.4  2448.4     1340     469     469     871
          56    1.1e+04      1932  2448.4    2461     1307     469     469     838
          57    1.1e+04      1932  2448.4  2449.4     1441     469     469     972
          58    1.1e+04      1932  2448.4  2451.1     1311     469     469     842
          59    1.1e+04      1932  2448.4    2455     1432     469     469     963
          60    1.1e+04      1932  2440.9  2440.9     1495     469     469    1026
          61    1.1e+04      1932  2440.9  2446.2     1332     469     469     863
          62    1.1e+04      1932  2440.9  2453.9     1350     469     469     881
          63    1.1e+04      1932  2440.9    2441     1419     469     469     950
          64    1.1e+04      1932  2440.9  2444.5     1389     469     469     920
          65    1.1e+04      1932  2440.9  2445.8     1345     469     469     876
          66    1.1e+04      1932  2440.9    2448     1517     469     469    1048
          67    1.1e+04      1932  2431.4  2431.4     1531     469     469    1062
          68    1.2e+04      1932  2431.4  2440.2     1453     469     469     984
          69    1.2e+04      1932  2431.4    2442     1475     469     469    1006
          70    1.2e+04      1932  2431.4  2438.6     1446     469     469     977
          71    1.2e+04      1932  2431.4  2439.4     1628     469     469    1159
          72    1.2e+04      1932  2423.8  2423.8     1547     469     469    1078
          73    1.2e+04      1932  2423.8  2440.8     1420     469     469     951
          74    1.2e+04      1932  2423.8  2435.3     1537     469     469    1068
          75    1.2e+04      1932  2423.8  2433.2     1511     469     469    1042
          76    1.2e+04      1932  2423.8  2434.6     1388     469     469     919
          77    1.2e+04      1932  2423.8  2439.2     1556     469     469    1087
          78    1.2e+04      1932  2422.4  2422.4     1509     469     469    1040
          79    1.2e+04      1932  2422.4  2436.9     1550     469     469    1081
          80    1.2e+04      1932  2422.4  2431.5     1536     469     469    1067
          81    1.2e+04      1932  2422.4  2424.6     1526     469     469    1057
          82    1.2e+04      1932  2422.4  2426.7     1437     469     469     968
          83    1.2e+04      1932  2422.4  2432.2     1521     469     469    1052
          84    1.2e+04      1932  2422.4  2429.2     1541     469     469    1072
          85    1.2e+04      1932  2422.4  2422.7     1556     469     469    1087
          86    1.2e+04      1932  2422.4  2426.6     1454     469     469     985
          87    1.2e+04      1932  2422.4  2433.7     1435     469     469     966
          88    1.2e+04      1932  2422.4  2424.5     1562     469     469    1093
          89    1.2e+04      1932  2419.5  2419.5     1483     469     469    1014
          90    1.2e+04      1932  2419.5  2430.8     1471     469     469    1002
          91    1.2e+04      1932  2419.5  2422.4     1605     469     469    1136
          92    1.2e+04      1932  2419.5    2420     1698     469     469    1229
          93    1.2e+04      1932  2419.5    2420     1527     469     469    1058
          94    1.2e+04      1932  2419.5  2427.7     1336     469     469     867
          95    1.2e+04      1932  2419.5  2427.1     1656     469     469    1187
          96    1.2e+04      1932  2410.7  2410.7     1701     469     469    1232
          97    1.2e+04      1932  2410.7  2419.4     1599     469     469    1130
          98    1.3e+04      1932  2410.7  2424.3     1417     469     469     948
          99    1.3e+04      1932  2410.7  2432.8     1430     469     469     961
         100    1.3e+04      1932  2410.7  2417.9     1583     469     469    1114
         101    1.3e+04      1932  2410.7  2418.8     1493     468     468    1025
         102    1.3e+04      1932  2410.7  2417.5     1545     469     469    1076
         103    1.3e+04      1932  2410.7  2414.8     1637     469     469    1168
         104    1.3e+04      1932  2410.7  2411.6     1569     469     469    1100
         105    1.3e+04      1932  2410.7  2417.5     1669     469     469    1200
         106    1.3e+04      1932  2410.7  2413.7     1525     469     469    1056
         107    1.3e+04      1932  2410.7  2416.9     1504     469     469    1035
         108    1.3e+04      1932  2410.7  2419.6     1500     469     469    1031
         109    1.3e+04      1932  2410.7  2415.2     1614     469     469    1145
         110    1.3e+04      1932  2410.7  2414.9     1578     469     469    1109
         111    1.3e+04      1932  2409.6  2409.6     1489     469     469    1020
         112    1.3e+04      1932  2409.6  2422.4     1532     469     469    1063
         113    1.3e+04      1932  2409.6  2411.5     1589     469     469    1120
         114    1.3e+04      1932  2409.6    2414     1566     469     469    1097
         115    1.3e+04      1932  2409.6  2420.2     1480     469     469    1011
         116    1.3e+04      1932  2409.6  2418.7     1569     469     469    1100
         117    1.3e+04      1932  2409.6  2410.4     1592     469     469    1123
         118    1.3e+04      1932  2409.6  2419.6     1592     469     469    1123
         119    1.3e+04      1932    2409    2409     1657     468     468    1189
         120    1.3e+04      1932    2409  2411.1     1541     469     469    1072
         121    1.3e+04      1932    2409  2413.1     1537     469     469    1068
         122    1.3e+04      1932    2409  2410.9     1573     469     469    1104
         123    1.3e+04      1932    2409    2415     1606     469     469    1137
         124    1.3e+04      1932  2408.4  2408.4     1792     469     469    1323
         125    1.3e+04      1932    2402    2402     1692     468     468    1224
         126    1.3e+04      1932    2402  2410.1     1597     468     468    1129
         127    1.3e+04      1932    2402  2412.4     1408     469     469     939
         128    1.3e+04      1932    2402  2417.9     1513     469     469    1044
         129    1.3e+04      1932    2402  2407.2     1575     469     469    1106
         130    1.3e+04      1932    2402    2412     1524     469     469    1055
         131    1.3e+04      1932    2402  2412.2     1546     469     469    1077
         132    1.3e+04      1932    2402  2405.5     1663     469     469    1194
         133    1.3e+04      1932    2402  2405.4     1545     469     469    1076
         134    1.3e+04      1932    2402  2413.2     1625     468     468    1157
         135    1.3e+04      1932  2397.3  2397.3     1737     469     469    1268
         136    1.3e+04      1932  2397.3  2405.6     1616     469     469    1147
         137    1.4e+04      1932  2397.3  2407.6     1645     468     468    1177
         138    1.4e+04      1932  2397.3  2408.5     1686     469     469    1217
         139    1.4e+04      1932  2397.3  2403.2     1706     469     469    1237
         140    1.4e+04      1932  2397.3  2409.7     1581     469     469    1112
         141    1.4e+04      1932  2397.3  2405.2     1592     469     469    1123
         142    1.4e+04      1932  2397.3  2408.4     1661     468     468    1193
         143    1.4e+04      1932  2397.3  2404.9     1719     468     468    1251
         144    1.4e+04      1932  2397.3  2402.9     1648     468     468    1180
         145    1.4e+04      1932  2397.3  2406.2     1546     469     469    1077
         146    1.4e+04      1932  2397.3  2405.4     1591     469     469    1122
         147    1.4e+04      1932  2397.3    2403     1713     469     469    1244
         148    1.4e+04      1932  2397.3  2397.7     1786     469     469    1317
         149    1.4e+04      1932  2397.1  2397.1     1614     468     468    1146
         150    1.4e+04      1932  2397.1  2407.4     1637     468     468    1169
         151    1.4e+04      1932  2397.1  2408.4     1677     468     468    1209
         152    1.4e+04      1932  2397.1  2397.5     1730     469     469    1261
         153    1.4e+04      1932  2397.1  2402.6     1724     467     467    1257
         154    1.4e+04      1932  2397.1  2406.6     1742     469     469    1273
         155    1.4e+04      1932    2395    2395     1681     468     468    1213
         156    1.4e+04      1932    2395  2412.6     1513     468     468    1045
         157    1.4e+04      1932    2395    2405     1568     469     469    1099
         158    1.4e+04      1932    2395    2402     1612     469     469    1143
         159    1.4e+04      1932    2395  2401.8     1569     469     469    1100
         160    1.4e+04      1932    2395  2407.6     1539     468     468    1071
         161    1.4e+04      1932    2395  2406.8     1762     469     469    1293
         162    1.4e+04      1932    2395    2396     1871     468     468    1403
         163    1.4e+04      1932    2395  2397.6     1716     469     469    1247
         164    1.4e+04      1932    2395  2397.8     1670     469     469    1201
         165    1.4e+04      1932    2395  2401.1     1674     469     469    1205
         166    1.4e+04      1932    2395  2402.1     1672     469     469    1203
         167    1.4e+04      1932    2395  2396.3     1703     468     468    1235
         168    1.4e+04      1932    2395  2401.6     1597     469     469    1128
         169    1.4e+04      1932    2395  2403.8     1556     469     469    1087
         170    1.4e+04      1932    2395    2406     1593     468     468    1125
         171    1.4e+04      1932    2395  2396.4     1697     469     469    1228
         172    1.4e+04      1932    2395  2396.5     1656     468     468    1188
         173    1.4e+04      1932    2395  2398.7     1666     468     468    1198
         174    1.4e+04      1932    2395  2404.5     1599     469     469    1130
         175    1.4e+04      1932    2395  2398.2     1714     469     469    1245
         176    1.4e+04      1932    2395    2401     1719     468     468    1251
         177    1.4e+04      1932    2395  2398.2     1681     469     469    1212
         178    1.4e+04      1932    2395    2402     1741     469     469    1272
         179    1.4e+04      1932  2391.7  2391.7     1759     468     468    1291
         180    1.4e+04      1932  2391.7  2396.6     1655     469     469    1186
         181    1.4e+04      1932  2391.7  2397.7     1595     469     469    1126
         182    1.4e+04      1932  2391.7    2402     1668     468     468    1200
         183    1.4e+04      1932  2391.7  2399.6     1683     469     469    1214
         184    1.4e+04      1932  2391.7  2402.4     1639     469     469    1170
         185    1.4e+04      1932  2390.7  2390.7     1731     469     469    1262
         186    1.4e+04      1932  2390.7  2393.7     1610     468     468    1142
         187    1.5e+04      1932  2390.7  2406.6     1581     469     469    1112
         188    1.5e+04      1932  2390.7    2400     1617     468     468    1149
         189    1.5e+04      1932  2390.7  2396.1     1675     469     469    1206
         190    1.5e+04      1932  2390.7  2401.5     1556     469     469    1087
         191    1.5e+04      1932  2390.7  2401.6     1751     468     468    1283
         192    1.5e+04      1932  2388.3  2388.3     1712     469     469    1243
         193    1.5e+04      1932  2388.3  2396.6     1772     468     468    1304
         194    1.5e+04      1932  2388.3  2396.7     1709     469     469    1240
         195    1.5e+04      1932  2388.3    2401     1776     469     469    1307
         196    1.5e+04      1932  2388.3  2394.4     1647     467     467    1180
         197    1.5e+04      1932  2388.3  2394.4     1791     469     469    1322
         198    1.5e+04      1932  2388.3  2391.9     1878     467     467    1411
         199    1.5e+04      1932  2382.1  2382.1     1773     469     469    1304
         200    1.5e+04      1932  2382.1  2396.3     1871     468     468    1403
         201    1.5e+04      1932  2382.1  2383.4     1809     468     468    1341
         202    1.5e+04      1932  2382.1  2390.9     1699     468     468    1231
         203    1.5e+04      1932  2382.1  2397.1     1641     468     468    1173
         204    1.5e+04      1932  2382.1  2401.1     1619     469     469    1150
         205    1.5e+04      1932  2382.1  2398.3     1674     468     468    1206
         206    1.5e+04      1932  2382.1  2398.9     1680     469     469    1211
         207    1.5e+04      1932  2382.1  2394.1     1691     468     468    1223
         208    1.5e+04      1932  2382.1  2395.9     1610     469     469    1141
         209    1.5e+04      1932  2382.1  2397.4     1588     468     468    1120
         210    1.5e+04      1932  2382.1  2399.3     1754     469     469    1285
         211    1.5e+04      1932  2382.1  2387.6     1830     468     468    1362
         212    1.5e+04      1932  2382.1  2387.6     1728     468     468    1260
         213    1.5e+04      1932  2382.1  2392.3     1665     468     468    1197
         214    1.5e+04      1932  2382.1    2397     1620     468     468    1152
         215    1.5e+04      1932  2382.1    2397     1728     469     469    1259
         216    1.5e+04      1932  2382.1  2392.6     1764     468     468    1296
         217    1.5e+04      1932  2382.1  2393.2     1782     468     468    1314
         218    1.5e+04      1932  2382.1  2391.4     1838     468     468    1370
         219    1.5e+04      1932  2382.1  2396.8     1754     468     468    1286
         220    1.5e+04      1932  2382.1  2397.5     1717     468     468    1249
         221    1.5e+04      1932  2382.1  2392.1     1701     468     468    1233
         222    1.5e+04      1932  2382.1  2394.1     1702     468     468    1234
         223    1.5e+04      1932  2382.1  2390.2     1742     469     469    1273
         224    1.5e+04      1932  2382.1    2400     1609     468     468    1141
               reducing step to 0.1
    *    225    1.5e+04      1938  2370.5  2370.5     1938     467     467    1471
    *    226    1.5e+04      2123  2360.2  2360.2     2123     468     468    1655
    *    227    1.5e+04      2129  2357.3  2357.3     2129     467     467    1662
    *    228    1.5e+04      2150  2357.3  2357.9     2150     468     468    1682
    *    229    1.5e+04      2167    2356    2356     2167     467     467    1700
    *    230    1.5e+04      2227  2355.7  2355.7     2227     467     467    1760
         231    1.5e+04      2227  2354.6  2354.6     2211     467     467    1744
         232    1.5e+04      2227  2354.6  2355.1     2156     467     467    1689
         233    1.5e+04      2227  2354.3  2354.3     2195     467     467    1728
         234    1.5e+04      2227  2354.3  2355.6     2129     467     467    1662
         235    1.5e+04      2227  2353.6  2353.6     2131     468     468    1663
         236    1.5e+04      2227  2353.6  2354.7     2159     468     468    1691
         237    1.5e+04      2227  2353.6  2354.2     2183     467     467    1716
         238    1.5e+04      2227  2353.6  2355.4     2210     467     467    1743
         239    1.5e+04      2227  2352.1  2352.1     2223     467     467    1756
    *    240    1.5e+04      2236  2352.1  2355.5     2236     467     467    1769
         241    1.5e+04      2236  2352.1  2352.7     2185     467     467    1718
         242    1.5e+04      2236  2352.1  2353.8     2233     467     467    1766
         243    1.5e+04      2236  2351.4  2351.4     2223     467     467    1756
         244    1.5e+04      2236  2351.4  2352.5     2210     468     468    1742
    *    245    1.5e+04      2242  2351.4  2352.2     2242     467     467    1775
    *    246    1.5e+04      2278  2351.4    2353     2278     467     467    1811
         247    1.5e+04      2278    2351    2351     2188     468     468    1720
         248    1.5e+04      2278    2351  2353.9     2243     468     468    1775
         249    1.5e+04      2278  2350.7  2350.7     2254     467     467    1787
         250    1.5e+04      2278  2350.7  2351.6     2235     467     467    1768
         251    1.5e+04      2278  2350.7  2351.5     2254     466     466    1788
         252    1.5e+04      2278  2350.7  2352.4     2267     467     467    1800
         253    1.5e+04      2278  2350.7  2352.3     2244     466     466    1778
         254    1.5e+04      2278  2350.7  2350.7     2228     467     467    1761
         255    1.5e+04      2278  2350.7    2352     2073     467     467    1606
         256    1.5e+04      2278  2350.7  2352.3     2189     467     467    1722
         257    1.5e+04      2278  2350.7  2351.3     2173     468     468    1705
         258    1.5e+04      2278  2350.7    2351     2270     467     467    1803
         259    1.5e+04      2278  2350.7  2351.3     2191     466     466    1725
         260    1.5e+04      2278  2350.5  2350.5     2125     467     467    1658
         261    1.5e+04      2278  2350.5  2351.7     2239     467     467    1772
         262    1.5e+04      2278  2350.4  2350.4     2260     466     466    1794
    *    263    1.5e+04      2291  2350.4  2350.6     2291     466     466    1825
         264    1.5e+04      2291  2350.4  2350.8     2273     467     467    1806
         265    1.5e+04      2291  2350.4  2350.4     2286     467     467    1819
         266    1.5e+04      2291  2349.9  2349.9     2221     466     466    1755
         267    1.5e+04      2291  2349.9  2349.9     2254     466     466    1788
         268    1.5e+04      2291  2349.9  2350.6     2275     468     468    1807
         269    1.5e+04      2291  2349.7  2349.7     2196     466     466    1730
         270    1.5e+04      2291  2349.7  2350.5     2184     467     467    1717
         271    1.5e+04      2291  2349.7  2350.2     2163     466     466    1697
         272    1.5e+04      2291  2349.7  2350.9     2194     467     467    1727
         273    1.5e+04      2291  2349.6  2349.6     2246     468     468    1778
         274    1.5e+04      2291  2349.6    2351     2164     466     466    1698
         275    1.5e+04      2291  2349.6  2350.3     2146     467     467    1679
         276    1.5e+04      2291  2349.6  2352.1     2055     467     467    1588
         277    1.5e+04      2291  2349.6  2350.5     2113     467     467    1646
         278    1.5e+04      2291  2349.6  2353.2     2175     468     468    1707
         279    1.5e+04      2291  2349.6  2350.3     2240     467     467    1773
         280    1.5e+04      2291  2349.6  2351.6     2258     466     466    1792
         281    1.5e+04      2291  2349.1  2349.1     2226     467     467    1759
         282    1.5e+04      2291  2349.1  2350.9     2231     467     467    1764
         283    1.5e+04      2291  2349.1  2350.3     2288     466     466    1822
    *    284    1.5e+04      2301  2349.1  2350.7     2301     466     466    1835
         285    1.5e+04      2301  2348.4  2348.4     2300     466     466    1834
         286    1.5e+04      2301  2348.4  2349.3     2290     466     466    1824
         287    1.5e+04      2301  2348.4  2348.6     2291     466     466    1825
         288    1.5e+04      2301  2348.4  2348.8     2224     466     466    1758
         289    1.5e+04      2301  2348.4  2349.3     2275     466     466    1809
         290    1.5e+04      2301  2348.4  2349.4     2220     467     467    1753
         291    1.5e+04      2301  2348.4  2349.2     2212     467     467    1745
         292    1.5e+04      2301  2348.4  2350.2     2154     466     466    1688
         293    1.5e+04      2301  2348.4  2349.6     2257     467     467    1790
         294    1.5e+04      2301  2348.4  2349.3     2254     467     467    1787
         295    1.5e+04      2301  2348.4  2348.7     2248     466     466    1782
         296    1.5e+04      2301  2348.4    2349     2215     467     467    1748
         297    1.5e+04      2301  2348.4  2348.7     2188     467     467    1721
         298    1.5e+04      2301  2348.4  2350.9     2164     468     468    1696
         299    1.5e+04      2301  2347.8  2347.8     2241     467     467    1774
         300    1.5e+04      2301  2347.8  2348.7     2215     467     467    1748
         301    1.5e+04      2301  2347.8  2347.9     2250     466     466    1784
         302    1.5e+04      2301  2347.8  2348.8     2271     467     467    1804
         303    1.5e+04      2301  2347.5  2347.5     2292     466     466    1826
         304    1.5e+04      2301  2347.5  2348.9     2281     466     466    1815
    *    305    1.5e+04      2307  2347.5  2347.5     2307     465     465    1842
         306    1.5e+04      2307  2347.5  2349.5     2299     465     465    1834
         307    1.5e+04      2307  2347.2  2347.2     2276     466     466    1810
         308    1.5e+04      2307  2347.2  2348.6     2094     467     467    1627
         309    1.5e+04      2307  2347.2  2348.6     2145     466     466    1679
         310    1.5e+04      2307  2347.2  2351.3     2163     467     467    1696
         311    1.5e+04      2307  2347.2  2349.6     2118     466     466    1652
         312    1.5e+04      2307  2347.2  2349.3     2241     466     466    1775
         313    1.5e+04      2307  2347.2  2348.2     2223     466     466    1757
         314    1.5e+04      2307  2347.2  2348.5     2258     466     466    1792
         315    1.5e+04      2307  2347.2    2349     2254     467     467    1787
         316    1.5e+04      2307  2347.2  2348.9     2266     467     467    1799
         317    1.5e+04      2307  2347.2  2347.9     2256     466     466    1790
         318    1.5e+04      2307  2347.2    2348     2298     466     466    1832
    *    319    1.5e+04      2319  2347.2  2347.7     2319     465     465    1854
         320    1.5e+04      2319  2347.2  2347.7     2309     466     466    1843
    *    321    1.5e+04      2320  2347.2  2347.5     2320     465     465    1855
         322    1.5e+04      2320  2347.2  2348.1     2297     465     465    1832
    *    323    1.5e+04      2321  2346.9  2346.9     2321     465     465    1856
    *    324    1.5e+04      2323  2346.9  2346.9     2323     465     465    1858
         325    1.5e+04      2323  2346.9  2347.1     2318     465     465    1853
         326    1.5e+04      2323  2346.9  2347.1     2322     465     465    1857
         327    1.5e+04      2323  2346.9  2347.3     2322     465     465    1857
         328    1.5e+04      2323  2346.9  2347.5     2321     465     465    1856
         329    1.5e+04      2323  2346.9  2347.3     2322     465     465    1857
         330    1.5e+04      2323  2346.8  2346.8     2314     465     465    1849
         331    1.5e+04      2323  2346.8  2347.5     2322     465     465    1857
         332    1.5e+04      2323  2346.8  2347.3     2321     465     465    1856
         333    1.5e+04      2323  2346.8  2347.1     2322     465     465    1857
         334    1.5e+04      2323  2346.8  2347.1     2311     465     465    1846
         335    1.5e+04      2323  2346.8  2347.4     2319     465     465    1854
         336    1.5e+04      2323  2346.8  2347.9     2318     465     465    1853
         337    1.5e+04      2323  2346.8  2347.3     2322     465     465    1857
         338    1.5e+04      2323  2346.8  2347.2     2323     465     465    1858
         339    1.5e+04      2323  2346.8  2347.3     2321     465     465    1856
         340    1.5e+04      2323  2346.8    2347     2322     465     465    1857
         341    1.5e+04      2323  2346.8  2347.3     2321     465     465    1856
         342    1.5e+04      2323  2346.8  2346.8     2323     465     465    1858
         343    1.5e+04      2323  2346.8  2347.4     2322     465     465    1857
         344    1.5e+04      2323  2346.8  2347.3     2322     465     465    1857
         345    1.5e+04      2323  2346.8  2347.4     2307     465     465    1842
         346    1.5e+04      2323  2346.8    2347     2246     465     465    1781
         347    1.5e+04      2323  2346.8  2347.5     2198     465     465    1733
         348    1.5e+04      2323  2346.8  2348.7     2185     467     467    1718
         349    1.5e+04      2323  2346.8  2347.8     2184     465     465    1719
         350    1.5e+04      2323  2346.8  2348.3     2178     467     467    1711
         351    1.5e+04      2323  2346.8  2347.6     2271     465     465    1806
         352    1.5e+04      2323  2346.7  2346.7     2291     466     466    1825
         353    1.5e+04      2323  2346.7  2347.6     2266     467     467    1799
         354    1.5e+04      2323  2346.5  2346.5     2308     465     465    1843
         355    1.5e+04      2323  2346.5  2346.7     2279     466     466    1813
         356    1.5e+04      2323  2346.5  2346.9     2311     465     465    1846
         357    1.5e+04      2323  2346.5  2346.8     2279     466     466    1813
         358    1.5e+04      2323  2346.5  2347.4     2293     466     466    1827
         359    1.5e+04      2323  2346.5    2347     2283     466     466    1817
         360    1.5e+04      2323  2346.5  2347.4     2289     465     465    1824
         361    1.5e+04      2323  2346.5  2347.1     2301     466     466    1835
         362    1.5e+04      2323  2346.5  2347.2     2319     465     465    1854
         363    1.5e+04      2323  2346.5  2346.9     2262     466     466    1796
         364    1.5e+04      2323  2346.5  2347.5     2303     465     465    1838
         365    1.5e+04      2323  2346.3  2346.3     2309     465     465    1844
         366    1.5e+04      2323  2346.3  2347.1     2323     465     465    1858
         367    1.5e+04      2323    2346    2346     2322     465     465    1857
         368    1.5e+04      2323    2346  2347.3     2321     465     465    1856
         369    1.5e+04      2323    2346  2346.4     2317     465     465    1852
         370    1.5e+04      2323    2346  2346.2     2322     465     465    1857
         371    1.5e+04      2323    2346  2346.1     2321     465     465    1856
         372    1.5e+04      2323    2346  2346.8     2323     465     465    1858
         373    1.5e+04      2323    2346  2346.2     2311     465     465    1846
         374    1.5e+04      2323  2345.9  2345.9     2322     465     465    1857
         375    1.5e+04      2323  2345.9  2346.1     2319     465     465    1854
         376    1.5e+04      2323  2345.9  2346.7     2323     465     465    1858
         377    1.5e+04      2323  2345.9  2346.1     2319     465     465    1854
         378    1.5e+04      2323  2345.9  2345.9     2323     465     465    1858
         379    1.5e+04      2323  2345.9  2346.2     2314     465     465    1849
         380    1.5e+04      2323  2345.9  2346.7     2315     465     465    1850
         381    1.5e+04      2323  2345.9  2346.4     2309     465     465    1844
         382    1.5e+04      2323  2345.9  2347.1     2259     465     465    1794
         383    1.5e+04      2323  2345.9    2346     2311     465     465    1846
         384    1.5e+04      2323  2345.9  2347.9     2314     465     465    1849
         385    1.5e+04      2323  2345.6  2345.6     2321     465     465    1856
         386    1.5e+04      2323  2345.6  2346.9     2312     465     465    1847
         387    1.5e+04      2323  2345.6  2345.7     2315     465     465    1850
         388    1.5e+04      2323  2345.6  2346.6     2308     465     465    1843
         389    1.5e+04      2323  2345.6  2345.7     2322     465     465    1857
         390    1.5e+04      2323  2345.6  2346.7     2298     466     466    1832
         391    1.5e+04      2323  2345.6  2345.7     2302     466     466    1836
         392    1.5e+04      2323  2345.6  2346.4     2294     466     466    1828
         393    1.5e+04      2323  2345.6  2346.2     2295     466     466    1829
         394    1.5e+04      2323  2345.6  2347.3     2310     465     465    1845
         395    1.5e+04      2323  2345.6  2345.8     2311     465     465    1846
         396    1.5e+04      2323  2345.6  2346.7     2272     466     466    1806
         397    1.5e+04      2323  2345.6  2346.1     2281     466     466    1815
         398    1.5e+04      2323  2345.6  2348.2     2307     465     465    1842
         399    1.5e+04      2323  2345.6  2346.5     2237     466     466    1771
         400    1.5e+04      2323  2345.6  2347.8     2239     466     466    1773
         401    1.5e+04      2323  2345.6    2346     2299     465     465    1834
         402    1.5e+04      2323  2345.6  2346.4     2322     465     465    1857
    *    403    1.5e+04      2324  2345.2  2345.2     2324     465     465    1859
         404    1.5e+04      2324  2345.2  2346.3     2324     465     465    1859
         405    1.5e+04      2324  2345.2  2345.3     2318     465     465    1853
         406    1.5e+04      2324  2345.2  2346.5     2322     465     465    1857
         407    1.5e+04      2324  2345.2  2345.4     2313     465     465    1848
         408    1.5e+04      2324  2345.2  2346.2     2317     465     465    1852
         409    1.5e+04      2324  2345.2  2345.3     2289     466     466    1823
         410    1.5e+04      2324  2345.2    2347     2285     466     466    1819
         411    1.5e+04      2324  2345.2  2346.4     2271     466     466    1805
         412    1.5e+04      2324  2345.2  2346.1     2301     465     465    1836
         413    1.5e+04      2324  2345.2  2345.6     2211     466     466    1745
         414    1.5e+04      2324  2345.2  2347.4     2255     467     467    1788
         415    1.5e+04      2324  2345.2  2345.9     2295     465     465    1830
         416    1.5e+04      2324  2345.2  2346.4     2311     465     465    1846
         417    1.5e+04      2324  2345.2  2346.1     2316     465     465    1851
         418    1.5e+04      2324  2345.1  2345.1     2323     465     465    1858
         419    1.5e+04      2324  2345.1  2345.9     2288     465     465    1823
         420    1.5e+04      2324  2345.1  2347.6     2285     466     466    1819
         421    1.5e+04      2324  2345.1  2346.2     2292     465     465    1827
         422    1.5e+04      2324  2345.1  2345.8     2314     465     465    1849
         423    1.5e+04      2324  2345.1  2345.6     2324     465     465    1859
         424    1.5e+04      2324  2345.1  2346.6     2316     465     465    1851
         425    1.5e+04      2324  2345.1  2345.8     2320     465     465    1855
         426    1.5e+04      2324  2345.1  2345.7     2323     465     465    1858
         427    1.5e+04      2324  2345.1  2345.8     2315     465     465    1850
         428    1.5e+04      2324  2345.1  2346.5     2323     465     465    1858
         429    1.5e+04      2324  2345.1  2345.7     2321     465     465    1856
         430    1.5e+04      2324  2345.1  2345.7     2323     465     465    1858
         431    1.5e+04      2324  2345.1  2345.8     2322     465     465    1857
         432    1.5e+04      2324  2345.1  2346.4     2323     465     465    1858
         433    1.5e+04      2324  2345.1  2345.8     2322     465     465    1857
         434    1.5e+04      2324  2345.1  2346.4     2323     465     465    1858
         435    1.5e+04      2324  2345.1  2345.8     2322     465     465    1857
         436    1.5e+04      2324  2345.1  2346.4     2323     465     465    1858
         437    1.5e+04      2324  2345.1  2345.8     2322     465     465    1857
         438    1.5e+04      2324  2345.1  2346.4     2323     465     465    1858
         439    1.5e+04      2324  2345.1  2345.8     2322     465     465    1857
         440    1.5e+04      2324  2345.1  2346.4     2323     465     465    1858
         441    1.5e+04      2324  2345.1  2345.7     2317     465     465    1852
         442    1.5e+04      2324  2345.1  2346.3     2323     465     465    1858
         443    1.5e+04      2324  2345.1  2345.7     2322     465     465    1857
               reducing step to 0.05
         444    1.5e+04      2324 2341.75 2341.75     2295     465     465    1830
         445    1.5e+04      2324  2340.2  2340.2     2251     465     465    1786
         446    1.5e+04      2324  2340.2 2341.25     2291     466     466    1825
         447    1.5e+04      2324  2340.2 2340.45     2290     466     466    1824
    *    448    1.5e+04      2326  2340.2 2341.55     2326     465     465    1861
         449    1.5e+04      2326 2339.95 2339.95     2312     465     465    1847
    *    450    1.5e+04      2327 2339.95 2341.25     2327     465     465    1862
         451    1.5e+04      2327  2339.8  2339.8     2324     465     465    1859
    *    452    1.5e+04      2329  2339.8 2340.85     2329     465     465    1864
         453    1.5e+04      2329  2339.8  2339.9     2325     465     465    1860
         454    1.5e+04      2329  2339.8 2340.75     2327     465     465    1862
         455    1.5e+04      2329 2339.75 2339.75     2325     465     465    1860
         456    1.5e+04      2329 2339.75    2341     2320     465     465    1855
         457    1.5e+04      2329 2339.75  2339.9     2210     466     466    1744
         458    1.5e+04      2329 2339.75  2341.5     2263     465     465    1798
         459    1.5e+04      2329 2339.75 2340.15     2305     465     465    1840
         460    1.5e+04      2329 2339.75 2340.75     2281     465     465    1816
         461    1.5e+04      2329 2339.75  2340.1     2324     465     465    1859
         462    1.5e+04      2329 2339.75 2340.85     2328     465     465    1863
         463    1.5e+04      2329 2339.75    2340     2324     465     465    1859
         464    1.5e+04      2329 2339.75    2341     2324     465     465    1859
         465    1.5e+04      2329 2339.75 2340.15     2325     465     465    1860
         466    1.5e+04      2329 2339.75  2340.7     2326     465     465    1861
         467    1.5e+04      2329 2339.75  2340.1     2325     465     465    1860
         468    1.5e+04      2329 2339.75  2340.9     2327     465     465    1862
         469    1.5e+04      2329 2339.75 2340.25     2325     465     465    1860
         470    1.5e+04      2329 2339.75 2340.75     2326     465     465    1861
         471    1.5e+04      2329 2339.75 2340.25     2323     465     465    1858
         472    1.5e+04      2329 2339.75 2340.75     2325     465     465    1860
         473    1.5e+04      2329 2339.75 2340.25     2323     465     465    1858
         474    1.5e+04      2329 2339.75    2341     2325     465     465    1860
         475    1.5e+04      2329 2339.75 2340.25     2323     465     465    1858
         476    1.5e+04      2329 2339.75    2341     2323     465     465    1858
         477    1.5e+04      2329 2339.75  2340.2     2323     465     465    1858
         478    1.5e+04      2329 2339.75  2340.8     2326     465     465    1861
         479    1.5e+04      2329 2339.75 2340.15     2325     465     465    1860
         480    1.5e+04      2329 2339.75  2340.8     2326     465     465    1861
               reducing step to 0.025
         481    1.5e+04      2329  2338.6  2338.6     2305     465     465    1840
         482    1.5e+04      2329 2337.55 2337.55     2313     465     465    1848
         483    1.5e+04      2329 2337.55 2338.43     2323     465     465    1858
         484    1.5e+04      2329 2337.55  2337.6     2291     466     466    1825
         485    1.5e+04      2329 2337.55    2338     2321     465     465    1856
         486    1.5e+04      2329 2337.55 2337.68     2323     465     465    1858
    *    487    1.5e+04      2330 2337.55 2337.98     2330     465     465    1865
         488    1.5e+04      2330 2337.55 2337.75     2324     465     465    1859
         489    1.5e+04      2330 2337.55    2338     2327     465     465    1862
         490    1.5e+04      2330 2337.55 2337.75     2325     465     465    1860
         491    1.5e+04      2330 2337.55    2338     2326     465     465    1861
         492    1.5e+04      2330 2337.55  2337.6     2325     465     465    1860
         493    1.5e+04      2330 2337.55    2338     2330     465     465    1865
         494    1.5e+04      2330 2337.55  2337.7     2323     465     465    1858
         495    1.5e+04      2330 2337.55 2338.08     2329     465     465    1864
         496    1.5e+04      2330 2337.55 2337.65     2324     465     465    1859
         497    1.5e+04      2330 2337.55 2337.98     2328     465     465    1863
         498    1.5e+04      2330 2337.55  2337.6     2324     465     465    1859
         499    1.5e+04      2330 2337.55 2337.93     2329     465     465    1864
         500    1.5e+04      2330 2337.55 2337.58     2324     465     465    1859
         501    1.5e+04      2330 2337.55 2337.98     2329     465     465    1864
         502    1.5e+04      2330 2337.55 2337.63     2324     465     465    1859
         503    1.5e+04      2330 2337.55  2337.9     2329     465     465    1864
         504    1.5e+04      2330 2337.55 2337.55     2324     465     465    1859
         505    1.5e+04      2330 2337.55 2337.95     2329     465     465    1864
         506    1.5e+04      2330 2337.55  2337.6     2324     465     465    1859
         507    1.5e+04      2330 2337.55  2337.9     2328     465     465    1863
               reducing step to 0.0125
         508    1.5e+04      2330 2337.03 2337.03     2326     465     465    1861
         509    1.5e+04      2330 2336.56 2336.56     2324     465     465    1859
    *    510    1.5e+04      2331 2336.56  2336.7     2331     465     465    1866
         511    1.5e+04      2331 2336.51 2336.51     2324     465     465    1859
    *    512    1.5e+04      2332 2336.51 2336.65     2332     465     465    1867
         513    1.5e+04      2332 2336.44 2336.44     2325     465     465    1860
         514    1.5e+04      2332 2336.44 2336.62     2331     465     465    1866
         515    1.5e+04      2332 2336.44 2336.44     2326     465     465    1861
         516    1.5e+04      2332 2336.44 2336.62     2329     465     465    1864
         517    1.5e+04      2332 2336.44 2336.46     2324     465     465    1859
         518    1.5e+04      2332 2336.44 2336.62     2332     465     465    1867
         519    1.5e+04      2332 2336.41 2336.41     2325     465     465    1860
         520    1.5e+04      2332 2336.41 2336.61     2331     465     465    1866
         521    1.5e+04      2332 2336.41 2336.45     2325     465     465    1860
         522    1.5e+04      2332 2336.41 2336.61     2330     465     465    1865
         523    1.5e+04      2332  2336.4  2336.4     2325     465     465    1860
         524    1.5e+04      2332  2336.4 2336.63     2316     466     466    1850
         525    1.5e+04      2332  2336.4 2336.61     2325     465     465    1860
         526    1.5e+04      2332  2336.4  2336.6     2331     465     465    1866
         527    1.5e+04      2332  2336.4 2336.58     2325     465     465    1860
         528    1.5e+04      2332  2336.4 2336.61     2331     465     465    1866
         529    1.5e+04      2332  2336.4 2336.61     2325     465     465    1860
         530    1.5e+04      2332  2336.4  2336.6     2331     465     465    1866
         531    1.5e+04      2332  2336.4 2336.56     2325     465     465    1860
         532    1.5e+04      2332  2336.4  2336.6     2331     465     465    1866
         533    1.5e+04      2332  2336.4  2336.6     2325     465     465    1860
         534    1.5e+04      2332  2336.4 2336.59     2325     465     465    1860
         535    1.5e+04      2332  2336.4 2336.58     2325     465     465    1860
         536    1.5e+04      2332  2336.4  2336.6     2330     465     465    1865
         537    1.5e+04      2332  2336.4 2336.58     2325     465     465    1860
         538    1.5e+04      2332  2336.4 2336.57     2331     465     465    1866
         539    1.5e+04      2332  2336.4 2336.55     2325     465     465    1860
         540    1.5e+04      2332  2336.4 2336.59     2331     465     465    1866
         541    1.5e+04      2332  2336.4 2336.59     2325     465     465    1860
         542    1.5e+04      2332  2336.4 2336.57     2331     465     465    1866
         543    1.5e+04      2332  2336.4 2336.56     2325     465     465    1860
         544    1.5e+04      2332  2336.4 2336.58     2331     465     465    1866
         545    1.5e+04      2332  2336.4 2336.58     2325     465     465    1860
         546    1.5e+04      2332  2336.4 2336.56     2330     465     465    1865
         547    1.5e+04      2332  2336.4 2336.54     2325     465     465    1860
         548    1.5e+04      2332  2336.4 2336.58     2331     465     465    1866
               reducing step to 0.00625
         549    1.5e+04      2332 2336.29 2336.29     2326     465     465    1861
         550    1.5e+04      2332 2335.99 2335.99     2307     465     465    1842
         551    1.5e+04      2332 2335.94 2335.94     2307     466     466    1841
         552    1.5e+04      2332 2335.94 2336.04     2323     465     465    1858
         553    1.5e+04      2332 2335.94 2336.01     2331     465     465    1866
         554    1.5e+04      2332 2335.94 2336.01     2323     465     465    1858
         555    1.5e+04      2332 2335.94 2336.01     2330     465     465    1865
         556    1.5e+04      2332 2335.94 2336.03     2324     465     465    1859
         557    1.5e+04      2332 2335.94 2336.03     2329     465     465    1864
         558    1.5e+04      2332 2335.94 2335.99     2324     465     465    1859
         559    1.5e+04      2332 2335.94 2336.03     2328     465     465    1863
         560    1.5e+04      2332 2335.94 2335.99     2324     465     465    1859
         561    1.5e+04      2332 2335.94    2336     2329     465     465    1864
         562    1.5e+04      2332 2335.94 2335.96     2323     465     465    1858
         563    1.5e+04      2332 2335.94    2336     2330     465     465    1865
         564    1.5e+04      2332 2335.94 2335.97     2324     465     465    1859
         565    1.5e+04      2332 2335.94    2336     2329     465     465    1864
         566    1.5e+04      2332 2335.94 2335.96     2324     465     465    1859
         567    1.5e+04      2332 2335.94 2336.01     2327     465     465    1862
         568    1.5e+04      2332 2335.94 2335.99     2324     465     465    1859
         569    1.5e+04      2332 2335.94 2335.99     2330     465     465    1865
         570    1.5e+04      2332 2335.94    2336     2323     465     465    1858
         571    1.5e+04      2332 2335.94 2335.99     2330     465     465    1865
         572    1.5e+04      2332 2335.94    2336     2324     465     465    1859
         573    1.5e+04      2332 2335.94 2335.99     2330     465     465    1865
         574    1.5e+04      2332 2335.94 2335.96     2324     465     465    1859
         575    1.5e+04      2332 2335.94 2336.03     2330     465     465    1865
         576    1.5e+04      2332 2335.94 2335.96     2324     465     465    1859
               reducing step to 0.003125
         577    1.5e+04      2332 2335.85 2335.85     2323     465     465    1858
         578    1.5e+04      2332 2335.73 2335.73     2326     465     465    1861
         579    1.5e+04      2332 2335.73 2335.77     2324     465     465    1859
         580    1.5e+04      2332 2335.71 2335.71     2326     465     465    1861
         581    1.5e+04      2332 2335.71 2335.74     2328     465     465    1863
         582    1.5e+04      2332 2335.69 2335.69     2326     465     465    1861
         583    1.5e+04      2332 2335.69 2335.74     2326     465     465    1861
         584    1.5e+04      2332 2335.69  2335.7     2325     465     465    1860
         585    1.5e+04      2332 2335.69 2335.73     2324     465     465    1859
         586    1.5e+04      2332 2335.69 2335.69     2326     465     465    1861
         587    1.5e+04      2332 2335.69 2335.73     2327     465     465    1862
         588    1.5e+04      2332 2335.68 2335.68     2325     465     465    1860
         589    1.5e+04      2332 2335.68 2335.72     2327     465     465    1862
         590    1.5e+04      2332 2335.68 2335.68     2325     465     465    1860
         591    1.5e+04      2332 2335.68 2335.72     2327     465     465    1862
         592    1.5e+04      2332 2335.68 2335.68     2326     465     465    1861
         593    1.5e+04      2332 2335.68 2335.72     2327     465     465    1862
         594    1.5e+04      2332 2335.68 2335.68     2326     465     465    1861
         595    1.5e+04      2332 2335.68 2335.72     2326     465     465    1861
         596    1.5e+04      2332 2335.67 2335.67     2326     465     465    1861
         597    1.5e+04      2332 2335.67 2335.72     2326     465     465    1861
         598    1.5e+04      2332 2335.67 2335.67     2326     465     465    1861
         599    1.5e+04      2332 2335.67 2335.72     2327     465     465    1862
         600    1.5e+04      2332 2335.67 2335.67     2326     465     465    1861
         601    1.5e+04      2332 2335.67 2335.72     2327     465     465    1862
         602    1.5e+04      2332 2335.67 2335.67     2326     465     465    1861
         603    1.5e+04      2332 2335.67 2335.73     2326     465     465    1861
         604    1.5e+04      2332 2335.67 2335.67     2325     465     465    1860
         605    1.5e+04      2332 2335.67 2335.71     2327     465     465    1862
         606    1.5e+04      2332 2335.67 2335.69     2326     465     465    1861
         607    1.5e+04      2332 2335.67 2335.72     2326     465     465    1861
         608    1.5e+04      2332 2335.67 2335.67     2326     465     465    1861
         609    1.5e+04      2332 2335.67 2335.71     2327     465     465    1862
         610    1.5e+04      2332 2335.67 2335.67     2325     465     465    1860
         611    1.5e+04      2332 2335.67 2335.71     2327     465     465    1862
         612    1.5e+04      2332 2335.67 2335.67     2326     465     465    1861
         613    1.5e+04      2332 2335.67 2335.73     2327     465     465    1862
         614    1.5e+04      2332 2335.67 2335.67     2325     465     465    1860
         615    1.5e+04      2332 2335.67 2335.71     2327     465     465    1862
         616    1.5e+04      2332 2335.67 2335.68     2326     465     465    1861
         617    1.5e+04      2332 2335.67 2335.71     2327     465     465    1862
         618    1.5e+04      2332 2335.67 2335.67     2326     465     465    1861
         619    1.5e+04      2332 2335.67 2335.72     2327     465     465    1862
         620    1.5e+04      2332 2335.66 2335.66     2325     465     465    1860
         621    1.5e+04      2332 2335.66  2335.7     2326     465     465    1861
         622    1.5e+04      2332 2335.66 2335.66     2324     465     465    1859
         623    1.5e+04      2332 2335.66  2335.7     2322     465     465    1857
         624    1.5e+04      2332 2335.66 2335.66     2326     465     465    1861
         625    1.5e+04      2332 2335.66 2335.72     2327     465     465    1862
         626    1.5e+04      2332 2335.66 2335.66     2325     465     465    1860
         627    1.5e+04      2332 2335.66  2335.7     2326     465     465    1861
         628    1.5e+04      2332 2335.66 2335.67     2326     465     465    1861
         629    1.5e+04      2332 2335.66  2335.7     2327     465     465    1862
         630    1.5e+04      2332 2335.65 2335.65     2326     465     465    1861
         631    1.5e+04      2332 2335.65 2335.71     2327     465     465    1862
         632    1.5e+04      2332 2335.65 2335.65     2326     465     465    1861
         633    1.5e+04      2332 2335.65 2335.71     2326     465     465    1861
         634    1.5e+04      2332 2335.65 2335.65     2326     465     465    1861
         635    1.5e+04      2332 2335.65 2335.71     2327     465     465    1862
         636    1.5e+04      2332 2335.65 2335.65     2326     465     465    1861
         637    1.5e+04      2332 2335.65 2335.69     2327     465     465    1862
         638    1.5e+04      2332 2335.65 2335.67     2326     465     465    1861
         639    1.5e+04      2332 2335.65 2335.69     2326     465     465    1861
         640    1.5e+04      2332 2335.64 2335.64     2326     465     465    1861
         641    1.5e+04      2332 2335.64 2335.71     2327     465     465    1862
         642    1.5e+04      2332 2335.64 2335.65     2326     465     465    1861
         643    1.5e+04      2332 2335.64 2335.71     2327     465     465    1862
         644    1.5e+04      2332 2335.64 2335.65     2324     465     465    1859
         645    1.5e+04      2332 2335.64 2335.72     2327     465     465    1862
         646    1.5e+04      2332 2335.64 2335.65     2326     465     465    1861
         647    1.5e+04      2332 2335.64 2335.71     2323     465     465    1858
         648    1.5e+04      2332 2335.64 2335.64     2326     465     465    1861
         649    1.5e+04      2332 2335.64  2335.7     2327     465     465    1862
         650    1.5e+04      2332 2335.64 2335.64     2326     465     465    1861
         651    1.5e+04      2332 2335.64 2335.68     2327     465     465    1862
         652    1.5e+04      2332 2335.64 2335.66     2326     465     465    1861
         653    1.5e+04      2332 2335.64 2335.68     2326     465     465    1861
         654    1.5e+04      2332 2335.64 2335.64     2326     465     465    1861
         655    1.5e+04      2332 2335.64  2335.7     2327     465     465    1862
         656    1.5e+04      2332 2335.64 2335.64     2326     465     465    1861
         657    1.5e+04      2332 2335.64  2335.7     2327     465     465    1862
         658    1.5e+04      2332 2335.64 2335.64     2326     465     465    1861
         659    1.5e+04      2332 2335.64  2335.7     2326     465     465    1861
         660    1.5e+04      2332 2335.64 2335.64     2326     465     465    1861
         661    1.5e+04      2332 2335.64  2335.7     2327     465     465    1862
         662    1.5e+04      2332 2335.63 2335.63     2326     465     465    1861
         663    1.5e+04      2332 2335.63  2335.7     2326     465     465    1861
         664    1.5e+04      2332 2335.63 2335.63     2326     465     465    1861
         665    1.5e+04      2332 2335.63 2335.69     2327     465     465    1862
         666    1.5e+04      2332 2335.63 2335.63     2324     465     465    1859
         667    1.5e+04      2332 2335.63 2335.67     2327     465     465    1862
         668    1.5e+04      2332 2335.63 2335.65     2326     465     465    1861
         669    1.5e+04      2332 2335.63 2335.68     2327     465     465    1862
         670    1.5e+04      2332 2335.63 2335.65     2326     465     465    1861
         671    1.5e+04      2332 2335.63 2335.68     2327     465     465    1862
         672    1.5e+04      2332 2335.63 2335.65     2326     465     465    1861
         673    1.5e+04      2332 2335.63 2335.68     2327     465     465    1862
         674    1.5e+04      2332 2335.63 2335.65     2324     465     465    1859
         675    1.5e+04      2332 2335.63 2335.67     2327     465     465    1862
         676    1.5e+04      2332 2335.63 2335.65     2326     465     465    1861
         677    1.5e+04      2332 2335.63 2335.67     2327     465     465    1862
         678    1.5e+04      2332 2335.63 2335.65     2325     465     465    1860
         679    1.5e+04      2332 2335.63 2335.67     2327     465     465    1862
         680    1.5e+04      2332 2335.63 2335.64     2326     465     465    1861
         681    1.5e+04      2332 2335.63 2335.67     2327     465     465    1862
         682    1.5e+04      2332 2335.63 2335.63     2326     465     465    1861
         683    1.5e+04      2332 2335.63 2335.69     2327     465     465    1862
         684    1.5e+04      2332 2335.63 2335.63     2326     465     465    1861
         685    1.5e+04      2332 2335.63 2335.69     2326     465     465    1861
         686    1.5e+04      2332 2335.63 2335.63     2324     465     465    1859
         687    1.5e+04      2332 2335.63 2335.69     2326     465     465    1861
         688    1.5e+04      2332 2335.62 2335.62     2326     465     465    1861
         689    1.5e+04      2332 2335.62 2335.69     2326     465     465    1861
         690    1.5e+04      2332 2335.62 2335.62     2326     465     465    1861
         691    1.5e+04      2332 2335.62 2335.68     2327     465     465    1862
         692    1.5e+04      2332 2335.62 2335.63     2326     465     465    1861
         693    1.5e+04      2332 2335.62 2335.67     2327     465     465    1862
         694    1.5e+04      2332 2335.62 2335.64     2326     465     465    1861
         695    1.5e+04      2332 2335.62 2335.67     2327     465     465    1862
         696    1.5e+04      2332 2335.62 2335.65     2325     465     465    1860
         697    1.5e+04      2332 2335.62 2335.67     2327     465     465    1862
         698    1.5e+04      2332 2335.62 2335.64     2325     465     465    1860
         699    1.5e+04      2332 2335.62 2335.66     2327     465     465    1862
         700    1.5e+04      2332 2335.62 2335.64     2326     465     465    1861
         701    1.5e+04      2332 2335.62 2335.67     2327     465     465    1862
         702    1.5e+04      2332 2335.62 2335.64     2326     465     465    1861
         703    1.5e+04      2332 2335.62 2335.67     2327     465     465    1862
         704    1.5e+04      2332 2335.62 2335.63     2325     465     465    1860
         705    1.5e+04      2332 2335.62 2335.66     2327     465     465    1862
         706    1.5e+04      2332 2335.62 2335.63     2326     465     465    1861
         707    1.5e+04      2332 2335.62 2335.66     2322     465     465    1857
         708    1.5e+04      2332 2335.61 2335.61     2326     465     465    1861
         709    1.5e+04      2332 2335.61 2335.67     2327     465     465    1862
         710    1.5e+04      2332 2335.61 2335.61     2326     465     465    1861
         711    1.5e+04      2332 2335.61 2335.68     2326     465     465    1861
         712    1.5e+04      2332 2335.61 2335.61     2326     465     465    1861
         713    1.5e+04      2332 2335.61 2335.68     2327     465     465    1862
         714    1.5e+04      2332 2335.61 2335.61     2326     465     465    1861
         715    1.5e+04      2332 2335.61 2335.67     2327     465     465    1862
         716    1.5e+04      2332 2335.61 2335.62     2324     465     465    1859
         717    1.5e+04      2332 2335.61 2335.68     2327     465     465    1862
         718    1.5e+04      2332 2335.61 2335.61     2326     465     465    1861
         719    1.5e+04      2332 2335.61 2335.67     2326     465     465    1861
         720    1.5e+04      2332 2335.61 2335.61     2326     465     465    1861
         721    1.5e+04      2332 2335.61 2335.67     2327     465     465    1862
         722    1.5e+04      2332 2335.61 2335.61     2326     465     465    1861
         723    1.5e+04      2332 2335.61 2335.65     2327     465     465    1862
         724    1.5e+04      2332 2335.61 2335.62     2326     465     465    1861
         725    1.5e+04      2332 2335.61 2335.65     2325     465     465    1860
         726    1.5e+04      2332 2335.61 2335.63     2325     465     465    1860
         727    1.5e+04      2332 2335.61 2335.65     2327     465     465    1862
         728    1.5e+04      2332 2335.61 2335.63     2325     465     465    1860
         729    1.5e+04      2332 2335.61 2335.65     2327     465     465    1862
         730    1.5e+04      2332 2335.61 2335.63     2325     465     465    1860
         731    1.5e+04      2332 2335.61 2335.65     2327     465     465    1862
         732    1.5e+04      2332 2335.61 2335.62     2326     465     465    1861
         733    1.5e+04      2332 2335.61 2335.65     2327     465     465    1862
         734    1.5e+04      2332 2335.61 2335.62     2326     465     465    1861
         735    1.5e+04      2332 2335.61 2335.65     2327     465     465    1862
         736    1.5e+04      2332 2335.61 2335.62     2326     465     465    1861
         737    1.5e+04      2332 2335.61 2335.65     2327     465     465    1862
         738    1.5e+04      2332 2335.61 2335.62     2326     465     465    1861
         739    1.5e+04      2332 2335.61 2335.65     2327     465     465    1862
         740    1.5e+04      2332 2335.61 2335.62     2326     465     465    1861
         741    1.5e+04      2332 2335.61 2335.65     2327     465     465    1862
         742    1.5e+04      2332 2335.61 2335.62     2326     465     465    1861
         743    1.5e+04      2332 2335.61 2335.64     2327     465     465    1862
         744    1.5e+04      2332 2335.61 2335.62     2326     465     465    1861
         745    1.5e+04      2332 2335.61 2335.65     2327     465     465    1862
               reducing step to 0.0015625
         746    1.5e+04      2332 2335.57 2335.57     2326     465     465    1861
         747    1.5e+04      2332 2335.53 2335.53     2323     465     465    1858
         748    1.5e+04      2332 2335.53 2335.54     2326     465     465    1861
         749    1.5e+04      2332 2335.52 2335.52     2324     465     465    1859
         750    1.5e+04      2332 2335.52 2335.53     2332     465     465    1867
         751    1.5e+04      2332 2335.51 2335.51     2324     465     465    1859
         752    1.5e+04      2332 2335.51 2335.53     2325     465     465    1860
         753    1.5e+04      2332 2335.51 2335.51     2324     465     465    1859
         754    1.5e+04      2332 2335.51 2335.53     2328     465     465    1863
         755    1.5e+04      2332 2335.51 2335.51     2326     465     465    1861
         756    1.5e+04      2332 2335.51 2335.52     2330     465     465    1865
         757    1.5e+04      2332  2335.5  2335.5     2325     465     465    1860
         758    1.5e+04      2332  2335.5 2335.53     2329     465     465    1864
         759    1.5e+04      2332  2335.5  2335.5     2325     465     465    1860
         760    1.5e+04      2332  2335.5 2335.52     2330     465     465    1865
         761    1.5e+04      2332  2335.5  2335.5     2325     465     465    1860
         762    1.5e+04      2332  2335.5 2335.52     2330     465     465    1865
         763    1.5e+04      2332  2335.5  2335.5     2324     465     465    1859
         764    1.5e+04      2332  2335.5 2335.52     2330     465     465    1865
         765    1.5e+04      2332  2335.5  2335.5     2324     465     465    1859
         766    1.5e+04      2332  2335.5 2335.52     2330     465     465    1865
         767    1.5e+04      2332  2335.5  2335.5     2324     465     465    1859
         768    1.5e+04      2332  2335.5 2335.52     2330     465     465    1865
         769    1.5e+04      2332  2335.5  2335.5     2324     465     465    1859
         770    1.5e+04      2332  2335.5 2335.52     2330     465     465    1865
         771    1.5e+04      2332  2335.5  2335.5     2324     465     465    1859
         772    1.5e+04      2332  2335.5 2335.52     2328     465     465    1863
         773    1.5e+04      2332 2335.49 2335.49     2325     465     465    1860
         774    1.5e+04      2332 2335.49 2335.53     2330     465     465    1865
         775    1.5e+04      2332 2335.49  2335.5     2324     465     465    1859
         776    1.5e+04      2332 2335.49 2335.51     2330     465     465    1865
         777    1.5e+04      2332 2335.49  2335.5     2325     465     465    1860
         778    1.5e+04      2332 2335.49 2335.52     2330     465     465    1865
         779    1.5e+04      2332 2335.49  2335.5     2325     465     465    1860
         780    1.5e+04      2332 2335.49 2335.52     2330     465     465    1865
         781    1.5e+04      2332 2335.49 2335.49     2325     465     465    1860
         782    1.5e+04      2332 2335.49 2335.52     2330     465     465    1865
         783    1.5e+04      2332 2335.49  2335.5     2325     465     465    1860
         784    1.5e+04      2332 2335.49 2335.52     2330     465     465    1865
         785    1.5e+04      2332 2335.49  2335.5     2325     465     465    1860
         786    1.5e+04      2332 2335.49 2335.52     2329     465     465    1864
         787    1.5e+04      2332 2335.49 2335.49     2325     465     465    1860
         788    1.5e+04      2332 2335.49 2335.52     2329     465     465    1864
         789    1.5e+04      2332 2335.49 2335.49     2325     465     465    1860
         790    1.5e+04      2332 2335.49 2335.53     2330     465     465    1865
         791    1.5e+04      2332 2335.49  2335.5     2323     465     465    1858
         792    1.5e+04      2332 2335.49 2335.53     2330     465     465    1865
         793    1.5e+04      2332 2335.49 2335.49     2325     465     465    1860
         794    1.5e+04      2332 2335.49 2335.53     2329     465     465    1864
         795    1.5e+04      2332 2335.49 2335.49     2325     465     465    1860
         796    1.5e+04      2332 2335.49 2335.52     2322     465     465    1857
         797    1.5e+04      2332 2335.49 2335.49     2321     465     465    1856
         798    1.5e+04      2332 2335.49 2335.52     2329     465     465    1864
         799    1.5e+04      2332 2335.49 2335.49     2325     465     465    1860
         800    1.5e+04      2332 2335.49 2335.52     2330     465     465    1865
         801    1.5e+04      2332 2335.49 2335.49     2325     465     465    1860
         802    1.5e+04      2332 2335.49 2335.51     2330     465     465    1865
         803    1.5e+04      2332 2335.49  2335.5     2325     465     465    1860
         804    1.5e+04      2332 2335.49 2335.51     2329     465     465    1864
         805    1.5e+04      2332 2335.49 2335.49     2325     465     465    1860
         806    1.5e+04      2332 2335.49 2335.52     2330     465     465    1865
         807    1.5e+04      2332 2335.49 2335.49     2325     465     465    1860
         808    1.5e+04      2332 2335.49 2335.52     2330     465     465    1865
         809    1.5e+04      2332 2335.49 2335.49     2325     465     465    1860
         810    1.5e+04      2332 2335.49 2335.52     2325     465     465    1860
         811    1.5e+04      2332 2335.49 2335.49     2325     465     465    1860
         812    1.5e+04      2332 2335.49 2335.52     2330     465     465    1865
         813    1.5e+04      2332 2335.49 2335.49     2325     465     465    1860
         814    1.5e+04      2332 2335.49 2335.52     2329     465     465    1864
         815    1.5e+04      2332 2335.49 2335.49     2325     465     465    1860
         816    1.5e+04      2332 2335.49 2335.52     2330     465     465    1865
         817    1.5e+04      2332 2335.49 2335.49     2324     465     465    1859
         818    1.5e+04      2332 2335.49 2335.51     2330     465     465    1865
         819    1.5e+04      2332 2335.49  2335.5     2324     465     465    1859
         820    1.5e+04      2332 2335.49 2335.51     2329     465     465    1864
         821    1.5e+04      2332 2335.49 2335.49     2325     465     465    1860
         822    1.5e+04      2332 2335.49 2335.51     2330     465     465    1865
         823    1.5e+04      2332 2335.49 2335.49     2325     465     465    1860
         824    1.5e+04      2332 2335.49 2335.51     2330     465     465    1865
         825    1.5e+04      2332 2335.49 2335.49     2325     465     465    1860
         826    1.5e+04      2332 2335.49 2335.51     2330     465     465    1865
         827    1.5e+04      2332 2335.49 2335.49     2324     465     465    1859
         828    1.5e+04      2332 2335.49  2335.5     2330     465     465    1865
         829    1.5e+04      2332 2335.49 2335.49     2325     465     465    1860
         830    1.5e+04      2332 2335.49 2335.51     2325     465     465    1860
         831    1.5e+04      2332 2335.48 2335.48     2325     465     465    1860
         832    1.5e+04      2332 2335.48 2335.51     2329     465     465    1864
         833    1.5e+04      2332 2335.48 2335.48     2325     465     465    1860
         834    1.5e+04      2332 2335.48 2335.51     2330     465     465    1865
         835    1.5e+04      2332 2335.48 2335.49     2325     465     465    1860
         836    1.5e+04      2332 2335.48  2335.5     2330     465     465    1865
         837    1.5e+04      2332 2335.48 2335.49     2325     465     465    1860
         838    1.5e+04      2332 2335.48 2335.51     2327     465     465    1862
         839    1.5e+04      2332 2335.48 2335.49     2324     465     465    1859
         840    1.5e+04      2332 2335.48  2335.5     2328     465     465    1863
         841    1.5e+04      2332 2335.48 2335.49     2324     465     465    1859
         842    1.5e+04      2332 2335.48  2335.5     2330     465     465    1865
         843    1.5e+04      2332 2335.48 2335.49     2323     465     465    1858
         844    1.5e+04      2332 2335.48  2335.5     2330     465     465    1865
         845    1.5e+04      2332 2335.48 2335.49     2325     465     465    1860
         846    1.5e+04      2332 2335.48  2335.5     2330     465     465    1865
         847    1.5e+04      2332 2335.48 2335.49     2324     465     465    1859
         848    1.5e+04      2332 2335.48  2335.5     2330     465     465    1865
         849    1.5e+04      2332 2335.48 2335.49     2325     465     465    1860
         850    1.5e+04      2332 2335.48  2335.5     2330     465     465    1865
         851    1.5e+04      2332 2335.48 2335.49     2324     465     465    1859
         852    1.5e+04      2332 2335.48  2335.5     2330     465     465    1865
         853    1.5e+04      2332 2335.48 2335.49     2325     465     465    1860
         854    1.5e+04      2332 2335.48  2335.5     2330     465     465    1865
         855    1.5e+04      2332 2335.48 2335.49     2325     465     465    1860
         856    1.5e+04      2332 2335.48  2335.5     2330     465     465    1865
         857    1.5e+04      2332 2335.48 2335.49     2324     465     465    1859
         858    1.5e+04      2332 2335.48  2335.5     2330     465     465    1865
               reducing step to 0.00078125
         859    1.5e+04      2332 2335.47 2335.47     2330     465     465    1865
         860    1.5e+04      2332 2335.44 2335.44     2323     465     465    1858
         861    1.5e+04      2332 2335.44 2335.45     2331     465     465    1866
         862    1.5e+04      2332 2335.44 2335.44     2322     465     465    1857
         863    1.5e+04      2332 2335.44 2335.45     2332     465     465    1867
         864    1.5e+04      2332 2335.44 2335.44     2323     465     465    1858
         865    1.5e+04      2332 2335.44 2335.45     2329     465     465    1864
         866    1.5e+04      2332 2335.44 2335.44     2321     465     465    1856
         867    1.5e+04      2332 2335.44 2335.45     2328     465     465    1863
         868    1.5e+04      2332 2335.43 2335.43     2324     465     465    1859
         869    1.5e+04      2332 2335.43 2335.45     2329     465     465    1864
         870    1.5e+04      2332 2335.43 2335.43     2323     465     465    1858
         871    1.5e+04      2332 2335.43 2335.45     2330     465     465    1865
         872    1.5e+04      2332 2335.43 2335.43     2323     465     465    1858
         873    1.5e+04      2332 2335.43 2335.45     2330     465     465    1865
         874    1.5e+04      2332 2335.43 2335.43     2321     465     465    1856
         875    1.5e+04      2332 2335.43 2335.44     2330     465     465    1865
         876    1.5e+04      2332 2335.43 2335.43     2323     465     465    1858
         877    1.5e+04      2332 2335.43 2335.44     2330     465     465    1865
         878    1.5e+04      2332 2335.43 2335.43     2322     465     465    1857
         879    1.5e+04      2332 2335.43 2335.44     2330     465     465    1865
         880    1.5e+04      2332 2335.43 2335.43     2323     465     465    1858
         881    1.5e+04      2332 2335.43 2335.44     2325     465     465    1860
         882    1.5e+04      2332 2335.43 2335.43     2323     465     465    1858
         883    1.5e+04      2332 2335.43 2335.45     2330     465     465    1865
         884    1.5e+04      2332 2335.43 2335.43     2322     465     465    1857
         885    1.5e+04      2332 2335.43 2335.44     2330     465     465    1865
         886    1.5e+04      2332 2335.43 2335.43     2323     465     465    1858
         887    1.5e+04      2332 2335.43 2335.44     2330     465     465    1865
         888    1.5e+04      2332 2335.43 2335.43     2323     465     465    1858
         889    1.5e+04      2332 2335.43 2335.45     2330     465     465    1865
         890    1.5e+04      2332 2335.43 2335.43     2322     465     465    1857
         891    1.5e+04      2332 2335.43 2335.44     2330     465     465    1865
         892    1.5e+04      2332 2335.43 2335.43     2323     465     465    1858
         893    1.5e+04      2332 2335.43 2335.44     2329     465     465    1864
         894    1.5e+04      2332 2335.43 2335.43     2323     465     465    1858
         895    1.5e+04      2332 2335.43 2335.44     2330     465     465    1865
         896    1.5e+04      2332 2335.43 2335.43     2322     465     465    1857
         897    1.5e+04      2332 2335.43 2335.44     2330     465     465    1865
         898    1.5e+04      2332 2335.43 2335.44     2321     465     465    1856
         899    1.5e+04      2332 2335.43 2335.44     2329     465     465    1864
         900    1.5e+04      2332 2335.43 2335.44     2323     465     465    1858
         901    1.5e+04      2332 2335.43 2335.45     2330     465     465    1865
         902    1.5e+04      2332 2335.43 2335.44     2323     465     465    1858
         903    1.5e+04      2332 2335.43 2335.44     2330     465     465    1865
         904    1.5e+04      2332 2335.43 2335.44     2323     465     465    1858
         905    1.5e+04      2332 2335.43 2335.44     2330     465     465    1865
         906    1.5e+04      2332 2335.43 2335.44     2321     465     465    1856
         907    1.5e+04      2332 2335.43 2335.45     2330     465     465    1865
         908    1.5e+04      2332 2335.43 2335.44     2323     465     465    1858
         909    1.5e+04      2332 2335.43 2335.44     2329     465     465    1864
         910    1.5e+04      2332 2335.43 2335.44     2323     465     465    1858
         911    1.5e+04      2332 2335.43 2335.44     2330     465     465    1865
         912    1.5e+04      2332 2335.43 2335.44     2321     465     465    1856
         913    1.5e+04      2332 2335.43 2335.44     2329     465     465    1864
         914    1.5e+04      2332 2335.43 2335.44     2323     465     465    1858
         915    1.5e+04      2332 2335.43 2335.44     2330     465     465    1865
         916    1.5e+04      2332 2335.43 2335.44     2322     465     465    1857
         917    1.5e+04      2332 2335.43 2335.44     2330     465     465    1865
         918    1.5e+04      2332 2335.43 2335.44     2322     465     465    1857
         919    1.5e+04      2332 2335.43 2335.44     2330     465     465    1865
               reducing step to 0.000390625
         920    1.5e+04      2332 2335.43 2335.43     2329     465     465    1864
         921    1.5e+04      2332 2335.41 2335.41     2325     465     465    1860
         922    1.5e+04      2332  2335.4  2335.4     2331     465     465    1866
         923    1.5e+04      2332  2335.4 2335.41     2323     465     465    1858
         924    1.5e+04      2332  2335.4 2335.41     2331     465     465    1866
         925    1.5e+04      2332  2335.4  2335.4     2324     465     465    1859
         926    1.5e+04      2332  2335.4 2335.41     2329     465     465    1864
         927    1.5e+04      2332  2335.4  2335.4     2323     465     465    1858
         928    1.5e+04      2332  2335.4 2335.41     2329     465     465    1864
         929    1.5e+04      2332  2335.4  2335.4     2325     465     465    1860
         930    1.5e+04      2332  2335.4 2335.41     2328     465     465    1863
         931    1.5e+04      2332  2335.4  2335.4     2324     465     465    1859
         932    1.5e+04      2332  2335.4 2335.41     2330     465     465    1865
         933    1.5e+04      2332  2335.4  2335.4     2324     465     465    1859
         934    1.5e+04      2332  2335.4 2335.41     2330     465     465    1865
         935    1.5e+04      2332  2335.4  2335.4     2324     465     465    1859
         936    1.5e+04      2332  2335.4 2335.41     2330     465     465    1865
         937    1.5e+04      2332  2335.4  2335.4     2324     465     465    1859
         938    1.5e+04      2332  2335.4 2335.41     2330     465     465    1865
         939    1.5e+04      2332  2335.4  2335.4     2323     465     465    1858
         940    1.5e+04      2332  2335.4 2335.41     2330     465     465    1865
         941    1.5e+04      2332  2335.4  2335.4     2323     465     465    1858
         942    1.5e+04      2332  2335.4 2335.41     2330     465     465    1865
         943    1.5e+04      2332  2335.4  2335.4     2324     465     465    1859
         944    1.5e+04      2332  2335.4 2335.41     2330     465     465    1865
         945    1.5e+04      2332  2335.4  2335.4     2323     465     465    1858
         946    1.5e+04      2332  2335.4 2335.41     2330     465     465    1865
         947    1.5e+04      2332  2335.4  2335.4     2323     465     465    1858
         948    1.5e+04      2332  2335.4 2335.41     2329     465     465    1864
         949    1.5e+04      2332  2335.4  2335.4     2324     465     465    1859
         950    1.5e+04      2332  2335.4 2335.41     2329     465     465    1864
         951    1.5e+04      2332  2335.4  2335.4     2324     465     465    1859
         952    1.5e+04      2332  2335.4 2335.41     2330     465     465    1865
         953    1.5e+04      2332  2335.4  2335.4     2324     465     465    1859
         954    1.5e+04      2332  2335.4 2335.41     2330     465     465    1865
         955    1.5e+04      2332  2335.4  2335.4     2324     465     465    1859
         956    1.5e+04      2332  2335.4 2335.41     2325     465     465    1860
         957    1.5e+04      2332  2335.4  2335.4     2324     465     465    1859
         958    1.5e+04      2332  2335.4 2335.41     2330     465     465    1865
         959    1.5e+04      2332  2335.4  2335.4     2323     465     465    1858
         960    1.5e+04      2332  2335.4 2335.41     2330     465     465    1865
         961    1.5e+04      2332  2335.4  2335.4     2324     465     465    1859
         962    1.5e+04      2332  2335.4 2335.41     2330     465     465    1865
         963    1.5e+04      2332  2335.4  2335.4     2324     465     465    1859
         964    1.5e+04      2332  2335.4 2335.41     2330     465     465    1865
         965    1.5e+04      2332  2335.4  2335.4     2324     465     465    1859
         966    1.5e+04      2332  2335.4 2335.41     2329     465     465    1864
         967    1.5e+04      2332  2335.4  2335.4     2324     465     465    1859
         968    1.5e+04      2332  2335.4 2335.41     2329     465     465    1864
         969    1.5e+04      2332  2335.4  2335.4     2324     465     465    1859
         970    1.5e+04      2332  2335.4 2335.41     2328     465     465    1863
         971    1.5e+04      2332  2335.4  2335.4     2324     465     465    1859
         972    1.5e+04      2332  2335.4 2335.41     2330     465     465    1865
         973    1.5e+04      2332  2335.4  2335.4     2324     465     465    1859
         974    1.5e+04      2332  2335.4 2335.41     2330     465     465    1865
         975    1.5e+04      2332  2335.4  2335.4     2324     465     465    1859
         976    1.5e+04      2332  2335.4 2335.41     2330     465     465    1865
         977    1.5e+04      2332  2335.4  2335.4     2324     465     465    1859
         978    1.5e+04      2332  2335.4 2335.41     2330     465     465    1865
         979    1.5e+04      2332  2335.4  2335.4     2324     465     465    1859
         980    1.5e+04      2332  2335.4 2335.41     2329     465     465    1864
         981    1.5e+04      2332  2335.4  2335.4     2324     465     465    1859
         982    1.5e+04      2332  2335.4 2335.41     2330     465     465    1865
         983    1.5e+04      2332  2335.4  2335.4     2324     465     465    1859
         984    1.5e+04      2332  2335.4 2335.41     2329     465     465    1864
         985    1.5e+04      2332  2335.4  2335.4     2324     465     465    1859
         986    1.5e+04      2332  2335.4 2335.41     2327     465     465    1862
         987    1.5e+04      2332  2335.4  2335.4     2323     465     465    1858
         988    1.5e+04      2332  2335.4 2335.41     2330     465     465    1865
         989    1.5e+04      2332  2335.4  2335.4     2323     465     465    1858
         990    1.5e+04      2332  2335.4 2335.41     2330     465     465    1865
         991    1.5e+04      2332  2335.4  2335.4     2324     465     465    1859
         992    1.5e+04      2332  2335.4 2335.41     2330     465     465    1865
         993    1.5e+04      2332  2335.4  2335.4     2324     465     465    1859
         994    1.5e+04      2332  2335.4 2335.41     2328     465     465    1863
         995    1.5e+04      2332  2335.4  2335.4     2324     465     465    1859
         996    1.5e+04      2332  2335.4 2335.41     2330     465     465    1865
         997    1.5e+04      2332  2335.4  2335.4     2324     465     465    1859
         998    1.5e+04      2332  2335.4 2335.41     2330     465     465    1865
         999    1.5e+04      2332  2335.4  2335.4     2323     465     465    1858
        1000    1.5e+04      2332  2335.4 2335.41     2330     465     465    1865
Total time used by klau is 44.34
true_align (1135) and est_align (465) DO NOT have the same number of elements.
method klau has a score of 27.40%
method klau used 44.344 seconds.
maximum values in init align row is:  1134
maximum values in init align col is:  1134
 best   iter   pr-delta       obj  weight    card overlap
    *      1    5.1e-01    1581.5     469     469    1347
    *      2    1.4e-01    1690.5     469     469    1456
    *      3    5.0e-02    1700.5     469     469    1466
    *      4    2.0e-02    1701.5     469     469    1467
    *      5    8.3e-03    1706.5     469     469    1472
           6    3.8e-03    1705.5     469     469    1471
           7    1.9e-03    1705.5     469     469    1471
           8    9.6e-04    1705.5     469     469    1471
           9    5.1e-04    1705.5     469     469    1471
          10    2.8e-04    1705.5     469     469    1471
          11    1.6e-04    1705.5     469     469    1471
          12    8.8e-05    1705.5     469     469    1471
          13    5.1e-05    1705.5     469     469    1471
          14    3.0e-05    1705.5     469     469    1471
          15    1.7e-05    1705.5     469     469    1471
          16    1.0e-05    1705.5     469     469    1471
          17    6.3e-06    1705.5     469     469    1471
          18    3.8e-06    1705.5     469     469    1471
          19    2.3e-06    1705.5     469     469    1471
          20    1.4e-06    1705.5     469     469    1471
          21    8.8e-07    1705.5     469     469    1471
          22    5.5e-07    1705.5     469     469    1471
          23    3.4e-07    1705.5     469     469    1471
          24    2.1e-07    1705.5     469     469    1471
          25    1.3e-07    1705.5     469     469    1471
          26    8.6e-08    1705.5     469     469    1471
          27    5.4e-08    1705.5     469     469    1471
          28    3.5e-08    1705.5     469     469    1471
          29    2.2e-08    1705.5     469     469    1471
          30    1.4e-08    1705.5     469     469    1471
          31    9.3e-09    1705.5     469     469    1471
          32    6.0e-09    1705.5     469     469    1471
          33    3.9e-09    1705.5     469     469    1471
          34    2.5e-09    1705.5     469     469    1471
          35    1.7e-09    1705.5     469     469    1471
          36    1.1e-09    1705.5     469     469    1471
          37    7.1e-10    1705.5     469     469    1471
          38    4.7e-10    1705.5     469     469    1471
          39    3.1e-10    1705.5     469     469    1471
          40    2.0e-10    1705.5     469     469    1471
          41    1.3e-10    1705.5     469     469    1471
          42    8.8e-11    1705.5     469     469    1471
          43    5.8e-11    1705.5     469     469    1471
          44    3.8e-11    1705.5     469     469    1471
          45    2.5e-11    1705.5     469     469    1471
          46    1.7e-11    1705.5     469     469    1471
          47    1.1e-11    1705.5     469     469    1471
          48    7.4e-12    1705.5     469     469    1471
          49    4.9e-12    1705.5     469     469    1471
          50    3.2e-12    1705.5     469     469    1471
          51    2.2e-12    1705.5     469     469    1471
          52    1.4e-12    1705.5     469     469    1471
          53    9.5e-13    1705.5     469     469    1471
Total time used by isorank is 0.68
true_align (1135) and est_align (469) DO NOT have the same number of elements.
method isorank has a score of 7.49%
method isorank used 0.681 seconds.
experiment results:
     method      score       time
0     final  29.074890   3.839009
1  netalign  27.841410   1.903882
2      klau  27.400881  44.344422
3   isorank   7.488987   0.680523
