num_init for this graph is 10
Generating initial alignment matrix using degree ...
mode is  degree
number of noisy edges are:  10
Average number of initial alignments for each node is 20
maximum values in init align row is:  1134
maximum values in init align col is:  1132
best   iter    obj_ma wght_ma card_ma over_ma    obj_mb wght_mb card_mb over_mb
  *a      1      1752     458     458    1294      1752     458     458    1294
          2       680     323     323     357       944     357     357     587
          3      1019     435     435     584       731     325     325     406
          4       717     370     370     347       725     355     355     370
  *b      5      1778     457     457    1321      1815     434     434    1381
  *a      6      2023     457     457    1566      2013     446     446    1567
          7      1730     431     431    1299      1826     435     435    1391
          8       801     367     367     434       475     186     186     289
          9      1199     392     392     807      1236     337     337     899
  *a     10      2102     457     457    1645      2027     446     446    1581
  *b     11      2195     457     457    1738      2200     451     451    1749
  *b     12      2200     454     454    1746      2211     447     447    1764
  *a     13      2250     452     452    1798      2178     409     409    1769
  *a     14      2262     454     454    1808      2126     398     398    1728
  *a     15      2284     455     455    1829      2282     450     450    1832
  *a     16      2287     455     455    1832      2285     451     451    1834
  *a     17      2294     455     455    1839      2284     447     447    1837
  *a     18      2295     455     455    1840      2275     443     443    1832
         19      2290     455     455    1835      2282     447     447    1835
         20      2290     455     455    1835      2292     452     452    1840
  *a     21      2296     455     455    1841      2293     453     453    1840
         22      2295     455     455    1840      2296     455     455    1841
         23      2295     456     456    1839      2290     453     453    1837
         24      2295     456     456    1839      2285     448     448    1837
         25      2296     456     456    1840      2284     448     448    1836
         26      2296     456     456    1840      2290     451     451    1839
  *a     27      2297     456     456    1841      2294     454     454    1840
         28      2297     456     456    1841      2297     456     456    1841
         29      2297     456     456    1841      2297     456     456    1841
         30      2297     456     456    1841      2295     455     455    1840
         31      2297     456     456    1841      2294     454     454    1840
         32      2297     456     456    1841      2289     452     452    1837
         33      2297     456     456    1841      2294     454     454    1840
         34      2297     456     456    1841      2295     455     455    1840
         35      2297     456     456    1841      2295     455     455    1840
         36      2297     456     456    1841      2297     456     456    1841
         37      2297     456     456    1841      2295     455     455    1840
         38      2297     456     456    1841      2295     455     455    1840
         39      2297     456     456    1841      2293     454     454    1839
         40      2297     456     456    1841      2293     454     454    1839
         41      2297     456     456    1841      2295     455     455    1840
         42      2297     456     456    1841      2297     456     456    1841
         43      2297     456     456    1841      2297     456     456    1841
         44      2297     456     456    1841      2297     456     456    1841
         45      2297     456     456    1841      2297     456     456    1841
         46      2297     456     456    1841      2295     455     455    1840
         47      2297     456     456    1841      2295     455     455    1840
         48      2297     456     456    1841      2295     455     455    1840
         49      2297     456     456    1841      2297     456     456    1841
         50      2297     456     456    1841      2297     456     456    1841
         51      2297     456     456    1841      2297     456     456    1841
         52      2297     456     456    1841      2297     456     456    1841
         53      2297     456     456    1841      2297     456     456    1841
         54      2297     456     456    1841      2297     456     456    1841
         55      2297     456     456    1841      2295     455     455    1840
         56      2297     456     456    1841      2295     455     455    1840
         57      2297     456     456    1841      2295     455     455    1840
         58      2297     456     456    1841      2295     455     455    1840
         59      2297     456     456    1841      2295     455     455    1840
         60      2297     456     456    1841      2295     455     455    1840
         61      2297     456     456    1841      2295     455     455    1840
         62      2297     456     456    1841      2297     456     456    1841
         63      2297     456     456    1841      2297     456     456    1841
         64      2297     456     456    1841      2297     456     456    1841
         65      2297     456     456    1841      2294     455     455    1839
         66      2297     456     456    1841      2294     455     455    1839
         67      2297     456     456    1841      2294     455     455    1839
         68      2297     456     456    1841      2292     454     454    1838
         69      2297     456     456    1841      2292     454     454    1838
         70      2297     456     456    1841      2295     455     455    1840
         71      2297     456     456    1841      2295     455     455    1840
         72      2297     456     456    1841      2295     455     455    1840
         73      2297     456     456    1841      2297     456     456    1841
         74      2297     456     456    1841      2297     456     456    1841
         75      2297     456     456    1841      2297     456     456    1841
         76      2297     456     456    1841      2297     456     456    1841
         77      2297     456     456    1841      2297     456     456    1841
         78      2297     456     456    1841      2297     456     456    1841
         79      2297     456     456    1841      2297     456     456    1841
         80      2297     456     456    1841      2297     456     456    1841
         81      2297     456     456    1841      2297     456     456    1841
         82      2297     456     456    1841      2297     456     456    1841
         83      2297     456     456    1841      2297     456     456    1841
         84      2297     456     456    1841      2297     456     456    1841
         85      2297     456     456    1841      2297     456     456    1841
         86      2297     456     456    1841      2297     456     456    1841
         87      2297     456     456    1841      2297     456     456    1841
         88      2297     456     456    1841      2297     456     456    1841
         89      2297     456     456    1841      2297     456     456    1841
         90      2297     456     456    1841      2297     456     456    1841
         91      2297     456     456    1841      2297     456     456    1841
         92      2297     456     456    1841      2297     456     456    1841
         93      2297     456     456    1841      2297     456     456    1841
         94      2297     456     456    1841      2297     456     456    1841
         95      2297     456     456    1841      2297     456     456    1841
         96      2297     456     456    1841      2297     456     456    1841
         97      2297     456     456    1841      2297     456     456    1841
         98      2297     456     456    1841      2297     456     456    1841
         99      2297     456     456    1841      2297     456     456    1841
        100      2297     456     456    1841      2297     456     456    1841
Total time used by netalign is 1.93
true_align (1135) and est_align (456) DO NOT have the same number of elements.
method netalign has a score of 27.22%
method netalign used 1.931 seconds.
maximum values in init align row is:  1134
maximum values in init align col is:  1132
 best   iter     norm-u     lower   upper     cur      obj  weight    card overlap
    *      1    0.0e+00      1845  2576.5  2576.5     1845     458     458    1387
           2    1.3e+03      1845  2576.5  2736.2     1716     458     458    1258
           3    1.9e+03      1845  2576.5  2683.6     1280     458     458     822
           4    2.6e+03      1845  2576.5  2692.9     1349     458     458     891
           5    3.1e+03      1845  2576.5  2675.2     1230     458     458     772
           6    3.6e+03      1845  2576.5  2674.8     1170     458     458     712
           7    4.0e+03      1845  2576.5  2675.1     1079     458     458     621
           8    4.4e+03      1845  2576.5  2650.9     1114     458     458     656
           9    4.8e+03      1845  2576.5  2667.5     1062     458     458     604
          10    5.2e+03      1845  2576.5  2655.4     1181     458     458     723
          11    5.5e+03      1845  2576.5  2668.5     1118     458     458     660
          12    5.8e+03      1845  2576.5  2638.8     1069     458     458     611
          13    6.1e+03      1845  2576.5  2646.7     1050     458     458     592
          14    6.4e+03      1845  2576.5  2641.8     1150     458     458     692
          15    6.7e+03      1845  2576.5    2646     1055     458     458     597
          16    6.9e+03      1845  2576.5  2639.8     1070     458     458     612
          17    7.1e+03      1845  2576.5  2640.6     1029     458     458     571
          18    7.4e+03      1845  2576.5    2640     1056     458     458     598
          19    7.7e+03      1845  2576.5    2628     1098     458     458     640
          20    7.9e+03      1845  2576.5  2633.9     1005     458     458     547
          21    8.2e+03      1845  2576.5  2626.4     1072     458     458     614
          22    8.4e+03      1845  2576.5  2619.5      951     458     458     493
          23    8.6e+03      1845  2576.5  2636.7     1015     458     458     557
          24    8.8e+03      1845  2576.5  2626.5     1005     458     458     547
          25    9.0e+03      1845  2576.5  2624.5     1067     458     458     609
          26    9.1e+03      1845  2576.5  2625.8      973     458     458     515
               reducing step to 0.2
          27    9.2e+03      1845  2509.1  2509.1     1071     458     458     613
          28    9.3e+03      1845  2509.1  2511.4     1041     458     458     583
          29    9.4e+03      1845  2474.4  2474.4     1117     458     458     659
          30    9.5e+03      1845  2474.4  2488.6     1022     458     458     564
          31    9.5e+03      1845  2462.1  2462.1     1120     458     458     662
          32    9.6e+03      1845  2462.1    2469     1107     458     458     649
          33    9.7e+03      1845  2454.8  2454.8     1136     458     458     678
          34    9.7e+03      1845  2451.2  2451.2     1102     458     458     644
          35    9.8e+03      1845  2447.5  2447.5     1144     458     458     686
          36    9.8e+03      1845    2439    2439     1216     458     458     758
          37    9.9e+03      1845    2439  2448.6     1060     458     458     602
          38    1.0e+04      1845  2437.5  2437.5     1193     458     458     735
          39    1.0e+04      1845  2431.1  2431.1     1141     458     458     683
          40    1.0e+04      1845  2431.1  2435.2     1142     458     458     684
          41    1.0e+04      1845  2424.6  2424.6     1283     458     458     825
          42    1.0e+04      1845  2424.6  2430.4     1140     458     458     682
          43    1.0e+04      1845  2424.6  2429.5     1200     458     458     742
          44    1.0e+04      1845  2417.1  2417.1     1362     458     458     904
          45    1.0e+04      1845  2416.2  2416.2     1246     458     458     788
          46    1.0e+04      1845  2416.2  2416.6     1299     458     458     841
          47    1.0e+04      1845  2416.2  2420.4     1224     458     458     766
          48    1.0e+04      1845  2415.1  2415.1     1206     458     458     748
          49    1.1e+04      1845  2412.9  2412.9     1439     458     458     981
          50    1.1e+04      1845  2401.8  2401.8     1440     458     458     982
          51    1.1e+04      1845  2401.8  2409.7     1264     458     458     806
          52    1.1e+04      1845  2401.8  2417.5     1444     458     458     986
          53    1.1e+04      1845    2399    2399     1436     458     458     978
          54    1.1e+04      1845    2399  2406.2     1282     458     458     824
          55    1.1e+04      1845    2399  2409.8     1334     458     458     876
          56    1.1e+04      1845  2398.8  2398.8     1348     458     458     890
          57    1.1e+04      1845  2398.8  2398.9     1420     458     458     962
          58    1.1e+04      1845  2398.8  2400.7     1419     458     458     961
          59    1.1e+04      1845  2397.4  2397.4     1430     458     458     972
          60    1.1e+04      1845  2388.4  2388.4     1438     458     458     980
          61    1.1e+04      1845  2388.4  2388.8     1385     458     458     927
          62    1.1e+04      1845  2388.4  2393.3     1508     458     458    1050
          63    1.1e+04      1845  2388.4  2391.6     1437     458     458     979
          64    1.1e+04      1845  2388.4  2392.1     1403     458     458     945
          65    1.1e+04      1845  2388.4  2391.5     1524     458     458    1066
          66    1.1e+04      1845  2388.4  2389.9     1415     458     458     957
          67    1.1e+04      1845  2388.4  2389.3     1360     458     458     902
          68    1.1e+04      1845  2388.4  2392.8     1483     458     458    1025
          69    1.1e+04      1845  2386.7  2386.7     1477     458     458    1019
          70    1.1e+04      1845  2385.8  2385.8     1506     458     458    1048
          71    1.1e+04      1845  2385.8  2387.9     1594     458     458    1136
          72    1.1e+04      1845  2379.4  2379.4     1469     458     458    1011
          73    1.1e+04      1845  2379.4  2386.1     1454     458     458     996
          74    1.1e+04      1845  2379.4  2385.2     1447     458     458     989
          75    1.1e+04      1845  2379.4  2383.3     1436     458     458     978
          76    1.2e+04      1845  2379.4  2383.1     1380     458     458     922
          77    1.2e+04      1845  2378.2  2378.2     1524     458     458    1066
          78    1.2e+04      1845  2378.2  2379.9     1560     458     458    1102
          79    1.2e+04      1845  2378.2  2380.8     1508     458     458    1050
          80    1.2e+04      1845  2378.2  2380.1     1469     458     458    1011
          81    1.2e+04      1845  2378.2  2379.5     1404     458     458     946
          82    1.2e+04      1845  2378.2    2379     1487     458     458    1029
          83    1.2e+04      1845  2378.2  2385.1     1501     458     458    1043
          84    1.2e+04      1845  2373.9  2373.9     1488     458     458    1030
          85    1.2e+04      1845  2373.9  2380.1     1436     458     458     978
          86    1.2e+04      1845  2373.9  2385.4     1526     458     458    1068
          87    1.2e+04      1845  2373.9  2376.3     1670     458     458    1212
          88    1.2e+04      1845  2373.9    2374     1587     458     458    1129
          89    1.2e+04      1845  2373.9  2374.4     1598     458     458    1140
          90    1.2e+04      1845  2372.2  2372.2     1576     458     458    1118
          91    1.2e+04      1845  2372.2    2373     1601     458     458    1143
          92    1.2e+04      1845  2369.3  2369.3     1700     458     458    1242
          93    1.2e+04      1845  2366.4  2366.4     1746     458     458    1288
          94    1.2e+04      1845  2363.2  2363.2     1620     458     458    1162
          95    1.2e+04      1845  2363.2  2377.5     1495     458     458    1037
          96    1.2e+04      1845  2363.2  2380.1     1462     458     458    1004
          97    1.2e+04      1845  2363.2  2369.1     1503     458     458    1045
          98    1.2e+04      1845  2363.2  2369.4     1499     458     458    1041
          99    1.2e+04      1845  2363.2  2374.3     1531     458     458    1073
         100    1.2e+04      1845  2363.2  2374.9     1537     458     458    1079
         101    1.2e+04      1845  2362.9  2362.9     1485     458     458    1027
         102    1.2e+04      1845  2362.9  2375.9     1446     458     458     988
         103    1.2e+04      1845  2362.9    2373     1521     458     458    1063
         104    1.2e+04      1845  2362.9  2367.8     1633     458     458    1175
         105    1.2e+04      1845  2359.5  2359.5     1654     458     458    1196
         106    1.2e+04      1845  2359.5  2367.3     1522     458     458    1064
         107    1.2e+04      1845  2359.5  2373.6     1497     458     458    1039
         108    1.2e+04      1845  2359.5  2364.8     1596     458     458    1138
         109    1.2e+04      1845  2359.5  2364.5     1661     458     458    1203
         110    1.3e+04      1845  2359.5  2362.3     1705     458     458    1247
         111    1.3e+04      1845  2359.5    2360     1634     458     458    1176
         112    1.3e+04      1845  2359.5  2363.8     1565     458     458    1107
         113    1.3e+04      1845  2359.5    2370     1532     458     458    1074
         114    1.3e+04      1845  2359.5  2369.8     1664     458     458    1206
         115    1.3e+04      1845  2355.4  2355.4     1681     458     458    1223
         116    1.3e+04      1845  2355.4  2355.9     1658     458     458    1200
         117    1.3e+04      1845  2355.4  2362.1     1656     458     458    1198
         118    1.3e+04      1845  2355.4  2365.2     1704     458     458    1246
         119    1.3e+04      1845  2355.4  2358.7     1725     458     458    1267
         120    1.3e+04      1845  2355.4  2358.1     1770     458     458    1312
         121    1.3e+04      1845    2355    2355     1722     458     458    1264
         122    1.3e+04      1845    2355  2361.9     1548     458     458    1090
         123    1.3e+04      1845    2355  2365.2     1488     458     458    1030
         124    1.3e+04      1845    2355  2362.4     1666     458     458    1208
         125    1.3e+04      1845    2355  2357.2     1713     458     458    1255
         126    1.3e+04      1845    2355  2359.8     1576     458     458    1118
         127    1.3e+04      1845    2355  2369.9     1447     458     458     989
         128    1.3e+04      1845    2355  2364.9     1520     458     458    1062
         129    1.3e+04      1845  2354.5  2354.5     1731     458     458    1273
         130    1.3e+04      1845  2354.5  2357.1     1564     458     458    1106
         131    1.3e+04      1845  2354.5  2362.1     1495     458     458    1037
         132    1.3e+04      1845  2354.5  2365.5     1563     458     458    1105
         133    1.3e+04      1845  2354.5  2363.9     1609     458     458    1151
         134    1.3e+04      1845  2354.5  2359.6     1549     458     458    1091
         135    1.3e+04      1845  2354.5  2363.7     1662     458     458    1204
         136    1.3e+04      1845  2354.5  2358.9     1593     458     458    1135
         137    1.3e+04      1845  2354.5  2366.1     1633     458     458    1175
         138    1.3e+04      1845  2354.5  2358.3     1708     458     458    1250
         139    1.3e+04      1845  2354.5  2361.7     1551     458     458    1093
         140    1.3e+04      1845  2354.5  2365.6     1598     458     458    1140
         141    1.3e+04      1845  2354.5  2357.8     1678     458     458    1220
         142    1.3e+04      1845  2353.8  2353.8     1635     458     458    1177
         143    1.3e+04      1845  2353.8  2353.9     1661     458     458    1203
         144    1.3e+04      1845  2352.7  2352.7     1644     458     458    1186
         145    1.3e+04      1845  2352.7  2360.6     1570     458     458    1112
         146    1.3e+04      1845  2352.7  2360.5     1622     458     458    1164
         147    1.3e+04      1845    2352    2352     1626     458     458    1168
         148    1.3e+04      1845    2352  2356.2     1604     458     458    1146
         149    1.3e+04      1845    2352  2358.9     1606     458     458    1148
         150    1.3e+04      1845    2352  2359.7     1671     458     458    1213
         151    1.3e+04      1845    2352  2352.5     1735     458     458    1277
         152    1.3e+04      1845    2352  2353.9     1651     458     458    1193
         153    1.3e+04      1845    2352  2354.4     1574     458     458    1116
         154    1.3e+04      1845    2352  2363.1     1570     458     458    1112
         155    1.3e+04      1845    2350    2350     1697     458     458    1239
         156    1.4e+04      1845  2344.7  2344.7     1713     458     458    1255
         157    1.4e+04      1845  2344.7  2354.1     1556     458     458    1098
         158    1.4e+04      1845  2344.7  2360.9     1537     458     458    1079
         159    1.4e+04      1845  2344.7  2354.7     1578     458     458    1120
         160    1.4e+04      1845  2344.7  2352.9     1639     458     458    1181
         161    1.4e+04      1845  2344.7  2356.3     1563     458     458    1105
         162    1.4e+04      1845  2344.7  2359.6     1536     458     458    1078
         163    1.4e+04      1845  2344.7  2356.2     1684     458     458    1226
         164    1.4e+04      1845  2344.7  2351.3     1557     458     458    1099
         165    1.4e+04      1845  2344.7  2357.8     1555     458     458    1097
         166    1.4e+04      1845  2344.7  2357.5     1539     458     458    1081
         167    1.4e+04      1845  2344.7  2356.9     1631     458     458    1173
         168    1.4e+04      1845  2344.7  2350.4     1747     458     458    1289
         169    1.4e+04      1845  2344.7  2348.5     1617     458     458    1159
         170    1.4e+04      1845  2344.7    2360     1579     457     457    1122
         171    1.4e+04      1845  2344.7  2357.3     1520     458     458    1062
         172    1.4e+04      1845  2344.7  2352.7     1713     458     458    1255
         173    1.4e+04      1845  2344.7  2350.9     1582     458     458    1124
         174    1.4e+04      1845  2344.7  2360.2     1608     458     458    1150
         175    1.4e+04      1845  2344.7  2354.5     1658     458     458    1200
         176    1.4e+04      1845  2344.7  2355.3     1617     458     458    1159
         177    1.4e+04      1845  2344.7  2355.8     1549     458     458    1091
         178    1.4e+04      1845  2344.7  2348.2     1590     458     458    1132
         179    1.4e+04      1845  2344.7  2357.9     1629     458     458    1171
         180    1.4e+04      1845  2344.7    2352     1688     458     458    1230
         181    1.4e+04      1845  2344.7  2346.7     1837     458     458    1379
               reducing step to 0.1
    *    182    1.4e+04      2042  2325.3  2325.3     2042     458     458    1584
         183    1.4e+04      2042  2318.8  2318.8     2029     458     458    1571
         184    1.4e+04      2042  2317.8  2317.8     1954     458     458    1496
         185    1.4e+04      2042  2317.8  2318.6     2033     458     458    1575
    *    186    1.4e+04      2074  2317.3  2317.3     2074     458     458    1616
    *    187    1.4e+04      2109  2316.6  2316.6     2109     458     458    1651
    *    188    1.4e+04      2191  2314.9  2314.9     2191     458     458    1733
    *    189    1.4e+04      2234  2314.3  2314.3     2234     457     457    1777
         190    1.4e+04      2234  2312.4  2312.4     2115     457     457    1658
         191    1.4e+04      2234  2312.4    2315     2182     457     457    1725
         192    1.4e+04      2234  2312.4  2313.3     2177     458     458    1719
         193    1.4e+04      2234  2312.4  2313.8     2185     458     458    1727
         194    1.4e+04      2234  2312.4  2313.3     2187     457     457    1730
         195    1.4e+04      2234  2312.4  2313.2     2157     457     457    1700
         196    1.4e+04      2234  2312.4  2313.4     2176     458     458    1718
         197    1.4e+04      2234  2312.4  2312.7     2164     457     457    1707
         198    1.4e+04      2234  2312.4  2313.2     2205     458     458    1747
         199    1.4e+04      2234  2312.4  2313.9     2203     457     457    1746
         200    1.4e+04      2234  2312.3  2312.3     2126     457     457    1669
         201    1.4e+04      2234  2312.3  2314.4     2086     457     457    1629
         202    1.4e+04      2234  2312.3  2313.3     2106     458     458    1648
         203    1.4e+04      2234  2312.3  2312.6     2161     457     457    1704
         204    1.4e+04      2234  2312.3  2313.7     1992     458     458    1534
         205    1.4e+04      2234  2312.3  2312.9     2169     457     457    1712
         206    1.4e+04      2234  2312.3  2312.6     2153     458     458    1695
         207    1.4e+04      2234  2312.3  2312.9     2184     457     457    1727
         208    1.4e+04      2234  2311.6  2311.6     2176     458     458    1718
         209    1.4e+04      2234  2311.6  2311.7     2151     457     457    1694
         210    1.4e+04      2234  2311.5  2311.5     2159     458     458    1701
         211    1.4e+04      2234    2311    2311     2154     457     457    1697
    *    212    1.4e+04      2240    2311  2311.2     2240     457     457    1783
    *    213    1.4e+04      2246  2310.8  2310.8     2246     457     457    1789
         214    1.4e+04      2246  2310.8  2311.4     2237     457     457    1780
    *    215    1.4e+04      2260  2310.6  2310.6     2260     456     456    1804
         216    1.4e+04      2260  2310.3  2310.3     2219     457     457    1762
         217    1.4e+04      2260  2310.3  2311.1     2209     456     456    1753
    *    218    1.4e+04      2262  2310.1  2310.1     2262     456     456    1806
    *    219    1.4e+04      2267  2310.1  2310.1     2267     456     456    1811
    *    220    1.4e+04      2270  2309.8  2309.8     2270     456     456    1814
         221    1.4e+04      2270  2309.8  2310.2     2260     456     456    1804
         222    1.4e+04      2270  2309.5  2309.5     2219     456     456    1763
         223    1.4e+04      2270  2309.5  2310.7     2246     456     456    1790
    *    224    1.4e+04      2277  2309.5  2310.2     2277     455     455    1822
         225    1.4e+04      2277  2309.5  2309.9     2268     457     457    1811
    *    226    1.4e+04      2278  2309.5  2309.9     2278     455     455    1823
         227    1.4e+04      2278  2309.5  2310.6     2271     456     456    1815
         228    1.4e+04      2278  2309.2  2309.2     2276     455     455    1821
         229    1.4e+04      2278  2309.2  2309.7     2277     456     456    1821
         230    1.4e+04      2278  2309.2  2309.7     2276     455     455    1821
         231    1.4e+04      2278  2309.2  2309.8     2275     456     456    1819
         232    1.4e+04      2278  2309.2  2309.3     2278     455     455    1823
         233    1.4e+04      2278  2309.2  2309.9     2276     456     456    1820
         234    1.4e+04      2278  2309.2  2309.7     2206     456     456    1750
         235    1.4e+04      2278  2309.2  2310.4     2260     457     457    1803
         236    1.4e+04      2278  2309.2  2310.2     2227     456     456    1771
         237    1.4e+04      2278  2309.2  2309.2     2236     457     457    1779
         238    1.4e+04      2278  2309.2  2309.5     2218     456     456    1762
         239    1.4e+04      2278  2309.2    2310     2264     456     456    1808
         240    1.4e+04      2278  2309.2  2309.4     2222     456     456    1766
         241    1.4e+04      2278  2309.2  2309.9     2179     457     457    1722
         242    1.4e+04      2278  2309.2  2309.3     2223     457     457    1766
         243    1.4e+04      2278  2309.2    2310     2252     456     456    1796
         244    1.4e+04      2278  2309.1  2309.1     2230     456     456    1774
         245    1.4e+04      2278  2309.1  2310.1     2071     456     456    1615
         246    1.4e+04      2278  2309.1  2311.1     2175     456     456    1719
         247    1.4e+04      2278  2309.1  2310.5     2097     457     457    1640
         248    1.4e+04      2278  2309.1  2311.2     2174     457     457    1717
         249    1.4e+04      2278  2309.1  2309.5     2207     456     456    1751
         250    1.4e+04      2278  2309.1  2310.4     2174     458     458    1716
         251    1.4e+04      2278  2309.1  2310.5     2214     456     456    1758
         252    1.4e+04      2278  2309.1  2309.6     2142     456     456    1686
         253    1.4e+04      2278  2309.1  2309.9     2230     458     458    1772
         254    1.4e+04      2278  2308.9  2308.9     2252     456     456    1796
         255    1.4e+04      2278  2308.9  2309.2     2273     456     456    1817
         256    1.4e+04      2278  2307.7  2307.7     2276     455     455    1821
    *    257    1.4e+04      2279  2307.7    2310     2279     456     456    1823
         258    1.4e+04      2279  2307.7  2308.4     2271     455     455    1816
         259    1.4e+04      2279  2307.7  2309.6     2279     456     456    1823
         260    1.4e+04      2279  2307.7  2308.4     2278     455     455    1823
         261    1.4e+04      2279  2307.7  2309.6     2277     456     456    1821
         262    1.4e+04      2279  2307.7  2308.2     2277     455     455    1822
    *    263    1.4e+04      2280  2307.7  2309.6     2280     456     456    1824
         264    1.4e+04      2280  2307.7  2307.9     2277     455     455    1822
    *    265    1.4e+04      2282  2307.7  2309.8     2282     456     456    1826
         266    1.4e+04      2282  2307.7  2308.4     2280     455     455    1825
         267    1.4e+04      2282  2307.7  2309.9     2276     456     456    1820
         268    1.4e+04      2282  2307.7  2308.1     2275     455     455    1820
         269    1.4e+04      2282  2307.7  2309.8     2272     456     456    1816
         270    1.4e+04      2282  2307.7  2307.9     2275     455     455    1820
         271    1.4e+04      2282  2307.7  2309.8     2278     456     456    1822
         272    1.4e+04      2282  2307.7    2308     2276     455     455    1821
         273    1.4e+04      2282  2307.7  2309.8     2277     456     456    1821
         274    1.4e+04      2282  2307.7  2307.9     2279     455     455    1824
         275    1.4e+04      2282  2307.7  2309.4     2279     456     456    1823
         276    1.4e+04      2282  2307.7  2307.9     2278     455     455    1823
         277    1.4e+04      2282  2307.7  2309.9     2273     456     456    1817
         278    1.4e+04      2282  2307.7    2308     2275     455     455    1820
         279    1.4e+04      2282  2307.7  2309.6     2277     456     456    1821
         280    1.4e+04      2282  2307.7  2307.8     2281     455     455    1826
         281    1.4e+04      2282  2307.7  2309.7     2279     456     456    1823
               reducing step to 0.05
         282    1.4e+04      2282 2305.25 2305.25     2266     456     456    1810
         283    1.4e+04      2282 2303.55 2303.55     2210     455     455    1755
         284    1.4e+04      2282 2303.55  2304.1     2278     456     456    1822
         285    1.4e+04      2282 2303.45 2303.45     2262     455     455    1807
    *    286    1.4e+04      2289 2303.45 2303.95     2289     456     456    1833
         287    1.4e+04      2289 2303.15 2303.15     2285     455     455    1830
         288    1.4e+04      2289 2303.15  2303.7     2289     456     456    1833
         289    1.4e+04      2289 2303.05 2303.05     2289     455     455    1834
    *    290    1.4e+04      2290 2303.05 2303.75     2290     456     456    1834
         291    1.4e+04      2290 2303.05  2303.1     2288     455     455    1833
         292    1.4e+04      2290 2303.05 2303.75     2287     456     456    1831
         293    1.4e+04      2290 2303.05  2303.3     2282     455     455    1827
         294    1.4e+04      2290 2303.05 2303.75     2282     456     456    1826
         295    1.4e+04      2290 2303.05  2303.2     2285     455     455    1830
         296    1.4e+04      2290 2303.05 2303.75     2287     456     456    1831
         297    1.4e+04      2290 2303.05  2303.2     2286     455     455    1831
         298    1.4e+04      2290 2303.05  2303.7     2289     456     456    1833
         299    1.4e+04      2290 2303.05 2303.15     2288     455     455    1833
         300    1.4e+04      2290 2303.05 2303.65     2290     456     456    1834
         301    1.4e+04      2290 2303.05 2303.15     2288     455     455    1833
         302    1.4e+04      2290 2303.05 2303.65     2290     456     456    1834
         303    1.4e+04      2290 2303.05 2303.15     2285     455     455    1830
         304    1.4e+04      2290 2303.05 2303.65     2277     456     456    1821
         305    1.4e+04      2290 2303.05 2303.25     2257     456     456    1801
         306    1.4e+04      2290 2303.05  2303.5     2290     456     456    1834
         307    1.4e+04      2290 2303.05  2303.2     2288     455     455    1833
    *    308    1.4e+04      2291 2303.05 2303.45     2291     456     456    1835
         309    1.4e+04      2291 2303.05 2303.15     2288     455     455    1833
         310    1.4e+04      2291 2303.05 2303.45     2291     456     456    1835
         311    1.4e+04      2291 2303.05 2303.15     2288     455     455    1833
    *    312    1.4e+04      2292 2303.05 2303.45     2292     456     456    1836
         313    1.4e+04      2292 2303.05  2303.1     2279     455     455    1824
         314    1.4e+04      2292 2303.05  2303.4     2290     456     456    1834
               reducing step to 0.025
         315    1.4e+04      2292 2302.12 2302.12     2288     456     456    1832
         316    1.4e+04      2292 2301.25 2301.25     2276     455     455    1821
         317    1.4e+04      2292 2301.25 2301.25     2292     456     456    1836
    *    318    1.4e+04      2293 2301.25 2301.27     2293     455     455    1838
         319    1.4e+04      2293  2301.1  2301.1     2287     456     456    1831
         320    1.4e+04      2293  2301.1  2301.3     2293     455     455    1838
         321    1.4e+04      2293 2301.07 2301.07     2293     456     456    1837
         322    1.4e+04      2293 2301.07 2301.17     2293     455     455    1838
         323    1.4e+04      2293 2301.07  2301.1     2287     456     456    1831
         324    1.4e+04      2293 2301.07 2301.25     2291     455     455    1836
         325    1.4e+04      2293 2301.07 2301.15     2289     456     456    1833
         326    1.4e+04      2293 2301.07 2301.25     2290     455     455    1835
         327    1.4e+04      2293 2301.07  2301.1     2288     456     456    1832
         328    1.4e+04      2293 2301.07 2301.15     2291     455     455    1836
         329    1.4e+04      2293 2301.02 2301.02     2290     456     456    1834
         330    1.4e+04      2293 2301.02 2301.12     2289     455     455    1834
         331    1.4e+04      2293 2301.02 2301.07     2289     456     456    1833
         332    1.4e+04      2293 2301.02 2301.17     2288     455     455    1833
         333    1.4e+04      2293 2301.02 2301.05     2289     456     456    1833
         334    1.4e+04      2293 2301.02 2301.15     2289     455     455    1834
         335    1.4e+04      2293 2301.02 2301.05     2290     456     456    1834
         336    1.4e+04      2293 2301.02  2301.2     2286     455     455    1831
         337    1.4e+04      2293 2301.02 2301.07     2288     456     456    1832
         338    1.4e+04      2293 2301.02 2301.17     2287     455     455    1832
         339    1.4e+04      2293 2301.02  2301.1     2289     456     456    1833
         340    1.4e+04      2293 2301.02 2301.12     2289     455     455    1834
         341    1.4e+04      2293 2301.02 2301.02     2289     456     456    1833
         342    1.4e+04      2293 2301.02 2301.12     2288     455     455    1833
         343    1.4e+04      2293    2301    2301     2289     456     456    1833
         344    1.4e+04      2293    2301  2301.1     2289     455     455    1834
         345    1.4e+04      2293 2300.97 2300.97     2287     456     456    1831
         346    1.4e+04      2293 2300.97 2301.12     2288     455     455    1833
         347    1.4e+04      2293 2300.97    2301     2289     456     456    1833
         348    1.4e+04      2293 2300.97 2301.05     2291     455     455    1836
         349    1.4e+04      2293 2300.87 2300.87     2291     456     456    1835
         350    1.4e+04      2293 2300.87 2301.05     2289     455     455    1834
         351    1.4e+04      2293 2300.87 2300.95     2289     456     456    1833
         352    1.4e+04      2293 2300.87 2301.07     2290     455     455    1835
         353    1.4e+04      2293 2300.87 2300.97     2289     456     456    1833
         354    1.4e+04      2293 2300.87 2300.95     2289     455     455    1834
         355    1.4e+04      2293 2300.87 2301.05     2291     456     456    1835
         356    1.4e+04      2293 2300.87    2301     2289     455     455    1834
         357    1.4e+04      2293 2300.87 2301.05     2289     456     456    1833
         358    1.4e+04      2293 2300.87 2300.92     2289     455     455    1834
         359    1.4e+04      2293 2300.87 2301.07     2291     456     456    1835
         360    1.4e+04      2293 2300.87 2300.97     2289     455     455    1834
         361    1.4e+04      2293 2300.87 2301.07     2291     456     456    1835
         362    1.4e+04      2293 2300.87 2300.97     2289     455     455    1834
         363    1.4e+04      2293 2300.87 2301.07     2290     456     456    1834
         364    1.4e+04      2293 2300.87 2300.95     2289     455     455    1834
         365    1.4e+04      2293 2300.87 2301.07     2292     456     456    1836
         366    1.4e+04      2293 2300.87 2300.95     2289     455     455    1834
         367    1.4e+04      2293 2300.87 2301.07     2292     456     456    1836
         368    1.4e+04      2293 2300.87 2300.92     2289     455     455    1834
         369    1.4e+04      2293 2300.87  2301.1     2283     456     456    1827
         370    1.4e+04      2293 2300.87 2300.92     2288     455     455    1833
         371    1.4e+04      2293 2300.87 2301.07     2290     456     456    1834
         372    1.4e+04      2293 2300.87  2300.9     2289     455     455    1834
         373    1.4e+04      2293 2300.87 2301.05     2290     456     456    1834
         374    1.4e+04      2293 2300.87  2300.9     2289     455     455    1834
               reducing step to 0.0125
         375    1.4e+04      2293 2300.49 2300.49     2281     456     456    1825
         376    1.4e+04      2293 2300.01 2300.01     2293     455     455    1838
         377    1.4e+04      2293    2300    2300     2291     456     456    1835
         378    1.4e+04      2293    2300 2300.05     2292     455     455    1837
         379    1.4e+04      2293  2299.9  2299.9     2291     456     456    1835
         380    1.4e+04      2293  2299.9 2300.07     2292     455     455    1837
         381    1.4e+04      2293  2299.9 2299.91     2293     456     456    1837
         382    1.4e+04      2293  2299.9 2300.06     2291     455     455    1836
         383    1.4e+04      2293 2299.86 2299.86     2292     456     456    1836
         384    1.4e+04      2293 2299.86 2300.05     2293     455     455    1838
         385    1.4e+04      2293 2299.86 2299.92     2289     456     456    1833
         386    1.4e+04      2293 2299.86 2300.07     2290     455     455    1835
         387    1.4e+04      2293 2299.86 2299.92     2288     456     456    1832
         388    1.4e+04      2293 2299.86 2300.02     2288     455     455    1833
         389    1.4e+04      2293 2299.86 2299.91     2290     456     456    1834
         390    1.4e+04      2293 2299.86 2300.02     2287     455     455    1832
         391    1.4e+04      2293 2299.86 2299.86     2290     456     456    1834
         392    1.4e+04      2293 2299.86 2300.02     2288     455     455    1833
         393    1.4e+04      2293 2299.86 2299.92     2291     456     456    1835
         394    1.4e+04      2293 2299.86 2300.04     2288     455     455    1833
         395    1.4e+04      2293 2299.86 2299.95     2287     456     456    1831
         396    1.4e+04      2293 2299.86 2300.01     2287     455     455    1832
         397    1.4e+04      2293 2299.86 2299.91     2289     456     456    1833
         398    1.4e+04      2293 2299.86 2299.97     2286     455     455    1831
         399    1.4e+04      2293 2299.86 2299.92     2288     456     456    1832
         400    1.4e+04      2293 2299.86 2299.99     2287     455     455    1832
         401    1.4e+04      2293 2299.86  2299.9     2291     456     456    1835
         402    1.4e+04      2293 2299.86 2299.96     2288     455     455    1833
         403    1.4e+04      2293 2299.86 2299.91     2290     456     456    1834
         404    1.4e+04      2293 2299.86 2299.95     2288     455     455    1833
         405    1.4e+04      2293 2299.86  2299.9     2291     456     456    1835
         406    1.4e+04      2293 2299.86 2299.96     2288     455     455    1833
         407    1.4e+04      2293 2299.86 2299.89     2292     456     456    1836
         408    1.4e+04      2293 2299.86 2299.97     2288     455     455    1833
               reducing step to 0.00625
         409    1.4e+04      2293 2299.68 2299.68     2289     455     455    1834
         410    1.4e+04      2293 2299.44 2299.44     2293     456     456    1837
         411    1.4e+04      2293 2299.44 2299.51     2293     455     455    1838
         412    1.4e+04      2293 2299.33 2299.33     2287     456     456    1831
    *    413    1.4e+04      2294 2299.33 2299.49     2294     455     455    1839
         414    1.4e+04      2294 2299.33 2299.45     2290     456     456    1834
         415    1.4e+04      2294 2299.33 2299.47     2292     455     455    1837
         416    1.4e+04      2294 2299.33 2299.47     2290     456     456    1834
         417    1.4e+04      2294 2299.33 2299.43     2292     455     455    1837
         418    1.4e+04      2294 2299.33 2299.47     2289     456     456    1833
         419    1.4e+04      2294 2299.33 2299.44     2293     455     455    1838
         420    1.4e+04      2294 2299.33 2299.47     2288     456     456    1832
         421    1.4e+04      2294 2299.33 2299.43     2293     455     455    1838
         422    1.4e+04      2294 2299.33 2299.46     2287     456     456    1831
         423    1.4e+04      2294 2299.33 2299.42     2293     455     455    1838
         424    1.4e+04      2294 2299.33 2299.45     2289     456     456    1833
         425    1.4e+04      2294 2299.33 2299.42     2293     455     455    1838
         426    1.4e+04      2294 2299.33 2299.45     2289     456     456    1833
         427    1.4e+04      2294 2299.33 2299.42     2293     455     455    1838
         428    1.4e+04      2294 2299.33 2299.43     2287     456     456    1831
         429    1.4e+04      2294 2299.33 2299.39     2293     455     455    1838
         430    1.4e+04      2294 2299.33 2299.44     2287     456     456    1831
         431    1.4e+04      2294 2299.33 2299.41     2293     455     455    1838
         432    1.4e+04      2294 2299.33 2299.44     2288     456     456    1832
         433    1.4e+04      2294 2299.33 2299.41     2293     455     455    1838
         434    1.4e+04      2294 2299.33 2299.43     2288     456     456    1832
         435    1.4e+04      2294 2299.33  2299.4     2293     455     455    1838
         436    1.4e+04      2294 2299.33 2299.44     2288     456     456    1832
         437    1.4e+04      2294 2299.33  2299.4     2293     455     455    1838
               reducing step to 0.003125
         438    1.4e+04      2294 2299.32 2299.32     2288     456     456    1832
         439    1.4e+04      2294 2299.17 2299.17     2290     455     455    1835
    *    440    1.4e+04      2295 2299.17 2299.22     2295     456     456    1839
         441    1.4e+04      2295 2299.17 2299.17     2288     455     455    1833
         442    1.4e+04      2295 2299.17 2299.23     2294     456     456    1838
         443    1.4e+04      2295 2299.17 2299.17     2289     455     455    1834
         444    1.4e+04      2295 2299.17 2299.23     2292     456     456    1836
         445    1.4e+04      2295 2299.17 2299.18     2288     455     455    1833
         446    1.4e+04      2295 2299.17 2299.22     2294     456     456    1838
         447    1.4e+04      2295 2299.17 2299.18     2288     455     455    1833
         448    1.4e+04      2295 2299.17 2299.22     2292     456     456    1836
         449    1.4e+04      2295 2299.17 2299.17     2286     455     455    1831
         450    1.4e+04      2295 2299.17 2299.22     2295     456     456    1839
         451    1.4e+04      2295 2299.17 2299.17     2289     455     455    1834
         452    1.4e+04      2295 2299.17 2299.22     2292     456     456    1836
         453    1.4e+04      2295 2299.17 2299.17     2288     455     455    1833
         454    1.4e+04      2295 2299.17 2299.22     2295     456     456    1839
         455    1.4e+04      2295 2299.17 2299.17     2287     455     455    1832
         456    1.4e+04      2295 2299.17 2299.21     2293     456     456    1837
         457    1.4e+04      2295 2299.17 2299.17     2287     455     455    1832
         458    1.4e+04      2295 2299.17 2299.21     2295     456     456    1839
         459    1.4e+04      2295 2299.17 2299.17     2288     455     455    1833
         460    1.4e+04      2295 2299.17 2299.21     2293     456     456    1837
         461    1.4e+04      2295 2299.16 2299.16     2288     455     455    1833
         462    1.4e+04      2295 2299.16 2299.21     2295     456     456    1839
         463    1.4e+04      2295 2299.16 2299.16     2288     455     455    1833
         464    1.4e+04      2295 2299.16  2299.2     2291     456     456    1835
         465    1.4e+04      2295 2299.16 2299.16     2287     455     455    1832
         466    1.4e+04      2295 2299.16 2299.21     2293     456     456    1837
         467    1.4e+04      2295 2299.16 2299.16     2289     455     455    1834
         468    1.4e+04      2295 2299.16 2299.21     2291     456     456    1835
         469    1.4e+04      2295 2299.16 2299.16     2288     455     455    1833
         470    1.4e+04      2295 2299.16 2299.21     2293     456     456    1837
         471    1.4e+04      2295 2299.16 2299.16     2288     455     455    1833
         472    1.4e+04      2295 2299.16 2299.21     2291     456     456    1835
         473    1.4e+04      2295 2299.16 2299.16     2287     455     455    1832
         474    1.4e+04      2295 2299.16 2299.21     2293     456     456    1837
         475    1.4e+04      2295 2299.16 2299.16     2288     455     455    1833
         476    1.4e+04      2295 2299.16 2299.21     2290     456     456    1834
         477    1.4e+04      2295 2299.15 2299.15     2287     455     455    1832
         478    1.4e+04      2295 2299.15 2299.21     2293     456     456    1837
         479    1.4e+04      2295 2299.15 2299.15     2288     455     455    1833
         480    1.4e+04      2295 2299.15  2299.2     2291     456     456    1835
         481    1.4e+04      2295 2299.15 2299.15     2287     455     455    1832
         482    1.4e+04      2295 2299.15  2299.2     2293     456     456    1837
         483    1.4e+04      2295 2299.15 2299.15     2288     455     455    1833
         484    1.4e+04      2295 2299.15  2299.2     2291     456     456    1835
         485    1.4e+04      2295 2299.15 2299.15     2286     455     455    1831
         486    1.4e+04      2295 2299.15  2299.2     2293     456     456    1837
         487    1.4e+04      2295 2299.15 2299.15     2290     455     455    1835
         488    1.4e+04      2295 2299.15 2299.19     2290     456     456    1834
         489    1.4e+04      2295 2299.15 2299.15     2288     455     455    1833
         490    1.4e+04      2295 2299.15 2299.19     2292     456     456    1836
         491    1.4e+04      2295 2299.15 2299.15     2289     455     455    1834
         492    1.4e+04      2295 2299.15 2299.19     2291     456     456    1835
         493    1.4e+04      2295 2299.15 2299.16     2287     455     455    1832
         494    1.4e+04      2295 2299.15 2299.19     2293     456     456    1837
         495    1.4e+04      2295 2299.15 2299.15     2289     455     455    1834
         496    1.4e+04      2295 2299.15 2299.19     2291     456     456    1835
         497    1.4e+04      2295 2299.15 2299.16     2287     455     455    1832
         498    1.4e+04      2295 2299.15 2299.19     2292     456     456    1836
         499    1.4e+04      2295 2299.15 2299.15     2287     455     455    1832
         500    1.4e+04      2295 2299.15 2299.19     2292     456     456    1836
         501    1.4e+04      2295 2299.15 2299.15     2286     455     455    1831
         502    1.4e+04      2295 2299.15 2299.18     2294     456     456    1838
         503    1.4e+04      2295 2299.14 2299.14     2289     455     455    1834
         504    1.4e+04      2295 2299.14 2299.19     2292     456     456    1836
         505    1.4e+04      2295 2299.14 2299.14     2288     455     455    1833
         506    1.4e+04      2295 2299.14 2299.19     2294     456     456    1838
         507    1.4e+04      2295 2299.14 2299.14     2289     455     455    1834
         508    1.4e+04      2295 2299.14 2299.19     2292     456     456    1836
         509    1.4e+04      2295 2299.14 2299.14     2288     455     455    1833
         510    1.4e+04      2295 2299.14 2299.18     2292     456     456    1836
         511    1.4e+04      2295 2299.14 2299.14     2289     455     455    1834
         512    1.4e+04      2295 2299.14 2299.18     2290     456     456    1834
         513    1.4e+04      2295 2299.14 2299.14     2288     455     455    1833
         514    1.4e+04      2295 2299.14 2299.18     2293     456     456    1837
         515    1.4e+04      2295 2299.14 2299.14     2288     455     455    1833
         516    1.4e+04      2295 2299.14 2299.18     2291     456     456    1835
         517    1.4e+04      2295 2299.14 2299.14     2287     455     455    1832
         518    1.4e+04      2295 2299.14 2299.18     2293     456     456    1837
         519    1.4e+04      2295 2299.14 2299.14     2288     455     455    1833
         520    1.4e+04      2295 2299.14 2299.18     2290     456     456    1834
         521    1.4e+04      2295 2299.14 2299.14     2287     455     455    1832
         522    1.4e+04      2295 2299.14 2299.18     2293     456     456    1837
         523    1.4e+04      2295 2299.14 2299.14     2288     455     455    1833
         524    1.4e+04      2295 2299.14 2299.18     2291     456     456    1835
         525    1.4e+04      2295 2299.14 2299.14     2287     455     455    1832
         526    1.4e+04      2295 2299.14 2299.18     2293     456     456    1837
         527    1.4e+04      2295 2299.14 2299.14     2288     455     455    1833
         528    1.4e+04      2295 2299.14 2299.18     2291     456     456    1835
         529    1.4e+04      2295 2299.14 2299.14     2287     455     455    1832
         530    1.4e+04      2295 2299.14 2299.18     2293     456     456    1837
         531    1.4e+04      2295 2299.14 2299.14     2288     455     455    1833
         532    1.4e+04      2295 2299.14 2299.18     2291     456     456    1835
         533    1.4e+04      2295 2299.14 2299.14     2287     455     455    1832
         534    1.4e+04      2295 2299.14 2299.18     2293     456     456    1837
               reducing step to 0.0015625
         535    1.4e+04      2295  2299.1  2299.1     2290     456     456    1834
         536    1.4e+04      2295 2299.03 2299.03     2289     455     455    1834
         537    1.4e+04      2295 2299.03 2299.07     2293     456     456    1837
         538    1.4e+04      2295 2299.03 2299.03     2293     455     455    1838
         539    1.4e+04      2295 2299.03 2299.06     2294     456     456    1838
         540    1.4e+04      2295 2299.03 2299.03     2289     455     455    1834
         541    1.4e+04      2295 2299.03 2299.06     2293     456     456    1837
         542    1.4e+04      2295 2299.03 2299.03     2290     455     455    1835
         543    1.4e+04      2295 2299.03 2299.06     2293     456     456    1837
         544    1.4e+04      2295 2299.03 2299.03     2290     455     455    1835
         545    1.4e+04      2295 2299.03 2299.06     2292     456     456    1836
         546    1.4e+04      2295 2299.03 2299.03     2289     455     455    1834
         547    1.4e+04      2295 2299.03 2299.06     2291     456     456    1835
         548    1.4e+04      2295 2299.03 2299.03     2291     455     455    1836
         549    1.4e+04      2295 2299.03 2299.05     2292     456     456    1836
         550    1.4e+04      2295 2299.03 2299.03     2289     455     455    1834
         551    1.4e+04      2295 2299.03 2299.06     2291     456     456    1835
         552    1.4e+04      2295 2299.03 2299.03     2288     455     455    1833
         553    1.4e+04      2295 2299.03 2299.05     2292     456     456    1836
         554    1.4e+04      2295 2299.03 2299.03     2289     455     455    1834
         555    1.4e+04      2295 2299.03 2299.05     2292     456     456    1836
         556    1.4e+04      2295 2299.03 2299.03     2289     455     455    1834
         557    1.4e+04      2295 2299.03 2299.05     2293     456     456    1837
         558    1.4e+04      2295 2299.03 2299.03     2289     455     455    1834
         559    1.4e+04      2295 2299.03 2299.05     2293     456     456    1837
         560    1.4e+04      2295 2299.02 2299.02     2289     455     455    1834
         561    1.4e+04      2295 2299.02 2299.05     2293     456     456    1837
         562    1.4e+04      2295 2299.02 2299.02     2289     455     455    1834
         563    1.4e+04      2295 2299.02 2299.05     2292     456     456    1836
         564    1.4e+04      2295 2299.02 2299.03     2288     455     455    1833
         565    1.4e+04      2295 2299.02 2299.05     2291     456     456    1835
         566    1.4e+04      2295 2299.02 2299.02     2288     455     455    1833
         567    1.4e+04      2295 2299.02 2299.05     2292     456     456    1836
         568    1.4e+04      2295 2299.02 2299.03     2288     455     455    1833
         569    1.4e+04      2295 2299.02 2299.05     2292     456     456    1836
         570    1.4e+04      2295 2299.02 2299.03     2288     455     455    1833
         571    1.4e+04      2295 2299.02 2299.05     2292     456     456    1836
         572    1.4e+04      2295 2299.02 2299.02     2288     455     455    1833
         573    1.4e+04      2295 2299.02 2299.05     2292     456     456    1836
         574    1.4e+04      2295 2299.02 2299.02     2288     455     455    1833
         575    1.4e+04      2295 2299.02 2299.05     2292     456     456    1836
         576    1.4e+04      2295 2299.02 2299.02     2288     455     455    1833
         577    1.4e+04      2295 2299.02 2299.05     2292     456     456    1836
         578    1.4e+04      2295 2299.02 2299.02     2288     455     455    1833
         579    1.4e+04      2295 2299.02 2299.05     2292     456     456    1836
         580    1.4e+04      2295 2299.02 2299.02     2287     455     455    1832
         581    1.4e+04      2295 2299.02 2299.05     2292     456     456    1836
         582    1.4e+04      2295 2299.02 2299.02     2288     455     455    1833
         583    1.4e+04      2295 2299.02 2299.05     2292     456     456    1836
         584    1.4e+04      2295 2299.02 2299.02     2288     455     455    1833
         585    1.4e+04      2295 2299.02 2299.05     2292     456     456    1836
         586    1.4e+04      2295 2299.02 2299.02     2288     455     455    1833
         587    1.4e+04      2295 2299.02 2299.05     2292     456     456    1836
         588    1.4e+04      2295 2299.02 2299.02     2288     455     455    1833
         589    1.4e+04      2295 2299.02 2299.04     2292     456     456    1836
         590    1.4e+04      2295 2299.02 2299.02     2290     455     455    1835
         591    1.4e+04      2295 2299.02 2299.04     2290     456     456    1834
         592    1.4e+04      2295 2299.02 2299.02     2290     455     455    1835
         593    1.4e+04      2295 2299.02 2299.04     2291     456     456    1835
         594    1.4e+04      2295 2299.02 2299.02     2289     455     455    1834
         595    1.4e+04      2295 2299.02 2299.04     2291     456     456    1835
         596    1.4e+04      2295 2299.02 2299.02     2289     455     455    1834
         597    1.4e+04      2295 2299.02 2299.04     2291     456     456    1835
         598    1.4e+04      2295 2299.02 2299.02     2289     455     455    1834
         599    1.4e+04      2295 2299.02 2299.04     2291     456     456    1835
         600    1.4e+04      2295 2299.02 2299.02     2289     455     455    1834
         601    1.4e+04      2295 2299.02 2299.04     2291     456     456    1835
         602    1.4e+04      2295 2299.02 2299.02     2289     455     455    1834
         603    1.4e+04      2295 2299.02 2299.04     2291     456     456    1835
         604    1.4e+04      2295 2299.02 2299.02     2289     455     455    1834
         605    1.4e+04      2295 2299.02 2299.04     2291     456     456    1835
         606    1.4e+04      2295 2299.02 2299.02     2289     455     455    1834
         607    1.4e+04      2295 2299.02 2299.04     2290     456     456    1834
         608    1.4e+04      2295 2299.02 2299.02     2289     455     455    1834
         609    1.4e+04      2295 2299.02 2299.04     2291     456     456    1835
         610    1.4e+04      2295 2299.02 2299.02     2289     455     455    1834
         611    1.4e+04      2295 2299.02 2299.04     2291     456     456    1835
         612    1.4e+04      2295 2299.02 2299.02     2289     455     455    1834
         613    1.4e+04      2295 2299.02 2299.04     2291     456     456    1835
         614    1.4e+04      2295 2299.02 2299.02     2289     455     455    1834
         615    1.4e+04      2295 2299.02 2299.04     2291     456     456    1835
               reducing step to 0.00078125
         616    1.4e+04      2295    2299    2299     2292     456     456    1836
         617    1.4e+04      2295 2298.97 2298.97     2288     455     455    1833
         618    1.4e+04      2295 2298.97 2298.98     2295     456     456    1839
         619    1.4e+04      2295 2298.97 2298.97     2292     455     455    1837
         620    1.4e+04      2295 2298.97 2298.98     2292     456     456    1836
         621    1.4e+04      2295 2298.97 2298.97     2290     455     455    1835
         622    1.4e+04      2295 2298.97 2298.98     2292     456     456    1836
         623    1.4e+04      2295 2298.97 2298.97     2290     455     455    1835
         624    1.4e+04      2295 2298.97 2298.98     2291     456     456    1835
         625    1.4e+04      2295 2298.97 2298.97     2289     455     455    1834
         626    1.4e+04      2295 2298.97 2298.98     2291     456     456    1835
         627    1.4e+04      2295 2298.97 2298.97     2289     455     455    1834
         628    1.4e+04      2295 2298.97 2298.98     2291     456     456    1835
         629    1.4e+04      2295 2298.97 2298.97     2289     455     455    1834
         630    1.4e+04      2295 2298.97 2298.97     2292     456     456    1836
         631    1.4e+04      2295 2298.97 2298.97     2290     455     455    1835
         632    1.4e+04      2295 2298.97 2298.97     2290     456     456    1834
         633    1.4e+04      2295 2298.97 2298.97     2289     455     455    1834
         634    1.4e+04      2295 2298.97 2298.97     2290     456     456    1834
         635    1.4e+04      2295 2298.97 2298.97     2289     455     455    1834
         636    1.4e+04      2295 2298.97 2298.97     2290     456     456    1834
         637    1.4e+04      2295 2298.97 2298.97     2289     455     455    1834
         638    1.4e+04      2295 2298.97 2298.97     2291     456     456    1835
         639    1.4e+04      2295 2298.97 2298.97     2289     455     455    1834
         640    1.4e+04      2295 2298.97 2298.97     2291     456     456    1835
         641    1.4e+04      2295 2298.97 2298.97     2287     455     455    1832
         642    1.4e+04      2295 2298.97 2298.97     2291     456     456    1835
         643    1.4e+04      2295 2298.97 2298.97     2289     455     455    1834
         644    1.4e+04      2295 2298.97 2298.97     2292     456     456    1836
         645    1.4e+04      2295 2298.97 2298.97     2289     455     455    1834
         646    1.4e+04      2295 2298.97 2298.97     2294     456     456    1838
         647    1.4e+04      2295 2298.96 2298.96     2290     455     455    1835
         648    1.4e+04      2295 2298.96 2298.97     2292     456     456    1836
         649    1.4e+04      2295 2298.96 2298.96     2289     455     455    1834
         650    1.4e+04      2295 2298.96 2298.97     2290     456     456    1834
         651    1.4e+04      2295 2298.96 2298.96     2289     455     455    1834
         652    1.4e+04      2295 2298.96 2298.97     2291     456     456    1835
         653    1.4e+04      2295 2298.96 2298.97     2289     455     455    1834
         654    1.4e+04      2295 2298.96 2298.97     2290     456     456    1834
         655    1.4e+04      2295 2298.96 2298.96     2289     455     455    1834
         656    1.4e+04      2295 2298.96 2298.97     2291     456     456    1835
         657    1.4e+04      2295 2298.96 2298.96     2289     455     455    1834
         658    1.4e+04      2295 2298.96 2298.97     2290     456     456    1834
         659    1.4e+04      2295 2298.96 2298.96     2289     455     455    1834
         660    1.4e+04      2295 2298.96 2298.97     2292     456     456    1836
         661    1.4e+04      2295 2298.96 2298.96     2289     455     455    1834
         662    1.4e+04      2295 2298.96 2298.97     2290     456     456    1834
         663    1.4e+04      2295 2298.96 2298.96     2289     455     455    1834
         664    1.4e+04      2295 2298.96 2298.97     2291     456     456    1835
         665    1.4e+04      2295 2298.96 2298.96     2289     455     455    1834
         666    1.4e+04      2295 2298.96 2298.97     2291     456     456    1835
         667    1.4e+04      2295 2298.96 2298.96     2289     455     455    1834
         668    1.4e+04      2295 2298.96 2298.97     2291     456     456    1835
         669    1.4e+04      2295 2298.96 2298.96     2289     455     455    1834
         670    1.4e+04      2295 2298.96 2298.97     2291     456     456    1835
         671    1.4e+04      2295 2298.96 2298.96     2289     455     455    1834
         672    1.4e+04      2295 2298.96 2298.97     2291     456     456    1835
         673    1.4e+04      2295 2298.96 2298.96     2289     455     455    1834
         674    1.4e+04      2295 2298.96 2298.97     2291     456     456    1835
         675    1.4e+04      2295 2298.96 2298.96     2289     455     455    1834
         676    1.4e+04      2295 2298.96 2298.97     2291     456     456    1835
         677    1.4e+04      2295 2298.96 2298.96     2289     455     455    1834
         678    1.4e+04      2295 2298.96 2298.97     2291     456     456    1835
         679    1.4e+04      2295 2298.96 2298.96     2289     455     455    1834
         680    1.4e+04      2295 2298.96 2298.97     2291     456     456    1835
         681    1.4e+04      2295 2298.96 2298.96     2289     455     455    1834
         682    1.4e+04      2295 2298.96 2298.97     2291     456     456    1835
         683    1.4e+04      2295 2298.96 2298.96     2289     455     455    1834
         684    1.4e+04      2295 2298.96 2298.97     2291     456     456    1835
         685    1.4e+04      2295 2298.96 2298.96     2287     455     455    1832
         686    1.4e+04      2295 2298.96 2298.97     2291     456     456    1835
         687    1.4e+04      2295 2298.96 2298.96     2289     455     455    1834
         688    1.4e+04      2295 2298.96 2298.97     2293     456     456    1837
         689    1.4e+04      2295 2298.96 2298.96     2290     455     455    1835
         690    1.4e+04      2295 2298.96 2298.97     2293     456     456    1837
         691    1.4e+04      2295 2298.96 2298.96     2290     455     455    1835
         692    1.4e+04      2295 2298.96 2298.97     2293     456     456    1837
         693    1.4e+04      2295 2298.96 2298.96     2290     455     455    1835
         694    1.4e+04      2295 2298.96 2298.97     2293     456     456    1837
         695    1.4e+04      2295 2298.96 2298.96     2290     455     455    1835
         696    1.4e+04      2295 2298.96 2298.97     2293     456     456    1837
         697    1.4e+04      2295 2298.96 2298.96     2290     455     455    1835
         698    1.4e+04      2295 2298.96 2298.97     2293     456     456    1837
         699    1.4e+04      2295 2298.96 2298.96     2290     455     455    1835
         700    1.4e+04      2295 2298.96 2298.97     2293     456     456    1837
         701    1.4e+04      2295 2298.96 2298.96     2290     455     455    1835
         702    1.4e+04      2295 2298.96 2298.97     2293     456     456    1837
         703    1.4e+04      2295 2298.96 2298.96     2290     455     455    1835
         704    1.4e+04      2295 2298.96 2298.97     2292     456     456    1836
         705    1.4e+04      2295 2298.96 2298.96     2290     455     455    1835
         706    1.4e+04      2295 2298.96 2298.97     2293     456     456    1837
         707    1.4e+04      2295 2298.96 2298.96     2290     455     455    1835
         708    1.4e+04      2295 2298.96 2298.97     2293     456     456    1837
         709    1.4e+04      2295 2298.96 2298.96     2290     455     455    1835
         710    1.4e+04      2295 2298.96 2298.97     2293     456     456    1837
         711    1.4e+04      2295 2298.96 2298.96     2290     455     455    1835
         712    1.4e+04      2295 2298.96 2298.97     2293     456     456    1837
         713    1.4e+04      2295 2298.96 2298.96     2290     455     455    1835
         714    1.4e+04      2295 2298.96 2298.97     2293     456     456    1837
         715    1.4e+04      2295 2298.96 2298.96     2290     455     455    1835
         716    1.4e+04      2295 2298.96 2298.97     2293     456     456    1837
         717    1.4e+04      2295 2298.96 2298.96     2289     455     455    1834
         718    1.4e+04      2295 2298.96 2298.97     2293     456     456    1837
         719    1.4e+04      2295 2298.96 2298.96     2290     455     455    1835
         720    1.4e+04      2295 2298.96 2298.97     2293     456     456    1837
         721    1.4e+04      2295 2298.96 2298.96     2290     455     455    1835
         722    1.4e+04      2295 2298.96 2298.97     2293     456     456    1837
         723    1.4e+04      2295 2298.96 2298.96     2290     455     455    1835
         724    1.4e+04      2295 2298.96 2298.97     2293     456     456    1837
         725    1.4e+04      2295 2298.96 2298.96     2290     455     455    1835
         726    1.4e+04      2295 2298.96 2298.97     2293     456     456    1837
         727    1.4e+04      2295 2298.96 2298.96     2290     455     455    1835
         728    1.4e+04      2295 2298.96 2298.97     2293     456     456    1837
         729    1.4e+04      2295 2298.96 2298.96     2290     455     455    1835
         730    1.4e+04      2295 2298.96 2298.97     2293     456     456    1837
         731    1.4e+04      2295 2298.96 2298.96     2290     455     455    1835
         732    1.4e+04      2295 2298.96 2298.97     2293     456     456    1837
         733    1.4e+04      2295 2298.96 2298.96     2290     455     455    1835
         734    1.4e+04      2295 2298.96 2298.97     2293     456     456    1837
         735    1.4e+04      2295 2298.96 2298.96     2290     455     455    1835
         736    1.4e+04      2295 2298.96 2298.97     2293     456     456    1837
         737    1.4e+04      2295 2298.96 2298.96     2290     455     455    1835
         738    1.4e+04      2295 2298.96 2298.97     2293     456     456    1837
         739    1.4e+04      2295 2298.96 2298.96     2290     455     455    1835
         740    1.4e+04      2295 2298.96 2298.97     2293     456     456    1837
         741    1.4e+04      2295 2298.96 2298.96     2290     455     455    1835
         742    1.4e+04      2295 2298.96 2298.97     2293     456     456    1837
         743    1.4e+04      2295 2298.96 2298.96     2290     455     455    1835
         744    1.4e+04      2295 2298.96 2298.97     2292     456     456    1836
         745    1.4e+04      2295 2298.95 2298.95     2290     455     455    1835
         746    1.4e+04      2295 2298.95 2298.96     2293     456     456    1837
         747    1.4e+04      2295 2298.95 2298.96     2290     455     455    1835
         748    1.4e+04      2295 2298.95 2298.96     2293     456     456    1837
         749    1.4e+04      2295 2298.95 2298.96     2290     455     455    1835
         750    1.4e+04      2295 2298.95 2298.96     2293     456     456    1837
         751    1.4e+04      2295 2298.95 2298.96     2290     455     455    1835
         752    1.4e+04      2295 2298.95 2298.97     2293     456     456    1837
         753    1.4e+04      2295 2298.95 2298.96     2289     455     455    1834
         754    1.4e+04      2295 2298.95 2298.96     2293     456     456    1837
         755    1.4e+04      2295 2298.95 2298.95     2290     455     455    1835
         756    1.4e+04      2295 2298.95 2298.96     2293     456     456    1837
         757    1.4e+04      2295 2298.95 2298.95     2290     455     455    1835
         758    1.4e+04      2295 2298.95 2298.96     2293     456     456    1837
         759    1.4e+04      2295 2298.95 2298.95     2290     455     455    1835
         760    1.4e+04      2295 2298.95 2298.96     2293     456     456    1837
         761    1.4e+04      2295 2298.95 2298.95     2290     455     455    1835
         762    1.4e+04      2295 2298.95 2298.96     2293     456     456    1837
         763    1.4e+04      2295 2298.95 2298.95     2290     455     455    1835
         764    1.4e+04      2295 2298.95 2298.96     2293     456     456    1837
         765    1.4e+04      2295 2298.95 2298.95     2290     455     455    1835
         766    1.4e+04      2295 2298.95 2298.96     2293     456     456    1837
         767    1.4e+04      2295 2298.95 2298.95     2290     455     455    1835
         768    1.4e+04      2295 2298.95 2298.96     2291     456     456    1835
         769    1.4e+04      2295 2298.95 2298.95     2290     455     455    1835
         770    1.4e+04      2295 2298.95 2298.96     2293     456     456    1837
         771    1.4e+04      2295 2298.95 2298.95     2290     455     455    1835
         772    1.4e+04      2295 2298.95 2298.96     2291     456     456    1835
         773    1.4e+04      2295 2298.95 2298.95     2289     455     455    1834
         774    1.4e+04      2295 2298.95 2298.96     2291     456     456    1835
         775    1.4e+04      2295 2298.95 2298.95     2289     455     455    1834
         776    1.4e+04      2295 2298.95 2298.96     2291     456     456    1835
         777    1.4e+04      2295 2298.95 2298.95     2289     455     455    1834
         778    1.4e+04      2295 2298.95 2298.96     2291     456     456    1835
         779    1.4e+04      2295 2298.95 2298.95     2289     455     455    1834
         780    1.4e+04      2295 2298.95 2298.96     2291     456     456    1835
         781    1.4e+04      2295 2298.95 2298.95     2289     455     455    1834
         782    1.4e+04      2295 2298.95 2298.96     2291     456     456    1835
         783    1.4e+04      2295 2298.95 2298.95     2289     455     455    1834
         784    1.4e+04      2295 2298.95 2298.96     2291     456     456    1835
         785    1.4e+04      2295 2298.95 2298.95     2289     455     455    1834
         786    1.4e+04      2295 2298.95 2298.96     2291     456     456    1835
         787    1.4e+04      2295 2298.95 2298.95     2289     455     455    1834
         788    1.4e+04      2295 2298.95 2298.96     2290     456     456    1834
         789    1.4e+04      2295 2298.95 2298.95     2288     455     455    1833
         790    1.4e+04      2295 2298.95 2298.96     2291     456     456    1835
         791    1.4e+04      2295 2298.95 2298.95     2289     455     455    1834
         792    1.4e+04      2295 2298.95 2298.96     2291     456     456    1835
         793    1.4e+04      2295 2298.95 2298.95     2289     455     455    1834
         794    1.4e+04      2295 2298.95 2298.96     2291     456     456    1835
         795    1.4e+04      2295 2298.95 2298.95     2289     455     455    1834
         796    1.4e+04      2295 2298.95 2298.96     2291     456     456    1835
               reducing step to 0.000390625
         797    1.4e+04      2295 2298.94 2298.94     2291     456     456    1835
         798    1.4e+04      2295 2298.93 2298.93     2293     455     455    1838
         799    1.4e+04      2295 2298.92 2298.92     2294     456     456    1838
         800    1.4e+04      2295 2298.92 2298.92     2293     455     455    1838
         801    1.4e+04      2295 2298.92 2298.93     2292     456     456    1836
         802    1.4e+04      2295 2298.92 2298.93     2291     455     455    1836
         803    1.4e+04      2295 2298.92 2298.93     2294     456     456    1838
         804    1.4e+04      2295 2298.92 2298.92     2291     455     455    1836
         805    1.4e+04      2295 2298.92 2298.93     2293     456     456    1837
         806    1.4e+04      2295 2298.92 2298.92     2291     455     455    1836
         807    1.4e+04      2295 2298.92 2298.93     2294     456     456    1838
         808    1.4e+04      2295 2298.92 2298.92     2291     455     455    1836
         809    1.4e+04      2295 2298.92 2298.93     2294     456     456    1838
         810    1.4e+04      2295 2298.92 2298.92     2291     455     455    1836
         811    1.4e+04      2295 2298.92 2298.93     2293     456     456    1837
         812    1.4e+04      2295 2298.92 2298.92     2291     455     455    1836
         813    1.4e+04      2295 2298.92 2298.93     2295     456     456    1839
         814    1.4e+04      2295 2298.92 2298.92     2291     455     455    1836
         815    1.4e+04      2295 2298.92 2298.93     2294     456     456    1838
         816    1.4e+04      2295 2298.92 2298.92     2290     455     455    1835
         817    1.4e+04      2295 2298.92 2298.93     2294     456     456    1838
         818    1.4e+04      2295 2298.92 2298.92     2291     455     455    1836
         819    1.4e+04      2295 2298.92 2298.93     2294     456     456    1838
         820    1.4e+04      2295 2298.92 2298.92     2291     455     455    1836
         821    1.4e+04      2295 2298.92 2298.93     2295     456     456    1839
         822    1.4e+04      2295 2298.92 2298.92     2291     455     455    1836
         823    1.4e+04      2295 2298.92 2298.93     2295     456     456    1839
         824    1.4e+04      2295 2298.92 2298.92     2291     455     455    1836
         825    1.4e+04      2295 2298.92 2298.93     2295     456     456    1839
         826    1.4e+04      2295 2298.92 2298.92     2291     455     455    1836
         827    1.4e+04      2295 2298.92 2298.93     2293     456     456    1837
         828    1.4e+04      2295 2298.92 2298.92     2291     455     455    1836
         829    1.4e+04      2295 2298.92 2298.93     2293     456     456    1837
         830    1.4e+04      2295 2298.92 2298.92     2291     455     455    1836
         831    1.4e+04      2295 2298.92 2298.93     2293     456     456    1837
         832    1.4e+04      2295 2298.92 2298.92     2291     455     455    1836
         833    1.4e+04      2295 2298.92 2298.93     2294     456     456    1838
         834    1.4e+04      2295 2298.92 2298.92     2290     455     455    1835
         835    1.4e+04      2295 2298.92 2298.93     2294     456     456    1838
         836    1.4e+04      2295 2298.92 2298.92     2290     455     455    1835
         837    1.4e+04      2295 2298.92 2298.93     2294     456     456    1838
         838    1.4e+04      2295 2298.92 2298.92     2290     455     455    1835
         839    1.4e+04      2295 2298.92 2298.93     2294     456     456    1838
         840    1.4e+04      2295 2298.92 2298.92     2290     455     455    1835
         841    1.4e+04      2295 2298.92 2298.93     2294     456     456    1838
         842    1.4e+04      2295 2298.92 2298.92     2290     455     455    1835
         843    1.4e+04      2295 2298.92 2298.93     2293     456     456    1837
         844    1.4e+04      2295 2298.92 2298.92     2290     455     455    1835
         845    1.4e+04      2295 2298.92 2298.93     2294     456     456    1838
         846    1.4e+04      2295 2298.92 2298.92     2290     455     455    1835
         847    1.4e+04      2295 2298.92 2298.93     2294     456     456    1838
         848    1.4e+04      2295 2298.92 2298.92     2289     455     455    1834
         849    1.4e+04      2295 2298.92 2298.93     2293     456     456    1837
         850    1.4e+04      2295 2298.92 2298.92     2290     455     455    1835
         851    1.4e+04      2295 2298.92 2298.93     2293     456     456    1837
         852    1.4e+04      2295 2298.92 2298.92     2290     455     455    1835
         853    1.4e+04      2295 2298.92 2298.93     2293     456     456    1837
               reducing step to 0.000195313
         854    1.4e+04      2295 2298.92 2298.92     2293     456     456    1837
         855    1.4e+04      2295 2298.91 2298.91     2293     455     455    1838
         856    1.4e+04      2295 2298.91 2298.91     2293     456     456    1837
         857    1.4e+04      2295 2298.91 2298.91     2291     455     455    1836
         858    1.4e+04      2295 2298.91 2298.91     2293     456     456    1837
         859    1.4e+04      2295 2298.91 2298.91     2289     455     455    1834
         860    1.4e+04      2295 2298.91 2298.91     2294     456     456    1838
         861    1.4e+04      2295 2298.91 2298.91     2289     455     455    1834
         862    1.4e+04      2295 2298.91 2298.91     2294     456     456    1838
         863    1.4e+04      2295 2298.91 2298.91     2289     455     455    1834
         864    1.4e+04      2295 2298.91 2298.91     2294     456     456    1838
         865    1.4e+04      2295 2298.91 2298.91     2289     455     455    1834
         866    1.4e+04      2295 2298.91 2298.91     2294     456     456    1838
         867    1.4e+04      2295 2298.91 2298.91     2289     455     455    1834
         868    1.4e+04      2295 2298.91 2298.91     2293     456     456    1837
         869    1.4e+04      2295 2298.91 2298.91     2287     455     455    1832
         870    1.4e+04      2295 2298.91 2298.91     2293     456     456    1837
         871    1.4e+04      2295 2298.91 2298.91     2286     455     455    1831
         872    1.4e+04      2295 2298.91 2298.91     2293     456     456    1837
         873    1.4e+04      2295 2298.91 2298.91     2289     455     455    1834
         874    1.4e+04      2295 2298.91 2298.91     2293     456     456    1837
         875    1.4e+04      2295 2298.91 2298.91     2289     455     455    1834
         876    1.4e+04      2295 2298.91 2298.91     2293     456     456    1837
         877    1.4e+04      2295 2298.91 2298.91     2289     455     455    1834
         878    1.4e+04      2295 2298.91 2298.91     2293     456     456    1837
         879    1.4e+04      2295 2298.91 2298.91     2289     455     455    1834
         880    1.4e+04      2295 2298.91 2298.91     2293     456     456    1837
               reducing step to 9.76563e-05
         881    1.4e+04      2295 2298.91 2298.91     2293     456     456    1837
         882    1.4e+04      2295 2298.91 2298.91     2293     455     455    1838
         883    1.4e+04      2295 2298.91 2298.91     2291     456     456    1835
         884    1.4e+04      2295 2298.91 2298.91     2293     455     455    1838
         885    1.4e+04      2295 2298.91 2298.91     2293     456     456    1837
         886    1.4e+04      2295  2298.9  2298.9     2290     455     455    1835
         887    1.4e+04      2295  2298.9 2298.91     2292     456     456    1836
         888    1.4e+04      2295  2298.9  2298.9     2291     455     455    1836
         889    1.4e+04      2295  2298.9 2298.91     2292     456     456    1836
         890    1.4e+04      2295  2298.9  2298.9     2292     455     455    1837
         891    1.4e+04      2295  2298.9 2298.91     2292     456     456    1836
         892    1.4e+04      2295  2298.9  2298.9     2292     455     455    1837
         893    1.4e+04      2295  2298.9 2298.91     2292     456     456    1836
         894    1.4e+04      2295  2298.9  2298.9     2290     455     455    1835
         895    1.4e+04      2295  2298.9 2298.91     2292     456     456    1836
         896    1.4e+04      2295  2298.9  2298.9     2291     455     455    1836
         897    1.4e+04      2295  2298.9 2298.91     2292     456     456    1836
         898    1.4e+04      2295  2298.9  2298.9     2291     455     455    1836
         899    1.4e+04      2295  2298.9 2298.91     2291     456     456    1835
         900    1.4e+04      2295  2298.9  2298.9     2291     455     455    1836
         901    1.4e+04      2295  2298.9 2298.91     2291     456     456    1835
         902    1.4e+04      2295  2298.9  2298.9     2291     455     455    1836
         903    1.4e+04      2295  2298.9 2298.91     2291     456     456    1835
         904    1.4e+04      2295  2298.9  2298.9     2291     455     455    1836
         905    1.4e+04      2295  2298.9 2298.91     2291     456     456    1835
         906    1.4e+04      2295  2298.9  2298.9     2291     455     455    1836
         907    1.4e+04      2295  2298.9 2298.91     2290     456     456    1834
         908    1.4e+04      2295  2298.9  2298.9     2291     455     455    1836
         909    1.4e+04      2295  2298.9 2298.91     2290     456     456    1834
         910    1.4e+04      2295  2298.9  2298.9     2291     455     455    1836
         911    1.4e+04      2295  2298.9 2298.91     2291     456     456    1835
         912    1.4e+04      2295  2298.9  2298.9     2291     455     455    1836
         913    1.4e+04      2295  2298.9 2298.91     2291     456     456    1835
         914    1.4e+04      2295  2298.9  2298.9     2291     455     455    1836
         915    1.4e+04      2295  2298.9 2298.91     2291     456     456    1835
         916    1.4e+04      2295  2298.9  2298.9     2291     455     455    1836
         917    1.4e+04      2295  2298.9 2298.91     2291     456     456    1835
         918    1.4e+04      2295  2298.9  2298.9     2291     455     455    1836
         919    1.4e+04      2295  2298.9 2298.91     2291     456     456    1835
         920    1.4e+04      2295  2298.9  2298.9     2291     455     455    1836
         921    1.4e+04      2295  2298.9 2298.91     2291     456     456    1835
         922    1.4e+04      2295  2298.9  2298.9     2291     455     455    1836
         923    1.4e+04      2295  2298.9 2298.91     2291     456     456    1835
         924    1.4e+04      2295  2298.9  2298.9     2291     455     455    1836
         925    1.4e+04      2295  2298.9 2298.91     2291     456     456    1835
         926    1.4e+04      2295  2298.9  2298.9     2291     455     455    1836
         927    1.4e+04      2295  2298.9 2298.91     2291     456     456    1835
         928    1.4e+04      2295  2298.9  2298.9     2291     455     455    1836
         929    1.4e+04      2295  2298.9 2298.91     2291     456     456    1835
         930    1.4e+04      2295  2298.9  2298.9     2291     455     455    1836
         931    1.4e+04      2295  2298.9 2298.91     2291     456     456    1835
         932    1.4e+04      2295  2298.9  2298.9     2289     455     455    1834
         933    1.4e+04      2295  2298.9 2298.91     2291     456     456    1835
         934    1.4e+04      2295  2298.9  2298.9     2291     455     455    1836
         935    1.4e+04      2295  2298.9 2298.91     2291     456     456    1835
         936    1.4e+04      2295  2298.9  2298.9     2291     455     455    1836
         937    1.4e+04      2295  2298.9 2298.91     2291     456     456    1835
         938    1.4e+04      2295  2298.9  2298.9     2291     455     455    1836
         939    1.4e+04      2295  2298.9 2298.91     2291     456     456    1835
         940    1.4e+04      2295  2298.9  2298.9     2291     455     455    1836
         941    1.4e+04      2295  2298.9 2298.91     2291     456     456    1835
         942    1.4e+04      2295  2298.9  2298.9     2291     455     455    1836
         943    1.4e+04      2295  2298.9 2298.91     2291     456     456    1835
         944    1.4e+04      2295  2298.9  2298.9     2291     455     455    1836
         945    1.4e+04      2295  2298.9 2298.91     2291     456     456    1835
         946    1.4e+04      2295  2298.9  2298.9     2291     455     455    1836
         947    1.4e+04      2295  2298.9 2298.91     2291     456     456    1835
         948    1.4e+04      2295  2298.9  2298.9     2291     455     455    1836
         949    1.4e+04      2295  2298.9 2298.91     2291     456     456    1835
         950    1.4e+04      2295  2298.9  2298.9     2291     455     455    1836
         951    1.4e+04      2295  2298.9 2298.91     2290     456     456    1834
         952    1.4e+04      2295  2298.9  2298.9     2291     455     455    1836
         953    1.4e+04      2295  2298.9 2298.91     2291     456     456    1835
         954    1.4e+04      2295  2298.9  2298.9     2291     455     455    1836
         955    1.4e+04      2295  2298.9 2298.91     2291     456     456    1835
         956    1.4e+04      2295  2298.9  2298.9     2291     455     455    1836
         957    1.4e+04      2295  2298.9 2298.91     2291     456     456    1835
         958    1.4e+04      2295  2298.9  2298.9     2291     455     455    1836
         959    1.4e+04      2295  2298.9 2298.91     2291     456     456    1835
         960    1.4e+04      2295  2298.9  2298.9     2291     455     455    1836
         961    1.4e+04      2295  2298.9 2298.91     2291     456     456    1835
         962    1.4e+04      2295  2298.9  2298.9     2291     455     455    1836
         963    1.4e+04      2295  2298.9 2298.91     2291     456     456    1835
         964    1.4e+04      2295  2298.9  2298.9     2291     455     455    1836
         965    1.4e+04      2295  2298.9 2298.91     2291     456     456    1835
         966    1.4e+04      2295  2298.9  2298.9     2291     455     455    1836
         967    1.4e+04      2295  2298.9 2298.91     2291     456     456    1835
         968    1.4e+04      2295  2298.9  2298.9     2291     455     455    1836
         969    1.4e+04      2295  2298.9 2298.91     2290     456     456    1834
         970    1.4e+04      2295  2298.9  2298.9     2291     455     455    1836
         971    1.4e+04      2295  2298.9 2298.91     2291     456     456    1835
         972    1.4e+04      2295  2298.9  2298.9     2291     455     455    1836
         973    1.4e+04      2295  2298.9  2298.9     2291     456     456    1835
         974    1.4e+04      2295  2298.9  2298.9     2291     455     455    1836
         975    1.4e+04      2295  2298.9 2298.91     2291     456     456    1835
         976    1.4e+04      2295  2298.9  2298.9     2291     455     455    1836
         977    1.4e+04      2295  2298.9 2298.91     2291     456     456    1835
         978    1.4e+04      2295  2298.9  2298.9     2291     455     455    1836
         979    1.4e+04      2295  2298.9 2298.91     2291     456     456    1835
         980    1.4e+04      2295  2298.9  2298.9     2291     455     455    1836
         981    1.4e+04      2295  2298.9 2298.91     2291     456     456    1835
         982    1.4e+04      2295  2298.9  2298.9     2291     455     455    1836
         983    1.4e+04      2295  2298.9 2298.91     2291     456     456    1835
         984    1.4e+04      2295  2298.9  2298.9     2291     455     455    1836
         985    1.4e+04      2295  2298.9 2298.91     2291     456     456    1835
         986    1.4e+04      2295  2298.9  2298.9     2291     455     455    1836
         987    1.4e+04      2295  2298.9 2298.91     2291     456     456    1835
         988    1.4e+04      2295  2298.9  2298.9     2291     455     455    1836
         989    1.4e+04      2295  2298.9 2298.91     2291     456     456    1835
         990    1.4e+04      2295  2298.9  2298.9     2291     455     455    1836
         991    1.4e+04      2295  2298.9 2298.91     2291     456     456    1835
         992    1.4e+04      2295  2298.9  2298.9     2291     455     455    1836
         993    1.4e+04      2295  2298.9 2298.91     2290     456     456    1834
         994    1.4e+04      2295  2298.9  2298.9     2291     455     455    1836
         995    1.4e+04      2295  2298.9  2298.9     2291     456     456    1835
         996    1.4e+04      2295  2298.9  2298.9     2291     455     455    1836
         997    1.4e+04      2295  2298.9  2298.9     2291     456     456    1835
         998    1.4e+04      2295  2298.9  2298.9     2291     455     455    1836
         999    1.4e+04      2295  2298.9  2298.9     2291     456     456    1835
        1000    1.4e+04      2295  2298.9  2298.9     2291     455     455    1836
Total time used by klau is 44.81
true_align (1135) and est_align (456) DO NOT have the same number of elements.
method klau has a score of 27.05%
method klau used 44.808 seconds.
maximum values in init align row is:  1134
maximum values in init align col is:  1132
 best   iter   pr-delta       obj  weight    card overlap
    *      1    5.1e-01      1627     458     458    1398
    *      2    1.5e-01      1697     458     458    1468
           3    5.2e-02      1681     458     458    1452
           4    2.1e-02      1693     458     458    1464
    *      5    8.8e-03      1700     458     458    1471
           6    4.1e-03      1698     458     458    1469
           7    2.0e-03      1698     458     458    1469
           8    1.0e-03      1698     458     458    1469
           9    5.4e-04      1698     458     458    1469
          10    3.0e-04      1698     458     458    1469
          11    1.7e-04      1698     458     458    1469
          12    9.4e-05      1698     458     458    1469
          13    5.4e-05      1698     458     458    1469
          14    3.2e-05      1698     458     458    1469
          15    1.9e-05      1698     458     458    1469
          16    1.1e-05      1698     458     458    1469
          17    6.8e-06      1698     458     458    1469
          18    4.1e-06      1698     458     458    1469
          19    2.5e-06      1698     458     458    1469
          20    1.5e-06      1698     458     458    1469
          21    9.5e-07      1698     458     458    1469
          22    5.9e-07      1698     458     458    1469
          23    3.7e-07      1698     458     458    1469
          24    2.3e-07      1698     458     458    1469
          25    1.5e-07      1698     458     458    1469
          26    9.3e-08      1698     458     458    1469
          27    5.9e-08      1698     458     458    1469
          28    3.8e-08      1698     458     458    1469
          29    2.4e-08      1698     458     458    1469
          30    1.6e-08      1698     458     458    1469
          31    1.0e-08      1698     458     458    1469
          32    6.5e-09      1698     458     458    1469
          33    4.2e-09      1698     458     458    1469
          34    2.7e-09      1698     458     458    1469
          35    1.8e-09      1698     458     458    1469
          36    1.2e-09      1698     458     458    1469
          37    7.6e-10      1698     458     458    1469
          38    5.0e-10      1698     458     458    1469
          39    3.3e-10      1698     458     458    1469
          40    2.1e-10      1698     458     458    1469
          41    1.4e-10      1698     458     458    1469
          42    9.3e-11      1698     458     458    1469
          43    6.1e-11      1698     458     458    1469
          44    4.1e-11      1698     458     458    1469
          45    2.7e-11      1698     458     458    1469
          46    1.8e-11      1698     458     458    1469
          47    1.2e-11      1698     458     458    1469
          48    7.7e-12      1698     458     458    1469
          49    5.1e-12      1698     458     458    1469
          50    3.4e-12      1698     458     458    1469
          51    2.3e-12      1698     458     458    1469
          52    1.5e-12      1698     458     458    1469
          53    9.9e-13      1698     458     458    1469
Total time used by isorank is 0.72
true_align (1135) and est_align (458) DO NOT have the same number of elements.
method isorank has a score of 7.05%
method isorank used 0.718 seconds.
experiment results:
     method      score       time
0  netalign  27.224670   1.930892
1      klau  27.048458  44.807615
2   isorank   7.048458   0.717724
