Permutation sanity check error is 19914.0.
Permutation sanity check error is 771502.0.
num_init for this graph is 14
Generating initial alignment matrix using degree ...
mode is  degree
number of noisy edges are:  14
Average number of initial alignments for each node is 28
maximum values in init align row is:  18771
maximum values in init align col is:  18760
Recovering sparse matrix L took 0.16 sec.
Time for degree: 0.67 sec
iteration 1
Time for iteration 1: 9.49 sec, diff = 0.12500
iteration 2
Time for iteration 2: 59.02 sec, diff = 0.01809
iteration 3
Time for iteration 3: 92.47 sec, diff = 0.01052
iteration 4
Time for iteration 4: 84.50 sec, diff = 0.00834
iteration 5
Time for iteration 5: 84.76 sec, diff = 0.00717
iteration 6
Time for iteration 6: 96.13 sec, diff = 0.00632
iteration 7
Time for iteration 7: 85.59 sec, diff = 0.00562
iteration 8
Time for iteration 8: 86.01 sec, diff = 0.00503
iteration 9
Time for iteration 9: 84.69 sec, diff = 0.00451
iteration 10
Time for iteration 10: 80.56 sec, diff = 0.00404
iteration 11
Time for iteration 11: 86.65 sec, diff = 0.00363
iteration 12
Time for iteration 12: 81.47 sec, diff = 0.00326
iteration 13
Time for iteration 13: 97.37 sec, diff = 0.00293
iteration 14
Time for iteration 14: 87.50 sec, diff = 0.00264
iteration 15
Time for iteration 15: 86.55 sec, diff = 0.00237
iteration 16
Time for iteration 16: 86.33 sec, diff = 0.00213
iteration 17
Time for iteration 17: 86.45 sec, diff = 0.00192
iteration 18
Time for iteration 18: 80.12 sec, diff = 0.00173
iteration 19
Time for iteration 19: 84.89 sec, diff = 0.00155
iteration 20
Time for iteration 20: 84.74 sec, diff = 0.00140
iteration 21
Time for iteration 21: 84.90 sec, diff = 0.00126
iteration 22
Time for iteration 22: 86.16 sec, diff = 0.00113
iteration 23
Time for iteration 23: 86.74 sec, diff = 0.00102
iteration 24
Time for iteration 24: 86.26 sec, diff = 0.00092
iteration 25
Time for iteration 25: 86.15 sec, diff = 0.00082
iteration 26
Time for iteration 26: 86.06 sec, diff = 0.00074
iteration 27
Time for iteration 27: 80.26 sec, diff = 0.00067
iteration 28
Time for iteration 28: 82.87 sec, diff = 0.00060
iteration 29
Time for iteration 29: 87.55 sec, diff = 0.00054
iteration 30
Time for iteration 30: 81.01 sec, diff = 0.00049
iteration 31
Time for iteration 31: 86.63 sec, diff = 0.00044
iteration 32
Time for iteration 32: 90.62 sec, diff = 0.00039
iteration 33
Time for iteration 33: 97.38 sec, diff = 0.00035
iteration 34
Time for iteration 34: 93.30 sec, diff = 0.00032
iteration 35
Time for iteration 35: 95.11 sec, diff = 0.00029
iteration 36
Time for iteration 36: 81.00 sec, diff = 0.00026
iteration 37
Time for iteration 37: 82.84 sec, diff = 0.00023
iteration 38
Time for iteration 38: 82.93 sec, diff = 0.00021
iteration 39
Time for iteration 39: 86.49 sec, diff = 0.00019
iteration 40
Time for iteration 40: 81.44 sec, diff = 0.00017
iteration 41
Time for iteration 41: 87.45 sec, diff = 0.00015
iteration 42
Time for iteration 42: 87.16 sec, diff = 0.00014
iteration 43
Time for iteration 43: 87.82 sec, diff = 0.00012
iteration 44
Time for iteration 44: 87.95 sec, diff = 0.00011
iteration 45
Time for iteration 45: 101.08 sec, diff = 0.00010
iteration 46
Time for iteration 46: 86.60 sec, diff = 0.00009
iteration 47
Time for iteration 47: 98.72 sec, diff = 0.00008
iteration 48
Time for iteration 48: 94.20 sec, diff = 0.00007
iteration 49
Time for iteration 49: 88.75 sec, diff = 0.00007
iteration 50
Time for iteration 50: 90.02 sec, diff = 0.00006
Total time used by final is 4332.61 sec.
true_align and est_align have the same number of elements.
method final has a score of 16.04%
method final used 4332.614 seconds.
maximum values in init align row is:  18771
maximum values in init align col is:  18760
best   iter    obj_ma wght_ma card_ma over_ma    obj_mb wght_mb card_mb over_mb
  *a      1     32960    2833    2833   30127     32960    2833    2833   30127
          2     15667    2164    2164   13503     17321    2248    2248   15073
          3     21383    2634    2634   18749     17670    1863    1863   15807
          4      8327    2238    2238    6089      7317    1719    1719    5598
          5     28075    2774    2774   25301     27801    2716    2716   25085
  *a      6     35568    2824    2824   32744     35535    2744    2744   32791
          7     35535    2702    2702   32833     35443    2623    2623   32820
          8     24115    2599    2599   21516     24660    2201    2201   22459
          9     30786    2620    2620   28166     26548    2041    2041   24507
         10     29809    2695    2695   27114     29648    2554    2554   27094
         11     34210    2779    2779   31431     34223    2692    2692   31531
  *a     12     37035    2802    2802   34233     36835    2647    2647   34188
         13     36439    2784    2784   33655     35695    2556    2556   33139
         14     36208    2747    2747   33461     35097    2538    2538   32559
         15     36328    2760    2760   33568     34899    2528    2528   32371
         16     36723    2770    2770   33953     35633    2598    2598   33035
         17     37015    2795    2795   34220     36891    2718    2718   34173
  *a     18     37183    2805    2805   34378     37063    2701    2701   34362
         19     37128    2795    2795   34333     36854    2675    2675   34179
         20     36872    2776    2776   34096     36271    2650    2650   33621
         21     36986    2783    2783   34203     36473    2668    2668   33805
         22     37016    2786    2786   34230     36689    2693    2693   33996
         23     37034    2786    2786   34248     36876    2710    2710   34166
         24     37106    2794    2794   34312     36920    2712    2712   34208
         25     37068    2788    2788   34280     37083    2726    2726   34357
         26     37053    2790    2790   34263     37138    2726    2726   34412
  *b     27     37099    2799    2799   34300     37192    2731    2731   34461
  *b     28     37187    2803    2803   34384     37194    2744    2744   34450
  *b     29     37163    2796    2796   34367     37233    2750    2750   34483
         30     37130    2794    2794   34336     37187    2744    2744   34443
         31     37100    2790    2790   34310     37155    2743    2743   34412
         32     37177    2800    2800   34377     37191    2748    2748   34443
  *b     33     37284    2808    2808   34476     37303    2763    2763   34540
         34     37270    2805    2805   34465     37292    2765    2765   34527
  *b     35     37276    2806    2806   34470     37309    2772    2772   34537
  *b     36     37264    2804    2804   34460     37313    2768    2768   34545
         37     37265    2803    2803   34462     37305    2767    2767   34538
         38     37269    2803    2803   34466     37287    2770    2770   34517
         39     37268    2804    2804   34464     37288    2764    2764   34524
         40     37294    2805    2805   34489     37309    2769    2769   34540
         41     37281    2804    2804   34477     37311    2768    2768   34543
         42     37270    2804    2804   34466     37306    2768    2768   34538
         43     37271    2804    2804   34467     37286    2777    2777   34509
         44     37286    2807    2807   34479     37283    2778    2778   34505
         45     37235    2807    2807   34428     37222    2776    2776   34446
         46     37229    2807    2807   34422     37216    2777    2777   34439
         47     37267    2808    2808   34459     37295    2784    2784   34511
         48     37247    2807    2807   34440     37288    2782    2782   34506
         49     37245    2806    2806   34439     37275    2787    2787   34488
         50     37273    2806    2806   34467     37244    2788    2788   34456
         51     37309    2807    2807   34502     37231    2782    2782   34449
         52     37280    2807    2807   34473     37212    2780    2780   34432
         53     37278    2807    2807   34471     37160    2775    2775   34385
         54     37275    2804    2804   34471     37081    2773    2773   34308
         55     37268    2805    2805   34463     37024    2769    2769   34255
         56     37281    2805    2805   34476     36883    2759    2759   34124
         57     37276    2805    2805   34471     36976    2770    2770   34206
         58     37254    2807    2807   34447     36852    2757    2757   34095
         59     37252    2806    2806   34446     36877    2761    2761   34116
         60     37204    2806    2806   34398     36843    2760    2760   34083
         61     37207    2805    2805   34402     36796    2758    2758   34038
         62     37226    2806    2806   34420     36772    2765    2765   34007
         63     37215    2807    2807   34408     36922    2763    2763   34159
         64     37219    2805    2805   34414     37013    2772    2772   34241
         65     37242    2805    2805   34437     37074    2778    2778   34296
         66     37196    2805    2805   34391     37045    2776    2776   34269
         67     37183    2804    2804   34379     37006    2777    2777   34229
         68     37146    2804    2804   34342     36940    2775    2775   34165
         69     37156    2804    2804   34352     36824    2771    2771   34053
         70     37054    2801    2801   34253     36809    2767    2767   34042
         71     37040    2801    2801   34239     36825    2767    2767   34058
         72     37111    2805    2805   34306     36912    2774    2774   34138
         73     37076    2803    2803   34273     36976    2775    2775   34201
         74     37114    2802    2802   34312     36929    2776    2776   34153
         75     37101    2799    2799   34302     36877    2778    2778   34099
         76     37106    2801    2801   34305     36924    2777    2777   34147
         77     37087    2800    2800   34287     36865    2777    2777   34088
         78     37115    2800    2800   34315     36962    2780    2780   34182
         79     37075    2801    2801   34274     36892    2774    2774   34118
         80     37088    2800    2800   34288     36980    2780    2780   34200
         81     37092    2800    2800   34292     36981    2781    2781   34200
         82     37124    2801    2801   34323     37076    2783    2783   34293
         83     37124    2803    2803   34321     37074    2785    2785   34289
         84     37128    2803    2803   34325     37064    2782    2782   34282
         85     37129    2801    2801   34328     37034    2781    2781   34253
         86     37171    2803    2803   34368     37010    2783    2783   34227
         87     37167    2801    2801   34366     37063    2787    2787   34276
         88     37165    2800    2800   34365     37098    2790    2790   34308
         89     37162    2801    2801   34361     37031    2789    2789   34242
         90     37154    2801    2801   34353     36974    2788    2788   34186
         91     37152    2801    2801   34351     36993    2788    2788   34205
         92     37158    2804    2804   34354     36994    2789    2789   34205
         93     37165    2803    2803   34362     37040    2786    2786   34254
         94     37164    2802    2802   34362     37098    2786    2786   34312
         95     37155    2800    2800   34355     37104    2784    2784   34320
         96     37138    2802    2802   34336     37122    2792    2792   34330
         97     37149    2803    2803   34346     37123    2793    2793   34330
         98     37142    2802    2802   34340     37115    2792    2792   34323
         99     37148    2804    2804   34344     37155    2795    2795   34360
        100     37148    2804    2804   34344     37116    2791    2791   34325
Total time used by netalign is 63.50
true_align (18772) and est_align (2768) DO NOT have the same number of elements.
method netalign has a score of 8.41%
method netalign used 63.502 seconds.
maximum values in init align row is:  18771
maximum values in init align col is:  18760
 best   iter     norm-u     lower   upper     cur      obj  weight    card overlap
    *      1    0.0e+00     35109 41821.5 41821.5    35109    2832    2832   32277
           2    2.3e+04     35109 41821.5 46068.9    30447    2831    2831   27616
           3    3.1e+04     35109 41821.5 44046.1    29846    2834    2834   27012
           4    4.3e+04     35109 41821.5 45352.5    28785    2833    2833   25952
           5    4.9e+04     35109 41821.5 44000.3    27889    2833    2833   25056
           6    5.8e+04     35109 41821.5 44701.6    26962    2833    2833   24129
           7    6.4e+04     35109 41821.5 43840.4    25878    2833    2833   23045
           8    7.2e+04     35109 41821.5 44403.3    26658    2831    2831   23827
           9    7.8e+04     35109 41821.5   43755    25057    2833    2833   22224
          10    8.5e+04     35109 41821.5 44315.4    25906    2832    2832   23074
          11    9.0e+04     35109 41821.5 43553.8    24530    2834    2834   21696
          12    9.7e+04     35109 41821.5 44124.2    24851    2832    2832   22019
          13    1.0e+05     35109 41821.5 43528.4    24550    2833    2833   21717
          14    1.1e+05     35109 41821.5 43910.5    24709    2832    2832   21877
          15    1.1e+05     35109 41821.5 43416.7    24507    2833    2833   21674
          16    1.2e+05     35109 41821.5 43932.8    24734    2832    2832   21902
          17    1.2e+05     35109 41821.5 43349.4    23309    2831    2831   20478
          18    1.3e+05     35109 41821.5 43816.4    24457    2831    2831   21626
          19    1.3e+05     35109 41821.5 43204.9    23817    2833    2833   20984
          20    1.4e+05     35109 41821.5 43631.9    24071    2832    2832   21239
          21    1.4e+05     35109 41821.5   43209    23513    2830    2830   20683
          22    1.5e+05     35109 41821.5 43622.8    24482    2832    2832   21650
          23    1.5e+05     35109 41821.5 43172.5    23683    2831    2831   20852
          24    1.5e+05     35109 41821.5 43517.9    24111    2831    2831   21280
          25    1.6e+05     35109 41821.5 42981.3    24082    2830    2830   21252
          26    1.6e+05     35109 41821.5 43463.3    24355    2831    2831   21524
               reducing step to 0.2
          27    1.6e+05     35109 41539.1 41539.1    24596    2830    2830   21766
          28    1.7e+05     35109   40851   40851    25269    2828    2828   22441
          29    1.7e+05     35109 40774.7 40774.7    24608    2829    2829   21779
          30    1.7e+05     35109 40604.2 40604.2    23581    2828    2828   20753
          31    1.7e+05     35109 40565.1 40565.1    24380    2828    2828   21552
          32    1.7e+05     35109 40328.4 40328.4    26209    2827    2827   23382
          33    1.7e+05     35109 40328.4 40355.2    23973    2830    2830   21143
          34    1.8e+05     35109 40270.8 40270.8    24458    2829    2829   21629
          35    1.8e+05     35109 40268.9 40268.9    25353    2829    2829   22524
          36    1.8e+05     35109 40155.8 40155.8    25494    2826    2826   22668
          37    1.8e+05     35109 40155.8 40183.9    25746    2824    2824   22922
          38    1.8e+05     35109 40059.4 40059.4    26308    2827    2827   23481
          39    1.8e+05     35109 40059.4 40120.7    27044    2830    2830   24214
          40    1.9e+05     35109 40059.4 40066.2    26589    2827    2827   23762
          41    1.9e+05     35109 40023.4 40023.4    26806    2828    2828   23978
          42    1.9e+05     35109 39961.5 39961.5    26663    2824    2824   23839
          43    1.9e+05     35109 39961.5 39979.1    27402    2826    2826   24576
          44    1.9e+05     35109 39937.8 39937.8    27351    2825    2825   24526
          45    1.9e+05     35109 39905.6 39905.6    27402    2825    2825   24577
          46    1.9e+05     35109 39863.5 39863.5    28088    2826    2826   25262
          47    1.9e+05     35109 39863.5 39883.8    26666    2824    2824   23842
          48    2.0e+05     35109 39863.5   39886    27379    2827    2827   24552
          49    2.0e+05     35109 39863.5 39898.9    28146    2823    2823   25323
          50    2.0e+05     35109 39863.5 39907.6    28995    2824    2824   26171
          51    2.0e+05     35109 39740.1 39740.1    29196    2823    2823   26373
          52    2.0e+05     35109 39740.1 39784.2    27988    2825    2825   25163
          53    2.0e+05     35109 39740.1 39757.3    28181    2822    2822   25359
          54    2.0e+05     35109 39740.1   39856    28422    2821    2821   25601
          55    2.0e+05     35109 39730.2 39730.2    28496    2822    2822   25674
          56    2.0e+05     35109 39717.2 39717.2    29889    2825    2825   27064
          57    2.0e+05     35109   39672   39672    29263    2823    2823   26440
          58    2.1e+05     35109   39672 39748.9    29337    2821    2821   26516
          59    2.1e+05     35109 39597.1 39597.1    28705    2822    2822   25883
          60    2.1e+05     35109 39597.1 39735.4    28147    2820    2820   25327
          61    2.1e+05     35109 39597.1   39605    27959    2824    2824   25135
          62    2.1e+05     35109 39597.1 39647.1    29531    2824    2824   26707
          63    2.1e+05     35109 39597.1 39629.4    30249    2821    2821   27428
          64    2.1e+05     35109 39548.8 39548.8    31100    2821    2821   28279
          65    2.1e+05     35109 39511.8 39511.8    29930    2820    2820   27110
          66    2.1e+05     35109 39511.8 39678.2    29387    2817    2817   26570
          67    2.1e+05     35109 39511.8 39539.2    28963    2824    2824   26139
          68    2.1e+05     35109 39511.8 39687.3    29089    2818    2818   26271
          69    2.2e+05     35109 39497.4 39497.4    28857    2823    2823   26034
          70    2.2e+05     35109 39497.4 39604.5    30501    2820    2820   27681
          71    2.2e+05     35109 39497.4 39504.6    29944    2822    2822   27122
          72    2.2e+05     35109 39495.8 39495.8    30559    2820    2820   27739
          73    2.2e+05     35109 39461.6 39461.6    29991    2821    2821   27170
          74    2.2e+05     35109 39461.6 39641.4    29754    2822    2822   26932
          75    2.2e+05     35109 39432.2 39432.2    30503    2821    2821   27682
          76    2.2e+05     35109 39432.2 39541.9    30285    2817    2817   27468
          77    2.2e+05     35109 39409.3 39409.3    30058    2819    2819   27239
          78    2.2e+05     35109 39409.3 39563.9    29172    2821    2821   26351
          79    2.2e+05     35109 39409.3 39431.5    30779    2822    2822   27957
          80    2.2e+05     35109 39409.3 39520.6    30670    2818    2818   27852
          81    2.3e+05     35109 39369.3 39369.3    30254    2821    2821   27433
          82    2.3e+05     35109 39369.3 39512.3    30299    2819    2819   27480
          83    2.3e+05     35109 39369.3 39387.6    30007    2818    2818   27189
          84    2.3e+05     35109 39369.3 39494.5    30565    2822    2822   27743
          85    2.3e+05     35109 39341.5 39341.5    30985    2819    2819   28166
          86    2.3e+05     35109 39341.5 39432.5    30470    2818    2818   27652
          87    2.3e+05     35109 39341.5 39381.5    30352    2818    2818   27534
          88    2.3e+05     35109 39341.5   39415    31102    2820    2820   28282
          89    2.3e+05     35109 39341.5 39364.1    31206    2818    2818   28388
          90    2.3e+05     35109 39341.5 39435.5    30950    2819    2819   28131
          91    2.3e+05     35109 39341.5   39346    30645    2821    2821   27824
          92    2.3e+05     35109 39341.5 39408.4    29870    2821    2821   27049
          93    2.3e+05     35109 39341.5 39397.1    30375    2817    2817   27558
          94    2.3e+05     35109 39341.5 39354.9    30811    2817    2817   27994
          95    2.3e+05     35109 39328.8 39328.8    31348    2817    2817   28531
          96    2.4e+05     35109 39308.8 39308.8    30587    2817    2817   27770
          97    2.4e+05     35109 39250.9 39250.9    30700    2817    2817   27883
          98    2.4e+05     35109 39250.9 39392.8    31307    2820    2820   28487
          99    2.4e+05     35109 39250.9 39268.7    31440    2820    2820   28620
         100    2.4e+05     35109 39250.9 39343.4    30843    2820    2820   28023
         101    2.4e+05     35109 39250.9 39291.3    29792    2820    2820   26972
         102    2.4e+05     35109 39250.9   39383    30716    2818    2818   27898
         103    2.4e+05     35109 39250.9 39268.5    32537    2818    2818   29719
         104    2.4e+05     35109 39242.2 39242.2    33203    2818    2818   30385
         105    2.4e+05     35109 39242.2 39259.7    32641    2816    2816   29825
         106    2.4e+05     35109 39242.2 39263.1    32543    2814    2814   29729
         107    2.4e+05     35109 39242.2   39258    32346    2818    2818   29528
         108    2.4e+05     35109 39242.2 39312.1    33015    2818    2818   30197
         109    2.4e+05     35109 39218.9 39218.9    32373    2817    2817   29556
         110    2.4e+05     35109 39218.9 39299.7    32178    2817    2817   29361
         111    2.4e+05     35109 39199.3 39199.3    32648    2818    2818   29830
         112    2.5e+05     35109 39199.3   39375    32960    2814    2814   30146
         113    2.5e+05     35109 39199.3 39208.6    33079    2817    2817   30262
         114    2.5e+05     35109 39199.3   39243    31856    2814    2814   29042
         115    2.5e+05     35109 39199.3 39212.3    31975    2821    2821   29154
         116    2.5e+05     35109 39199.3 39323.5    32674    2816    2816   29858
         117    2.5e+05     35109 39179.3 39179.3    32919    2818    2818   30101
         118    2.5e+05     35109 39179.3 39300.3    32514    2815    2815   29699
         119    2.5e+05     35109 39165.2 39165.2    32135    2819    2819   29316
         120    2.5e+05     35109 39165.2 39289.3    31214    2817    2817   28397
         121    2.5e+05     35109 39165.2   39198    30391    2818    2818   27573
         122    2.5e+05     35109 39165.2 39235.1    30359    2817    2817   27542
         123    2.5e+05     35109 39165.2 39249.7    31490    2818    2818   28672
         124    2.5e+05     35109 39155.3 39155.3    31780    2819    2819   28961
         125    2.5e+05     35109 39155.3   39295    32090    2818    2818   29272
         126    2.5e+05     35109 39120.9 39120.9    31952    2816    2816   29136
         127    2.5e+05     35109 39120.9 39202.6    32613    2816    2816   29797
         128    2.5e+05     35109 39120.9   39192    32507    2815    2815   29692
         129    2.5e+05     35109 39120.9 39177.2    31867    2818    2818   29049
         130    2.5e+05     35109 39120.9 39247.1    32269    2816    2816   29453
         131    2.5e+05     35109 39099.8 39099.8    32146    2821    2821   29325
         132    2.6e+05     35109 39099.8 39158.7    31455    2814    2814   28641
         133    2.6e+05     35109 39099.8 39180.6    31370    2819    2819   28551
         134    2.6e+05     35109 39099.8 39250.9    30662    2818    2818   27844
         135    2.6e+05     35109 39099.8 39157.4    31819    2820    2820   28999
         136    2.6e+05     35109 39099.8 39155.7    32637    2820    2820   29817
         137    2.6e+05     35109 39099.8 39112.9    33006    2816    2816   30190
         138    2.6e+05     35109 39099.8 39214.3    32732    2816    2816   29916
         139    2.6e+05     35109 39099.8   39141    32880    2816    2816   30064
         140    2.6e+05     35109 39099.8 39145.7    33281    2818    2818   30463
         141    2.6e+05     35109 39099.8 39167.5    33223    2818    2818   30405
         142    2.6e+05     35109 39099.8 39242.7    32681    2813    2813   29868
         143    2.6e+05     35109 39009.9 39009.9    33314    2816    2816   30498
         144    2.6e+05     35109 39009.9 39177.4    32190    2815    2815   29375
         145    2.6e+05     35109 39009.9 39131.6    31731    2818    2818   28913
         146    2.6e+05     35109 39009.9 39080.4    31354    2817    2817   28537
         147    2.6e+05     35109 39009.9   39224    31227    2816    2816   28411
         148    2.6e+05     35109 39009.9 39110.9    31793    2819    2819   28974
         149    2.6e+05     35109 39009.9 39114.9    31787    2819    2819   28968
         150    2.6e+05     35109 39009.9 39121.8    32539    2817    2817   29722
         151    2.6e+05     35109 39009.9 39106.1    33117    2814    2814   30303
         152    2.6e+05     35109 39009.9 39168.9    33607    2822    2822   30785
         153    2.7e+05     35109 39009.9 39054.4    33823    2816    2816   31007
         154    2.7e+05     35109 39009.9 39133.2    33843    2813    2813   31030
         155    2.7e+05     35109 39009.9 39154.3    33217    2817    2817   30400
         156    2.7e+05     35109 39009.9 39027.1    32786    2815    2815   29971
         157    2.7e+05     35109 39009.9 39127.1    32275    2819    2819   29456
         158    2.7e+05     35109 39009.9 39111.2    32403    2814    2814   29589
         159    2.7e+05     35109 39009.9 39071.4    32973    2819    2819   30154
         160    2.7e+05     35109 39009.9 39125.9    32845    2816    2816   30029
         161    2.7e+05     35109 39009.9   39068    31329    2816    2816   28513
         162    2.7e+05     35109 39009.9 39159.8    32142    2814    2814   29328
         163    2.7e+05     35109 39009.9 39051.8    32178    2815    2815   29363
         164    2.7e+05     35109 39009.9 39150.4    32033    2819    2819   29214
         165    2.7e+05     35109 39009.9 39047.6    32779    2817    2817   29962
         166    2.7e+05     35109 39009.9 39141.3    33069    2815    2815   30254
         167    2.7e+05     35109 39009.9 39044.8    32270    2817    2817   29453
         168    2.7e+05     35109 39009.9   39119    33037    2817    2817   30220
               reducing step to 0.1
         169    2.7e+05     35109 38534.2 38534.2    31802    2814    2814   28988
         170    2.7e+05     35109 38299.2 38299.2    32065    2814    2814   29251
         171    2.7e+05     35109 38299.2 38302.2    34286    2815    2815   31471
    *    172    2.7e+05     35113 38224.9 38224.9    35113    2811    2811   32302
    *    173    2.7e+05     35762 38218.4 38218.4    35762    2813    2813   32949
         174    2.7e+05     35762 38201.8 38201.8    35472    2812    2812   32660
    *    175    2.7e+05     35968 38201.8 38231.2    35968    2813    2813   33155
    *    176    2.7e+05     36044 38160.3 38160.3    36044    2812    2812   33232
    *    177    2.7e+05     36159 38160.3 38192.5    36159    2811    2811   33348
    *    178    2.7e+05     36317 38160.3 38170.1    36317    2810    2810   33507
    *    179    2.7e+05     36483 38160.3 38213.1    36483    2811    2811   33672
         180    2.7e+05     36483 38156.2 38156.2    36360    2811    2811   33549
    *    181    2.7e+05     36882 38156.2 38205.6    36882    2810    2810   34072
         182    2.7e+05     36882 38156.2 38158.4    36728    2810    2810   33918
    *    183    2.7e+05     36890 38156.2 38191.1    36890    2809    2809   34081
         184    2.7e+05     36890 38152.6 38152.6    36828    2812    2812   34016
         185    2.7e+05     36890 38152.6 38182.5    36732    2809    2809   33923
         186    2.7e+05     36890 38148.8 38148.8    36480    2809    2809   33671
         187    2.7e+05     36890 38148.8   38179    36827    2810    2810   34017
         188    2.7e+05     36890 38145.2 38145.2    36864    2810    2810   34054
         189    2.7e+05     36890 38145.2   38174    36284    2810    2810   33474
         190    2.7e+05     36890 38145.2 38149.6    36473    2811    2811   33662
         191    2.7e+05     36890 38145.2 38169.2    36393    2811    2811   33582
         192    2.7e+05     36890 38145.2 38147.4    36735    2809    2809   33926
         193    2.7e+05     36890 38145.2 38179.6    36861    2809    2809   34052
         194    2.7e+05     36890 38132.8 38132.8    36857    2810    2810   34047
    *    195    2.7e+05     37108 38132.8 38171.5    37108    2809    2809   34299
         196    2.7e+05     37108 38130.9 38130.9    36964    2811    2811   34153
         197    2.7e+05     37108 38130.9 38159.1    37034    2809    2809   34225
         198    2.7e+05     37108 38123.2 38123.2    37035    2810    2810   34225
         199    2.7e+05     37108 38123.2 38157.3    37013    2809    2809   34204
         200    2.7e+05     37108 38123.2 38129.3    37082    2810    2810   34272
         201    2.7e+05     37108 38123.2 38155.3    37087    2809    2809   34278
         202    2.7e+05     37108 38123.2 38130.6    37034    2810    2810   34224
         203    2.7e+05     37108 38123.2 38155.3    37093    2809    2809   34284
         204    2.7e+05     37108 38123.2   38124    37078    2810    2810   34268
    *    205    2.7e+05     37134 38123.2 38151.5    37134    2809    2809   34325
         206    2.7e+05     37134 38120.6 38120.6    37060    2810    2810   34250
    *    207    2.7e+05     37140 38120.6 38152.1    37140    2809    2809   34331
         208    2.7e+05     37140 38118.3 38118.3    36984    2810    2810   34174
         209    2.7e+05     37140 38118.3 38150.1    37020    2810    2810   34210
         210    2.7e+05     37140 38118.3 38125.5    37011    2810    2810   34201
         211    2.7e+05     37140 38118.3   38148    37065    2810    2810   34255
         212    2.7e+05     37140 38118.3 38118.9    36903    2810    2810   34093
         213    2.7e+05     37140 38118.3 38139.3    37074    2809    2809   34265
         214    2.7e+05     37140 38118.3 38122.3    36858    2811    2811   34047
         215    2.7e+05     37140 38118.3 38146.2    36536    2810    2810   33726
         216    2.7e+05     37140 38118.3 38127.5    36132    2809    2809   33323
         217    2.8e+05     37140 38118.3 38152.1    36379    2810    2810   33569
         218    2.8e+05     37140 38110.7 38110.7    36525    2811    2811   33714
         219    2.8e+05     37140 38110.7 38135.9    36702    2809    2809   33893
         220    2.8e+05     37140 38100.7 38100.7    36878    2810    2810   34068
         221    2.8e+05     37140 38100.7 38152.3    36766    2809    2809   33957
         222    2.8e+05     37140 38100.7 38101.6    36948    2810    2810   34138
         223    2.8e+05     37140 38100.7 38131.6    37011    2809    2809   34202
         224    2.8e+05     37140 38100.7 38107.5    36987    2810    2810   34177
         225    2.8e+05     37140 38100.7 38122.3    36960    2810    2810   34150
         226    2.8e+05     37140 38100.5 38100.5    36869    2811    2811   34058
         227    2.8e+05     37140 38100.5 38127.1    36781    2810    2810   33971
         228    2.8e+05     37140 38100.4 38100.4    36555    2810    2810   33745
         229    2.8e+05     37140 38100.4 38126.1    36880    2809    2809   34071
         230    2.8e+05     37140   38100   38100    36681    2810    2810   33871
         231    2.8e+05     37140   38100 38138.9    36588    2809    2809   33779
         232    2.8e+05     37140   38100 38120.4    36691    2811    2811   33880
         233    2.8e+05     37140   38100 38117.2    37063    2809    2809   34254
         234    2.8e+05     37140 38096.6 38096.6    36849    2810    2810   34039
         235    2.8e+05     37140 38096.6 38133.7    37086    2809    2809   34277
         236    2.8e+05     37140 38096.6 38111.2    37050    2810    2810   34240
         237    2.8e+05     37140 38096.6 38119.3    37026    2809    2809   34217
         238    2.8e+05     37140 38096.6 38100.9    37116    2810    2810   34306
         239    2.8e+05     37140 38096.6 38132.3    37114    2809    2809   34305
         240    2.8e+05     37140   38091   38091    37068    2809    2809   34259
         241    2.8e+05     37140   38091 38117.7    37105    2809    2809   34296
         242    2.8e+05     37140   38091 38101.7    37039    2810    2810   34229
         243    2.8e+05     37140   38091 38121.9    37087    2809    2809   34278
         244    2.8e+05     37140 38087.2 38087.2    36985    2810    2810   34175
    *    245    2.8e+05     37176 38087.2 38122.3    37176    2809    2809   34367
         246    2.8e+05     37176 38087.1 38087.1    37116    2810    2810   34306
         247    2.8e+05     37176 38087.1 38122.3    37173    2809    2809   34364
         248    2.8e+05     37176 38087.1   38092    37088    2810    2810   34278
         249    2.8e+05     37176 38087.1 38112.2    37136    2809    2809   34327
         250    2.8e+05     37176 38087.1 38096.5    37084    2810    2810   34274
         251    2.8e+05     37176 38087.1 38123.4    37068    2809    2809   34259
         252    2.8e+05     37176 38087.1 38089.3    37152    2810    2810   34342
         253    2.8e+05     37176 38087.1 38116.9    37154    2809    2809   34345
         254    2.8e+05     37176 38087.1 38097.8    37093    2810    2810   34283
         255    2.8e+05     37176 38087.1 38106.6    37085    2809    2809   34276
         256    2.8e+05     37176 38085.9 38085.9    37109    2810    2810   34299
         257    2.8e+05     37176 38085.9 38105.8    37155    2809    2809   34346
         258    2.8e+05     37176 38085.9 38092.6    36997    2810    2810   34187
         259    2.8e+05     37176 38085.9 38110.9    37100    2809    2809   34291
         260    2.8e+05     37176 38085.9 38088.7    36654    2811    2811   33843
         261    2.8e+05     37176 38085.9 38104.9    37001    2809    2809   34192
         262    2.8e+05     37176 38085.9 38094.9    37052    2809    2809   34243
         263    2.8e+05     37176 38085.9 38112.5    36841    2809    2809   34032
         264    2.8e+05     37176 38085.9 38086.9    36887    2810    2810   34077
         265    2.8e+05     37176 38085.9 38111.2    36840    2811    2811   34029
         266    2.8e+05     37176 38085.3 38085.3    36649    2810    2810   33839
         267    2.8e+05     37176 38085.3 38115.3    37071    2810    2810   34261
         268    2.8e+05     37176 38083.1 38083.1    37043    2809    2809   34234
         269    2.8e+05     37176 38083.1 38123.4    37156    2809    2809   34347
         270    2.8e+05     37176 38083.1 38083.6    36982    2810    2810   34172
         271    2.8e+05     37176 38083.1 38096.2    37067    2809    2809   34258
         272    2.8e+05     37176 38083.1 38083.5    36983    2810    2810   34173
         273    2.8e+05     37176 38083.1 38107.7    36945    2809    2809   34136
         274    2.8e+05     37176 38076.2 38076.2    37102    2810    2810   34292
         275    2.8e+05     37176 38076.2 38099.5    37151    2809    2809   34342
         276    2.8e+05     37176   38075   38075    37032    2810    2810   34222
         277    2.8e+05     37176   38075 38097.9    37128    2809    2809   34319
         278    2.8e+05     37176 38069.9 38069.9    37094    2810    2810   34284
         279    2.8e+05     37176 38069.9 38106.9    37063    2809    2809   34254
         280    2.8e+05     37176 38069.9 38074.1    37150    2810    2810   34340
         281    2.8e+05     37176 38069.9 38098.6    37163    2809    2809   34354
    *    282    2.8e+05     37199 38069.9 38072.8    37199    2810    2810   34389
         283    2.8e+05     37199 38069.9 38095.6    37150    2809    2809   34341
         284    2.8e+05     37199 38068.8 38068.8    36988    2810    2810   34178
         285    2.8e+05     37199 38068.8 38103.6    37182    2809    2809   34373
         286    2.8e+05     37199 38068.8 38072.2    37132    2811    2811   34321
         287    2.8e+05     37199 38068.8 38096.6    36836    2809    2809   34027
         288    2.8e+05     37199 38065.5 38065.5    36749    2811    2811   33938
         289    2.8e+05     37199 38065.5 38100.4    36987    2810    2810   34177
         290    2.8e+05     37199 38065.5 38067.7    36883    2810    2810   34073
         291    2.8e+05     37199 38065.5 38100.5    37011    2809    2809   34202
         292    2.8e+05     37199 38065.5 38071.5    36892    2810    2810   34082
         293    2.8e+05     37199 38065.5 38092.5    36655    2811    2811   33844
         294    2.8e+05     37199 38065.5   38074    36973    2810    2810   34163
         295    2.8e+05     37199 38065.5   38097    36680    2809    2809   33871
         296    2.8e+05     37199 38065.5 38069.7    36776    2810    2810   33966
         297    2.8e+05     37199 38065.5 38097.2    37097    2809    2809   34288
         298    2.8e+05     37199 38065.5 38072.9    37151    2810    2810   34341
         299    2.8e+05     37199 38065.5 38085.3    36962    2809    2809   34153
         300    2.8e+05     37199 38065.5 38067.6    37154    2810    2810   34344
         301    2.8e+05     37199 38065.5 38106.4    37178    2809    2809   34369
         302    2.8e+05     37199 38065.5   38075    37123    2809    2809   34314
         303    2.8e+05     37199 38065.5 38091.6    37184    2809    2809   34375
         304    2.8e+05     37199 38065.5 38071.9    37127    2810    2810   34317
         305    2.8e+05     37199 38065.5   38096    37182    2809    2809   34373
         306    2.8e+05     37199 38065.5 38066.4    37174    2810    2810   34364
         307    2.8e+05     37199 38065.5 38112.6    37173    2809    2809   34364
         308    2.8e+05     37199 38065.5 38067.6    36975    2810    2810   34165
         309    2.8e+05     37199 38065.5 38097.2    37118    2809    2809   34309
         310    2.8e+05     37199 38065.5 38072.2    37136    2810    2810   34326
         311    2.8e+05     37199 38065.5 38090.1    37181    2809    2809   34372
         312    2.8e+05     37199 38065.5 38070.2    37157    2810    2810   34347
         313    2.8e+05     37199 38065.5 38095.3    37192    2809    2809   34383
               reducing step to 0.05
         314    2.8e+05     37199 37888.2 37888.2    36149    2809    2809   33340
         315    2.8e+05     37199 37811.1 37811.1    36123    2810    2810   33313
         316    2.8e+05     37199 37811.1 37835.7    36764    2810    2810   33954
         317    2.8e+05     37199 37802.8 37802.8    36959    2809    2809   34150
         318    2.8e+05     37199 37802.8 37824.2    37065    2810    2810   34255
         319    2.8e+05     37199 37790.7 37790.7    35896    2809    2809   33087
         320    2.8e+05     37199 37790.7   37812    36839    2810    2810   34029
         321    2.8e+05     37199 37779.9 37779.9    36931    2809    2809   34122
         322    2.8e+05     37199 37779.9 37803.9    37147    2809    2809   34338
         323    2.8e+05     37199 37777.9 37777.9    37082    2809    2809   34273
    *    324    2.8e+05     37262 37777.9 37803.8    37262    2809    2809   34453
         325    2.8e+05     37262 37772.9 37772.9    37252    2809    2809   34443
    *    326    2.8e+05     37295 37772.9 37805.5    37295    2809    2809   34486
         327    2.8e+05     37295 37769.7 37769.7    37236    2809    2809   34427
         328    2.8e+05     37295 37769.7 37799.1    37260    2809    2809   34451
    *    329    2.8e+05     37313 37769.7 37773.7    37313    2809    2809   34504
         330    2.8e+05     37313 37769.7 37799.8    37265    2809    2809   34456
         331    2.8e+05     37313 37769.7 37772.3    37294    2809    2809   34485
         332    2.8e+05     37313 37769.7 37798.8    37272    2809    2809   34463
         333    2.8e+05     37313 37768.7 37768.7    37301    2809    2809   34492
         334    2.8e+05     37313 37768.7 37798.7    37223    2809    2809   34414
         335    2.8e+05     37313 37766.6 37766.6    37283    2809    2809   34474
         336    2.8e+05     37313 37766.6 37801.1    37246    2809    2809   34437
         337    2.8e+05     37313 37766.6 37767.4    37273    2809    2809   34464
    *    338    2.8e+05     37321 37766.6 37799.3    37321    2809    2809   34512
         339    2.8e+05     37321 37762.6 37762.6    37304    2809    2809   34495
         340    2.8e+05     37321 37762.6 37797.5    37290    2809    2809   34481
         341    2.8e+05     37321 37762.6 37764.5    37252    2809    2809   34443
         342    2.8e+05     37321 37762.6 37794.3    37307    2809    2809   34498
         343    2.8e+05     37321 37762.6 37766.1    37274    2809    2809   34465
         344    2.8e+05     37321 37762.6 37792.7    37300    2809    2809   34491
         345    2.8e+05     37321 37761.6 37761.6    37308    2809    2809   34499
         346    2.8e+05     37321 37761.6 37793.2    37305    2809    2809   34496
         347    2.8e+05     37321 37761.3 37761.3    37273    2809    2809   34464
    *    348    2.8e+05     37325 37761.3 37788.8    37325    2809    2809   34516
         349    2.8e+05     37325 37761.3 37764.6    37306    2809    2809   34497
         350    2.8e+05     37325 37761.3   37791    37239    2809    2809   34430
         351    2.8e+05     37325 37760.7 37760.7    37263    2809    2809   34454
         352    2.8e+05     37325 37760.7   37791    37275    2809    2809   34466
         353    2.8e+05     37325 37760.7 37760.8    37297    2809    2809   34488
    *    354    2.8e+05     37337 37760.7 37794.1    37337    2809    2809   34528
         355    2.8e+05     37337 37760.7 37761.9    37294    2809    2809   34485
         356    2.8e+05     37337 37760.7 37792.7    37319    2809    2809   34510
         357    2.8e+05     37337 37760.7 37766.5    37283    2809    2809   34474
         358    2.8e+05     37337 37760.7   37792    37320    2809    2809   34511
         359    2.8e+05     37337 37760.7 37760.8    37290    2809    2809   34481
         360    2.8e+05     37337 37760.7 37795.9    37312    2809    2809   34503
         361    2.8e+05     37337 37760.7 37760.7    37287    2809    2809   34478
         362    2.8e+05     37337 37760.7 37795.1    37321    2809    2809   34512
         363    2.8e+05     37337 37757.3 37757.3    37315    2809    2809   34506
         364    2.8e+05     37337 37757.3 37793.4    37313    2809    2809   34504
         365    2.8e+05     37337 37757.3 37759.1    37302    2809    2809   34493
         366    2.8e+05     37337 37757.3 37790.7    37296    2809    2809   34487
         367    2.8e+05     37337 37757.3   37758    37297    2809    2809   34488
         368    2.8e+05     37337 37757.3 37789.5    37336    2809    2809   34527
         369    2.8e+05     37337 37757.3 37757.9    37261    2809    2809   34452
         370    2.8e+05     37337 37757.3 37790.6    37316    2809    2809   34507
         371    2.8e+05     37337 37757.3 37759.1    37320    2809    2809   34511
         372    2.8e+05     37337 37757.3 37788.7    37315    2809    2809   34506
         373    2.8e+05     37337 37757.3   37761    37268    2809    2809   34459
         374    2.8e+05     37337 37757.3 37788.8    37281    2809    2809   34472
         375    2.8e+05     37337 37757.3 37759.1    37297    2809    2809   34488
         376    2.8e+05     37337 37757.3 37787.1    37247    2809    2809   34438
         377    2.8e+05     37337 37757.3   37761    37256    2809    2809   34447
         378    2.8e+05     37337 37757.3 37789.4    37328    2809    2809   34519
         379    2.8e+05     37337 37757.3 37757.6    37308    2809    2809   34499
         380    2.8e+05     37337 37757.3 37787.5    37317    2809    2809   34508
         381    2.8e+05     37337 37757.3 37757.8    37301    2809    2809   34492
         382    2.8e+05     37337 37757.3 37787.3    37309    2809    2809   34500
         383    2.8e+05     37337 37757.3 37759.4    37326    2809    2809   34517
         384    2.8e+05     37337 37757.3 37787.4    37289    2809    2809   34480
         385    2.8e+05     37337 37757.3 37759.7    37318    2809    2809   34509
         386    2.8e+05     37337 37757.3 37786.2    37305    2809    2809   34496
         387    2.8e+05     37337 37757.1 37757.1    37323    2809    2809   34514
         388    2.8e+05     37337 37757.1 37786.2    37303    2809    2809   34494
         389    2.8e+05     37337 37757.1 37758.3    37301    2809    2809   34492
         390    2.8e+05     37337 37757.1 37787.2    37317    2809    2809   34508
         391    2.8e+05     37337 37757.1 37757.7    37320    2809    2809   34511
         392    2.8e+05     37337 37757.1 37786.4    37333    2809    2809   34524
         393    2.8e+05     37337 37754.6 37754.6    37328    2809    2809   34519
    *    394    2.8e+05     37342 37754.6   37786    37342    2809    2809   34533
         395    2.8e+05     37342 37754.6 37756.1    37292    2809    2809   34483
         396    2.8e+05     37342 37754.6 37784.5    37304    2809    2809   34495
         397    2.8e+05     37342 37754.5 37754.5    37309    2809    2809   34500
         398    2.8e+05     37342 37754.5 37786.6    37308    2809    2809   34499
         399    2.8e+05     37342 37754.5   37755    37320    2809    2809   34511
         400    2.8e+05     37342 37754.5 37787.9    37335    2809    2809   34526
         401    2.8e+05     37342 37754.5   37755    37323    2809    2809   34514
         402    2.8e+05     37342 37754.5 37787.3    37267    2809    2809   34458
         403    2.8e+05     37342 37754.5 37755.3    37292    2809    2809   34483
         404    2.8e+05     37342 37754.5 37785.8    37313    2809    2809   34504
         405    2.8e+05     37342 37752.7 37752.7    37321    2809    2809   34512
         406    2.8e+05     37342 37752.7 37785.8    37299    2809    2809   34490
         407    2.8e+05     37342 37752.7 37753.8    37314    2809    2809   34505
         408    2.8e+05     37342 37752.7 37787.6    37312    2809    2809   34503
         409    2.8e+05     37342 37750.9 37750.9    37325    2809    2809   34516
         410    2.8e+05     37342 37750.9 37791.3    37278    2809    2809   34469
         411    2.8e+05     37342 37750.9 37751.5    37319    2809    2809   34510
         412    2.8e+05     37342 37750.9 37785.1    37300    2809    2809   34491
         413    2.8e+05     37342 37750.9 37753.4    37313    2809    2809   34504
         414    2.8e+05     37342 37750.9 37786.1    37264    2809    2809   34455
         415    2.8e+05     37342 37750.9   37754    37327    2809    2809   34518
         416    2.8e+05     37342 37750.9 37786.1    37326    2809    2809   34517
         417    2.8e+05     37342 37750.9   37753    37290    2809    2809   34481
         418    2.8e+05     37342 37750.9 37785.9    37310    2809    2809   34501
         419    2.8e+05     37342 37750.9 37753.1    37302    2809    2809   34493
         420    2.8e+05     37342 37750.9 37783.2    37299    2809    2809   34490
         421    2.8e+05     37342 37750.9 37755.1    37310    2809    2809   34501
         422    2.8e+05     37342 37750.9 37784.3    37331    2809    2809   34522
         423    2.8e+05     37342 37750.9 37753.1    37316    2809    2809   34507
         424    2.8e+05     37342 37750.9 37784.4    37323    2809    2809   34514
         425    2.8e+05     37342 37750.9 37755.2    37290    2809    2809   34481
         426    2.8e+05     37342 37750.9 37781.2    37121    2809    2809   34312
         427    2.8e+05     37342 37750.9 37754.1    37313    2809    2809   34504
         428    2.8e+05     37342 37750.9 37784.3    37304    2809    2809   34495
         429    2.8e+05     37342 37750.9   37755    37274    2809    2809   34465
         430    2.8e+05     37342 37750.9 37785.3    37319    2809    2809   34510
         431    2.8e+05     37342 37750.9 37755.9    37317    2809    2809   34508
         432    2.8e+05     37342 37750.9 37787.7    37295    2809    2809   34486
         433    2.8e+05     37342 37750.9 37756.3    37332    2809    2809   34523
         434    2.8e+05     37342 37750.9 37788.7    37301    2809    2809   34492
               reducing step to 0.025
         435    2.8e+05     37342 37695.3 37695.3    36950    2809    2809   34141
         436    2.8e+05     37342 37657.5 37657.5    36482    2810    2810   33672
         437    2.8e+05     37342 37657.5 37666.4    36840    2809    2809   34031
         438    2.8e+05     37342 37648.7 37648.7    37182    2809    2809   34373
         439    2.8e+05     37342 37648.7 37663.7    36738    2810    2810   33928
         440    2.8e+05     37342 37642.6 37642.6    37292    2809    2809   34483
         441    2.8e+05     37342 37642.6 37660.1    37286    2809    2809   34477
         442    2.8e+05     37342 37641.1 37641.1    37298    2809    2809   34489
         443    2.8e+05     37342 37641.1 37657.4    37284    2809    2809   34475
         444    2.8e+05     37342 37640.3 37640.3    37178    2809    2809   34369
         445    2.8e+05     37342 37640.3 37651.8    37333    2809    2809   34524
         446    2.8e+05     37342 37640.3 37640.4    37205    2809    2809   34396
         447    2.8e+05     37342 37640.3 37650.9    37332    2809    2809   34523
    *    448    2.8e+05     37354 37637.7 37637.7    37354    2809    2809   34545
         449    2.8e+05     37354 37637.7 37650.7    37346    2809    2809   34537
         450    2.8e+05     37354 37636.9 37636.9    37345    2809    2809   34536
         451    2.8e+05     37354 37636.9   37648    37273    2809    2809   34464
         452    2.8e+05     37354 37636.9 37638.6    37350    2809    2809   34541
         453    2.8e+05     37354 37636.9 37648.6    37333    2809    2809   34524
    *    454    2.8e+05     37364   37635   37635    37364    2809    2809   34555
         455    2.8e+05     37364   37635 37648.9    37353    2809    2809   34544
         456    2.8e+05     37364   37634   37634    37329    2809    2809   34520
         457    2.8e+05     37364   37634 37648.8    37347    2809    2809   34538
         458    2.8e+05     37364   37634   37634    37343    2809    2809   34534
         459    2.8e+05     37364   37634 37647.9    37319    2809    2809   34510
         460    2.8e+05     37364 37633.8 37633.8    37326    2809    2809   34517
         461    2.8e+05     37364 37633.8 37647.5    37342    2809    2809   34533
         462    2.8e+05     37364 37633.8 37634.8    37359    2809    2809   34550
         463    2.8e+05     37364 37633.8 37643.7    37353    2809    2809   34544
         464    2.8e+05     37364 37633.8 37635.8    37353    2809    2809   34544
         465    2.8e+05     37364 37633.8   37643    37320    2809    2809   34511
         466    2.8e+05     37364 37633.8 37634.6    37335    2809    2809   34526
         467    2.8e+05     37364 37633.8 37643.2    37354    2809    2809   34545
         468    2.8e+05     37364 37633.8 37634.6    37348    2809    2809   34539
         469    2.8e+05     37364 37633.8 37643.2    37345    2809    2809   34536
         470    2.8e+05     37364 37633.8 37634.5    37355    2809    2809   34546
         471    2.8e+05     37364 37633.8 37644.4    37346    2809    2809   34537
         472    2.8e+05     37364 37632.7 37632.7    37313    2809    2809   34504
         473    2.8e+05     37364 37632.7 37645.1    37355    2809    2809   34546
    *    474    2.8e+05     37366 37632.7 37634.5    37366    2809    2809   34557
         475    2.8e+05     37366 37632.7 37643.6    37324    2809    2809   34515
         476    2.8e+05     37366 37632.7 37633.7    37364    2809    2809   34555
         477    2.8e+05     37366 37632.7 37645.8    37351    2809    2809   34542
         478    2.8e+05     37366 37632.7 37633.8    37338    2809    2809   34529
         479    2.8e+05     37366 37632.7   37644    37347    2809    2809   34538
    *    480    2.8e+05     37370 37632.7 37633.9    37370    2809    2809   34561
         481    2.8e+05     37370 37632.7   37644    37323    2809    2809   34514
         482    2.8e+05     37370 37632.7 37632.8    37362    2809    2809   34553
         483    2.8e+05     37370 37632.7 37642.4    37349    2809    2809   34540
         484    2.8e+05     37370 37632.6 37632.6    37351    2809    2809   34542
         485    2.8e+05     37370 37632.6 37645.5    37331    2809    2809   34522
    *    486    2.8e+05     37379 37631.5 37631.5    37379    2809    2809   34570
         487    2.8e+05     37379 37631.5 37646.9    37166    2809    2809   34357
         488    2.8e+05     37379 37630.7 37630.7    37358    2809    2809   34549
         489    2.8e+05     37379 37630.7 37644.2    37357    2809    2809   34548
         490    2.8e+05     37379 37630.2 37630.2    37371    2809    2809   34562
         491    2.8e+05     37379 37630.2 37644.3    37351    2809    2809   34542
         492    2.8e+05     37379 37630.2 37632.3    37360    2809    2809   34551
         493    2.8e+05     37379 37630.2 37642.4    37352    2809    2809   34543
         494    2.8e+05     37379 37630.2 37634.4    37358    2809    2809   34549
         495    2.8e+05     37379 37630.2 37641.4    37352    2809    2809   34543
         496    2.8e+05     37379 37630.2 37631.8    37360    2809    2809   34551
         497    2.8e+05     37379 37630.2 37642.5    37349    2809    2809   34540
         498    2.8e+05     37379 37630.2 37633.2    37355    2809    2809   34546
         499    2.8e+05     37379 37630.2   37641    37348    2809    2809   34539
         500    2.8e+05     37379 37630.2 37632.4    37350    2809    2809   34541
         501    2.8e+05     37379 37630.2 37641.4    37345    2809    2809   34536
         502    2.8e+05     37379 37630.2 37632.2    37374    2809    2809   34565
         503    2.8e+05     37379 37630.2   37645    37347    2809    2809   34538
         504    2.8e+05     37379 37629.1 37629.1    37358    2809    2809   34549
         505    2.8e+05     37379 37629.1   37643    37353    2809    2809   34544
         506    2.8e+05     37379 37629.1 37630.6    37356    2809    2809   34547
         507    2.8e+05     37379 37629.1   37643    37351    2809    2809   34542
         508    2.8e+05     37379 37629.1 37629.8    37360    2809    2809   34551
         509    2.8e+05     37379 37629.1 37645.6    37362    2809    2809   34553
         510    2.8e+05     37379 37628.7 37628.7    37349    2809    2809   34540
         511    2.8e+05     37379 37628.7 37642.9    37347    2809    2809   34538
         512    2.8e+05     37379 37628.1 37628.1    37360    2809    2809   34551
         513    2.8e+05     37379 37628.1   37643    37321    2809    2809   34512
         514    2.8e+05     37379 37628.1 37630.9    37371    2809    2809   34562
         515    2.8e+05     37379 37628.1 37641.6    37362    2809    2809   34553
         516    2.8e+05     37379 37628.1 37628.3    37340    2809    2809   34531
         517    2.8e+05     37379 37628.1 37641.6    37331    2809    2809   34522
         518    2.8e+05     37379 37628.1 37630.3    37356    2809    2809   34547
         519    2.8e+05     37379 37628.1 37642.3    37344    2809    2809   34535
         520    2.8e+05     37379 37628.1 37630.9    37356    2809    2809   34547
         521    2.8e+05     37379 37628.1 37640.5    37315    2809    2809   34506
         522    2.8e+05     37379 37628.1 37632.3    37319    2809    2809   34510
         523    2.8e+05     37379 37628.1 37640.1    37333    2809    2809   34524
         524    2.8e+05     37379 37628.1 37630.5    37327    2809    2809   34518
         525    2.8e+05     37379 37628.1 37641.2    37297    2809    2809   34488
         526    2.8e+05     37379 37628.1 37628.7    37356    2809    2809   34547
         527    2.8e+05     37379 37628.1   37642    37344    2809    2809   34535
         528    2.8e+05     37379 37628.1 37630.2    37366    2809    2809   34557
         529    2.8e+05     37379 37628.1 37641.1    37350    2809    2809   34541
         530    2.8e+05     37379 37628.1 37629.6    37369    2809    2809   34560
         531    2.8e+05     37379 37628.1 37640.4    37344    2809    2809   34535
         532    2.8e+05     37379 37628.1 37631.4    37364    2809    2809   34555
         533    2.8e+05     37379 37628.1 37641.3    37347    2809    2809   34538
         534    2.8e+05     37379 37628.1 37629.6    37367    2809    2809   34558
         535    2.8e+05     37379 37628.1 37641.4    37354    2809    2809   34545
         536    2.8e+05     37379 37628.1 37629.2    37334    2809    2809   34525
         537    2.8e+05     37379 37628.1 37643.4    37352    2809    2809   34543
               reducing step to 0.0125
         538    2.8e+05     37379 37608.8 37608.8    36893    2809    2809   34084
         539    2.8e+05     37379 37591.5 37591.5    37160    2810    2810   34350
         540    2.8e+05     37379 37591.5 37596.1    37287    2809    2809   34478
         541    2.8e+05     37379   37585   37585    37281    2809    2809   34472
         542    2.8e+05     37379   37585 37591.1    37284    2809    2809   34475
         543    2.8e+05     37379   37585 37585.5    37350    2809    2809   34541
         544    2.8e+05     37379   37585 37590.9    37340    2809    2809   34531
         545    2.8e+05     37379 37582.9 37582.9    37336    2809    2809   34527
         546    2.8e+05     37379 37582.9 37588.1    37350    2809    2809   34541
         547    2.8e+05     37379 37580.8 37580.8    37363    2809    2809   34554
         548    2.8e+05     37379 37580.8 37586.6    37361    2809    2809   34552
         549    2.8e+05     37379   37580   37580    37359    2809    2809   34550
         550    2.8e+05     37379   37580   37586    37342    2809    2809   34533
         551    2.8e+05     37379 37578.3 37578.3    37349    2809    2809   34540
         552    2.8e+05     37379 37578.3 37583.9    37337    2809    2809   34528
         553    2.8e+05     37379 37578.3 37580.5    37361    2809    2809   34552
         554    2.8e+05     37379 37578.3 37583.2    37347    2809    2809   34538
         555    2.8e+05     37379 37578.3 37580.2    37351    2809    2809   34542
         556    2.8e+05     37379 37578.3 37582.2    37379    2809    2809   34570
         557    2.8e+05     37379 37578.3 37578.5    37358    2809    2809   34549
         558    2.8e+05     37379 37578.3   37583    37348    2809    2809   34539
         559    2.8e+05     37379 37578.3 37578.8    37354    2809    2809   34545
         560    2.8e+05     37379 37578.3 37581.4    37355    2809    2809   34546
         561    2.8e+05     37379 37578.3 37579.8    37376    2809    2809   34567
         562    2.8e+05     37379 37578.3 37581.8    37357    2809    2809   34548
         563    2.8e+05     37379 37578.3 37580.2    37371    2809    2809   34562
         564    2.8e+05     37379 37578.3 37580.5    37338    2809    2809   34529
         565    2.8e+05     37379 37578.3 37579.1    37328    2809    2809   34519
         566    2.8e+05     37379 37578.3 37581.4    37367    2809    2809   34558
         567    2.8e+05     37379 37577.9 37577.9    37364    2809    2809   34555
         568    2.8e+05     37379 37577.9 37580.9    37376    2809    2809   34567
         569    2.8e+05     37379 37577.5 37577.5    37358    2809    2809   34549
         570    2.8e+05     37379 37577.5 37581.5    37345    2809    2809   34536
         571    2.8e+05     37379 37577.5 37578.4    37379    2809    2809   34570
         572    2.8e+05     37379 37577.5 37580.4    37364    2809    2809   34555
         573    2.8e+05     37379 37577.5 37578.3    37369    2809    2809   34560
         574    2.8e+05     37379 37577.5   37580    37359    2809    2809   34550
         575    2.8e+05     37379 37577.4 37577.4    37357    2809    2809   34548
         576    2.8e+05     37379 37577.4 37580.6    37342    2809    2809   34533
         577    2.8e+05     37379 37577.1 37577.1    37372    2809    2809   34563
         578    2.8e+05     37379 37577.1 37580.9    37341    2809    2809   34532
         579    2.8e+05     37379 37577.1 37577.1    37366    2809    2809   34557
         580    2.8e+05     37379 37577.1 37579.2    37360    2809    2809   34551
         581    2.8e+05     37379 37577.1 37577.1    37363    2809    2809   34554
         582    2.8e+05     37379 37577.1 37579.6    37371    2809    2809   34562
         583    2.8e+05     37379 37577.1 37577.2    37371    2809    2809   34562
         584    2.8e+05     37379 37577.1   37580    37361    2809    2809   34552
         585    2.8e+05     37379 37577.1 37577.7    37342    2809    2809   34533
         586    2.8e+05     37379 37577.1 37579.8    37352    2809    2809   34543
         587    2.8e+05     37379 37575.9 37575.9    37330    2809    2809   34521
         588    2.8e+05     37379 37575.9 37581.3    37360    2809    2809   34551
         589    2.8e+05     37379 37575.4 37575.4    37368    2809    2809   34559
         590    2.8e+05     37379 37575.4 37580.3    37365    2809    2809   34556
         591    2.8e+05     37379 37575.4 37576.2    37369    2809    2809   34560
         592    2.8e+05     37379 37575.4 37580.4    37322    2809    2809   34513
         593    2.8e+05     37379 37575.3 37575.3    37368    2809    2809   34559
         594    2.8e+05     37379 37575.3 37579.9    37370    2809    2809   34561
         595    2.8e+05     37379 37575.3 37575.3    37377    2809    2809   34568
         596    2.8e+05     37379 37575.3 37580.7    37363    2809    2809   34554
         597    2.8e+05     37379 37575.3   37576    37371    2809    2809   34562
         598    2.8e+05     37379 37575.3 37579.4    37368    2809    2809   34559
         599    2.8e+05     37379 37575.3 37576.4    37370    2809    2809   34561
         600    2.8e+05     37379 37575.3 37579.3    37343    2809    2809   34534
         601    2.8e+05     37379 37575.3 37576.1    37361    2809    2809   34552
         602    2.8e+05     37379 37575.3 37578.9    37353    2809    2809   34544
         603    2.8e+05     37379 37575.3 37577.6    37348    2809    2809   34539
         604    2.8e+05     37379 37575.3 37578.5    37362    2809    2809   34553
         605    2.8e+05     37379 37575.3 37576.1    37363    2809    2809   34554
         606    2.8e+05     37379 37575.3 37578.8    37353    2809    2809   34544
         607    2.8e+05     37379 37575.3 37575.3    37372    2809    2809   34563
         608    2.8e+05     37379 37575.3 37579.7    37353    2809    2809   34544
         609    2.8e+05     37379 37575.3 37576.9    37369    2809    2809   34560
         610    2.8e+05     37379 37575.3 37580.5    37350    2809    2809   34541
         611    2.8e+05     37379 37575.3 37575.9    37361    2809    2809   34552
         612    2.8e+05     37379 37575.3 37578.2    37359    2809    2809   34550
         613    2.8e+05     37379 37575.3 37576.7    37357    2809    2809   34548
         614    2.8e+05     37379 37575.3 37578.5    37210    2809    2809   34401
         615    2.8e+05     37379 37575.3 37575.7    37348    2809    2809   34539
         616    2.8e+05     37379 37575.3 37579.5    37363    2809    2809   34554
         617    2.8e+05     37379 37575.3 37575.9    37358    2809    2809   34549
         618    2.8e+05     37379 37575.3 37578.3    37357    2809    2809   34548
         619    2.8e+05     37379 37575.3   37577    37357    2809    2809   34548
         620    2.8e+05     37379 37575.3 37577.2    37370    2809    2809   34561
         621    2.8e+05     37379 37575.3 37577.1    37369    2809    2809   34560
         622    2.8e+05     37379 37575.3 37578.7    37359    2809    2809   34550
         623    2.8e+05     37379 37575.3 37575.6    37360    2809    2809   34551
         624    2.8e+05     37379 37575.3 37578.2    37359    2809    2809   34550
    *    625    2.8e+05     37380 37575.3 37575.9    37380    2809    2809   34571
         626    2.8e+05     37380 37575.3 37578.7    37336    2809    2809   34527
         627    2.8e+05     37380 37574.2 37574.2    37362    2809    2809   34553
         628    2.8e+05     37380 37574.2 37578.9    37355    2809    2809   34546
         629    2.8e+05     37380 37574.2 37576.4    37370    2809    2809   34561
         630    2.8e+05     37380 37574.2 37577.8    37353    2809    2809   34544
         631    2.8e+05     37380 37574.2 37575.4    37372    2809    2809   34563
         632    2.8e+05     37380 37574.2 37578.3    37372    2809    2809   34563
         633    2.8e+05     37380 37574.2 37574.6    37377    2809    2809   34568
         634    2.8e+05     37380 37574.2 37578.5    37373    2809    2809   34564
         635    2.8e+05     37380 37574.2 37574.3    37376    2809    2809   34567
         636    2.8e+05     37380 37574.2   37579    37370    2809    2809   34561
         637    2.8e+05     37380 37574.2   37575    37366    2809    2809   34557
         638    2.8e+05     37380 37574.2 37578.9    37356    2809    2809   34547
         639    2.8e+05     37380 37574.2 37574.8    37362    2809    2809   34553
         640    2.8e+05     37380 37574.2 37578.2    37373    2809    2809   34564
         641    2.8e+05     37380 37574.2 37574.4    37376    2809    2809   34567
         642    2.8e+05     37380 37574.2   37578    37375    2809    2809   34566
         643    2.8e+05     37380 37574.2   37575    37380    2809    2809   34571
         644    2.8e+05     37380 37574.2 37578.3    37354    2809    2809   34545
         645    2.8e+05     37380 37574.2 37574.6    37359    2809    2809   34550
         646    2.8e+05     37380 37574.2 37578.8    37362    2809    2809   34553
         647    2.8e+05     37380 37574.2 37574.4    37372    2809    2809   34563
         648    2.8e+05     37380 37574.2 37578.2    37369    2809    2809   34560
         649    2.8e+05     37380 37574.1 37574.1    37363    2809    2809   34554
         650    2.8e+05     37380 37574.1 37578.2    37357    2809    2809   34548
         651    2.8e+05     37380 37574.1 37575.5    37368    2809    2809   34559
         652    2.8e+05     37380 37574.1 37578.6    37367    2809    2809   34558
         653    2.8e+05     37380 37574.1 37574.3    37364    2809    2809   34555
         654    2.8e+05     37380 37574.1 37577.7    37358    2809    2809   34549
         655    2.8e+05     37380   37574   37574    37373    2809    2809   34564
         656    2.8e+05     37380   37574 37579.7    37375    2809    2809   34566
         657    2.8e+05     37380 37573.3 37573.3    37366    2809    2809   34557
         658    2.8e+05     37380 37573.3 37577.8    37339    2809    2809   34530
         659    2.8e+05     37380 37573.3 37573.4    37373    2809    2809   34564
         660    2.8e+05     37380 37573.3 37576.7    37358    2809    2809   34549
         661    2.8e+05     37380 37573.3 37575.3    37379    2809    2809   34570
         662    2.8e+05     37380 37573.3 37578.2    37340    2809    2809   34531
         663    2.8e+05     37380 37573.3 37574.2    37370    2809    2809   34561
         664    2.8e+05     37380 37573.3 37576.7    37347    2809    2809   34538
         665    2.8e+05     37380 37573.3 37574.4    37366    2809    2809   34557
         666    2.8e+05     37380 37573.3 37576.2    37354    2809    2809   34545
         667    2.8e+05     37380 37573.3 37573.6    37347    2809    2809   34538
         668    2.8e+05     37380 37573.3   37578    37356    2809    2809   34547
         669    2.8e+05     37380 37573.3 37573.6    37371    2809    2809   34562
         670    2.8e+05     37380 37573.3 37576.9    37355    2809    2809   34546
         671    2.8e+05     37380 37573.3 37574.5    37379    2809    2809   34570
    *    672    2.8e+05     37389 37573.3 37578.3    37389    2809    2809   34580
         673    2.8e+05     37389 37573.3 37573.7    37368    2809    2809   34559
         674    2.8e+05     37389 37573.3 37578.3    37366    2809    2809   34557
         675    2.8e+05     37389 37572.8 37572.8    37377    2809    2809   34568
         676    2.8e+05     37389 37572.8 37577.9    37367    2809    2809   34558
         677    2.8e+05     37389 37572.8 37574.4    37368    2809    2809   34559
         678    2.8e+05     37389 37572.8 37577.5    37372    2809    2809   34563
         679    2.8e+05     37389 37572.8 37574.2    37385    2809    2809   34576
         680    2.8e+05     37389 37572.8 37577.2    37364    2809    2809   34555
         681    2.8e+05     37389 37572.8 37574.6    37372    2809    2809   34563
         682    2.8e+05     37389 37572.8 37578.1    37368    2809    2809   34559
         683    2.8e+05     37389 37572.8 37573.6    37375    2809    2809   34566
         684    2.8e+05     37389 37572.8 37576.6    37365    2809    2809   34556
         685    2.8e+05     37389 37572.8 37574.2    37362    2809    2809   34553
         686    2.8e+05     37389 37572.8 37576.5    37350    2809    2809   34541
         687    2.8e+05     37389 37572.8 37574.7    37361    2809    2809   34552
         688    2.8e+05     37389 37572.8   37577    37358    2809    2809   34549
         689    2.8e+05     37389 37572.8 37573.8    37364    2809    2809   34555
         690    2.8e+05     37389 37572.8 37578.1    37356    2809    2809   34547
         691    2.8e+05     37389 37572.8 37574.3    37345    2809    2809   34536
         692    2.8e+05     37389 37572.8 37576.8    37350    2809    2809   34541
         693    2.8e+05     37389 37572.8 37574.3    37376    2809    2809   34567
         694    2.8e+05     37389 37572.8 37576.4    37370    2809    2809   34561
         695    2.8e+05     37389 37572.8   37574    37368    2809    2809   34559
         696    2.8e+05     37389 37572.8 37577.5    37361    2809    2809   34552
         697    2.8e+05     37389 37572.8 37573.8    37371    2809    2809   34562
         698    2.8e+05     37389 37572.8 37577.8    37354    2809    2809   34545
         699    2.8e+05     37389 37572.8 37574.1    37363    2809    2809   34554
         700    2.8e+05     37389 37572.8 37578.1    37347    2809    2809   34538
               reducing step to 0.00625
         701    2.8e+05     37389 37561.7 37561.7    37269    2809    2809   34460
         702    2.8e+05     37389 37556.8 37556.8    37288    2809    2809   34479
         703    2.8e+05     37389 37556.8 37558.9    37312    2809    2809   34503
         704    2.8e+05     37389 37554.2 37554.2    37344    2809    2809   34535
         705    2.8e+05     37389 37554.2 37557.7    37344    2809    2809   34535
         706    2.8e+05     37389 37554.2 37554.7    37360    2809    2809   34551
         707    2.8e+05     37389 37554.2 37555.7    37304    2809    2809   34495
         708    2.8e+05     37389 37552.9 37552.9    37363    2809    2809   34554
         709    2.8e+05     37389 37552.9 37555.5    37297    2809    2809   34488
         710    2.8e+05     37389 37552.6 37552.6    37361    2809    2809   34552
         711    2.8e+05     37389 37552.6   37554    37358    2809    2809   34549
         712    2.8e+05     37389 37552.1 37552.1    37351    2809    2809   34542
         713    2.8e+05     37389 37552.1 37553.3    37303    2809    2809   34494
         714    2.8e+05     37389   37551   37551    37362    2809    2809   34553
         715    2.8e+05     37389   37551 37553.1    37313    2809    2809   34504
         716    2.8e+05     37389 37550.3 37550.3    37360    2809    2809   34551
         717    2.8e+05     37389 37550.3 37552.4    37349    2809    2809   34540
         718    2.8e+05     37389 37550.3 37551.4    37371    2809    2809   34562
         719    2.8e+05     37389 37550.3 37551.8    37377    2809    2809   34568
         720    2.8e+05     37389 37550.3 37550.5    37374    2809    2809   34565
         721    2.8e+05     37389 37550.3 37551.5    37374    2809    2809   34565
         722    2.8e+05     37389 37550.3 37550.6    37351    2809    2809   34542
         723    2.8e+05     37389 37550.3 37551.5    37343    2809    2809   34534
         724    2.8e+05     37389 37549.8 37549.8    37325    2809    2809   34516
         725    2.8e+05     37389 37549.8 37551.2    37373    2809    2809   34564
         726    2.8e+05     37389 37549.5 37549.5    37374    2809    2809   34565
         727    2.8e+05     37389 37549.5 37551.7    37363    2809    2809   34554
         728    2.8e+05     37389 37549.4 37549.4    37348    2809    2809   34539
         729    2.8e+05     37389 37549.4 37551.7    37367    2809    2809   34558
         730    2.8e+05     37389 37548.7 37548.7    37370    2809    2809   34561
         731    2.8e+05     37389 37548.7 37551.3    37374    2809    2809   34565
         732    2.8e+05     37389 37548.7 37549.6    37380    2809    2809   34571
         733    2.8e+05     37389 37548.7 37551.2    37380    2809    2809   34571
         734    2.8e+05     37389 37548.7 37549.2    37361    2809    2809   34552
         735    2.8e+05     37389 37548.7 37551.2    37364    2809    2809   34555
         736    2.8e+05     37389 37548.7 37549.2    37366    2809    2809   34557
         737    2.8e+05     37389 37548.7 37551.3    37363    2809    2809   34554
    *    738    2.8e+05     37392 37548.7 37549.5    37392    2809    2809   34583
         739    2.8e+05     37392 37548.7 37551.2    37357    2809    2809   34548
         740    2.8e+05     37392 37548.7 37548.8    37375    2809    2809   34566
         741    2.8e+05     37392 37548.7 37551.2    37362    2809    2809   34553
         742    2.8e+05     37392 37548.5 37548.5    37379    2809    2809   34570
         743    2.8e+05     37392 37548.5 37550.8    37366    2809    2809   34557
         744    2.8e+05     37392 37548.5 37549.5    37363    2809    2809   34554
         745    2.8e+05     37392 37548.5   37551    37366    2809    2809   34557
         746    2.8e+05     37392 37548.1 37548.1    37370    2809    2809   34561
         747    2.8e+05     37392 37548.1 37551.6    37361    2809    2809   34552
         748    2.8e+05     37392 37547.8 37547.8    37379    2809    2809   34570
         749    2.8e+05     37392 37547.8 37550.8    37352    2809    2809   34543
         750    2.8e+05     37392 37547.8 37547.8    37365    2809    2809   34556
         751    2.8e+05     37392 37547.8 37551.2    37359    2809    2809   34550
         752    2.8e+05     37392 37547.8 37547.9    37372    2809    2809   34563
         753    2.8e+05     37392 37547.8 37550.8    37366    2809    2809   34557
         754    2.8e+05     37392 37547.8 37547.8    37366    2809    2809   34557
         755    2.8e+05     37392 37547.8 37550.9    37373    2809    2809   34564
         756    2.8e+05     37392 37547.7 37547.7    37365    2809    2809   34556
         757    2.8e+05     37392 37547.7 37551.1    37361    2809    2809   34552
         758    2.8e+05     37392 37547.7   37548    37369    2809    2809   34560
         759    2.8e+05     37392 37547.7 37549.9    37344    2809    2809   34535
         760    2.8e+05     37392 37547.7 37547.8    37371    2809    2809   34562
         761    2.8e+05     37392 37547.7 37550.3    37354    2809    2809   34545
         762    2.8e+05     37392 37547.3 37547.3    37362    2809    2809   34553
         763    2.8e+05     37392 37547.3 37549.8    37360    2809    2809   34551
         764    2.8e+05     37392 37547.3 37547.3    37382    2809    2809   34573
         765    2.8e+05     37392 37547.3 37550.6    37362    2809    2809   34553
         766    2.8e+05     37392 37547.3 37547.5    37372    2809    2809   34563
         767    2.8e+05     37392 37547.3   37551    37368    2809    2809   34559
         768    2.8e+05     37392 37547.3 37547.3    37369    2809    2809   34560
         769    2.8e+05     37392 37547.3 37550.4    37361    2809    2809   34552
         770    2.8e+05     37392 37547.3 37547.9    37375    2809    2809   34566
         771    2.8e+05     37392 37547.3 37549.8    37366    2809    2809   34557
         772    2.8e+05     37392 37547.3 37548.2    37370    2809    2809   34561
         773    2.8e+05     37392 37547.3 37549.6    37370    2809    2809   34561
         774    2.8e+05     37392 37547.3 37547.8    37367    2809    2809   34558
         775    2.8e+05     37392 37547.3 37549.3    37362    2809    2809   34553
         776    2.8e+05     37392 37547.3 37548.5    37364    2809    2809   34555
         777    2.8e+05     37392 37547.3 37549.9    37356    2809    2809   34547
         778    2.8e+05     37392 37547.3 37547.6    37359    2809    2809   34550
         779    2.8e+05     37392 37547.3   37549    37357    2809    2809   34548
         780    2.8e+05     37392 37547.3 37548.3    37371    2809    2809   34562
         781    2.8e+05     37392 37547.3 37549.1    37361    2809    2809   34552
         782    2.8e+05     37392 37547.3 37548.4    37371    2809    2809   34562
         783    2.8e+05     37392 37547.3 37549.9    37364    2809    2809   34555
         784    2.8e+05     37392 37547.3 37548.1    37372    2809    2809   34563
         785    2.8e+05     37392 37547.3 37549.7    37372    2809    2809   34563
         786    2.8e+05     37392 37547.2 37547.2    37365    2809    2809   34556
         787    2.8e+05     37392 37547.2   37550    37364    2809    2809   34555
         788    2.8e+05     37392 37547.2 37547.3    37377    2809    2809   34568
         789    2.8e+05     37392 37547.2 37550.1    37365    2809    2809   34556
         790    2.8e+05     37392 37546.8 37546.8    37372    2809    2809   34563
         791    2.8e+05     37392 37546.8 37550.2    37355    2809    2809   34546
         792    2.8e+05     37392 37546.8 37547.2    37386    2809    2809   34577
         793    2.8e+05     37392 37546.8 37549.9    37364    2809    2809   34555
         794    2.8e+05     37392 37546.8 37547.2    37362    2809    2809   34553
         795    2.8e+05     37392 37546.8 37550.4    37365    2809    2809   34556
         796    2.8e+05     37392 37546.7 37546.7    37357    2809    2809   34548
         797    2.8e+05     37392 37546.7 37549.7    37344    2809    2809   34535
         798    2.8e+05     37392 37546.7 37547.1    37363    2809    2809   34554
         799    2.8e+05     37392 37546.7 37550.2    37370    2809    2809   34561
         800    2.8e+05     37392 37546.7 37547.1    37359    2809    2809   34550
         801    2.8e+05     37392 37546.7 37549.8    37346    2809    2809   34537
         802    2.8e+05     37392 37546.7 37547.3    37372    2809    2809   34563
         803    2.8e+05     37392 37546.7 37549.3    37381    2809    2809   34572
         804    2.8e+05     37392 37546.7 37547.9    37365    2809    2809   34556
         805    2.8e+05     37392 37546.7 37548.9    37368    2809    2809   34559
         806    2.8e+05     37392 37546.7 37547.6    37373    2809    2809   34564
         807    2.8e+05     37392 37546.7 37549.4    37372    2809    2809   34563
         808    2.8e+05     37392 37546.7 37547.6    37367    2809    2809   34558
         809    2.8e+05     37392 37546.7 37549.2    37369    2809    2809   34560
         810    2.8e+05     37392 37546.7 37547.3    37383    2809    2809   34574
         811    2.8e+05     37392 37546.7 37549.6    37366    2809    2809   34557
         812    2.8e+05     37392 37546.7   37547    37371    2809    2809   34562
         813    2.8e+05     37392 37546.7 37549.6    37359    2809    2809   34550
         814    2.8e+05     37392 37546.7 37547.1    37377    2809    2809   34568
         815    2.8e+05     37392 37546.7 37549.1    37374    2809    2809   34565
         816    2.8e+05     37392 37546.7 37547.3    37362    2809    2809   34553
         817    2.8e+05     37392 37546.7 37548.7    37347    2809    2809   34538
         818    2.8e+05     37392 37546.7 37547.4    37354    2809    2809   34545
         819    2.8e+05     37392 37546.7 37548.5    37379    2809    2809   34570
         820    2.8e+05     37392 37546.7 37547.9    37367    2809    2809   34558
         821    2.8e+05     37392 37546.7 37548.6    37356    2809    2809   34547
               reducing step to 0.003125
         822    2.8e+05     37392 37542.3 37542.3    37137    2810    2810   34327
         823    2.8e+05     37392 37540.9 37540.9    37327    2809    2809   34518
         824    2.8e+05     37392 37540.9 37540.9    37339    2809    2809   34530
         825    2.8e+05     37392 37539.2 37539.2    37317    2809    2809   34508
         826    2.8e+05     37392 37539.2 37539.7    37346    2809    2809   34537
         827    2.8e+05     37392 37539.2 37539.2    37362    2809    2809   34553
         828    2.8e+05     37392 37539.2 37539.6    37367    2809    2809   34558
         829    2.8e+05     37392 37538.3 37538.3    37368    2809    2809   34559
         830    2.8e+05     37392 37538.3 37538.9    37355    2809    2809   34546
         831    2.8e+05     37392 37538.3 37538.4    37299    2809    2809   34490
         832    2.8e+05     37392 37538.3 37538.5    37358    2809    2809   34549
         833    2.8e+05     37392   37538   37538    37333    2809    2809   34524
         834    2.8e+05     37392   37538   37539    37361    2809    2809   34552
         835    2.8e+05     37392 37537.4 37537.4    37367    2809    2809   34558
         836    2.8e+05     37392 37537.4 37538.5    37366    2809    2809   34557
         837    2.8e+05     37392 37537.4 37537.6    37354    2809    2809   34545
         838    2.8e+05     37392 37537.4   37538    37381    2809    2809   34572
         839    2.8e+05     37392 37537.3 37537.3    37381    2809    2809   34572
         840    2.8e+05     37392 37537.3 37538.1    37362    2809    2809   34553
         841    2.8e+05     37392 37537.2 37537.2    37351    2809    2809   34542
         842    2.8e+05     37392 37537.2 37538.2    37368    2809    2809   34559
         843    2.8e+05     37392 37537.2 37537.2    37375    2809    2809   34566
         844    2.8e+05     37392 37537.2 37538.1    37372    2809    2809   34563
         845    2.8e+05     37392 37536.9 37536.9    37374    2809    2809   34565
         846    2.8e+05     37392 37536.9 37537.9    37360    2809    2809   34551
         847    2.8e+05     37392 37536.8 37536.8    37381    2809    2809   34572
         848    2.8e+05     37392 37536.8 37537.7    37366    2809    2809   34557
         849    2.8e+05     37392 37536.2 37536.2    37377    2809    2809   34568
         850    2.8e+05     37392 37536.2 37537.9    37360    2809    2809   34551
         851    2.8e+05     37392 37536.2 37536.3    37371    2809    2809   34562
         852    2.8e+05     37392 37536.2   37538    37353    2809    2809   34544
         853    2.8e+05     37392 37536.2 37536.2    37357    2809    2809   34548
         854    2.8e+05     37392 37536.2 37537.9    37353    2809    2809   34544
         855    2.8e+05     37392 37536.1 37536.1    37356    2809    2809   34547
         856    2.8e+05     37392 37536.1 37537.7    37372    2809    2809   34563
         857    2.8e+05     37392 37535.7 37535.7    37370    2809    2809   34561
         858    2.8e+05     37392 37535.7   37538    37214    2809    2809   34405
         859    2.8e+05     37392 37535.6 37535.6    37354    2809    2809   34545
         860    2.8e+05     37392 37535.6 37537.8    37371    2809    2809   34562
         861    2.8e+05     37392 37535.6 37535.7    37354    2809    2809   34545
         862    2.8e+05     37392 37535.6 37537.6    37360    2809    2809   34551
         863    2.8e+05     37392 37535.6 37535.6    37359    2809    2809   34550
         864    2.8e+05     37392 37535.6 37537.9    37350    2809    2809   34541
         865    2.8e+05     37392 37535.6 37535.6    37346    2809    2809   34537
         866    2.8e+05     37392 37535.6 37537.3    37356    2809    2809   34547
         867    2.8e+05     37392 37535.6 37535.7    37364    2809    2809   34555
         868    2.8e+05     37392 37535.6 37536.9    37350    2809    2809   34541
         869    2.8e+05     37392 37535.6 37535.9    37376    2809    2809   34567
         870    2.8e+05     37392 37535.6 37537.1    37366    2809    2809   34557
         871    2.8e+05     37392 37535.6 37535.6    37366    2809    2809   34557
         872    2.8e+05     37392 37535.6 37536.8    37347    2809    2809   34538
         873    2.8e+05     37392 37535.6 37535.7    37378    2809    2809   34569
         874    2.8e+05     37392 37535.6 37536.7    37357    2809    2809   34548
         875    2.8e+05     37392 37535.2 37535.2    37364    2809    2809   34555
         876    2.8e+05     37392 37535.2 37537.2    37351    2809    2809   34542
         877    2.8e+05     37392 37535.2 37535.3    37364    2809    2809   34555
         878    2.8e+05     37392 37535.2 37536.5    37370    2809    2809   34561
         879    2.8e+05     37392 37535.2 37535.7    37361    2809    2809   34552
         880    2.8e+05     37392 37535.2 37536.8    37347    2809    2809   34538
         881    2.8e+05     37392 37535.2 37535.5    37368    2809    2809   34559
         882    2.8e+05     37392 37535.2 37536.6    37363    2809    2809   34554
         883    2.8e+05     37392 37535.2 37535.3    37364    2809    2809   34555
         884    2.8e+05     37392 37535.2 37536.8    37353    2809    2809   34544
         885    2.8e+05     37392 37535.2 37535.5    37368    2809    2809   34559
         886    2.8e+05     37392 37535.2 37536.8    37361    2809    2809   34552
         887    2.8e+05     37392 37535.2 37535.4    37364    2809    2809   34555
         888    2.8e+05     37392 37535.2 37536.9    37352    2809    2809   34543
         889    2.8e+05     37392 37534.9 37534.9    37357    2809    2809   34548
         890    2.8e+05     37392 37534.9 37536.3    37364    2809    2809   34555
         891    2.8e+05     37392 37534.9 37535.1    37363    2809    2809   34554
         892    2.8e+05     37392 37534.9 37536.8    37359    2809    2809   34550
         893    2.8e+05     37392 37534.9 37535.4    37359    2809    2809   34550
         894    2.8e+05     37392 37534.9 37536.5    37358    2809    2809   34549
         895    2.8e+05     37392 37534.9 37535.4    37356    2809    2809   34547
         896    2.8e+05     37392 37534.9 37536.7    37356    2809    2809   34547
         897    2.8e+05     37392 37534.9 37535.1    37352    2809    2809   34543
         898    2.8e+05     37392 37534.9 37536.7    37366    2809    2809   34557
         899    2.8e+05     37392 37534.9 37534.9    37350    2809    2809   34541
         900    2.8e+05     37392 37534.9 37536.3    37361    2809    2809   34552
         901    2.8e+05     37392 37534.9 37534.9    37372    2809    2809   34563
         902    2.8e+05     37392 37534.9 37536.6    37362    2809    2809   34553
         903    2.8e+05     37392 37534.9 37535.4    37365    2809    2809   34556
         904    2.8e+05     37392 37534.9 37536.4    37366    2809    2809   34557
         905    2.8e+05     37392 37534.9 37535.1    37365    2809    2809   34556
         906    2.8e+05     37392 37534.9 37536.5    37362    2809    2809   34553
         907    2.8e+05     37392 37534.9 37534.9    37358    2809    2809   34549
         908    2.8e+05     37392 37534.9 37536.5    37353    2809    2809   34544
         909    2.8e+05     37392 37534.8 37534.8    37336    2809    2809   34527
         910    2.8e+05     37392 37534.8 37536.4    37357    2809    2809   34548
         911    2.8e+05     37392 37534.8   37535    37346    2809    2809   34537
         912    2.8e+05     37392 37534.8 37536.5    37357    2809    2809   34548
         913    2.8e+05     37392 37534.7 37534.7    37359    2809    2809   34550
         914    2.8e+05     37392 37534.7 37536.9    37373    2809    2809   34564
         915    2.8e+05     37392 37534.7 37534.8    37366    2809    2809   34557
         916    2.8e+05     37392 37534.7   37537    37316    2809    2809   34507
         917    2.8e+05     37392 37534.6 37534.6    37356    2809    2809   34547
         918    2.8e+05     37392 37534.6 37537.1    37358    2809    2809   34549
         919    2.8e+05     37392 37534.6 37534.6    37352    2809    2809   34543
         920    2.8e+05     37392 37534.6 37536.5    37365    2809    2809   34556
         921    2.8e+05     37392 37534.6 37535.2    37364    2809    2809   34555
         922    2.8e+05     37392 37534.6 37536.2    37358    2809    2809   34549
         923    2.8e+05     37392 37534.6   37535    37373    2809    2809   34564
         924    2.8e+05     37392 37534.6 37536.3    37361    2809    2809   34552
         925    2.8e+05     37392 37534.6   37535    37366    2809    2809   34557
         926    2.8e+05     37392 37534.6 37536.3    37369    2809    2809   34560
         927    2.8e+05     37392 37534.6 37534.7    37369    2809    2809   34560
         928    2.8e+05     37392 37534.6 37536.8    37375    2809    2809   34566
         929    2.8e+05     37392 37534.5 37534.5    37371    2809    2809   34562
         930    2.8e+05     37392 37534.5 37536.5    37362    2809    2809   34553
         931    2.8e+05     37392 37534.5 37534.8    37348    2809    2809   34539
         932    2.8e+05     37392 37534.5 37536.2    37360    2809    2809   34551
         933    2.8e+05     37392 37534.5 37534.7    37367    2809    2809   34558
         934    2.8e+05     37392 37534.5 37536.5    37354    2809    2809   34545
         935    2.8e+05     37392 37534.5 37534.6    37365    2809    2809   34556
         936    2.8e+05     37392 37534.5 37536.6    37365    2809    2809   34556
         937    2.8e+05     37392 37534.5 37534.6    37367    2809    2809   34558
         938    2.8e+05     37392 37534.5 37536.3    37349    2809    2809   34540
         939    2.8e+05     37392 37534.5 37534.8    37353    2809    2809   34544
         940    2.8e+05     37392 37534.5 37536.6    37364    2809    2809   34555
         941    2.8e+05     37392 37534.4 37534.4    37353    2809    2809   34544
         942    2.8e+05     37392 37534.4 37536.1    37364    2809    2809   34555
         943    2.8e+05     37392 37534.4 37534.9    37367    2809    2809   34558
         944    2.8e+05     37392 37534.4 37536.2    37366    2809    2809   34557
         945    2.8e+05     37392 37534.4 37535.2    37373    2809    2809   34564
         946    2.8e+05     37392 37534.4 37536.2    37342    2809    2809   34533
         947    2.8e+05     37392 37534.4   37535    37369    2809    2809   34560
         948    2.8e+05     37392 37534.4 37536.3    37346    2809    2809   34537
         949    2.8e+05     37392 37534.4 37534.6    37355    2809    2809   34546
         950    2.8e+05     37392 37534.4 37536.2    37360    2809    2809   34551
         951    2.8e+05     37392 37534.4 37534.5    37366    2809    2809   34557
         952    2.8e+05     37392 37534.4 37536.4    37360    2809    2809   34551
         953    2.8e+05     37392 37534.4 37534.7    37367    2809    2809   34558
         954    2.8e+05     37392 37534.4 37536.5    37344    2809    2809   34535
         955    2.8e+05     37392 37534.4 37534.5    37366    2809    2809   34557
         956    2.8e+05     37392 37534.4 37535.9    37371    2809    2809   34562
         957    2.8e+05     37392 37534.4 37534.6    37350    2809    2809   34541
         958    2.8e+05     37392 37534.4 37535.7    37356    2809    2809   34547
         959    2.8e+05     37392 37534.4 37534.8    37350    2809    2809   34541
         960    2.8e+05     37392 37534.4   37536    37348    2809    2809   34539
         961    2.8e+05     37392 37534.4 37534.4    37369    2809    2809   34560
         962    2.8e+05     37392 37534.4 37536.4    37346    2809    2809   34537
         963    2.8e+05     37392 37534.4 37534.8    37346    2809    2809   34537
         964    2.8e+05     37392 37534.4 37535.9    37364    2809    2809   34555
         965    2.8e+05     37392 37534.4 37534.8    37368    2809    2809   34559
         966    2.8e+05     37392 37534.4   37536    37352    2809    2809   34543
         967    2.8e+05     37392 37534.4 37534.4    37361    2809    2809   34552
         968    2.8e+05     37392 37534.4   37536    37358    2809    2809   34549
         969    2.8e+05     37392 37534.4   37535    37373    2809    2809   34564
         970    2.8e+05     37392 37534.4   37536    37348    2809    2809   34539
         971    2.8e+05     37392 37534.4 37534.4    37350    2809    2809   34541
         972    2.8e+05     37392 37534.4   37536    37354    2809    2809   34545
         973    2.8e+05     37392 37534.4 37534.7    37371    2809    2809   34562
         974    2.8e+05     37392 37534.4 37535.9    37348    2809    2809   34539
         975    2.8e+05     37392 37534.4 37534.5    37360    2809    2809   34551
         976    2.8e+05     37392 37534.4   37536    37360    2809    2809   34551
         977    2.8e+05     37392 37534.4 37534.4    37360    2809    2809   34551
         978    2.8e+05     37392 37534.4 37536.1    37355    2809    2809   34546
         979    2.8e+05     37392 37534.3 37534.3    37359    2809    2809   34550
         980    2.8e+05     37392 37534.3 37536.2    37363    2809    2809   34554
         981    2.8e+05     37392 37534.3 37534.4    37367    2809    2809   34558
         982    2.8e+05     37392 37534.3 37535.6    37367    2809    2809   34558
         983    2.8e+05     37392 37534.3 37534.3    37352    2809    2809   34543
         984    2.8e+05     37392 37534.3 37535.6    37355    2809    2809   34546
         985    2.8e+05     37392 37534.2 37534.2    37364    2809    2809   34555
         986    2.8e+05     37392 37534.2   37536    37356    2809    2809   34547
         987    2.8e+05     37392 37534.2 37534.4    37366    2809    2809   34557
         988    2.8e+05     37392 37534.2 37535.7    37361    2809    2809   34552
         989    2.8e+05     37392 37534.2 37534.2    37370    2809    2809   34561
         990    2.8e+05     37392 37534.2 37535.7    37355    2809    2809   34546
         991    2.8e+05     37392 37534.2 37534.3    37363    2809    2809   34554
         992    2.8e+05     37392 37534.2 37535.9    37373    2809    2809   34564
         993    2.8e+05     37392 37534.2 37534.4    37360    2809    2809   34551
         994    2.8e+05     37392 37534.2 37535.5    37368    2809    2809   34559
         995    2.8e+05     37392 37534.2 37534.7    37360    2809    2809   34551
         996    2.8e+05     37392 37534.2 37535.6    37362    2809    2809   34553
         997    2.8e+05     37392 37534.2 37534.6    37373    2809    2809   34564
         998    2.8e+05     37392 37534.2 37535.7    37361    2809    2809   34552
         999    2.8e+05     37392 37534.2 37534.8    37351    2809    2809   34542
        1000    2.8e+05     37392 37534.2 37535.9    37370    2809    2809   34561
Total time used by klau is 1118.71
true_align (18772) and est_align (2809) DO NOT have the same number of elements.
method klau has a score of 8.41%
method klau used 1118.715 seconds.
maximum values in init align row is:  18771
maximum values in init align col is:  18760
 best   iter   pr-delta       obj  weight    card overlap
    *      1    3.6e-01   30515.5    2833    2833   29099
    *      2    1.5e-01   30735.5    2833    2833   29319
           3    7.1e-02   30710.5    2833    2833   29294
           4    3.4e-02   30662.5    2833    2833   29246
           5    1.7e-02   30580.5    2833    2833   29164
           6    8.6e-03   30587.5    2833    2833   29171
           7    4.6e-03   30467.5    2833    2833   29051
           8    2.5e-03   30420.5    2833    2833   29004
           9    1.4e-03   30421.5    2833    2833   29005
          10    7.8e-04   30417.5    2833    2833   29001
          11    4.5e-04   30418.5    2833    2833   29002
          12    2.6e-04   30417.5    2833    2833   29001
          13    1.6e-04   30422.5    2833    2833   29006
          14    9.4e-05   30421.5    2833    2833   29005
          15    5.7e-05   30422.5    2833    2833   29006
          16    3.5e-05   30421.5    2833    2833   29005
          17    2.2e-05   30421.5    2833    2833   29005
          18    1.3e-05   30421.5    2833    2833   29005
          19    8.5e-06   30421.5    2833    2833   29005
          20    5.4e-06   30421.5    2833    2833   29005
          21    3.4e-06   30421.5    2833    2833   29005
          22    2.2e-06   30421.5    2833    2833   29005
          23    1.4e-06   30421.5    2833    2833   29005
          24    9.0e-07   30421.5    2833    2833   29005
          25    5.8e-07   30421.5    2833    2833   29005
          26    3.8e-07   30421.5    2833    2833   29005
          27    2.5e-07   30421.5    2833    2833   29005
          28    1.6e-07   30421.5    2833    2833   29005
          29    1.0e-07   30421.5    2833    2833   29005
          30    6.8e-08   30421.5    2833    2833   29005
          31    4.5e-08   30421.5    2833    2833   29005
          32    2.9e-08   30421.5    2833    2833   29005
          33    1.9e-08   30421.5    2833    2833   29005
          34    1.3e-08   30421.5    2833    2833   29005
          35    8.3e-09   30421.5    2833    2833   29005
          36    5.5e-09   30421.5    2833    2833   29005
          37    3.6e-09   30421.5    2833    2833   29005
          38    2.4e-09   30421.5    2833    2833   29005
          39    1.6e-09   30421.5    2833    2833   29005
          40    1.0e-09   30421.5    2833    2833   29005
          41    6.9e-10   30421.5    2833    2833   29005
          42    4.5e-10   30421.5    2833    2833   29005
          43    3.0e-10   30421.5    2833    2833   29005
          44    2.0e-10   30421.5    2833    2833   29005
          45    1.3e-10   30421.5    2833    2833   29005
          46    8.7e-11   30421.5    2833    2833   29005
          47    5.8e-11   30421.5    2833    2833   29005
          48    3.8e-11   30421.5    2833    2833   29005
          49    2.5e-11   30421.5    2833    2833   29005
          50    1.7e-11   30421.5    2833    2833   29005
          51    1.1e-11   30421.5    2833    2833   29005
          52    7.4e-12   30421.5    2833    2833   29005
          53    4.9e-12   30421.5    2833    2833   29005
          54    3.3e-12   30421.5    2833    2833   29005
          55    2.2e-12   30421.5    2833    2833   29005
          56    1.4e-12   30421.5    2833    2833   29005
          57    9.6e-13   30421.5    2833    2833   29005
Total time used by isorank is 13.59
true_align (18772) and est_align (2837) DO NOT have the same number of elements.
method isorank has a score of 1.13%
method isorank used 13.586 seconds.
experiment results:
     method      score         time
0     final  16.039847  4332.613518
1  netalign   8.411464    63.502286
2      klau   8.406137  1118.714656
3   isorank   1.134669    13.586412
