num_init for this graph is 14
Generating initial alignment matrix using degree ...
mode is  degree
number of noisy edges are:  14
Average number of initial alignments for each node is 28
maximum values in init align row is:  18771
maximum values in init align col is:  18771
best   iter    obj_ma wght_ma card_ma over_ma    obj_mb wght_mb card_mb over_mb
  *a      1     34373    2848    2848   31525     34373    2848    2848   31525
          2     16622    2174    2174   14448     18217    2254    2254   15963
          3     22466    2652    2652   19814     18071    1844    1844   16227
          4      7405    2192    2192    5213      6656    1651    1651    5005
          5     28670    2787    2787   25883     28636    2718    2718   25918
  *b      6     36902    2835    2835   34067     36943    2762    2762   34181
  *a      7     36992    2753    2753   34239     36673    2658    2658   34015
          8     25032    2587    2587   22445     25084    2183    2183   22901
          9     31957    2612    2612   29345     27378    2001    2001   25377
         10     30520    2684    2684   27836     29640    2547    2547   27093
         11     35002    2783    2783   32219     34950    2694    2694   32256
  *a     12     38565    2815    2815   35750     38432    2668    2668   35764
         13     38087    2799    2799   35288     37054    2589    2589   34465
         14     38138    2763    2763   35375     36893    2555    2555   34338
         15     38134    2774    2774   35360     36722    2559    2559   34163
         16     38465    2793    2793   35672     37276    2610    2610   34666
  *a     17     38779    2815    2815   35964     38539    2724    2724   35815
  *a     18     38804    2817    2817   35987     38400    2719    2719   35681
  *a     19     38862    2816    2816   36046     38415    2704    2704   35711
         20     38618    2793    2793   35825     38114    2669    2669   35445
         21     38824    2799    2799   36025     38187    2703    2703   35484
         22     38806    2803    2803   36003     38551    2724    2724   35827
  *a     23     38884    2807    2807   36077     38666    2728    2728   35938
  *a     24     38935    2813    2813   36122     38737    2741    2741   35996
         25     38932    2815    2815   36117     38719    2737    2737   35982
         26     38897    2812    2812   36085     38647    2725    2725   35922
         27     38932    2813    2813   36119     38816    2756    2756   36060
         28     38917    2808    2808   36109     38832    2764    2764   36068
  *a     29     38985    2819    2819   36166     38847    2773    2773   36074
  *a     30     38988    2817    2817   36171     38794    2761    2761   36033
         31     38971    2810    2810   36161     38795    2765    2765   36030
         32     38947    2802    2802   36145     38869    2761    2761   36108
         33     38942    2801    2801   36141     38856    2762    2762   36094
         34     38982    2807    2807   36175     38898    2772    2772   36126
  *a     35     38993    2813    2813   36180     38902    2771    2771   36131
         36     38972    2809    2809   36163     38885    2770    2770   36115
  *a     37     38994    2811    2811   36183     38903    2779    2779   36124
         38     38991    2813    2813   36178     38892    2781    2781   36111
  *a     39     38995    2813    2813   36182     38933    2788    2788   36145
         40     38971    2815    2815   36156     38964    2795    2795   36169
         41     38980    2816    2816   36164     38962    2795    2795   36167
         42     38993    2819    2819   36174     38935    2786    2786   36149
  *a     43     38996    2817    2817   36179     38909    2780    2780   36129
         44     38983    2812    2812   36171     38946    2781    2781   36165
         45     38994    2815    2815   36179     38916    2782    2782   36134
  *a     46     39000    2813    2813   36187     38850    2789    2789   36061
  *a     47     39013    2816    2816   36197     38932    2791    2791   36141
         48     39013    2815    2815   36198     38944    2793    2793   36151
         49     39006    2814    2814   36192     38948    2792    2792   36156
         50     39004    2814    2814   36190     38951    2789    2789   36162
  *a     51     39025    2818    2818   36207     38938    2795    2795   36143
         52     39019    2818    2818   36201     38954    2800    2800   36154
         53     39020    2818    2818   36202     38964    2798    2798   36166
         54     39000    2820    2820   36180     38881    2801    2801   36080
         55     39010    2820    2820   36190     38837    2797    2797   36040
         56     39008    2820    2820   36188     38767    2788    2788   35979
         57     39013    2820    2820   36193     38776    2782    2782   35994
         58     38995    2820    2820   36175     38739    2785    2785   35954
         59     39010    2820    2820   36190     38673    2784    2784   35889
         60     39021    2820    2820   36201     38695    2788    2788   35907
  *a     61     39030    2820    2820   36210     38655    2788    2788   35867
         62     39007    2817    2817   36190     38682    2788    2788   35894
         63     39009    2817    2817   36192     38719    2784    2784   35935
         64     39003    2816    2816   36187     38822    2786    2786   36036
         65     38993    2815    2815   36178     38809    2783    2783   36026
         66     38992    2815    2815   36177     38861    2785    2785   36076
         67     38988    2818    2818   36170     38811    2790    2790   36021
         68     39005    2818    2818   36187     38781    2796    2796   35985
         69     39013    2819    2819   36194     38662    2795    2795   35867
  *a     70     39035    2820    2820   36215     38745    2796    2796   35949
         71     39022    2820    2820   36202     38714    2794    2794   35920
         72     39019    2820    2820   36199     38729    2792    2792   35937
         73     39015    2820    2820   36195     38651    2784    2784   35867
         74     39009    2820    2820   36189     38642    2786    2786   35856
         75     39013    2820    2820   36193     38674    2788    2788   35886
         76     39007    2819    2819   36188     38806    2794    2794   36012
         77     39018    2818    2818   36200     38801    2795    2795   36006
         78     39026    2818    2818   36208     38798    2799    2799   35999
         79     39015    2816    2816   36199     38731    2794    2794   35937
         80     39023    2818    2818   36205     38692    2791    2791   35901
         81     39014    2818    2818   36196     38684    2787    2787   35897
         82     39020    2818    2818   36202     38646    2783    2783   35863
         83     39020    2818    2818   36202     38763    2787    2787   35976
         84     39014    2820    2820   36194     38807    2793    2793   36014
         85     39013    2820    2820   36193     38893    2799    2799   36094
         86     39015    2820    2820   36195     38907    2803    2803   36104
         87     39009    2820    2820   36189     38903    2807    2807   36096
         88     39032    2819    2819   36213     38929    2809    2809   36120
         89     39034    2819    2819   36215     38900    2807    2807   36093
  *a     90     39037    2820    2820   36217     38940    2805    2805   36135
         91     39033    2820    2820   36213     38968    2806    2806   36162
         92     39013    2820    2820   36193     38963    2804    2804   36159
         93     39011    2820    2820   36191     38952    2804    2804   36148
         94     39005    2818    2818   36187     38954    2805    2805   36149
         95     39017    2819    2819   36198     39001    2809    2809   36192
         96     39013    2819    2819   36194     39001    2809    2809   36192
         97     39015    2819    2819   36196     39007    2809    2809   36198
         98     39013    2818    2818   36195     39004    2808    2808   36196
         99     39010    2816    2816   36194     38997    2806    2806   36191
        100     39011    2816    2816   36195     38992    2805    2805   36187
Total time used by netalign is 108.73
true_align (18772) and est_align (2820) DO NOT have the same number of elements.
method netalign has a score of 8.46%
method netalign used 108.730 seconds.
maximum values in init align row is:  18771
maximum values in init align col is:  18771
 best   iter     norm-u     lower   upper     cur      obj  weight    card overlap
    *      1    0.0e+00     36388   43723   43723    36388    2847    2847   33541
           2    2.4e+04     36388   43723 48019.2    32117    2848    2848   29269
           3    3.3e+04     36388   43723 45746.2    31087    2848    2848   28239
           4    4.5e+04     36388   43723   47250    31265    2848    2848   28417
           5    5.1e+04     36388   43723 45675.4    29132    2845    2845   26287
           6    6.1e+04     36388   43723 46727.8    28382    2847    2847   25535
           7    6.7e+04     36388   43723 45658.2    27740    2845    2845   24895
           8    7.5e+04     36388   43723 46308.3    27286    2848    2848   24438
           9    8.1e+04     36388   43723 45560.7    26706    2849    2849   23857
          10    8.8e+04     36388   43723 46004.7    26928    2847    2847   24081
          11    9.3e+04     36388   43723 45451.5    26045    2843    2843   23202
          12    1.0e+05     36388   43723 45825.4    26856    2849    2849   24007
          13    1.1e+05     36388   43723 45364.6    26982    2844    2844   24138
          14    1.1e+05     36388   43723 45608.2    25780    2844    2844   22936
          15    1.2e+05     36388   43723   45263    26018    2848    2848   23170
          16    1.2e+05     36388   43723 45488.9    26138    2846    2846   23292
          17    1.3e+05     36388   43723 45271.8    26505    2844    2844   23661
          18    1.3e+05     36388   43723 45390.2    26157    2845    2845   23312
          19    1.4e+05     36388   43723   45172    25727    2844    2844   22883
          20    1.4e+05     36388   43723 45305.4    25916    2845    2845   23071
          21    1.5e+05     36388   43723 45085.2    25738    2842    2842   22896
          22    1.5e+05     36388   43723 45299.6    25388    2846    2846   22542
          23    1.5e+05     36388   43723 45014.9    24919    2846    2846   22073
          24    1.6e+05     36388   43723 45218.5    25256    2845    2845   22411
          25    1.6e+05     36388   43723 44899.8    24654    2843    2843   21811
          26    1.7e+05     36388   43723 45059.4    24777    2846    2846   21931
               reducing step to 0.2
          27    1.7e+05     36388 43304.5 43304.5    27404    2846    2846   24558
          28    1.7e+05     36388 42511.7 42511.7    26492    2841    2841   23651
          29    1.7e+05     36388 42511.7 42520.5    25848    2842    2842   23006
          30    1.7e+05     36388   42283   42283    26117    2843    2843   23274
          31    1.8e+05     36388   42217   42217    26516    2839    2839   23677
          32    1.8e+05     36388 42081.7 42081.7    26827    2840    2840   23987
          33    1.8e+05     36388 42066.1 42066.1    26513    2840    2840   23673
          34    1.8e+05     36388 41987.3 41987.3    27877    2838    2838   25039
          35    1.8e+05     36388 41905.2 41905.2    27111    2839    2839   24272
          36    1.8e+05     36388 41861.9 41861.9    27529    2840    2840   24689
          37    1.9e+05     36388 41831.5 41831.5    28040    2839    2839   25201
          38    1.9e+05     36388   41810   41810    27899    2838    2838   25061
          39    1.9e+05     36388   41759   41759    27972    2838    2838   25134
          40    1.9e+05     36388 41753.2 41753.2    27583    2837    2837   24746
          41    1.9e+05     36388 41647.3 41647.3    28869    2843    2843   26026
          42    1.9e+05     36388 41647.3 41675.7    30788    2835    2835   27953
          43    1.9e+05     36388 41617.9 41617.9    29164    2836    2836   26328
          44    1.9e+05     36388 41617.9 41665.7    29232    2835    2835   26397
          45    2.0e+05     36388 41617.9 41639.8    30067    2835    2835   27232
          46    2.0e+05     36388 41523.4 41523.4    29788    2837    2837   26951
          47    2.0e+05     36388   41470   41470    30364    2837    2837   27527
          48    2.0e+05     36388   41470 41507.9    29144    2836    2836   26308
          49    2.0e+05     36388   41470 41578.1    28872    2836    2836   26036
          50    2.0e+05     36388 41450.1 41450.1    29578    2835    2835   26743
          51    2.0e+05     36388 41450.1 41513.5    28542    2838    2838   25704
          52    2.0e+05     36388 41427.4 41427.4    28391    2838    2838   25553
          53    2.1e+05     36388 41427.4 41479.6    30247    2837    2837   27410
          54    2.1e+05     36388 41427.4 41434.6    30509    2835    2835   27674
          55    2.1e+05     36388 41393.6 41393.6    30101    2835    2835   27266
          56    2.1e+05     36388 41384.2 41384.2    30957    2833    2833   28124
          57    2.1e+05     36388 41384.2 41387.6    31741    2835    2835   28906
          58    2.1e+05     36388 41271.3 41271.3    31714    2834    2834   28880
          59    2.1e+05     36388 41271.3 41284.7    31093    2836    2836   28257
          60    2.1e+05     36388 41271.3 41364.8    30304    2833    2833   27471
          61    2.1e+05     36388 41271.3 41319.1    31223    2834    2834   28389
          62    2.1e+05     36388 41254.2 41254.2    31352    2832    2832   28520
          63    2.1e+05     36388 41254.2   41355    30573    2837    2837   27736
          64    2.2e+05     36388 41189.5 41189.5    31141    2833    2833   28308
          65    2.2e+05     36388 41189.5 41350.2    30780    2835    2835   27945
          66    2.2e+05     36388 41167.9 41167.9    31885    2829    2829   29056
          67    2.2e+05     36388 41167.9 41212.5    32198    2835    2835   29363
          68    2.2e+05     36388 41167.9 41207.5    31639    2833    2833   28806
          69    2.2e+05     36388 41167.9 41259.6    32137    2835    2835   29302
          70    2.2e+05     36388 41167.9 41278.4    32631    2830    2830   29801
          71    2.2e+05     36388 41167.9 41210.9    32857    2834    2834   30023
          72    2.2e+05     36388 41167.9 41187.2    31251    2831    2831   28420
          73    2.2e+05     36388 41167.9 41237.4    31674    2835    2835   28839
          74    2.2e+05     36388 41134.2 41134.2    31793    2832    2832   28961
          75    2.3e+05     36388 41134.2 41181.6    32691    2830    2830   29861
          76    2.3e+05     36388 41134.2 41138.6    33854    2832    2832   31022
          77    2.3e+05     36388 41134.2 41134.6    32612    2832    2832   29780
          78    2.3e+05     36388 41134.2 41160.2    32686    2833    2833   29853
          79    2.3e+05     36388 41134.2 41146.1    32701    2832    2832   29869
          80    2.3e+05     36388 41072.2 41072.2    31728    2834    2834   28894
          81    2.3e+05     36388 41072.2 41186.6    31871    2831    2831   29040
          82    2.3e+05     36388 41057.8 41057.8    32613    2833    2833   29780
          83    2.3e+05     36388 41057.8 41120.9    32431    2832    2832   29599
          84    2.3e+05     36388 40977.2 40977.2    31961    2830    2830   29131
          85    2.3e+05     36388 40977.2 41117.7    31383    2835    2835   28548
          86    2.3e+05     36388 40977.2 41033.5    31894    2829    2829   29065
          87    2.3e+05     36388 40977.2 41057.1    32505    2834    2834   29671
          88    2.4e+05     36388 40977.2 41053.1    33260    2833    2833   30427
          89    2.4e+05     36388 40977.2 41094.2    33075    2832    2832   30243
          90    2.4e+05     36388 40977.2   41089    31554    2830    2830   28724
          91    2.4e+05     36388 40977.2 40988.7    32141    2831    2831   29310
          92    2.4e+05     36388 40977.2 41066.2    32468    2829    2829   29639
          93    2.4e+05     36388 40912.6 40912.6    32712    2833    2833   29879
          94    2.4e+05     36388 40912.6 41049.4    34042    2832    2832   31210
          95    2.4e+05     36388 40912.6 40955.7    34025    2832    2832   31193
          96    2.4e+05     36388 40912.6 41011.6    34472    2832    2832   31640
          97    2.4e+05     36388 40912.6 40925.4    32686    2833    2833   29853
          98    2.4e+05     36388 40912.6 41152.9    32138    2831    2831   29307
          99    2.4e+05     36388 40912.6 40947.1    31995    2828    2828   29167
         100    2.4e+05     36388 40912.6 41079.9    31384    2834    2834   28550
         101    2.4e+05     36388 40912.6 40935.5    32020    2833    2833   29187
         102    2.4e+05     36388 40912.6 41106.8    33163    2835    2835   30328
         103    2.4e+05     36388 40862.6 40862.6    32620    2832    2832   29788
         104    2.5e+05     36388 40862.6 41095.5    34041    2830    2830   31211
         105    2.5e+05     36388 40825.5 40825.5    33977    2830    2830   31147
         106    2.5e+05     36388 40825.5 41068.6    33981    2831    2831   31150
         107    2.5e+05     36388 40811.5 40811.5    34167    2827    2827   31340
         108    2.5e+05     36388 40811.5 41025.8    34976    2827    2827   32149
         109    2.5e+05     36388 40776.1 40776.1    33827    2830    2830   30997
         110    2.5e+05     36388 40776.1 41099.1    32621    2829    2829   29792
         111    2.5e+05     36388 40776.1 40850.5    32345    2832    2832   29513
         112    2.5e+05     36388 40776.1 41056.2    31426    2832    2832   28594
         113    2.5e+05     36388 40776.1 40883.6    31273    2833    2833   28440
         114    2.5e+05     36388 40776.1 40916.5    31254    2833    2833   28421
         115    2.5e+05     36388 40776.1 40884.9    33383    2832    2832   30551
         116    2.5e+05     36388 40776.1 40997.9    34028    2828    2828   31200
         117    2.5e+05     36388 40776.1 40811.1    34594    2830    2830   31764
         118    2.5e+05     36388 40776.1 40882.7    35263    2828    2828   32435
         119    2.5e+05     36388 40776.1 40792.4    34906    2828    2828   32078
         120    2.5e+05     36388 40776.1 40958.7    33844    2829    2829   31015
         121    2.6e+05     36388 40776.1 40786.5    34180    2833    2833   31347
         122    2.6e+05     36388 40776.1 40903.6    34022    2826    2826   31196
         123    2.6e+05     36388 40776.1   40862    32640    2829    2829   29811
         124    2.6e+05     36388 40776.1 40934.1    32310    2832    2832   29478
         125    2.6e+05     36388 40776.1 40849.3    33034    2832    2832   30202
         126    2.6e+05     36388 40776.1 40847.4    32883    2828    2828   30055
         127    2.6e+05     36388 40776.1 40854.4    31589    2831    2831   28758
         128    2.6e+05     36388 40776.1 40983.6    32654    2832    2832   29822
         129    2.6e+05     36388 40776.1 40803.7    33171    2826    2826   30345
         130    2.6e+05     36388 40776.1 40895.5    34898    2831    2831   32067
         131    2.6e+05     36388 40752.5 40752.5    34285    2828    2828   31457
         132    2.6e+05     36388 40752.5 40839.9    34298    2832    2832   31466
         133    2.6e+05     36388 40752.5 40831.6    35001    2826    2826   32175
         134    2.6e+05     36388 40752.5 40860.7    35841    2828    2828   33013
         135    2.6e+05     36388 40752.5 40764.2    35814    2827    2827   32987
         136    2.6e+05     36388 40752.5 40824.5    36054    2827    2827   33227
         137    2.6e+05     36388 40752.5 40830.8    36044    2826    2826   33218
         138    2.6e+05     36388 40752.5 40789.4    35916    2828    2828   33088
         139    2.6e+05     36388 40752.5 40803.7    35571    2827    2827   32744
         140    2.6e+05     36388 40752.5 40820.3    34540    2829    2829   31711
         141    2.6e+05     36388 40752.5 40863.7    34858    2826    2826   32032
         142    2.7e+05     36388 40752.5 40815.7    34579    2831    2831   31748
         143    2.7e+05     36388 40729.5 40729.5    34237    2827    2827   31410
         144    2.7e+05     36388 40729.5 40850.9    33853    2829    2829   31024
         145    2.7e+05     36388 40729.5 40899.1    32899    2829    2829   30070
         146    2.7e+05     36388 40729.5 40836.3    34343    2828    2828   31515
         147    2.7e+05     36388 40729.5 40771.2    34456    2829    2829   31627
         148    2.7e+05     36388 40729.5 40775.9    35394    2829    2829   32565
         149    2.7e+05     36388 40729.5 40729.8    34956    2829    2829   32127
         150    2.7e+05     36388 40729.5 40836.3    34099    2828    2828   31271
         151    2.7e+05     36388 40729.5 40734.2    34560    2826    2826   31734
         152    2.7e+05     36388 40729.5 40800.3    34717    2828    2828   31889
         153    2.7e+05     36388 40729.5 40824.1    35591    2830    2830   32761
         154    2.7e+05     36388 40699.4 40699.4    35501    2830    2830   32671
         155    2.7e+05     36388 40699.4   40758    34660    2827    2827   31833
         156    2.7e+05     36388 40699.4   40819    34466    2831    2831   31635
         157    2.7e+05     36388 40699.4 40748.8    34034    2829    2829   31205
         158    2.7e+05     36388 40699.4   40838    34216    2830    2830   31386
         159    2.7e+05     36388 40699.4 40807.3    33727    2831    2831   30896
         160    2.7e+05     36388 40699.4   40828    34606    2832    2832   31774
         161    2.7e+05     36388 40699.4 40723.5    34175    2824    2824   31351
         162    2.7e+05     36388 40699.4 40754.6    34740    2830    2830   31910
         163    2.7e+05     36388 40699.4 40810.1    35763    2829    2829   32934
    *    164    2.7e+05     36498 40699.4 40779.4    36498    2825    2825   33673
    *    165    2.7e+05     36862 40699.4 40703.8    36862    2825    2825   34037
         166    2.7e+05     36862 40699.4 40774.8    36467    2826    2826   33641
         167    2.7e+05     36862 40699.4 40764.4    36161    2826    2826   33335
         168    2.8e+05     36862 40699.4 40761.6    34858    2827    2827   32031
         169    2.8e+05     36862 40699.4 40762.2    34805    2830    2830   31975
         170    2.8e+05     36862 40699.4 40789.7    35518    2829    2829   32689
         171    2.8e+05     36862 40699.4 40720.4    36074    2829    2829   33245
         172    2.8e+05     36862 40699.4 40761.5    34687    2829    2829   31858
         173    2.8e+05     36862 40699.4 40817.5    33543    2832    2832   30711
         174    2.8e+05     36862 40699.4 40811.4    34000    2829    2829   31171
         175    2.8e+05     36862 40699.4 40738.1    35130    2833    2833   32297
         176    2.8e+05     36862 40699.4 40769.9    35627    2832    2832   32795
         177    2.8e+05     36862 40654.3 40654.3    35146    2829    2829   32317
         178    2.8e+05     36862 40654.3 40715.8    35651    2830    2830   32821
         179    2.8e+05     36862 40654.3 40716.9    35052    2828    2828   32224
         180    2.8e+05     36862 40654.3 40842.3    34199    2827    2827   31372
         181    2.8e+05     36862 40654.3 40694.5    35351    2831    2831   32520
         182    2.8e+05     36862 40654.3 40735.7    35629    2828    2828   32801
         183    2.8e+05     36862 40654.3 40717.2    36563    2826    2826   33737
         184    2.8e+05     36862 40654.3 40825.5    36459    2825    2825   33634
         185    2.8e+05     36862 40627.5 40627.5    36317    2825    2825   33492
         186    2.8e+05     36862 40627.5 40738.7    36837    2826    2826   34011
    *    187    2.8e+05     37064 40627.5   40666    37064    2825    2825   34239
    *    188    2.8e+05     37570 40627.5 40784.6    37570    2825    2825   34745
         189    2.8e+05     37570 40627.5 40692.9    37458    2825    2825   34633
    *    190    2.8e+05     37664 40627.5 40837.1    37664    2825    2825   34839
         191    2.8e+05     37664 40627.5 40633.4    37441    2825    2825   34616
         192    2.8e+05     37664 40627.5 40770.6    37354    2824    2824   34530
         193    2.8e+05     37664 40627.5 40676.3    37398    2828    2828   34570
         194    2.8e+05     37664 40627.5 40783.3    37377    2825    2825   34552
    *    195    2.8e+05     37840 40627.5 40632.9    37840    2824    2824   35016
         196    2.8e+05     37840 40627.5 40789.1    37713    2824    2824   34889
         197    2.8e+05     37840 40627.5 40655.5    37278    2825    2825   34453
         198    2.8e+05     37840 40627.5 40814.8    36929    2824    2824   34105
         199    2.8e+05     37840 40627.5 40733.9    36555    2828    2828   33727
         200    2.8e+05     37840 40627.5 40829.4    36417    2825    2825   33592
         201    2.8e+05     37840 40627.5 40702.2    35654    2827    2827   32827
         202    2.8e+05     37840 40627.5 40801.4    35399    2831    2831   32568
         203    2.8e+05     37840 40627.5 40672.1    36333    2829    2829   33504
         204    2.8e+05     37840 40627.5 40763.4    35523    2828    2828   32695
         205    2.8e+05     37840 40627.5 40651.5    35043    2826    2826   32217
         206    2.9e+05     37840 40627.5   40684    34933    2827    2827   32106
         207    2.9e+05     37840 40627.5 40693.8    34461    2829    2829   31632
         208    2.9e+05     37840 40627.5 40691.1    34785    2830    2830   31955
         209    2.9e+05     37840 40627.5 40732.7    34376    2830    2830   31546
         210    2.9e+05     37840 40627.5   40687    35103    2828    2828   32275
               reducing step to 0.1
         211    2.9e+05     37840 40158.2 40158.2    32208    2831    2831   29377
         212    2.9e+05     37840 39912.5 39912.5    34550    2827    2827   31723
         213    2.9e+05     37840   39889   39889    36558    2824    2824   33734
         214    2.9e+05     37840   39824   39824    37333    2825    2825   34508
         215    2.9e+05     37840   39824 39870.8    37388    2824    2824   34564
         216    2.9e+05     37840 39807.3 39807.3    36998    2823    2823   34175
         217    2.9e+05     37840 39807.3 39823.4    37783    2825    2825   34958
    *    218    2.9e+05     38425 39807.3 39818.1    38425    2822    2822   35603
         219    2.9e+05     38425 39807.3 39814.2    38189    2825    2825   35364
    *    220    2.9e+05     38539 39778.6 39778.6    38539    2822    2822   35717
         221    2.9e+05     38539 39778.6 39831.9    38308    2824    2824   35484
         222    2.9e+05     38539 39778.6 39811.6    38421    2822    2822   35599
    *    223    2.9e+05     38703 39778.6 39807.4    38703    2824    2824   35879
    *    224    2.9e+05     38765 39778.6   39790    38765    2822    2822   35943
         225    2.9e+05     38765 39778.6 39811.4    38751    2824    2824   35927
    *    226    2.9e+05     38807 39778.6 39785.7    38807    2822    2822   35985
         227    2.9e+05     38807 39778.6 39806.8    38691    2824    2824   35867
         228    2.9e+05     38807 39778.6   39794    38726    2822    2822   35904
         229    2.9e+05     38807 39778.6 39803.4    38747    2823    2823   35924
         230    2.9e+05     38807 39778.6 39792.6    38487    2823    2823   35664
         231    2.9e+05     38807 39778.6 39809.7    38634    2824    2824   35810
         232    2.9e+05     38807 39778.6 39798.3    38764    2821    2821   35943
         233    2.9e+05     38807 39778.6 39811.6    38467    2824    2824   35643
         234    2.9e+05     38807 39778.6 39781.3    38750    2823    2823   35927
         235    2.9e+05     38807 39778.6 39802.4    38593    2824    2824   35769
         236    2.9e+05     38807 39778.6 39782.3    38672    2822    2822   35850
         237    2.9e+05     38807 39778.6 39805.7    38773    2824    2824   35949
         238    2.9e+05     38807 39778.6   39783    38755    2822    2822   35933
         239    2.9e+05     38807 39778.6 39794.5    38748    2825    2825   35923
    *    240    2.9e+05     38819 39778.6 39786.7    38819    2823    2823   35996
    *    241    2.9e+05     38828 39778.6 39799.1    38828    2824    2824   36004
    *    242    2.9e+05     38844 39775.6 39775.6    38844    2822    2822   36022
         243    2.9e+05     38844 39775.6   39797    38821    2823    2823   35998
         244    2.9e+05     38844 39773.9 39773.9    38815    2822    2822   35993
         245    2.9e+05     38844 39773.9 39807.7    38832    2823    2823   36009
         246    2.9e+05     38844 39768.9 39768.9    38543    2822    2822   35721
         247    2.9e+05     38844 39768.9 39794.2    38790    2823    2823   35967
         248    2.9e+05     38844 39768.9 39771.6    38803    2822    2822   35981
         249    2.9e+05     38844 39768.9 39796.8    38779    2823    2823   35956
         250    2.9e+05     38844 39768.9 39775.9    38841    2822    2822   36019
         251    2.9e+05     38844 39768.9 39794.6    38820    2824    2824   35996
    *    252    2.9e+05     38850 39767.8 39767.8    38850    2822    2822   36028
         253    2.9e+05     38850 39767.8 39793.1    38832    2824    2824   36008
         254    2.9e+05     38850 39767.8 39772.2    38780    2822    2822   35958
         255    2.9e+05     38850 39767.8 39793.4    38822    2824    2824   35998
         256    2.9e+05     38850 39767.8 39768.8    38846    2822    2822   36024
         257    2.9e+05     38850 39767.8 39793.7    38822    2824    2824   35998
    *    258    2.9e+05     38870 39767.8 39771.1    38870    2822    2822   36048
         259    2.9e+05     38870 39767.8 39786.8    38844    2823    2823   36021
    *    260    2.9e+05     38888 39767.8   39774    38888    2822    2822   36066
         261    2.9e+05     38888 39767.8 39785.8    38821    2824    2824   35997
         262    2.9e+05     38888 39760.2 39760.2    38350    2822    2822   35528
         263    2.9e+05     38888 39760.2 39789.3    38793    2823    2823   35970
         264    2.9e+05     38888 39760.2 39764.8    38755    2822    2822   35933
         265    2.9e+05     38888 39760.2 39786.6    38818    2824    2824   35994
         266    2.9e+05     38888 39760.2 39764.2    38876    2822    2822   36054
         267    2.9e+05     38888 39760.2 39785.6    38843    2824    2824   36019
         268    2.9e+05     38888 39758.2 39758.2    38783    2822    2822   35961
         269    2.9e+05     38888 39758.2 39783.8    38739    2824    2824   35915
         270    2.9e+05     38888 39758.2 39762.2    38843    2822    2822   36021
         271    2.9e+05     38888 39758.2 39787.3    38807    2824    2824   35983
         272    2.9e+05     38888 39758.2 39766.1    38851    2823    2823   36028
         273    2.9e+05     38888 39758.2 39782.7    38855    2823    2823   36032
         274    2.9e+05     38888 39758.2 39762.4    38703    2822    2822   35881
         275    2.9e+05     38888 39758.2 39788.3    38839    2823    2823   36016
         276    2.9e+05     38888 39758.2 39763.7    38645    2822    2822   35823
         277    2.9e+05     38888 39758.2 39784.9    38559    2824    2824   35735
         278    2.9e+05     38888 39758.2 39775.3    38643    2823    2823   35820
         279    2.9e+05     38888 39758.2 39777.1    38779    2823    2823   35956
         280    2.9e+05     38888 39758.2 39768.1    38843    2822    2822   36021
         281    2.9e+05     38888 39758.2 39784.4    38842    2823    2823   36019
         282    2.9e+05     38888 39758.2 39764.8    38841    2822    2822   36019
         283    2.9e+05     38888 39758.2 39774.3    38868    2824    2824   36044
         284    2.9e+05     38888 39758.2 39762.5    38874    2822    2822   36052
         285    2.9e+05     38888 39758.2 39780.4    38675    2823    2823   35852
         286    2.9e+05     38888 39756.9 39756.9    38874    2822    2822   36052
         287    2.9e+05     38888 39756.9 39777.4    38831    2824    2824   36007
         288    2.9e+05     38888 39756.9 39757.4    38827    2822    2822   36005
         289    2.9e+05     38888 39756.9 39781.6    38792    2824    2824   35968
    *    290    2.9e+05     38903 39756.9 39757.7    38903    2822    2822   36081
         291    2.9e+05     38903 39756.9 39781.8    38871    2823    2823   36048
         292    2.9e+05     38903 39756.9 39763.6    38853    2822    2822   36031
         293    2.9e+05     38903 39756.9 39770.8    38880    2823    2823   36057
         294    2.9e+05     38903 39756.9   39770    38889    2822    2822   36067
         295    2.9e+05     38903 39756.9 39773.3    38841    2823    2823   36018
         296    2.9e+05     38903 39756.9 39760.2    38898    2822    2822   36076
         297    2.9e+05     38903 39756.9 39779.3    38869    2823    2823   36046
         298    2.9e+05     38903 39756.9 39760.9    38879    2822    2822   36057
         299    2.9e+05     38903 39756.9 39773.7    38902    2823    2823   36079
    *    300    2.9e+05     38911 39756.9 39761.4    38911    2822    2822   36089
         301    2.9e+05     38911 39756.9 39771.5    38894    2823    2823   36071
         302    2.9e+05     38911 39756.9 39763.1    38891    2822    2822   36069
         303    2.9e+05     38911 39756.9 39773.7    38830    2823    2823   36007
         304    2.9e+05     38911 39756.9 39761.8    38886    2822    2822   36064
         305    2.9e+05     38911 39756.9 39767.6    38834    2823    2823   36011
         306    2.9e+05     38911 39756.9 39762.5    38865    2822    2822   36043
         307    2.9e+05     38911 39756.9 39772.1    38857    2823    2823   36034
         308    2.9e+05     38911 39756.9 39763.3    38823    2822    2822   36001
         309    2.9e+05     38911 39756.9   39776    38819    2823    2823   35996
         310    2.9e+05     38911 39756.9 39759.7    38893    2822    2822   36071
         311    2.9e+05     38911 39756.9 39779.2    38860    2823    2823   36037
               reducing step to 0.05
         312    2.9e+05     38911 39566.1 39566.1    38034    2825    2825   35209
         313    2.9e+05     38911 39468.2 39468.2    38306    2823    2823   35483
         314    2.9e+05     38911 39468.2 39492.7    38313    2825    2825   35488
         315    2.9e+05     38911 39468.2   39473    38364    2822    2822   35542
         316    2.9e+05     38911 39468.2 39482.9    38713    2823    2823   35890
         317    2.9e+05     38911 39462.9 39462.9    38730    2822    2822   35908
         318    2.9e+05     38911 39462.9 39474.8    38781    2824    2824   35957
         319    2.9e+05     38911 39462.9 39464.9    38533    2823    2823   35710
         320    2.9e+05     38911 39462.5 39462.5    38727    2824    2824   35903
         321    2.9e+05     38911 39457.8 39457.8    38884    2822    2822   36062
         322    2.9e+05     38911 39457.8 39468.8    38813    2823    2823   35990
         323    2.9e+05     38911 39455.7 39455.7    38890    2822    2822   36068
         324    2.9e+05     38911 39455.7 39458.9    38872    2824    2824   36048
    *    325    2.9e+05     38927 39455.7 39456.8    38927    2822    2822   36105
    *    326    2.9e+05     38962 39455.7 39458.3    38962    2823    2823   36139
         327    2.9e+05     38962 39454.7 39454.7    38927    2822    2822   36105
         328    2.9e+05     38962 39454.7 39461.4    38918    2823    2823   36095
         329    2.9e+05     38962 39454.7 39454.9    38950    2822    2822   36128
         330    2.9e+05     38962 39454.7 39456.5    38959    2823    2823   36136
         331    2.9e+05     38962 39454.7 39457.2    38953    2822    2822   36131
    *    332    2.9e+05     38982 39454.7 39455.4    38982    2823    2823   36159
         333    2.9e+05     38982   39453   39453    38970    2822    2822   36148
         334    2.9e+05     38982   39453 39456.8    38977    2824    2824   36153
         335    2.9e+05     38982 39450.1 39450.1    38959    2822    2822   36137
         336    2.9e+05     38982 39450.1   39451    38978    2823    2823   36155
         337    2.9e+05     38982 39450.1 39450.6    38934    2822    2822   36112
         338    2.9e+05     38982 39450.1 39450.9    38950    2823    2823   36127
    *    339    2.9e+05     38984 39450.1 39451.9    38984    2822    2822   36162
         340    2.9e+05     38984 39450.1 39450.3    38950    2823    2823   36127
    *    341    2.9e+05     38985 39450.1 39450.7    38985    2822    2822   36163
    *    342    2.9e+05     38990 39450.1   39454    38990    2823    2823   36167
         343    2.9e+05     38990 39450.1   39451    38984    2822    2822   36162
         344    2.9e+05     38990 39446.7 39446.7    38987    2824    2824   36163
         345    2.9e+05     38990 39446.7 39448.2    38972    2822    2822   36150
    *    346    2.9e+05     39007 39446.6 39446.6    39007    2823    2823   36184
         347    2.9e+05     39007 39446.6 39450.1    38973    2822    2822   36151
         348    2.9e+05     39007 39446.6 39447.2    38983    2823    2823   36160
         349    2.9e+05     39007 39446.6 39447.7    38973    2822    2822   36151
         350    2.9e+05     39007 39446.6 39446.9    38979    2823    2823   36156
         351    2.9e+05     39007 39446.6 39447.5    38949    2822    2822   36127
         352    2.9e+05     39007 39446.6 39447.2    38945    2823    2823   36122
         353    2.9e+05     39007 39445.8 39445.8    38981    2822    2822   36159
         354    2.9e+05     39007 39445.8 39447.1    38962    2823    2823   36139
         355    2.9e+05     39007 39445.8 39446.4    38977    2822    2822   36155
         356    2.9e+05     39007 39445.3 39445.3    38944    2823    2823   36121
         357    2.9e+05     39007 39445.3 39447.6    38949    2822    2822   36127
         358    2.9e+05     39007 39445.3 39445.4    38970    2823    2823   36147
         359    2.9e+05     39007 39445.3 39445.8    39006    2822    2822   36184
         360    2.9e+05     39007 39443.1 39443.1    38994    2824    2824   36170
         361    2.9e+05     39007 39443.1   39446    38980    2822    2822   36158
         362    2.9e+05     39007 39443.1 39443.1    38972    2823    2823   36149
         363    2.9e+05     39007 39443.1 39447.1    38897    2823    2823   36074
         364    2.9e+05     39007   39442   39442    38890    2823    2823   36067
         365    2.9e+05     39007   39442 39445.7    39002    2822    2822   36180
         366    2.9e+05     39007   39442   39444    38951    2823    2823   36128
         367    2.9e+05     39007   39442 39443.5    38988    2822    2822   36166
         368    2.9e+05     39007   39442 39442.4    38978    2823    2823   36155
         369    2.9e+05     39007   39442 39444.2    38972    2822    2822   36150
         370    2.9e+05     39007   39442 39444.6    38963    2823    2823   36140
         371    2.9e+05     39007   39442 39444.1    39000    2822    2822   36178
         372    2.9e+05     39007 39441.3 39441.3    38970    2823    2823   36147
    *    373    2.9e+05     39017 39441.3 39442.5    39017    2822    2822   36195
         374    2.9e+05     39017 39440.6 39440.6    38737    2823    2823   35914
         375    2.9e+05     39017 39440.6 39446.7    38969    2822    2822   36147
         376    2.9e+05     39017 39440.6 39441.2    38868    2823    2823   36045
         377    2.9e+05     39017 39440.6 39441.8    38992    2822    2822   36170
         378    2.9e+05     39017 39440.6 39443.9    38778    2823    2823   35955
         379    2.9e+05     39017 39440.6 39447.9    38999    2822    2822   36177
         380    2.9e+05     39017 39438.3 39438.3    38975    2823    2823   36152
         381    2.9e+05     39017 39438.3 39447.3    39009    2822    2822   36187
         382    2.9e+05     39017 39438.3 39439.2    38969    2823    2823   36146
         383    2.9e+05     39017 39438.3   39448    38998    2822    2822   36176
         384    2.9e+05     39017 39438.3 39440.9    38963    2824    2824   36139
         385    2.9e+05     39017 39438.3 39442.5    38987    2822    2822   36165
         386    2.9e+05     39017 39438.3 39441.4    38895    2824    2824   36071
         387    2.9e+05     39017 39438.3 39443.8    38987    2822    2822   36165
         388    2.9e+05     39017 39438.3 39439.3    38932    2823    2823   36109
         389    2.9e+05     39017 39438.3 39449.8    38981    2822    2822   36159
         390    2.9e+05     39017 39438.3 39439.7    38905    2823    2823   36082
         391    2.9e+05     39017 39438.3 39444.2    39011    2822    2822   36189
         392    2.9e+05     39017 39437.1 39437.1    38941    2823    2823   36118
         393    2.9e+05     39017 39437.1 39451.4    39012    2822    2822   36190
         394    2.9e+05     39017 39437.1 39438.4    38964    2823    2823   36141
         395    2.9e+05     39017 39437.1 39442.5    38861    2822    2822   36039
         396    2.9e+05     39017   39437   39437    38870    2823    2823   36047
         397    2.9e+05     39017 39435.8 39435.8    38996    2822    2822   36174
         398    2.9e+05     39017 39435.8 39443.8    38974    2823    2823   36151
         399    2.9e+05     39017 39435.8 39438.6    38974    2822    2822   36152
         400    2.9e+05     39017 39435.8 39445.9    38965    2823    2823   36142
         401    2.9e+05     39017 39435.8 39435.8    38986    2822    2822   36164
         402    2.9e+05     39017 39435.8 39449.9    38951    2823    2823   36128
         403    2.9e+05     39017 39435.8 39436.4    39001    2822    2822   36179
         404    2.9e+05     39017 39435.8 39442.2    38987    2823    2823   36164
         405    2.9e+05     39017 39435.8 39439.5    38954    2822    2822   36132
         406    2.9e+05     39017 39435.8 39443.4    39005    2823    2823   36182
         407    2.9e+05     39017 39435.8 39436.6    38974    2822    2822   36152
         408    2.9e+05     39017 39435.8 39446.9    38728    2823    2823   35905
         409    2.9e+05     39017 39433.3 39433.3    38983    2822    2822   36161
         410    2.9e+05     39017 39433.3   39441    38987    2823    2823   36164
         411    2.9e+05     39017 39433.3 39438.6    38973    2822    2822   36151
         412    2.9e+05     39017 39433.3   39443    38810    2824    2824   35986
         413    2.9e+05     39017 39433.3 39435.8    38989    2822    2822   36167
         414    2.9e+05     39017 39433.3 39450.3    38968    2823    2823   36145
         415    2.9e+05     39017 39433.3 39436.8    38994    2822    2822   36172
         416    2.9e+05     39017 39433.3 39444.3    38956    2823    2823   36133
         417    2.9e+05     39017 39433.3 39438.3    39002    2822    2822   36180
         418    2.9e+05     39017 39433.3 39447.5    38985    2824    2824   36161
         419    2.9e+05     39017 39431.8 39431.8    38962    2822    2822   36140
         420    2.9e+05     39017 39431.8 39446.4    38916    2823    2823   36093
         421    2.9e+05     39017 39431.8 39438.6    38970    2822    2822   36148
         422    2.9e+05     39017 39431.8 39443.2    38988    2823    2823   36165
         423    2.9e+05     39017 39431.8 39435.8    39001    2822    2822   36179
         424    2.9e+05     39017 39431.8 39446.6    38966    2823    2823   36143
         425    2.9e+05     39017 39431.8 39437.3    39007    2822    2822   36185
         426    2.9e+05     39017 39431.8 39441.6    38984    2824    2824   36160
         427    2.9e+05     39017 39431.8 39434.8    39005    2822    2822   36183
         428    2.9e+05     39017 39431.8 39442.1    38979    2823    2823   36156
         429    2.9e+05     39017 39431.8 39435.7    39002    2822    2822   36180
         430    2.9e+05     39017 39431.8 39443.1    38933    2823    2823   36110
         431    2.9e+05     39017 39430.6 39430.6    38995    2822    2822   36173
         432    2.9e+05     39017 39430.6 39446.1    38937    2823    2823   36114
         433    2.9e+05     39017 39430.6 39430.6    38657    2822    2822   35835
         434    2.9e+05     39017 39430.6 39441.9    38975    2823    2823   36152
         435    2.9e+05     39017 39430.6   39434    38979    2822    2822   36157
         436    2.9e+05     39017 39430.6   39448    38975    2823    2823   36152
         437    2.9e+05     39017 39430.6 39434.3    39002    2822    2822   36180
         438    2.9e+05     39017 39430.6 39444.3    38986    2823    2823   36163
         439    2.9e+05     39017 39430.6 39431.9    38997    2822    2822   36175
         440    2.9e+05     39017 39430.6   39447    39005    2823    2823   36182
         441    2.9e+05     39017 39430.6 39431.7    38988    2822    2822   36166
         442    2.9e+05     39017 39430.6 39444.3    39006    2823    2823   36183
         443    2.9e+05     39017 39430.6 39430.8    39014    2822    2822   36192
         444    2.9e+05     39017 39430.6 39444.7    38989    2823    2823   36166
         445    2.9e+05     39017 39430.6 39431.6    39009    2822    2822   36187
         446    2.9e+05     39017 39430.6   39449    38971    2823    2823   36148
         447    2.9e+05     39017 39430.6 39431.1    39001    2822    2822   36179
         448    2.9e+05     39017 39430.6 39444.8    38984    2823    2823   36161
    *    449    2.9e+05     39018 39430.6 39430.8    39018    2822    2822   36196
         450    2.9e+05     39018 39430.6 39446.9    38987    2823    2823   36164
         451    2.9e+05     39018 39430.6 39431.7    39007    2822    2822   36185
         452    2.9e+05     39018 39430.6 39444.2    38977    2823    2823   36154
         453    2.9e+05     39018 39430.6 39435.4    38973    2822    2822   36151
         454    2.9e+05     39018 39430.6 39442.5    38997    2823    2823   36174
    *    455    2.9e+05     39021 39430.6 39430.7    39021    2822    2822   36199
         456    2.9e+05     39021 39430.6 39442.7    38981    2823    2823   36158
               reducing step to 0.025
         457    2.9e+05     39021 39355.2 39355.2    38507    2824    2824   35683
         458    2.9e+05     39021   39321   39321    38772    2823    2823   35949
         459    2.9e+05     39021   39321 39336.4    38618    2823    2823   35795
         460    2.9e+05     39021 39311.9 39311.9    38821    2824    2824   35997
         461    2.9e+05     39021 39311.9 39331.9    38984    2823    2823   36161
         462    2.9e+05     39021 39309.6 39309.6    38933    2824    2824   36109
         463    2.9e+05     39021 39309.6 39326.6    39006    2823    2823   36183
         464    2.9e+05     39021 39308.1 39308.1    38987    2822    2822   36165
         465    2.9e+05     39021 39308.1 39322.4    38972    2823    2823   36149
         466    2.9e+05     39021 39304.7 39304.7    38979    2823    2823   36156
         467    2.9e+05     39021 39304.7 39318.6    39012    2824    2824   36188
    *    468    2.9e+05     39025 39304.7 39305.3    39025    2823    2823   36202
    *    469    2.9e+05     39038 39304.7 39319.7    39038    2823    2823   36215
         470    2.9e+05     39038   39302   39302    39012    2823    2823   36189
         471    2.9e+05     39038   39302 39316.6    39029    2823    2823   36206
         472    2.9e+05     39038 39301.8 39301.8    39013    2822    2822   36191
         473    2.9e+05     39038 39301.8 39317.2    39015    2824    2824   36191
         474    2.9e+05     39038   39301   39301    39025    2823    2823   36202
         475    2.9e+05     39038   39301 39315.3    39038    2823    2823   36215
         476    2.9e+05     39038 39300.8 39300.8    39029    2823    2823   36206
         477    2.9e+05     39038 39300.8 39314.9    39038    2823    2823   36215
         478    2.9e+05     39038 39300.1 39300.1    39021    2822    2822   36199
         479    2.9e+05     39038 39300.1   39315    39016    2823    2823   36193
    *    480    2.9e+05     39044 39300.1 39300.1    39044    2822    2822   36222
         481    2.9e+05     39044 39300.1 39315.1    39028    2823    2823   36205
         482    2.9e+05     39044 39300.1 39300.8    39021    2822    2822   36199
         483    2.9e+05     39044 39300.1 39314.4    39030    2823    2823   36207
         484    2.9e+05     39044 39300.1 39301.2    39043    2822    2822   36221
         485    2.9e+05     39044 39300.1 39314.3    39023    2823    2823   36200
         486    2.9e+05     39044 39299.5 39299.5    39040    2822    2822   36218
         487    2.9e+05     39044 39299.5 39315.5    39037    2823    2823   36214
         488    2.9e+05     39044 39299.1 39299.1    39018    2822    2822   36196
         489    2.9e+05     39044 39299.1 39315.8    39044    2823    2823   36221
         490    2.9e+05     39044 39298.9 39298.9    39035    2822    2822   36213
         491    2.9e+05     39044 39298.9 39314.6    39037    2824    2824   36213
         492    2.9e+05     39044   39298   39298    38980    2823    2823   36157
         493    2.9e+05     39044   39298 39312.2    38999    2822    2822   36177
         494    2.9e+05     39044   39298   39300    39040    2823    2823   36217
         495    2.9e+05     39044   39298 39312.9    38989    2823    2823   36166
         496    2.9e+05     39044   39298 39298.3    39011    2823    2823   36188
         497    2.9e+05     39044   39298 39312.2    39013    2822    2822   36191
    *    498    2.9e+05     39046 39297.6 39297.6    39046    2823    2823   36223
         499    2.9e+05     39046 39297.6 39313.8    38983    2822    2822   36161
         500    2.9e+05     39046 39297.6 39298.4    39043    2823    2823   36220
    *    501    2.9e+05     39054 39297.6 39312.2    39054    2822    2822   36232
         502    2.9e+05     39054 39297.6 39299.4    39027    2823    2823   36204
         503    2.9e+05     39054 39297.6 39312.4    38999    2822    2822   36177
         504    2.9e+05     39054 39297.6   39298    39030    2823    2823   36207
         505    2.9e+05     39054 39297.6 39311.9    39034    2822    2822   36212
         506    2.9e+05     39054 39297.6 39298.5    39042    2823    2823   36219
         507    2.9e+05     39054 39297.6 39310.8    39042    2822    2822   36220
         508    2.9e+05     39054 39297.6 39299.1    39024    2823    2823   36201
         509    2.9e+05     39054 39297.6 39309.9    39033    2822    2822   36211
         510    2.9e+05     39054 39297.6 39298.1    39001    2823    2823   36178
         511    2.9e+05     39054 39297.6 39310.8    39007    2822    2822   36185
         512    2.9e+05     39054 39297.6 39298.1    39030    2823    2823   36207
         513    2.9e+05     39054 39297.6   39310    39013    2822    2822   36191
         514    2.9e+05     39054 39297.6 39298.1    39035    2823    2823   36212
         515    2.9e+05     39054 39297.6 39311.4    39044    2822    2822   36222
         516    2.9e+05     39054 39297.6 39299.4    39010    2823    2823   36187
    *    517    2.9e+05     39058 39297.6 39309.9    39058    2822    2822   36236
         518    2.9e+05     39058   39297   39297    39057    2823    2823   36234
         519    2.9e+05     39058   39297 39309.8    39043    2822    2822   36221
         520    2.9e+05     39058   39297   39298    39037    2823    2823   36214
         521    2.9e+05     39058   39297 39308.8    39055    2822    2822   36233
         522    2.9e+05     39058   39297 39299.3    39023    2823    2823   36200
         523    2.9e+05     39058   39297 39309.1    39022    2822    2822   36200
         524    2.9e+05     39058 39296.8 39296.8    39027    2823    2823   36204
         525    2.9e+05     39058 39296.8 39310.7    39036    2822    2822   36214
         526    2.9e+05     39058 39296.7 39296.7    39035    2823    2823   36212
         527    2.9e+05     39058 39296.7   39309    39039    2822    2822   36217
         528    2.9e+05     39058 39296.7 39296.7    38993    2823    2823   36170
         529    2.9e+05     39058 39296.7 39310.7    39037    2822    2822   36215
         530    2.9e+05     39058 39295.5 39295.5    39004    2823    2823   36181
         531    2.9e+05     39058 39295.5 39311.3    38996    2822    2822   36174
         532    2.9e+05     39058 39295.5 39297.7    39012    2824    2824   36188
         533    2.9e+05     39058 39295.5 39309.8    39038    2822    2822   36216
         534    2.9e+05     39058   39295   39295    38996    2823    2823   36173
         535    2.9e+05     39058   39295 39309.5    39029    2822    2822   36207
         536    2.9e+05     39058   39295 39296.7    39018    2823    2823   36195
         537    2.9e+05     39058   39295 39310.2    39020    2822    2822   36198
         538    2.9e+05     39058   39295 39296.1    39031    2823    2823   36208
         539    2.9e+05     39058   39295 39308.2    39043    2822    2822   36221
         540    2.9e+05     39058   39295 39296.3    39043    2823    2823   36220
         541    2.9e+05     39058   39295 39308.3    39040    2822    2822   36218
         542    2.9e+05     39058   39295   39297    39038    2823    2823   36215
         543    2.9e+05     39058   39295 39308.7    39044    2822    2822   36222
         544    2.9e+05     39058   39295 39295.8    39043    2823    2823   36220
         545    2.9e+05     39058   39295 39308.3    39042    2822    2822   36220
         546    2.9e+05     39058   39295 39295.4    39030    2823    2823   36207
         547    2.9e+05     39058   39295   39308    39006    2822    2822   36184
         548    2.9e+05     39058   39295 39295.6    39032    2823    2823   36209
         549    2.9e+05     39058   39295 39308.2    39020    2822    2822   36198
         550    2.9e+05     39058   39295 39295.9    39034    2823    2823   36211
         551    2.9e+05     39058   39295 39307.9    39029    2822    2822   36207
         552    2.9e+05     39058   39295 39296.6    39005    2823    2823   36182
         553    2.9e+05     39058   39295 39308.4    39009    2822    2822   36187
         554    2.9e+05     39058   39295 39296.5    39034    2823    2823   36211
         555    2.9e+05     39058   39295 39309.2    39019    2822    2822   36197
         556    2.9e+05     39058   39295 39296.1    39033    2823    2823   36210
         557    2.9e+05     39058   39295 39307.8    39025    2822    2822   36203
         558    2.9e+05     39058   39295 39295.2    39023    2823    2823   36200
         559    2.9e+05     39058   39295 39307.8    39025    2822    2822   36203
               reducing step to 0.0125
         560    2.9e+05     39058 39266.9 39266.9    38813    2824    2824   35989
         561    2.9e+05     39058 39254.7 39254.7    38993    2823    2823   36170
         562    2.9e+05     39058 39254.7 39259.6    39003    2822    2822   36181
         563    2.9e+05     39058 39249.8 39249.8    38996    2823    2823   36173
         564    2.9e+05     39058 39249.8   39257    39027    2822    2822   36205
         565    2.9e+05     39058 39247.9 39247.9    38967    2823    2823   36144
         566    2.9e+05     39058 39247.9 39253.2    39019    2823    2823   36196
         567    2.9e+05     39058 39246.7 39246.7    38975    2823    2823   36152
         568    2.9e+05     39058 39246.7 39253.2    39040    2822    2822   36218
         569    2.9e+05     39058 39245.8 39245.8    39028    2823    2823   36205
         570    2.9e+05     39058 39245.8 39251.1    39024    2822    2822   36202
         571    2.9e+05     39058 39245.8 39245.9    39033    2823    2823   36210
         572    2.9e+05     39058 39245.8 39250.6    39028    2823    2823   36205
         573    2.9e+05     39058   39244   39244    39054    2823    2823   36231
         574    2.9e+05     39058   39244 39249.6    39041    2823    2823   36218
         575    2.9e+05     39058 39241.8 39241.8    39000    2822    2822   36178
         576    2.9e+05     39058 39241.8   39250    39038    2823    2823   36215
         577    2.9e+05     39058 39241.8 39241.8    39034    2822    2822   36212
         578    2.9e+05     39058 39241.8 39250.9    39019    2823    2823   36196
         579    2.9e+05     39058 39241.8 39242.5    39032    2822    2822   36210
         580    2.9e+05     39058 39241.8 39250.8    39029    2823    2823   36206
         581    2.9e+05     39058 39241.2 39241.2    39050    2822    2822   36228
         582    2.9e+05     39058 39241.2 39249.5    39030    2823    2823   36207
         583    2.9e+05     39058 39241.2 39242.3    39049    2823    2823   36226
         584    2.9e+05     39058 39241.2 39248.4    39042    2822    2822   36220
         585    2.9e+05     39058 39241.2 39242.8    39031    2823    2823   36208
         586    2.9e+05     39058 39241.2 39248.4    39050    2822    2822   36228
         587    2.9e+05     39058 39241.2 39242.2    39014    2823    2823   36191
         588    2.9e+05     39058 39241.2 39247.2    39049    2822    2822   36227
         589    2.9e+05     39058 39241.2 39242.1    39028    2823    2823   36205
         590    2.9e+05     39058 39241.2 39246.5    39041    2822    2822   36219
         591    2.9e+05     39058 39241.2 39241.7    39028    2823    2823   36205
         592    2.9e+05     39058 39241.2 39247.4    39054    2822    2822   36232
         593    2.9e+05     39058 39241.2 39241.3    39034    2823    2823   36211
         594    2.9e+05     39058 39241.2 39246.7    39042    2822    2822   36220
         595    2.9e+05     39058 39240.2 39240.2    39033    2823    2823   36210
         596    2.9e+05     39058 39240.2 39246.7    39047    2822    2822   36225
         597    2.9e+05     39058 39240.1 39240.1    39036    2823    2823   36213
         598    2.9e+05     39058 39240.1   39247    39027    2822    2822   36205
         599    2.9e+05     39058 39239.6 39239.6    39038    2823    2823   36215
         600    2.9e+05     39058 39239.6 39247.1    39021    2822    2822   36199
         601    2.9e+05     39058 39239.6 39239.7    39032    2823    2823   36209
         602    2.9e+05     39058 39239.6 39246.6    39040    2822    2822   36218
         603    2.9e+05     39058 39239.6 39239.6    39044    2823    2823   36221
         604    2.9e+05     39058 39239.6 39247.2    39056    2822    2822   36234
         605    2.9e+05     39058 39239.6 39239.8    39037    2823    2823   36214
         606    2.9e+05     39058 39239.6 39246.5    39037    2822    2822   36215
         607    2.9e+05     39058 39239.4 39239.4    39033    2823    2823   36210
         608    2.9e+05     39058 39239.4 39246.1    39047    2822    2822   36225
         609    2.9e+05     39058 39239.3 39239.3    39034    2823    2823   36211
         610    2.9e+05     39058 39239.3 39246.1    39046    2822    2822   36224
         611    2.9e+05     39058 39238.9 39238.9    39003    2823    2823   36180
         612    2.9e+05     39058 39238.9 39245.3    39035    2822    2822   36213
         613    2.9e+05     39058 39238.9 39239.2    39042    2823    2823   36219
         614    2.9e+05     39058 39238.9 39245.9    39028    2822    2822   36206
         615    2.9e+05     39058 39238.8 39238.8    39050    2823    2823   36227
         616    2.9e+05     39058 39238.8 39245.8    39051    2822    2822   36229
         617    2.9e+05     39058 39238.8 39239.5    39032    2823    2823   36209
         618    2.9e+05     39058 39238.8 39245.7    39051    2822    2822   36229
         619    2.9e+05     39058 39238.8 39239.6    39049    2823    2823   36226
         620    2.9e+05     39058 39238.8 39245.7    39042    2822    2822   36220
         621    2.9e+05     39058 39238.8 39239.4    39041    2823    2823   36218
         622    2.9e+05     39058 39238.8 39245.8    39058    2822    2822   36236
         623    2.9e+05     39058 39238.8 39239.3    39043    2823    2823   36220
         624    2.9e+05     39058 39238.8 39245.6    38942    2822    2822   36120
         625    2.9e+05     39058 39238.6 39238.6    39027    2823    2823   36204
         626    2.9e+05     39058 39238.6 39246.4    39018    2822    2822   36196
         627    2.9e+05     39058 39238.6 39238.7    39040    2823    2823   36217
         628    2.9e+05     39058 39238.6   39246    38994    2822    2822   36172
         629    2.9e+05     39058 39238.6 39239.4    39040    2823    2823   36217
         630    2.9e+05     39058 39238.6 39245.2    39049    2822    2822   36227
         631    2.9e+05     39058 39238.6 39239.2    39025    2823    2823   36202
         632    2.9e+05     39058 39238.6 39245.1    39050    2822    2822   36228
         633    2.9e+05     39058 39238.6 39239.3    39049    2823    2823   36226
         634    2.9e+05     39058 39238.6 39245.1    39057    2822    2822   36235
         635    2.9e+05     39058 39238.6 39238.6    39051    2823    2823   36228
    *    636    2.9e+05     39062 39238.6 39244.7    39062    2822    2822   36240
         637    2.9e+05     39062 39238.2 39238.2    39031    2823    2823   36208
         638    2.9e+05     39062 39238.2 39245.2    39044    2822    2822   36222
         639    2.9e+05     39062 39238.2 39238.7    39037    2823    2823   36214
         640    2.9e+05     39062 39238.2 39244.8    39058    2822    2822   36236
         641    2.9e+05     39062 39238.2 39238.2    39042    2823    2823   36219
         642    2.9e+05     39062 39238.2 39245.3    39041    2822    2822   36219
         643    2.9e+05     39062 39238.2 39238.8    39039    2823    2823   36216
         644    2.9e+05     39062 39238.2 39244.8    39038    2822    2822   36216
         645    2.9e+05     39062 39238.2 39238.5    39039    2823    2823   36216
         646    2.9e+05     39062 39238.2 39244.9    39049    2822    2822   36227
         647    2.9e+05     39062 39238.2 39239.2    38983    2823    2823   36160
         648    2.9e+05     39062 39238.2 39244.5    39044    2822    2822   36222
         649    2.9e+05     39062 39238.2 39238.3    39020    2823    2823   36197
         650    2.9e+05     39062 39238.2 39244.8    39044    2822    2822   36222
         651    2.9e+05     39062 39238.2 39238.2    39031    2823    2823   36208
         652    2.9e+05     39062 39238.2 39244.7    39044    2822    2822   36222
         653    2.9e+05     39062 39237.9 39237.9    39039    2823    2823   36216
         654    2.9e+05     39062 39237.9 39244.3    39006    2822    2822   36184
         655    2.9e+05     39062 39237.7 39237.7    39039    2823    2823   36216
         656    2.9e+05     39062 39237.7 39244.3    39030    2822    2822   36208
         657    2.9e+05     39062 39237.7 39237.9    39013    2823    2823   36190
         658    2.9e+05     39062 39237.7 39244.3    39041    2822    2822   36219
         659    2.9e+05     39062 39237.6 39237.6    39037    2823    2823   36214
         660    2.9e+05     39062 39237.6   39245    39050    2822    2822   36228
         661    2.9e+05     39062   39237   39237    39040    2823    2823   36217
         662    2.9e+05     39062   39237 39245.2    39055    2822    2822   36233
         663    2.9e+05     39062   39237 39237.5    39048    2823    2823   36225
         664    2.9e+05     39062   39237 39244.5    39041    2822    2822   36219
         665    2.9e+05     39062   39237 39237.5    39034    2823    2823   36211
         666    2.9e+05     39062   39237 39244.5    39052    2822    2822   36230
         667    2.9e+05     39062   39237 39237.2    39040    2823    2823   36217
         668    2.9e+05     39062   39237 39245.3    39039    2822    2822   36217
         669    2.9e+05     39062   39237 39237.3    39036    2823    2823   36213
         670    2.9e+05     39062   39237 39244.1    39047    2822    2822   36225
         671    2.9e+05     39062   39237 39237.8    39051    2823    2823   36228
         672    2.9e+05     39062   39237   39244    39035    2822    2822   36213
         673    2.9e+05     39062   39237 39237.4    39036    2823    2823   36213
         674    2.9e+05     39062   39237 39244.5    39050    2822    2822   36228
         675    2.9e+05     39062   39237 39237.1    39032    2823    2823   36209
         676    2.9e+05     39062   39237   39244    39029    2822    2822   36207
         677    2.9e+05     39062 39236.5 39236.5    39052    2823    2823   36229
         678    2.9e+05     39062 39236.5 39244.2    39038    2822    2822   36216
         679    2.9e+05     39062 39236.5 39237.4    39040    2823    2823   36217
         680    2.9e+05     39062 39236.5 39243.8    39043    2822    2822   36221
         681    2.9e+05     39062 39236.5 39237.6    39044    2823    2823   36221
         682    2.9e+05     39062 39236.5 39244.5    39043    2822    2822   36221
         683    2.9e+05     39062 39236.5 39237.2    39036    2823    2823   36213
         684    2.9e+05     39062 39236.5 39243.9    39061    2822    2822   36239
         685    2.9e+05     39062 39236.5   39237    39035    2823    2823   36212
         686    2.9e+05     39062 39236.5 39243.7    39045    2822    2822   36223
         687    2.9e+05     39062 39236.5   39237    39039    2823    2823   36216
         688    2.9e+05     39062 39236.5 39244.4    39012    2822    2822   36190
         689    2.9e+05     39062 39236.5 39237.1    39036    2823    2823   36213
         690    2.9e+05     39062 39236.5 39244.2    39044    2822    2822   36222
         691    2.9e+05     39062 39236.5   39237    39024    2823    2823   36201
         692    2.9e+05     39062 39236.5 39243.9    39018    2822    2822   36196
         693    2.9e+05     39062 39236.5 39236.6    39041    2823    2823   36218
         694    2.9e+05     39062 39236.5 39243.9    39049    2822    2822   36227
         695    2.9e+05     39062 39236.5 39236.7    39053    2823    2823   36230
         696    2.9e+05     39062 39236.5 39243.7    39044    2822    2822   36222
         697    2.9e+05     39062 39236.5 39236.5    39037    2823    2823   36214
         698    2.9e+05     39062 39236.5   39244    39055    2822    2822   36233
         699    2.9e+05     39062 39236.1 39236.1    39036    2823    2823   36213
         700    2.9e+05     39062 39236.1 39243.8    39038    2822    2822   36216
         701    2.9e+05     39062 39236.1 39237.1    39038    2823    2823   36215
         702    2.9e+05     39062 39236.1   39244    39058    2822    2822   36236
         703    2.9e+05     39062 39236.1 39236.3    39044    2823    2823   36221
         704    2.9e+05     39062 39236.1 39244.5    39050    2822    2822   36228
         705    2.9e+05     39062 39236.1 39236.3    39037    2823    2823   36214
         706    2.9e+05     39062 39236.1 39243.9    39036    2822    2822   36214
         707    2.9e+05     39062 39236.1 39237.3    39013    2823    2823   36190
         708    2.9e+05     39062 39236.1 39243.5    39044    2822    2822   36222
         709    2.9e+05     39062 39236.1 39236.2    38994    2823    2823   36171
         710    2.9e+05     39062 39236.1 39244.1    38937    2822    2822   36115
         711    2.9e+05     39062 39236.1 39236.3    38942    2823    2823   36119
         712    2.9e+05     39062 39236.1 39243.5    39042    2822    2822   36220
         713    2.9e+05     39062 39236.1 39236.9    39050    2823    2823   36227
         714    2.9e+05     39062 39236.1 39243.4    39037    2822    2822   36215
         715    2.9e+05     39062 39236.1 39236.3    39040    2823    2823   36217
         716    2.9e+05     39062 39236.1 39244.4    39052    2822    2822   36230
         717    2.9e+05     39062 39236.1 39236.3    39036    2823    2823   36213
         718    2.9e+05     39062 39236.1 39243.5    39049    2822    2822   36227
         719    2.9e+05     39062 39236.1 39236.4    39032    2823    2823   36209
         720    2.9e+05     39062 39236.1 39243.3    39027    2822    2822   36205
         721    2.9e+05     39062 39236.1 39236.1    39040    2823    2823   36217
         722    2.9e+05     39062 39236.1 39243.7    39041    2822    2822   36219
         723    2.9e+05     39062 39236.1 39236.5    39031    2823    2823   36208
         724    2.9e+05     39062 39236.1 39243.1    39049    2822    2822   36227
         725    2.9e+05     39062 39236.1   39237    39038    2823    2823   36215
         726    2.9e+05     39062 39236.1 39242.8    39033    2822    2822   36211
         727    2.9e+05     39062 39236.1 39236.4    39034    2823    2823   36211
         728    2.9e+05     39062 39236.1 39243.5    39059    2822    2822   36237
         729    2.9e+05     39062 39236.1 39236.2    39026    2823    2823   36203
         730    2.9e+05     39062 39236.1 39242.9    39019    2822    2822   36197
         731    2.9e+05     39062 39236.1 39236.6    39026    2823    2823   36203
         732    2.9e+05     39062 39236.1 39242.9    39048    2822    2822   36226
         733    2.9e+05     39062 39236.1 39236.2    39036    2823    2823   36213
         734    2.9e+05     39062 39236.1 39243.5    39042    2822    2822   36220
         735    2.9e+05     39062 39235.8 39235.8    39045    2823    2823   36222
         736    2.9e+05     39062 39235.8 39242.9    39042    2822    2822   36220
         737    2.9e+05     39062 39235.8 39236.6    39034    2823    2823   36211
         738    2.9e+05     39062 39235.8   39243    39047    2822    2822   36225
         739    2.9e+05     39062 39235.8 39235.8    39036    2823    2823   36213
         740    2.9e+05     39062 39235.8 39243.7    39049    2822    2822   36227
         741    2.9e+05     39062 39235.7 39235.7    39044    2823    2823   36221
         742    2.9e+05     39062 39235.7 39243.6    39056    2822    2822   36234
         743    2.9e+05     39062 39235.7 39236.4    39037    2823    2823   36214
         744    2.9e+05     39062 39235.7 39242.9    39047    2822    2822   36225
         745    2.9e+05     39062 39235.7 39235.7    39036    2823    2823   36213
         746    2.9e+05     39062 39235.7 39243.7    39041    2822    2822   36219
         747    2.9e+05     39062 39235.7 39235.7    39044    2823    2823   36221
         748    2.9e+05     39062 39235.7 39243.1    39035    2822    2822   36213
         749    2.9e+05     39062 39235.7 39236.4    39044    2823    2823   36221
         750    2.9e+05     39062 39235.7 39243.5    39042    2822    2822   36220
         751    2.9e+05     39062 39235.5 39235.5    39041    2823    2823   36218
         752    2.9e+05     39062 39235.5 39244.2    39035    2822    2822   36213
         753    2.9e+05     39062 39235.5 39235.6    39044    2823    2823   36221
         754    2.9e+05     39062 39235.5 39242.8    39052    2822    2822   36230
         755    2.9e+05     39062 39235.5 39236.2    39053    2823    2823   36230
         756    2.9e+05     39062 39235.5 39242.8    39039    2822    2822   36217
         757    2.9e+05     39062 39235.5 39235.6    39048    2823    2823   36225
         758    2.9e+05     39062 39235.5 39243.3    39056    2822    2822   36234
         759    2.9e+05     39062 39235.5 39235.7    39042    2823    2823   36219
         760    2.9e+05     39062 39235.5 39242.7    39047    2822    2822   36225
         761    2.9e+05     39062 39235.5 39236.3    39046    2823    2823   36223
         762    2.9e+05     39062 39235.5 39242.4    39053    2822    2822   36231
         763    2.9e+05     39062 39235.5 39236.4    39047    2823    2823   36224
         764    2.9e+05     39062 39235.5 39242.7    39061    2822    2822   36239
         765    2.9e+05     39062 39235.5   39236    39043    2823    2823   36220
         766    2.9e+05     39062 39235.5 39242.6    39054    2822    2822   36232
         767    2.9e+05     39062 39235.5 39235.9    39039    2823    2823   36216
         768    2.9e+05     39062 39235.5 39243.1    39061    2822    2822   36239
         769    2.9e+05     39062 39235.5 39236.3    39040    2823    2823   36217
         770    2.9e+05     39062 39235.5 39242.7    39057    2822    2822   36235
         771    2.9e+05     39062 39235.5 39236.1    39034    2823    2823   36211
         772    2.9e+05     39062 39235.5 39242.6    39051    2822    2822   36229
         773    2.9e+05     39062 39235.5   39236    39049    2823    2823   36226
         774    2.9e+05     39062 39235.5 39242.5    39050    2822    2822   36228
         775    2.9e+05     39062 39235.5 39235.7    39027    2823    2823   36204
         776    2.9e+05     39062 39235.5 39242.1    39052    2822    2822   36230
               reducing step to 0.00625
         777    2.9e+05     39062 39225.1 39225.1    38885    2823    2823   36062
         778    2.9e+05     39062 39217.7 39217.7    38932    2822    2822   36110
         779    2.9e+05     39062 39217.7   39221    39005    2823    2823   36182
         780    2.9e+05     39062 39214.7 39214.7    39017    2822    2822   36195
         781    2.9e+05     39062 39214.7 39220.6    39046    2823    2823   36223
         782    2.9e+05     39062 39213.6 39213.6    39008    2822    2822   36186
         783    2.9e+05     39062 39213.6 39219.5    39026    2823    2823   36203
         784    2.9e+05     39062 39213.5 39213.5    39034    2822    2822   36212
         785    2.9e+05     39062 39213.5 39219.5    39054    2823    2823   36231
         786    2.9e+05     39062 39211.8 39211.8    39040    2822    2822   36218
         787    2.9e+05     39062 39211.8 39219.2    39062    2823    2823   36239
    *    788    2.9e+05     39068 39211.3 39211.3    39068    2822    2822   36246
    *    789    2.9e+05     39071 39211.3 39217.9    39071    2823    2823   36248
         790    2.9e+05     39071 39210.5 39210.5    39056    2822    2822   36234
    *    791    2.9e+05     39073 39210.5 39217.4    39073    2823    2823   36250
         792    2.9e+05     39073 39210.4 39210.4    39038    2822    2822   36216
         793    2.9e+05     39073 39210.4 39217.1    39066    2823    2823   36243
         794    2.9e+05     39073 39210.1 39210.1    39048    2822    2822   36226
         795    2.9e+05     39073 39210.1   39217    39061    2823    2823   36238
         796    2.9e+05     39073   39210   39210    39045    2822    2822   36223
         797    2.9e+05     39073   39210   39217    39046    2823    2823   36223
         798    2.9e+05     39073 39209.8 39209.8    39060    2822    2822   36238
         799    2.9e+05     39073 39209.8 39216.7    39054    2823    2823   36231
         800    2.9e+05     39073 39209.3 39209.3    39058    2822    2822   36236
         801    2.9e+05     39073 39209.3 39216.4    39061    2823    2823   36238
         802    2.9e+05     39073   39209   39209    39051    2822    2822   36229
         803    2.9e+05     39073   39209 39216.3    39036    2823    2823   36213
         804    2.9e+05     39073   39209 39209.3    39023    2822    2822   36201
         805    2.9e+05     39073   39209 39216.3    39059    2823    2823   36236
         806    2.9e+05     39073   39209 39209.1    39057    2822    2822   36235
         807    2.9e+05     39073   39209 39215.9    39062    2823    2823   36239
         808    2.9e+05     39073   39209 39209.5    39068    2822    2822   36246
         809    2.9e+05     39073   39209 39215.6    39065    2823    2823   36242
         810    2.9e+05     39073   39209 39209.4    39045    2822    2822   36223
         811    2.9e+05     39073   39209 39215.4    39064    2823    2823   36241
         812    2.9e+05     39073   39209 39209.5    39050    2822    2822   36228
         813    2.9e+05     39073   39209 39215.7    39065    2823    2823   36242
         814    2.9e+05     39073 39208.8 39208.8    39047    2822    2822   36225
         815    2.9e+05     39073 39208.8 39215.2    39060    2823    2823   36237
         816    2.9e+05     39073 39208.8   39209    39053    2822    2822   36231
         817    2.9e+05     39073 39208.8 39215.5    39046    2823    2823   36223
         818    2.9e+05     39073 39208.8 39208.8    39048    2822    2822   36226
         819    2.9e+05     39073 39208.8 39215.3    39071    2823    2823   36248
         820    2.9e+05     39073 39208.8 39208.8    39044    2822    2822   36222
    *    821    2.9e+05     39075 39208.8 39214.9    39075    2823    2823   36252
         822    2.9e+05     39075 39208.6 39208.6    39056    2822    2822   36234
    *    823    2.9e+05     39076 39208.6 39214.9    39076    2823    2823   36253
         824    2.9e+05     39076 39208.6 39208.9    39055    2822    2822   36233
         825    2.9e+05     39076 39208.6   39215    39073    2823    2823   36250
         826    2.9e+05     39076 39208.5 39208.5    39065    2822    2822   36243
         827    2.9e+05     39076 39208.5 39215.4    39069    2823    2823   36246
         828    2.9e+05     39076 39208.5 39208.5    39061    2822    2822   36239
    *    829    2.9e+05     39078 39208.5   39215    39078    2823    2823   36255
         830    2.9e+05     39078 39208.5 39208.6    39028    2822    2822   36206
         831    2.9e+05     39078 39208.5   39215    39067    2823    2823   36244
         832    2.9e+05     39078 39208.4 39208.4    39037    2822    2822   36215
         833    2.9e+05     39078 39208.4 39214.6    39073    2823    2823   36250
         834    2.9e+05     39078 39208.4 39208.6    39033    2822    2822   36211
         835    2.9e+05     39078 39208.4 39214.3    39052    2823    2823   36229
         836    2.9e+05     39078 39208.4 39208.4    39065    2822    2822   36243
         837    2.9e+05     39078 39208.4 39214.5    39063    2823    2823   36240
         838    2.9e+05     39078 39208.2 39208.2    39037    2822    2822   36215
         839    2.9e+05     39078 39208.2 39214.5    39063    2823    2823   36240
         840    2.9e+05     39078 39208.1 39208.1    39053    2822    2822   36231
         841    2.9e+05     39078 39208.1 39214.5    39072    2823    2823   36249
         842    2.9e+05     39078   39208   39208    39061    2822    2822   36239
         843    2.9e+05     39078   39208 39214.3    39065    2823    2823   36242
         844    2.9e+05     39078   39208 39208.2    39057    2822    2822   36235
         845    2.9e+05     39078   39208 39214.5    39066    2823    2823   36243
         846    2.9e+05     39078   39208 39208.2    39056    2822    2822   36234
         847    2.9e+05     39078   39208 39214.5    39067    2823    2823   36244
         848    2.9e+05     39078   39208 39208.1    39051    2822    2822   36229
         849    2.9e+05     39078   39208 39214.6    39070    2823    2823   36247
         850    2.9e+05     39078   39208 39208.1    39066    2822    2822   36244
         851    2.9e+05     39078   39208 39214.4    39064    2823    2823   36241
         852    2.9e+05     39078   39208 39208.1    39051    2822    2822   36229
         853    2.9e+05     39078   39208 39214.5    39065    2823    2823   36242
         854    2.9e+05     39078 39207.9 39207.9    39042    2822    2822   36220
         855    2.9e+05     39078 39207.9 39214.3    39067    2823    2823   36244
         856    2.9e+05     39078 39207.9 39208.4    39067    2822    2822   36245
         857    2.9e+05     39078 39207.9 39214.3    39070    2823    2823   36247
         858    2.9e+05     39078 39207.9 39207.9    39056    2822    2822   36234
         859    2.9e+05     39078 39207.9 39214.3    39078    2823    2823   36255
         860    2.9e+05     39078 39207.9   39208    39047    2822    2822   36225
         861    2.9e+05     39078 39207.9 39214.1    39064    2823    2823   36241
         862    2.9e+05     39078 39207.7 39207.7    39061    2822    2822   36239
         863    2.9e+05     39078 39207.7 39214.4    39056    2823    2823   36233
         864    2.9e+05     39078 39207.7 39207.9    39046    2822    2822   36224
         865    2.9e+05     39078 39207.7 39214.5    39069    2823    2823   36246
         866    2.9e+05     39078 39207.7 39207.9    39049    2822    2822   36227
         867    2.9e+05     39078 39207.7 39214.2    39055    2823    2823   36232
         868    2.9e+05     39078 39207.7 39207.9    39057    2822    2822   36235
         869    2.9e+05     39078 39207.7 39214.4    39051    2823    2823   36228
         870    2.9e+05     39078 39207.3 39207.3    39040    2822    2822   36218
         871    2.9e+05     39078 39207.3 39214.1    39057    2823    2823   36234
         872    2.9e+05     39078 39207.3 39207.9    39052    2822    2822   36230
         873    2.9e+05     39078 39207.3 39213.8    39064    2823    2823   36241
         874    2.9e+05     39078 39207.3 39207.3    39038    2822    2822   36216
         875    2.9e+05     39078 39207.3 39214.1    39069    2823    2823   36246
         876    2.9e+05     39078 39207.3 39207.6    39051    2822    2822   36229
         877    2.9e+05     39078 39207.3 39214.2    39071    2823    2823   36248
         878    2.9e+05     39078 39207.3 39207.6    39045    2822    2822   36223
         879    2.9e+05     39078 39207.3   39214    39055    2823    2823   36232
         880    2.9e+05     39078 39207.3 39207.8    39051    2822    2822   36229
         881    2.9e+05     39078 39207.3 39214.5    39071    2823    2823   36248
         882    2.9e+05     39078 39207.3 39207.4    39045    2822    2822   36223
         883    2.9e+05     39078 39207.3 39214.4    39062    2823    2823   36239
         884    2.9e+05     39078 39207.3 39207.3    39049    2822    2822   36227
         885    2.9e+05     39078 39207.3   39214    39070    2823    2823   36247
         886    2.9e+05     39078 39207.3 39207.4    39036    2822    2822   36214
         887    2.9e+05     39078 39207.3 39214.1    39076    2823    2823   36253
         888    2.9e+05     39078 39207.3 39207.8    39058    2822    2822   36236
         889    2.9e+05     39078 39207.3   39214    39071    2823    2823   36248
         890    2.9e+05     39078 39207.3 39207.4    39045    2822    2822   36223
    *    891    2.9e+05     39080 39207.3 39214.1    39080    2823    2823   36257
         892    2.9e+05     39080 39207.3 39207.3    39045    2822    2822   36223
         893    2.9e+05     39080 39207.3   39214    39069    2823    2823   36246
         894    2.9e+05     39080 39207.3 39207.3    39053    2822    2822   36231
         895    2.9e+05     39080 39207.3 39213.9    39070    2823    2823   36247
         896    2.9e+05     39080 39207.3 39207.9    39059    2822    2822   36237
         897    2.9e+05     39080 39207.3 39213.8    39064    2823    2823   36241
         898    2.9e+05     39080 39207.3 39207.5    39039    2822    2822   36217
         899    2.9e+05     39080 39207.3 39214.2    39065    2823    2823   36242
         900    2.9e+05     39080 39207.3 39207.4    39047    2822    2822   36225
         901    2.9e+05     39080 39207.3 39213.9    39063    2823    2823   36240
         902    2.9e+05     39080 39207.2 39207.2    39026    2822    2822   36204
         903    2.9e+05     39080 39207.2 39213.9    39062    2823    2823   36239
         904    2.9e+05     39080 39207.2 39207.6    39000    2822    2822   36178
         905    2.9e+05     39080 39207.2 39214.1    39058    2823    2823   36235
         906    2.9e+05     39080 39207.1 39207.1    39057    2822    2822   36235
         907    2.9e+05     39080 39207.1 39214.2    39061    2823    2823   36238
         908    2.9e+05     39080 39207.1 39207.2    39052    2822    2822   36230
         909    2.9e+05     39080 39207.1 39213.7    39064    2823    2823   36241
         910    2.9e+05     39080 39207.1 39207.5    39055    2822    2822   36233
         911    2.9e+05     39080 39207.1 39213.6    39056    2823    2823   36233
         912    2.9e+05     39080 39207.1 39207.5    39055    2822    2822   36233
         913    2.9e+05     39080 39207.1 39213.8    39067    2823    2823   36244
         914    2.9e+05     39080 39207.1 39207.4    39063    2822    2822   36241
         915    2.9e+05     39080 39207.1 39213.6    39071    2823    2823   36248
         916    2.9e+05     39080 39207.1 39207.2    39056    2822    2822   36234
         917    2.9e+05     39080 39207.1 39213.6    39069    2823    2823   36246
         918    2.9e+05     39080 39207.1 39207.6    39055    2822    2822   36233
         919    2.9e+05     39080 39207.1 39213.7    39069    2823    2823   36246
         920    2.9e+05     39080   39207   39207    39045    2822    2822   36223
         921    2.9e+05     39080   39207 39214.3    39068    2823    2823   36245
         922    2.9e+05     39080   39207   39207    39031    2822    2822   36209
         923    2.9e+05     39080   39207 39213.7    39073    2823    2823   36250
         924    2.9e+05     39080   39207 39207.3    39039    2822    2822   36217
         925    2.9e+05     39080   39207 39213.5    39062    2823    2823   36239
         926    2.9e+05     39080   39207 39207.2    39033    2822    2822   36211
         927    2.9e+05     39080   39207 39213.7    39051    2823    2823   36228
         928    2.9e+05     39080   39207 39207.2    39054    2822    2822   36232
         929    2.9e+05     39080   39207 39213.6    39062    2823    2823   36239
         930    2.9e+05     39080 39206.5 39206.5    39049    2822    2822   36227
         931    2.9e+05     39080 39206.5   39214    39071    2823    2823   36248
         932    2.9e+05     39080 39206.5 39206.8    39055    2822    2822   36233
         933    2.9e+05     39080 39206.5 39213.7    39060    2823    2823   36237
         934    2.9e+05     39080 39206.5 39206.9    39044    2822    2822   36222
         935    2.9e+05     39080 39206.5 39213.6    39078    2823    2823   36255
         936    2.9e+05     39080 39206.5   39207    39063    2822    2822   36241
         937    2.9e+05     39080 39206.5 39213.7    39059    2823    2823   36236
         938    2.9e+05     39080 39206.5   39207    39055    2822    2822   36233
         939    2.9e+05     39080 39206.5 39213.6    39071    2823    2823   36248
         940    2.9e+05     39080 39206.5 39207.3    39056    2822    2822   36234
         941    2.9e+05     39080 39206.5 39213.5    39078    2823    2823   36255
         942    2.9e+05     39080 39206.5 39206.9    39046    2822    2822   36224
         943    2.9e+05     39080 39206.5 39213.5    39049    2823    2823   36226
         944    2.9e+05     39080 39206.5 39207.2    39027    2822    2822   36205
         945    2.9e+05     39080 39206.5 39213.5    39070    2823    2823   36247
         946    2.9e+05     39080 39206.5 39207.2    39050    2822    2822   36228
         947    2.9e+05     39080 39206.5 39213.8    39060    2823    2823   36237
         948    2.9e+05     39080 39206.5   39207    39049    2822    2822   36227
         949    2.9e+05     39080 39206.5 39213.6    39069    2823    2823   36246
         950    2.9e+05     39080 39206.5 39206.8    39044    2822    2822   36222
         951    2.9e+05     39080 39206.5 39213.1    39039    2823    2823   36216
         952    2.9e+05     39080 39206.5 39207.5    39046    2822    2822   36224
         953    2.9e+05     39080 39206.5 39213.2    39067    2823    2823   36244
         954    2.9e+05     39080 39206.5 39207.3    39058    2822    2822   36236
         955    2.9e+05     39080 39206.5 39213.4    39067    2823    2823   36244
               reducing step to 0.003125
         956    2.9e+05     39080 39204.2 39204.2    38517    2824    2824   35693
         957    2.9e+05     39080 39200.3 39200.3    39011    2822    2822   36189
         958    2.9e+05     39080 39200.3 39202.9    39045    2823    2823   36222
         959    2.9e+05     39080 39199.7 39199.7    39010    2822    2822   36188
         960    2.9e+05     39080 39199.7   39202    39055    2823    2823   36232
         961    2.9e+05     39080 39198.9 39198.9    39041    2822    2822   36219
         962    2.9e+05     39080 39198.9   39202    39032    2823    2823   36209
         963    2.9e+05     39080 39198.5 39198.5    39047    2822    2822   36225
         964    2.9e+05     39080 39198.5 39201.2    39043    2823    2823   36220
         965    2.9e+05     39080 39198.2 39198.2    39056    2822    2822   36234
         966    2.9e+05     39080 39198.2 39201.1    39062    2823    2823   36239
         967    2.9e+05     39080 39197.9 39197.9    39049    2822    2822   36227
         968    2.9e+05     39080 39197.9 39200.8    39052    2823    2823   36229
         969    2.9e+05     39080 39197.8 39197.8    39021    2822    2822   36199
         970    2.9e+05     39080 39197.8 39200.5    39047    2823    2823   36224
         971    2.9e+05     39080 39197.6 39197.6    39048    2822    2822   36226
         972    2.9e+05     39080 39197.6 39200.6    39064    2823    2823   36241
         973    2.9e+05     39080 39197.4 39197.4    39045    2822    2822   36223
         974    2.9e+05     39080 39197.4 39200.2    39066    2823    2823   36243
         975    2.9e+05     39080 39197.1 39197.1    39042    2822    2822   36220
         976    2.9e+05     39080 39197.1 39200.1    39053    2823    2823   36230
         977    2.9e+05     39080 39197.1 39197.3    39062    2822    2822   36240
         978    2.9e+05     39080 39197.1 39200.3    39069    2823    2823   36246
         979    2.9e+05     39080 39197.1 39197.2    39039    2822    2822   36217
         980    2.9e+05     39080 39197.1 39199.9    39065    2823    2823   36242
         981    2.9e+05     39080 39197.1 39197.1    39066    2822    2822   36244
         982    2.9e+05     39080 39197.1 39199.7    39061    2823    2823   36238
         983    2.9e+05     39080 39196.9 39196.9    39024    2822    2822   36202
         984    2.9e+05     39080 39196.9 39199.7    39061    2823    2823   36238
         985    2.9e+05     39080 39196.9 39196.9    39059    2822    2822   36237
         986    2.9e+05     39080 39196.9 39199.5    39073    2823    2823   36250
         987    2.9e+05     39080 39196.8 39196.8    39080    2822    2822   36258
         988    2.9e+05     39080 39196.8 39199.5    39075    2823    2823   36252
         989    2.9e+05     39080 39196.6 39196.6    39071    2822    2822   36249
         990    2.9e+05     39080 39196.6 39199.4    39060    2823    2823   36237
         991    2.9e+05     39080 39196.6 39196.6    39055    2822    2822   36233
         992    2.9e+05     39080 39196.6 39199.4    39062    2823    2823   36239
         993    2.9e+05     39080 39196.6 39196.6    39065    2822    2822   36243
         994    2.9e+05     39080 39196.6 39199.4    39078    2823    2823   36255
         995    2.9e+05     39080 39196.6 39196.7    39067    2822    2822   36245
         996    2.9e+05     39080 39196.6 39199.3    39068    2823    2823   36245
         997    2.9e+05     39080 39196.5 39196.5    39067    2822    2822   36245
         998    2.9e+05     39080 39196.5 39199.3    39070    2823    2823   36247
         999    2.9e+05     39080 39196.5 39196.5    39063    2822    2822   36241
        1000    2.9e+05     39080 39196.5 39199.1    39067    2823    2823   36244
Total time used by klau is 1990.86
true_align (18772) and est_align (2823) DO NOT have the same number of elements.
method klau has a score of 8.48%
method klau used 1990.861 seconds.
maximum values in init align row is:  18771
maximum values in init align col is:  18771
 best   iter   pr-delta       obj  weight    card overlap
    *      1    3.6e-01     32323    2846    2846   30900
    *      2    1.5e-01     32357    2846    2846   30934
           3    7.1e-02     32220    2846    2846   30797
           4    3.4e-02     32252    2846    2846   30829
           5    1.7e-02     32214    2846    2846   30791
           6    8.7e-03   32143.5    2847    2847   30720
           7    4.6e-03   32166.5    2847    2847   30743
           8    2.5e-03   32165.5    2847    2847   30742
           9    1.4e-03   32166.5    2847    2847   30743
          10    7.8e-04   32165.5    2847    2847   30742
          11    4.5e-04   32166.5    2847    2847   30743
          12    2.6e-04   32166.5    2847    2847   30743
          13    1.5e-04   32166.5    2847    2847   30743
          14    9.3e-05   32166.5    2847    2847   30743
          15    5.6e-05   32166.5    2847    2847   30743
          16    3.4e-05   32166.5    2847    2847   30743
          17    2.1e-05   32166.5    2847    2847   30743
          18    1.3e-05   32166.5    2847    2847   30743
          19    8.3e-06   32166.5    2847    2847   30743
          20    5.2e-06   32166.5    2847    2847   30743
          21    3.3e-06   32166.5    2847    2847   30743
          22    2.1e-06   32166.5    2847    2847   30743
          23    1.3e-06   32166.5    2847    2847   30743
          24    8.7e-07   32166.5    2847    2847   30743
          25    5.6e-07   32166.5    2847    2847   30743
          26    3.6e-07   32166.5    2847    2847   30743
          27    2.3e-07   32166.5    2847    2847   30743
          28    1.5e-07   32166.5    2847    2847   30743
          29    9.9e-08   32166.5    2847    2847   30743
          30    6.5e-08   32166.5    2847    2847   30743
          31    4.2e-08   32166.5    2847    2847   30743
          32    2.8e-08   32166.5    2847    2847   30743
          33    1.8e-08   32166.5    2847    2847   30743
          34    1.2e-08   32166.5    2847    2847   30743
          35    7.8e-09   32166.5    2847    2847   30743
          36    5.1e-09   32166.5    2847    2847   30743
          37    3.4e-09   32166.5    2847    2847   30743
          38    2.2e-09   32166.5    2847    2847   30743
          39    1.5e-09   32166.5    2847    2847   30743
          40    9.7e-10   32166.5    2847    2847   30743
          41    6.4e-10   32166.5    2847    2847   30743
          42    4.2e-10   32166.5    2847    2847   30743
          43    2.8e-10   32166.5    2847    2847   30743
          44    1.9e-10   32166.5    2847    2847   30743
          45    1.2e-10   32166.5    2847    2847   30743
          46    8.1e-11   32166.5    2847    2847   30743
          47    5.4e-11   32166.5    2847    2847   30743
          48    3.6e-11   32166.5    2847    2847   30743
          49    2.4e-11   32166.5    2847    2847   30743
          50    1.6e-11   32166.5    2847    2847   30743
          51    1.0e-11   32166.5    2847    2847   30743
          52    6.9e-12   32166.5    2847    2847   30743
          53    4.6e-12   32166.5    2847    2847   30743
          54    3.0e-12   32166.5    2847    2847   30743
          55    2.0e-12   32166.5    2847    2847   30743
          56    1.3e-12   32166.5    2847    2847   30743
          57    8.9e-13   32166.5    2847    2847   30743
Total time used by isorank is 31.88
true_align (18772) and est_align (2854) DO NOT have the same number of elements.
method isorank has a score of 1.16%
method isorank used 31.884 seconds.
experiment results:
     method     score         time
0  netalign  8.459408   108.729855
1      klau  8.475389  1990.860745
2   isorank  1.155977    31.883706
