Permutation sanity check error is 15742.0.
Permutation sanity check error is 775714.0.
num_init for this graph is 14
Generating initial alignment matrix using degree ...
mode is  degree
number of noisy edges are:  14
Average number of initial alignments for each node is 28
maximum values in init align row is:  18771
maximum values in init align col is:  18750
Recovering sparse matrix L took 0.16 sec.
Time for degree: 0.71 sec
iteration 1
Time for iteration 1: 9.87 sec, diff = 0.12495
iteration 2
Time for iteration 2: 64.09 sec, diff = 0.01748
iteration 3
Time for iteration 3: 88.35 sec, diff = 0.00987
iteration 4
Time for iteration 4: 87.85 sec, diff = 0.00774
iteration 5
Time for iteration 5: 93.74 sec, diff = 0.00663
iteration 6
Time for iteration 6: 87.57 sec, diff = 0.00584
iteration 7
Time for iteration 7: 92.15 sec, diff = 0.00520
iteration 8
Time for iteration 8: 92.19 sec, diff = 0.00465
iteration 9
Time for iteration 9: 88.43 sec, diff = 0.00417
iteration 10
Time for iteration 10: 88.27 sec, diff = 0.00374
iteration 11
Time for iteration 11: 109.69 sec, diff = 0.00336
iteration 12
Time for iteration 12: 150.62 sec, diff = 0.00302
iteration 13
Time for iteration 13: 139.79 sec, diff = 0.00271
iteration 14
Time for iteration 14: 91.52 sec, diff = 0.00244
iteration 15
Time for iteration 15: 87.02 sec, diff = 0.00220
iteration 16
Time for iteration 16: 86.78 sec, diff = 0.00197
iteration 17
Time for iteration 17: 87.63 sec, diff = 0.00178
iteration 18
Time for iteration 18: 90.82 sec, diff = 0.00160
iteration 19
Time for iteration 19: 88.39 sec, diff = 0.00144
iteration 20
Time for iteration 20: 85.78 sec, diff = 0.00129
iteration 21
Time for iteration 21: 86.23 sec, diff = 0.00116
iteration 22
Time for iteration 22: 88.76 sec, diff = 0.00105
iteration 23
Time for iteration 23: 85.61 sec, diff = 0.00094
iteration 24
Time for iteration 24: 90.69 sec, diff = 0.00085
iteration 25
Time for iteration 25: 85.02 sec, diff = 0.00076
iteration 26
Time for iteration 26: 90.58 sec, diff = 0.00069
iteration 27
Time for iteration 27: 97.10 sec, diff = 0.00062
iteration 28
Time for iteration 28: 96.08 sec, diff = 0.00056
iteration 29
Time for iteration 29: 90.37 sec, diff = 0.00050
iteration 30
Time for iteration 30: 91.00 sec, diff = 0.00045
iteration 31
Time for iteration 31: 85.23 sec, diff = 0.00041
iteration 32
Time for iteration 32: 83.47 sec, diff = 0.00036
iteration 33
Time for iteration 33: 82.78 sec, diff = 0.00033
iteration 34
Time for iteration 34: 93.54 sec, diff = 0.00030
iteration 35
Time for iteration 35: 88.67 sec, diff = 0.00027
iteration 36
Time for iteration 36: 91.38 sec, diff = 0.00024
iteration 37
Time for iteration 37: 89.74 sec, diff = 0.00022
iteration 38
Time for iteration 38: 87.18 sec, diff = 0.00019
iteration 39
Time for iteration 39: 87.35 sec, diff = 0.00017
iteration 40
Time for iteration 40: 96.49 sec, diff = 0.00016
iteration 41
Time for iteration 41: 95.68 sec, diff = 0.00014
iteration 42
Time for iteration 42: 92.02 sec, diff = 0.00013
iteration 43
Time for iteration 43: 86.97 sec, diff = 0.00011
iteration 44
Time for iteration 44: 85.48 sec, diff = 0.00010
iteration 45
Time for iteration 45: 86.64 sec, diff = 0.00009
iteration 46
Time for iteration 46: 93.75 sec, diff = 0.00008
iteration 47
Time for iteration 47: 87.44 sec, diff = 0.00008
iteration 48
Time for iteration 48: 85.61 sec, diff = 0.00007
iteration 49
Time for iteration 49: 82.25 sec, diff = 0.00006
iteration 50
Time for iteration 50: 79.16 sec, diff = 0.00005
Total time used by final is 4540.08 sec.
true_align and est_align have the same number of elements.
method final has a score of 15.65%
method final used 4540.078 seconds.
maximum values in init align row is:  18771
maximum values in init align col is:  18750
best   iter    obj_ma wght_ma card_ma over_ma    obj_mb wght_mb card_mb over_mb
  *a      1     32790    2826    2826   29964     32790    2826    2826   29964
          2     16713    2213    2213   14500     17262    2255    2255   15007
          3     22436    2646    2646   19790     17321    1852    1852   15469
          4      8322    2224    2224    6098      6693    1651    1651    5042
          5     28032    2770    2770   25262     27879    2710    2710   25169
  *b      6     35764    2812    2812   32952     35846    2770    2770   33076
          7     35531    2731    2731   32800     35465    2651    2651   32814
          8     25707    2605    2605   23102     24279    2163    2163   22116
          9     31501    2633    2633   28868     26237    2031    2031   24206
         10     29807    2692    2692   27115     29294    2571    2571   26723
         11     33766    2767    2767   30999     33622    2683    2683   30939
  *a     12     37012    2797    2797   34215     36763    2669    2669   34094
         13     36932    2778    2778   34154     35890    2613    2613   33277
         14     36766    2751    2751   34015     35513    2562    2562   32951
         15     36094    2740    2740   33354     34670    2551    2551   32119
  *a     16     37119    2783    2783   34336     35682    2627    2627   33055
  *a     17     37239    2795    2795   34444     36955    2731    2731   34224
  *a     18     37366    2798    2798   34568     37216    2722    2722   34494
         19     37242    2790    2790   34452     36872    2706    2706   34166
         20     37299    2786    2786   34513     37037    2710    2710   34327
         21     37112    2787    2787   34325     36555    2681    2681   33874
         22     37118    2774    2774   34344     36844    2715    2715   34129
         23     37093    2779    2779   34314     36691    2732    2732   33959
         24     37259    2790    2790   34469     37047    2745    2745   34302
         25     37152    2790    2790   34362     37021    2736    2736   34285
         26     37258    2787    2787   34471     37198    2735    2735   34463
         27     37209    2793    2793   34416     37087    2745    2745   34342
         28     37277    2795    2795   34482     37046    2743    2743   34303
         29     37189    2787    2787   34402     37074    2748    2748   34326
         30     37220    2777    2777   34443     37184    2743    2743   34441
         31     37146    2784    2784   34362     37229    2761    2761   34468
         32     37268    2800    2800   34468     37225    2761    2761   34464
         33     37305    2796    2796   34509     37249    2753    2753   34496
         34     37331    2797    2797   34534     37292    2757    2757   34535
         35     37303    2795    2795   34508     37362    2763    2763   34599
         36     37283    2800    2800   34483     37363    2778    2778   34585
         37     37313    2798    2798   34515     37308    2775    2775   34533
         38     37296    2791    2791   34505     37313    2775    2775   34538
         39     37279    2790    2790   34489     37339    2774    2774   34565
         40     37280    2792    2792   34488     37319    2769    2769   34550
         41     37268    2791    2791   34477     37310    2768    2768   34542
         42     37310    2791    2791   34519     37316    2771    2771   34545
         43     37335    2796    2796   34539     37301    2777    2777   34524
         44     37320    2799    2799   34521     37297    2784    2784   34513
         45     37320    2798    2798   34522     37285    2774    2774   34511
         46     37299    2794    2794   34505     37276    2780    2780   34496
         47     37314    2796    2796   34518     37298    2776    2776   34522
         48     37343    2799    2799   34544     37297    2775    2775   34522
         49     37343    2798    2798   34545     37242    2775    2775   34467
         50     37321    2798    2798   34523     37272    2778    2778   34494
         51     37316    2799    2799   34517     37295    2781    2781   34514
         52     37319    2800    2800   34519     37292    2783    2783   34509
         53     37335    2800    2800   34535     37202    2780    2780   34422
         54     37332    2799    2799   34533     37138    2772    2772   34366
         55     37331    2800    2800   34531     37240    2774    2774   34466
         56     37330    2801    2801   34529     37225    2775    2775   34450
         57     37330    2800    2800   34530     37136    2775    2775   34361
         58     37336    2800    2800   34536     36941    2773    2773   34168
         59     37315    2801    2801   34514     36934    2773    2773   34161
         60     37313    2802    2802   34511     37008    2780    2780   34228
         61     37320    2802    2802   34518     37093    2780    2780   34313
         62     37320    2802    2802   34518     37172    2778    2778   34394
         63     37332    2802    2802   34530     37068    2773    2773   34295
         64     37340    2802    2802   34538     37140    2773    2773   34367
         65     37315    2802    2802   34513     37134    2775    2775   34359
         66     37321    2802    2802   34519     37018    2771    2771   34247
         67     37318    2802    2802   34516     37016    2770    2770   34246
         68     37306    2802    2802   34504     37013    2769    2769   34244
         69     37283    2801    2801   34482     37082    2769    2769   34313
         70     37305    2801    2801   34504     37215    2776    2776   34439
         71     37288    2798    2798   34490     37192    2775    2775   34417
         72     37291    2799    2799   34492     37175    2775    2775   34400
         73     37292    2799    2799   34493     37230    2782    2782   34448
         74     37292    2799    2799   34493     37156    2782    2782   34374
         75     37301    2799    2799   34502     37082    2774    2774   34308
         76     37304    2799    2799   34505     37087    2772    2772   34315
         77     37303    2799    2799   34504     37019    2772    2772   34247
         78     37298    2798    2798   34500     37017    2775    2775   34242
         79     37292    2798    2798   34494     37088    2775    2775   34313
         80     37297    2799    2799   34498     37172    2777    2777   34395
         81     37295    2798    2798   34497     37131    2779    2779   34352
         82     37296    2798    2798   34498     37169    2784    2784   34385
         83     37282    2799    2799   34483     37175    2786    2786   34389
         84     37280    2799    2799   34481     37185    2786    2786   34399
         85     37296    2799    2799   34497     37189    2781    2781   34408
         86     37295    2799    2799   34496     37190    2783    2783   34407
         87     37295    2798    2798   34497     37234    2784    2784   34450
         88     37294    2798    2798   34496     37213    2786    2786   34427
         89     37294    2799    2799   34495     37165    2788    2788   34377
         90     37293    2799    2799   34494     37167    2788    2788   34379
         91     37302    2799    2799   34503     37178    2789    2789   34389
         92     37288    2796    2796   34492     37219    2791    2791   34428
         93     37288    2796    2796   34492     37268    2792    2792   34476
         94     37287    2795    2795   34492     37219    2787    2787   34432
         95     37293    2796    2796   34497     37284    2789    2789   34495
         96     37293    2796    2796   34497     37259    2787    2787   34472
         97     37288    2795    2795   34493     37257    2787    2787   34470
         98     37277    2796    2796   34481     37272    2793    2793   34479
         99     37276    2796    2796   34480     37268    2797    2797   34471
        100     37275    2796    2796   34479     37263    2794    2794   34469
Total time used by netalign is 55.21
true_align (18772) and est_align (2798) DO NOT have the same number of elements.
method netalign has a score of 8.68%
method netalign used 55.209 seconds.
maximum values in init align row is:  18771
maximum values in init align col is:  18750
 best   iter     norm-u     lower   upper     cur      obj  weight    card overlap
    *      1    0.0e+00     35072 41959.5 41959.5    35072    2827    2827   32245
           2    2.3e+04     35072 41959.5 46031.8    29943    2825    2825   27118
           3    3.2e+04     35072 41959.5 44159.8    29430    2829    2829   26601
           4    4.3e+04     35072 41959.5 45259.3    28711    2827    2827   25884
           5    5.0e+04     35072 41959.5 44010.7    28446    2826    2826   25620
           6    5.9e+04     35072 41959.5 44714.9    27083    2827    2827   24256
           7    6.5e+04     35072 41959.5   44038    25590    2828    2828   22762
           8    7.3e+04     35072 41959.5   44450    25402    2825    2825   22577
           9    7.9e+04     35072 41959.5 43842.8    24508    2827    2827   21681
          10    8.6e+04     35072 41959.5 44188.2    25671    2826    2826   22845
          11    9.1e+04     35072 41959.5 43601.4    25169    2826    2826   22343
          12    9.7e+04     35072 41959.5 43934.3    24640    2827    2827   21813
          13    1.0e+05     35072 41959.5 43679.4    24100    2827    2827   21273
          14    1.1e+05     35072 41959.5   43787    24100    2826    2826   21274
          15    1.1e+05     35072 41959.5 43697.4    24147    2827    2827   21320
          16    1.2e+05     35072 41959.5 43649.2    23864    2827    2827   21037
          17    1.2e+05     35072 41959.5 43546.3    24502    2825    2825   21677
          18    1.3e+05     35072 41959.5 43473.3    24185    2825    2825   21360
          19    1.3e+05     35072 41959.5 43554.6    23414    2824    2824   20590
          20    1.4e+05     35072 41959.5 43446.6    24347    2827    2827   21520
          21    1.4e+05     35072 41959.5 43475.3    23542    2827    2827   20715
          22    1.5e+05     35072 41959.5 43413.6    23965    2825    2825   21140
          23    1.5e+05     35072 41959.5 43361.9    23647    2825    2825   20822
          24    1.6e+05     35072 41959.5 43380.3    24070    2825    2825   21245
          25    1.6e+05     35072 41959.5 43182.5    23121    2826    2826   20295
          26    1.6e+05     35072 41959.5 43392.4    22625    2826    2826   19799
               reducing step to 0.2
          27    1.7e+05     35072 41637.7 41637.7    25941    2823    2823   23118
          28    1.7e+05     35072 40826.5 40826.5    24732    2823    2823   21909
          29    1.7e+05     35072 40807.9 40807.9    22564    2821    2821   19743
          30    1.7e+05     35072 40585.8 40585.8    24519    2825    2825   21694
          31    1.7e+05     35072 40516.4 40516.4    24917    2823    2823   22094
          32    1.7e+05     35072 40411.6 40411.6    23771    2823    2823   20948
          33    1.8e+05     35072 40411.6 40445.6    24262    2822    2822   21440
          34    1.8e+05     35072 40261.6 40261.6    24388    2823    2823   21565
          35    1.8e+05     35072 40261.6 40262.3    25072    2824    2824   22248
          36    1.8e+05     35072 40142.4 40142.4    26346    2818    2818   23528
          37    1.8e+05     35072 40142.4 40202.5    26547    2818    2818   23729
          38    1.8e+05     35072 40092.8 40092.8    25455    2819    2819   22636
          39    1.9e+05     35072 40092.8 40094.6    25778    2818    2818   22960
          40    1.9e+05     35072 40010.9 40010.9    25669    2819    2819   22850
          41    1.9e+05     35072 40010.9 40065.7    26812    2820    2820   23992
          42    1.9e+05     35072 39935.8 39935.8    27892    2819    2819   25073
          43    1.9e+05     35072 39935.8 39956.3    27338    2816    2816   24522
          44    1.9e+05     35072 39894.5 39894.5    27172    2819    2819   24353
          45    1.9e+05     35072 39894.5 39945.9    26952    2818    2818   24134
          46    1.9e+05     35072 39864.2 39864.2    27275    2818    2818   24457
          47    2.0e+05     35072 39850.5 39850.5    28575    2817    2817   25758
          48    2.0e+05     35072 39823.7 39823.7    28664    2817    2817   25847
          49    2.0e+05     35072 39823.7 39827.8    29125    2816    2816   26309
          50    2.0e+05     35072 39799.4 39799.4    28025    2816    2816   25209
          51    2.0e+05     35072 39799.4 39802.6    28135    2816    2816   25319
          52    2.0e+05     35072 39799.4 39850.8    27588    2818    2818   24770
          53    2.0e+05     35072 39733.1 39733.1    28240    2816    2816   25424
          54    2.0e+05     35072 39733.1 39745.1    28643    2817    2817   25826
          55    2.0e+05     35072 39639.1 39639.1    28860    2816    2816   26044
          56    2.1e+05     35072 39639.1 39672.6    29419    2817    2817   26602
          57    2.1e+05     35072 39639.1 39673.8    28679    2814    2814   25865
          58    2.1e+05     35072 39639.1 39757.7    28467    2813    2813   25654
          59    2.1e+05     35072 39639.1 39677.5    28830    2815    2815   26015
          60    2.1e+05     35072 39639.1   39654    28686    2815    2815   25871
          61    2.1e+05     35072 39624.6 39624.6    29301    2815    2815   26486
          62    2.1e+05     35072 39624.6 39694.3    29083    2817    2817   26266
          63    2.1e+05     35072   39553   39553    30102    2815    2815   27287
          64    2.1e+05     35072 39540.1 39540.1    28719    2816    2816   25903
          65    2.1e+05     35072 39540.1 39613.6    29423    2816    2816   26607
          66    2.1e+05     35072 39525.7 39525.7    28948    2812    2812   26136
          67    2.2e+05     35072 39525.7   39531    28874    2816    2816   26058
          68    2.2e+05     35072 39525.7   39559    29674    2815    2815   26859
          69    2.2e+05     35072 39514.9 39514.9    30680    2815    2815   27865
          70    2.2e+05     35072 39494.6 39494.6    29729    2812    2812   26917
          71    2.2e+05     35072 39494.6 39506.3    29562    2816    2816   26746
          72    2.2e+05     35072 39494.6 39503.4    29892    2814    2814   27078
          73    2.2e+05     35072 39414.9 39414.9    30380    2812    2812   27568
          74    2.2e+05     35072 39414.9 39482.4    29280    2814    2814   26466
          75    2.2e+05     35072 39414.9 39474.6    29131    2814    2814   26317
          76    2.2e+05     35072 39414.9   39460    29415    2815    2815   26600
          77    2.2e+05     35072 39414.9   39464    29945    2814    2814   27131
          78    2.2e+05     35072 39414.9 39466.6    30403    2818    2818   27585
          79    2.3e+05     35072 39403.5 39403.5    31240    2809    2809   28431
          80    2.3e+05     35072 39403.5 39405.3    30123    2815    2815   27308
          81    2.3e+05     35072 39403.5 39425.2    30859    2811    2811   28048
          82    2.3e+05     35072 39402.5 39402.5    30142    2814    2814   27328
          83    2.3e+05     35072   39380   39380    30857    2813    2813   28044
          84    2.3e+05     35072   39380 39427.7    30909    2812    2812   28097
          85    2.3e+05     35072 39359.9 39359.9    30838    2815    2815   28023
          86    2.3e+05     35072 39359.9 39420.4    29855    2815    2815   27040
          87    2.3e+05     35072 39359.9 39379.8    30646    2811    2811   27835
          88    2.3e+05     35072 39359.9 39365.1    32207    2813    2813   29394
          89    2.3e+05     35072 39302.2 39302.2    32992    2812    2812   30180
          90    2.3e+05     35072   39301   39301    31701    2811    2811   28890
          91    2.3e+05     35072   39301 39306.5    30120    2814    2814   27306
          92    2.3e+05     35072   39301 39411.5    29703    2814    2814   26889
          93    2.4e+05     35072   39301   39303    30207    2815    2815   27392
          94    2.4e+05     35072 39274.2 39274.2    29286    2812    2812   26474
          95    2.4e+05     35072 39274.2 39317.9    29519    2811    2811   26708
          96    2.4e+05     35072 39274.2   39342    30360    2814    2814   27546
          97    2.4e+05     35072 39274.2 39290.7    30808    2812    2812   27996
          98    2.4e+05     35072 39274.2 39286.5    30415    2816    2816   27599
          99    2.4e+05     35072 39274.2 39289.1    30838    2813    2813   28025
         100    2.4e+05     35072 39274.2 39338.1    30093    2815    2815   27278
         101    2.4e+05     35072 39253.6 39253.6    31969    2813    2813   29156
         102    2.4e+05     35072   39250   39250    31716    2817    2817   28899
         103    2.4e+05     35072 39213.5 39213.5    32268    2811    2811   29457
         104    2.4e+05     35072 39213.5 39274.6    31534    2811    2811   28723
         105    2.4e+05     35072 39206.8 39206.8    31422    2813    2813   28609
         106    2.4e+05     35072 39206.8 39272.7    31393    2809    2809   28584
         107    2.4e+05     35072 39204.5 39204.5    31318    2811    2811   28507
         108    2.5e+05     35072 39204.5 39250.8    31612    2808    2808   28804
         109    2.5e+05     35072 39204.5 39215.1    31719    2812    2812   28907
         110    2.5e+05     35072 39204.5 39238.4    31422    2812    2812   28610
         111    2.5e+05     35072 39204.5   39206    32018    2812    2812   29206
         112    2.5e+05     35072 39190.4 39190.4    32876    2811    2811   30065
         113    2.5e+05     35072 39190.4 39208.9    33178    2811    2811   30367
         114    2.5e+05     35072 39142.1 39142.1    31052    2813    2813   28239
         115    2.5e+05     35072 39142.1 39193.1    31412    2811    2811   28601
         116    2.5e+05     35072 39142.1 39233.5    31174    2813    2813   28361
         117    2.5e+05     35072 39142.1 39200.7    30973    2813    2813   28160
         118    2.5e+05     35072 39142.1 39169.6    32341    2814    2814   29527
         119    2.5e+05     35072 39142.1 39156.9    32154    2811    2811   29343
         120    2.5e+05     35072 39142.1 39198.3    30956    2809    2809   28147
         121    2.5e+05     35072 39142.1 39144.5    31509    2814    2814   28695
         122    2.5e+05     35072 39142.1 39200.7    31907    2810    2810   29097
         123    2.5e+05     35072 39142.1 39175.2    33496    2813    2813   30683
         124    2.5e+05     35072 39142.1 39147.1    32190    2809    2809   29381
         125    2.5e+05     35072 39129.5 39129.5    32548    2810    2810   29738
         126    2.5e+05     35072 39129.5 39195.6    32010    2809    2809   29201
         127    2.6e+05     35072 39129.5 39137.6    32765    2814    2814   29951
         128    2.6e+05     35072 39091.6 39091.6    33502    2810    2810   30692
         129    2.6e+05     35072 39091.6 39177.7    33941    2808    2808   31133
         130    2.6e+05     35072 39091.6 39096.4    33084    2809    2809   30275
         131    2.6e+05     35072 39091.6 39092.3    32618    2812    2812   29806
         132    2.6e+05     35072 39081.6 39081.6    32304    2812    2812   29492
         133    2.6e+05     35072 39081.6 39082.4    32063    2811    2811   29252
         134    2.6e+05     35072 39081.6   39287    31990    2815    2815   29175
         135    2.6e+05     35072 39065.9 39065.9    31504    2811    2811   28693
         136    2.6e+05     35072 39065.9 39183.1    30364    2812    2812   27552
         137    2.6e+05     35072 39065.9 39093.3    31916    2811    2811   29105
         138    2.6e+05     35072 39065.9   39209    31633    2812    2812   28821
         139    2.6e+05     35072 39065.9 39069.1    31539    2811    2811   28728
         140    2.6e+05     35072 39065.9 39127.9    30452    2810    2810   27642
         141    2.6e+05     35072 39056.4 39056.4    31704    2811    2811   28893
         142    2.6e+05     35072 39056.4 39174.8    31386    2812    2812   28574
         143    2.6e+05     35072 39025.8 39025.8    32154    2812    2812   29342
         144    2.6e+05     35072 39025.8 39101.9    32265    2814    2814   29451
         145    2.6e+05     35072 39025.8 39060.9    32554    2812    2812   29742
         146    2.6e+05     35072 39025.8 39117.5    32220    2810    2810   29410
         147    2.6e+05     35072 39025.8 39051.2    32808    2810    2810   29998
         148    2.6e+05     35072 39025.8 39080.4    31452    2810    2810   28642
         149    2.7e+05     35072 39025.8 39078.2    31887    2814    2814   29073
         150    2.7e+05     35072 39025.8 39096.2    31662    2812    2812   28850
         151    2.7e+05     35072 39025.8 39086.5    31534    2813    2813   28721
         152    2.7e+05     35072 39025.8 39042.9    30507    2812    2812   27695
         153    2.7e+05     35072 39025.8 39090.4    31302    2810    2810   28492
         154    2.7e+05     35072 39025.8   39097    31391    2814    2814   28577
         155    2.7e+05     35072 39025.8 39117.6    32388    2815    2815   29573
         156    2.7e+05     35072 38997.6 38997.6    32209    2809    2809   29400
         157    2.7e+05     35072 38997.6 39162.7    33561    2812    2812   30749
         158    2.7e+05     35072 38993.9 38993.9    32959    2808    2808   30151
         159    2.7e+05     35072 38993.9 39156.4    32538    2810    2810   29728
         160    2.7e+05     35072 38993.9 39000.7    32885    2810    2810   30075
         161    2.7e+05     35072 38993.9 39119.6    33220    2808    2808   30412
         162    2.7e+05     35072 38903.6 38903.6    33603    2810    2810   30793
         163    2.7e+05     35072 38903.6 39147.8    33103    2812    2812   30291
         164    2.7e+05     35072 38903.6 38946.6    33427    2810    2810   30617
         165    2.7e+05     35072 38903.6 39140.3    32985    2810    2810   30175
         166    2.7e+05     35072 38903.6 38930.1    32075    2811    2811   29264
         167    2.7e+05     35072 38903.6 39106.3    33173    2814    2814   30359
         168    2.7e+05     35072 38903.6 39043.2    33348    2807    2807   30541
         169    2.7e+05     35072 38903.6 39063.1    34023    2809    2809   31214
         170    2.7e+05     35072 38903.6   38931    34383    2810    2810   31573
    *    171    2.7e+05     35728 38903.6 39119.3    35728    2807    2807   32921
         172    2.7e+05     35728 38903.6 38908.8    35292    2808    2808   32484
    *    173    2.7e+05     35860 38903.6 39125.4    35860    2805    2805   33055
         174    2.7e+05     35860 38903.6 38918.6    35231    2808    2808   32423
         175    2.8e+05     35860 38903.6 39100.7    35378    2806    2806   32572
         176    2.8e+05     35860 38903.6 38923.6    34829    2808    2808   32021
         177    2.8e+05     35860 38903.6 39107.7    33739    2807    2807   30932
         178    2.8e+05     35860 38890.8 38890.8    34690    2809    2809   31881
         179    2.8e+05     35860 38890.8 39111.6    34897    2807    2807   32090
         180    2.8e+05     35860 38890.8 38989.5    34612    2806    2806   31806
         181    2.8e+05     35860 38890.8 39024.2    34562    2808    2808   31754
         182    2.8e+05     35860 38890.8 38925.8    34027    2808    2808   31219
         183    2.8e+05     35860 38890.8 39141.1    34062    2808    2808   31254
         184    2.8e+05     35860 38890.8 38927.9    33842    2812    2812   31030
         185    2.8e+05     35860 38890.8 39036.2    33019    2815    2815   30204
         186    2.8e+05     35860 38890.8   38971    32899    2808    2808   30091
         187    2.8e+05     35860 38890.8 39033.1    32871    2811    2811   30060
         188    2.8e+05     35860 38890.8 38986.8    32373    2813    2813   29560
         189    2.8e+05     35860 38890.8 39103.1    32525    2809    2809   29716
         190    2.8e+05     35860 38855.3 38855.3    33005    2810    2810   30195
         191    2.8e+05     35860 38855.3 39079.3    32756    2809    2809   29947
         192    2.8e+05     35860 38855.3 38858.7    32838    2809    2809   30029
         193    2.8e+05     35860 38855.3   39130    32881    2814    2814   30067
         194    2.8e+05     35860 38855.3 38876.9    32500    2811    2811   29689
         195    2.8e+05     35860 38855.3 39118.6    32522    2808    2808   29714
         196    2.8e+05     35860 38855.3 38910.8    33196    2807    2807   30389
         197    2.8e+05     35860 38855.3 39051.5    33186    2809    2809   30377
         198    2.8e+05     35860 38855.3 38911.5    33597    2811    2811   30786
         199    2.8e+05     35860 38855.3   39007    32744    2811    2811   29933
         200    2.8e+05     35860 38855.3 39002.8    32760    2812    2812   29948
         201    2.8e+05     35860 38855.3 39010.1    34434    2808    2808   31626
         202    2.8e+05     35860 38855.3 38969.5    35145    2810    2810   32335
         203    2.8e+05     35860 38855.3 38918.3    35146    2809    2809   32337
         204    2.8e+05     35860 38855.3   38980    35493    2807    2807   32686
         205    2.8e+05     35860 38855.3 38930.7    35465    2806    2806   32659
         206    2.8e+05     35860 38855.3 38981.1    35624    2806    2806   32818
         207    2.8e+05     35860 38855.3 38943.2    35170    2809    2809   32361
         208    2.8e+05     35860 38855.3 38929.4    35695    2807    2807   32888
         209    2.8e+05     35860 38855.3 39014.7    35640    2808    2808   32832
         210    2.9e+05     35860 38855.3 38941.7    35478    2806    2806   32672
         211    2.9e+05     35860 38855.3 39021.2    35006    2809    2809   32197
         212    2.9e+05     35860 38855.3 38935.1    34885    2805    2805   32080
         213    2.9e+05     35860 38855.3 39118.9    35162    2808    2808   32354
         214    2.9e+05     35860 38855.3 38897.6    34424    2805    2805   31619
         215    2.9e+05     35860 38855.3 39037.7    33467    2809    2809   30658
               reducing step to 0.1
         216    2.9e+05     35860 38435.4 38435.4    31742    2810    2810   28932
         217    2.9e+05     35860 38212.1 38212.1    32235    2811    2811   29424
         218    2.9e+05     35860 38210.5 38210.5    33838    2809    2809   31029
         219    2.9e+05     35860 38162.9 38162.9    34695    2805    2805   31890
         220    2.9e+05     35860 38162.9 38186.6    35834    2806    2806   33028
    *    221    2.9e+05     36142 38121.7 38121.7    36142    2804    2804   33338
    *    222    2.9e+05     36675 38121.7 38167.9    36675    2807    2807   33868
         223    2.9e+05     36675 38096.6 38096.6    36604    2805    2805   33799
    *    224    2.9e+05     36906 38096.6 38172.6    36906    2805    2805   34101
         225    2.9e+05     36906 38096.6 38099.4    36371    2805    2805   33566
         226    2.9e+05     36906 38096.6 38119.7    36487    2806    2806   33681
         227    2.9e+05     36906 38096.6 38106.4    36781    2806    2806   33975
         228    2.9e+05     36906 38096.6 38161.3    36887    2805    2805   34082
    *    229    2.9e+05     37035   38084   38084    37035    2804    2804   34231
         230    2.9e+05     37035   38084 38142.6    36917    2805    2805   34112
         231    2.9e+05     37035   38084   38084    36895    2805    2805   34090
    *    232    2.9e+05     37144   38084 38158.9    37144    2804    2804   34340
         233    2.9e+05     37144   38084 38089.3    37128    2804    2804   34324
         234    2.9e+05     37144   38084 38131.5    37085    2804    2804   34281
    *    235    2.9e+05     37148   38084 38094.8    37148    2804    2804   34344
         236    2.9e+05     37148   38084   38145    37136    2804    2804   34332
         237    2.9e+05     37148   38084 38086.5    37093    2804    2804   34289
         238    2.9e+05     37148   38084 38151.1    37121    2804    2804   34317
         239    2.9e+05     37148   38084   38087    36917    2805    2805   34112
    *    240    2.9e+05     37154   38084 38154.6    37154    2804    2804   34350
         241    2.9e+05     37154 38074.4 38074.4    36982    2804    2804   34178
    *    242    2.9e+05     37219 38074.4 38148.7    37219    2804    2804   34415
         243    2.9e+05     37219 38074.4 38077.6    37070    2804    2804   34266
         244    2.9e+05     37219 38074.4 38151.6    37150    2804    2804   34346
         245    2.9e+05     37219 38068.5 38068.5    37149    2804    2804   34345
         246    2.9e+05     37219 38068.5 38148.5    37217    2804    2804   34413
    *    247    2.9e+05     37229 38068.5 38074.2    37229    2804    2804   34425
    *    248    2.9e+05     37235 38068.5 38141.8    37235    2804    2804   34431
         249    2.9e+05     37235 38068.5 38071.7    37199    2805    2805   34394
         250    2.9e+05     37235 38068.5 38144.7    37233    2804    2804   34429
         251    2.9e+05     37235 38068.5 38076.1    37161    2805    2805   34356
         252    2.9e+05     37235 38068.5   38135    37200    2804    2804   34396
         253    2.9e+05     37235 38068.5 38072.5    37213    2804    2804   34409
    *    254    2.9e+05     37251 38068.5 38137.2    37251    2804    2804   34447
         255    2.9e+05     37251 38068.5 38072.8    37250    2804    2804   34446
    *    256    2.9e+05     37272 38068.5 38138.4    37272    2804    2804   34468
         257    2.9e+05     37272 38068.5 38069.9    37199    2804    2804   34395
         258    2.9e+05     37272 38068.5 38134.9    37259    2804    2804   34455
         259    2.9e+05     37272 38067.1 38067.1    37229    2804    2804   34425
         260    2.9e+05     37272 38067.1 38137.5    37213    2804    2804   34409
         261    2.9e+05     37272 38066.2 38066.2    37180    2804    2804   34376
         262    2.9e+05     37272 38066.2 38126.9    37219    2804    2804   34415
         263    2.9e+05     37272 38063.9 38063.9    37229    2804    2804   34425
         264    2.9e+05     37272 38063.9 38129.1    37265    2804    2804   34461
         265    2.9e+05     37272 38063.9 38067.9    37244    2804    2804   34440
         266    2.9e+05     37272 38063.9 38127.9    37225    2804    2804   34421
         267    2.9e+05     37272 38063.6 38063.6    36813    2804    2804   34009
         268    2.9e+05     37272 38063.6 38145.3    36924    2804    2804   34120
         269    2.9e+05     37272 38063.6 38068.1    36890    2804    2804   34086
    *    270    2.9e+05     37277 38063.6 38120.4    37277    2804    2804   34473
         271    2.9e+05     37277 38063.6 38066.7    37160    2804    2804   34356
         272    2.9e+05     37277 38063.6 38134.5    37253    2804    2804   34449
         273    2.9e+05     37277 38063.6 38069.1    37222    2804    2804   34418
         274    2.9e+05     37277 38063.6 38136.8    37277    2804    2804   34473
         275    2.9e+05     37277 38063.6 38067.5    37210    2804    2804   34406
         276    2.9e+05     37277 38063.6 38137.2    36836    2804    2804   34032
         277    2.9e+05     37277   38063   38063    37050    2804    2804   34246
         278    2.9e+05     37277   38063 38140.1    36696    2806    2806   33890
         279    2.9e+05     37277 38061.1 38061.1    37189    2804    2804   34385
         280    2.9e+05     37277 38061.1 38137.9    37153    2804    2804   34349
         281    2.9e+05     37277 38059.6 38059.6    37110    2805    2805   34305
         282    2.9e+05     37277 38059.6 38121.1    37086    2805    2805   34281
         283    2.9e+05     37277 38059.2 38059.2    37162    2804    2804   34358
         284    2.9e+05     37277 38059.2 38135.6    37210    2804    2804   34406
         285    2.9e+05     37277 38059.1 38059.1    37183    2804    2804   34379
         286    2.9e+05     37277 38059.1 38133.5    37220    2804    2804   34416
    *    287    2.9e+05     37285   38059   38059    37285    2804    2804   34481
         288    2.9e+05     37285   38059 38122.3    37279    2804    2804   34475
    *    289    2.9e+05     37315   38059 38070.7    37315    2804    2804   34511
         290    2.9e+05     37315   38059   38108    37280    2804    2804   34476
         291    2.9e+05     37315   38059 38067.9    37283    2804    2804   34479
         292    2.9e+05     37315   38059 38130.7    37301    2804    2804   34497
         293    2.9e+05     37315   38059 38065.8    36889    2804    2804   34085
         294    2.9e+05     37315   38059 38110.9    37237    2804    2804   34433
         295    2.9e+05     37315   38059 38083.3    37224    2804    2804   34420
         296    2.9e+05     37315   38059 38106.9    37236    2804    2804   34432
         297    2.9e+05     37315   38059 38086.3    37238    2804    2804   34434
         298    2.9e+05     37315   38059 38110.2    37257    2804    2804   34453
         299    2.9e+05     37315   38059 38081.1    37220    2805    2805   34415
         300    2.9e+05     37315   38059 38113.5    37223    2804    2804   34419
         301    2.9e+05     37315   38059 38083.9    37257    2804    2804   34453
         302    2.9e+05     37315   38059 38106.3    37222    2804    2804   34418
         303    2.9e+05     37315   38059 38066.3    37218    2804    2804   34414
         304    2.9e+05     37315   38059 38122.5    37197    2804    2804   34393
         305    2.9e+05     37315   38059 38070.2    37199    2804    2804   34395
         306    2.9e+05     37315   38059 38099.3    37054    2804    2804   34250
         307    2.9e+05     37315   38059 38088.7    37289    2804    2804   34485
         308    2.9e+05     37315   38059 38082.4    37226    2804    2804   34422
         309    2.9e+05     37315   38059 38075.3    37263    2804    2804   34459
         310    2.9e+05     37315   38059   38090    37301    2804    2804   34497
         311    2.9e+05     37315   38059 38069.2    37284    2804    2804   34480
    *    312    2.9e+05     37319   38059 38101.5    37319    2804    2804   34515
               reducing step to 0.05
         313    2.9e+05     37319 37894.3 37894.3    36736    2804    2804   33932
         314    2.9e+05     37319 37813.5 37813.5    36895    2805    2805   34090
         315    2.9e+05     37319 37813.5 37831.4    37138    2805    2805   34333
         316    2.9e+05     37319 37809.5 37809.5    37159    2804    2804   34355
         317    2.9e+05     37319 37809.5 37821.6    37095    2805    2805   34290
         318    2.9e+05     37319 37796.4 37796.4    37251    2805    2805   34446
         319    2.9e+05     37319 37796.4 37816.6    37218    2803    2803   34415
         320    2.9e+05     37319 37795.9 37795.9    37315    2805    2805   34510
         321    2.9e+05     37319 37795.9 37810.2    37310    2804    2804   34506
         322    2.9e+05     37319 37794.1 37794.1    37286    2805    2805   34481
         323    2.9e+05     37319 37794.1   37810    37274    2804    2804   34470
         324    2.9e+05     37319 37794.1 37796.2    37262    2805    2805   34457
    *    325    2.9e+05     37344 37794.1 37805.7    37344    2803    2803   34541
         326    2.9e+05     37344 37790.6 37790.6    37294    2806    2806   34488
    *    327    2.9e+05     37351 37790.6 37815.6    37351    2804    2804   34547
    *    328    2.9e+05     37363 37789.6 37789.6    37363    2805    2805   34558
         329    2.9e+05     37363 37789.6 37805.6    37328    2803    2803   34525
         330    2.9e+05     37363 37787.4 37787.4    37350    2805    2805   34545
         331    2.9e+05     37363 37787.4 37804.9    37354    2804    2804   34550
         332    2.9e+05     37363 37787.4 37788.7    37312    2805    2805   34507
         333    2.9e+05     37363 37787.4 37805.8    37338    2803    2803   34535
         334    2.9e+05     37363 37783.8 37783.8    37334    2805    2805   34529
         335    2.9e+05     37363 37783.8 37806.7    37358    2804    2804   34554
    *    336    2.9e+05     37371 37783.8 37787.9    37371    2805    2805   34566
         337    2.9e+05     37371 37783.8 37800.4    37368    2803    2803   34565
    *    338    2.9e+05     37381 37783.8 37791.4    37381    2805    2805   34576
         339    2.9e+05     37381 37783.8 37800.5    37370    2804    2804   34566
         340    2.9e+05     37381 37783.8 37790.7    37341    2805    2805   34536
         341    2.9e+05     37381 37783.8   37800    37344    2803    2803   34541
         342    2.9e+05     37381 37783.8   37787    37372    2805    2805   34567
         343    2.9e+05     37381 37783.8   37799    37341    2804    2804   34537
         344    2.9e+05     37381 37783.8 37787.1    37358    2805    2805   34553
         345    2.9e+05     37381 37783.8 37799.2    37312    2803    2803   34509
         346    2.9e+05     37381 37783.8 37788.5    37374    2805    2805   34569
         347    2.9e+05     37381 37783.8 37795.7    37360    2804    2804   34556
         348    2.9e+05     37381 37783.8 37787.6    37360    2805    2805   34555
         349    2.9e+05     37381 37783.8 37795.6    37362    2803    2803   34559
    *    350    2.9e+05     37395 37783.8 37785.6    37395    2805    2805   34590
         351    2.9e+05     37395 37783.8   37799    37349    2804    2804   34545
         352    2.9e+05     37395 37783.8 37787.4    37382    2805    2805   34577
         353    2.9e+05     37395 37783.8 37801.3    37355    2803    2803   34552
         354    2.9e+05     37395 37783.8 37786.2    37383    2805    2805   34578
         355    2.9e+05     37395 37783.8 37791.5    37370    2804    2804   34566
         356    2.9e+05     37395 37783.8 37797.3    37357    2805    2805   34552
         357    2.9e+05     37395 37783.8 37791.6    37333    2803    2803   34530
         358    2.9e+05     37395 37783.8 37792.8    37383    2805    2805   34578
         359    2.9e+05     37395 37783.8 37792.9    37362    2804    2804   34558
               reducing step to 0.025
         360    2.9e+05     37395 37719.7 37719.7    36988    2803    2803   34185
         361    2.9e+05     37395 37689.5 37689.5    36848    2806    2806   34042
         362    2.9e+05     37395 37689.5   37697    37177    2804    2804   34373
         363    2.9e+05     37395 37680.2 37680.2    37063    2805    2805   34258
         364    2.9e+05     37395 37680.2 37688.8    37229    2804    2804   34425
         365    2.9e+05     37395   37677   37677    37247    2805    2805   34442
         366    2.9e+05     37395   37677 37686.9    37281    2804    2804   34477
         367    2.9e+05     37395   37676   37676    37352    2805    2805   34547
         368    2.9e+05     37395   37676 37684.8    37365    2804    2804   34561
         369    2.9e+05     37395 37675.1 37675.1    37352    2805    2805   34547
         370    2.9e+05     37395 37675.1 37682.6    37383    2804    2804   34579
    *    371    2.9e+05     37406 37672.5 37672.5    37406    2805    2805   34601
         372    2.9e+05     37406 37672.5 37681.5    37384    2804    2804   34580
         373    2.9e+05     37406 37672.1 37672.1    37404    2805    2805   34599
    *    374    2.9e+05     37419 37672.1 37679.6    37419    2804    2804   34615
         375    2.9e+05     37419 37669.3 37669.3    37412    2805    2805   34607
    *    376    2.9e+05     37429 37669.3 37677.6    37429    2804    2804   34625
         377    2.9e+05     37429 37668.9 37668.9    37410    2805    2805   34605
         378    2.9e+05     37429 37668.9 37677.7    37403    2804    2804   34599
         379    2.9e+05     37429 37667.7 37667.7    37416    2805    2805   34611
         380    2.9e+05     37429 37667.7   37678    37425    2804    2804   34621
         381    2.9e+05     37429 37666.8 37666.8    37408    2805    2805   34603
         382    2.9e+05     37429 37666.8 37676.8    37389    2804    2804   34585
         383    2.9e+05     37429 37666.8 37667.2    37416    2805    2805   34611
         384    2.9e+05     37429 37666.8 37676.6    37399    2804    2804   34595
         385    2.9e+05     37429 37666.8 37666.9    37394    2805    2805   34589
         386    2.9e+05     37429 37666.8 37675.4    37416    2804    2804   34612
         387    2.9e+05     37429 37665.8 37665.8    37416    2805    2805   34611
         388    2.9e+05     37429 37665.8 37676.9    37404    2804    2804   34600
         389    2.9e+05     37429 37665.8 37668.8    37413    2805    2805   34608
         390    2.9e+05     37429 37665.8 37676.7    37410    2804    2804   34606
         391    2.9e+05     37429 37665.8 37665.9    37409    2805    2805   34604
         392    2.9e+05     37429 37665.8 37677.9    37413    2804    2804   34609
         393    2.9e+05     37429 37665.7 37665.7    37417    2805    2805   34612
         394    2.9e+05     37429 37665.7 37673.6    37416    2804    2804   34612
    *    395    2.9e+05     37433 37665.7 37666.4    37433    2805    2805   34628
         396    2.9e+05     37433 37665.7 37673.1    37411    2804    2804   34607
         397    2.9e+05     37433 37665.7 37666.3    37414    2805    2805   34609
    *    398    2.9e+05     37435 37665.7 37673.7    37435    2804    2804   34631
         399    2.9e+05     37435 37664.8 37664.8    37426    2805    2805   34621
         400    2.9e+05     37435 37664.8 37675.1    37431    2804    2804   34627
         401    2.9e+05     37435 37662.9 37662.9    37428    2805    2805   34623
         402    2.9e+05     37435 37662.9 37673.5    37422    2804    2804   34618
         403    2.9e+05     37435 37662.9 37664.7    37406    2805    2805   34601
         404    2.9e+05     37435 37662.9 37674.2    37414    2804    2804   34610
         405    2.9e+05     37435 37662.8 37662.8    37424    2805    2805   34619
         406    2.9e+05     37435 37662.8 37673.1    37407    2804    2804   34603
         407    2.9e+05     37435 37662.8   37664    37408    2805    2805   34603
         408    2.9e+05     37435 37662.8 37673.7    37423    2804    2804   34619
         409    2.9e+05     37435 37662.8 37663.3    37395    2805    2805   34590
         410    2.9e+05     37435 37662.8 37674.5    37423    2804    2804   34619
         411    2.9e+05     37435 37662.8 37664.7    37415    2805    2805   34610
         412    2.9e+05     37435 37662.8 37672.2    37386    2804    2804   34582
         413    2.9e+05     37435 37662.8 37662.9    37432    2805    2805   34627
         414    2.9e+05     37435 37662.8 37673.5    37420    2804    2804   34616
         415    2.9e+05     37435 37662.5 37662.5    37428    2805    2805   34623
         416    2.9e+05     37435 37662.5 37673.4    37411    2804    2804   34607
         417    2.9e+05     37435 37662.5 37662.8    37421    2805    2805   34616
         418    2.9e+05     37435 37662.5 37672.6    37428    2804    2804   34624
         419    2.9e+05     37435   37662   37662    37435    2805    2805   34630
         420    2.9e+05     37435   37662 37674.1    37404    2804    2804   34600
         421    2.9e+05     37435   37662   37662    37430    2805    2805   34625
         422    2.9e+05     37435   37662 37672.2    37423    2804    2804   34619
         423    2.9e+05     37435 37661.5 37661.5    37411    2805    2805   34606
         424    2.9e+05     37435 37661.5 37671.6    37399    2804    2804   34595
         425    2.9e+05     37435 37661.5 37661.5    37387    2805    2805   34582
         426    2.9e+05     37435 37661.5 37671.3    37418    2804    2804   34614
         427    2.9e+05     37435 37661.5 37662.4    37406    2805    2805   34601
         428    2.9e+05     37435 37661.5 37672.1    37410    2804    2804   34606
         429    2.9e+05     37435 37661.5 37664.6    37422    2805    2805   34617
         430    2.9e+05     37435 37661.5 37671.1    37406    2804    2804   34602
         431    2.9e+05     37435 37661.5 37664.6    37423    2805    2805   34618
         432    2.9e+05     37435 37661.5 37670.6    37421    2804    2804   34617
         433    2.9e+05     37435 37661.5   37662    37411    2805    2805   34606
         434    2.9e+05     37435 37661.5 37670.3    37402    2804    2804   34598
         435    2.9e+05     37435 37661.5 37662.8    37427    2805    2805   34622
         436    2.9e+05     37435 37661.5 37670.9    37423    2804    2804   34619
         437    2.9e+05     37435 37661.5 37664.5    37419    2805    2805   34614
         438    2.9e+05     37435 37661.5 37670.7    37409    2804    2804   34605
         439    2.9e+05     37435 37661.5 37664.1    37433    2805    2805   34628
         440    2.9e+05     37435 37661.5 37671.5    37410    2804    2804   34606
         441    2.9e+05     37435 37661.1 37661.1    37419    2805    2805   34614
         442    2.9e+05     37435 37661.1 37669.9    37392    2804    2804   34588
         443    2.9e+05     37435 37661.1 37663.3    37433    2805    2805   34628
         444    2.9e+05     37435 37661.1 37670.9    37398    2804    2804   34594
         445    2.9e+05     37435 37661.1 37663.5    37427    2805    2805   34622
         446    2.9e+05     37435 37661.1 37670.1    37416    2804    2804   34612
         447    2.9e+05     37435 37660.6 37660.6    37430    2805    2805   34625
         448    2.9e+05     37435 37660.6 37671.3    37407    2804    2804   34603
         449    2.9e+05     37435 37660.2 37660.2    37402    2805    2805   34597
         450    2.9e+05     37435 37660.2 37669.3    37425    2804    2804   34621
         451    2.9e+05     37435 37660.2 37660.6    37412    2805    2805   34607
         452    2.9e+05     37435 37660.2   37670    37414    2804    2804   34610
         453    2.9e+05     37435 37660.2 37660.7    37421    2805    2805   34616
         454    2.9e+05     37435 37660.2 37670.7    37411    2804    2804   34607
         455    2.9e+05     37435 37660.2 37663.4    37409    2805    2805   34604
         456    2.9e+05     37435 37660.2 37669.6    37396    2804    2804   34592
         457    2.9e+05     37435 37660.2 37662.1    37408    2805    2805   34603
         458    2.9e+05     37435 37660.2 37671.2    37420    2804    2804   34616
         459    2.9e+05     37435 37659.8 37659.8    37429    2805    2805   34624
         460    2.9e+05     37435 37659.8 37670.1    37415    2804    2804   34611
         461    2.9e+05     37435 37659.8 37660.2    37428    2805    2805   34623
         462    2.9e+05     37435 37659.8 37673.6    37424    2804    2804   34620
         463    2.9e+05     37435 37659.8 37660.6    37429    2805    2805   34624
    *    464    2.9e+05     37437 37659.8 37672.3    37437    2804    2804   34633
         465    2.9e+05     37437 37659.3 37659.3    37400    2805    2805   34595
         466    2.9e+05     37437 37659.3 37672.8    37425    2804    2804   34621
         467    2.9e+05     37437 37659.3 37660.2    37395    2805    2805   34590
         468    2.9e+05     37437 37659.3 37672.6    37431    2804    2804   34627
         469    2.9e+05     37437 37659.3 37659.7    37429    2805    2805   34624
         470    2.9e+05     37437 37659.3 37668.7    37400    2804    2804   34596
         471    2.9e+05     37437 37659.3 37659.5    37429    2805    2805   34624
         472    2.9e+05     37437 37659.3 37668.6    37428    2804    2804   34624
         473    2.9e+05     37437 37658.8 37658.8    37411    2805    2805   34606
         474    2.9e+05     37437 37658.8 37668.4    37410    2804    2804   34606
         475    2.9e+05     37437 37658.8 37662.6    37421    2805    2805   34616
         476    2.9e+05     37437 37658.8 37668.7    37420    2804    2804   34616
         477    2.9e+05     37437 37658.8 37662.3    37414    2805    2805   34609
         478    2.9e+05     37437 37658.8 37670.5    37408    2804    2804   34604
         479    2.9e+05     37437 37658.8 37660.7    37413    2805    2805   34608
         480    2.9e+05     37437 37658.8 37668.8    37427    2804    2804   34623
         481    2.9e+05     37437 37658.8 37659.5    37429    2805    2805   34624
         482    2.9e+05     37437 37658.8 37670.7    37423    2804    2804   34619
         483    2.9e+05     37437 37658.2 37658.2    37421    2805    2805   34616
         484    2.9e+05     37437 37658.2 37670.5    37426    2804    2804   34622
         485    2.9e+05     37437 37658.2 37661.1    37425    2805    2805   34620
         486    2.9e+05     37437 37658.2 37669.1    37404    2804    2804   34600
         487    2.9e+05     37437 37658.2 37660.6    37412    2805    2805   34607
         488    2.9e+05     37437 37658.2 37669.2    37404    2804    2804   34600
         489    2.9e+05     37437 37658.2 37660.5    37369    2805    2805   34564
         490    2.9e+05     37437 37658.2 37667.7    37415    2804    2804   34611
         491    2.9e+05     37437 37658.2 37661.3    37420    2805    2805   34615
         492    2.9e+05     37437 37658.2 37667.7    37416    2804    2804   34612
         493    2.9e+05     37437 37658.2 37662.2    37423    2805    2805   34618
         494    2.9e+05     37437 37658.2 37667.5    37430    2804    2804   34626
         495    2.9e+05     37437 37658.2 37662.2    37436    2805    2805   34631
         496    2.9e+05     37437 37658.2 37668.1    37414    2804    2804   34610
         497    2.9e+05     37437 37658.2 37661.7    37401    2805    2805   34596
         498    2.9e+05     37437 37658.2 37668.1    37427    2804    2804   34623
         499    2.9e+05     37437 37658.2 37659.9    37427    2805    2805   34622
         500    2.9e+05     37437 37658.2 37669.7    37409    2804    2804   34605
         501    2.9e+05     37437 37658.2   37661    37423    2805    2805   34618
         502    2.9e+05     37437 37658.2 37667.4    37414    2804    2804   34610
         503    2.9e+05     37437 37658.2 37661.1    37422    2805    2805   34617
         504    2.9e+05     37437 37658.2 37667.9    37424    2804    2804   34620
         505    2.9e+05     37437 37658.2   37661    37406    2805    2805   34601
         506    2.9e+05     37437 37658.2 37667.9    37397    2804    2804   34593
         507    2.9e+05     37437 37658.2 37662.2    37424    2805    2805   34619
         508    2.9e+05     37437 37658.2 37668.2    37418    2804    2804   34614
               reducing step to 0.0125
         509    2.9e+05     37437 37634.5 37634.5    37286    2805    2805   34481
         510    2.9e+05     37437 37621.7 37621.7    37338    2805    2805   34533
         511    2.9e+05     37437 37621.7 37626.3    37361    2805    2805   34556
         512    2.9e+05     37437 37617.8 37617.8    37351    2805    2805   34546
         513    2.9e+05     37437 37617.8 37623.9    37384    2805    2805   34579
         514    2.9e+05     37437 37614.6 37614.6    37349    2805    2805   34544
         515    2.9e+05     37437 37614.6   37621    37430    2805    2805   34625
         516    2.9e+05     37437 37614.6 37614.9    37393    2805    2805   34588
         517    2.9e+05     37437 37614.6 37619.4    37392    2805    2805   34587
         518    2.9e+05     37437   37614   37614    37399    2805    2805   34594
         519    2.9e+05     37437   37614 37617.8    37272    2805    2805   34467
         520    2.9e+05     37437   37614 37614.3    37417    2805    2805   34612
         521    2.9e+05     37437   37614 37618.2    37421    2805    2805   34616
         522    2.9e+05     37437   37614 37614.4    37426    2805    2805   34621
         523    2.9e+05     37437   37614 37617.6    37435    2805    2805   34630
         524    2.9e+05     37437   37613   37613    37427    2805    2805   34622
         525    2.9e+05     37437   37613 37617.4    37424    2805    2805   34619
         526    2.9e+05     37437 37611.3 37611.3    37433    2805    2805   34628
         527    2.9e+05     37437 37611.3 37617.4    37413    2805    2805   34608
         528    2.9e+05     37437 37609.1 37609.1    37427    2805    2805   34622
         529    2.9e+05     37437 37609.1 37617.4    37403    2804    2804   34599
         530    2.9e+05     37437 37609.1   37610    37427    2805    2805   34622
         531    2.9e+05     37437 37609.1 37617.9    37435    2805    2805   34630
         532    2.9e+05     37437 37609.1   37610    37422    2805    2805   34617
         533    2.9e+05     37437 37609.1 37617.4    37434    2805    2805   34629
         534    2.9e+05     37437 37608.3 37608.3    37427    2805    2805   34622
         535    2.9e+05     37437 37608.3 37618.4    37380    2805    2805   34575
    *    536    2.9e+05     37448 37607.8 37607.8    37448    2805    2805   34643
         537    2.9e+05     37448 37607.8 37618.1    37429    2805    2805   34624
         538    2.9e+05     37448 37607.8 37608.6    37440    2805    2805   34635
         539    2.9e+05     37448 37607.8 37616.2    37427    2805    2805   34622
    *    540    2.9e+05     37453 37607.8 37608.5    37453    2805    2805   34648
         541    2.9e+05     37453 37607.8 37616.5    37377    2805    2805   34572
         542    2.9e+05     37453 37607.8 37609.1    37438    2805    2805   34633
         543    2.9e+05     37453 37607.8 37615.3    37408    2805    2805   34603
         544    2.9e+05     37453 37607.8 37609.4    37441    2805    2805   34636
         545    2.9e+05     37453 37607.8   37617    37429    2805    2805   34624
         546    2.9e+05     37453 37607.8 37608.2    37443    2805    2805   34638
         547    2.9e+05     37453 37607.8 37615.9    37449    2805    2805   34644
         548    2.9e+05     37453 37607.8 37609.2    37438    2805    2805   34633
         549    2.9e+05     37453 37607.8 37615.2    37402    2805    2805   34597
         550    2.9e+05     37453 37607.8 37608.3    37450    2805    2805   34645
         551    2.9e+05     37453 37607.8 37615.2    37444    2805    2805   34639
    *    552    2.9e+05     37455 37607.5 37607.5    37455    2805    2805   34650
         553    2.9e+05     37455 37607.5 37616.1    37438    2805    2805   34633
         554    2.9e+05     37455 37607.5 37607.6    37441    2805    2805   34636
         555    2.9e+05     37455 37607.5 37615.2    37394    2805    2805   34589
         556    2.9e+05     37455 37607.3 37607.3    37426    2805    2805   34621
         557    2.9e+05     37455 37607.3 37615.1    37426    2805    2805   34621
         558    2.9e+05     37455 37606.7 37606.7    37436    2805    2805   34631
         559    2.9e+05     37455 37606.7 37614.9    37439    2805    2805   34634
         560    2.9e+05     37455 37606.7 37607.5    37428    2805    2805   34623
         561    2.9e+05     37455 37606.7 37614.4    37449    2805    2805   34644
         562    2.9e+05     37455   37606   37606    37439    2805    2805   34634
         563    2.9e+05     37455   37606 37614.2    37435    2805    2805   34630
         564    2.9e+05     37455   37606 37606.9    37442    2805    2805   34637
         565    2.9e+05     37455   37606 37614.8    37437    2805    2805   34632
         566    2.9e+05     37455   37606 37607.4    37429    2805    2805   34624
         567    2.9e+05     37455   37606 37614.9    37427    2805    2805   34622
         568    2.9e+05     37455   37606 37608.7    37407    2805    2805   34602
         569    2.9e+05     37455   37606   37614    37441    2805    2805   34636
         570    2.9e+05     37455   37606 37608.7    37444    2805    2805   34639
         571    2.9e+05     37455   37606 37615.3    37423    2805    2805   34618
         572    2.9e+05     37455   37606 37606.1    37448    2805    2805   34643
         573    2.9e+05     37455   37606 37616.9    37449    2805    2805   34644
         574    2.9e+05     37455 37605.8 37605.8    37443    2805    2805   34638
         575    2.9e+05     37455 37605.8 37614.5    37445    2805    2805   34640
         576    2.9e+05     37455 37605.5 37605.5    37449    2805    2805   34644
         577    2.9e+05     37455 37605.5 37614.2    37447    2805    2805   34642
         578    2.9e+05     37455 37605.5 37606.4    37443    2805    2805   34638
         579    2.9e+05     37455 37605.5 37614.9    37414    2805    2805   34609
         580    2.9e+05     37455 37605.5 37606.7    37437    2805    2805   34632
         581    2.9e+05     37455 37605.5 37612.8    37439    2805    2805   34634
         582    2.9e+05     37455 37605.5 37609.4    37416    2805    2805   34611
         583    2.9e+05     37455 37605.5 37613.4    37434    2805    2805   34629
         584    2.9e+05     37455 37605.5 37607.4    37428    2805    2805   34623
         585    2.9e+05     37455 37605.5 37613.7    37429    2805    2805   34624
         586    2.9e+05     37455 37605.5 37607.1    37439    2805    2805   34634
         587    2.9e+05     37455 37605.5 37615.4    37436    2805    2805   34631
         588    2.9e+05     37455 37605.5 37606.4    37449    2805    2805   34644
         589    2.9e+05     37455 37605.5 37613.8    37444    2805    2805   34639
         590    2.9e+05     37455 37605.5 37607.1    37429    2805    2805   34624
         591    2.9e+05     37455 37605.5 37614.8    37428    2805    2805   34623
         592    2.9e+05     37455 37605.5   37607    37429    2805    2805   34624
         593    2.9e+05     37455 37605.5 37613.8    37440    2805    2805   34635
         594    2.9e+05     37455 37605.5 37606.7    37442    2805    2805   34637
         595    2.9e+05     37455 37605.5 37614.6    37417    2805    2805   34612
         596    2.9e+05     37455 37605.5 37608.1    37442    2805    2805   34637
         597    2.9e+05     37455 37605.5 37612.6    37443    2805    2805   34638
         598    2.9e+05     37455 37605.5 37607.6    37438    2805    2805   34633
         599    2.9e+05     37455 37605.5 37612.8    37430    2805    2805   34625
         600    2.9e+05     37455 37605.5 37607.7    37452    2805    2805   34647
         601    2.9e+05     37455 37605.5 37614.2    37421    2805    2805   34616
               reducing step to 0.00625
         602    2.9e+05     37455 37598.7 37598.7    37324    2806    2806   34518
         603    2.9e+05     37455 37591.3 37591.3    37411    2804    2804   34607
         604    2.9e+05     37455 37591.3 37593.3    37392    2805    2805   34587
         605    2.9e+05     37455 37590.3 37590.3    37421    2805    2805   34616
         606    2.9e+05     37455 37590.3 37592.1    37440    2805    2805   34635
         607    2.9e+05     37455 37588.9 37588.9    37453    2805    2805   34648
         608    2.9e+05     37455 37588.9 37591.1    37435    2805    2805   34630
    *    609    2.9e+05     37469 37588.6 37588.6    37469    2805    2805   34664
         610    2.9e+05     37469 37588.6 37590.2    37432    2805    2805   34627
         611    2.9e+05     37469   37588   37588    37442    2805    2805   34637
         612    2.9e+05     37469   37588 37589.5    37418    2805    2805   34613
         613    2.9e+05     37469   37588 37588.2    37397    2805    2805   34592
         614    2.9e+05     37469   37588 37589.1    37450    2805    2805   34645
         615    2.9e+05     37469 37587.6 37587.6    37435    2805    2805   34630
         616    2.9e+05     37469 37587.6 37588.3    37424    2805    2805   34619
         617    2.9e+05     37469 37586.6 37586.6    37441    2805    2805   34636
         618    2.9e+05     37469 37586.6 37589.1    37446    2805    2805   34641
         619    2.9e+05     37469 37585.9 37585.9    37457    2805    2805   34652
         620    2.9e+05     37469 37585.9 37588.8    37431    2805    2805   34626
         621    2.9e+05     37469 37585.4 37585.4    37442    2805    2805   34637
         622    2.9e+05     37469 37585.4 37588.4    37439    2805    2805   34634
         623    2.9e+05     37469 37585.1 37585.1    37427    2805    2805   34622
         624    2.9e+05     37469 37585.1 37587.5    37434    2805    2805   34629
         625    2.9e+05     37469 37585.1 37585.4    37437    2805    2805   34632
         626    2.9e+05     37469 37585.1 37588.3    37463    2805    2805   34658
         627    2.9e+05     37469 37585.1 37585.3    37446    2805    2805   34641
         628    2.9e+05     37469 37585.1 37587.6    37444    2805    2805   34639
         629    2.9e+05     37469 37585.1 37585.9    37444    2805    2805   34639
         630    2.9e+05     37469 37585.1 37587.6    37452    2805    2805   34647
         631    2.9e+05     37469 37585.1 37585.8    37442    2805    2805   34637
         632    2.9e+05     37469 37585.1   37587    37449    2805    2805   34644
         633    2.9e+05     37469 37584.9 37584.9    37448    2805    2805   34643
         634    2.9e+05     37469 37584.9 37587.2    37448    2805    2805   34643
         635    2.9e+05     37469 37584.9 37585.3    37457    2805    2805   34652
         636    2.9e+05     37469 37584.9 37586.8    37458    2805    2805   34653
         637    2.9e+05     37469 37584.9 37585.2    37459    2805    2805   34654
         638    2.9e+05     37469 37584.9 37586.4    37452    2805    2805   34647
         639    2.9e+05     37469 37584.9 37585.3    37444    2805    2805   34639
         640    2.9e+05     37469 37584.9 37586.7    37441    2805    2805   34636
         641    2.9e+05     37469 37584.9 37584.9    37451    2805    2805   34646
         642    2.9e+05     37469 37584.9 37586.5    37459    2805    2805   34654
         643    2.9e+05     37469 37584.8 37584.8    37438    2805    2805   34633
         644    2.9e+05     37469 37584.8   37586    37443    2805    2805   34638
         645    2.9e+05     37469 37584.8 37585.4    37462    2805    2805   34657
         646    2.9e+05     37469 37584.8 37586.3    37451    2805    2805   34646
         647    2.9e+05     37469 37584.7 37584.7    37465    2805    2805   34660
         648    2.9e+05     37469 37584.7 37586.6    37436    2805    2805   34631
         649    2.9e+05     37469 37584.7 37584.7    37452    2805    2805   34647
         650    2.9e+05     37469 37584.7 37586.1    37446    2805    2805   34641
         651    2.9e+05     37469 37584.2 37584.2    37457    2805    2805   34652
         652    2.9e+05     37469 37584.2 37586.3    37441    2805    2805   34636
         653    2.9e+05     37469 37584.2   37585    37457    2805    2805   34652
         654    2.9e+05     37469 37584.2 37586.1    37450    2805    2805   34645
         655    2.9e+05     37469 37584.2 37584.7    37461    2805    2805   34656
         656    2.9e+05     37469 37584.2 37586.1    37449    2805    2805   34644
         657    2.9e+05     37469 37584.2 37584.3    37459    2805    2805   34654
         658    2.9e+05     37469 37584.2 37586.1    37443    2805    2805   34638
         659    2.9e+05     37469 37584.2 37584.4    37460    2805    2805   34655
         660    2.9e+05     37469 37584.2 37585.9    37448    2805    2805   34643
         661    2.9e+05     37469 37584.2 37584.9    37455    2805    2805   34650
         662    2.9e+05     37469 37584.2   37586    37454    2805    2805   34649
         663    2.9e+05     37469 37584.2 37584.8    37453    2805    2805   34648
         664    2.9e+05     37469 37584.2 37585.8    37443    2805    2805   34638
         665    2.9e+05     37469 37584.2 37584.5    37450    2805    2805   34645
         666    2.9e+05     37469 37584.2 37586.1    37449    2805    2805   34644
         667    2.9e+05     37469 37584.2 37584.4    37459    2805    2805   34654
         668    2.9e+05     37469 37584.2 37585.8    37457    2805    2805   34652
         669    2.9e+05     37469 37584.2 37584.6    37441    2805    2805   34636
         670    2.9e+05     37469 37584.2 37585.3    37428    2805    2805   34623
         671    2.9e+05     37469 37584.2 37584.5    37421    2805    2805   34616
         672    2.9e+05     37469 37584.2 37586.2    37452    2805    2805   34647
         673    2.9e+05     37469 37584.2 37584.3    37459    2805    2805   34654
         674    2.9e+05     37469 37584.2 37585.1    37451    2805    2805   34646
         675    2.9e+05     37469 37584.2 37584.5    37435    2805    2805   34630
         676    2.9e+05     37469 37584.2 37585.7    37429    2805    2805   34624
               reducing step to 0.003125
         677    2.9e+05     37469 37579.9 37579.9    37403    2804    2804   34599
         678    2.9e+05     37469 37577.7 37577.7    37415    2805    2805   34610
         679    2.9e+05     37469 37577.7 37578.3    37443    2805    2805   34638
         680    2.9e+05     37469 37576.9 37576.9    37355    2805    2805   34550
         681    2.9e+05     37469 37576.9 37577.2    37446    2805    2805   34641
         682    2.9e+05     37469 37576.9 37576.9    37457    2805    2805   34652
         683    2.9e+05     37469 37576.9   37577    37440    2805    2805   34635
         684    2.9e+05     37469 37576.1 37576.1    37064    2805    2805   34259
         685    2.9e+05     37469 37576.1 37576.6    37397    2806    2806   34591
         686    2.9e+05     37469 37576.1 37576.6    37443    2805    2805   34638
         687    2.9e+05     37469 37576.1 37576.7    37440    2805    2805   34635
         688    2.9e+05     37469 37575.9 37575.9    37448    2805    2805   34643
         689    2.9e+05     37469 37575.9 37576.5    37435    2805    2805   34630
         690    2.9e+05     37469 37575.9 37575.9    37458    2805    2805   34653
         691    2.9e+05     37469 37575.9 37576.4    37451    2805    2805   34646
         692    2.9e+05     37469 37575.6 37575.6    37444    2805    2805   34639
         693    2.9e+05     37469 37575.6 37575.9    37455    2805    2805   34650
         694    2.9e+05     37469 37575.5 37575.5    37464    2805    2805   34659
         695    2.9e+05     37469 37575.5 37576.3    37445    2805    2805   34640
         696    2.9e+05     37469 37574.9 37574.9    37468    2805    2805   34663
         697    2.9e+05     37469 37574.9 37575.7    37445    2805    2805   34640
         698    2.9e+05     37469 37574.5 37574.5    37453    2805    2805   34648
         699    2.9e+05     37469 37574.5 37575.9    37439    2805    2805   34634
    *    700    2.9e+05     37471 37574.5   37575    37471    2805    2805   34666
         701    2.9e+05     37471 37574.5 37575.6    37456    2805    2805   34651
         702    2.9e+05     37471 37574.4 37574.4    37442    2805    2805   34637
         703    2.9e+05     37471 37574.4 37575.8    37458    2805    2805   34653
         704    2.9e+05     37471 37574.4 37574.4    37454    2805    2805   34649
         705    2.9e+05     37471 37574.4 37575.9    37451    2805    2805   34646
         706    2.9e+05     37471 37574.4 37574.4    37442    2805    2805   34637
         707    2.9e+05     37471 37574.4 37575.8    37463    2805    2805   34658
         708    2.9e+05     37471 37574.1 37574.1    37427    2805    2805   34622
         709    2.9e+05     37471 37574.1 37575.4    37442    2805    2805   34637
         710    2.9e+05     37471 37573.9 37573.9    37453    2805    2805   34648
         711    2.9e+05     37471 37573.9 37575.4    37441    2805    2805   34636
         712    2.9e+05     37471 37573.9 37574.4    37463    2805    2805   34658
         713    2.9e+05     37471 37573.9 37575.2    37460    2805    2805   34655
         714    2.9e+05     37471 37573.9   37574    37461    2805    2805   34656
         715    2.9e+05     37471 37573.9 37575.3    37452    2805    2805   34647
         716    2.9e+05     37471 37573.9   37574    37422    2805    2805   34617
         717    2.9e+05     37471 37573.9 37575.2    37449    2805    2805   34644
         718    2.9e+05     37471 37573.9   37574    37435    2805    2805   34630
         719    2.9e+05     37471 37573.9 37575.3    37441    2805    2805   34636
         720    2.9e+05     37471 37573.8 37573.8    37435    2805    2805   34630
         721    2.9e+05     37471 37573.8   37575    37446    2805    2805   34641
         722    2.9e+05     37471 37573.8 37573.9    37457    2805    2805   34652
         723    2.9e+05     37471 37573.8 37575.2    37451    2805    2805   34646
         724    2.9e+05     37471 37573.8 37573.8    37459    2805    2805   34654
         725    2.9e+05     37471 37573.8   37575    37471    2805    2805   34666
         726    2.9e+05     37471 37573.8 37573.8    37453    2805    2805   34648
         727    2.9e+05     37471 37573.8 37575.1    37436    2805    2805   34631
         728    2.9e+05     37471 37573.8 37573.8    37431    2805    2805   34626
         729    2.9e+05     37471 37573.8 37574.9    37451    2805    2805   34646
         730    2.9e+05     37471 37573.7 37573.7    37453    2805    2805   34648
         731    2.9e+05     37471 37573.7 37574.8    37451    2805    2805   34646
         732    2.9e+05     37471 37573.7 37573.8    37452    2805    2805   34647
         733    2.9e+05     37471 37573.7 37574.6    37447    2805    2805   34642
         734    2.9e+05     37471 37573.7   37574    37435    2805    2805   34630
         735    2.9e+05     37471 37573.7 37574.7    37457    2805    2805   34652
         736    2.9e+05     37471 37573.7 37574.1    37438    2805    2805   34633
         737    2.9e+05     37471 37573.7 37574.4    37462    2805    2805   34657
         738    2.9e+05     37471 37573.7 37573.8    37449    2805    2805   34644
         739    2.9e+05     37471 37573.7 37574.3    37455    2805    2805   34650
         740    2.9e+05     37471 37573.7 37573.8    37437    2805    2805   34632
         741    2.9e+05     37471 37573.7 37574.7    37452    2805    2805   34647
         742    2.9e+05     37471 37573.7 37573.8    37444    2805    2805   34639
         743    2.9e+05     37471 37573.7 37574.4    37463    2805    2805   34658
         744    2.9e+05     37471 37573.7 37573.8    37426    2805    2805   34621
         745    2.9e+05     37471 37573.7 37574.3    37456    2805    2805   34651
         746    2.9e+05     37471 37573.7 37573.7    37432    2805    2805   34627
         747    2.9e+05     37471 37573.7 37574.5    37467    2805    2805   34662
         748    2.9e+05     37471 37573.5 37573.5    37449    2805    2805   34644
         749    2.9e+05     37471 37573.5 37574.4    37451    2805    2805   34646
         750    2.9e+05     37471 37573.5 37573.5    37456    2805    2805   34651
         751    2.9e+05     37471 37573.5 37574.3    37452    2805    2805   34647
         752    2.9e+05     37471 37573.5 37573.7    37452    2805    2805   34647
         753    2.9e+05     37471 37573.5 37574.4    37467    2805    2805   34662
         754    2.9e+05     37471 37573.5 37573.6    37434    2805    2805   34629
         755    2.9e+05     37471 37573.5 37574.4    37460    2805    2805   34655
         756    2.9e+05     37471 37573.5 37573.5    37452    2805    2805   34647
         757    2.9e+05     37471 37573.5 37574.6    37451    2805    2805   34646
         758    2.9e+05     37471 37573.4 37573.4    37449    2805    2805   34644
         759    2.9e+05     37471 37573.4 37574.5    37437    2805    2805   34632
         760    2.9e+05     37471 37573.3 37573.3    37445    2805    2805   34640
         761    2.9e+05     37471 37573.3 37574.6    37459    2805    2805   34654
         762    2.9e+05     37471 37573.3 37573.3    37437    2805    2805   34632
         763    2.9e+05     37471 37573.3 37574.8    37459    2805    2805   34654
         764    2.9e+05     37471 37573.3 37573.3    37449    2805    2805   34644
         765    2.9e+05     37471 37573.3 37574.5    37470    2805    2805   34665
         766    2.9e+05     37471 37573.2 37573.2    37442    2805    2805   34637
         767    2.9e+05     37471 37573.2 37574.5    37459    2805    2805   34654
         768    2.9e+05     37471 37573.1 37573.1    37453    2805    2805   34648
         769    2.9e+05     37471 37573.1 37574.7    37461    2805    2805   34656
         770    2.9e+05     37471 37573.1 37573.3    37446    2805    2805   34641
         771    2.9e+05     37471 37573.1 37574.5    37456    2805    2805   34651
         772    2.9e+05     37471 37573.1 37573.2    37449    2805    2805   34644
         773    2.9e+05     37471 37573.1 37574.2    37453    2805    2805   34648
         774    2.9e+05     37471 37573.1 37573.3    37447    2805    2805   34642
         775    2.9e+05     37471 37573.1 37574.2    37440    2805    2805   34635
         776    2.9e+05     37471 37573.1 37573.2    37447    2805    2805   34642
         777    2.9e+05     37471 37573.1 37574.3    37459    2805    2805   34654
         778    2.9e+05     37471 37573.1 37573.3    37450    2805    2805   34645
         779    2.9e+05     37471 37573.1 37574.3    37458    2805    2805   34653
         780    2.9e+05     37471 37573.1 37573.1    37453    2805    2805   34648
         781    2.9e+05     37471 37573.1 37574.3    37459    2805    2805   34654
         782    2.9e+05     37471 37573.1 37573.1    37447    2805    2805   34642
         783    2.9e+05     37471 37573.1 37574.3    37463    2805    2805   34658
         784    2.9e+05     37471 37573.1 37573.1    37453    2805    2805   34648
         785    2.9e+05     37471 37573.1 37574.3    37453    2805    2805   34648
         786    2.9e+05     37471 37573.1 37573.2    37454    2805    2805   34649
         787    2.9e+05     37471 37573.1 37574.2    37468    2805    2805   34663
         788    2.9e+05     37471 37573.1 37573.1    37459    2805    2805   34654
         789    2.9e+05     37471 37573.1 37574.1    37456    2805    2805   34651
         790    2.9e+05     37471 37573.1 37573.2    37447    2805    2805   34642
         791    2.9e+05     37471 37573.1 37574.2    37462    2805    2805   34657
         792    2.9e+05     37471   37573   37573    37448    2805    2805   34643
         793    2.9e+05     37471   37573 37574.2    37448    2805    2805   34643
         794    2.9e+05     37471   37573 37573.1    37448    2805    2805   34643
         795    2.9e+05     37471   37573 37574.2    37451    2805    2805   34646
         796    2.9e+05     37471   37573 37573.2    37450    2805    2805   34645
         797    2.9e+05     37471   37573 37573.9    37465    2805    2805   34660
         798    2.9e+05     37471   37573 37573.4    37457    2805    2805   34652
         799    2.9e+05     37471   37573 37573.9    37453    2805    2805   34648
         800    2.9e+05     37471   37573 37573.2    37437    2805    2805   34632
         801    2.9e+05     37471   37573 37573.7    37458    2805    2805   34653
         802    2.9e+05     37471   37573 37573.2    37433    2805    2805   34628
         803    2.9e+05     37471   37573 37573.9    37438    2805    2805   34633
         804    2.9e+05     37471   37573 37573.2    37461    2805    2805   34656
         805    2.9e+05     37471   37573 37573.7    37454    2805    2805   34649
         806    2.9e+05     37471   37573 37573.2    37451    2805    2805   34646
         807    2.9e+05     37471   37573   37574    37457    2805    2805   34652
         808    2.9e+05     37471   37573   37573    37455    2805    2805   34650
         809    2.9e+05     37471   37573   37574    37454    2805    2805   34649
         810    2.9e+05     37471   37573 37573.1    37457    2805    2805   34652
         811    2.9e+05     37471   37573 37574.1    37456    2805    2805   34651
         812    2.9e+05     37471 37572.8 37572.8    37456    2805    2805   34651
         813    2.9e+05     37471 37572.8 37573.9    37449    2805    2805   34644
         814    2.9e+05     37471 37572.8   37573    37444    2805    2805   34639
         815    2.9e+05     37471 37572.8 37573.9    37455    2805    2805   34650
         816    2.9e+05     37471 37572.8 37572.8    37447    2805    2805   34642
         817    2.9e+05     37471 37572.8 37573.6    37441    2805    2805   34636
         818    2.9e+05     37471 37572.8 37573.1    37456    2805    2805   34651
         819    2.9e+05     37471 37572.8 37573.8    37450    2805    2805   34645
         820    2.9e+05     37471 37572.8 37572.9    37450    2805    2805   34645
         821    2.9e+05     37471 37572.8 37573.9    37442    2805    2805   34637
         822    2.9e+05     37471 37572.8 37572.8    37440    2805    2805   34635
         823    2.9e+05     37471 37572.8 37573.8    37470    2805    2805   34665
         824    2.9e+05     37471 37572.8 37572.8    37457    2805    2805   34652
         825    2.9e+05     37471 37572.8   37574    37456    2805    2805   34651
         826    2.9e+05     37471 37572.8 37572.8    37419    2805    2805   34614
         827    2.9e+05     37471 37572.8 37573.8    37455    2805    2805   34650
         828    2.9e+05     37471 37572.6 37572.6    37450    2805    2805   34645
         829    2.9e+05     37471 37572.6 37573.9    37456    2805    2805   34651
         830    2.9e+05     37471 37572.5 37572.5    37443    2805    2805   34638
         831    2.9e+05     37471 37572.5   37574    37462    2805    2805   34657
         832    2.9e+05     37471 37572.5 37572.7    37446    2805    2805   34641
         833    2.9e+05     37471 37572.5 37573.8    37452    2805    2805   34647
         834    2.9e+05     37471 37572.5 37572.7    37450    2805    2805   34645
         835    2.9e+05     37471 37572.5   37574    37448    2805    2805   34643
         836    2.9e+05     37471 37572.5 37572.9    37442    2805    2805   34637
         837    2.9e+05     37471 37572.5 37573.9    37450    2805    2805   34645
         838    2.9e+05     37471 37572.4 37572.4    37442    2805    2805   34637
         839    2.9e+05     37471 37572.4   37574    37443    2805    2805   34638
         840    2.9e+05     37471 37572.4 37572.6    37446    2805    2805   34641
         841    2.9e+05     37471 37572.4 37573.8    37451    2805    2805   34646
         842    2.9e+05     37471 37572.4 37572.5    37454    2805    2805   34649
         843    2.9e+05     37471 37572.4   37574    37453    2805    2805   34648
         844    2.9e+05     37471 37572.4 37572.5    37450    2805    2805   34645
         845    2.9e+05     37471 37572.4 37574.1    37446    2805    2805   34641
         846    2.9e+05     37471 37572.4 37572.5    37428    2805    2805   34623
         847    2.9e+05     37471 37572.4 37573.8    37460    2805    2805   34655
         848    2.9e+05     37471 37572.4 37572.5    37438    2805    2805   34633
         849    2.9e+05     37471 37572.4 37573.9    37460    2805    2805   34655
         850    2.9e+05     37471 37572.4 37572.6    37458    2805    2805   34653
         851    2.9e+05     37471 37572.4 37573.7    37447    2805    2805   34642
         852    2.9e+05     37471 37572.4 37572.5    37461    2805    2805   34656
         853    2.9e+05     37471 37572.4 37573.6    37456    2805    2805   34651
         854    2.9e+05     37471 37572.4 37572.7    37451    2805    2805   34646
         855    2.9e+05     37471 37572.4 37573.5    37454    2805    2805   34649
         856    2.9e+05     37471 37572.4 37572.5    37450    2805    2805   34645
         857    2.9e+05     37471 37572.4 37573.6    37467    2805    2805   34662
         858    2.9e+05     37471 37572.4 37572.6    37458    2805    2805   34653
         859    2.9e+05     37471 37572.4 37573.6    37453    2805    2805   34648
         860    2.9e+05     37471 37572.4 37572.6    37437    2805    2805   34632
         861    2.9e+05     37471 37572.4 37573.3    37444    2805    2805   34639
         862    2.9e+05     37471 37572.4 37572.7    37454    2805    2805   34649
         863    2.9e+05     37471 37572.4 37573.4    37443    2805    2805   34638
               reducing step to 0.0015625
         864    2.9e+05     37471 37570.8 37570.8    37390    2805    2805   34585
         865    2.9e+05     37471 37568.8 37568.8    37428    2805    2805   34623
         866    2.9e+05     37471 37568.8 37569.6    37451    2805    2805   34646
         867    2.9e+05     37471 37568.7 37568.7    37437    2805    2805   34632
         868    2.9e+05     37471 37568.7 37569.7    37438    2805    2805   34633
         869    2.9e+05     37471 37568.4 37568.4    37445    2805    2805   34640
         870    2.9e+05     37471 37568.4 37569.4    37435    2805    2805   34630
         871    2.9e+05     37471 37568.2 37568.2    37461    2805    2805   34656
         872    2.9e+05     37471 37568.2 37569.2    37432    2805    2805   34627
         873    2.9e+05     37471 37568.1 37568.1    37450    2805    2805   34645
         874    2.9e+05     37471 37568.1 37568.9    37448    2805    2805   34643
         875    2.9e+05     37471 37567.9 37567.9    37446    2805    2805   34641
         876    2.9e+05     37471 37567.9   37569    37441    2805    2805   34636
         877    2.9e+05     37471 37567.9   37568    37448    2805    2805   34643
         878    2.9e+05     37471 37567.9 37568.8    37460    2805    2805   34655
         879    2.9e+05     37471 37567.7 37567.7    37444    2805    2805   34639
         880    2.9e+05     37471 37567.7 37568.8    37438    2805    2805   34633
         881    2.9e+05     37471 37567.7 37567.7    37448    2805    2805   34643
         882    2.9e+05     37471 37567.7 37568.6    37429    2805    2805   34624
         883    2.9e+05     37471 37567.6 37567.6    37455    2805    2805   34650
         884    2.9e+05     37471 37567.6 37568.7    37439    2805    2805   34634
         885    2.9e+05     37471 37567.6 37567.6    37449    2805    2805   34644
         886    2.9e+05     37471 37567.6 37568.7    37457    2805    2805   34652
         887    2.9e+05     37471 37567.6 37567.6    37449    2805    2805   34644
         888    2.9e+05     37471 37567.6 37568.5    37450    2805    2805   34645
         889    2.9e+05     37471 37567.6 37567.6    37451    2805    2805   34646
         890    2.9e+05     37471 37567.6 37568.5    37462    2805    2805   34657
         891    2.9e+05     37471 37567.5 37567.5    37458    2805    2805   34653
         892    2.9e+05     37471 37567.5 37568.3    37452    2805    2805   34647
         893    2.9e+05     37471 37567.4 37567.4    37449    2805    2805   34644
         894    2.9e+05     37471 37567.4 37568.3    37451    2805    2805   34646
         895    2.9e+05     37471 37567.4 37567.4    37454    2805    2805   34649
         896    2.9e+05     37471 37567.4 37568.2    37449    2805    2805   34644
         897    2.9e+05     37471 37567.3 37567.3    37465    2805    2805   34660
         898    2.9e+05     37471 37567.3 37568.2    37434    2805    2805   34629
         899    2.9e+05     37471 37567.2 37567.2    37463    2805    2805   34658
         900    2.9e+05     37471 37567.2 37568.1    37457    2805    2805   34652
         901    2.9e+05     37471 37567.2 37567.2    37449    2805    2805   34644
         902    2.9e+05     37471 37567.2 37568.2    37459    2805    2805   34654
         903    2.9e+05     37471 37567.2 37567.2    37461    2805    2805   34656
         904    2.9e+05     37471 37567.2 37568.1    37430    2805    2805   34625
         905    2.9e+05     37471 37567.2 37567.2    37458    2805    2805   34653
         906    2.9e+05     37471 37567.2   37568    37434    2805    2805   34629
         907    2.9e+05     37471 37567.2 37567.2    37450    2805    2805   34645
         908    2.9e+05     37471 37567.2 37568.1    37455    2805    2805   34650
         909    2.9e+05     37471 37567.2 37567.2    37466    2805    2805   34661
         910    2.9e+05     37471 37567.2   37568    37429    2805    2805   34624
         911    2.9e+05     37471 37567.1 37567.1    37457    2805    2805   34652
         912    2.9e+05     37471 37567.1 37568.1    37443    2805    2805   34638
         913    2.9e+05     37471 37567.1 37567.1    37461    2805    2805   34656
         914    2.9e+05     37471 37567.1   37568    37450    2805    2805   34645
         915    2.9e+05     37471   37567   37567    37456    2805    2805   34651
         916    2.9e+05     37471   37567 37567.8    37441    2805    2805   34636
         917    2.9e+05     37471   37567   37567    37426    2805    2805   34621
         918    2.9e+05     37471   37567 37567.8    37442    2805    2805   34637
         919    2.9e+05     37471   37567   37567    37450    2805    2805   34645
         920    2.9e+05     37471   37567 37567.8    37426    2805    2805   34621
         921    2.9e+05     37471   37567   37567    37454    2805    2805   34649
         922    2.9e+05     37471   37567 37567.8    37435    2805    2805   34630
         923    2.9e+05     37471   37567   37567    37451    2805    2805   34646
         924    2.9e+05     37471   37567 37567.8    37452    2805    2805   34647
         925    2.9e+05     37471   37567   37567    37460    2805    2805   34655
         926    2.9e+05     37471   37567 37567.8    37432    2805    2805   34627
         927    2.9e+05     37471 37566.9 37566.9    37452    2805    2805   34647
         928    2.9e+05     37471 37566.9 37567.7    37442    2805    2805   34637
         929    2.9e+05     37471 37566.9 37566.9    37454    2805    2805   34649
         930    2.9e+05     37471 37566.9 37567.7    37444    2805    2805   34639
         931    2.9e+05     37471 37566.9 37566.9    37435    2805    2805   34630
         932    2.9e+05     37471 37566.9 37567.6    37450    2805    2805   34645
         933    2.9e+05     37471 37566.9 37566.9    37466    2805    2805   34661
         934    2.9e+05     37471 37566.9 37567.7    37449    2805    2805   34644
         935    2.9e+05     37471 37566.9 37566.9    37454    2805    2805   34649
         936    2.9e+05     37471 37566.9 37567.6    37449    2805    2805   34644
         937    2.9e+05     37471 37566.9 37566.9    37447    2805    2805   34642
         938    2.9e+05     37471 37566.9 37567.7    37452    2805    2805   34647
         939    2.9e+05     37471 37566.9 37566.9    37439    2805    2805   34634
         940    2.9e+05     37471 37566.9 37567.7    37448    2805    2805   34643
         941    2.9e+05     37471 37566.9 37566.9    37455    2805    2805   34650
         942    2.9e+05     37471 37566.9 37567.7    37439    2805    2805   34634
         943    2.9e+05     37471 37566.9   37567    37455    2805    2805   34650
         944    2.9e+05     37471 37566.9 37567.8    37442    2805    2805   34637
         945    2.9e+05     37471 37566.8 37566.8    37443    2805    2805   34638
         946    2.9e+05     37471 37566.8 37567.7    37448    2805    2805   34643
         947    2.9e+05     37471 37566.8 37566.9    37452    2805    2805   34647
         948    2.9e+05     37471 37566.8 37567.6    37447    2805    2805   34642
         949    2.9e+05     37471 37566.8 37566.8    37457    2805    2805   34652
         950    2.9e+05     37471 37566.8 37567.6    37457    2805    2805   34652
         951    2.9e+05     37471 37566.8 37566.8    37458    2805    2805   34653
         952    2.9e+05     37471 37566.8 37567.6    37423    2805    2805   34618
         953    2.9e+05     37471 37566.7 37566.7    37462    2805    2805   34657
         954    2.9e+05     37471 37566.7 37567.7    37443    2805    2805   34638
         955    2.9e+05     37471 37566.7 37566.7    37462    2805    2805   34657
         956    2.9e+05     37471 37566.7 37567.5    37445    2805    2805   34640
         957    2.9e+05     37471 37566.7 37566.7    37459    2805    2805   34654
         958    2.9e+05     37471 37566.7 37567.5    37418    2805    2805   34613
         959    2.9e+05     37471 37566.7 37566.9    37449    2805    2805   34644
         960    2.9e+05     37471 37566.7 37567.5    37452    2805    2805   34647
         961    2.9e+05     37471 37566.7 37566.8    37461    2805    2805   34656
         962    2.9e+05     37471 37566.7 37567.6    37436    2805    2805   34631
         963    2.9e+05     37471 37566.7 37566.7    37455    2805    2805   34650
         964    2.9e+05     37471 37566.7 37567.4    37435    2805    2805   34630
         965    2.9e+05     37471 37566.7 37566.7    37450    2805    2805   34645
         966    2.9e+05     37471 37566.7 37567.4    37451    2805    2805   34646
         967    2.9e+05     37471 37566.7 37566.7    37453    2805    2805   34648
         968    2.9e+05     37471 37566.7 37567.4    37448    2805    2805   34643
         969    2.9e+05     37471 37566.7 37566.8    37458    2805    2805   34653
         970    2.9e+05     37471 37566.7 37567.3    37443    2805    2805   34638
         971    2.9e+05     37471 37566.6 37566.6    37453    2805    2805   34648
         972    2.9e+05     37471 37566.6 37567.3    37435    2805    2805   34630
         973    2.9e+05     37471 37566.6 37566.7    37446    2805    2805   34641
         974    2.9e+05     37471 37566.6 37567.4    37446    2805    2805   34641
         975    2.9e+05     37471 37566.6 37566.6    37453    2805    2805   34648
         976    2.9e+05     37471 37566.6 37567.5    37448    2805    2805   34643
         977    2.9e+05     37471 37566.5 37566.5    37446    2805    2805   34641
         978    2.9e+05     37471 37566.5 37567.6    37451    2805    2805   34646
         979    2.9e+05     37471 37566.5 37566.8    37458    2805    2805   34653
         980    2.9e+05     37471 37566.5 37567.5    37448    2805    2805   34643
         981    2.9e+05     37471 37566.5 37566.7    37457    2805    2805   34652
         982    2.9e+05     37471 37566.5 37567.4    37453    2805    2805   34648
         983    2.9e+05     37471 37566.5 37566.7    37468    2805    2805   34663
         984    2.9e+05     37471 37566.5 37567.4    37462    2805    2805   34657
         985    2.9e+05     37471 37566.5 37566.6    37452    2805    2805   34647
         986    2.9e+05     37471 37566.5 37567.3    37430    2805    2805   34625
         987    2.9e+05     37471 37566.5 37566.7    37448    2805    2805   34643
         988    2.9e+05     37471 37566.5 37567.5    37435    2805    2805   34630
         989    2.9e+05     37471 37566.5 37566.7    37456    2805    2805   34651
         990    2.9e+05     37471 37566.5 37567.5    37453    2805    2805   34648
         991    2.9e+05     37471 37566.5 37566.6    37462    2805    2805   34657
         992    2.9e+05     37471 37566.5 37567.3    37444    2805    2805   34639
         993    2.9e+05     37471 37566.5 37566.6    37453    2805    2805   34648
         994    2.9e+05     37471 37566.5 37567.2    37443    2805    2805   34638
         995    2.9e+05     37471 37566.5 37566.7    37436    2805    2805   34631
         996    2.9e+05     37471 37566.5 37567.2    37442    2805    2805   34637
         997    2.9e+05     37471 37566.5 37566.8    37443    2805    2805   34638
         998    2.9e+05     37471 37566.5 37567.2    37456    2805    2805   34651
         999    2.9e+05     37471 37566.5 37566.8    37458    2805    2805   34653
        1000    2.9e+05     37471 37566.5 37567.3    37435    2805    2805   34630
Total time used by klau is 1089.02
true_align (18772) and est_align (2805) DO NOT have the same number of elements.
method klau has a score of 8.73%
method klau used 1089.019 seconds.
maximum values in init align row is:  18771
maximum values in init align col is:  18750
 best   iter   pr-delta       obj  weight    card overlap
    *      1    3.6e-01     30210    2828    2828   28796
    *      2    1.5e-01     30370    2828    2828   28956
    *      3    7.1e-02   30533.5    2827    2827   29120
           4    3.4e-02   30488.5    2827    2827   29075
           5    1.7e-02   30497.5    2827    2827   29084
           6    8.6e-03   30499.5    2827    2827   29086
           7    4.6e-03   30511.5    2827    2827   29098
    *      8    2.5e-03   30573.5    2827    2827   29160
    *      9    1.4e-03   30583.5    2827    2827   29170
    *     10    7.7e-04   30586.5    2827    2827   29173
    *     11    4.4e-04   30587.5    2827    2827   29174
          12    2.5e-04   30587.5    2827    2827   29174
          13    1.5e-04   30587.5    2827    2827   29174
    *     14    8.9e-05   30589.5    2827    2827   29176
          15    5.4e-05   30589.5    2827    2827   29176
          16    3.3e-05   30589.5    2827    2827   29176
          17    2.0e-05   30589.5    2827    2827   29176
          18    1.2e-05   30589.5    2827    2827   29176
          19    7.7e-06   30589.5    2827    2827   29176
          20    4.9e-06   30589.5    2827    2827   29176
          21    3.1e-06   30589.5    2827    2827   29176
          22    1.9e-06   30589.5    2827    2827   29176
          23    1.2e-06   30589.5    2827    2827   29176
          24    7.9e-07   30589.5    2827    2827   29176
          25    5.1e-07   30589.5    2827    2827   29176
          26    3.3e-07   30589.5    2827    2827   29176
          27    2.1e-07   30589.5    2827    2827   29176
          28    1.4e-07   30589.5    2827    2827   29176
          29    9.0e-08   30589.5    2827    2827   29176
          30    5.9e-08   30589.5    2827    2827   29176
          31    3.8e-08   30589.5    2827    2827   29176
          32    2.5e-08   30589.5    2827    2827   29176
          33    1.6e-08   30589.5    2827    2827   29176
          34    1.1e-08   30589.5    2827    2827   29176
          35    7.1e-09   30589.5    2827    2827   29176
          36    4.6e-09   30589.5    2827    2827   29176
          37    3.1e-09   30589.5    2827    2827   29176
          38    2.0e-09   30589.5    2827    2827   29176
          39    1.3e-09   30589.5    2827    2827   29176
          40    8.8e-10   30589.5    2827    2827   29176
          41    5.8e-10   30589.5    2827    2827   29176
          42    3.8e-10   30589.5    2827    2827   29176
          43    2.5e-10   30589.5    2827    2827   29176
          44    1.7e-10   30589.5    2827    2827   29176
          45    1.1e-10   30589.5    2827    2827   29176
          46    7.3e-11   30589.5    2827    2827   29176
          47    4.9e-11   30589.5    2827    2827   29176
          48    3.2e-11   30589.5    2827    2827   29176
          49    2.1e-11   30589.5    2827    2827   29176
          50    1.4e-11   30589.5    2827    2827   29176
          51    9.4e-12   30589.5    2827    2827   29176
          52    6.2e-12   30589.5    2827    2827   29176
          53    4.1e-12   30589.5    2827    2827   29176
          54    2.7e-12   30589.5    2827    2827   29176
          55    1.8e-12   30589.5    2827    2827   29176
          56    1.2e-12   30589.5    2827    2827   29176
          57    8.0e-13   30589.5    2827    2827   29176
Total time used by isorank is 13.56
true_align (18772) and est_align (2832) DO NOT have the same number of elements.
method isorank has a score of 2.48%
method isorank used 13.560 seconds.
experiment results:
     method      score         time
0     final  15.645642  4540.077789
1  netalign   8.677818    55.208862
2      klau   8.731089  1089.018737
3   isorank   2.482421    13.560468
