Permutation sanity check error is 7762.0.
Permutation sanity check error is 783598.0.
num_init for this graph is 14
Generating initial alignment matrix using degree ...
mode is  degree
number of noisy edges are:  14
Average number of initial alignments for each node is 28
maximum values in init align row is:  18771
maximum values in init align col is:  18766
Recovering sparse matrix L took 0.16 sec.
Time for degree: 0.70 sec
iteration 1
Time for iteration 1: 9.65 sec, diff = 0.12504
iteration 2
Time for iteration 2: 59.75 sec, diff = 0.01863
iteration 3
Time for iteration 3: 79.39 sec, diff = 0.01088
iteration 4
Time for iteration 4: 79.24 sec, diff = 0.00861
iteration 5
Time for iteration 5: 78.76 sec, diff = 0.00739
iteration 6
Time for iteration 6: 78.62 sec, diff = 0.00650
iteration 7
Time for iteration 7: 78.97 sec, diff = 0.00578
iteration 8
Time for iteration 8: 78.65 sec, diff = 0.00516
iteration 9
Time for iteration 9: 78.60 sec, diff = 0.00463
iteration 10
Time for iteration 10: 79.21 sec, diff = 0.00415
iteration 11
Time for iteration 11: 78.86 sec, diff = 0.00373
iteration 12
Time for iteration 12: 78.82 sec, diff = 0.00335
iteration 13
Time for iteration 13: 78.73 sec, diff = 0.00301
iteration 14
Time for iteration 14: 78.65 sec, diff = 0.00271
iteration 15
Time for iteration 15: 78.84 sec, diff = 0.00243
iteration 16
Time for iteration 16: 79.02 sec, diff = 0.00219
iteration 17
Time for iteration 17: 79.43 sec, diff = 0.00197
iteration 18
Time for iteration 18: 78.85 sec, diff = 0.00177
iteration 19
Time for iteration 19: 78.87 sec, diff = 0.00159
iteration 20
Time for iteration 20: 79.21 sec, diff = 0.00143
iteration 21
Time for iteration 21: 79.14 sec, diff = 0.00129
iteration 22
Time for iteration 22: 78.90 sec, diff = 0.00116
iteration 23
Time for iteration 23: 78.98 sec, diff = 0.00104
iteration 24
Time for iteration 24: 79.06 sec, diff = 0.00094
iteration 25
Time for iteration 25: 79.47 sec, diff = 0.00085
iteration 26
Time for iteration 26: 79.34 sec, diff = 0.00076
iteration 27
Time for iteration 27: 79.62 sec, diff = 0.00068
iteration 28
Time for iteration 28: 79.30 sec, diff = 0.00062
iteration 29
Time for iteration 29: 79.68 sec, diff = 0.00055
iteration 30
Time for iteration 30: 78.98 sec, diff = 0.00050
iteration 31
Time for iteration 31: 78.80 sec, diff = 0.00045
iteration 32
Time for iteration 32: 79.78 sec, diff = 0.00040
iteration 33
Time for iteration 33: 79.62 sec, diff = 0.00036
iteration 34
Time for iteration 34: 79.24 sec, diff = 0.00033
iteration 35
Time for iteration 35: 79.49 sec, diff = 0.00029
iteration 36
Time for iteration 36: 79.45 sec, diff = 0.00027
iteration 37
Time for iteration 37: 79.16 sec, diff = 0.00024
iteration 38
Time for iteration 38: 79.71 sec, diff = 0.00021
iteration 39
Time for iteration 39: 79.41 sec, diff = 0.00019
iteration 40
Time for iteration 40: 79.46 sec, diff = 0.00017
iteration 41
Time for iteration 41: 78.91 sec, diff = 0.00016
iteration 42
Time for iteration 42: 79.30 sec, diff = 0.00014
iteration 43
Time for iteration 43: 79.64 sec, diff = 0.00013
iteration 44
Time for iteration 44: 79.59 sec, diff = 0.00011
iteration 45
Time for iteration 45: 79.39 sec, diff = 0.00010
iteration 46
Time for iteration 46: 78.80 sec, diff = 0.00009
iteration 47
Time for iteration 47: 78.97 sec, diff = 0.00008
iteration 48
Time for iteration 48: 79.24 sec, diff = 0.00007
iteration 49
Time for iteration 49: 79.21 sec, diff = 0.00007
iteration 50
Time for iteration 50: 79.39 sec, diff = 0.00006
Total time used by final is 3934.58 sec.
true_align and est_align have the same number of elements.
method final has a score of 16.22%
method final used 3934.577 seconds.
maximum values in init align row is:  18771
maximum values in init align col is:  18766
best   iter    obj_ma wght_ma card_ma over_ma    obj_mb wght_mb card_mb over_mb
  *a      1     33826    2816    2816   31010     33826    2816    2816   31010
          2     16749    2183    2183   14566     17943    2244    2244   15699
          3     22940    2635    2635   20305     18102    1841    1841   16261
          4      9636    2277    2277    7359      8038    1758    1758    6280
          5     30797    2764    2764   28033     30490    2700    2700   27790
  *b      6     36844    2804    2804   34040     36967    2746    2746   34221
          7     36501    2724    2724   33777     36604    2627    2627   33977
          8     29368    2629    2629   26739     28310    2199    2199   26111
          9     32885    2681    2681   30204     27623    2061    2061   25562
         10     32513    2716    2716   29797     32613    2584    2584   30029
         11     35604    2771    2771   32833     35394    2676    2676   32718
  *a     12     37862    2780    2780   35082     37549    2640    2640   34909
         13     37624    2765    2765   34859     36558    2573    2573   33985
         14     37574    2741    2741   34833     36085    2530    2530   33555
         15     37607    2771    2771   34836     36321    2577    2577   33744
  *a     16     38122    2779    2779   35343     37343    2653    2653   34690
  *a     17     38273    2791    2791   35482     38109    2736    2736   35373
  *a     18     38306    2792    2792   35514     38180    2720    2720   35460
         19     38228    2783    2783   35445     37825    2685    2685   35140
         20     38184    2770    2770   35414     37633    2651    2651   34982
         21     38012    2751    2751   35261     37441    2653    2653   34788
         22     38126    2775    2775   35351     37856    2703    2703   35153
         23     38238    2787    2787   35451     38048    2732    2732   35316
         24     38298    2793    2793   35505     38133    2736    2736   35397
  *a     25     38309    2791    2791   35518     38210    2737    2737   35473
         26     38074    2784    2784   35290     38064    2725    2725   35339
  *a     27     38358    2788    2788   35570     38192    2726    2726   35466
         28     38336    2793    2793   35543     38210    2740    2740   35470
         29     38347    2784    2784   35563     38159    2737    2737   35422
         30     38335    2783    2783   35552     38272    2741    2741   35531
  *b     31     38331    2785    2785   35546     38368    2762    2762   35606
         32     38332    2788    2788   35544     38355    2764    2764   35591
         33     38340    2790    2790   35550     38314    2761    2761   35553
         34     38351    2787    2787   35564     38303    2754    2754   35549
         35     38359    2786    2786   35573     38286    2744    2744   35542
         36     38351    2786    2786   35565     38325    2747    2747   35578
         37     38347    2790    2790   35557     38305    2753    2753   35552
         38     38354    2790    2790   35564     38335    2765    2765   35570
         39     38326    2783    2783   35543     38319    2770    2770   35549
         40     38330    2783    2783   35547     38314    2765    2765   35549
         41     38343    2782    2782   35561     38326    2763    2763   35563
         42     38349    2785    2785   35564     38313    2754    2754   35559
  *a     43     38388    2788    2788   35600     38273    2760    2760   35513
         44     38383    2787    2787   35596     38384    2768    2768   35616
  *a     45     38391    2788    2788   35603     38381    2765    2765   35616
  *a     46     38398    2785    2785   35613     38378    2769    2769   35609
         47     38390    2783    2783   35607     38357    2760    2760   35597
         48     38373    2783    2783   35590     38351    2759    2759   35592
         49     38346    2782    2782   35564     38323    2756    2756   35567
         50     38347    2784    2784   35563     38318    2760    2760   35558
         51     38350    2784    2784   35566     38362    2765    2765   35597
         52     38362    2784    2784   35578     38375    2769    2769   35606
         53     38369    2785    2785   35584     38297    2767    2767   35530
         54     38362    2785    2785   35577     38298    2763    2763   35535
         55     38381    2785    2785   35596     38320    2763    2763   35557
         56     38392    2785    2785   35607     38209    2755    2755   35454
         57     38393    2785    2785   35608     38192    2757    2757   35435
         58     38371    2781    2781   35590     38175    2759    2759   35416
         59     38359    2782    2782   35577     38243    2763    2763   35480
         60     38360    2783    2783   35577     38221    2762    2762   35459
         61     38359    2783    2783   35576     38281    2768    2768   35513
         62     38354    2783    2783   35571     38171    2763    2763   35408
         63     38371    2784    2784   35587     37976    2752    2752   35224
         64     38358    2785    2785   35573     38137    2753    2753   35384
         65     38368    2785    2785   35583     38258    2762    2762   35496
         66     38369    2785    2785   35584     38184    2754    2754   35430
         67     38365    2785    2785   35580     38186    2758    2758   35428
         68     38365    2785    2785   35580     38196    2758    2758   35438
         69     38362    2784    2784   35578     38127    2760    2760   35367
         70     38360    2784    2784   35576     38154    2761    2761   35393
         71     38361    2784    2784   35577     38116    2759    2759   35357
         72     38364    2784    2784   35580     38171    2761    2761   35410
         73     38363    2784    2784   35579     38183    2761    2761   35422
         74     38360    2783    2783   35577     38097    2763    2763   35334
         75     38351    2782    2782   35569     38081    2762    2762   35319
         76     38353    2783    2783   35570     38080    2759    2759   35321
         77     38351    2782    2782   35569     38102    2763    2763   35339
         78     38351    2781    2781   35570     38204    2769    2769   35435
         79     38349    2780    2780   35569     38179    2764    2764   35415
         80     38363    2782    2782   35581     38107    2762    2762   35345
         81     38344    2783    2783   35561     38170    2764    2764   35406
         82     38343    2783    2783   35560     38189    2765    2765   35424
         83     38342    2783    2783   35559     38198    2764    2764   35434
         84     38340    2783    2783   35557     38255    2766    2766   35489
         85     38342    2783    2783   35559     38178    2758    2758   35420
         86     38338    2782    2782   35556     38115    2760    2760   35355
         87     38326    2781    2781   35545     38143    2759    2759   35384
         88     38328    2781    2781   35547     38226    2762    2762   35464
         89     38335    2782    2782   35553     38270    2768    2768   35502
         90     38330    2781    2781   35549     38256    2768    2768   35488
         91     38336    2782    2782   35554     38255    2767    2767   35488
         92     38340    2782    2782   35558     38248    2767    2767   35481
         93     38336    2782    2782   35554     38288    2768    2768   35520
         94     38334    2782    2782   35552     38275    2764    2764   35511
         95     38334    2782    2782   35552     38269    2763    2763   35506
         96     38339    2783    2783   35556     38272    2765    2765   35507
         97     38333    2782    2782   35551     38273    2764    2764   35509
         98     38332    2782    2782   35550     38309    2769    2769   35540
         99     38331    2782    2782   35549     38322    2770    2770   35552
        100     38324    2780    2780   35544     38320    2769    2769   35551
Total time used by netalign is 54.87
true_align (18772) and est_align (2785) DO NOT have the same number of elements.
method netalign has a score of 8.42%
method netalign used 54.875 seconds.
maximum values in init align row is:  18771
maximum values in init align col is:  18766
 best   iter     norm-u     lower   upper     cur      obj  weight    card overlap
    *      1    0.0e+00     35987   42791   42791    35987    2815    2815   33172
           2    2.4e+04     35987   42791 47140.3    31303    2814    2814   28489
           3    3.2e+04     35987   42791 44998.6    30798    2816    2816   27982
           4    4.4e+04     35987   42791 46334.1    30382    2815    2815   27567
           5    5.0e+04     35987   42791 44791.2    27559    2818    2818   24741
           6    5.9e+04     35987   42791 46132.4    28512    2815    2815   25697
           7    6.5e+04     35987   42791 44625.6    27342    2816    2816   24526
           8    7.3e+04     35987   42791 45755.2    27209    2815    2815   24394
           9    7.8e+04     35987   42791 44718.9    25767    2815    2815   22952
          10    8.6e+04     35987   42791 45430.9    26970    2815    2815   24155
          11    9.1e+04     35987   42791 44649.4    26764    2816    2816   23948
          12    9.7e+04     35987   42791 45270.3    26045    2815    2815   23230
          13    1.0e+05     35987   42791 44583.5    26048    2815    2815   23233
          14    1.1e+05     35987   42791 45067.4    26505    2815    2815   23690
          15    1.1e+05     35987   42791 44424.6    24237    2816    2816   21421
          16    1.2e+05     35987   42791 45194.9    25332    2819    2819   22513
          17    1.2e+05     35987   42791 44334.6    25394    2815    2815   22579
          18    1.3e+05     35987   42791 44783.9    25868    2814    2814   23054
          19    1.3e+05     35987   42791 44412.6    25823    2816    2816   23007
          20    1.4e+05     35987   42791 44692.2    25456    2812    2812   22644
          21    1.4e+05     35987   42791 44402.8    25059    2816    2816   22243
          22    1.5e+05     35987   42791   44565    26255    2811    2811   23444
          23    1.5e+05     35987   42791 44148.6    24498    2815    2815   21683
          24    1.5e+05     35987   42791 44651.8    25533    2815    2815   22718
          25    1.6e+05     35987   42791 44083.9    25257    2814    2814   22443
          26    1.6e+05     35987   42791 44579.6    24567    2814    2814   21753
               reducing step to 0.2
          27    1.6e+05     35987 42628.5 42628.5    26669    2812    2812   23857
          28    1.7e+05     35987 41812.4 41812.4    27203    2809    2809   24394
          29    1.7e+05     35987 41739.8 41739.8    25439    2811    2811   22628
          30    1.7e+05     35987 41648.5 41648.5    25592    2814    2814   22778
          31    1.7e+05     35987 41518.8 41518.8    26115    2810    2810   23305
          32    1.7e+05     35987 41342.7 41342.7    26455    2812    2812   23643
          33    1.7e+05     35987 41342.7 41415.5    26736    2810    2810   23926
          34    1.7e+05     35987 41247.9 41247.9    27930    2809    2809   25121
          35    1.8e+05     35987 41247.9 41259.9    26089    2811    2811   23278
          36    1.8e+05     35987 41181.8 41181.8    26367    2812    2812   23555
          37    1.8e+05     35987 41181.8 41204.2    27613    2808    2808   24805
          38    1.8e+05     35987 41007.5 41007.5    27189    2811    2811   24378
          39    1.8e+05     35987 41007.5 41127.3    26868    2808    2808   24060
          40    1.8e+05     35987 41006.2 41006.2    28301    2809    2809   25492
          41    1.8e+05     35987 41006.2 41042.4    27966    2807    2807   25159
          42    1.9e+05     35987 41006.2 41023.6    29054    2810    2810   26244
          43    1.9e+05     35987 40913.8 40913.8    28943    2808    2808   26135
          44    1.9e+05     35987 40872.2 40872.2    28762    2809    2809   25953
          45    1.9e+05     35987 40872.2 41035.2    29203    2807    2807   26396
          46    1.9e+05     35987 40819.4 40819.4    28952    2807    2807   26145
          47    1.9e+05     35987 40819.4 41029.7    30207    2805    2805   27402
          48    1.9e+05     35987 40819.4 40852.3    29385    2809    2809   26576
          49    1.9e+05     35987 40819.4 40820.1    30021    2804    2804   27217
          50    2.0e+05     35987 40819.4 40840.8    30118    2806    2806   27312
          51    2.0e+05     35987 40801.4 40801.4    30982    2807    2807   28175
          52    2.0e+05     35987 40722.8 40722.8    30342    2807    2807   27535
          53    2.0e+05     35987 40722.8 40808.5    30574    2805    2805   27769
          54    2.0e+05     35987 40722.8 40723.7    31000    2803    2803   28197
          55    2.0e+05     35987 40722.8 40768.1    29883    2808    2808   27075
          56    2.0e+05     35987   40712   40712    29989    2804    2804   27185
          57    2.0e+05     35987 40692.6 40692.6    31040    2805    2805   28235
          58    2.0e+05     35987 40692.6   40725    30924    2805    2805   28119
          59    2.0e+05     35987 40692.6 40697.4    29546    2803    2803   26743
          60    2.0e+05     35987 40692.6 40729.3    29319    2806    2806   26513
          61    2.1e+05     35987 40673.6 40673.6    30080    2806    2806   27274
          62    2.1e+05     35987 40658.6 40658.6    30817    2805    2805   28012
          63    2.1e+05     35987 40647.3 40647.3    31647    2801    2801   28846
          64    2.1e+05     35987 40629.9 40629.9    30927    2804    2804   28123
          65    2.1e+05     35987 40587.4 40587.4    32795    2801    2801   29994
          66    2.1e+05     35987 40587.4 40620.9    32235    2803    2803   29432
          67    2.1e+05     35987 40587.4   40603    32233    2801    2801   29432
          68    2.1e+05     35987 40587.4 40642.1    31728    2805    2805   28923
          69    2.1e+05     35987 40566.4 40566.4    31713    2800    2800   28913
          70    2.1e+05     35987 40566.4 40629.5    30741    2803    2803   27938
          71    2.1e+05     35987 40566.4 40586.4    31241    2803    2803   28438
          72    2.1e+05     35987 40456.4 40456.4    31003    2804    2804   28199
          73    2.2e+05     35987 40456.4 40577.1    32206    2800    2800   29406
          74    2.2e+05     35987 40456.4 40496.8    32809    2802    2802   30007
          75    2.2e+05     35987 40456.4 40491.9    33250    2801    2801   30449
          76    2.2e+05     35987 40456.4 40553.6    32731    2802    2802   29929
          77    2.2e+05     35987 40456.4 40492.6    32990    2803    2803   30187
          78    2.2e+05     35987 40456.4   40458    32520    2802    2802   29718
          79    2.2e+05     35987 40456.4 40491.2    32543    2801    2801   29742
          80    2.2e+05     35987 40456.4 40499.4    33047    2806    2806   30241
          81    2.2e+05     35987 40456.4 40474.5    33779    2800    2800   30979
          82    2.2e+05     35987 40456.4 40473.3    32561    2805    2805   29756
          83    2.2e+05     35987 40456.4   40459    32751    2805    2805   29946
          84    2.2e+05     35987 40454.5 40454.5    32177    2804    2804   29373
          85    2.2e+05     35987 40442.7 40442.7    32008    2799    2799   29209
          86    2.2e+05     35987 40442.7 40478.3    30713    2803    2803   27910
          87    2.3e+05     35987 40406.8 40406.8    30978    2804    2804   28174
          88    2.3e+05     35987 40406.8 40413.3    30581    2803    2803   27778
          89    2.3e+05     35987 40406.8 40442.4    32049    2801    2801   29248
          90    2.3e+05     35987 40406.8 40506.5    31782    2804    2804   28978
          91    2.3e+05     35987 40367.7 40367.7    32194    2801    2801   29393
          92    2.3e+05     35987 40367.7 40425.6    32172    2806    2806   29366
          93    2.3e+05     35987 40365.6 40365.6    33278    2802    2802   30476
          94    2.3e+05     35987 40358.1 40358.1    33194    2802    2802   30392
          95    2.3e+05     35987 40358.1 40370.4    32346    2798    2798   29548
          96    2.3e+05     35987 40358.1 40387.5    32614    2805    2805   29809
          97    2.3e+05     35987 40358.1 40389.1    32048    2803    2803   29245
          98    2.3e+05     35987 40358.1 40385.1    31707    2802    2802   28905
          99    2.3e+05     35987 40358.1 40403.4    32922    2802    2802   30120
         100    2.3e+05     35987 40358.1 40365.9    33604    2801    2801   30803
         101    2.3e+05     35987 40330.1 40330.1    33780    2800    2800   30980
         102    2.3e+05     35987 40330.1 40365.7    33171    2804    2804   30367
         103    2.4e+05     35987 40296.7 40296.7    33272    2800    2800   30472
         104    2.4e+05     35987 40286.4 40286.4    32413    2803    2803   29610
         105    2.4e+05     35987 40286.4 40406.1    33458    2800    2800   30658
         106    2.4e+05     35987 40203.8 40203.8    32455    2800    2800   29655
         107    2.4e+05     35987 40203.8 40400.4    33808    2801    2801   31007
         108    2.4e+05     35987 40203.8 40232.6    33107    2801    2801   30306
         109    2.4e+05     35987 40203.8 40350.8    32635    2801    2801   29834
         110    2.4e+05     35987 40203.8 40326.1    32073    2802    2802   29271
         111    2.4e+05     35987 40203.8 40295.9    33427    2802    2802   30625
         112    2.4e+05     35987 40203.8 40244.8    32633    2801    2801   29832
         113    2.4e+05     35987 40203.8 40380.5    33570    2799    2799   30771
         114    2.4e+05     35987 40203.8   40284    34184    2800    2800   31384
         115    2.4e+05     35987 40203.8 40288.1    34889    2800    2800   32089
         116    2.4e+05     35987 40203.8 40289.2    34024    2799    2799   31225
         117    2.4e+05     35987 40203.8 40237.2    33552    2798    2798   30754
         118    2.4e+05     35987 40203.8 40251.6    32679    2806    2806   29873
         119    2.4e+05     35987 40203.8 40289.5    33251    2800    2800   30451
         120    2.4e+05     35987 40203.8 40349.4    34029    2799    2799   31230
         121    2.4e+05     35987 40203.8   40236    34184    2802    2802   31382
         122    2.5e+05     35987 40196.7 40196.7    34707    2800    2800   31907
         123    2.5e+05     35987 40196.7 40323.7    35126    2798    2798   32328
         124    2.5e+05     35987 40196.7 40247.7    34908    2799    2799   32109
         125    2.5e+05     35987 40196.7 40229.1    34827    2798    2798   32029
         126    2.5e+05     35987 40193.8 40193.8    34167    2800    2800   31367
         127    2.5e+05     35987 40193.8 40238.5    33962    2799    2799   31163
         128    2.5e+05     35987 40193.8 40246.7    32820    2801    2801   30019
         129    2.5e+05     35987 40193.8 40287.2    33690    2798    2798   30892
         130    2.5e+05     35987 40193.8 40198.3    34522    2803    2803   31719
         131    2.5e+05     35987 40193.8 40273.8    34048    2797    2797   31251
         132    2.5e+05     35987 40178.7 40178.7    34435    2800    2800   31635
         133    2.5e+05     35987 40178.7 40286.8    34468    2798    2798   31670
         134    2.5e+05     35987 40178.7 40220.6    34554    2801    2801   31753
         135    2.5e+05     35987 40178.7 40232.1    34368    2798    2798   31570
         136    2.5e+05     35987 40137.8 40137.8    33643    2799    2799   30844
         137    2.5e+05     35987 40137.8   40199    33932    2799    2799   31133
         138    2.5e+05     35987 40137.8 40279.6    33414    2802    2802   30612
         139    2.5e+05     35987 40137.8 40194.1    32536    2798    2798   29738
         140    2.5e+05     35987 40137.8 40207.8    33032    2803    2803   30229
         141    2.5e+05     35987 40137.8 40253.2    33847    2798    2798   31049
         142    2.5e+05     35987 40137.8 40144.8    32765    2800    2800   29965
         143    2.5e+05     35987 40137.8 40250.1    32575    2800    2800   29775
         144    2.5e+05     35987 40137.8 40147.7    32741    2801    2801   29940
         145    2.6e+05     35987 40137.8 40314.6    33551    2801    2801   30750
         146    2.6e+05     35987 40060.7 40060.7    33538    2797    2797   30741
         147    2.6e+05     35987 40060.7 40198.7    33772    2799    2799   30973
         148    2.6e+05     35987 40060.7   40153    33724    2800    2800   30924
         149    2.6e+05     35987 40060.7 40307.2    34077    2801    2801   31276
         150    2.6e+05     35987 40046.7 40046.7    34792    2799    2799   31993
         151    2.6e+05     35987 40046.7   40349    35096    2798    2798   32298
         152    2.6e+05     35987 40040.2 40040.2    34557    2798    2798   31759
         153    2.6e+05     35987 40040.2 40300.8    34859    2798    2798   32061
         154    2.6e+05     35987 40040.2 40106.1    35271    2800    2800   32471
         155    2.6e+05     35987 40040.2   40192    35069    2799    2799   32270
         156    2.6e+05     35987 40040.2 40069.4    34984    2796    2796   32188
         157    2.6e+05     35987 40040.2 40306.7    35504    2798    2798   32706
         158    2.6e+05     35987 40040.2 40087.7    35042    2797    2797   32245
         159    2.6e+05     35987 40040.2 40221.4    35666    2796    2796   32870
    *    160    2.6e+05     36075 40020.7 40020.7    36075    2798    2798   33277
         161    2.6e+05     36075 40020.7 40245.6    35912    2797    2797   33115
         162    2.6e+05     36075 40020.7   40069    35733    2798    2798   32935
         163    2.6e+05     36075 40020.7 40292.1    35413    2794    2794   32619
         164    2.6e+05     36075 39993.2 39993.2    34837    2797    2797   32040
         165    2.6e+05     36075 39993.2 40262.5    35442    2800    2800   32642
         166    2.6e+05     36075 39993.2 40032.6    35055    2798    2798   32257
         167    2.6e+05     36075 39993.2 40209.1    35651    2800    2800   32851
    *    168    2.6e+05     36099 39993.2 40039.6    36099    2795    2795   33304
         169    2.6e+05     36099 39993.2 40341.7    35770    2797    2797   32973
         170    2.6e+05     36099 39945.1 39945.1    35899    2797    2797   33102
         171    2.6e+05     36099 39945.1 40181.3    35575    2797    2797   32778
         172    2.6e+05     36099 39945.1 40049.8    35233    2798    2798   32435
         173    2.6e+05     36099 39945.1 40208.3    35703    2797    2797   32906
         174    2.6e+05     36099 39945.1 40144.8    34474    2799    2799   31675
         175    2.7e+05     36099 39945.1   40214    33936    2798    2798   31138
         176    2.7e+05     36099 39945.1   40051    34267    2800    2800   31467
         177    2.7e+05     36099 39945.1 40150.2    34469    2799    2799   31670
         178    2.7e+05     36099 39945.1 40134.8    34641    2801    2801   31840
         179    2.7e+05     36099 39945.1   40235    33863    2797    2797   31066
         180    2.7e+05     36099 39945.1 40114.8    34443    2800    2800   31643
         181    2.7e+05     36099 39945.1   40247    34905    2801    2801   32104
         182    2.7e+05     36099 39945.1 40087.6    35055    2795    2795   32260
         183    2.7e+05     36099 39945.1 40167.7    35724    2797    2797   32927
         184    2.7e+05     36099 39945.1 40123.8    35328    2796    2796   32532
         185    2.7e+05     36099 39945.1 40098.4    35851    2797    2797   33054
         186    2.7e+05     36099 39945.1   40025    35898    2796    2796   33102
         187    2.7e+05     36099 39945.1 40154.1    35665    2800    2800   32865
         188    2.7e+05     36099 39945.1 40065.2    35357    2798    2798   32559
         189    2.7e+05     36099 39945.1   40163    34762    2798    2798   31964
         190    2.7e+05     36099 39945.1 40031.2    33842    2800    2800   31042
         191    2.7e+05     36099 39945.1 40210.1    34561    2796    2796   31765
         192    2.7e+05     36099 39945.1 40054.4    33503    2802    2802   30701
         193    2.7e+05     36099 39945.1 40174.3    33088    2802    2802   30286
         194    2.7e+05     36099 39945.1 40173.4    32487    2801    2801   29686
         195    2.7e+05     36099 39945.1   40140    33941    2801    2801   31140
               reducing step to 0.1
         196    2.7e+05     36099 39490.3 39490.3    33738    2799    2799   30939
         197    2.7e+05     36099 39260.8 39260.8    33057    2797    2797   30260
         198    2.7e+05     36099 39260.8 39296.3    33550    2796    2796   30754
    *    199    2.7e+05     36437 39207.5 39207.5    36437    2797    2797   33640
    *    200    2.7e+05     36580 39207.5 39255.2    36580    2796    2796   33784
         201    2.7e+05     36580 39187.2 39187.2    36571    2797    2797   33774
    *    202    2.7e+05     36875 39187.2 39198.3    36875    2797    2797   34078
    *    203    2.7e+05     37520 39187.2   39199    37520    2797    2797   34723
    *    204    2.7e+05     37876 39187.2 39192.3    37876    2795    2795   35081
    *    205    2.7e+05     37923 39183.1 39183.1    37923    2794    2794   35129
    *    206    2.7e+05     38038 39177.5 39177.5    38038    2794    2794   35244
    *    207    2.7e+05     38084 39177.5 39184.8    38084    2794    2794   35290
    *    208    2.7e+05     38121 39171.4 39171.4    38121    2795    2795   35326
         209    2.7e+05     38121 39171.4 39175.8    38086    2794    2794   35292
    *    210    2.7e+05     38151 39164.8 39164.8    38151    2794    2794   35357
         211    2.7e+05     38151 39160.8 39160.8    38063    2794    2794   35269
         212    2.7e+05     38151 39160.8 39169.6    38056    2794    2794   35262
         213    2.7e+05     38151 39154.7 39154.7    38056    2795    2795   35261
         214    2.7e+05     38151 39154.7 39161.2    38111    2794    2794   35317
         215    2.7e+05     38151 39154.7   39164    38075    2794    2794   35281
         216    2.7e+05     38151 39154.7 39161.7    38103    2794    2794   35309
         217    2.7e+05     38151 39154.7 39160.4    37649    2795    2795   34854
         218    2.7e+05     38151 39154.7   39173    38003    2794    2794   35209
         219    2.7e+05     38151 39154.7 39165.7    38002    2795    2795   35207
         220    2.7e+05     38151 39154.7 39161.4    38131    2794    2794   35337
    *    221    2.7e+05     38159 39154.7 39167.1    38159    2794    2794   35365
    *    222    2.7e+05     38208 39154.7 39154.7    38208    2794    2794   35414
         223    2.7e+05     38208 39152.2 39152.2    38169    2794    2794   35375
         224    2.7e+05     38208 39152.2 39167.2    38152    2794    2794   35358
         225    2.7e+05     38208 39138.5 39138.5    38182    2794    2794   35388
         226    2.7e+05     38208 39138.5 39157.4    38198    2794    2794   35404
    *    227    2.7e+05     38218 39138.5 39151.5    38218    2794    2794   35424
         228    2.7e+05     38218 39138.5 39161.6    38180    2794    2794   35386
         229    2.7e+05     38218 39138.5 39152.7    38039    2794    2794   35245
         230    2.7e+05     38218 39138.5 39150.2    38215    2794    2794   35421
         231    2.7e+05     38218 39138.5 39157.4    38155    2794    2794   35361
    *    232    2.7e+05     38222 39138.5 39148.5    38222    2794    2794   35428
    *    233    2.7e+05     38239 39138.5 39152.8    38239    2794    2794   35445
         234    2.7e+05     38239 39138.5 39148.6    38181    2794    2794   35387
         235    2.7e+05     38239 39138.5 39144.7    38080    2794    2794   35286
         236    2.7e+05     38239 39138.5 39145.1    38220    2794    2794   35426
         237    2.7e+05     38239 39138.5 39142.4    38118    2794    2794   35324
         238    2.7e+05     38239 39138.5 39139.3    38165    2794    2794   35371
         239    2.7e+05     38239 39138.5 39139.8    38145    2794    2794   35351
         240    2.7e+05     38239 39138.5 39144.4    38124    2794    2794   35330
         241    2.7e+05     38239 39137.1 39137.1    38172    2794    2794   35378
    *    242    2.7e+05     38243 39137.1 39149.1    38243    2794    2794   35449
         243    2.7e+05     38243 39135.2 39135.2    38213    2794    2794   35419
    *    244    2.7e+05     38245 39135.2 39135.9    38245    2794    2794   35451
         245    2.7e+05     38245 39135.2 39137.3    38211    2794    2794   35417
         246    2.7e+05     38245 39135.2 39146.3    38163    2794    2794   35369
         247    2.7e+05     38245 39135.2 39139.9    38204    2794    2794   35410
         248    2.7e+05     38245 39131.8 39131.8    38205    2794    2794   35411
         249    2.7e+05     38245 39131.8 39144.5    38113    2794    2794   35319
         250    2.7e+05     38245 39131.8 39135.4    38177    2794    2794   35383
         251    2.7e+05     38245 39131.8 39139.4    38171    2794    2794   35377
         252    2.7e+05     38245 39131.8 39137.7    38165    2794    2794   35371
         253    2.7e+05     38245 39131.8 39142.8    38132    2794    2794   35338
         254    2.7e+05     38245 39131.8 39138.6    38166    2794    2794   35372
    *    255    2.7e+05     38258 39131.6 39131.6    38258    2794    2794   35464
         256    2.7e+05     38258 39131.6 39135.2    38245    2794    2794   35451
         257    2.7e+05     38258 39131.6 39141.2    38196    2793    2793   35403
         258    2.7e+05     38258 39131.6 39132.5    38225    2794    2794   35431
         259    2.7e+05     38258 39131.6   39133    38088    2795    2795   35293
         260    2.7e+05     38258 39129.2 39129.2    38161    2794    2794   35367
         261    2.7e+05     38258 39129.2 39131.1    38033    2794    2794   35239
         262    2.7e+05     38258 39129.2 39130.3    38221    2794    2794   35427
         263    2.7e+05     38258 39129.2 39138.2    38007    2794    2794   35213
         264    2.7e+05     38258 39126.8 39126.8    38203    2794    2794   35409
         265    2.7e+05     38258 39126.8 39142.2    38120    2794    2794   35326
         266    2.7e+05     38258 39126.8 39128.7    38139    2794    2794   35345
         267    2.7e+05     38258 39126.8 39143.1    38211    2794    2794   35417
         268    2.8e+05     38258 39126.8 39136.9    38211    2794    2794   35417
         269    2.8e+05     38258 39126.8 39134.1    38236    2794    2794   35442
         270    2.8e+05     38258 39126.8 39131.3    38218    2794    2794   35424
         271    2.8e+05     38258 39126.8 39130.2    38214    2794    2794   35420
         272    2.8e+05     38258 39126.8 39129.1    38233    2794    2794   35439
         273    2.8e+05     38258 39126.8 39134.6    38179    2794    2794   35385
         274    2.8e+05     38258 39126.6 39126.6    38183    2794    2794   35389
         275    2.8e+05     38258 39126.6 39128.9    38248    2794    2794   35454
         276    2.8e+05     38258 39126.6 39135.6    38213    2794    2794   35419
         277    2.8e+05     38258 39126.6 39127.4    38255    2794    2794   35461
         278    2.8e+05     38258 39124.8 39124.8    38212    2794    2794   35418
         279    2.8e+05     38258 39124.8   39133    38253    2794    2794   35459
         280    2.8e+05     38258 39124.8 39130.6    38239    2794    2794   35445
         281    2.8e+05     38258 39122.5 39122.5    38233    2794    2794   35439
         282    2.8e+05     38258 39122.5 39131.1    38220    2794    2794   35426
         283    2.8e+05     38258 39122.5 39124.5    38223    2794    2794   35429
         284    2.8e+05     38258 39122.5   39129    38146    2795    2795   35351
    *    285    2.8e+05     38273 39117.9 39117.9    38273    2794    2794   35479
         286    2.8e+05     38273 39117.9 39124.5    38239    2794    2794   35445
         287    2.8e+05     38273 39117.9 39125.6    38203    2794    2794   35409
         288    2.8e+05     38273 39117.9 39123.5    38233    2794    2794   35439
         289    2.8e+05     38273 39117.9 39127.4    38268    2794    2794   35474
         290    2.8e+05     38273 39117.9 39125.1    38241    2794    2794   35447
    *    291    2.8e+05     38282 39117.9 39128.3    38282    2794    2794   35488
         292    2.8e+05     38282 39117.9 39124.5    38173    2794    2794   35379
         293    2.8e+05     38282 39117.9 39121.8    38233    2794    2794   35439
         294    2.8e+05     38282 39117.9   39128    38238    2794    2794   35444
    *    295    2.8e+05     38283 39117.9 39125.2    38283    2794    2794   35489
         296    2.8e+05     38283 39117.9 39130.8    38245    2794    2794   35451
    *    297    2.8e+05     38285 39117.9 39120.8    38285    2794    2794   35491
         298    2.8e+05     38285 39117.9 39127.5    38266    2794    2794   35472
    *    299    2.8e+05     38293 39117.9 39119.3    38293    2794    2794   35499
         300    2.8e+05     38293 39117.9 39127.5    38252    2794    2794   35458
         301    2.8e+05     38293 39117.9 39118.9    38263    2794    2794   35469
         302    2.8e+05     38293 39117.9 39125.1    38224    2794    2794   35430
         303    2.8e+05     38293 39111.9 39111.9    38119    2794    2794   35325
         304    2.8e+05     38293 39111.9 39128.6    38074    2794    2794   35280
         305    2.8e+05     38293 39111.9   39114    38213    2794    2794   35419
         306    2.8e+05     38293 39111.9 39126.6    38153    2794    2794   35359
         307    2.8e+05     38293 39111.9 39119.9    38258    2794    2794   35464
         308    2.8e+05     38293 39111.9 39126.2    38231    2794    2794   35437
         309    2.8e+05     38293 39111.9 39114.9    38141    2794    2794   35347
    *    310    2.8e+05     38295 39111.9   39121    38295    2794    2794   35501
         311    2.8e+05     38295 39111.9 39117.8    38188    2794    2794   35394
         312    2.8e+05     38295 39111.9 39115.8    38245    2794    2794   35451
         313    2.8e+05     38295 39111.9 39112.9    38190    2794    2794   35396
         314    2.8e+05     38295 39111.9 39115.8    38208    2794    2794   35414
         315    2.8e+05     38295 39111.9 39130.9    38257    2794    2794   35463
         316    2.8e+05     38295 39111.9 39117.2    38213    2794    2794   35419
         317    2.8e+05     38295 39111.9 39115.2    38287    2794    2794   35493
         318    2.8e+05     38295 39111.9 39126.1    38213    2794    2794   35419
         319    2.8e+05     38295 39111.9 39117.7    38158    2794    2794   35364
         320    2.8e+05     38295 39111.9 39118.1    37954    2794    2794   35160
         321    2.8e+05     38295 39107.5 39107.5    38247    2795    2795   35452
         322    2.8e+05     38295 39107.5 39122.7    38255    2794    2794   35461
    *    323    2.8e+05     38296 39107.5 39121.5    38296    2794    2794   35502
         324    2.8e+05     38296 39107.5 39120.6    38248    2794    2794   35454
         325    2.8e+05     38296 39107.5 39122.1    38283    2794    2794   35489
         326    2.8e+05     38296 39107.5 39113.2    38262    2794    2794   35468
         327    2.8e+05     38296 39107.5   39115    38282    2794    2794   35488
         328    2.8e+05     38296 39107.5 39114.4    38169    2794    2794   35375
         329    2.8e+05     38296 39107.5 39115.8    38262    2794    2794   35468
         330    2.8e+05     38296 39107.5 39109.6    38267    2794    2794   35473
         331    2.8e+05     38296 39107.5 39115.2    38279    2794    2794   35485
         332    2.8e+05     38296 39107.5   39113    38251    2794    2794   35457
         333    2.8e+05     38296 39107.5 39111.7    38284    2794    2794   35490
         334    2.8e+05     38296 39107.5 39114.2    38278    2794    2794   35484
         335    2.8e+05     38296 39107.5 39111.1    38155    2794    2794   35361
         336    2.8e+05     38296 39107.5 39114.4    38023    2794    2794   35229
         337    2.8e+05     38296 39107.5 39119.7    38143    2794    2794   35349
         338    2.8e+05     38296 39107.5 39112.7    38202    2794    2794   35408
         339    2.8e+05     38296 39107.5 39108.1    38004    2795    2795   35209
         340    2.8e+05     38296 39107.5 39114.8    38254    2794    2794   35460
         341    2.8e+05     38296 39107.5 39115.3    38072    2794    2794   35278
         342    2.8e+05     38296 39107.5 39116.2    38220    2794    2794   35426
         343    2.8e+05     38296 39107.5 39121.9    38264    2794    2794   35470
         344    2.8e+05     38296 39107.5 39113.4    38288    2794    2794   35494
         345    2.8e+05     38296 39107.5 39110.2    38232    2794    2794   35438
         346    2.8e+05     38296 39107.5 39112.4    38236    2794    2794   35442
               reducing step to 0.05
         347    2.8e+05     38296 38906.6 38906.6    37001    2794    2794   34207
         348    2.8e+05     38296   38826   38826    37854    2794    2794   35060
         349    2.8e+05     38296   38826 38841.1    38094    2794    2794   35300
         350    2.8e+05     38296 38813.9 38813.9    37976    2795    2795   35181
         351    2.8e+05     38296 38813.9 38826.7    38146    2793    2793   35353
         352    2.8e+05     38296 38798.1 38798.1    38111    2795    2795   35316
         353    2.8e+05     38296 38798.1 38823.8    38188    2795    2795   35393
    *    354    2.8e+05     38308 38798.1 38799.9    38308    2794    2794   35514
         355    2.8e+05     38308 38798.1 38818.5    38239    2794    2794   35445
         356    2.8e+05     38308 38798.1 38798.8    38269    2794    2794   35475
         357    2.8e+05     38308 38798.1 38814.7    38298    2794    2794   35504
    *    358    2.8e+05     38317 38796.3 38796.3    38317    2794    2794   35523
         359    2.8e+05     38317 38796.3 38807.7    38312    2794    2794   35518
    *    360    2.8e+05     38365 38796.3 38797.2    38365    2794    2794   35571
         361    2.8e+05     38365 38796.3 38803.9    38279    2794    2794   35485
         362    2.8e+05     38365 38796.3 38796.6    38335    2794    2794   35541
         363    2.8e+05     38365 38796.3 38798.4    38274    2794    2794   35480
         364    2.8e+05     38365 38796.3 38797.1    38331    2794    2794   35537
         365    2.8e+05     38365 38796.3 38800.9    38205    2794    2794   35411
    *    366    2.8e+05     38388 38785.7 38785.7    38388    2794    2794   35594
         367    2.8e+05     38388 38785.7 38797.9    38341    2794    2794   35547
         368    2.8e+05     38388 38785.7 38788.5    38377    2794    2794   35583
         369    2.8e+05     38388 38785.7 38796.8    38302    2794    2794   35508
         370    2.8e+05     38388 38785.7 38792.5    38359    2794    2794   35565
         371    2.8e+05     38388 38785.7 38800.2    38366    2794    2794   35572
         372    2.8e+05     38388 38785.7 38790.5    38356    2794    2794   35562
         373    2.8e+05     38388 38785.7 38796.5    38346    2794    2794   35552
         374    2.8e+05     38388 38785.7   38793    38362    2794    2794   35568
         375    2.8e+05     38388 38785.7 38795.4    38325    2794    2794   35531
         376    2.8e+05     38388 38785.7 38790.8    38376    2794    2794   35582
         377    2.8e+05     38388 38785.7 38794.2    38351    2794    2794   35557
         378    2.8e+05     38388 38785.7   38792    38376    2794    2794   35582
         379    2.8e+05     38388 38785.7 38797.2    38366    2794    2794   35572
         380    2.8e+05     38388 38785.7   38793    38368    2794    2794   35574
         381    2.8e+05     38388 38785.7 38794.2    38362    2794    2794   35568
         382    2.8e+05     38388 38785.7 38790.6    38380    2794    2794   35586
         383    2.8e+05     38388 38785.7   38792    38355    2794    2794   35561
         384    2.8e+05     38388 38785.7 38793.3    38340    2794    2794   35546
         385    2.8e+05     38388 38785.7 38789.7    38345    2794    2794   35551
         386    2.8e+05     38388 38785.7 38790.6    38317    2795    2795   35522
         387    2.8e+05     38388 38785.7 38793.3    38350    2794    2794   35556
         388    2.8e+05     38388 38785.7 38791.7    38383    2794    2794   35589
         389    2.8e+05     38388 38785.7 38791.9    38348    2794    2794   35554
         390    2.8e+05     38388 38785.7 38789.1    38317    2794    2794   35523
         391    2.8e+05     38388 38785.7 38793.8    38365    2794    2794   35571
               reducing step to 0.025
         392    2.8e+05     38388 38709.8 38709.8    37752    2794    2794   34958
         393    2.8e+05     38388   38681   38681    37959    2794    2794   35165
         394    2.8e+05     38388   38681 38687.7    38291    2794    2794   35497
         395    2.8e+05     38388 38670.7 38670.7    38231    2795    2795   35436
         396    2.8e+05     38388 38670.7 38678.6    38310    2794    2794   35516
         397    2.8e+05     38388 38666.7 38666.7    38063    2794    2794   35269
         398    2.8e+05     38388 38666.7 38675.2    38286    2794    2794   35492
         399    2.8e+05     38388 38660.6 38660.6    38365    2794    2794   35571
         400    2.8e+05     38388 38660.6 38671.6    38342    2794    2794   35548
         401    2.8e+05     38388 38660.6 38660.9    38368    2794    2794   35574
         402    2.8e+05     38388 38660.6 38670.9    38358    2794    2794   35564
         403    2.8e+05     38388 38658.8 38658.8    38370    2794    2794   35576
         404    2.8e+05     38388 38658.8   38669    38370    2794    2794   35576
         405    2.8e+05     38388 38657.9 38657.9    38362    2794    2794   35568
         406    2.8e+05     38388 38657.9 38668.9    38325    2794    2794   35531
         407    2.8e+05     38388 38657.3 38657.3    38344    2794    2794   35550
    *    408    2.8e+05     38391 38657.3 38665.2    38391    2794    2794   35597
    *    409    2.8e+05     38392 38656.2 38656.2    38392    2794    2794   35598
    *    410    2.8e+05     38396 38656.2 38665.3    38396    2794    2794   35602
         411    2.8e+05     38396 38654.2 38654.2    38389    2794    2794   35595
         412    2.8e+05     38396 38654.2 38665.3    38379    2794    2794   35585
    *    413    2.8e+05     38402 38653.6 38653.6    38402    2794    2794   35608
         414    2.8e+05     38402 38653.6 38665.1    38390    2794    2794   35596
    *    415    2.8e+05     38404 38653.6 38654.1    38404    2794    2794   35610
         416    2.8e+05     38404 38653.6 38663.7    38386    2794    2794   35592
         417    2.8e+05     38404 38652.9 38652.9    38400    2794    2794   35606
         418    2.8e+05     38404 38652.9 38664.1    38393    2794    2794   35599
         419    2.8e+05     38404 38651.8 38651.8    38391    2794    2794   35597
         420    2.8e+05     38404 38651.8   38664    38382    2794    2794   35588
         421    2.8e+05     38404 38651.8 38652.8    38376    2794    2794   35582
         422    2.8e+05     38404 38651.8 38664.9    38355    2794    2794   35561
         423    2.8e+05     38404 38651.8 38652.2    38391    2794    2794   35597
         424    2.8e+05     38404 38651.8 38664.5    38396    2794    2794   35602
         425    2.8e+05     38404 38651.1 38651.1    38389    2794    2794   35595
         426    2.8e+05     38404 38651.1 38662.9    38379    2794    2794   35585
    *    427    2.8e+05     38405 38651.1 38651.4    38405    2794    2794   35611
         428    2.8e+05     38405 38651.1 38663.3    38399    2794    2794   35605
         429    2.8e+05     38405 38650.4 38650.4    38376    2794    2794   35582
         430    2.8e+05     38405 38650.4 38663.2    38398    2794    2794   35604
         431    2.8e+05     38405 38650.4 38650.6    38358    2794    2794   35564
         432    2.8e+05     38405 38650.4 38663.2    38396    2794    2794   35602
         433    2.8e+05     38405 38649.6 38649.6    38399    2794    2794   35605
    *    434    2.8e+05     38408 38649.6 38662.7    38408    2794    2794   35614
         435    2.8e+05     38408 38649.3 38649.3    38400    2794    2794   35606
         436    2.8e+05     38408 38649.3 38663.1    38399    2794    2794   35605
         437    2.8e+05     38408 38648.3 38648.3    38376    2794    2794   35582
         438    2.8e+05     38408 38648.3   38663    38393    2794    2794   35599
         439    2.8e+05     38408 38648.3 38649.8    38389    2794    2794   35595
         440    2.8e+05     38408 38648.3 38662.4    38403    2794    2794   35609
         441    2.8e+05     38408 38648.3 38648.8    38350    2794    2794   35556
         442    2.8e+05     38408 38648.3 38662.7    38373    2794    2794   35579
         443    2.8e+05     38408 38648.3 38648.9    38371    2794    2794   35577
         444    2.8e+05     38408 38648.3 38662.6    38384    2794    2794   35590
         445    2.8e+05     38408 38648.3 38649.1    38379    2794    2794   35585
         446    2.8e+05     38408 38648.3 38660.6    38388    2794    2794   35594
         447    2.8e+05     38408 38648.3 38651.6    38359    2794    2794   35565
         448    2.8e+05     38408 38648.3 38659.5    38394    2794    2794   35600
         449    2.8e+05     38408 38648.3 38649.5    38387    2794    2794   35593
         450    2.8e+05     38408 38648.3 38660.1    38393    2794    2794   35599
         451    2.8e+05     38408 38648.3 38649.8    38382    2794    2794   35588
         452    2.8e+05     38408 38648.3 38658.6    38381    2794    2794   35587
         453    2.8e+05     38408 38648.3 38651.2    38403    2794    2794   35609
         454    2.8e+05     38408 38648.3 38659.9    38359    2794    2794   35565
         455    2.8e+05     38408 38648.3 38648.4    38395    2794    2794   35601
         456    2.8e+05     38408 38648.3 38660.6    38390    2794    2794   35596
         457    2.8e+05     38408 38648.3 38649.9    38371    2794    2794   35577
         458    2.8e+05     38408 38648.3 38660.4    38389    2794    2794   35595
         459    2.8e+05     38408 38648.3 38649.7    38392    2794    2794   35598
         460    2.8e+05     38408 38648.3 38658.8    38393    2794    2794   35599
         461    2.8e+05     38408 38648.3 38650.6    38399    2794    2794   35605
         462    2.8e+05     38408 38648.3 38657.9    38391    2794    2794   35597
               reducing step to 0.0125
         463    2.8e+05     38408   38618   38618    38271    2794    2794   35477
         464    2.8e+05     38408 38605.1 38605.1    38261    2794    2794   35467
         465    2.8e+05     38408 38605.1 38612.3    38173    2794    2794   35379
         466    2.8e+05     38408 38599.6 38599.6    38192    2794    2794   35398
         467    2.8e+05     38408 38599.6 38607.3    38322    2794    2794   35528
         468    2.8e+05     38408 38596.8 38596.8    38323    2794    2794   35529
         469    2.8e+05     38408 38596.8 38604.8    38369    2794    2794   35575
         470    2.8e+05     38408 38594.5 38594.5    38390    2794    2794   35596
         471    2.8e+05     38408 38594.5 38602.3    38232    2794    2794   35438
         472    2.8e+05     38408 38593.3 38593.3    38307    2794    2794   35513
         473    2.8e+05     38408 38593.3 38602.6    38367    2794    2794   35573
         474    2.8e+05     38408 38592.4 38592.4    38361    2794    2794   35567
         475    2.8e+05     38408 38592.4 38603.3    38387    2794    2794   35593
         476    2.8e+05     38408 38590.6 38590.6    38400    2794    2794   35606
         477    2.8e+05     38408 38590.6 38601.1    38384    2794    2794   35590
         478    2.8e+05     38408 38590.6 38593.1    38404    2794    2794   35610
         479    2.8e+05     38408 38590.6 38598.5    38385    2794    2794   35591
         480    2.8e+05     38408 38590.6 38593.7    38374    2794    2794   35580
         481    2.8e+05     38408 38590.6   38597    38385    2794    2794   35591
         482    2.8e+05     38408 38590.6 38592.5    38401    2794    2794   35607
         483    2.8e+05     38408 38590.6 38598.7    38390    2794    2794   35596
         484    2.8e+05     38408 38590.6 38591.2    38367    2794    2794   35573
    *    485    2.8e+05     38411 38590.6 38597.8    38411    2794    2794   35617
         486    2.8e+05     38411 38590.6   38592    38390    2794    2794   35596
         487    2.8e+05     38411 38590.6 38597.4    38382    2794    2794   35588
         488    2.8e+05     38411 38590.6 38590.9    38380    2794    2794   35586
         489    2.8e+05     38411 38590.6 38597.7    38406    2794    2794   35612
         490    2.8e+05     38411 38590.6 38590.6    38397    2794    2794   35603
         491    2.8e+05     38411 38590.6 38595.9    38399    2794    2794   35605
         492    2.8e+05     38411 38590.6 38591.8    38391    2794    2794   35597
         493    2.8e+05     38411 38590.6 38595.7    38407    2794    2794   35613
         494    2.8e+05     38411 38590.6 38590.6    38402    2794    2794   35608
         495    2.8e+05     38411 38590.6 38596.1    38407    2794    2794   35613
         496    2.8e+05     38411 38590.6 38591.3    38397    2794    2794   35603
         497    2.8e+05     38411 38590.6 38595.1    38411    2794    2794   35617
         498    2.8e+05     38411 38590.6 38591.9    38395    2794    2794   35601
         499    2.8e+05     38411 38590.6 38594.9    38406    2794    2794   35612
         500    2.8e+05     38411 38590.6 38590.7    38392    2794    2794   35598
         501    2.8e+05     38411 38590.6 38596.7    38402    2794    2794   35608
         502    2.8e+05     38411 38590.2 38590.2    38389    2794    2794   35595
         503    2.8e+05     38411 38590.2 38596.9    38402    2794    2794   35608
         504    2.8e+05     38411 38590.2 38590.5    38384    2794    2794   35590
         505    2.8e+05     38411 38590.2 38594.8    38398    2794    2794   35604
         506    2.8e+05     38411 38589.7 38589.7    38399    2794    2794   35605
         507    2.8e+05     38411 38589.7 38595.1    38389    2794    2794   35595
         508    2.8e+05     38411 38589.7 38590.2    38382    2794    2794   35588
         509    2.8e+05     38411 38589.7 38594.7    38385    2794    2794   35591
         510    2.8e+05     38411 38589.4 38589.4    38390    2794    2794   35596
         511    2.8e+05     38411 38589.4   38595    38407    2794    2794   35613
         512    2.8e+05     38411 38589.4 38590.1    38395    2794    2794   35601
         513    2.8e+05     38411 38589.4 38595.2    38402    2794    2794   35608
         514    2.8e+05     38411 38588.9 38588.9    38396    2794    2794   35602
         515    2.8e+05     38411 38588.9 38594.5    38410    2794    2794   35616
         516    2.8e+05     38411 38588.9 38589.4    38361    2795    2795   35566
    *    517    2.8e+05     38416 38588.9 38593.7    38416    2794    2794   35622
         518    2.8e+05     38416 38588.9 38589.3    38394    2794    2794   35600
         519    2.8e+05     38416 38588.9 38594.2    38396    2794    2794   35602
         520    2.8e+05     38416 38588.5 38588.5    38396    2794    2794   35602
         521    2.8e+05     38416 38588.5 38593.9    38407    2794    2794   35613
         522    2.8e+05     38416 38588.5 38589.9    38397    2794    2794   35603
         523    2.8e+05     38416 38588.5 38593.8    38401    2794    2794   35607
         524    2.8e+05     38416 38588.1 38588.1    38399    2794    2794   35605
         525    2.8e+05     38416 38588.1 38594.6    38400    2794    2794   35606
         526    2.8e+05     38416 38588.1 38588.4    38396    2794    2794   35602
         527    2.8e+05     38416 38588.1 38594.7    38406    2794    2794   35612
         528    2.8e+05     38416 38588.1 38588.9    38401    2794    2794   35607
         529    2.8e+05     38416 38588.1   38594    38385    2794    2794   35591
         530    2.8e+05     38416 38588.1 38588.6    38399    2794    2794   35605
         531    2.8e+05     38416 38588.1 38593.8    38404    2794    2794   35610
         532    2.8e+05     38416   38588   38588    38401    2794    2794   35607
         533    2.8e+05     38416   38588 38593.4    38384    2794    2794   35590
         534    2.8e+05     38416   38588 38589.4    38410    2794    2794   35616
         535    2.8e+05     38416   38588 38593.4    38399    2794    2794   35605
         536    2.8e+05     38416   38588 38588.2    38400    2794    2794   35606
         537    2.8e+05     38416   38588 38594.2    38406    2794    2794   35612
         538    2.8e+05     38416   38588 38588.2    38408    2794    2794   35614
         539    2.8e+05     38416   38588 38594.1    38407    2794    2794   35613
         540    2.8e+05     38416   38588 38588.9    38405    2794    2794   35611
         541    2.8e+05     38416   38588 38592.9    38405    2794    2794   35611
         542    2.8e+05     38416   38588 38588.6    38390    2794    2794   35596
         543    2.8e+05     38416   38588 38593.8    38406    2794    2794   35612
         544    2.8e+05     38416   38588 38588.1    38400    2794    2794   35606
         545    2.8e+05     38416   38588 38592.8    38398    2794    2794   35604
         546    2.8e+05     38416   38588 38588.8    38391    2794    2794   35597
         547    2.8e+05     38416   38588 38592.8    38399    2794    2794   35605
         548    2.8e+05     38416   38588 38588.1    38401    2794    2794   35607
         549    2.8e+05     38416   38588 38593.5    38404    2794    2794   35610
         550    2.8e+05     38416   38588 38588.2    38415    2794    2794   35621
         551    2.8e+05     38416   38588 38593.3    38412    2794    2794   35618
         552    2.8e+05     38416   38588 38588.6    38398    2794    2794   35604
         553    2.8e+05     38416   38588 38592.7    38412    2794    2794   35618
         554    2.8e+05     38416   38588 38588.1    38402    2794    2794   35608
         555    2.8e+05     38416   38588 38594.1    38398    2794    2794   35604
         556    2.8e+05     38416 38587.9 38587.9    38406    2794    2794   35612
         557    2.8e+05     38416 38587.9 38592.8    38409    2794    2794   35615
         558    2.8e+05     38416 38587.9   38588    38402    2794    2794   35608
         559    2.8e+05     38416 38587.9 38593.3    38401    2794    2794   35607
         560    2.8e+05     38416 38587.9 38588.4    38414    2794    2794   35620
         561    2.8e+05     38416 38587.9   38593    38402    2794    2794   35608
         562    2.8e+05     38416 38587.9   38588    38403    2794    2794   35609
         563    2.8e+05     38416 38587.9 38592.4    38412    2794    2794   35618
         564    2.8e+05     38416 38587.9 38588.8    38407    2794    2794   35613
         565    2.8e+05     38416 38587.9 38592.8    38412    2794    2794   35618
         566    2.8e+05     38416 38587.9   38588    38415    2794    2794   35621
    *    567    2.8e+05     38418 38587.9 38593.3    38418    2794    2794   35624
         568    2.8e+05     38418 38587.9 38588.1    38401    2794    2794   35607
    *    569    2.8e+05     38421 38587.9 38592.3    38421    2794    2794   35627
         570    2.8e+05     38421 38587.9   38588    38410    2794    2794   35616
         571    2.8e+05     38421 38587.9 38593.2    38415    2794    2794   35621
         572    2.8e+05     38421 38587.3 38587.3    38398    2794    2794   35604
         573    2.8e+05     38421 38587.3   38593    38389    2794    2794   35595
         574    2.8e+05     38421 38587.3 38587.9    38404    2794    2794   35610
         575    2.8e+05     38421 38587.3 38593.2    38410    2794    2794   35616
         576    2.8e+05     38421 38587.3 38588.1    38403    2794    2794   35609
         577    2.8e+05     38421 38587.3 38592.6    38400    2794    2794   35606
         578    2.8e+05     38421 38587.3 38587.5    38408    2794    2794   35614
         579    2.8e+05     38421 38587.3 38593.1    38407    2794    2794   35613
         580    2.8e+05     38421 38587.3   38588    38405    2794    2794   35611
         581    2.8e+05     38421 38587.3 38592.2    38409    2794    2794   35615
         582    2.8e+05     38421 38587.3 38587.5    38412    2794    2794   35618
         583    2.8e+05     38421 38587.3   38593    38396    2794    2794   35602
         584    2.8e+05     38421 38587.3 38587.5    38409    2794    2794   35615
         585    2.8e+05     38421 38587.3 38593.5    38420    2794    2794   35626
         586    2.8e+05     38421   38587   38587    38415    2794    2794   35621
         587    2.8e+05     38421   38587 38592.8    38409    2794    2794   35615
         588    2.8e+05     38421   38587 38587.8    38387    2794    2794   35593
         589    2.8e+05     38421   38587 38592.2    38388    2794    2794   35594
         590    2.8e+05     38421   38587 38587.7    38405    2794    2794   35611
         591    2.8e+05     38421   38587 38592.3    38409    2794    2794   35615
         592    2.8e+05     38421   38587 38587.9    38393    2794    2794   35599
         593    2.8e+05     38421   38587 38591.9    38406    2794    2794   35612
         594    2.8e+05     38421   38587 38588.6    38409    2794    2794   35615
         595    2.8e+05     38421   38587 38592.2    38414    2794    2794   35620
         596    2.8e+05     38421   38587 38587.2    38407    2794    2794   35613
         597    2.8e+05     38421   38587 38592.9    38404    2794    2794   35610
         598    2.8e+05     38421 38586.9 38586.9    38401    2794    2794   35607
         599    2.8e+05     38421 38586.9 38591.3    38409    2794    2794   35615
         600    2.8e+05     38421 38586.9 38589.1    38398    2794    2794   35604
         601    2.8e+05     38421 38586.9 38590.8    38413    2794    2794   35619
         602    2.8e+05     38421 38586.9 38588.3    38410    2794    2794   35616
         603    2.8e+05     38421 38586.9 38592.3    38405    2794    2794   35611
         604    2.8e+05     38421 38586.9 38588.3    38391    2794    2794   35597
         605    2.8e+05     38421 38586.9 38591.9    38396    2794    2794   35602
         606    2.8e+05     38421 38586.9 38588.7    38396    2794    2794   35602
         607    2.8e+05     38421 38586.9 38591.5    38397    2794    2794   35603
         608    2.8e+05     38421 38586.9 38587.8    38395    2794    2794   35601
         609    2.8e+05     38421 38586.9 38592.3    38401    2794    2794   35607
         610    2.8e+05     38421 38586.9 38587.6    38403    2794    2794   35609
         611    2.8e+05     38421 38586.9 38591.5    38398    2794    2794   35604
         612    2.8e+05     38421 38586.9 38588.9    38392    2794    2794   35598
         613    2.8e+05     38421 38586.9 38591.5    38390    2794    2794   35596
         614    2.8e+05     38421 38586.9 38588.2    38399    2794    2794   35605
         615    2.8e+05     38421 38586.9 38591.9    38401    2794    2794   35607
         616    2.8e+05     38421 38586.9 38588.9    38395    2794    2794   35601
         617    2.8e+05     38421 38586.9 38591.8    38394    2794    2794   35600
         618    2.8e+05     38421 38586.9   38588    38397    2794    2794   35603
         619    2.8e+05     38421 38586.9 38592.7    38404    2794    2794   35610
         620    2.8e+05     38421 38586.9 38587.5    38400    2794    2794   35606
         621    2.8e+05     38421 38586.9 38592.5    38407    2794    2794   35613
         622    2.8e+05     38421 38586.9 38587.4    38407    2794    2794   35613
         623    2.8e+05     38421 38586.9 38592.8    38399    2794    2794   35605
               reducing step to 0.00625
         624    2.8e+05     38421 38574.1 38574.1    38312    2794    2794   35518
         625    2.8e+05     38421   38566   38566    38377    2794    2794   35583
         626    2.8e+05     38421   38566 38568.6    38238    2794    2794   35444
         627    2.8e+05     38421 38563.4 38563.4    38367    2794    2794   35573
         628    2.8e+05     38421 38563.4 38567.4    38381    2794    2794   35587
         629    2.8e+05     38421 38563.3 38563.3    38399    2794    2794   35605
         630    2.8e+05     38421 38563.3 38567.1    38410    2794    2794   35616
         631    2.8e+05     38421 38562.4 38562.4    38395    2794    2794   35601
         632    2.8e+05     38421 38562.4 38565.8    38405    2794    2794   35611
         633    2.8e+05     38421 38562.2 38562.2    38392    2794    2794   35598
         634    2.8e+05     38421 38562.2 38564.7    38421    2794    2794   35627
         635    2.8e+05     38421 38561.1 38561.1    38391    2794    2794   35597
         636    2.8e+05     38421 38561.1 38564.3    38382    2794    2794   35588
         637    2.8e+05     38421   38560   38560    38393    2794    2794   35599
         638    2.8e+05     38421   38560 38564.7    38411    2794    2794   35617
         639    2.8e+05     38421 38559.8 38559.8    38405    2794    2794   35611
         640    2.8e+05     38421 38559.8 38563.8    38400    2794    2794   35606
         641    2.8e+05     38421 38559.4 38559.4    38413    2794    2794   35619
         642    2.8e+05     38421 38559.4 38563.9    38394    2794    2794   35600
         643    2.8e+05     38421 38559.4 38559.7    38410    2794    2794   35616
         644    2.8e+05     38421 38559.4 38563.7    38391    2794    2794   35597
         645    2.8e+05     38421 38558.9 38558.9    38416    2794    2794   35622
         646    2.8e+05     38421 38558.9 38563.7    38408    2794    2794   35614
         647    2.8e+05     38421 38558.8 38558.8    38364    2794    2794   35570
         648    2.8e+05     38421 38558.8 38563.7    38403    2794    2794   35609
         649    2.8e+05     38421 38558.4 38558.4    38412    2794    2794   35618
         650    2.8e+05     38421 38558.4 38563.6    38419    2794    2794   35625
         651    2.8e+05     38421 38558.4 38558.4    38416    2794    2794   35622
         652    2.8e+05     38421 38558.4 38563.7    38411    2794    2794   35617
    *    653    2.8e+05     38425 38558.4 38558.5    38425    2794    2794   35631
         654    2.8e+05     38425 38558.4 38563.2    38375    2794    2794   35581
         655    2.8e+05     38425 38558.3 38558.3    38417    2794    2794   35623
         656    2.8e+05     38425 38558.3 38563.7    38401    2794    2794   35607
         657    2.8e+05     38425 38558.3 38558.3    38422    2794    2794   35628
         658    2.8e+05     38425 38558.3 38563.3    38418    2794    2794   35624
         659    2.8e+05     38425 38558.1 38558.1    38420    2794    2794   35626
         660    2.8e+05     38425 38558.1 38563.5    38416    2794    2794   35622
         661    2.8e+05     38425 38558.1 38558.2    38417    2794    2794   35623
         662    2.8e+05     38425 38558.1 38563.3    38423    2794    2794   35629
         663    2.8e+05     38425 38558.1 38558.1    38420    2794    2794   35626
         664    2.8e+05     38425 38558.1 38562.7    38408    2794    2794   35614
         665    2.8e+05     38425 38558.1 38558.1    38421    2794    2794   35627
         666    2.8e+05     38425 38558.1 38562.9    38411    2794    2794   35617
         667    2.8e+05     38425   38558   38558    38421    2794    2794   35627
         668    2.8e+05     38425   38558   38563    38414    2794    2794   35620
         669    2.8e+05     38425 38557.8 38557.8    38405    2794    2794   35611
         670    2.8e+05     38425 38557.8 38562.8    38411    2794    2794   35617
         671    2.8e+05     38425 38557.7 38557.7    38399    2794    2794   35605
         672    2.8e+05     38425 38557.7 38562.8    38419    2794    2794   35625
         673    2.8e+05     38425 38557.7 38557.8    38351    2794    2794   35557
         674    2.8e+05     38425 38557.7 38562.2    38418    2794    2794   35624
         675    2.8e+05     38425 38557.7 38558.1    38410    2794    2794   35616
         676    2.8e+05     38425 38557.7 38562.6    38406    2794    2794   35612
         677    2.8e+05     38425 38557.7 38557.7    38410    2794    2794   35616
         678    2.8e+05     38425 38557.7   38563    38409    2794    2794   35615
         679    2.8e+05     38425 38557.3 38557.3    38417    2794    2794   35623
         680    2.8e+05     38425 38557.3 38562.7    38415    2794    2794   35621
         681    2.8e+05     38425 38557.3 38557.6    38415    2794    2794   35621
         682    2.8e+05     38425 38557.3 38562.6    38418    2794    2794   35624
         683    2.8e+05     38425 38557.3 38557.5    38413    2794    2794   35619
         684    2.8e+05     38425 38557.3 38562.7    38403    2794    2794   35609
         685    2.8e+05     38425 38557.3 38557.3    38420    2794    2794   35626
         686    2.8e+05     38425 38557.3 38562.7    38424    2794    2794   35630
         687    2.8e+05     38425 38557.3 38557.5    38394    2794    2794   35600
         688    2.8e+05     38425 38557.3 38562.4    38411    2794    2794   35617
         689    2.8e+05     38425 38557.3 38557.6    38422    2794    2794   35628
         690    2.8e+05     38425 38557.3 38562.2    38423    2794    2794   35629
         691    2.8e+05     38425   38557   38557    38412    2794    2794   35618
         692    2.8e+05     38425   38557 38562.5    38405    2794    2794   35611
         693    2.8e+05     38425   38557 38557.1    38412    2794    2794   35618
         694    2.8e+05     38425   38557 38562.4    38419    2794    2794   35625
         695    2.8e+05     38425 38556.7 38556.7    38407    2794    2794   35613
         696    2.8e+05     38425 38556.7 38561.9    38403    2794    2794   35609
         697    2.8e+05     38425 38556.7 38557.1    38410    2794    2794   35616
         698    2.8e+05     38425 38556.7 38562.2    38421    2794    2794   35627
         699    2.8e+05     38425 38556.7 38556.9    38420    2794    2794   35626
         700    2.8e+05     38425 38556.7 38562.1    38414    2794    2794   35620
         701    2.8e+05     38425 38556.7 38557.1    38421    2794    2794   35627
         702    2.8e+05     38425 38556.7 38562.3    38415    2794    2794   35621
         703    2.8e+05     38425 38556.7 38556.8    38415    2794    2794   35621
         704    2.8e+05     38425 38556.7 38562.1    38410    2794    2794   35616
         705    2.8e+05     38425 38556.7 38556.7    38416    2794    2794   35622
         706    2.8e+05     38425 38556.7 38562.1    38410    2794    2794   35616
         707    2.8e+05     38425 38556.6 38556.6    38414    2794    2794   35620
         708    2.8e+05     38425 38556.6 38561.9    38416    2794    2794   35622
         709    2.8e+05     38425 38556.6 38556.6    38412    2794    2794   35618
         710    2.8e+05     38425 38556.6   38562    38421    2794    2794   35627
         711    2.8e+05     38425 38556.5 38556.5    38412    2794    2794   35618
         712    2.8e+05     38425 38556.5   38562    38419    2794    2794   35625
         713    2.8e+05     38425 38556.4 38556.4    38414    2794    2794   35620
         714    2.8e+05     38425 38556.4 38562.1    38420    2794    2794   35626
         715    2.8e+05     38425 38556.1 38556.1    38416    2794    2794   35622
         716    2.8e+05     38425 38556.1 38562.2    38420    2794    2794   35626
         717    2.8e+05     38425 38556.1 38556.2    38418    2794    2794   35624
         718    2.8e+05     38425 38556.1   38562    38420    2794    2794   35626
         719    2.8e+05     38425 38556.1 38556.2    38421    2794    2794   35627
         720    2.8e+05     38425 38556.1 38561.9    38415    2794    2794   35621
         721    2.8e+05     38425 38556.1 38556.4    38415    2794    2794   35621
         722    2.8e+05     38425 38556.1 38561.6    38419    2794    2794   35625
         723    2.8e+05     38425 38556.1 38556.2    38414    2794    2794   35620
         724    2.8e+05     38425 38556.1 38561.9    38410    2794    2794   35616
         725    2.8e+05     38425 38556.1 38556.4    38401    2794    2794   35607
         726    2.8e+05     38425 38556.1 38561.6    38413    2794    2794   35619
         727    2.8e+05     38425   38556   38556    38413    2794    2794   35619
         728    2.8e+05     38425   38556 38561.7    38420    2794    2794   35626
         729    2.8e+05     38425   38556   38556    38414    2794    2794   35620
         730    2.8e+05     38425   38556 38561.8    38411    2794    2794   35617
         731    2.8e+05     38425   38556 38556.3    38415    2794    2794   35621
         732    2.8e+05     38425   38556 38561.4    38418    2794    2794   35624
         733    2.8e+05     38425   38556 38556.4    38411    2794    2794   35617
         734    2.8e+05     38425   38556 38561.5    38405    2794    2794   35611
         735    2.8e+05     38425   38556 38556.1    38415    2794    2794   35621
         736    2.8e+05     38425   38556 38561.6    38419    2794    2794   35625
         737    2.8e+05     38425   38556 38556.1    38413    2794    2794   35619
         738    2.8e+05     38425   38556 38561.5    38409    2794    2794   35615
         739    2.8e+05     38425   38556 38556.1    38411    2794    2794   35617
         740    2.8e+05     38425   38556 38561.5    38420    2794    2794   35626
         741    2.8e+05     38425   38556 38556.1    38407    2794    2794   35613
         742    2.8e+05     38425   38556 38561.7    38409    2794    2794   35615
         743    2.8e+05     38425 38555.9 38555.9    38411    2794    2794   35617
         744    2.8e+05     38425 38555.9 38561.6    38419    2794    2794   35625
         745    2.8e+05     38425 38555.9 38555.9    38413    2794    2794   35619
         746    2.8e+05     38425 38555.9 38561.7    38408    2794    2794   35614
         747    2.8e+05     38425 38555.9 38555.9    38413    2794    2794   35619
         748    2.8e+05     38425 38555.9 38561.5    38422    2794    2794   35628
         749    2.8e+05     38425 38555.9 38556.1    38414    2794    2794   35620
         750    2.8e+05     38425 38555.9   38561    38413    2794    2794   35619
         751    2.8e+05     38425 38555.9 38556.6    38417    2794    2794   35623
         752    2.8e+05     38425 38555.9 38560.7    38397    2794    2794   35603
         753    2.8e+05     38425 38555.9 38556.1    38412    2794    2794   35618
         754    2.8e+05     38425 38555.9 38560.8    38403    2794    2794   35609
         755    2.8e+05     38425 38555.9 38556.3    38405    2794    2794   35611
         756    2.8e+05     38425 38555.9 38560.7    38409    2794    2794   35615
         757    2.8e+05     38425 38555.9   38556    38404    2794    2794   35610
         758    2.8e+05     38425 38555.9 38560.8    38412    2794    2794   35618
         759    2.8e+05     38425 38555.9 38556.1    38412    2794    2794   35618
         760    2.8e+05     38425 38555.9 38560.8    38408    2794    2794   35614
         761    2.8e+05     38425 38555.9 38555.9    38408    2794    2794   35614
         762    2.8e+05     38425 38555.9 38560.8    38423    2794    2794   35629
         763    2.8e+05     38425 38555.9 38555.9    38419    2794    2794   35625
         764    2.8e+05     38425 38555.9 38560.8    38420    2794    2794   35626
         765    2.8e+05     38425 38555.9 38556.1    38418    2794    2794   35624
         766    2.8e+05     38425 38555.9 38560.8    38411    2794    2794   35617
         767    2.8e+05     38425 38555.9 38556.4    38421    2794    2794   35627
         768    2.8e+05     38425 38555.9 38560.7    38421    2794    2794   35627
         769    2.8e+05     38425 38555.9 38556.1    38407    2794    2794   35613
         770    2.8e+05     38425 38555.9 38560.5    38418    2794    2794   35624
         771    2.8e+05     38425 38555.9 38556.4    38410    2794    2794   35616
         772    2.8e+05     38425 38555.9 38560.5    38424    2794    2794   35630
         773    2.8e+05     38425 38555.9 38556.2    38413    2794    2794   35619
         774    2.8e+05     38425 38555.9 38560.4    38418    2794    2794   35624
         775    2.8e+05     38425 38555.9   38556    38406    2794    2794   35612
         776    2.8e+05     38425 38555.9 38560.4    38408    2794    2794   35614
         777    2.8e+05     38425 38555.9   38556    38415    2794    2794   35621
         778    2.8e+05     38425 38555.9 38560.9    38415    2794    2794   35621
         779    2.8e+05     38425 38555.9 38556.1    38413    2794    2794   35619
         780    2.8e+05     38425 38555.9 38560.6    38410    2794    2794   35616
         781    2.8e+05     38425 38555.9   38556    38412    2794    2794   35618
         782    2.8e+05     38425 38555.9 38560.8    38421    2794    2794   35627
         783    2.8e+05     38425 38555.9 38556.1    38417    2794    2794   35623
         784    2.8e+05     38425 38555.9 38560.7    38419    2794    2794   35625
         785    2.8e+05     38425 38555.8 38555.8    38416    2794    2794   35622
         786    2.8e+05     38425 38555.8 38560.6    38414    2794    2794   35620
         787    2.8e+05     38425 38555.8 38556.3    38409    2794    2794   35615
         788    2.8e+05     38425 38555.8 38560.6    38421    2794    2794   35627
         789    2.8e+05     38425 38555.8 38555.9    38414    2794    2794   35620
         790    2.8e+05     38425 38555.8 38560.6    38418    2794    2794   35624
         791    2.8e+05     38425 38555.6 38555.6    38411    2794    2794   35617
         792    2.8e+05     38425 38555.6   38561    38418    2794    2794   35624
         793    2.8e+05     38425 38555.5 38555.5    38414    2794    2794   35620
         794    2.8e+05     38425 38555.5 38560.8    38422    2794    2794   35628
         795    2.8e+05     38425 38555.5 38555.8    38415    2794    2794   35621
         796    2.8e+05     38425 38555.5 38560.7    38416    2794    2794   35622
         797    2.8e+05     38425 38555.5 38555.5    38413    2794    2794   35619
         798    2.8e+05     38425 38555.5   38561    38421    2794    2794   35627
         799    2.8e+05     38425 38555.5 38555.5    38413    2794    2794   35619
         800    2.8e+05     38425 38555.5 38560.8    38412    2794    2794   35618
         801    2.8e+05     38425 38555.4 38555.4    38415    2794    2794   35621
         802    2.8e+05     38425 38555.4 38560.6    38408    2794    2794   35614
         803    2.8e+05     38425 38555.4 38555.6    38413    2794    2794   35619
         804    2.8e+05     38425 38555.4 38560.6    38423    2794    2794   35629
         805    2.8e+05     38425 38555.4 38555.6    38419    2794    2794   35625
         806    2.8e+05     38425 38555.4 38560.5    38418    2794    2794   35624
         807    2.8e+05     38425 38555.4 38555.5    38406    2794    2794   35612
         808    2.8e+05     38425 38555.4 38560.5    38411    2794    2794   35617
         809    2.8e+05     38425 38555.4 38555.7    38399    2794    2794   35605
         810    2.8e+05     38425 38555.4 38560.8    38421    2794    2794   35627
         811    2.8e+05     38425 38555.4 38555.5    38405    2794    2794   35611
         812    2.8e+05     38425 38555.4 38560.9    38419    2794    2794   35625
         813    2.8e+05     38425 38555.4 38555.4    38414    2794    2794   35620
         814    2.8e+05     38425 38555.4 38560.9    38416    2794    2794   35622
         815    2.8e+05     38425 38555.4 38555.5    38418    2794    2794   35624
         816    2.8e+05     38425 38555.4 38560.4    38412    2794    2794   35618
         817    2.8e+05     38425 38555.4 38555.6    38416    2794    2794   35622
         818    2.8e+05     38425 38555.4 38560.5    38405    2794    2794   35611
         819    2.8e+05     38425 38555.4 38555.6    38409    2794    2794   35615
         820    2.8e+05     38425 38555.4 38560.4    38412    2794    2794   35618
         821    2.8e+05     38425 38555.4 38555.7    38412    2794    2794   35618
         822    2.8e+05     38425 38555.4 38560.4    38421    2794    2794   35627
         823    2.8e+05     38425 38555.4 38555.8    38415    2794    2794   35621
         824    2.8e+05     38425 38555.4 38560.5    38401    2794    2794   35607
         825    2.8e+05     38425 38555.4 38555.7    38417    2794    2794   35623
         826    2.8e+05     38425 38555.4 38560.3    38415    2794    2794   35621
         827    2.8e+05     38425 38555.3 38555.3    38416    2794    2794   35622
         828    2.8e+05     38425 38555.3 38560.7    38417    2794    2794   35623
         829    2.8e+05     38425 38555.3 38555.3    38401    2794    2794   35607
         830    2.8e+05     38425 38555.3 38560.4    38411    2794    2794   35617
         831    2.8e+05     38425 38555.3 38555.3    38420    2794    2794   35626
         832    2.8e+05     38425 38555.3 38560.8    38413    2794    2794   35619
         833    2.8e+05     38425 38555.2 38555.2    38424    2794    2794   35630
         834    2.8e+05     38425 38555.2 38560.7    38421    2794    2794   35627
         835    2.8e+05     38425 38555.2 38555.4    38417    2794    2794   35623
         836    2.8e+05     38425 38555.2 38560.5    38410    2794    2794   35616
         837    2.8e+05     38425 38555.2 38555.4    38422    2794    2794   35628
         838    2.8e+05     38425 38555.2 38560.4    38371    2794    2794   35577
         839    2.8e+05     38425 38555.2 38555.5    38410    2794    2794   35616
         840    2.8e+05     38425 38555.2 38560.5    38412    2794    2794   35618
         841    2.8e+05     38425 38555.1 38555.1    38402    2794    2794   35608
         842    2.8e+05     38425 38555.1 38560.4    38420    2794    2794   35626
         843    2.8e+05     38425 38555.1 38555.3    38405    2794    2794   35611
         844    2.8e+05     38425 38555.1 38560.4    38405    2794    2794   35611
         845    2.8e+05     38425 38555.1 38555.3    38401    2794    2794   35607
         846    2.8e+05     38425 38555.1 38560.2    38425    2794    2794   35631
         847    2.8e+05     38425 38555.1 38555.4    38413    2794    2794   35619
         848    2.8e+05     38425 38555.1   38560    38416    2794    2794   35622
         849    2.8e+05     38425 38555.1 38555.6    38411    2794    2794   35617
         850    2.8e+05     38425 38555.1 38560.1    38417    2794    2794   35623
         851    2.8e+05     38425 38555.1 38555.3    38410    2794    2794   35616
         852    2.8e+05     38425 38555.1   38560    38412    2794    2794   35618
         853    2.8e+05     38425 38555.1 38555.6    38412    2794    2794   35618
         854    2.8e+05     38425 38555.1   38560    38420    2794    2794   35626
         855    2.8e+05     38425 38555.1 38555.3    38421    2794    2794   35627
    *    856    2.8e+05     38426 38555.1 38560.5    38426    2794    2794   35632
         857    2.8e+05     38426 38555.1 38555.2    38412    2794    2794   35618
         858    2.8e+05     38426 38555.1 38560.3    38403    2794    2794   35609
         859    2.8e+05     38426 38555.1 38555.4    38417    2794    2794   35623
         860    2.8e+05     38426 38555.1 38560.1    38416    2794    2794   35622
         861    2.8e+05     38426 38555.1 38555.5    38417    2794    2794   35623
         862    2.8e+05     38426 38555.1   38560    38412    2794    2794   35618
         863    2.8e+05     38426 38555.1 38555.6    38417    2794    2794   35623
         864    2.8e+05     38426 38555.1 38560.1    38415    2794    2794   35621
         865    2.8e+05     38426 38555.1 38555.2    38418    2794    2794   35624
         866    2.8e+05     38426 38555.1 38560.1    38419    2794    2794   35625
               reducing step to 0.003125
         867    2.8e+05     38426 38550.6 38550.6    38380    2794    2794   35586
         868    2.8e+05     38426 38547.1 38547.1    38387    2794    2794   35593
         869    2.8e+05     38426 38547.1 38549.6    38405    2794    2794   35611
         870    2.8e+05     38426 38545.8 38545.8    38412    2794    2794   35618
         871    2.8e+05     38426 38545.8 38548.3    38396    2794    2794   35602
         872    2.8e+05     38426 38545.5 38545.5    38371    2794    2794   35577
         873    2.8e+05     38426 38545.5 38547.7    38409    2794    2794   35615
         874    2.8e+05     38426 38545.4 38545.4    38405    2794    2794   35611
         875    2.8e+05     38426 38545.4 38547.4    38411    2794    2794   35617
         876    2.8e+05     38426 38544.6 38544.6    38402    2794    2794   35608
         877    2.8e+05     38426 38544.6 38547.1    38415    2794    2794   35621
         878    2.8e+05     38426 38544.3 38544.3    38408    2794    2794   35614
         879    2.8e+05     38426 38544.3 38546.4    38406    2794    2794   35612
         880    2.8e+05     38426 38544.3 38544.5    38400    2794    2794   35606
         881    2.8e+05     38426 38544.3   38546    38416    2794    2794   35622
         882    2.8e+05     38426 38544.3 38544.8    38409    2794    2794   35615
         883    2.8e+05     38426 38544.3 38546.1    38394    2794    2794   35600
         884    2.8e+05     38426   38544   38544    38402    2794    2794   35608
         885    2.8e+05     38426   38544 38545.8    38406    2794    2794   35612
         886    2.8e+05     38426   38544 38544.1    38406    2794    2794   35612
         887    2.8e+05     38426   38544 38545.6    38410    2794    2794   35616
         888    2.8e+05     38426 38543.9 38543.9    38410    2794    2794   35616
         889    2.8e+05     38426 38543.9 38545.5    38423    2794    2794   35629
         890    2.8e+05     38426 38543.9 38544.2    38413    2794    2794   35619
         891    2.8e+05     38426 38543.9 38545.4    38395    2794    2794   35601
         892    2.8e+05     38426 38543.5 38543.5    38416    2794    2794   35622
         893    2.8e+05     38426 38543.5 38545.4    38404    2794    2794   35610
         894    2.8e+05     38426 38543.5 38543.9    38404    2794    2794   35610
         895    2.8e+05     38426 38543.5 38545.4    38415    2794    2794   35621
         896    2.8e+05     38426 38543.5 38543.6    38382    2794    2794   35588
         897    2.8e+05     38426 38543.5 38545.1    38419    2794    2794   35625
         898    2.8e+05     38426 38543.5 38543.7    38421    2794    2794   35627
         899    2.8e+05     38426 38543.5 38544.9    38400    2794    2794   35606
         900    2.8e+05     38426 38543.5 38543.5    38416    2794    2794   35622
         901    2.8e+05     38426 38543.5 38544.6    38397    2794    2794   35603
         902    2.8e+05     38426 38543.5 38543.5    38379    2794    2794   35585
         903    2.8e+05     38426 38543.5 38544.6    38415    2794    2794   35621
         904    2.8e+05     38426 38543.4 38543.4    38422    2794    2794   35628
         905    2.8e+05     38426 38543.4 38544.6    38413    2794    2794   35619
         906    2.8e+05     38426 38543.3 38543.3    38403    2794    2794   35609
         907    2.8e+05     38426 38543.3 38544.8    38407    2794    2794   35613
         908    2.8e+05     38426 38543.2 38543.2    38422    2794    2794   35628
         909    2.8e+05     38426 38543.2   38545    38409    2794    2794   35615
         910    2.8e+05     38426 38543.2 38543.2    38410    2794    2794   35616
         911    2.8e+05     38426 38543.2 38544.8    38397    2794    2794   35603
         912    2.8e+05     38426 38543.1 38543.1    38416    2794    2794   35622
         913    2.8e+05     38426 38543.1 38544.6    38415    2794    2794   35621
         914    2.8e+05     38426   38543   38543    38416    2794    2794   35622
         915    2.8e+05     38426   38543 38544.9    38409    2794    2794   35615
         916    2.8e+05     38426   38543   38543    38415    2794    2794   35621
         917    2.8e+05     38426   38543 38544.9    38415    2794    2794   35621
         918    2.8e+05     38426 38542.9 38542.9    38416    2794    2794   35622
         919    2.8e+05     38426 38542.9 38544.7    38400    2794    2794   35606
         920    2.8e+05     38426 38542.8 38542.8    38414    2794    2794   35620
         921    2.8e+05     38426 38542.8 38544.7    38412    2794    2794   35618
         922    2.8e+05     38426 38542.6 38542.6    38413    2794    2794   35619
         923    2.8e+05     38426 38542.6 38544.6    38407    2794    2794   35613
         924    2.8e+05     38426 38542.6 38542.7    38417    2794    2794   35623
         925    2.8e+05     38426 38542.6 38544.6    38404    2794    2794   35610
         926    2.8e+05     38426 38542.6 38542.7    38421    2794    2794   35627
         927    2.8e+05     38426 38542.6 38544.7    38399    2794    2794   35605
         928    2.8e+05     38426 38542.6 38542.9    38421    2794    2794   35627
         929    2.8e+05     38426 38542.6 38544.6    38384    2794    2794   35590
         930    2.8e+05     38426 38542.4 38542.4    38418    2794    2794   35624
         931    2.8e+05     38426 38542.4 38544.6    38405    2794    2794   35611
         932    2.8e+05     38426 38542.4 38542.6    38375    2794    2794   35581
         933    2.8e+05     38426 38542.4 38544.7    38408    2794    2794   35614
         934    2.8e+05     38426 38542.4 38542.8    38423    2794    2794   35629
         935    2.8e+05     38426 38542.4 38544.4    38407    2794    2794   35613
         936    2.8e+05     38426 38542.4 38542.8    38413    2794    2794   35619
         937    2.8e+05     38426 38542.4 38544.2    38407    2794    2794   35613
         938    2.8e+05     38426 38542.4   38543    38414    2794    2794   35620
         939    2.8e+05     38426 38542.4 38544.4    38401    2794    2794   35607
         940    2.8e+05     38426 38542.4 38542.7    38423    2794    2794   35629
         941    2.8e+05     38426 38542.4 38544.3    38411    2794    2794   35617
         942    2.8e+05     38426 38542.4 38542.5    38419    2794    2794   35625
         943    2.8e+05     38426 38542.4 38544.4    38408    2794    2794   35614
         944    2.8e+05     38426 38542.4 38542.5    38419    2794    2794   35625
         945    2.8e+05     38426 38542.4 38544.3    38417    2794    2794   35623
         946    2.8e+05     38426 38542.4 38542.5    38423    2794    2794   35629
         947    2.8e+05     38426 38542.4 38544.1    38401    2794    2794   35607
         948    2.8e+05     38426 38542.4 38542.5    38414    2794    2794   35620
         949    2.8e+05     38426 38542.4 38544.3    38391    2794    2794   35597
         950    2.8e+05     38426 38542.4 38542.5    38419    2794    2794   35625
         951    2.8e+05     38426 38542.4 38544.2    38392    2794    2794   35598
         952    2.8e+05     38426 38542.4 38542.4    38425    2794    2794   35631
         953    2.8e+05     38426 38542.4 38544.1    38404    2794    2794   35610
         954    2.8e+05     38426 38542.4 38542.5    38419    2794    2794   35625
         955    2.8e+05     38426 38542.4 38544.3    38401    2794    2794   35607
         956    2.8e+05     38426 38542.4 38542.4    38421    2794    2794   35627
         957    2.8e+05     38426 38542.4 38544.3    38411    2794    2794   35617
         958    2.8e+05     38426 38542.4 38542.4    38420    2794    2794   35626
         959    2.8e+05     38426 38542.4 38544.1    38407    2794    2794   35613
         960    2.8e+05     38426 38542.2 38542.2    38426    2794    2794   35632
         961    2.8e+05     38426 38542.2 38544.3    38404    2794    2794   35610
         962    2.8e+05     38426 38542.2 38542.3    38422    2794    2794   35628
         963    2.8e+05     38426 38542.2 38544.1    38406    2794    2794   35612
         964    2.8e+05     38426 38542.2 38542.2    38407    2794    2794   35613
         965    2.8e+05     38426 38542.2 38544.2    38411    2794    2794   35617
         966    2.8e+05     38426 38542.2 38542.3    38413    2794    2794   35619
         967    2.8e+05     38426 38542.2   38544    38407    2794    2794   35613
         968    2.8e+05     38426 38542.2 38542.4    38412    2794    2794   35618
         969    2.8e+05     38426 38542.2 38544.2    38415    2794    2794   35621
         970    2.8e+05     38426 38542.2 38542.3    38414    2794    2794   35620
         971    2.8e+05     38426 38542.2   38544    38414    2794    2794   35620
         972    2.8e+05     38426 38542.2 38542.2    38421    2794    2794   35627
         973    2.8e+05     38426 38542.2   38544    38412    2794    2794   35618
         974    2.8e+05     38426 38542.2 38542.3    38411    2794    2794   35617
         975    2.8e+05     38426 38542.2 38543.9    38408    2794    2794   35614
         976    2.8e+05     38426 38542.2 38542.2    38416    2794    2794   35622
         977    2.8e+05     38426 38542.2 38544.2    38409    2794    2794   35615
         978    2.8e+05     38426 38542.2 38542.3    38408    2794    2794   35614
         979    2.8e+05     38426 38542.2 38543.9    38400    2794    2794   35606
         980    2.8e+05     38426 38542.2 38542.2    38405    2794    2794   35611
         981    2.8e+05     38426 38542.2 38543.9    38406    2794    2794   35612
         982    2.8e+05     38426 38542.2 38542.2    38410    2794    2794   35616
         983    2.8e+05     38426 38542.2 38543.9    38415    2794    2794   35621
         984    2.8e+05     38426 38542.2 38542.2    38410    2794    2794   35616
         985    2.8e+05     38426 38542.2 38543.9    38415    2794    2794   35621
         986    2.8e+05     38426 38542.1 38542.1    38412    2794    2794   35618
         987    2.8e+05     38426 38542.1 38543.8    38410    2794    2794   35616
         988    2.8e+05     38426 38542.1 38542.1    38411    2794    2794   35617
         989    2.8e+05     38426 38542.1 38544.2    38403    2794    2794   35609
         990    2.8e+05     38426 38542.1 38542.1    38411    2794    2794   35617
         991    2.8e+05     38426 38542.1 38543.8    38407    2794    2794   35613
         992    2.8e+05     38426 38542.1 38542.1    38411    2794    2794   35617
         993    2.8e+05     38426 38542.1   38544    38407    2794    2794   35613
         994    2.8e+05     38426 38542.1 38542.1    38416    2794    2794   35622
         995    2.8e+05     38426 38542.1 38543.8    38410    2794    2794   35616
         996    2.8e+05     38426   38542   38542    38408    2794    2794   35614
         997    2.8e+05     38426   38542 38543.9    38413    2794    2794   35619
         998    2.8e+05     38426   38542 38542.2    38414    2794    2794   35620
         999    2.8e+05     38426   38542 38543.8    38413    2794    2794   35619
        1000    2.8e+05     38426 38541.9 38541.9    38420    2794    2794   35626
Total time used by klau is 1087.87
true_align (18772) and est_align (2794) DO NOT have the same number of elements.
method klau has a score of 8.45%
method klau used 1087.873 seconds.
maximum values in init align row is:  18771
maximum values in init align col is:  18766
 best   iter   pr-delta       obj  weight    card overlap
    *      1    3.7e-01   31677.5    2815    2815   30270
    *      2    1.5e-01     31749    2814    2814   30342
           3    7.1e-02   31723.5    2813    2813   30317
           4    3.4e-02   31650.5    2813    2813   30244
           5    1.7e-02   31551.5    2813    2813   30145
           6    8.6e-03   31563.5    2813    2813   30157
           7    4.6e-03   31603.5    2813    2813   30197
           8    2.5e-03   31600.5    2813    2813   30194
           9    1.4e-03   31600.5    2813    2813   30194
          10    7.8e-04   31603.5    2813    2813   30197
          11    4.5e-04   31586.5    2813    2813   30180
          12    2.6e-04   31586.5    2813    2813   30180
          13    1.6e-04   31585.5    2813    2813   30179
          14    9.4e-05   31585.5    2813    2813   30179
          15    5.7e-05   31585.5    2813    2813   30179
          16    3.5e-05   31585.5    2813    2813   30179
          17    2.2e-05   31585.5    2813    2813   30179
          18    1.3e-05   31585.5    2813    2813   30179
          19    8.4e-06   31585.5    2813    2813   30179
          20    5.3e-06   31585.5    2813    2813   30179
          21    3.4e-06   31585.5    2813    2813   30179
          22    2.2e-06   31585.5    2813    2813   30179
          23    1.4e-06   31585.5    2813    2813   30179
          24    8.9e-07   31585.5    2813    2813   30179
          25    5.7e-07   31585.5    2813    2813   30179
          26    3.7e-07   31585.5    2813    2813   30179
          27    2.4e-07   31585.5    2813    2813   30179
          28    1.6e-07   31585.5    2813    2813   30179
          29    1.0e-07   31585.5    2813    2813   30179
          30    6.7e-08   31585.5    2813    2813   30179
          31    4.4e-08   31585.5    2813    2813   30179
          32    2.9e-08   31585.5    2813    2813   30179
          33    1.9e-08   31585.5    2813    2813   30179
          34    1.2e-08   31585.5    2813    2813   30179
          35    8.1e-09   31585.5    2813    2813   30179
          36    5.3e-09   31585.5    2813    2813   30179
          37    3.5e-09   31585.5    2813    2813   30179
          38    2.3e-09   31585.5    2813    2813   30179
          39    1.5e-09   31585.5    2813    2813   30179
          40    1.0e-09   31585.5    2813    2813   30179
          41    6.6e-10   31585.5    2813    2813   30179
          42    4.4e-10   31585.5    2813    2813   30179
          43    2.9e-10   31585.5    2813    2813   30179
          44    1.9e-10   31585.5    2813    2813   30179
          45    1.3e-10   31585.5    2813    2813   30179
          46    8.4e-11   31585.5    2813    2813   30179
          47    5.6e-11   31585.5    2813    2813   30179
          48    3.7e-11   31585.5    2813    2813   30179
          49    2.4e-11   31585.5    2813    2813   30179
          50    1.6e-11   31585.5    2813    2813   30179
          51    1.1e-11   31585.5    2813    2813   30179
          52    7.1e-12   31585.5    2813    2813   30179
          53    4.7e-12   31585.5    2813    2813   30179
          54    3.1e-12   31585.5    2813    2813   30179
          55    2.1e-12   31585.5    2813    2813   30179
          56    1.4e-12   31585.5    2813    2813   30179
          57    9.2e-13   31585.5    2813    2813   30179
Total time used by isorank is 13.64
true_align (18772) and est_align (2821) DO NOT have the same number of elements.
method isorank has a score of 1.10%
method isorank used 13.641 seconds.
experiment results:
     method      score         time
0     final  16.220967  3934.576656
1  netalign   8.416791    54.874560
2      klau   8.448753  1087.873417
3   isorank   1.097379    13.641459
