Permutation sanity check error is 20166.0.
Permutation sanity check error is 771270.0.
num_init for this graph is 14
Generating initial alignment matrix using degree ...
mode is  degree
number of noisy edges are:  14
Average number of initial alignments for each node is 28
maximum values in init align row is:  18771
maximum values in init align col is:  18770
Recovering sparse matrix L took 0.16 sec.
Time for degree: 0.68 sec
iteration 1
Time for iteration 1: 9.69 sec, diff = 0.12508
iteration 2
Time for iteration 2: 59.76 sec, diff = 0.01853
iteration 3
Time for iteration 3: 82.13 sec, diff = 0.01082
iteration 4
Time for iteration 4: 92.93 sec, diff = 0.00848
iteration 5
Time for iteration 5: 83.09 sec, diff = 0.00721
iteration 6
Time for iteration 6: 85.26 sec, diff = 0.00632
iteration 7
Time for iteration 7: 85.05 sec, diff = 0.00560
iteration 8
Time for iteration 8: 82.15 sec, diff = 0.00499
iteration 9
Time for iteration 9: 80.01 sec, diff = 0.00446
iteration 10
Time for iteration 10: 89.67 sec, diff = 0.00400
iteration 11
Time for iteration 11: 83.86 sec, diff = 0.00359
iteration 12
Time for iteration 12: 81.76 sec, diff = 0.00322
iteration 13
Time for iteration 13: 87.79 sec, diff = 0.00290
iteration 14
Time for iteration 14: 80.50 sec, diff = 0.00260
iteration 15
Time for iteration 15: 81.34 sec, diff = 0.00234
iteration 16
Time for iteration 16: 88.13 sec, diff = 0.00210
iteration 17
Time for iteration 17: 85.01 sec, diff = 0.00189
iteration 18
Time for iteration 18: 84.24 sec, diff = 0.00170
iteration 19
Time for iteration 19: 86.94 sec, diff = 0.00153
iteration 20
Time for iteration 20: 81.14 sec, diff = 0.00138
iteration 21
Time for iteration 21: 81.62 sec, diff = 0.00124
iteration 22
Time for iteration 22: 82.32 sec, diff = 0.00112
iteration 23
Time for iteration 23: 87.94 sec, diff = 0.00100
iteration 24
Time for iteration 24: 81.33 sec, diff = 0.00090
iteration 25
Time for iteration 25: 86.89 sec, diff = 0.00081
iteration 26
Time for iteration 26: 83.12 sec, diff = 0.00073
iteration 27
Time for iteration 27: 79.67 sec, diff = 0.00066
iteration 28
Time for iteration 28: 85.20 sec, diff = 0.00059
iteration 29
Time for iteration 29: 85.28 sec, diff = 0.00053
iteration 30
Time for iteration 30: 83.20 sec, diff = 0.00048
iteration 31
Time for iteration 31: 86.86 sec, diff = 0.00043
iteration 32
Time for iteration 32: 79.66 sec, diff = 0.00039
iteration 33
Time for iteration 33: 81.73 sec, diff = 0.00035
iteration 34
Time for iteration 34: 82.27 sec, diff = 0.00031
iteration 35
Time for iteration 35: 94.54 sec, diff = 0.00028
iteration 36
Time for iteration 36: 90.16 sec, diff = 0.00025
iteration 37
Time for iteration 37: 93.03 sec, diff = 0.00023
iteration 38
Time for iteration 38: 89.75 sec, diff = 0.00021
iteration 39
Time for iteration 39: 88.33 sec, diff = 0.00019
iteration 40
Time for iteration 40: 82.69 sec, diff = 0.00017
iteration 41
Time for iteration 41: 95.02 sec, diff = 0.00015
iteration 42
Time for iteration 42: 90.57 sec, diff = 0.00014
iteration 43
Time for iteration 43: 92.40 sec, diff = 0.00012
iteration 44
Time for iteration 44: 89.91 sec, diff = 0.00011
iteration 45
Time for iteration 45: 88.87 sec, diff = 0.00010
iteration 46
Time for iteration 46: 86.62 sec, diff = 0.00009
iteration 47
Time for iteration 47: 94.53 sec, diff = 0.00008
iteration 48
Time for iteration 48: 89.25 sec, diff = 0.00007
iteration 49
Time for iteration 49: 89.85 sec, diff = 0.00006
iteration 50
Time for iteration 50: 87.14 sec, diff = 0.00006
Total time used by final is 4266.79 sec.
true_align and est_align have the same number of elements.
method final has a score of 15.11%
method final used 4266.790 seconds.
maximum values in init align row is:  18771
maximum values in init align col is:  18770
best   iter    obj_ma wght_ma card_ma over_ma    obj_mb wght_mb card_mb over_mb
  *a      1     32730    2822    2822   29908     32730    2822    2822   29908
          2     15245    2135    2135   13110     17296    2214    2214   15082
          3     22358    2635    2635   19723     17519    1853    1853   15666
          4      7527    2203    2203    5324      7040    1692    1692    5348
          5     28542    2763    2763   25779     28281    2698    2698   25583
  *b      6     35755    2803    2803   32952     35785    2745    2745   33040
          7     35571    2733    2733   32838     35461    2651    2651   32810
          8     24646    2589    2589   22057     23765    2171    2171   21594
          9     30657    2624    2624   28033     26953    2026    2026   24927
         10     30047    2699    2699   27348     29910    2564    2564   27346
         11     34218    2766    2766   31452     34027    2661    2661   31366
  *a     12     37303    2792    2792   34511     37109    2661    2661   34448
         13     37088    2778    2778   34310     36398    2600    2600   33798
         14     36636    2739    2739   33897     35501    2565    2565   32936
         15     35898    2739    2739   33159     34952    2544    2544   32408
         16     36808    2770    2770   34038     36151    2623    2623   33528
  *a     17     37305    2795    2795   34510     37199    2720    2720   34479
  *a     18     37395    2795    2795   34600     37344    2727    2727   34617
         19     37306    2786    2786   34520     37232    2708    2708   34524
         20     37228    2775    2775   34453     37017    2696    2696   34321
         21     37245    2776    2776   34469     36898    2685    2685   34213
         22     37078    2765    2765   34313     37030    2714    2714   34316
         23     37126    2781    2781   34345     37356    2747    2747   34609
         24     37332    2789    2789   34543     37326    2738    2738   34588
  *a     25     37397    2788    2788   34609     37369    2742    2742   34627
         26     37381    2788    2788   34593     37395    2748    2748   34647
         27     37386    2787    2787   34599     37368    2747    2747   34621
  *b     28     37439    2788    2788   34651     37441    2749    2749   34692
  *a     29     37449    2788    2788   34661     37435    2749    2749   34686
  *b     30     37395    2792    2792   34603     37463    2751    2751   34712
         31     37451    2795    2795   34656     37383    2753    2753   34630
         32     37435    2796    2796   34639     37379    2752    2752   34627
         33     37439    2793    2793   34646     37427    2753    2753   34674
  *b     34     37438    2791    2791   34647     37499    2763    2763   34736
  *b     35     37412    2793    2793   34619     37516    2768    2768   34748
         36     37439    2792    2792   34647     37447    2766    2766   34681
         37     37435    2788    2788   34647     37407    2765    2765   34642
         38     37461    2792    2792   34669     37478    2770    2770   34708
         39     37446    2794    2794   34652     37454    2772    2772   34682
         40     37447    2794    2794   34653     37468    2766    2766   34702
         41     37478    2795    2795   34683     37489    2775    2775   34714
         42     37472    2794    2794   34678     37433    2770    2770   34663
         43     37476    2794    2794   34682     37428    2769    2769   34659
         44     37466    2795    2795   34671     37471    2777    2777   34694
         45     37451    2796    2796   34655     37494    2780    2780   34714
         46     37506    2796    2796   34710     37477    2779    2779   34698
         47     37489    2796    2796   34693     37463    2776    2776   34687
         48     37492    2796    2796   34696     37466    2773    2773   34693
         49     37482    2796    2796   34686     37475    2774    2774   34701
         50     37462    2796    2796   34666     37495    2781    2781   34714
         51     37459    2796    2796   34663     37416    2779    2779   34637
         52     37479    2796    2796   34683     37405    2782    2782   34623
         53     37481    2796    2796   34685     37319    2775    2775   34544
         54     37479    2796    2796   34683     37277    2767    2767   34510
         55     37464    2796    2796   34668     37287    2766    2766   34521
         56     37463    2795    2795   34668     37313    2764    2764   34549
         57     37465    2796    2796   34669     37325    2761    2761   34564
         58     37482    2795    2795   34687     37273    2763    2763   34510
         59     37494    2795    2795   34699     37269    2768    2768   34501
         60     37498    2795    2795   34703     37370    2773    2773   34597
         61     37499    2795    2795   34704     37249    2766    2766   34483
         62     37500    2795    2795   34705     37312    2769    2769   34543
         63     37499    2794    2794   34705     37339    2771    2771   34568
         64     37500    2794    2794   34706     37413    2771    2771   34642
         65     37498    2793    2793   34705     37351    2774    2774   34577
         66     37500    2795    2795   34705     37367    2772    2772   34595
         67     37498    2795    2795   34703     37190    2763    2763   34427
         68     37498    2795    2795   34703     37171    2766    2766   34405
         69     37499    2795    2795   34704     37132    2757    2757   34375
         70     37499    2795    2795   34704     37167    2759    2759   34408
         71     37496    2794    2794   34702     37240    2760    2760   34480
         72     37497    2794    2794   34703     37221    2759    2759   34462
         73     37496    2794    2794   34702     37177    2766    2766   34411
         74     37496    2794    2794   34702     37178    2774    2774   34404
         75     37499    2795    2795   34704     37238    2775    2775   34463
         76     37500    2795    2795   34705     37341    2781    2781   34560
         77     37501    2795    2795   34706     37336    2778    2778   34558
         78     37501    2794    2794   34707     37324    2777    2777   34547
         79     37498    2793    2793   34705     37360    2775    2775   34585
         80     37495    2793    2793   34702     37286    2773    2773   34513
         81     37494    2793    2793   34701     37251    2774    2774   34477
         82     37493    2792    2792   34701     37244    2774    2774   34470
         83     37493    2792    2792   34701     37265    2776    2776   34489
         84     37491    2792    2792   34699     37335    2783    2783   34552
         85     37498    2794    2794   34704     37405    2787    2787   34618
         86     37497    2794    2794   34703     37380    2785    2785   34595
         87     37498    2794    2794   34704     37411    2784    2784   34627
         88     37501    2795    2795   34706     37387    2780    2780   34607
         89     37500    2795    2795   34705     37414    2781    2781   34633
         90     37499    2794    2794   34705     37406    2780    2780   34626
         91     37500    2795    2795   34705     37362    2782    2782   34580
         92     37498    2794    2794   34704     37325    2783    2783   34542
         93     37499    2794    2794   34705     37392    2786    2786   34606
         94     37499    2794    2794   34705     37447    2791    2791   34656
         95     37498    2794    2794   34704     37445    2788    2788   34657
         96     37498    2794    2794   34704     37442    2786    2786   34656
         97     37494    2793    2793   34701     37435    2784    2784   34651
         98     37494    2793    2793   34701     37482    2784    2784   34698
         99     37495    2793    2793   34702     37476    2781    2781   34695
        100     37497    2793    2793   34704     37479    2784    2784   34695
Total time used by netalign is 55.11
true_align (18772) and est_align (2768) DO NOT have the same number of elements.
method netalign has a score of 8.51%
method netalign used 55.107 seconds.
maximum values in init align row is:  18771
maximum values in init align col is:  18770
 best   iter     norm-u     lower   upper     cur      obj  weight    card overlap
    *      1    0.0e+00     35193   42129   42129    35193    2819    2819   32374
           2    2.3e+04     35193   42129 46171.2    30663    2819    2819   27844
           3    3.2e+04     35193   42129 44383.3    29059    2820    2820   26239
           4    4.3e+04     35193   42129 45360.3    29253    2821    2821   26432
           5    5.0e+04     35193   42129 44314.1    26371    2820    2820   23551
           6    5.9e+04     35193   42129 44936.3    27135    2820    2820   24315
           7    6.6e+04     35193   42129 44022.9    25339    2821    2821   22518
           8    7.4e+04     35193   42129 44602.5    25784    2820    2820   22964
           9    7.9e+04     35193   42129 43999.6    24906    2820    2820   22086
          10    8.6e+04     35193   42129 44417.6    25181    2822    2822   22359
          11    9.2e+04     35193   42129 43876.1    24575    2818    2818   21757
          12    9.8e+04     35193   42129 44151.1    24029    2820    2820   21209
          13    1.0e+05     35193   42129 43758.7    24390    2818    2818   21572
          14    1.1e+05     35193   42129 43981.9    23971    2819    2819   21152
          15    1.1e+05     35193   42129 43706.2    22941    2822    2822   20119
          16    1.2e+05     35193   42129 43910.2    24472    2818    2818   21654
          17    1.3e+05     35193   42129   43544    22686    2821    2821   19865
          18    1.3e+05     35193   42129 43891.9    23937    2819    2819   21118
          19    1.3e+05     35193   42129 43494.3    23478    2820    2820   20658
          20    1.4e+05     35193   42129 43745.1    23712    2816    2816   20896
          21    1.4e+05     35193   42129 43489.8    22920    2819    2819   20101
          22    1.5e+05     35193   42129 43599.6    23202    2821    2821   20381
          23    1.5e+05     35193   42129 43336.6    23519    2816    2816   20703
          24    1.6e+05     35193   42129 43614.6    22883    2819    2819   20064
          25    1.6e+05     35193   42129 43326.8    23374    2818    2818   20556
          26    1.7e+05     35193   42129 43411.3    23991    2816    2816   21175
               reducing step to 0.2
          27    1.7e+05     35193 41695.1 41695.1    25239    2816    2816   22423
          28    1.7e+05     35193 40987.4 40987.4    23690    2816    2816   20874
          29    1.7e+05     35193 40982.7 40982.7    23841    2818    2818   21023
          30    1.7e+05     35193 40687.8 40687.8    23623    2815    2815   20808
          31    1.7e+05     35193 40676.2 40676.2    24055    2815    2815   21240
          32    1.8e+05     35193 40497.2 40497.2    25319    2819    2819   22500
          33    1.8e+05     35193 40497.2 40521.9    24174    2815    2815   21359
          34    1.8e+05     35193 40373.4 40373.4    24882    2815    2815   22067
          35    1.8e+05     35193 40373.4 40380.7    25436    2814    2814   22622
          36    1.8e+05     35193 40259.2 40259.2    25316    2815    2815   22501
          37    1.8e+05     35193 40259.2 40301.1    25951    2811    2811   23140
          38    1.9e+05     35193 40172.3 40172.3    26326    2816    2816   23510
          39    1.9e+05     35193 40172.3 40271.7    26661    2814    2814   23847
          40    1.9e+05     35193 40139.2 40139.2    25674    2812    2812   22862
          41    1.9e+05     35193 40139.2 40199.3    26713    2815    2815   23898
          42    1.9e+05     35193 40092.8 40092.8    26720    2813    2813   23907
          43    1.9e+05     35193 40092.8 40106.4    27362    2808    2808   24554
          44    1.9e+05     35193 39986.7 39986.7    25977    2812    2812   23165
          45    1.9e+05     35193 39986.7 40102.3    27088    2814    2814   24274
          46    2.0e+05     35193 39986.7 39987.8    27021    2812    2812   24209
          47    2.0e+05     35193 39986.7 40009.7    28171    2813    2813   25358
          48    2.0e+05     35193   39919   39919    28292    2810    2810   25482
          49    2.0e+05     35193   39919 39989.5    28432    2811    2811   25621
          50    2.0e+05     35193 39885.6 39885.6    26943    2810    2810   24133
          51    2.0e+05     35193 39885.6 39976.2    27497    2814    2814   24683
          52    2.0e+05     35193 39861.1 39861.1    28763    2810    2810   25953
          53    2.0e+05     35193 39861.1 39961.6    28618    2813    2813   25805
          54    2.0e+05     35193   39785   39785    28658    2808    2808   25850
          55    2.1e+05     35193   39785 39882.9    29675    2809    2809   26866
          56    2.1e+05     35193 39717.4 39717.4    29969    2808    2808   27161
          57    2.1e+05     35193 39717.4 39873.9    28788    2810    2810   25978
          58    2.1e+05     35193 39717.4 39766.7    29493    2811    2811   26682
          59    2.1e+05     35193 39717.4 39799.3    28834    2810    2810   26024
          60    2.1e+05     35193 39710.1 39710.1    29177    2809    2809   26368
          61    2.1e+05     35193 39710.1 39823.2    29693    2804    2804   26889
          62    2.1e+05     35193   39653   39653    29706    2809    2809   26897
          63    2.1e+05     35193   39653 39749.7    29119    2813    2813   26306
          64    2.1e+05     35193   39653 39661.2    29522    2807    2807   26715
          65    2.1e+05     35193   39653 39825.9    28806    2813    2813   25993
          66    2.2e+05     35193 39625.6 39625.6    28207    2809    2809   25398
          67    2.2e+05     35193 39625.6 39779.9    29250    2809    2809   26441
          68    2.2e+05     35193 39625.6   39629    29757    2810    2810   26947
          69    2.2e+05     35193 39625.6 39671.6    29411    2811    2811   26600
          70    2.2e+05     35193 39587.3 39587.3    28741    2808    2808   25933
          71    2.2e+05     35193 39587.3   39732    28772    2810    2810   25962
          72    2.2e+05     35193 39528.3 39528.3    29948    2807    2807   27141
          73    2.2e+05     35193 39528.3 39656.7    29069    2807    2807   26262
          74    2.2e+05     35193 39528.3 39571.5    29977    2809    2809   27168
          75    2.2e+05     35193 39528.3   39675    30318    2806    2806   27512
          76    2.2e+05     35193 39521.8 39521.8    29755    2809    2809   26946
          77    2.2e+05     35193 39521.8 39637.2    30300    2808    2808   27492
          78    2.3e+05     35193 39495.9 39495.9    29402    2809    2809   26593
          79    2.3e+05     35193 39495.9 39689.7    30833    2807    2807   28026
          80    2.3e+05     35193 39495.9 39531.6    30441    2808    2808   27633
          81    2.3e+05     35193 39495.9 39550.1    30551    2807    2807   27744
          82    2.3e+05     35193   39442   39442    31659    2805    2805   28854
          83    2.3e+05     35193   39442 39547.1    30229    2806    2806   27423
          84    2.3e+05     35193   39442 39476.9    30583    2808    2808   27775
          85    2.3e+05     35193   39442 39568.6    30347    2809    2809   27538
          86    2.3e+05     35193   39442 39494.2    30494    2809    2809   27685
          87    2.3e+05     35193   39442 39603.3    30536    2806    2806   27730
          88    2.3e+05     35193 39413.9 39413.9    29837    2807    2807   27030
          89    2.3e+05     35193 39413.9   39444    30248    2807    2807   27441
          90    2.3e+05     35193 39413.9 39460.9    30390    2806    2806   27584
          91    2.4e+05     35193 39413.9 39531.1    31032    2809    2809   28223
          92    2.4e+05     35193 39413.9 39423.1    31257    2808    2808   28449
          93    2.4e+05     35193 39413.9 39457.3    31045    2804    2804   28241
          94    2.4e+05     35193 39410.4 39410.4    30467    2807    2807   27660
          95    2.4e+05     35193 39410.4   39482    30427    2803    2803   27624
          96    2.4e+05     35193 39362.7 39362.7    31097    2807    2807   28290
          97    2.4e+05     35193 39362.7 39546.6    31151    2805    2805   28346
          98    2.4e+05     35193 39362.7 39375.7    32647    2809    2809   29838
          99    2.4e+05     35193 39362.7   39395    33138    2806    2806   30332
         100    2.4e+05     35193 39289.3 39289.3    32327    2805    2805   29522
         101    2.4e+05     35193 39289.3 39421.4    32208    2804    2804   29404
         102    2.4e+05     35193 39289.3 39300.7    32364    2806    2806   29558
         103    2.4e+05     35193 39289.3   39518    30478    2807    2807   27671
         104    2.4e+05     35193 39287.2 39287.2    30130    2810    2810   27320
         105    2.4e+05     35193 39287.2 39456.3    31109    2806    2806   28303
         106    2.4e+05     35193 39287.2 39343.9    30876    2807    2807   28069
         107    2.5e+05     35193 39287.2 39426.1    31003    2807    2807   28196
         108    2.5e+05     35193 39287.2 39302.4    30574    2806    2806   27768
         109    2.5e+05     35193 39287.2 39361.9    30299    2808    2808   27491
         110    2.5e+05     35193 39287.2 39355.6    31040    2804    2804   28236
         111    2.5e+05     35193 39287.2   39437    30088    2805    2805   27283
         112    2.5e+05     35193 39241.1 39241.1    30226    2807    2807   27419
         113    2.5e+05     35193 39241.1 39406.1    29551    2807    2807   26744
         114    2.5e+05     35193 39241.1 39300.7    31653    2809    2809   28844
         115    2.5e+05     35193 39241.1 39349.6    31979    2807    2807   29172
         116    2.5e+05     35193 39241.1 39298.1    31176    2806    2806   28370
         117    2.5e+05     35193 39241.1 39352.3    31595    2806    2806   28789
         118    2.5e+05     35193 39234.9 39234.9    31725    2807    2807   28918
         119    2.5e+05     35193 39234.9 39397.9    30629    2805    2805   27824
         120    2.5e+05     35193 39234.9 39310.4    30957    2806    2806   28151
         121    2.5e+05     35193 39234.9 39486.7    30988    2808    2808   28180
         122    2.5e+05     35193 39198.2 39198.2    32333    2805    2805   29528
         123    2.5e+05     35193 39198.2 39333.3    33329    2804    2804   30525
         124    2.5e+05     35193 39181.8 39181.8    33794    2808    2808   30986
         125    2.6e+05     35193 39181.8 39388.7    33158    2803    2803   30355
         126    2.6e+05     35193 39165.6 39165.6    32492    2803    2803   29689
         127    2.6e+05     35193 39165.6 39347.2    32416    2808    2808   29608
         128    2.6e+05     35193 39165.6 39174.2    32743    2803    2803   29940
         129    2.6e+05     35193 39165.6 39396.4    33126    2805    2805   30321
         130    2.6e+05     35193 39165.6 39182.1    33573    2806    2806   30767
         131    2.6e+05     35193 39165.6 39298.8    33382    2803    2803   30579
         132    2.6e+05     35193 39165.6 39186.6    31722    2804    2804   28918
         133    2.6e+05     35193 39165.6 39430.3    31829    2805    2805   29024
         134    2.6e+05     35193 39165.6   39213    31834    2807    2807   29027
         135    2.6e+05     35193 39165.6 39337.2    31790    2807    2807   28983
         136    2.6e+05     35193 39141.7 39141.7    31533    2805    2805   28728
         137    2.6e+05     35193 39141.7 39348.5    30615    2809    2809   27806
         138    2.6e+05     35193 39141.7 39220.6    32048    2806    2806   29242
         139    2.6e+05     35193 39141.7 39316.6    32903    2801    2801   30102
         140    2.6e+05     35193 39098.6 39098.6    34038    2804    2804   31234
         141    2.6e+05     35193 39098.6 39355.4    32628    2801    2801   29827
         142    2.6e+05     35193 39098.6 39153.3    32823    2808    2808   30015
         143    2.6e+05     35193 39098.6 39348.4    34169    2804    2804   31365
         144    2.6e+05     35193 39098.6 39133.2    33709    2806    2806   30903
         145    2.6e+05     35193 39098.6 39246.8    34512    2805    2805   31707
         146    2.6e+05     35193 39098.6 39153.1    33478    2805    2805   30673
         147    2.7e+05     35193 39098.6 39275.5    32728    2804    2804   29924
         148    2.7e+05     35193 39098.6 39197.4    33332    2804    2804   30528
         149    2.7e+05     35193 39098.6 39324.3    33466    2801    2801   30665
         150    2.7e+05     35193 39098.6 39149.9    33512    2802    2802   30710
         151    2.7e+05     35193 39098.6 39215.8    32303    2807    2807   29496
         152    2.7e+05     35193 39098.6 39249.2    32124    2806    2806   29318
         153    2.7e+05     35193 39098.6 39289.8    32970    2805    2805   30165
         154    2.7e+05     35193 39098.6 39133.3    31683    2804    2804   28879
         155    2.7e+05     35193 39098.6 39243.9    31972    2803    2803   29169
         156    2.7e+05     35193 39098.6 39154.7    31582    2804    2804   28778
         157    2.7e+05     35193 39098.6 39297.5    32822    2807    2807   30015
         158    2.7e+05     35193 39098.6 39166.6    31721    2808    2808   28913
         159    2.7e+05     35193 39098.6 39233.2    32318    2802    2802   29516
         160    2.7e+05     35193 39098.6 39178.1    32202    2806    2806   29396
         161    2.7e+05     35193 39098.6 39297.8    32862    2803    2803   30059
         162    2.7e+05     35193 39069.5 39069.5    32189    2804    2804   29385
         163    2.7e+05     35193 39069.5 39187.5    32943    2802    2802   30141
         164    2.7e+05     35193 39069.5 39177.4    33351    2806    2806   30545
         165    2.7e+05     35193 39069.5 39265.9    33207    2805    2805   30402
         166    2.7e+05     35193 39069.5 39100.1    33631    2804    2804   30827
         167    2.7e+05     35193 39069.5   39239    33404    2802    2802   30602
         168    2.7e+05     35193 39069.5 39095.3    33704    2805    2805   30899
         169    2.7e+05     35193 39069.5 39222.6    33860    2804    2804   31056
         170    2.7e+05     35193 39049.2 39049.2    34722    2803    2803   31919
         171    2.7e+05     35193 39049.2 39169.1    34369    2801    2801   31568
         172    2.7e+05     35193 39049.2 39091.6    34252    2805    2805   31447
         173    2.7e+05     35193 39049.2 39332.4    34075    2803    2803   31272
         174    2.8e+05     35193 39049.2 39079.8    33447    2805    2805   30642
         175    2.8e+05     35193 39049.2 39266.4    32196    2801    2801   29395
         176    2.8e+05     35193 39049.2 39115.7    31618    2804    2804   28814
         177    2.8e+05     35193 39049.2 39241.5    31373    2806    2806   28567
         178    2.8e+05     35193 39049.2 39106.9    31402    2807    2807   28595
         179    2.8e+05     35193 39049.2 39281.6    30953    2809    2809   28144
         180    2.8e+05     35193 39049.2 39057.1    31988    2805    2805   29183
         181    2.8e+05     35193 39049.2 39246.3    31407    2807    2807   28600
         182    2.8e+05     35193 39049.2 39126.4    32170    2808    2808   29362
         183    2.8e+05     35193 39049.2 39200.2    32132    2805    2805   29327
         184    2.8e+05     35193 39049.2 39127.2    32900    2804    2804   30096
         185    2.8e+05     35193 39049.2 39184.9    33552    2800    2800   30752
         186    2.8e+05     35193 39049.2 39128.6    33807    2805    2805   31002
         187    2.8e+05     35193 39049.2 39206.4    34827    2799    2799   32028
         188    2.8e+05     35193 39049.2 39091.5    35081    2802    2802   32279
         189    2.8e+05     35193 39049.2 39124.9    34920    2801    2801   32119
         190    2.8e+05     35193 39049.2 39165.6    34640    2806    2806   31834
         191    2.8e+05     35193 39049.2 39183.6    34400    2800    2800   31600
         192    2.8e+05     35193 39049.2 39088.8    34481    2804    2804   31677
         193    2.8e+05     35193 39049.2 39148.8    34467    2802    2802   31665
         194    2.8e+05     35193 39049.2 39135.6    33715    2803    2803   30912
         195    2.8e+05     35193 39049.2 39142.5    33179    2807    2807   30372
               reducing step to 0.1
         196    2.8e+05     35193 38560.3 38560.3    31102    2805    2805   28297
         197    2.8e+05     35193 38348.1 38348.1    31631    2801    2801   28830
         198    2.8e+05     35193 38322.4 38322.4    34863    2802    2802   32061
    *    199    2.8e+05     35629 38318.1 38318.1    35629    2805    2805   32824
    *    200    2.8e+05     36056   38311   38311    36056    2799    2799   33257
    *    201    2.8e+05     36457   38257   38257    36457    2801    2801   33656
    *    202    2.8e+05     36742   38257 38302.1    36742    2800    2800   33942
         203    2.8e+05     36742 38250.5 38250.5    36485    2802    2802   33683
         204    2.8e+05     36742 38250.5 38294.1    36704    2801    2801   33903
         205    2.8e+05     36742 38245.9 38245.9    36710    2799    2799   33911
         206    2.8e+05     36742 38245.9 38295.6    36648    2799    2799   33849
         207    2.8e+05     36742 38235.8 38235.8    36735    2800    2800   33935
         208    2.8e+05     36742 38235.8 38269.2    36686    2802    2802   33884
    *    209    2.8e+05     36794 38235.8 38237.3    36794    2800    2800   33994
    *    210    2.8e+05     36952 38235.8 38261.6    36952    2799    2799   34153
    *    211    2.8e+05     37176 38226.8 38226.8    37176    2800    2800   34376
         212    2.8e+05     37176 38226.8 38257.8    37147    2800    2800   34347
         213    2.8e+05     37176 38226.8 38233.9    37134    2800    2800   34334
         214    2.8e+05     37176 38226.8 38249.8    37160    2799    2799   34361
         215    2.8e+05     37176 38226.8   38241    37130    2800    2800   34330
    *    216    2.8e+05     37230 38226.8   38236    37230    2799    2799   34431
         217    2.8e+05     37230   38222   38222    37101    2799    2799   34302
    *    218    2.8e+05     37270   38222 38241.3    37270    2799    2799   34471
         219    2.8e+05     37270 38219.6 38219.6    37231    2800    2800   34431
    *    220    2.8e+05     37309 38219.6 38244.7    37309    2799    2799   34510
         221    2.8e+05     37309 38213.5 38213.5    37091    2801    2801   34290
         222    2.8e+05     37309 38213.5 38239.7    37245    2799    2799   34446
         223    2.8e+05     37309 38213.5 38215.9    37293    2800    2800   34493
         224    2.8e+05     37309 38213.5 38239.8    37230    2799    2799   34431
         225    2.8e+05     37309 38212.5 38212.5    37294    2799    2799   34495
    *    226    2.8e+05     37360 38212.5 38239.2    37360    2799    2799   34561
         227    2.8e+05     37360 38207.3 38207.3    37341    2798    2798   34543
         228    2.8e+05     37360 38207.3 38240.5    37322    2799    2799   34523
         229    2.8e+05     37360   38203   38203    37327    2799    2799   34528
         230    2.8e+05     37360   38203 38236.2    37320    2799    2799   34521
         231    2.8e+05     37360   38203 38210.3    37325    2800    2800   34525
         232    2.8e+05     37360   38203 38230.9    37298    2799    2799   34499
         233    2.8e+05     37360   38203 38209.2    37352    2799    2799   34553
         234    2.8e+05     37360   38203 38233.7    37351    2799    2799   34552
         235    2.8e+05     37360 38201.9 38201.9    37335    2799    2799   34536
         236    2.8e+05     37360 38201.9 38226.6    37308    2799    2799   34509
    *    237    2.8e+05     37386 38201.9 38206.6    37386    2800    2800   34586
         238    2.8e+05     37386 38201.9 38225.2    37293    2799    2799   34494
         239    2.8e+05     37386 38201.9 38206.5    37367    2800    2800   34567
         240    2.8e+05     37386 38201.9   38233    37352    2799    2799   34553
         241    2.8e+05     37386   38198   38198    37359    2799    2799   34560
         242    2.8e+05     37386   38198 38220.1    37334    2799    2799   34535
         243    2.8e+05     37386   38198 38202.4    37363    2799    2799   34564
         244    2.8e+05     37386   38198 38223.1    37142    2800    2800   34342
         245    2.8e+05     37386   38198 38221.4    37095    2799    2799   34296
         246    2.8e+05     37386   38198 38231.8    37143    2799    2799   34344
         247    2.8e+05     37386 38192.3 38192.3    37194    2801    2801   34393
         248    2.8e+05     37386 38192.3 38226.6    37223    2799    2799   34424
         249    2.8e+05     37386 38192.3 38192.9    37332    2799    2799   34533
         250    2.8e+05     37386 38192.3 38222.6    37285    2799    2799   34486
         251    2.8e+05     37386 38192.3 38202.5    37358    2799    2799   34559
         252    2.8e+05     37386 38192.3 38222.9    37328    2799    2799   34529
         253    2.9e+05     37386 38192.3 38198.2    37368    2799    2799   34569
         254    2.9e+05     37386 38192.3 38221.4    37358    2799    2799   34559
         255    2.9e+05     37386 38192.3 38193.6    37112    2799    2799   34313
         256    2.9e+05     37386 38192.3 38215.3    37200    2799    2799   34401
         257    2.9e+05     37386 38192.3   38222    37226    2799    2799   34427
         258    2.9e+05     37386 38192.3 38214.3    37263    2799    2799   34464
         259    2.9e+05     37386 38192.3 38200.2    37101    2799    2799   34302
         260    2.9e+05     37386 38192.3 38214.9    37164    2799    2799   34365
         261    2.9e+05     37386 38192.3 38215.7    37311    2800    2800   34511
         262    2.9e+05     37386 38192.3 38217.7    37373    2799    2799   34574
    *    263    2.9e+05     37428 38192.3 38216.6    37428    2799    2799   34629
         264    2.9e+05     37428 38192.3 38216.1    37315    2799    2799   34516
         265    2.9e+05     37428 38192.3 38216.3    37287    2799    2799   34488
         266    2.9e+05     37428 38192.3 38213.7    37389    2799    2799   34590
         267    2.9e+05     37428 38192.3 38193.8    37379    2799    2799   34580
         268    2.9e+05     37428 38192.3 38240.1    37357    2799    2799   34558
         269    2.9e+05     37428 38185.4 38185.4    37379    2799    2799   34580
         270    2.9e+05     37428 38185.4 38241.3    37382    2799    2799   34583
         271    2.9e+05     37428 38185.4 38193.8    37407    2799    2799   34608
         272    2.9e+05     37428 38185.4 38241.6    37395    2799    2799   34596
         273    2.9e+05     37428 38185.4 38193.2    37408    2799    2799   34609
         274    2.9e+05     37428 38185.4 38240.2    37420    2799    2799   34621
         275    2.9e+05     37428 38185.4 38189.1    36998    2799    2799   34199
         276    2.9e+05     37428 38185.4 38220.1    36806    2799    2799   34007
         277    2.9e+05     37428 38185.4 38221.3    37146    2800    2800   34346
         278    2.9e+05     37428 38185.4 38212.1    37323    2799    2799   34524
         279    2.9e+05     37428 38185.4 38203.4    37352    2799    2799   34553
         280    2.9e+05     37428 38185.4 38210.5    37362    2799    2799   34563
         281    2.9e+05     37428 38185.4 38208.1    37355    2799    2799   34556
         282    2.9e+05     37428 38185.4 38212.2    37350    2799    2799   34551
    *    283    2.9e+05     37452 38185.4 38208.7    37452    2799    2799   34653
         284    2.9e+05     37452 38185.4 38209.8    37343    2799    2799   34544
         285    2.9e+05     37452 38185.4 38207.7    37441    2799    2799   34642
         286    2.9e+05     37452 38185.4 38207.8    37380    2799    2799   34581
         287    2.9e+05     37452 38185.4 38209.2    37393    2800    2800   34593
         288    2.9e+05     37452 38185.4 38210.3    37348    2799    2799   34549
         289    2.9e+05     37452 38185.4 38206.2    37434    2799    2799   34635
         290    2.9e+05     37452 38185.4 38213.3    37384    2799    2799   34585
         291    2.9e+05     37452 38185.4 38200.9    37451    2799    2799   34652
         292    2.9e+05     37452 38185.4 38217.2    37184    2799    2799   34385
         293    2.9e+05     37452 38185.4 38202.1    37244    2799    2799   34445
         294    2.9e+05     37452 38185.4 38227.7    36586    2799    2799   33787
               reducing step to 0.05
         295    2.9e+05     37452 38003.4 38003.4    36267    2799    2799   33468
         296    2.9e+05     37452 37925.9 37925.9    36063    2800    2800   33263
         297    2.9e+05     37452 37925.9 37944.7    36758    2800    2800   33958
         298    2.9e+05     37452 37915.2 37915.2    36753    2801    2801   33952
         299    2.9e+05     37452 37915.2 37934.7    37300    2799    2799   34501
         300    2.9e+05     37452 37902.5 37902.5    37175    2800    2800   34375
         301    2.9e+05     37452 37902.5 37924.5    37423    2799    2799   34624
         302    2.9e+05     37452 37897.7 37897.7    37309    2800    2800   34509
    *    303    2.9e+05     37461 37897.7 37927.3    37461    2799    2799   34662
         304    2.9e+05     37461 37897.7 37897.8    37428    2800    2800   34628
    *    305    2.9e+05     37500 37897.7 37926.3    37500    2799    2799   34701
         306    2.9e+05     37500 37895.7 37895.7    37428    2800    2800   34628
         307    2.9e+05     37500 37895.7 37928.1    37464    2799    2799   34665
         308    2.9e+05     37500 37891.1 37891.1    37452    2800    2800   34652
         309    2.9e+05     37500 37891.1 37923.8    37498    2799    2799   34699
         310    2.9e+05     37500 37890.7 37890.7    37477    2800    2800   34677
         311    2.9e+05     37500 37890.7 37921.7    37481    2799    2799   34682
    *    312    2.9e+05     37510 37889.1 37889.1    37510    2800    2800   34710
    *    313    2.9e+05     37522 37889.1 37924.4    37522    2799    2799   34723
         314    2.9e+05     37522 37887.8 37887.8    37498    2800    2800   34698
         315    2.9e+05     37522 37887.8 37922.5    37489    2799    2799   34690
         316    2.9e+05     37522 37885.7 37885.7    37472    2800    2800   34672
         317    2.9e+05     37522 37885.7 37922.2    37281    2799    2799   34482
         318    2.9e+05     37522 37885.4 37885.4    37425    2800    2800   34625
         319    2.9e+05     37522 37885.4 37921.7    37518    2799    2799   34719
         320    2.9e+05     37522 37883.6 37883.6    37323    2800    2800   34523
         321    2.9e+05     37522 37883.6 37919.3    37458    2799    2799   34659
         322    2.9e+05     37522 37883.1 37883.1    37484    2800    2800   34684
         323    2.9e+05     37522 37883.1 37918.9    37500    2799    2799   34701
         324    2.9e+05     37522 37882.1 37882.1    37499    2800    2800   34699
         325    2.9e+05     37522 37882.1 37921.9    37503    2799    2799   34704
         326    2.9e+05     37522 37882.1 37883.3    37501    2800    2800   34701
         327    2.9e+05     37522 37882.1 37918.7    37504    2799    2799   34705
         328    2.9e+05     37522 37882.1 37882.6    37498    2800    2800   34698
         329    2.9e+05     37522 37882.1   37920    37512    2799    2799   34713
         330    2.9e+05     37522 37881.1 37881.1    37487    2800    2800   34687
         331    2.9e+05     37522 37881.1 37917.3    37500    2799    2799   34701
         332    2.9e+05     37522 37880.1 37880.1    37501    2800    2800   34701
         333    2.9e+05     37522 37880.1 37916.8    37504    2799    2799   34705
         334    2.9e+05     37522   37880   37880    37484    2799    2799   34685
    *    335    2.9e+05     37523   37880 37916.3    37523    2799    2799   34724
         336    2.9e+05     37523 37879.2 37879.2    37496    2799    2799   34697
    *    337    2.9e+05     37530 37879.2   37917    37530    2799    2799   34731
         338    2.9e+05     37530 37879.2 37880.5    37429    2800    2800   34629
         339    2.9e+05     37530 37879.2 37914.1    37499    2799    2799   34700
         340    2.9e+05     37530 37879.2 37880.6    37491    2800    2800   34691
         341    2.9e+05     37530 37879.2 37915.6    37529    2799    2799   34730
         342    2.9e+05     37530 37879.2 37880.8    37482    2800    2800   34682
         343    2.9e+05     37530 37879.2 37915.2    37520    2799    2799   34721
         344    2.9e+05     37530 37879.2 37879.4    37491    2800    2800   34691
         345    2.9e+05     37530 37879.2 37916.3    37529    2799    2799   34730
         346    2.9e+05     37530 37877.7 37877.7    37491    2800    2800   34691
         347    2.9e+05     37530 37877.7 37917.1    37517    2799    2799   34718
         348    2.9e+05     37530 37877.7 37879.3    37498    2800    2800   34698
         349    2.9e+05     37530 37877.7 37915.2    37519    2799    2799   34720
         350    2.9e+05     37530 37877.7 37878.3    37472    2800    2800   34672
    *    351    2.9e+05     37536 37877.7 37913.3    37536    2799    2799   34737
         352    2.9e+05     37536 37877.4 37877.4    37494    2800    2800   34694
    *    353    2.9e+05     37539 37877.4 37915.8    37539    2799    2799   34740
         354    2.9e+05     37539 37877.4 37879.7    37505    2800    2800   34705
         355    2.9e+05     37539 37877.4 37911.3    37536    2799    2799   34737
         356    2.9e+05     37539 37877.4 37878.6    37487    2800    2800   34687
    *    357    2.9e+05     37548 37877.4   37913    37548    2799    2799   34749
         358    2.9e+05     37548 37877.4 37877.5    37509    2800    2800   34709
         359    2.9e+05     37548 37877.4 37914.1    37509    2799    2799   34710
         360    2.9e+05     37548 37877.4 37879.1    37498    2800    2800   34698
         361    2.9e+05     37548 37877.4 37911.6    37531    2799    2799   34732
         362    2.9e+05     37548 37877.4 37881.1    37507    2800    2800   34707
         363    2.9e+05     37548 37877.4 37913.6    37529    2799    2799   34730
         364    2.9e+05     37548 37876.8 37876.8    37495    2800    2800   34695
         365    2.9e+05     37548 37876.8 37913.4    37514    2799    2799   34715
         366    2.9e+05     37548 37876.8   37877    37505    2800    2800   34705
         367    2.9e+05     37548 37876.8 37910.9    37508    2799    2799   34709
         368    2.9e+05     37548 37876.8   37879    37487    2800    2800   34687
         369    2.9e+05     37548 37876.8 37910.9    37529    2799    2799   34730
         370    2.9e+05     37548 37876.8 37876.8    37466    2800    2800   34666
         371    2.9e+05     37548 37876.8 37912.2    37542    2799    2799   34743
         372    2.9e+05     37548 37876.4 37876.4    37510    2799    2799   34711
         373    2.9e+05     37548 37876.4 37913.9    37513    2799    2799   34714
         374    2.9e+05     37548 37875.5 37875.5    37438    2801    2801   34637
         375    2.9e+05     37548 37875.5 37918.2    37536    2799    2799   34737
         376    2.9e+05     37548 37875.5 37877.1    37492    2800    2800   34692
    *    377    2.9e+05     37553 37875.5 37910.1    37553    2799    2799   34754
         378    2.9e+05     37553 37875.5 37878.4    37518    2800    2800   34718
         379    2.9e+05     37553 37875.5 37912.7    37538    2799    2799   34739
         380    2.9e+05     37553 37875.5 37879.5    37497    2800    2800   34697
         381    2.9e+05     37553 37875.5 37910.2    37546    2799    2799   34747
         382    2.9e+05     37553 37875.5 37879.3    37514    2800    2800   34714
         383    2.9e+05     37553 37875.5 37910.4    37537    2799    2799   34738
         384    2.9e+05     37553 37875.5 37879.9    37514    2800    2800   34714
         385    2.9e+05     37553 37875.5 37910.3    37539    2799    2799   34740
         386    2.9e+05     37553 37875.5 37882.3    37506    2800    2800   34706
         387    2.9e+05     37553 37875.5 37908.7    37544    2799    2799   34745
         388    2.9e+05     37553 37875.5 37881.4    37504    2800    2800   34704
         389    2.9e+05     37553 37875.5 37909.8    37531    2799    2799   34732
         390    2.9e+05     37553 37875.5 37876.2    37502    2800    2800   34702
         391    2.9e+05     37553 37875.5 37916.3    37531    2799    2799   34732
         392    2.9e+05     37553 37875.5   37877    37512    2800    2800   34712
         393    2.9e+05     37553 37875.5 37916.2    37543    2799    2799   34744
         394    2.9e+05     37553 37875.4 37875.4    37470    2800    2800   34670
         395    2.9e+05     37553 37875.4 37914.9    37534    2799    2799   34735
         396    2.9e+05     37553 37875.4 37876.2    37509    2800    2800   34709
         397    2.9e+05     37553 37875.4 37912.4    37539    2799    2799   34740
         398    2.9e+05     37553 37875.4 37876.3    37505    2800    2800   34705
         399    2.9e+05     37553 37875.4 37914.7    37531    2799    2799   34732
         400    2.9e+05     37553   37875   37875    37518    2800    2800   34718
         401    2.9e+05     37553   37875 37914.5    37546    2799    2799   34747
         402    2.9e+05     37553   37875   37875    37507    2800    2800   34707
         403    2.9e+05     37553   37875 37913.6    37470    2799    2799   34671
         404    2.9e+05     37553 37873.7 37873.7    37474    2800    2800   34674
         405    2.9e+05     37553 37873.7 37912.5    37526    2799    2799   34727
         406    2.9e+05     37553 37873.7 37875.6    37510    2800    2800   34710
         407    2.9e+05     37553 37873.7 37915.1    37523    2799    2799   34724
         408    2.9e+05     37553 37873.7 37874.5    37517    2800    2800   34717
         409    2.9e+05     37553 37873.7 37912.8    37525    2799    2799   34726
         410    2.9e+05     37553 37873.7 37875.6    37520    2800    2800   34720
         411    2.9e+05     37553 37873.7 37911.2    37536    2799    2799   34737
         412    2.9e+05     37553 37873.1 37873.1    37510    2800    2800   34710
         413    2.9e+05     37553 37873.1 37914.4    37524    2799    2799   34725
         414    2.9e+05     37553 37873.1 37874.3    37492    2800    2800   34692
         415    2.9e+05     37553 37873.1 37912.5    37533    2799    2799   34734
         416    2.9e+05     37553 37873.1 37874.4    37513    2800    2800   34713
         417    2.9e+05     37553 37873.1 37910.5    37541    2799    2799   34742
         418    2.9e+05     37553 37873.1 37873.4    37521    2800    2800   34721
         419    2.9e+05     37553 37873.1 37909.6    37548    2799    2799   34749
         420    2.9e+05     37553 37872.8 37872.8    37510    2800    2800   34710
         421    2.9e+05     37553 37872.8 37911.5    37524    2799    2799   34725
         422    2.9e+05     37553 37872.8   37874    37514    2800    2800   34714
         423    2.9e+05     37553 37872.8 37908.7    37550    2799    2799   34751
         424    2.9e+05     37553 37872.8 37872.9    37509    2800    2800   34709
         425    2.9e+05     37553 37872.8 37910.2    37525    2799    2799   34726
         426    2.9e+05     37553 37872.7 37872.7    37497    2800    2800   34697
         427    2.9e+05     37553 37872.7 37910.9    37497    2799    2799   34698
         428    2.9e+05     37553 37872.5 37872.5    37517    2800    2800   34717
         429    2.9e+05     37553 37872.5   37909    37525    2799    2799   34726
         430    2.9e+05     37553 37872.5 37873.6    37514    2800    2800   34714
         431    2.9e+05     37553 37872.5 37910.1    37532    2799    2799   34733
         432    2.9e+05     37553 37872.5 37872.8    37518    2800    2800   34718
         433    2.9e+05     37553 37872.5 37908.7    37531    2799    2799   34732
         434    2.9e+05     37553 37872.5   37873    37512    2800    2800   34712
         435    2.9e+05     37553 37872.5 37909.5    37528    2799    2799   34729
         436    2.9e+05     37553 37872.3 37872.3    37513    2800    2800   34713
         437    2.9e+05     37553 37872.3 37910.1    37539    2799    2799   34740
         438    2.9e+05     37553 37872.3 37872.6    37513    2800    2800   34713
         439    2.9e+05     37553 37872.3 37908.8    37542    2799    2799   34743
         440    2.9e+05     37553 37872.1 37872.1    37511    2800    2800   34711
         441    2.9e+05     37553 37872.1   37910    37542    2799    2799   34743
         442    2.9e+05     37553 37870.9 37870.9    37504    2800    2800   34704
         443    2.9e+05     37553 37870.9 37908.1    37533    2799    2799   34734
         444    2.9e+05     37553 37870.9 37873.1    37512    2800    2800   34712
         445    2.9e+05     37553 37870.9 37907.1    37542    2799    2799   34743
         446    2.9e+05     37553 37870.9 37873.2    37500    2800    2800   34700
         447    2.9e+05     37553 37870.9 37906.7    37533    2799    2799   34734
         448    2.9e+05     37553 37870.9 37872.2    37516    2800    2800   34716
         449    2.9e+05     37553 37870.9 37907.8    37540    2799    2799   34741
         450    2.9e+05     37553 37870.9 37872.7    37516    2800    2800   34716
         451    2.9e+05     37553 37870.9 37906.7    37542    2799    2799   34743
         452    2.9e+05     37553 37870.9 37872.9    37515    2800    2800   34715
         453    2.9e+05     37553 37870.9 37907.2    37538    2799    2799   34739
         454    2.9e+05     37553 37870.9 37872.3    37515    2800    2800   34715
         455    2.9e+05     37553 37870.9 37905.6    37532    2799    2799   34733
         456    2.9e+05     37553 37870.9 37872.8    37523    2800    2800   34723
         457    2.9e+05     37553 37870.9 37907.2    37547    2799    2799   34748
         458    2.9e+05     37553 37870.9 37872.4    37500    2800    2800   34700
         459    2.9e+05     37553 37870.9 37906.4    37534    2799    2799   34735
         460    2.9e+05     37553 37870.9 37871.7    37520    2800    2800   34720
         461    2.9e+05     37553 37870.9   37908    37546    2799    2799   34747
         462    2.9e+05     37553 37870.9 37871.2    37516    2800    2800   34716
         463    2.9e+05     37553 37870.9 37906.6    37539    2799    2799   34740
         464    2.9e+05     37553 37870.9 37872.9    37506    2800    2800   34706
         465    2.9e+05     37553 37870.9 37908.7    37547    2799    2799   34748
         466    2.9e+05     37553 37869.9 37869.9    37523    2800    2800   34723
         467    2.9e+05     37553 37869.9 37908.2    37548    2799    2799   34749
         468    2.9e+05     37553 37869.9 37873.2    37519    2800    2800   34719
         469    2.9e+05     37553 37869.9 37907.4    37552    2799    2799   34753
         470    2.9e+05     37553 37869.9 37872.2    37519    2800    2800   34719
         471    2.9e+05     37553 37869.9 37908.2    37553    2799    2799   34754
         472    2.9e+05     37553 37869.9 37872.8    37521    2800    2800   34721
    *    473    2.9e+05     37554 37869.9 37907.7    37554    2799    2799   34755
         474    2.9e+05     37554 37869.9 37871.7    37527    2800    2800   34727
         475    2.9e+05     37554 37869.9 37909.2    37554    2799    2799   34755
         476    2.9e+05     37554 37869.9 37871.7    37516    2800    2800   34716
         477    2.9e+05     37554 37869.9 37908.4    37544    2799    2799   34745
         478    2.9e+05     37554 37869.9 37870.6    37524    2800    2800   34724
         479    2.9e+05     37554 37869.9 37905.5    37545    2799    2799   34746
         480    2.9e+05     37554 37869.9 37874.7    37493    2800    2800   34693
         481    2.9e+05     37554 37869.9 37907.3    37549    2799    2799   34750
         482    2.9e+05     37554 37869.9 37873.7    37515    2800    2800   34715
    *    483    2.9e+05     37557 37869.9 37904.5    37557    2799    2799   34758
         484    2.9e+05     37557 37869.9 37872.4    37511    2800    2800   34711
         485    2.9e+05     37557 37869.9 37907.7    37545    2799    2799   34746
         486    2.9e+05     37557 37869.9 37875.3    37511    2800    2800   34711
         487    2.9e+05     37557 37869.9 37906.5    37553    2799    2799   34754
         488    2.9e+05     37557 37869.9 37871.7    37525    2800    2800   34725
         489    2.9e+05     37557 37869.9 37907.9    37554    2799    2799   34755
         490    2.9e+05     37557 37869.9   37871    37486    2800    2800   34686
         491    2.9e+05     37557 37869.9 37906.4    37546    2799    2799   34747
               reducing step to 0.025
         492    2.9e+05     37557 37809.5 37809.5    36373    2799    2799   33574
         493    2.9e+05     37557 37777.9 37777.9    37153    2800    2800   34353
         494    2.9e+05     37557 37777.9 37789.4    37425    2799    2799   34626
         495    2.9e+05     37557 37774.8 37774.8    36332    2799    2799   33533
         496    2.9e+05     37557 37774.8   37781    37190    2801    2801   34389
         497    2.9e+05     37557 37770.5 37770.5    37428    2799    2799   34629
         498    2.9e+05     37557 37770.5 37779.4    37473    2800    2800   34673
         499    2.9e+05     37557 37766.9 37766.9    37476    2799    2799   34677
         500    2.9e+05     37557 37766.9   37777    37532    2800    2800   34732
         501    2.9e+05     37557 37764.2 37764.2    37477    2799    2799   34678
         502    2.9e+05     37557 37764.2 37777.2    37530    2800    2800   34730
         503    2.9e+05     37557 37762.1 37762.1    37556    2799    2799   34757
         504    2.9e+05     37557 37762.1 37774.3    37548    2800    2800   34748
    *    505    2.9e+05     37568 37762.1 37762.3    37568    2799    2799   34769
         506    2.9e+05     37568 37762.1   37773    37545    2800    2800   34745
         507    2.9e+05     37568 37761.1 37761.1    37558    2799    2799   34759
         508    2.9e+05     37568 37761.1 37775.8    37548    2800    2800   34748
         509    2.9e+05     37568 37759.9 37759.9    37556    2799    2799   34757
         510    2.9e+05     37568 37759.9 37773.2    37544    2800    2800   34744
         511    2.9e+05     37568 37759.4 37759.4    37484    2799    2799   34685
         512    2.9e+05     37568 37759.4 37773.2    37544    2800    2800   34744
         513    2.9e+05     37568 37759.4 37759.4    37556    2799    2799   34757
         514    2.9e+05     37568 37759.4 37771.1    37549    2800    2800   34749
         515    2.9e+05     37568 37759.4 37760.9    37549    2799    2799   34750
         516    2.9e+05     37568 37759.4 37771.2    37554    2800    2800   34754
         517    2.9e+05     37568 37759.4   37761    37557    2799    2799   34758
         518    2.9e+05     37568 37759.4 37770.1    37563    2800    2800   34763
         519    2.9e+05     37568 37759.4 37759.8    37557    2799    2799   34758
         520    2.9e+05     37568 37759.4 37770.7    37503    2800    2800   34703
         521    2.9e+05     37568 37759.4 37760.3    37563    2799    2799   34764
         522    2.9e+05     37568 37759.4 37769.3    37557    2800    2800   34757
         523    2.9e+05     37568 37759.4 37760.6    37560    2799    2799   34761
         524    2.9e+05     37568 37759.4 37770.7    37556    2800    2800   34756
         525    2.9e+05     37568 37759.4 37759.8    37562    2799    2799   34763
         526    2.9e+05     37568 37759.4   37769    37539    2800    2800   34739
         527    2.9e+05     37568 37758.7 37758.7    37562    2799    2799   34763
         528    2.9e+05     37568 37758.7 37768.4    37548    2800    2800   34748
         529    2.9e+05     37568 37758.7 37760.4    37550    2799    2799   34751
         530    2.9e+05     37568 37758.7 37768.8    37557    2800    2800   34757
         531    2.9e+05     37568 37758.4 37758.4    37560    2799    2799   34761
         532    2.9e+05     37568 37758.4 37768.6    37552    2800    2800   34752
         533    2.9e+05     37568 37758.4 37758.8    37561    2799    2799   34762
         534    2.9e+05     37568 37758.4 37768.9    37562    2800    2800   34762
         535    2.9e+05     37568 37758.4 37758.8    37554    2799    2799   34755
         536    2.9e+05     37568 37758.4 37767.7    37558    2800    2800   34758
         537    2.9e+05     37568 37758.4 37758.5    37539    2799    2799   34740
         538    2.9e+05     37568 37758.4 37769.2    37549    2800    2800   34749
         539    2.9e+05     37568 37758.2 37758.2    37548    2799    2799   34749
         540    2.9e+05     37568 37758.2 37767.7    37547    2800    2800   34747
         541    2.9e+05     37568 37758.1 37758.1    37547    2799    2799   34748
         542    2.9e+05     37568 37758.1 37768.9    37556    2800    2800   34756
         543    2.9e+05     37568 37758.1 37758.1    37562    2799    2799   34763
         544    2.9e+05     37568 37758.1 37769.4    37558    2800    2800   34758
         545    2.9e+05     37568 37756.7 37756.7    37559    2799    2799   34760
         546    2.9e+05     37568 37756.7 37769.2    37558    2800    2800   34758
         547    2.9e+05     37568 37756.7 37757.7    37561    2799    2799   34762
         548    2.9e+05     37568 37756.7 37768.5    37549    2800    2800   34749
         549    2.9e+05     37568 37756.7 37757.8    37558    2799    2799   34759
         550    2.9e+05     37568 37756.7 37768.4    37555    2800    2800   34755
         551    2.9e+05     37568 37756.7 37757.2    37565    2799    2799   34766
         552    2.9e+05     37568 37756.7 37768.7    37564    2800    2800   34764
         553    2.9e+05     37568 37756.7   37757    37554    2799    2799   34755
         554    2.9e+05     37568 37756.7 37769.2    37555    2800    2800   34755
         555    2.9e+05     37568 37756.6 37756.6    37561    2799    2799   34762
         556    2.9e+05     37568 37756.6 37769.7    37567    2800    2800   34767
         557    2.9e+05     37568 37756.6 37756.6    37556    2799    2799   34757
         558    2.9e+05     37568 37756.6 37768.7    37560    2800    2800   34760
         559    2.9e+05     37568 37756.5 37756.5    37556    2799    2799   34757
         560    2.9e+05     37568 37756.5 37768.5    37558    2800    2800   34758
         561    2.9e+05     37568 37756.5 37757.6    37544    2799    2799   34745
         562    2.9e+05     37568 37756.5 37768.2    37556    2800    2800   34756
         563    2.9e+05     37568 37756.3 37756.3    37564    2799    2799   34765
         564    2.9e+05     37568 37756.3 37769.2    37566    2800    2800   34766
         565    2.9e+05     37568 37755.8 37755.8    37546    2799    2799   34747
         566    2.9e+05     37568 37755.8 37769.1    37562    2800    2800   34762
         567    2.9e+05     37568 37755.8 37757.7    37555    2799    2799   34756
         568    2.9e+05     37568 37755.8 37769.7    37552    2800    2800   34752
         569    2.9e+05     37568 37755.8 37755.9    37557    2799    2799   34758
         570    2.9e+05     37568 37755.8 37767.5    37549    2800    2800   34749
         571    2.9e+05     37568 37755.8 37756.3    37549    2799    2799   34750
         572    2.9e+05     37568 37755.8 37767.9    37555    2800    2800   34755
         573    2.9e+05     37568 37755.8 37756.7    37538    2799    2799   34739
         574    2.9e+05     37568 37755.8 37768.9    37553    2800    2800   34753
         575    2.9e+05     37568 37755.5 37755.5    37563    2799    2799   34764
         576    2.9e+05     37568 37755.5 37768.1    37559    2800    2800   34759
         577    2.9e+05     37568 37755.5 37756.3    37560    2799    2799   34761
         578    2.9e+05     37568 37755.5 37767.6    37558    2800    2800   34758
         579    2.9e+05     37568 37755.5 37756.2    37565    2799    2799   34766
         580    2.9e+05     37568 37755.5 37767.3    37564    2800    2800   34764
         581    2.9e+05     37568 37755.5 37756.5    37560    2799    2799   34761
         582    2.9e+05     37568 37755.5 37767.5    37552    2800    2800   34752
         583    2.9e+05     37568 37754.6 37754.6    37565    2799    2799   34766
         584    2.9e+05     37568 37754.6 37769.2    37556    2800    2800   34756
         585    2.9e+05     37568 37754.6 37754.7    37560    2799    2799   34761
         586    2.9e+05     37568 37754.6 37768.5    37557    2800    2800   34757
         587    2.9e+05     37568 37754.6 37754.6    37559    2799    2799   34760
         588    2.9e+05     37568 37754.6   37770    37563    2800    2800   34763
         589    2.9e+05     37568 37754.6 37754.8    37567    2799    2799   34768
         590    2.9e+05     37568 37754.6 37768.7    37552    2800    2800   34752
         591    2.9e+05     37568 37754.6 37755.3    37563    2799    2799   34764
         592    2.9e+05     37568 37754.6 37769.7    37562    2800    2800   34762
         593    2.9e+05     37568 37754.2 37754.2    37556    2799    2799   34757
         594    2.9e+05     37568 37754.2 37768.7    37558    2800    2800   34758
         595    2.9e+05     37568 37754.2 37754.2    37557    2799    2799   34758
         596    2.9e+05     37568 37754.2 37768.7    37563    2800    2800   34763
         597    2.9e+05     37568 37754.2 37754.6    37551    2799    2799   34752
         598    2.9e+05     37568 37754.2 37769.3    37561    2800    2800   34761
         599    2.9e+05     37568 37754.2 37754.2    37561    2799    2799   34762
         600    2.9e+05     37568 37754.2 37768.7    37562    2800    2800   34762
         601    2.9e+05     37568 37754.2 37754.4    37560    2799    2799   34761
         602    2.9e+05     37568 37754.2 37769.2    37555    2800    2800   34755
         603    2.9e+05     37568 37753.3 37753.3    37540    2799    2799   34741
         604    2.9e+05     37568 37753.3 37769.2    37563    2800    2800   34763
         605    2.9e+05     37568 37752.9 37752.9    37560    2799    2799   34761
         606    2.9e+05     37568 37752.9 37768.7    37554    2800    2800   34754
         607    2.9e+05     37568 37752.9   37754    37557    2799    2799   34758
         608    2.9e+05     37568 37752.9 37768.4    37564    2800    2800   34764
         609    2.9e+05     37568 37752.9 37754.5    37562    2799    2799   34763
         610    2.9e+05     37568 37752.9 37767.7    37554    2800    2800   34754
         611    2.9e+05     37568 37752.9 37754.6    37563    2799    2799   34764
         612    2.9e+05     37568 37752.9 37767.8    37558    2800    2800   34758
         613    2.9e+05     37568 37752.9 37754.2    37558    2799    2799   34759
         614    2.9e+05     37568 37752.9   37768    37544    2800    2800   34744
         615    2.9e+05     37568 37752.9 37753.3    37547    2799    2799   34748
         616    2.9e+05     37568 37752.9 37768.9    37555    2800    2800   34755
         617    2.9e+05     37568 37752.9 37753.8    37566    2799    2799   34767
         618    2.9e+05     37568 37752.9 37768.8    37556    2800    2800   34756
    *    619    2.9e+05     37569 37752.9 37753.7    37569    2799    2799   34770
         620    2.9e+05     37569 37752.9 37769.6    37558    2800    2800   34758
         621    2.9e+05     37569 37752.9 37753.6    37559    2799    2799   34760
         622    2.9e+05     37569 37752.9 37768.6    37561    2800    2800   34761
         623    2.9e+05     37569 37752.6 37752.6    37566    2799    2799   34767
         624    2.9e+05     37569 37752.6 37768.9    37559    2800    2800   34759
         625    2.9e+05     37569 37752.6 37753.3    37563    2799    2799   34764
         626    2.9e+05     37569 37752.6 37769.3    37558    2800    2800   34758
         627    2.9e+05     37569 37752.6 37753.2    37567    2799    2799   34768
         628    2.9e+05     37569 37752.6 37768.9    37559    2800    2800   34759
         629    2.9e+05     37569 37752.6 37753.4    37555    2799    2799   34756
         630    2.9e+05     37569 37752.6 37767.8    37554    2800    2800   34754
         631    2.9e+05     37569 37752.6 37753.6    37562    2799    2799   34763
         632    2.9e+05     37569 37752.6 37766.9    37546    2800    2800   34746
         633    2.9e+05     37569 37752.6 37755.8    37559    2799    2799   34760
         634    2.9e+05     37569 37752.6 37767.9    37537    2800    2800   34737
         635    2.9e+05     37569 37752.6 37753.9    37565    2799    2799   34766
         636    2.9e+05     37569 37752.6 37767.7    37553    2800    2800   34753
         637    2.9e+05     37569 37752.6 37755.2    37556    2799    2799   34757
         638    2.9e+05     37569 37752.6 37767.1    37550    2800    2800   34750
         639    2.9e+05     37569 37752.6 37755.2    37549    2799    2799   34750
         640    2.9e+05     37569 37752.6 37767.1    37541    2800    2800   34741
         641    2.9e+05     37569 37752.6 37754.8    37568    2799    2799   34769
         642    2.9e+05     37569 37752.6 37766.7    37551    2800    2800   34751
         643    2.9e+05     37569 37752.6   37755    37561    2799    2799   34762
         644    2.9e+05     37569 37752.6 37766.4    37553    2800    2800   34753
         645    2.9e+05     37569 37752.6 37755.7    37565    2799    2799   34766
         646    2.9e+05     37569 37752.6 37766.7    37553    2800    2800   34753
         647    2.9e+05     37569 37752.6 37755.5    37562    2799    2799   34763
         648    2.9e+05     37569 37752.6 37766.9    37558    2800    2800   34758
               reducing step to 0.0125
         649    2.9e+05     37569 37728.9 37728.9    37274    2799    2799   34475
         650    2.9e+05     37569 37714.7 37714.7    37480    2799    2799   34681
         651    2.9e+05     37569 37714.7 37722.4    37506    2800    2800   34706
         652    2.9e+05     37569 37712.5 37712.5    37525    2799    2799   34726
         653    2.9e+05     37569 37712.5 37717.5    37507    2800    2800   34707
         654    2.9e+05     37569 37712.1 37712.1    37553    2799    2799   34754
         655    2.9e+05     37569 37712.1 37716.4    37527    2800    2800   34727
         656    2.9e+05     37569   37709   37709    37543    2799    2799   34744
         657    2.9e+05     37569   37709 37715.1    37560    2800    2800   34760
         658    2.9e+05     37569 37707.8 37707.8    37568    2799    2799   34769
         659    2.9e+05     37569 37707.8 37713.1    37549    2800    2800   34749
         660    2.9e+05     37569 37707.5 37707.5    37560    2799    2799   34761
         661    2.9e+05     37569 37707.5 37713.2    37555    2800    2800   34755
         662    2.9e+05     37569 37706.2 37706.2    37569    2799    2799   34770
         663    2.9e+05     37569 37706.2 37712.6    37558    2800    2800   34758
         664    2.9e+05     37569 37706.2 37706.7    37562    2799    2799   34763
         665    2.9e+05     37569 37706.2 37711.9    37559    2800    2800   34759
         666    2.9e+05     37569   37705   37705    37563    2799    2799   34764
    *    667    2.9e+05     37573   37705 37712.5    37573    2800    2800   34773
         668    2.9e+05     37573   37705   37705    37570    2799    2799   34771
         669    2.9e+05     37573   37705 37712.2    37530    2800    2800   34730
         670    2.9e+05     37573 37704.5 37704.5    37564    2799    2799   34765
         671    2.9e+05     37573 37704.5 37711.7    37557    2800    2800   34757
         672    2.9e+05     37573 37704.5 37704.8    37560    2799    2799   34761
         673    2.9e+05     37573 37704.5 37711.8    37552    2800    2800   34752
         674    2.9e+05     37573 37704.1 37704.1    37568    2799    2799   34769
         675    2.9e+05     37573 37704.1 37710.5    37565    2800    2800   34765
         676    2.9e+05     37573 37704.1 37704.7    37560    2799    2799   34761
         677    2.9e+05     37573 37704.1 37710.6    37561    2800    2800   34761
         678    2.9e+05     37573 37704.1 37704.2    37567    2799    2799   34768
         679    2.9e+05     37573 37704.1 37711.1    37565    2800    2800   34765
         680    2.9e+05     37573 37704.1 37704.1    37563    2799    2799   34764
         681    2.9e+05     37573 37704.1 37709.8    37558    2800    2800   34758
         682    2.9e+05     37573 37704.1 37704.1    37565    2799    2799   34766
         683    2.9e+05     37573 37704.1 37710.6    37565    2800    2800   34765
         684    2.9e+05     37573 37703.8 37703.8    37562    2799    2799   34763
         685    2.9e+05     37573 37703.8 37710.4    37567    2800    2800   34767
         686    2.9e+05     37573 37703.8 37703.9    37566    2799    2799   34767
         687    2.9e+05     37573 37703.8 37709.7    37565    2800    2800   34765
         688    2.9e+05     37573 37703.8   37704    37562    2799    2799   34763
         689    2.9e+05     37573 37703.8 37709.1    37561    2800    2800   34761
         690    2.9e+05     37573 37703.8 37704.4    37565    2799    2799   34766
         691    2.9e+05     37573 37703.8 37708.5    37563    2800    2800   34763
         692    2.9e+05     37573 37703.8 37704.9    37561    2799    2799   34762
         693    2.9e+05     37573 37703.8   37709    37555    2800    2800   34755
         694    2.9e+05     37573 37703.5 37703.5    37558    2799    2799   34759
         695    2.9e+05     37573 37703.5 37710.6    37565    2800    2800   34765
         696    2.9e+05     37573 37703.3 37703.3    37564    2799    2799   34765
         697    2.9e+05     37573 37703.3 37709.5    37568    2800    2800   34768
         698    2.9e+05     37573 37703.3 37703.7    37558    2799    2799   34759
         699    2.9e+05     37573 37703.3 37709.9    37555    2800    2800   34755
         700    2.9e+05     37573 37703.3 37703.8    37561    2799    2799   34762
         701    2.9e+05     37573 37703.3 37709.3    37558    2800    2800   34758
         702    2.9e+05     37573 37703.3 37703.4    37547    2799    2799   34748
         703    2.9e+05     37573 37703.3 37709.7    37539    2800    2800   34739
         704    2.9e+05     37573 37703.3 37703.4    37564    2799    2799   34765
         705    2.9e+05     37573 37703.3 37709.3    37565    2800    2800   34765
         706    2.9e+05     37573 37703.3 37703.3    37566    2799    2799   34767
         707    2.9e+05     37573 37703.3 37709.9    37524    2800    2800   34724
         708    2.9e+05     37573 37703.3 37703.4    37562    2799    2799   34763
         709    2.9e+05     37573 37703.3 37709.2    37557    2800    2800   34757
         710    2.9e+05     37573 37703.2 37703.2    37563    2799    2799   34764
         711    2.9e+05     37573 37703.2   37710    37560    2800    2800   34760
         712    2.9e+05     37573 37702.3 37702.3    37568    2799    2799   34769
         713    2.9e+05     37573 37702.3 37709.2    37573    2800    2800   34773
         714    2.9e+05     37573 37702.3 37702.5    37563    2799    2799   34764
         715    2.9e+05     37573 37702.3 37708.8    37567    2800    2800   34767
         716    2.9e+05     37573 37701.8 37701.8    37572    2799    2799   34773
         717    2.9e+05     37573 37701.8 37710.7    37563    2800    2800   34763
         718    2.9e+05     37573 37701.8 37702.9    37567    2799    2799   34768
         719    2.9e+05     37573 37701.8 37709.4    37562    2800    2800   34762
         720    2.9e+05     37573 37701.8 37702.3    37571    2799    2799   34772
         721    2.9e+05     37573 37701.8 37709.5    37564    2800    2800   34764
         722    2.9e+05     37573 37701.8 37702.4    37573    2799    2799   34774
         723    2.9e+05     37573 37701.8 37709.7    37568    2800    2800   34768
         724    2.9e+05     37573 37701.8 37702.3    37571    2799    2799   34772
         725    2.9e+05     37573 37701.8 37709.2    37568    2800    2800   34768
    *    726    2.9e+05     37577 37701.8 37702.5    37577    2799    2799   34778
         727    2.9e+05     37577 37701.8 37709.7    37558    2800    2800   34758
         728    2.9e+05     37577 37701.8   37702    37569    2799    2799   34770
         729    2.9e+05     37577 37701.8 37709.2    37562    2800    2800   34762
         730    2.9e+05     37577 37701.8 37702.1    37573    2799    2799   34774
         731    2.9e+05     37577 37701.8 37709.1    37549    2800    2800   34749
         732    2.9e+05     37577 37701.8 37702.2    37574    2799    2799   34775
         733    2.9e+05     37577 37701.8 37709.4    37541    2800    2800   34741
         734    2.9e+05     37577 37701.8 37702.3    37571    2799    2799   34772
         735    2.9e+05     37577 37701.8 37708.7    37559    2800    2800   34759
         736    2.9e+05     37577 37701.8   37702    37567    2799    2799   34768
         737    2.9e+05     37577 37701.8 37708.5    37557    2800    2800   34757
         738    2.9e+05     37577 37701.8 37702.1    37573    2799    2799   34774
         739    2.9e+05     37577 37701.8 37708.8    37553    2800    2800   34753
         740    2.9e+05     37577 37701.8 37702.1    37570    2799    2799   34771
         741    2.9e+05     37577 37701.8 37708.8    37549    2800    2800   34749
               reducing step to 0.00625
         742    2.9e+05     37577 37692.1 37692.1    37433    2799    2799   34634
         743    2.9e+05     37577 37686.1 37686.1    37480    2799    2799   34681
         744    2.9e+05     37577 37686.1 37689.7    37536    2800    2800   34736
         745    2.9e+05     37577 37684.3 37684.3    37527    2799    2799   34728
         746    2.9e+05     37577 37684.3   37688    37562    2799    2799   34763
         747    2.9e+05     37577 37683.5 37683.5    37560    2799    2799   34761
         748    2.9e+05     37577 37683.5 37687.3    37555    2800    2800   34755
         749    2.9e+05     37577 37682.8 37682.8    37555    2799    2799   34756
         750    2.9e+05     37577 37682.8 37686.3    37537    2800    2800   34737
         751    2.9e+05     37577 37682.5 37682.5    37529    2799    2799   34730
         752    2.9e+05     37577 37682.5 37686.1    37519    2800    2800   34719
         753    2.9e+05     37577 37682.3 37682.3    37493    2799    2799   34694
         754    2.9e+05     37577 37682.3 37685.9    37549    2800    2800   34749
         755    2.9e+05     37577 37681.5 37681.5    37568    2799    2799   34769
         756    2.9e+05     37577 37681.5 37685.4    37535    2800    2800   34735
         757    2.9e+05     37577 37681.5 37681.6    37551    2799    2799   34752
         758    2.9e+05     37577 37681.5 37685.5    37573    2800    2800   34773
         759    2.9e+05     37577 37680.9 37680.9    37511    2799    2799   34712
         760    2.9e+05     37577 37680.9 37685.3    37562    2800    2800   34762
         761    2.9e+05     37577 37680.9 37681.3    37566    2799    2799   34767
         762    2.9e+05     37577 37680.9 37684.3    37556    2800    2800   34756
         763    2.9e+05     37577 37680.6 37680.6    37555    2799    2799   34756
         764    2.9e+05     37577 37680.6 37684.6    37572    2800    2800   34772
         765    2.9e+05     37577 37680.6 37680.7    37571    2799    2799   34772
         766    2.9e+05     37577 37680.6 37683.8    37563    2800    2800   34763
         767    2.9e+05     37577 37680.6 37680.8    37563    2799    2799   34764
         768    2.9e+05     37577 37680.6 37683.9    37569    2800    2800   34769
         769    2.9e+05     37577 37680.3 37680.3    37564    2799    2799   34765
         770    2.9e+05     37577 37680.3 37683.8    37562    2800    2800   34762
         771    2.9e+05     37577 37680.3 37680.3    37561    2799    2799   34762
         772    2.9e+05     37577 37680.3 37683.6    37551    2800    2800   34751
         773    2.9e+05     37577 37679.9 37679.9    37568    2799    2799   34769
         774    2.9e+05     37577 37679.9 37683.6    37572    2800    2800   34772
         775    2.9e+05     37577 37679.9 37679.9    37565    2799    2799   34766
         776    2.9e+05     37577 37679.9 37683.8    37573    2800    2800   34773
         777    2.9e+05     37577 37679.9 37679.9    37565    2799    2799   34766
         778    2.9e+05     37577 37679.9   37684    37572    2800    2800   34772
         779    2.9e+05     37577 37679.7 37679.7    37570    2799    2799   34771
         780    2.9e+05     37577 37679.7 37683.7    37570    2800    2800   34770
         781    2.9e+05     37577 37679.7 37679.7    37564    2799    2799   34765
         782    2.9e+05     37577 37679.7 37683.4    37573    2800    2800   34773
         783    2.9e+05     37577 37679.7 37679.7    37574    2799    2799   34775
         784    2.9e+05     37577 37679.7 37683.8    37573    2800    2800   34773
         785    2.9e+05     37577 37679.5 37679.5    37569    2799    2799   34770
         786    2.9e+05     37577 37679.5 37683.2    37572    2800    2800   34772
         787    2.9e+05     37577 37679.5 37679.7    37571    2799    2799   34772
         788    2.9e+05     37577 37679.5 37683.1    37569    2800    2800   34769
         789    2.9e+05     37577 37679.5 37679.7    37566    2799    2799   34767
         790    2.9e+05     37577 37679.5 37683.3    37570    2800    2800   34770
         791    2.9e+05     37577 37679.4 37679.4    37560    2799    2799   34761
         792    2.9e+05     37577 37679.4 37683.3    37552    2800    2800   34752
         793    2.9e+05     37577 37679.4 37679.6    37565    2799    2799   34766
         794    2.9e+05     37577 37679.4 37683.1    37571    2800    2800   34771
         795    2.9e+05     37577 37679.4 37679.4    37565    2799    2799   34766
         796    2.9e+05     37577 37679.4 37683.1    37572    2800    2800   34772
         797    2.9e+05     37577 37679.3 37679.3    37553    2799    2799   34754
         798    2.9e+05     37577 37679.3 37683.1    37571    2800    2800   34771
         799    2.9e+05     37577 37679.1 37679.1    37563    2799    2799   34764
         800    2.9e+05     37577 37679.1 37682.9    37552    2800    2800   34752
         801    2.9e+05     37577 37679.1 37679.6    37569    2799    2799   34770
         802    2.9e+05     37577 37679.1 37682.9    37566    2800    2800   34766
         803    2.9e+05     37577 37679.1 37679.3    37570    2799    2799   34771
         804    2.9e+05     37577 37679.1 37683.3    37569    2800    2800   34769
         805    2.9e+05     37577 37678.8 37678.8    37574    2799    2799   34775
         806    2.9e+05     37577 37678.8 37682.6    37564    2800    2800   34764
         807    2.9e+05     37577 37678.8 37679.4    37565    2799    2799   34766
         808    2.9e+05     37577 37678.8 37682.7    37565    2800    2800   34765
         809    2.9e+05     37577 37678.8 37679.1    37567    2799    2799   34768
         810    2.9e+05     37577 37678.8 37682.6    37565    2800    2800   34765
         811    2.9e+05     37577 37678.8   37679    37567    2799    2799   34768
         812    2.9e+05     37577 37678.8   37683    37564    2800    2800   34764
         813    2.9e+05     37577 37678.8 37678.8    37563    2799    2799   34764
         814    2.9e+05     37577 37678.8 37682.2    37564    2800    2800   34764
         815    2.9e+05     37577 37678.8 37679.2    37537    2799    2799   34738
         816    2.9e+05     37577 37678.8 37682.6    37571    2800    2800   34771
         817    2.9e+05     37577 37678.8 37678.9    37570    2799    2799   34771
         818    2.9e+05     37577 37678.8 37682.3    37561    2800    2800   34761
         819    2.9e+05     37577 37678.8 37678.9    37568    2799    2799   34769
         820    2.9e+05     37577 37678.8 37682.5    37562    2800    2800   34762
         821    2.9e+05     37577 37678.8 37678.9    37566    2799    2799   34767
         822    2.9e+05     37577 37678.8 37682.3    37572    2800    2800   34772
         823    2.9e+05     37577 37678.7 37678.7    37531    2799    2799   34732
         824    2.9e+05     37577 37678.7 37682.6    37564    2800    2800   34764
         825    2.9e+05     37577 37678.7 37678.8    37571    2799    2799   34772
         826    2.9e+05     37577 37678.7 37682.6    37567    2800    2800   34767
         827    2.9e+05     37577 37678.7   37679    37567    2799    2799   34768
         828    2.9e+05     37577 37678.7 37682.2    37575    2800    2800   34775
         829    2.9e+05     37577 37678.7   37679    37568    2799    2799   34769
         830    2.9e+05     37577 37678.7 37682.3    37568    2800    2800   34768
         831    2.9e+05     37577 37678.7 37678.8    37573    2799    2799   34774
         832    2.9e+05     37577 37678.7 37682.4    37568    2800    2800   34768
         833    2.9e+05     37577 37678.7 37679.2    37564    2799    2799   34765
         834    2.9e+05     37577 37678.7 37682.2    37569    2800    2800   34769
         835    2.9e+05     37577 37678.7 37679.1    37567    2799    2799   34768
         836    2.9e+05     37577 37678.7 37682.2    37577    2800    2800   34777
         837    2.9e+05     37577 37678.7 37678.9    37569    2799    2799   34770
         838    2.9e+05     37577 37678.7 37682.2    37572    2800    2800   34772
         839    2.9e+05     37577 37678.7 37678.8    37570    2799    2799   34771
         840    2.9e+05     37577 37678.7 37681.9    37568    2800    2800   34768
         841    2.9e+05     37577 37678.7 37678.9    37571    2799    2799   34772
         842    2.9e+05     37577 37678.7 37681.9    37543    2800    2800   34743
         843    2.9e+05     37577 37678.6 37678.6    37571    2799    2799   34772
         844    2.9e+05     37577 37678.6 37682.2    37571    2800    2800   34771
         845    2.9e+05     37577 37678.6 37678.6    37559    2799    2799   34760
         846    2.9e+05     37577 37678.6 37681.9    37570    2800    2800   34770
         847    2.9e+05     37577 37678.6 37678.6    37572    2799    2799   34773
         848    2.9e+05     37577 37678.6 37682.1    37568    2800    2800   34768
         849    2.9e+05     37577 37678.6 37678.6    37562    2799    2799   34763
         850    2.9e+05     37577 37678.6 37682.1    37569    2800    2800   34769
         851    2.9e+05     37577 37678.6 37678.6    37570    2799    2799   34771
         852    2.9e+05     37577 37678.6   37682    37573    2800    2800   34773
         853    2.9e+05     37577 37678.6 37678.6    37568    2799    2799   34769
         854    2.9e+05     37577 37678.6 37682.1    37564    2800    2800   34764
         855    2.9e+05     37577 37678.4 37678.4    37569    2799    2799   34770
         856    2.9e+05     37577 37678.4 37682.1    37567    2800    2800   34767
         857    2.9e+05     37577 37678.4 37678.4    37561    2799    2799   34762
         858    2.9e+05     37577 37678.4 37682.1    37573    2800    2800   34773
         859    2.9e+05     37577 37678.4 37678.5    37568    2799    2799   34769
         860    2.9e+05     37577 37678.4   37682    37569    2800    2800   34769
         861    2.9e+05     37577 37678.3 37678.3    37571    2799    2799   34772
         862    2.9e+05     37577 37678.3 37682.5    37566    2800    2800   34766
         863    2.9e+05     37577 37678.3 37678.5    37570    2799    2799   34771
         864    2.9e+05     37577 37678.3 37682.1    37565    2800    2800   34765
         865    2.9e+05     37577 37678.1 37678.1    37559    2799    2799   34760
         866    2.9e+05     37577 37678.1   37682    37559    2800    2800   34759
         867    2.9e+05     37577 37678.1 37678.2    37559    2799    2799   34760
         868    2.9e+05     37577 37678.1   37682    37557    2800    2800   34757
         869    2.9e+05     37577 37678.1 37678.3    37561    2799    2799   34762
         870    2.9e+05     37577 37678.1 37682.2    37565    2800    2800   34765
         871    2.9e+05     37577 37678.1 37678.4    37560    2799    2799   34761
         872    2.9e+05     37577 37678.1 37682.2    37556    2800    2800   34756
         873    2.9e+05     37577 37678.1 37678.4    37573    2799    2799   34774
         874    2.9e+05     37577 37678.1 37681.7    37571    2800    2800   34771
         875    2.9e+05     37577 37678.1 37678.6    37568    2799    2799   34769
         876    2.9e+05     37577 37678.1 37681.9    37555    2800    2800   34755
         877    2.9e+05     37577 37678.1 37678.3    37569    2799    2799   34770
         878    2.9e+05     37577 37678.1   37682    37570    2800    2800   34770
         879    2.9e+05     37577 37678.1 37678.3    37566    2799    2799   34767
         880    2.9e+05     37577 37678.1 37681.8    37570    2800    2800   34770
         881    2.9e+05     37577 37678.1 37678.1    37569    2799    2799   34770
         882    2.9e+05     37577 37678.1 37682.1    37565    2800    2800   34765
         883    2.9e+05     37577 37678.1 37678.2    37562    2799    2799   34763
         884    2.9e+05     37577 37678.1 37681.9    37576    2800    2800   34776
         885    2.9e+05     37577 37678.1 37678.2    37566    2799    2799   34767
         886    2.9e+05     37577 37678.1 37681.8    37562    2800    2800   34762
         887    2.9e+05     37577 37678.1 37678.1    37567    2799    2799   34768
         888    2.9e+05     37577 37678.1 37681.2    37568    2800    2800   34768
         889    2.9e+05     37577 37678.1 37678.4    37568    2799    2799   34769
         890    2.9e+05     37577 37678.1 37681.4    37569    2800    2800   34769
               reducing step to 0.003125
         891    2.9e+05     37577 37673.3 37673.3    37484    2799    2799   34685
         892    2.9e+05     37577 37671.2 37671.2    37092    2799    2799   34293
         893    2.9e+05     37577 37671.2 37673.3    37547    2800    2800   34747
         894    2.9e+05     37577 37670.2 37670.2    37501    2799    2799   34702
         895    2.9e+05     37577 37670.2 37672.6    37566    2799    2799   34767
         896    2.9e+05     37577 37669.7 37669.7    37552    2800    2800   34752
         897    2.9e+05     37577 37669.7 37671.9    37548    2799    2799   34749
         898    2.9e+05     37577 37669.5 37669.5    37554    2800    2800   34754
         899    2.9e+05     37577 37669.5 37671.7    37552    2799    2799   34753
         900    2.9e+05     37577   37669   37669    37557    2799    2799   34758
         901    2.9e+05     37577   37669 37671.6    37566    2800    2800   34766
         902    2.9e+05     37577   37669 37669.3    37551    2799    2799   34752
         903    2.9e+05     37577   37669   37671    37566    2800    2800   34766
         904    2.9e+05     37577   37669   37669    37557    2799    2799   34758
         905    2.9e+05     37577   37669 37670.7    37562    2800    2800   34762
         906    2.9e+05     37577   37669   37669    37557    2799    2799   34758
         907    2.9e+05     37577   37669 37670.5    37565    2800    2800   34765
         908    2.9e+05     37577 37668.4 37668.4    37550    2799    2799   34751
         909    2.9e+05     37577 37668.4 37670.6    37552    2800    2800   34752
         910    2.9e+05     37577 37668.3 37668.3    37566    2799    2799   34767
         911    2.9e+05     37577 37668.3 37670.3    37565    2800    2800   34765
         912    2.9e+05     37577 37668.3 37668.3    37540    2799    2799   34741
         913    2.9e+05     37577 37668.3 37670.2    37569    2800    2800   34769
         914    2.9e+05     37577 37668.1 37668.1    37559    2799    2799   34760
         915    2.9e+05     37577 37668.1 37670.1    37570    2800    2800   34770
         916    2.9e+05     37577   37668   37668    37563    2799    2799   34764
         917    2.9e+05     37577   37668 37670.2    37567    2799    2799   34768
         918    2.9e+05     37577 37667.7 37667.7    37555    2800    2800   34755
         919    2.9e+05     37577 37667.7 37670.3    37573    2799    2799   34774
         920    2.9e+05     37577 37667.7 37667.8    37555    2800    2800   34755
         921    2.9e+05     37577 37667.7 37669.9    37550    2799    2799   34751
         922    2.9e+05     37577 37667.7   37668    37558    2800    2800   34758
         923    2.9e+05     37577 37667.7 37669.8    37577    2799    2799   34778
         924    2.9e+05     37577 37667.7 37667.8    37557    2800    2800   34757
         925    2.9e+05     37577 37667.7 37669.8    37572    2799    2799   34773
         926    2.9e+05     37577 37667.7 37667.8    37564    2800    2800   34764
         927    2.9e+05     37577 37667.7 37669.7    37561    2799    2799   34762
         928    2.9e+05     37577 37667.7 37667.9    37558    2800    2800   34758
         929    2.9e+05     37577 37667.7 37669.8    37570    2799    2799   34771
         930    2.9e+05     37577 37667.7 37667.8    37554    2800    2800   34754
         931    2.9e+05     37577 37667.7 37669.8    37575    2799    2799   34776
         932    2.9e+05     37577 37667.7 37667.8    37560    2800    2800   34760
         933    2.9e+05     37577 37667.7 37669.7    37574    2799    2799   34775
         934    2.9e+05     37577 37667.7 37667.7    37558    2800    2800   34758
         935    2.9e+05     37577 37667.7 37669.8    37568    2799    2799   34769
         936    2.9e+05     37577 37667.7 37667.8    37553    2800    2800   34753
         937    2.9e+05     37577 37667.7 37669.7    37576    2799    2799   34777
         938    2.9e+05     37577 37667.6 37667.6    37559    2800    2800   34759
         939    2.9e+05     37577 37667.6 37669.5    37574    2799    2799   34775
         940    2.9e+05     37577 37667.6 37667.6    37563    2800    2800   34763
         941    2.9e+05     37577 37667.6 37669.3    37564    2799    2799   34765
         942    2.9e+05     37577 37667.6 37667.6    37559    2799    2799   34760
         943    2.9e+05     37577 37667.6 37669.4    37569    2800    2800   34769
         944    2.9e+05     37577 37667.5 37667.5    37558    2799    2799   34759
         945    2.9e+05     37577 37667.5 37669.5    37570    2800    2800   34770
         946    2.9e+05     37577 37667.5 37667.5    37564    2799    2799   34765
         947    2.9e+05     37577 37667.5 37669.4    37572    2800    2800   34772
         948    2.9e+05     37577 37667.4 37667.4    37519    2799    2799   34720
         949    2.9e+05     37577 37667.4 37669.4    37571    2800    2800   34771
         950    2.9e+05     37577 37667.4 37667.4    37556    2799    2799   34757
         951    2.9e+05     37577 37667.4 37669.4    37569    2800    2800   34769
         952    2.9e+05     37577 37667.2 37667.2    37556    2799    2799   34757
         953    2.9e+05     37577 37667.2 37669.6    37572    2800    2800   34772
         954    2.9e+05     37577 37667.2 37667.3    37557    2799    2799   34758
         955    2.9e+05     37577 37667.2 37669.4    37573    2800    2800   34773
         956    2.9e+05     37577 37667.2 37667.3    37559    2799    2799   34760
         957    2.9e+05     37577 37667.2 37669.3    37557    2800    2800   34757
         958    2.9e+05     37577 37667.2 37667.3    37560    2799    2799   34761
         959    2.9e+05     37577 37667.2 37669.3    37566    2800    2800   34766
         960    2.9e+05     37577 37667.2 37667.3    37552    2799    2799   34753
         961    2.9e+05     37577 37667.2 37669.3    37568    2800    2800   34768
         962    2.9e+05     37577 37667.2 37667.2    37559    2799    2799   34760
         963    2.9e+05     37577 37667.2 37669.3    37570    2800    2800   34770
         964    2.9e+05     37577 37667.1 37667.1    37556    2799    2799   34757
         965    2.9e+05     37577 37667.1 37669.4    37571    2800    2800   34771
         966    2.9e+05     37577 37667.1 37667.1    37558    2799    2799   34759
    *    967    2.9e+05     37578 37667.1 37669.3    37578    2800    2800   34778
         968    2.9e+05     37578 37667.1 37667.1    37558    2799    2799   34759
         969    2.9e+05     37578 37667.1 37669.3    37573    2800    2800   34773
         970    2.9e+05     37578   37667   37667    37560    2799    2799   34761
         971    2.9e+05     37578   37667 37669.2    37573    2800    2800   34773
         972    2.9e+05     37578   37667 37667.1    37561    2799    2799   34762
         973    2.9e+05     37578   37667 37669.1    37572    2800    2800   34772
         974    2.9e+05     37578   37667 37667.2    37561    2799    2799   34762
         975    2.9e+05     37578   37667 37669.2    37570    2800    2800   34770
         976    2.9e+05     37578   37667 37667.1    37549    2799    2799   34750
         977    2.9e+05     37578   37667 37669.3    37576    2800    2800   34776
         978    2.9e+05     37578   37667   37667    37560    2799    2799   34761
         979    2.9e+05     37578   37667 37669.2    37572    2800    2800   34772
         980    2.9e+05     37578 37666.9 37666.9    37566    2799    2799   34767
         981    2.9e+05     37578 37666.9 37669.3    37572    2800    2800   34772
         982    2.9e+05     37578 37666.9 37666.9    37560    2799    2799   34761
         983    2.9e+05     37578 37666.9 37669.2    37576    2800    2800   34776
         984    2.9e+05     37578 37666.9 37666.9    37561    2799    2799   34762
         985    2.9e+05     37578 37666.9 37669.1    37576    2800    2800   34776
         986    2.9e+05     37578 37666.9 37666.9    37566    2799    2799   34767
         987    2.9e+05     37578 37666.9 37669.2    37570    2800    2800   34770
         988    2.9e+05     37578 37666.9 37666.9    37562    2799    2799   34763
         989    2.9e+05     37578 37666.9 37669.1    37571    2800    2800   34771
         990    2.9e+05     37578 37666.8 37666.8    37561    2799    2799   34762
         991    2.9e+05     37578 37666.8 37669.1    37555    2800    2800   34755
         992    2.9e+05     37578 37666.7 37666.7    37554    2799    2799   34755
         993    2.9e+05     37578 37666.7 37669.1    37568    2800    2800   34768
         994    2.9e+05     37578 37666.7 37666.8    37555    2799    2799   34756
         995    2.9e+05     37578 37666.7   37669    37568    2800    2800   34768
         996    2.9e+05     37578 37666.7 37667.1    37549    2799    2799   34750
         997    2.9e+05     37578 37666.7   37669    37559    2800    2800   34759
         998    2.9e+05     37578 37666.7 37666.9    37557    2799    2799   34758
         999    2.9e+05     37578 37666.7 37668.9    37572    2800    2800   34772
        1000    2.9e+05     37578 37666.7   37667    37558    2799    2799   34759
Total time used by klau is 1102.02
true_align (18772) and est_align (2800) DO NOT have the same number of elements.
method klau has a score of 8.59%
method klau used 1102.024 seconds.
maximum values in init align row is:  18771
maximum values in init align col is:  18770
 best   iter   pr-delta       obj  weight    card overlap
    *      1    3.6e-01     30769    2822    2822   29358
    *      2    1.5e-01     30819    2820    2820   29409
    *      3    7.2e-02   30939.5    2819    2819   29530
           4    3.4e-02     30784    2820    2820   29374
           5    1.7e-02     30828    2820    2820   29418
           6    8.8e-03     30927    2820    2820   29517
           7    4.7e-03     30931    2820    2820   29521
           8    2.5e-03     30930    2820    2820   29520
           9    1.4e-03     30925    2820    2820   29515
          10    7.9e-04     30920    2820    2820   29510
          11    4.5e-04     30924    2820    2820   29514
          12    2.6e-04     30923    2820    2820   29513
          13    1.5e-04     30923    2820    2820   29513
          14    9.2e-05     30923    2820    2820   29513
          15    5.6e-05     30923    2820    2820   29513
          16    3.4e-05     30923    2820    2820   29513
          17    2.1e-05     30899    2820    2820   29489
          18    1.3e-05     30899    2820    2820   29489
          19    8.1e-06     30899    2820    2820   29489
          20    5.1e-06     30899    2820    2820   29489
          21    3.2e-06     30899    2820    2820   29489
          22    2.0e-06     30899    2820    2820   29489
          23    1.3e-06     30899    2820    2820   29489
          24    8.3e-07     30899    2820    2820   29489
          25    5.4e-07     30899    2820    2820   29489
          26    3.5e-07     30899    2820    2820   29489
          27    2.2e-07     30899    2820    2820   29489
          28    1.4e-07     30899    2820    2820   29489
          29    9.4e-08     30899    2820    2820   29489
          30    6.1e-08     30899    2820    2820   29489
          31    4.0e-08     30899    2820    2820   29489
          32    2.6e-08     30899    2820    2820   29489
          33    1.7e-08     30899    2820    2820   29489
          34    1.1e-08     30899    2820    2820   29489
          35    7.4e-09     30899    2820    2820   29489
          36    4.9e-09     30899    2820    2820   29489
          37    3.2e-09     30899    2820    2820   29489
          38    2.1e-09     30899    2820    2820   29489
          39    1.4e-09     30899    2820    2820   29489
          40    9.1e-10     30899    2820    2820   29489
          41    6.0e-10     30899    2820    2820   29489
          42    4.0e-10     30899    2820    2820   29489
          43    2.6e-10     30899    2820    2820   29489
          44    1.7e-10     30899    2820    2820   29489
          45    1.2e-10     30899    2820    2820   29489
          46    7.6e-11     30899    2820    2820   29489
          47    5.0e-11     30899    2820    2820   29489
          48    3.3e-11     30899    2820    2820   29489
          49    2.2e-11     30899    2820    2820   29489
          50    1.5e-11     30899    2820    2820   29489
          51    9.7e-12     30899    2820    2820   29489
          52    6.4e-12     30899    2820    2820   29489
          53    4.3e-12     30899    2820    2820   29489
          54    2.8e-12     30899    2820    2820   29489
          55    1.9e-12     30899    2820    2820   29489
          56    1.2e-12     30899    2820    2820   29489
          57    8.3e-13     30899    2820    2820   29489
Total time used by isorank is 14.42
true_align (18772) and est_align (2828) DO NOT have the same number of elements.
method isorank has a score of 1.75%
method isorank used 14.418 seconds.
experiment results:
     method      score         time
0     final  15.112934  4266.789743
1  netalign   8.512678    55.106740
2      klau   8.587258  1102.024329
3   isorank   1.752610    14.418418
