num_init for this graph is 14
Generating initial alignment matrix using degree ...
mode is  degree
number of noisy edges are:  14
Average number of initial alignments for each node is 28
maximum values in init align row is:  18771
maximum values in init align col is:  18771
best   iter    obj_ma wght_ma card_ma over_ma    obj_mb wght_mb card_mb over_mb
  *a      1     33193    2826    2826   30367     33193    2826    2826   30367
          2     17373    2194    2194   15179     17398    2247    2247   15151
          3     22119    2636    2636   19483     17718    1833    1833   15885
          4      8304    2240    2240    6064      6421    1657    1657    4764
          5     27990    2768    2768   25222     27718    2716    2716   25002
  *a      6     36341    2815    2815   33526     36307    2750    2750   33557
          7     35827    2737    2737   33090     35933    2646    2646   33287
          8     24808    2593    2593   22215     23880    2156    2156   21724
          9     31752    2630    2630   29122     27393    2022    2022   25371
         10     29696    2682    2682   27014     30117    2577    2577   27540
         11     34618    2768    2768   31850     34467    2680    2680   31787
  *a     12     37691    2800    2800   34891     37476    2678    2678   34798
         13     37295    2774    2774   34521     36338    2569    2569   33769
         14     37324    2742    2742   34582     35872    2545    2545   33327
         15     36880    2762    2762   34118     35668    2576    2576   33092
         16     37592    2782    2782   34810     36481    2632    2632   33849
  *a     17     37857    2800    2800   35057     37732    2746    2746   34986
  *a     18     37909    2800    2800   35109     37824    2750    2750   35074
         19     37906    2794    2794   35112     37627    2711    2711   34916
         20     37907    2791    2791   35116     37571    2691    2691   34880
         21     37845    2770    2770   35075     37362    2676    2676   34686
         22     37741    2770    2770   34971     37463    2703    2703   34760
         23     37796    2784    2784   35012     37538    2734    2734   34804
  *a     24     37986    2792    2792   35194     37754    2752    2752   35002
  *a     25     38031    2798    2798   35233     37819    2757    2757   35062
         26     37995    2791    2791   35204     37869    2746    2746   35123
         27     37942    2783    2783   35159     37718    2731    2731   34987
         28     37974    2794    2794   35180     37812    2734    2734   35078
         29     37991    2796    2796   35195     37835    2735    2735   35100
         30     38006    2795    2795   35211     37907    2760    2760   35147
         31     38010    2796    2796   35214     37898    2763    2763   35135
         32     38027    2798    2798   35229     37915    2764    2764   35151
         33     38028    2804    2804   35224     37957    2776    2776   35181
  *a     34     38033    2802    2802   35231     37992    2765    2765   35227
  *a     35     38049    2804    2804   35245     37965    2762    2762   35203
         36     38032    2804    2804   35228     37943    2759    2759   35184
         37     38014    2801    2801   35213     37936    2765    2765   35171
         38     37993    2797    2797   35196     37952    2768    2768   35184
         39     37990    2796    2796   35194     37979    2776    2776   35203
         40     37987    2795    2795   35192     37959    2775    2775   35184
         41     37994    2795    2795   35199     37948    2770    2770   35178
         42     38025    2800    2800   35225     37957    2772    2772   35185
         43     38028    2800    2800   35228     37987    2779    2779   35208
         44     38012    2799    2799   35213     37987    2783    2783   35204
         45     38020    2799    2799   35221     37978    2782    2782   35196
         46     38008    2801    2801   35207     37953    2782    2782   35171
         47     38027    2801    2801   35226     37947    2778    2778   35169
         48     38024    2801    2801   35223     37988    2778    2778   35210
         49     38027    2802    2802   35225     38004    2782    2782   35222
         50     38028    2802    2802   35226     37955    2783    2783   35172
         51     38030    2802    2802   35228     37924    2784    2784   35140
         52     38034    2802    2802   35232     37877    2780    2780   35097
         53     38031    2802    2802   35229     37836    2776    2776   35060
         54     38027    2802    2802   35225     37858    2770    2770   35088
         55     38018    2802    2802   35216     37906    2774    2774   35132
         56     38014    2802    2802   35212     37869    2774    2774   35095
         57     38013    2802    2802   35211     37737    2772    2772   34965
         58     38013    2802    2802   35211     37800    2773    2773   35027
         59     38006    2802    2802   35204     37702    2775    2775   34927
         60     38010    2802    2802   35208     37707    2774    2774   34933
         61     37990    2801    2801   35189     37611    2766    2766   34845
         62     37985    2801    2801   35184     37634    2767    2767   34867
         63     37984    2800    2800   35184     37762    2768    2768   34994
         64     37988    2799    2799   35189     37834    2775    2775   35059
         65     38005    2801    2801   35204     37788    2773    2773   35015
         66     38008    2800    2800   35208     37698    2772    2772   34926
         67     38006    2800    2800   35206     37674    2773    2773   34901
         68     38004    2801    2801   35203     37773    2775    2775   34998
         69     37999    2802    2802   35197     37768    2776    2776   34992
         70     37997    2801    2801   35196     37801    2778    2778   35023
         71     37998    2801    2801   35197     37810    2781    2781   35029
         72     38002    2801    2801   35201     37796    2777    2777   35019
         73     38007    2800    2800   35207     37802    2778    2778   35024
         74     37984    2798    2798   35186     37783    2782    2782   35001
         75     37979    2798    2798   35181     37788    2782    2782   35006
         76     37979    2797    2797   35182     37833    2784    2784   35049
         77     37998    2796    2796   35202     37785    2781    2781   35004
         78     37975    2797    2797   35178     37764    2783    2783   34981
         79     37973    2797    2797   35176     37733    2779    2779   34954
         80     37973    2798    2798   35175     37822    2783    2783   35039
         81     37951    2799    2799   35152     37783    2782    2782   35001
         82     37945    2799    2799   35146     37771    2783    2783   34988
         83     37940    2799    2799   35141     37834    2785    2785   35049
         84     37941    2800    2800   35141     37706    2779    2779   34927
         85     37946    2799    2799   35147     37803    2785    2785   35018
         86     37942    2798    2798   35144     37883    2789    2789   35094
         87     37940    2798    2798   35142     37869    2789    2789   35080
         88     37939    2798    2798   35141     37833    2789    2789   35044
         89     37941    2798    2798   35143     37859    2788    2788   35071
         90     37937    2799    2799   35138     37887    2788    2788   35099
         91     37933    2799    2799   35134     37878    2789    2789   35089
         92     37928    2799    2799   35129     37856    2788    2788   35068
         93     37929    2799    2799   35130     37902    2788    2788   35114
         94     37936    2799    2799   35137     37895    2793    2793   35102
         95     37934    2798    2798   35136     37874    2793    2793   35081
         96     37940    2798    2798   35142     37863    2792    2792   35071
         97     37938    2798    2798   35140     37858    2792    2792   35066
         98     37938    2797    2797   35141     37861    2792    2792   35069
         99     37930    2797    2797   35133     37924    2791    2791   35133
        100     37932    2798    2798   35134     37924    2792    2792   35132
Total time used by netalign is 106.67
true_align (18772) and est_align (2804) DO NOT have the same number of elements.
method netalign has a score of 8.46%
method netalign used 106.668 seconds.
maximum values in init align row is:  18771
maximum values in init align col is:  18771
 best   iter     norm-u     lower   upper     cur      obj  weight    card overlap
    *      1    0.0e+00     35778 42582.5 42582.5    35778    2826    2826   32952
           2    2.3e+04     35778 42582.5 46790.3    31165    2826    2826   28339
           3    3.2e+04     35778 42582.5 44615.3    30110    2828    2828   27282
           4    4.3e+04     35778 42582.5 46138.2    29457    2827    2827   26630
           5    5.0e+04     35778 42582.5 44678.2    28004    2829    2829   25175
           6    5.9e+04     35778 42582.5 45557.4    28201    2826    2826   25375
           7    6.5e+04     35778 42582.5 44437.1    27023    2827    2827   24196
           8    7.3e+04     35778 42582.5 45159.6    27650    2827    2827   24823
           9    7.9e+04     35778 42582.5 44420.5    26375    2827    2827   23548
          10    8.6e+04     35778 42582.5 44899.7    26802    2827    2827   23975
          11    9.1e+04     35778 42582.5 44292.6    25011    2829    2829   22182
          12    9.8e+04     35778 42582.5 44677.2    25170    2828    2828   22342
          13    1.0e+05     35778 42582.5 44182.3    25285    2827    2827   22458
          14    1.1e+05     35778 42582.5 44398.7    25768    2828    2828   22940
          15    1.1e+05     35778 42582.5 44165.1    24187    2827    2827   21360
          16    1.2e+05     35778 42582.5   44407    24659    2826    2826   21833
          17    1.2e+05     35778 42582.5 43955.7    24783    2828    2828   21955
          18    1.3e+05     35778 42582.5 44441.2    24537    2828    2828   21709
          19    1.3e+05     35778 42582.5   43881    24997    2825    2825   22172
          20    1.4e+05     35778 42582.5 44263.1    24716    2827    2827   21889
          21    1.4e+05     35778 42582.5 43824.3    24162    2828    2828   21334
          22    1.5e+05     35778 42582.5 44164.2    24217    2827    2827   21390
          23    1.5e+05     35778 42582.5 43778.9    24640    2827    2827   21813
          24    1.6e+05     35778 42582.5 43981.1    23767    2827    2827   20940
          25    1.6e+05     35778 42582.5 43838.8    24707    2827    2827   21880
          26    1.7e+05     35778 42582.5 43876.4    24817    2824    2824   21993
               reducing step to 0.2
          27    1.7e+05     35778 42212.9 42212.9    26194    2823    2823   23371
          28    1.7e+05     35778 41446.9 41446.9    24192    2827    2827   21365
          29    1.7e+05     35778 41428.8 41428.8    24147    2825    2825   21322
          30    1.7e+05     35778 41240.1 41240.1    25960    2826    2826   23134
          31    1.7e+05     35778   41120   41120    26211    2824    2824   23387
          32    1.8e+05     35778 41018.4 41018.4    24879    2826    2826   22053
          33    1.8e+05     35778 41018.4 41037.9    25420    2823    2823   22597
          34    1.8e+05     35778 40893.1 40893.1    27023    2823    2823   24200
          35    1.8e+05     35778 40893.1 40911.6    26909    2820    2820   24089
          36    1.8e+05     35778 40784.9 40784.9    27044    2824    2824   24220
          37    1.8e+05     35778 40784.9   40837    27061    2820    2820   24241
          38    1.9e+05     35778 40704.8 40704.8    27436    2825    2825   24611
          39    1.9e+05     35778 40704.8   40757    27931    2822    2822   25109
          40    1.9e+05     35778 40583.3 40583.3    27372    2823    2823   24549
          41    1.9e+05     35778 40583.3 40705.8    28514    2823    2823   25691
          42    1.9e+05     35778 40583.3 40593.2    28469    2824    2824   25645
          43    1.9e+05     35778 40583.3 40618.1    28354    2820    2820   25534
          44    1.9e+05     35778 40514.7 40514.7    28362    2820    2820   25542
          45    1.9e+05     35778 40514.7 40565.7    28386    2821    2821   25565
          46    2.0e+05     35778 40492.4 40492.4    28567    2820    2820   25747
          47    2.0e+05     35778 40479.9 40479.9    28734    2820    2820   25914
          48    2.0e+05     35778 40479.9 40510.7    28933    2822    2822   26111
          49    2.0e+05     35778 40448.8 40448.8    29386    2820    2820   26566
          50    2.0e+05     35778 40407.6 40407.6    29529    2818    2818   26711
          51    2.0e+05     35778 40407.6 40438.3    28967    2817    2817   26150
          52    2.0e+05     35778 40407.6 40434.2    28396    2820    2820   25576
          53    2.0e+05     35778 40407.6 40475.7    28689    2821    2821   25868
          54    2.0e+05     35778 40357.5 40357.5    29128    2820    2820   26308
          55    2.1e+05     35778 40357.5 40370.9    30907    2821    2821   28086
          56    2.1e+05     35778 40264.2 40264.2    31446    2820    2820   28626
          57    2.1e+05     35778 40264.2 40308.9    31318    2818    2818   28500
          58    2.1e+05     35778 40264.2 40300.7    31110    2817    2817   28293
          59    2.1e+05     35778 40264.2 40287.9    29380    2818    2818   26562
          60    2.1e+05     35778 40263.5 40263.5    28607    2819    2819   25788
          61    2.1e+05     35778 40263.5 40291.8    28730    2818    2818   25912
          62    2.1e+05     35778 40263.5 40366.3    29737    2820    2820   26917
          63    2.1e+05     35778 40160.7 40160.7    30190    2817    2817   27373
          64    2.1e+05     35778 40160.7 40240.3    29678    2817    2817   26861
          65    2.2e+05     35778 40160.7 40214.8    30036    2820    2820   27216
          66    2.2e+05     35778 40160.7 40262.2    29719    2819    2819   26900
          67    2.2e+05     35778 40152.2 40152.2    29526    2818    2818   26708
          68    2.2e+05     35778 40143.9 40143.9    29971    2818    2818   27153
          69    2.2e+05     35778 40129.9 40129.9    31602    2819    2819   28783
          70    2.2e+05     35778 40129.9 40141.9    31659    2817    2817   28842
          71    2.2e+05     35778 40129.9 40224.1    31541    2817    2817   28724
          72    2.2e+05     35778 40095.1 40095.1    30880    2818    2818   28062
          73    2.2e+05     35778 40095.1   40143    30179    2816    2816   27363
          74    2.2e+05     35778 40095.1 40146.2    29660    2818    2818   26842
          75    2.2e+05     35778 40095.1 40183.8    29461    2818    2818   26643
          76    2.2e+05     35778 40013.9 40013.9    30802    2817    2817   27985
          77    2.3e+05     35778 40013.9 40050.2    31076    2817    2817   28259
          78    2.3e+05     35778 40013.9 40043.7    31459    2817    2817   28642
          79    2.3e+05     35778 40013.9 40052.8    31844    2814    2814   29030
          80    2.3e+05     35778 40013.9 40116.4    31649    2818    2818   28831
          81    2.3e+05     35778 40013.9 40018.3    31232    2817    2817   28415
          82    2.3e+05     35778 40013.9 40092.6    31679    2815    2815   28864
          83    2.3e+05     35778 40013.9 40051.6    31298    2817    2817   28481
          84    2.3e+05     35778 40013.9   40089    31568    2815    2815   28753
          85    2.3e+05     35778 40006.2 40006.2    30971    2816    2816   28155
          86    2.3e+05     35778 40006.2   40028    30519    2816    2816   27703
          87    2.3e+05     35778 40006.2 40058.8    31836    2818    2818   29018
          88    2.3e+05     35778 40006.2 40009.1    31992    2816    2816   29176
          89    2.3e+05     35778 39973.1 39973.1    32598    2817    2817   29781
          90    2.4e+05     35778 39958.7 39958.7    32883    2812    2812   30071
          91    2.4e+05     35778   39953   39953    33661    2816    2816   30845
          92    2.4e+05     35778 39949.8 39949.8    33256    2815    2815   30441
          93    2.4e+05     35778 39919.1 39919.1    31985    2812    2812   29173
          94    2.4e+05     35778 39919.1 40005.7    31629    2813    2813   28816
          95    2.4e+05     35778 39919.1 39937.5    31544    2816    2816   28728
          96    2.4e+05     35778 39919.1 40070.6    31076    2817    2817   28259
          97    2.4e+05     35778 39919.1 39982.4    32096    2818    2818   29278
          98    2.4e+05     35778 39906.8 39906.8    32568    2815    2815   29753
          99    2.4e+05     35778 39840.6 39840.6    33189    2815    2815   30374
         100    2.4e+05     35778 39840.6   40029    33320    2813    2813   30507
         101    2.4e+05     35778 39834.2 39834.2    33139    2815    2815   30324
         102    2.4e+05     35778 39834.2 39902.6    32468    2813    2813   29655
         103    2.4e+05     35778 39834.2 39901.2    31735    2812    2812   28923
         104    2.4e+05     35778 39834.2 39963.8    30802    2815    2815   27987
         105    2.4e+05     35778 39834.2 39846.5    31208    2813    2813   28395
         106    2.5e+05     35778 39834.2 39928.2    31109    2817    2817   28292
         107    2.5e+05     35778 39834.2 39870.7    30374    2815    2815   27559
         108    2.5e+05     35778 39834.2   39891    31453    2818    2818   28635
         109    2.5e+05     35778 39834.2 39839.9    32748    2815    2815   29933
         110    2.5e+05     35778 39834.2   39921    33179    2817    2817   30362
         111    2.5e+05     35778 39834.2 39852.2    31459    2814    2814   28645
         112    2.5e+05     35778 39834.2 39901.4    31783    2816    2816   28967
         113    2.5e+05     35778 39834.2 39889.1    31653    2814    2814   28839
         114    2.5e+05     35778 39834.2   39841    31293    2814    2814   28479
         115    2.5e+05     35778 39823.2 39823.2    31570    2815    2815   28755
         116    2.5e+05     35778 39823.2 39867.9    32532    2815    2815   29717
         117    2.5e+05     35778 39800.1 39800.1    33268    2816    2816   30452
         118    2.5e+05     35778 39800.1 39817.6    32777    2815    2815   29962
         119    2.5e+05     35778 39800.1 39885.5    33286    2814    2814   30472
         120    2.5e+05     35778 39800.1 39817.6    32748    2810    2810   29938
         121    2.5e+05     35778 39800.1 39831.4    31902    2814    2814   29088
         122    2.5e+05     35778 39773.8 39773.8    31783    2814    2814   28969
         123    2.6e+05     35778 39773.8 39809.4    32183    2816    2816   29367
         124    2.6e+05     35778 39762.6 39762.6    33262    2815    2815   30447
         125    2.6e+05     35778 39762.6 39853.4    34651    2810    2810   31841
         126    2.6e+05     35778 39673.4 39673.4    34376    2812    2812   31564
         127    2.6e+05     35778 39673.4 39797.9    34759    2814    2814   31945
         128    2.6e+05     35778 39673.4 39727.4    34847    2811    2811   32036
         129    2.6e+05     35778 39673.4 39863.4    34825    2812    2812   32013
         130    2.6e+05     35778 39673.4 39711.2    34447    2810    2810   31637
         131    2.6e+05     35778 39673.4 39729.5    33622    2810    2810   30812
         132    2.6e+05     35778 39673.4 39743.8    32976    2810    2810   30166
         133    2.6e+05     35778 39673.4 39801.1    32934    2811    2811   30123
         134    2.6e+05     35778 39673.4 39808.1    31584    2816    2816   28768
         135    2.6e+05     35778 39673.4 39881.9    31450    2815    2815   28635
         136    2.6e+05     35778 39673.4 39701.2    31218    2811    2811   28407
         137    2.6e+05     35778 39673.4 39820.4    31654    2817    2817   28837
         138    2.6e+05     35778 39673.4 39744.9    32275    2813    2813   29462
         139    2.6e+05     35778 39673.4 39737.6    31194    2815    2815   28379
         140    2.6e+05     35778 39673.4 39791.1    31998    2814    2814   29184
         141    2.6e+05     35778 39673.4 39822.7    31472    2813    2813   28659
         142    2.6e+05     35778 39673.4 39730.3    32021    2813    2813   29208
         143    2.6e+05     35778 39673.4 39768.6    32821    2814    2814   30007
         144    2.7e+05     35778 39673.4 39680.6    32095    2813    2813   29282
         145    2.7e+05     35778 39673.4 39782.8    32990    2814    2814   30176
         146    2.7e+05     35778 39673.4 39722.4    34099    2815    2815   31284
         147    2.7e+05     35778 39673.4 39730.7    34590    2813    2813   31777
         148    2.7e+05     35778 39673.1 39673.1    34847    2811    2811   32036
         149    2.7e+05     35778 39673.1 39808.7    34700    2812    2812   31888
         150    2.7e+05     35778 39653.7 39653.7    34061    2811    2811   31250
         151    2.7e+05     35778 39653.7 39842.4    34059    2812    2812   31247
         152    2.7e+05     35778 39653.7   39671    34908    2812    2812   32096
         153    2.7e+05     35778 39653.7   39769    35118    2811    2811   32307
         154    2.7e+05     35778 39605.5 39605.5    33993    2811    2811   31182
         155    2.7e+05     35778 39605.5 39797.1    33620    2812    2812   30808
         156    2.7e+05     35778 39605.5 39688.8    32797    2815    2815   29982
         157    2.7e+05     35778 39605.5 39676.4    32826    2812    2812   30014
         158    2.7e+05     35778 39605.5   39772    32062    2817    2817   29245
         159    2.7e+05     35778 39605.5 39777.1    33719    2815    2815   30904
         160    2.7e+05     35778 39605.5 39724.8    33995    2814    2814   31181
         161    2.7e+05     35778 39605.5 39720.2    33713    2811    2811   30902
         162    2.7e+05     35778 39605.5 39678.1    34067    2814    2814   31253
         163    2.7e+05     35778 39605.5 39717.5    34291    2811    2811   31480
         164    2.7e+05     35778 39605.5 39705.5    34494    2812    2812   31682
         165    2.7e+05     35778 39605.5   39664    34709    2810    2810   31899
         166    2.7e+05     35778 39605.5 39662.9    33982    2811    2811   31171
         167    2.7e+05     35778 39605.5 39654.8    34485    2811    2811   31674
         168    2.7e+05     35778 39605.5 39683.9    34753    2813    2813   31940
         169    2.8e+05     35778 39605.5 39626.6    34462    2811    2811   31651
         170    2.8e+05     35778 39605.5 39737.9    33428    2813    2813   30615
         171    2.8e+05     35778 39605.5 39667.1    34482    2811    2811   31671
         172    2.8e+05     35778 39605.5 39642.1    34649    2811    2811   31838
         173    2.8e+05     35778 39605.5 39611.7    34620    2813    2813   31807
         174    2.8e+05     35778 39605.5 39701.5    34195    2812    2812   31383
         175    2.8e+05     35778 39605.5 39666.4    34463    2811    2811   31652
         176    2.8e+05     35778 39605.5 39668.3    33927    2812    2812   31115
         177    2.8e+05     35778 39605.5 39785.7    33473    2813    2813   30660
         178    2.8e+05     35778 39605.5 39648.6    34233    2811    2811   31422
         179    2.8e+05     35778 39605.5 39672.5    33354    2814    2814   30540
               reducing step to 0.1
         180    2.8e+05     35778 39118.9 39118.9    32500    2810    2810   29690
         181    2.8e+05     35778 38889.7 38889.7    32409    2810    2810   29599
         182    2.8e+05     35778   38878   38878    34920    2811    2811   32109
    *    183    2.8e+05     35830 38812.9 38812.9    35830    2813    2813   33017
    *    184    2.8e+05     35874 38812.9 38846.1    35874    2808    2808   33066
    *    185    2.8e+05     36096 38800.9 38800.9    36096    2807    2807   33289
    *    186    2.8e+05     36871 38800.9 38824.5    36871    2807    2807   34064
         187    2.8e+05     36871 38781.7 38781.7    36575    2809    2809   33766
    *    188    2.8e+05     37054 38781.7 38833.8    37054    2807    2807   34247
    *    189    2.8e+05     37214 38776.7 38776.7    37214    2809    2809   34405
    *    190    2.8e+05     37323 38776.7 38837.9    37323    2808    2808   34515
         191    2.8e+05     37323 38760.8 38760.8    37211    2808    2808   34403
    *    192    2.8e+05     37505 38760.8 38825.6    37505    2808    2808   34697
         193    2.8e+05     37505 38758.7 38758.7    37212    2806    2806   34406
         194    2.8e+05     37505 38758.7 38824.9    37485    2808    2808   34677
    *    195    2.8e+05     37531 38751.4 38751.4    37531    2806    2806   34725
         196    2.8e+05     37531 38751.4 38813.3    37501    2808    2808   34693
         197    2.8e+05     37531 38749.1 38749.1    37455    2806    2806   34649
         198    2.8e+05     37531 38749.1 38815.9    37482    2807    2807   34675
         199    2.8e+05     37531 38749.1   38761    37476    2807    2807   34669
         200    2.8e+05     37531 38749.1 38803.9    37531    2807    2807   34724
         201    2.8e+05     37531 38743.3 38743.3    37397    2806    2806   34591
         202    2.8e+05     37531 38743.3 38805.3    37207    2806    2806   34401
         203    2.8e+05     37531 38743.3   38747    37512    2806    2806   34706
    *    204    2.8e+05     37669 38743.3 38797.2    37669    2808    2808   34861
         205    2.8e+05     37669 38743.3 38747.7    37636    2806    2806   34830
    *    206    2.8e+05     37691 38743.3 38802.9    37691    2807    2807   34884
         207    2.8e+05     37691 38739.2 38739.2    37663    2806    2806   34857
    *    208    2.8e+05     37731 38739.2 38788.1    37731    2807    2807   34924
         209    2.8e+05     37731 38734.8 38734.8    37693    2806    2806   34887
         210    2.8e+05     37731 38734.8 38782.1    37675    2806    2806   34869
    *    211    2.8e+05     37756 38732.8 38732.8    37756    2806    2806   34950
         212    2.8e+05     37756 38732.8 38781.2    37688    2806    2806   34882
         213    2.8e+05     37756 38729.3 38729.3    37669    2808    2808   34861
         214    2.8e+05     37756 38729.3 38783.9    37644    2806    2806   34838
         215    2.8e+05     37756 38726.2 38726.2    37463    2806    2806   34657
         216    2.8e+05     37756 38726.2 38783.5    37684    2808    2808   34876
         217    2.8e+05     37756   38723   38723    37655    2806    2806   34849
         218    2.8e+05     37756   38723 38783.4    37610    2807    2807   34803
         219    2.8e+05     37756   38723 38726.6    37652    2805    2805   34847
    *    220    2.8e+05     37779   38723 38784.7    37779    2806    2806   34973
         221    2.8e+05     37779 38717.4 38717.4    37730    2805    2805   34925
         222    2.8e+05     37779 38717.4 38788.3    37743    2807    2807   34936
         223    2.8e+05     37779   38715   38715    37712    2805    2805   34907
         224    2.8e+05     37779   38715 38771.8    37613    2807    2807   34806
    *    225    2.8e+05     37798 38712.8 38712.8    37798    2805    2805   34993
         226    2.8e+05     37798 38712.8 38778.1    37747    2807    2807   34940
         227    2.8e+05     37798 38711.8 38711.8    37741    2805    2805   34936
         228    2.8e+05     37798 38711.8   38771    37726    2807    2807   34919
         229    2.8e+05     37798 38711.1 38711.1    37795    2805    2805   34990
    *    230    2.8e+05     37799 38711.1 38776.5    37799    2807    2807   34992
         231    2.8e+05     37799 38705.1 38705.1    37710    2805    2805   34905
    *    232    2.8e+05     37809 38705.1 38776.6    37809    2807    2807   35002
         233    2.8e+05     37809 38705.1 38718.9    37765    2805    2805   34960
         234    2.8e+05     37809 38705.1 38770.7    37733    2807    2807   34926
         235    2.8e+05     37809 38701.1 38701.1    37725    2805    2805   34920
         236    2.8e+05     37809 38701.1 38781.8    37720    2807    2807   34913
         237    2.8e+05     37809 38701.1 38710.5    37766    2805    2805   34961
         238    2.8e+05     37809 38701.1 38769.6    37749    2807    2807   34942
         239    2.8e+05     37809 38701.1 38717.6    37772    2805    2805   34967
         240    2.8e+05     37809 38701.1 38768.3    37783    2807    2807   34976
         241    2.8e+05     37809 38701.1 38701.8    37697    2805    2805   34892
         242    2.8e+05     37809 38701.1 38774.8    37769    2807    2807   34962
         243    2.8e+05     37809 38701.1 38705.1    37789    2805    2805   34984
         244    2.8e+05     37809 38701.1 38780.5    37549    2807    2807   34742
         245    2.8e+05     37809 38701.1 38713.7    37654    2806    2806   34848
         246    2.8e+05     37809 38701.1 38760.9    37777    2807    2807   34970
    *    247    2.8e+05     37826 38696.6 38696.6    37826    2805    2805   35021
         248    2.8e+05     37826 38696.6 38763.9    37775    2807    2807   34968
    *    249    2.8e+05     37837 38696.6   38703    37837    2805    2805   35032
    *    250    2.8e+05     37848 38696.6 38762.9    37848    2806    2806   35042
         251    2.8e+05     37848 38696.6 38700.9    37805    2805    2805   35000
         252    2.8e+05     37848 38696.6 38763.2    37796    2807    2807   34989
         253    2.8e+05     37848 38696.6 38713.5    37758    2806    2806   34952
    *    254    2.8e+05     37853 38696.6 38757.4    37853    2807    2807   35046
         255    2.8e+05     37853 38696.6 38700.9    37788    2805    2805   34983
         256    2.8e+05     37853 38696.6 38769.9    37802    2807    2807   34995
         257    2.8e+05     37853 38696.2 38696.2    37605    2805    2805   34800
         258    2.8e+05     37853 38696.2 38756.2    37638    2807    2807   34831
         259    2.8e+05     37853 38696.2 38700.8    37796    2805    2805   34991
    *    260    2.8e+05     37863 38696.2 38756.1    37863    2807    2807   35056
         261    2.8e+05     37863 38696.2 38700.8    37808    2805    2805   35003
         262    2.8e+05     37863 38696.2 38757.7    37833    2807    2807   35026
         263    2.8e+05     37863 38696.2 38709.9    37809    2805    2805   35004
         264    2.8e+05     37863 38696.2 38754.1    37834    2806    2806   35028
         265    2.8e+05     37863 38696.2 38700.6    37760    2805    2805   34955
         266    2.8e+05     37863 38696.2 38766.4    37826    2806    2806   35020
         267    2.8e+05     37863 38696.2 38698.9    37802    2805    2805   34997
         268    2.8e+05     37863 38696.2 38749.5    37818    2807    2807   35011
         269    2.8e+05     37863 38696.2 38706.7    37711    2805    2805   34906
         270    2.8e+05     37863 38696.2 38761.9    37837    2807    2807   35030
         271    2.8e+05     37863 38696.2 38706.8    37808    2805    2805   35003
         272    2.8e+05     37863 38696.2 38745.9    37859    2806    2806   35053
         273    2.8e+05     37863 38696.2 38699.7    37813    2805    2805   35008
         274    2.8e+05     37863 38696.2 38757.9    37828    2807    2807   35021
         275    2.8e+05     37863 38696.2 38703.8    37824    2805    2805   35019
         276    2.8e+05     37863 38696.2 38747.8    37820    2807    2807   35013
         277    2.8e+05     37863 38696.2 38709.7    37796    2805    2805   34991
         278    2.8e+05     37863 38696.2 38745.3    37594    2807    2807   34787
         279    2.8e+05     37863 38696.2 38697.7    37780    2805    2805   34975
         280    2.8e+05     37863 38696.2   38749    37818    2807    2807   35011
         281    2.8e+05     37863 38692.3 38692.3    37590    2805    2805   34785
         282    2.8e+05     37863 38692.3 38752.8    37761    2806    2806   34955
         283    2.8e+05     37863 38692.3 38695.9    37729    2805    2805   34924
         284    2.8e+05     37863 38692.3 38758.5    37677    2807    2807   34870
         285    2.8e+05     37863 38692.3 38696.5    37740    2806    2806   34934
         286    2.8e+05     37863 38692.3 38769.7    37719    2808    2808   34911
         287    2.8e+05     37863 38692.3 38705.7    37557    2805    2805   34752
         288    2.8e+05     37863 38692.3 38735.6    37742    2809    2809   34933
         289    2.8e+05     37863 38692.3   38701    37791    2805    2805   34986
         290    2.8e+05     37863 38692.3 38742.6    37714    2807    2807   34907
         291    2.8e+05     37863 38692.3 38692.9    37825    2805    2805   35020
         292    2.8e+05     37863 38692.3 38746.9    37817    2807    2807   35010
         293    2.8e+05     37863 38692.3 38693.2    37820    2805    2805   35015
         294    2.8e+05     37863 38692.3 38744.4    37858    2807    2807   35051
         295    2.8e+05     37863 38692.3 38698.3    37823    2805    2805   35018
    *    296    2.8e+05     37873 38692.3 38745.1    37873    2807    2807   35066
         297    2.8e+05     37873 38692.3 38694.9    37829    2805    2805   35024
         298    2.8e+05     37873 38692.3 38742.6    37864    2806    2806   35058
         299    2.8e+05     37873 38692.3 38696.2    37743    2806    2806   34937
         300    2.8e+05     37873 38692.3 38748.6    37823    2807    2807   35016
         301    2.8e+05     37873 38692.3   38698    37842    2805    2805   35037
         302    2.8e+05     37873 38692.3 38738.6    37824    2807    2807   35017
         303    2.8e+05     37873 38692.3 38711.4    37830    2805    2805   35025
         304    2.8e+05     37873 38692.3 38735.2    37843    2807    2807   35036
         305    2.8e+05     37873 38692.3 38695.1    37851    2805    2805   35046
    *    306    2.8e+05     37888 38692.3 38751.8    37888    2807    2807   35081
               reducing step to 0.05
         307    2.8e+05     37888 38518.2 38518.2    36878    2807    2807   34071
         308    2.8e+05     37888 38425.9 38425.9    37117    2807    2807   34310
         309    2.8e+05     37888 38425.9 38462.2    36378    2807    2807   33571
         310    2.8e+05     37888 38420.5 38420.5    37266    2807    2807   34459
         311    2.8e+05     37888 38420.5   38446    37623    2806    2806   34817
         312    2.8e+05     37888 38420.5 38422.9    37307    2807    2807   34500
         313    2.8e+05     37888 38420.5 38441.5    37311    2807    2807   34504
         314    2.8e+05     37888 38403.7 38403.7    37860    2807    2807   35053
         315    2.8e+05     37888 38403.7 38435.8    37815    2807    2807   35008
    *    316    2.8e+05     37896 38403.7 38415.2    37896    2806    2806   35090
         317    2.8e+05     37896 38403.7 38430.4    37857    2806    2806   35051
    *    318    2.8e+05     37954 38403.7 38414.2    37954    2806    2806   35148
         319    2.9e+05     37954 38403.7 38432.5    37832    2805    2805   35027
         320    2.9e+05     37954 38403.7 38407.7    37945    2806    2806   35139
         321    2.9e+05     37954 38403.7 38428.5    37737    2806    2806   34931
    *    322    2.9e+05     37963 38400.9 38400.9    37963    2806    2806   35157
         323    2.9e+05     37963 38400.9 38427.6    37850    2805    2805   35045
         324    2.9e+05     37963 38400.9 38409.8    37949    2807    2807   35142
         325    2.9e+05     37963 38400.9 38426.5    37910    2806    2806   35104
         326    2.9e+05     37963 38400.9 38409.3    37929    2806    2806   35123
         327    2.9e+05     37963 38400.9 38425.5    37882    2804    2804   35078
         328    2.9e+05     37963 38400.9 38412.9    37898    2806    2806   35092
         329    2.9e+05     37963 38400.9   38422    37889    2805    2805   35084
         330    2.9e+05     37963 38400.9 38409.3    37958    2806    2806   35152
         331    2.9e+05     37963 38400.9 38425.4    37877    2805    2805   35072
    *    332    2.9e+05     37974 38400.9 38409.2    37974    2806    2806   35168
         333    2.9e+05     37974 38400.9 38421.8    37966    2806    2806   35160
         334    2.9e+05     37974 38400.9 38409.5    37957    2806    2806   35151
         335    2.9e+05     37974 38400.9   38420    37939    2805    2805   35134
         336    2.9e+05     37974 38400.9 38406.2    37917    2806    2806   35111
         337    2.9e+05     37974 38400.9 38421.5    37957    2805    2805   35152
         338    2.9e+05     37974 38400.9 38404.3    37936    2806    2806   35130
         339    2.9e+05     37974 38400.9 38420.8    37817    2806    2806   35011
         340    2.9e+05     37974 38400.9 38407.2    37949    2806    2806   35143
         341    2.9e+05     37974 38400.9 38419.3    37945    2805    2805   35140
         342    2.9e+05     37974 38400.9 38405.5    37812    2806    2806   35006
         343    2.9e+05     37974 38400.9 38419.9    37916    2807    2807   35109
         344    2.9e+05     37974 38400.9 38406.5    37928    2806    2806   35122
         345    2.9e+05     37974 38400.9 38419.7    37915    2805    2805   35110
         346    2.9e+05     37974 38400.9 38406.8    37970    2806    2806   35164
         347    2.9e+05     37974 38400.9 38420.2    37909    2805    2805   35104
               reducing step to 0.025
         348    2.9e+05     37974 38331.5 38331.5    37460    2807    2807   34653
         349    2.9e+05     37974   38295   38295    37587    2807    2807   34780
         350    2.9e+05     37974   38295 38304.7    37838    2806    2806   35032
         351    2.9e+05     37974 38292.3 38292.3    37715    2806    2806   34909
         352    2.9e+05     37974 38292.3 38298.1    37819    2806    2806   35013
         353    2.9e+05     37974 38291.8 38291.8    37881    2806    2806   35075
         354    2.9e+05     37974 38291.8 38293.7    37957    2806    2806   35151
         355    2.9e+05     37974 38287.2 38287.2    37915    2805    2805   35110
         356    2.9e+05     37974 38287.2 38290.1    37954    2806    2806   35148
         357    2.9e+05     37974 38287.2 38288.3    37962    2806    2806   35156
         358    2.9e+05     37974 38287.2 38289.5    37959    2806    2806   35153
         359    2.9e+05     37974 38285.7 38285.7    37959    2806    2806   35153
         360    2.9e+05     37974 38285.7 38288.5    37951    2806    2806   35145
         361    2.9e+05     37974 38284.4 38284.4    37951    2806    2806   35145
    *    362    2.9e+05     37998 38284.4 38286.3    37998    2806    2806   35192
         363    2.9e+05     37998 38284.4   38286    37994    2806    2806   35188
         364    2.9e+05     37998 38284.4 38285.5    37925    2806    2806   35119
         365    2.9e+05     37998 38283.5 38283.5    37965    2806    2806   35159
         366    2.9e+05     37998 38283.5 38285.9    37984    2806    2806   35178
         367    2.9e+05     37998 38282.8 38282.8    37969    2806    2806   35163
         368    2.9e+05     37998 38282.8 38284.3    37995    2806    2806   35189
         369    2.9e+05     37998 38281.8 38281.8    37990    2806    2806   35184
         370    2.9e+05     37998 38281.8 38285.3    37961    2805    2805   35156
         371    2.9e+05     37998 38281.8 38283.1    37707    2806    2806   34901
         372    2.9e+05     37998 38281.8 38281.9    37974    2806    2806   35168
    *    373    2.9e+05     38000 38281.8 38282.9    38000    2806    2806   35194
         374    2.9e+05     38000 38281.8   38282    37991    2806    2806   35185
         375    2.9e+05     38000 38281.8 38282.5    37985    2806    2806   35179
         376    2.9e+05     38000 38281.6 38281.6    37976    2806    2806   35170
         377    2.9e+05     38000 38280.2 38280.2    37945    2806    2806   35139
         378    2.9e+05     38000 38280.2 38282.7    37976    2806    2806   35170
         379    2.9e+05     38000 38280.2 38280.2    37976    2806    2806   35170
         380    2.9e+05     38000 38280.2 38282.5    37949    2806    2806   35143
         381    2.9e+05     38000 38280.2 38282.5    37986    2806    2806   35180
         382    2.9e+05     38000 38280.2 38283.8    37998    2806    2806   35192
         383    2.9e+05     38000 38278.8 38278.8    37966    2806    2806   35160
         384    2.9e+05     38000 38278.8 38282.8    37973    2806    2806   35167
    *    385    2.9e+05     38003 38278.8 38280.3    38003    2806    2806   35197
         386    2.9e+05     38003 38278.8 38280.2    37972    2806    2806   35166
         387    2.9e+05     38003 38278.8 38280.5    37997    2806    2806   35191
    *    388    2.9e+05     38021 38278.8 38279.7    38021    2806    2806   35215
         389    2.9e+05     38021 38278.2 38278.2    37973    2806    2806   35167
         390    2.9e+05     38021 38278.2 38282.4    37978    2806    2806   35172
         391    2.9e+05     38021 38278.2 38279.3    37979    2806    2806   35173
         392    2.9e+05     38021 38278.2 38280.3    37981    2805    2805   35176
         393    2.9e+05     38021 38278.2 38279.7    37898    2806    2806   35092
         394    2.9e+05     38021 38278.2 38280.1    37984    2806    2806   35178
         395    2.9e+05     38021 38278.2 38281.1    37957    2806    2806   35151
         396    2.9e+05     38021 38278.2   38279    37958    2806    2806   35152
         397    2.9e+05     38021 38278.2 38280.1    37981    2806    2806   35175
         398    2.9e+05     38021 38278.2 38279.5    37991    2806    2806   35185
         399    2.9e+05     38021 38278.2 38278.9    37985    2806    2806   35179
         400    2.9e+05     38021 38276.7 38276.7    37992    2806    2806   35186
         401    2.9e+05     38021 38276.7 38279.5    37944    2806    2806   35138
         402    2.9e+05     38021 38276.7 38279.3    37959    2806    2806   35153
         403    2.9e+05     38021 38276.7 38279.4    37958    2806    2806   35152
         404    2.9e+05     38021 38276.7 38279.6    37965    2806    2806   35159
         405    2.9e+05     38021 38276.7 38278.4    37978    2806    2806   35172
         406    2.9e+05     38021 38276.7 38278.3    37990    2806    2806   35184
         407    2.9e+05     38021 38276.7 38280.3    37971    2806    2806   35165
         408    2.9e+05     38021 38276.7 38278.1    37988    2806    2806   35182
         409    2.9e+05     38021 38276.7 38277.5    37984    2806    2806   35178
         410    2.9e+05     38021 38276.3 38276.3    37954    2806    2806   35148
         411    2.9e+05     38021 38276.3 38279.9    37987    2806    2806   35181
         412    2.9e+05     38021 38276.3 38277.7    37999    2806    2806   35193
         413    2.9e+05     38021 38276.3 38277.8    37942    2806    2806   35136
         414    2.9e+05     38021 38275.9 38275.9    37991    2806    2806   35185
         415    2.9e+05     38021 38275.9 38278.8    37979    2806    2806   35173
         416    2.9e+05     38021 38275.1 38275.1    37997    2806    2806   35191
         417    2.9e+05     38021 38275.1 38279.6    37997    2806    2806   35191
         418    2.9e+05     38021 38275.1 38275.2    38000    2806    2806   35194
         419    2.9e+05     38021 38275.1   38279    38009    2806    2806   35203
         420    2.9e+05     38021 38274.5 38274.5    37995    2806    2806   35189
         421    2.9e+05     38021 38274.5   38278    38003    2806    2806   35197
         422    2.9e+05     38021 38274.1 38274.1    37991    2806    2806   35185
         423    2.9e+05     38021 38274.1 38279.9    37999    2806    2806   35193
         424    2.9e+05     38021 38273.8 38273.8    37988    2806    2806   35182
         425    2.9e+05     38021 38273.8 38278.3    37986    2806    2806   35180
         426    2.9e+05     38021 38273.8 38275.4    37997    2806    2806   35191
         427    2.9e+05     38021 38273.8 38277.2    37987    2806    2806   35181
         428    2.9e+05     38021 38273.7 38273.7    37989    2806    2806   35183
         429    2.9e+05     38021 38273.7 38276.7    37999    2806    2806   35193
         430    2.9e+05     38021 38273.7 38274.8    37939    2806    2806   35133
         431    2.9e+05     38021 38273.7 38277.7    38000    2806    2806   35194
         432    2.9e+05     38021 38273.7   38275    38013    2806    2806   35207
         433    2.9e+05     38021 38273.7 38277.4    37988    2806    2806   35182
         434    2.9e+05     38021 38273.2 38273.2    38017    2806    2806   35211
         435    2.9e+05     38021 38273.2 38276.2    37977    2806    2806   35171
         436    2.9e+05     38021 38273.2 38273.9    37998    2806    2806   35192
         437    2.9e+05     38021 38273.2 38277.2    37993    2806    2806   35187
         438    2.9e+05     38021   38273   38273    37986    2806    2806   35180
         439    2.9e+05     38021   38273 38276.7    37984    2806    2806   35178
         440    2.9e+05     38021 38272.6 38272.6    38001    2806    2806   35195
         441    2.9e+05     38021 38272.6 38276.1    37986    2806    2806   35180
         442    2.9e+05     38021 38272.6 38273.2    37958    2806    2806   35152
         443    2.9e+05     38021 38272.6 38276.7    37999    2806    2806   35193
         444    2.9e+05     38021 38272.6 38274.6    38004    2806    2806   35198
         445    2.9e+05     38021 38272.6 38276.6    37995    2806    2806   35189
         446    2.9e+05     38021 38272.6 38273.9    37996    2806    2806   35190
         447    2.9e+05     38021 38272.6 38275.7    37986    2806    2806   35180
         448    2.9e+05     38021 38272.6 38273.8    38016    2806    2806   35210
         449    2.9e+05     38021 38272.6 38275.7    38003    2806    2806   35197
         450    2.9e+05     38021 38272.6   38274    38005    2806    2806   35199
         451    2.9e+05     38021 38272.6 38276.7    37985    2806    2806   35179
         452    2.9e+05     38021 38272.6 38273.7    37993    2806    2806   35187
         453    2.9e+05     38021 38272.6 38276.2    37985    2806    2806   35179
         454    2.9e+05     38021 38272.6 38274.8    38000    2806    2806   35194
         455    2.9e+05     38021 38272.6 38276.2    37991    2805    2805   35186
         456    2.9e+05     38021 38272.6 38273.5    38004    2806    2806   35198
         457    2.9e+05     38021 38272.6 38275.6    37994    2806    2806   35188
         458    2.9e+05     38021 38272.6 38274.4    37987    2806    2806   35181
         459    2.9e+05     38021 38272.6 38274.6    37985    2805    2805   35180
         460    2.9e+05     38021 38272.6   38277    37989    2806    2806   35183
         461    2.9e+05     38021 38272.6 38272.9    38007    2806    2806   35201
         462    2.9e+05     38021 38272.6 38275.3    38002    2806    2806   35196
         463    2.9e+05     38021 38272.6 38274.5    37999    2805    2805   35194
         464    2.9e+05     38021 38272.6 38277.9    37993    2806    2806   35187
         465    2.9e+05     38021 38272.6 38273.3    37949    2806    2806   35143
               reducing step to 0.0125
         466    2.9e+05     38021 38241.8 38241.8    37731    2806    2806   34925
         467    2.9e+05     38021 38225.5 38225.5    37895    2805    2805   35090
         468    2.9e+05     38021 38225.5 38232.5    37864    2807    2807   35057
         469    2.9e+05     38021 38221.7 38221.7    37954    2806    2806   35148
         470    2.9e+05     38021 38221.7 38230.3    37995    2806    2806   35189
         471    2.9e+05     38021 38221.3 38221.3    37994    2806    2806   35188
         472    2.9e+05     38021 38221.3 38226.6    37997    2806    2806   35191
         473    2.9e+05     38021 38218.2 38218.2    37977    2806    2806   35171
         474    2.9e+05     38021 38218.2 38226.2    38004    2806    2806   35198
         475    2.9e+05     38021 38217.5 38217.5    38009    2806    2806   35203
         476    2.9e+05     38021 38217.5 38224.9    38006    2806    2806   35200
         477    2.9e+05     38021 38217.2 38217.2    37994    2806    2806   35188
         478    2.9e+05     38021 38217.2 38223.2    37988    2806    2806   35182
         479    2.9e+05     38021 38216.3 38216.3    37994    2806    2806   35188
         480    2.9e+05     38021 38216.3 38224.5    37995    2806    2806   35189
         481    2.9e+05     38021 38216.3 38216.3    38010    2806    2806   35204
         482    2.9e+05     38021 38216.3 38222.1    38003    2806    2806   35197
         483    2.9e+05     38021 38215.6 38215.6    37991    2806    2806   35185
         484    2.9e+05     38021 38215.6 38222.1    37922    2807    2807   35115
         485    2.9e+05     38021 38215.6 38216.2    38013    2806    2806   35207
         486    2.9e+05     38021 38215.6 38220.5    38002    2806    2806   35196
         487    2.9e+05     38021 38215.1 38215.1    38011    2805    2805   35206
         488    2.9e+05     38021 38215.1 38221.4    37996    2806    2806   35190
         489    2.9e+05     38021 38215.1 38215.1    37940    2806    2806   35134
         490    2.9e+05     38021 38215.1 38219.8    37991    2806    2806   35185
         491    2.9e+05     38021 38214.9 38214.9    37985    2806    2806   35179
         492    2.9e+05     38021 38214.9 38221.3    37995    2806    2806   35189
         493    2.9e+05     38021 38213.7 38213.7    38015    2806    2806   35209
         494    2.9e+05     38021 38213.7 38220.4    38011    2806    2806   35205
         495    2.9e+05     38021 38213.5 38213.5    38016    2806    2806   35210
         496    2.9e+05     38021 38213.5 38220.8    38007    2806    2806   35201
         497    2.9e+05     38021 38213.5 38213.6    38018    2806    2806   35212
         498    2.9e+05     38021 38213.5 38220.5    38013    2806    2806   35207
         499    2.9e+05     38021 38213.5 38213.8    37996    2806    2806   35190
         500    2.9e+05     38021 38213.5   38220    38010    2806    2806   35204
         501    2.9e+05     38021 38213.2 38213.2    37995    2806    2806   35189
         502    2.9e+05     38021 38213.2 38220.4    37997    2806    2806   35191
         503    2.9e+05     38021 38212.3 38212.3    38013    2806    2806   35207
         504    2.9e+05     38021 38212.3 38220.7    38016    2806    2806   35210
         505    2.9e+05     38021 38212.3 38213.1    37998    2806    2806   35192
         506    2.9e+05     38021 38212.3 38219.2    37979    2806    2806   35173
         507    2.9e+05     38021 38212.3   38213    38009    2806    2806   35203
    *    508    2.9e+05     38022 38212.3   38220    38022    2806    2806   35216
         509    2.9e+05     38022 38211.9 38211.9    38020    2806    2806   35214
         510    2.9e+05     38022 38211.9 38218.9    37992    2806    2806   35186
         511    2.9e+05     38022 38211.9 38212.8    38007    2806    2806   35201
         512    2.9e+05     38022 38211.9 38218.6    38003    2806    2806   35197
         513    2.9e+05     38022 38211.9 38212.1    38007    2806    2806   35201
         514    2.9e+05     38022 38211.9 38218.5    38005    2806    2806   35199
         515    2.9e+05     38022 38211.9 38211.9    38002    2806    2806   35196
         516    2.9e+05     38022 38211.9 38218.9    38016    2806    2806   35210
         517    2.9e+05     38022 38210.9 38210.9    38002    2806    2806   35196
         518    2.9e+05     38022 38210.9   38219    38001    2806    2806   35195
         519    2.9e+05     38022 38210.9 38211.1    38005    2806    2806   35199
         520    2.9e+05     38022 38210.9 38219.3    38003    2806    2806   35197
         521    2.9e+05     38022 38210.9 38211.1    38009    2806    2806   35203
         522    2.9e+05     38022 38210.9 38217.9    37994    2806    2806   35188
         523    2.9e+05     38022 38210.9 38212.1    38012    2806    2806   35206
         524    2.9e+05     38022 38210.9 38218.3    38011    2806    2806   35205
         525    2.9e+05     38022 38210.9 38210.9    38011    2806    2806   35205
         526    2.9e+05     38022 38210.9   38219    38012    2806    2806   35206
         527    2.9e+05     38022 38210.3 38210.3    38011    2806    2806   35205
         528    2.9e+05     38022 38210.3 38218.1    37997    2806    2806   35191
         529    2.9e+05     38022 38210.3 38210.9    38004    2806    2806   35198
         530    2.9e+05     38022 38210.3 38218.6    37999    2806    2806   35193
         531    2.9e+05     38022 38210.3 38210.7    38012    2806    2806   35206
         532    2.9e+05     38022 38210.3 38218.4    38011    2806    2806   35205
         533    2.9e+05     38022 38210.3 38210.7    38018    2806    2806   35212
         534    2.9e+05     38022 38210.3 38217.7    38000    2806    2806   35194
         535    2.9e+05     38022 38210.3 38210.8    38008    2806    2806   35202
         536    2.9e+05     38022 38210.3 38218.1    38019    2806    2806   35213
         537    2.9e+05     38022 38210.3 38210.7    37991    2806    2806   35185
         538    2.9e+05     38022 38210.3   38218    38018    2806    2806   35212
         539    2.9e+05     38022 38210.3 38210.5    38019    2806    2806   35213
         540    2.9e+05     38022 38210.3 38217.5    38006    2806    2806   35200
         541    2.9e+05     38022 38210.3   38211    38011    2806    2806   35205
         542    2.9e+05     38022 38210.3 38217.5    38004    2806    2806   35198
         543    2.9e+05     38022 38210.3 38210.4    38003    2806    2806   35197
         544    2.9e+05     38022 38210.3 38218.5    37995    2806    2806   35189
         545    2.9e+05     38022 38210.3 38210.5    38012    2806    2806   35206
         546    2.9e+05     38022 38210.3 38216.9    38004    2806    2806   35198
         547    2.9e+05     38022 38210.3 38211.6    38002    2806    2806   35196
         548    2.9e+05     38022 38210.3 38217.2    38009    2806    2806   35203
         549    2.9e+05     38022 38210.2 38210.2    38019    2806    2806   35213
         550    2.9e+05     38022 38210.2 38218.4    38021    2806    2806   35215
         551    2.9e+05     38022 38209.5 38209.5    38015    2806    2806   35209
         552    2.9e+05     38022 38209.5 38216.7    37988    2806    2806   35182
         553    2.9e+05     38022 38209.5 38211.2    38014    2806    2806   35208
         554    2.9e+05     38022 38209.5 38216.6    38006    2806    2806   35200
         555    2.9e+05     38022 38209.5 38209.6    38010    2806    2806   35204
    *    556    2.9e+05     38023 38209.5 38218.4    38023    2806    2806   35217
         557    2.9e+05     38023 38209.5 38209.9    38023    2806    2806   35217
         558    2.9e+05     38023 38209.5 38216.3    38002    2806    2806   35196
         559    2.9e+05     38023 38209.5 38210.6    38000    2806    2806   35194
         560    2.9e+05     38023 38209.5 38215.4    38013    2806    2806   35207
         561    2.9e+05     38023 38209.5 38209.9    38015    2806    2806   35209
         562    2.9e+05     38023 38209.5 38217.2    38021    2806    2806   35215
         563    2.9e+05     38023 38209.3 38209.3    38012    2806    2806   35206
         564    2.9e+05     38023 38209.3 38218.8    38018    2806    2806   35212
         565    2.9e+05     38023 38209.1 38209.1    38005    2806    2806   35199
         566    2.9e+05     38023 38209.1 38217.1    37994    2806    2806   35188
         567    2.9e+05     38023 38209.1   38210    38011    2806    2806   35205
         568    2.9e+05     38023 38209.1 38216.9    37997    2806    2806   35191
         569    2.9e+05     38023 38209.1 38209.5    38002    2806    2806   35196
         570    2.9e+05     38023 38209.1 38216.8    37999    2806    2806   35193
    *    571    2.9e+05     38037 38209.1 38209.4    38037    2806    2806   35231
         572    2.9e+05     38037 38209.1   38217    38000    2806    2806   35194
         573    2.9e+05     38037 38209.1 38209.4    38005    2806    2806   35199
         574    2.9e+05     38037 38209.1 38216.7    37987    2806    2806   35181
         575    2.9e+05     38037 38209.1 38209.3    38005    2806    2806   35199
         576    2.9e+05     38037 38209.1 38217.2    38002    2806    2806   35196
         577    2.9e+05     38037 38209.1 38209.4    38013    2806    2806   35207
         578    2.9e+05     38037 38209.1 38216.4    38004    2806    2806   35198
         579    2.9e+05     38037 38209.1 38209.6    38014    2806    2806   35208
         580    2.9e+05     38037 38209.1 38216.7    38018    2806    2806   35212
         581    2.9e+05     38037 38209.1 38209.8    38035    2806    2806   35229
         582    2.9e+05     38037 38209.1 38216.3    38001    2806    2806   35195
         583    2.9e+05     38037 38209.1   38210    38009    2806    2806   35203
         584    2.9e+05     38037 38209.1 38216.2    38013    2806    2806   35207
         585    2.9e+05     38037 38209.1 38209.6    38023    2806    2806   35217
         586    2.9e+05     38037 38209.1 38215.7    38013    2806    2806   35207
         587    2.9e+05     38037 38209.1 38209.7    38009    2806    2806   35203
         588    2.9e+05     38037 38209.1 38215.8    37982    2806    2806   35176
         589    2.9e+05     38037 38209.1 38210.1    38008    2806    2806   35202
         590    2.9e+05     38037 38209.1   38216    38015    2806    2806   35209
               reducing step to 0.00625
         591    2.9e+05     38037 38197.9 38197.9    37849    2806    2806   35043
         592    2.9e+05     38037 38192.5 38192.5    37947    2806    2806   35141
         593    2.9e+05     38037 38192.5 38195.3    38009    2806    2806   35203
         594    2.9e+05     38037 38189.6 38189.6    37966    2806    2806   35160
         595    2.9e+05     38037 38189.6 38195.3    37937    2806    2806   35131
         596    2.9e+05     38037   38189   38189    37996    2806    2806   35190
         597    2.9e+05     38037   38189 38193.6    38034    2806    2806   35228
         598    2.9e+05     38037 38188.2 38188.2    37999    2806    2806   35193
         599    2.9e+05     38037 38188.2 38194.1    38021    2806    2806   35215
         600    2.9e+05     38037 38187.6 38187.6    38018    2806    2806   35212
         601    2.9e+05     38037 38187.6   38193    37992    2806    2806   35186
         602    2.9e+05     38037 38187.6   38188    37999    2806    2806   35193
         603    2.9e+05     38037 38187.6   38192    37749    2806    2806   34943
         604    2.9e+05     38037 38186.7 38186.7    38012    2806    2806   35206
         605    2.9e+05     38037 38186.7 38192.2    38019    2806    2806   35213
         606    2.9e+05     38037 38186.7 38186.7    38010    2806    2806   35204
         607    2.9e+05     38037 38186.7 38191.9    38028    2806    2806   35222
         608    2.9e+05     38037 38186.5 38186.5    38009    2806    2806   35203
         609    2.9e+05     38037 38186.5 38191.3    38004    2806    2806   35198
         610    2.9e+05     38037 38185.8 38185.8    38011    2806    2806   35205
         611    2.9e+05     38037 38185.8 38191.4    38031    2806    2806   35225
         612    2.9e+05     38037 38185.8 38185.8    38000    2806    2806   35194
         613    2.9e+05     38037 38185.8 38191.1    38022    2806    2806   35216
         614    2.9e+05     38037 38185.6 38185.6    38007    2806    2806   35201
         615    2.9e+05     38037 38185.6 38190.7    38021    2806    2806   35215
         616    2.9e+05     38037 38185.6 38185.9    38014    2806    2806   35208
         617    2.9e+05     38037 38185.6 38190.3    38032    2806    2806   35226
         618    2.9e+05     38037 38185.5 38185.5    38021    2806    2806   35215
    *    619    2.9e+05     38043 38185.5 38190.4    38043    2806    2806   35237
         620    2.9e+05     38043 38185.4 38185.4    38003    2806    2806   35197
    *    621    2.9e+05     38044 38185.4 38190.4    38044    2806    2806   35238
         622    2.9e+05     38044 38184.9 38184.9    38001    2806    2806   35195
         623    2.9e+05     38044 38184.9 38189.9    38030    2806    2806   35224
         624    2.9e+05     38044 38184.8 38184.8    38030    2806    2806   35224
         625    2.9e+05     38044 38184.8 38190.3    38010    2806    2806   35204
         626    2.9e+05     38044 38184.7 38184.7    38021    2806    2806   35215
         627    2.9e+05     38044 38184.7 38190.1    38030    2806    2806   35224
         628    2.9e+05     38044 38184.7 38184.9    38013    2806    2806   35207
         629    2.9e+05     38044 38184.7 38190.2    38012    2806    2806   35206
         630    2.9e+05     38044 38184.7 38184.8    38002    2806    2806   35196
         631    2.9e+05     38044 38184.7 38190.1    38030    2806    2806   35224
         632    2.9e+05     38044 38184.7 38184.7    38012    2806    2806   35206
         633    2.9e+05     38044 38184.7 38189.8    38019    2806    2806   35213
         634    2.9e+05     38044 38184.5 38184.5    38011    2806    2806   35205
         635    2.9e+05     38044 38184.5   38190    38037    2806    2806   35231
         636    2.9e+05     38044 38184.5 38184.6    38018    2806    2806   35212
         637    2.9e+05     38044 38184.5 38189.7    38021    2806    2806   35215
         638    2.9e+05     38044 38184.4 38184.4    37994    2806    2806   35188
         639    2.9e+05     38044 38184.4   38190    38016    2806    2806   35210
         640    2.9e+05     38044 38184.4 38184.8    38006    2806    2806   35200
         641    2.9e+05     38044 38184.4   38190    38033    2806    2806   35227
         642    2.9e+05     38044 38184.1 38184.1    38011    2806    2806   35205
         643    2.9e+05     38044 38184.1 38189.5    38021    2806    2806   35215
         644    2.9e+05     38044 38184.1 38184.5    38013    2806    2806   35207
         645    2.9e+05     38044 38184.1   38189    38040    2806    2806   35234
         646    2.9e+05     38044 38184.1 38184.5    38011    2806    2806   35205
         647    2.9e+05     38044 38184.1 38188.9    38033    2806    2806   35227
         648    2.9e+05     38044 38184.1 38184.3    38028    2806    2806   35222
         649    2.9e+05     38044 38184.1 38188.4    38030    2806    2806   35224
         650    2.9e+05     38044 38183.9 38183.9    38004    2806    2806   35198
         651    2.9e+05     38044 38183.9 38189.2    38034    2806    2806   35228
         652    2.9e+05     38044 38183.9 38184.4    37999    2806    2806   35193
         653    2.9e+05     38044 38183.9 38188.5    38014    2806    2806   35208
         654    2.9e+05     38044 38183.9 38184.1    38013    2806    2806   35207
         655    2.9e+05     38044 38183.9 38188.5    38034    2806    2806   35228
         656    2.9e+05     38044 38183.9 38184.6    38017    2806    2806   35211
         657    2.9e+05     38044 38183.9 38188.8    38026    2806    2806   35220
         658    2.9e+05     38044 38183.9   38184    38013    2806    2806   35207
         659    2.9e+05     38044 38183.9 38188.6    38035    2806    2806   35229
         660    2.9e+05     38044 38183.7 38183.7    38006    2806    2806   35200
         661    2.9e+05     38044 38183.7 38188.2    38033    2806    2806   35227
         662    2.9e+05     38044 38183.7 38183.7    38027    2806    2806   35221
         663    2.9e+05     38044 38183.7 38188.2    38025    2806    2806   35219
         664    2.9e+05     38044 38183.7 38183.8    38022    2806    2806   35216
         665    2.9e+05     38044 38183.7 38188.4    38030    2806    2806   35224
         666    2.9e+05     38044 38183.7 38184.2    38023    2806    2806   35217
         667    2.9e+05     38044 38183.7 38188.2    38033    2806    2806   35227
         668    2.9e+05     38044 38183.7 38184.1    38015    2806    2806   35209
         669    2.9e+05     38044 38183.7 38188.1    38023    2806    2806   35217
         670    2.9e+05     38044 38183.7   38184    38004    2806    2806   35198
         671    2.9e+05     38044 38183.7 38187.8    38025    2806    2806   35219
         672    2.9e+05     38044 38183.7 38184.2    38011    2806    2806   35205
         673    2.9e+05     38044 38183.7 38188.3    38014    2806    2806   35208
         674    2.9e+05     38044 38183.6 38183.6    38016    2806    2806   35210
         675    2.9e+05     38044 38183.6 38188.1    38029    2806    2806   35223
         676    2.9e+05     38044 38183.6 38184.3    37999    2806    2806   35193
         677    2.9e+05     38044 38183.6 38188.6    38024    2806    2806   35218
         678    2.9e+05     38044 38183.1 38183.1    38027    2806    2806   35221
         679    2.9e+05     38044 38183.1 38188.6    38014    2806    2806   35208
         680    2.9e+05     38044 38182.9 38182.9    38026    2806    2806   35220
         681    2.9e+05     38044 38182.9 38188.4    38031    2806    2806   35225
         682    2.9e+05     38044 38182.9 38183.2    38010    2806    2806   35204
         683    2.9e+05     38044 38182.9   38188    38023    2806    2806   35217
         684    2.9e+05     38044 38182.9 38183.7    38008    2806    2806   35202
         685    2.9e+05     38044 38182.9 38187.8    38029    2806    2806   35223
         686    2.9e+05     38044 38182.9 38183.5    38013    2806    2806   35207
         687    2.9e+05     38044 38182.9 38188.1    38022    2806    2806   35216
         688    2.9e+05     38044 38182.9 38183.4    38011    2806    2806   35205
         689    2.9e+05     38044 38182.9 38187.6    38008    2806    2806   35202
         690    2.9e+05     38044 38182.9 38183.8    38005    2806    2806   35199
         691    2.9e+05     38044 38182.9   38188    38021    2806    2806   35215
         692    2.9e+05     38044 38182.9 38183.4    38024    2806    2806   35218
         693    2.9e+05     38044 38182.9 38187.6    38044    2806    2806   35238
         694    2.9e+05     38044 38182.9 38183.7    38035    2806    2806   35229
         695    2.9e+05     38044 38182.9 38187.6    38031    2806    2806   35225
         696    2.9e+05     38044 38182.9 38183.5    38013    2806    2806   35207
         697    2.9e+05     38044 38182.9 38187.9    38017    2806    2806   35211
         698    2.9e+05     38044 38182.9 38183.4    38014    2806    2806   35208
         699    2.9e+05     38044 38182.9 38187.6    38013    2806    2806   35207
         700    2.9e+05     38044 38182.9 38183.8    38004    2806    2806   35198
         701    2.9e+05     38044 38182.9 38187.8    38030    2806    2806   35224
         702    2.9e+05     38044 38182.9 38183.6    38016    2806    2806   35210
         703    2.9e+05     38044 38182.9 38187.7    38036    2806    2806   35230
         704    2.9e+05     38044 38182.9 38183.5    38005    2806    2806   35199
         705    2.9e+05     38044 38182.9 38187.6    38016    2806    2806   35210
               reducing step to 0.003125
         706    2.9e+05     38044 38178.6 38178.6    37929    2806    2806   35123
         707    2.9e+05     38044 38175.2 38175.2    38016    2806    2806   35210
         708    2.9e+05     38044 38175.2 38178.5    38019    2806    2806   35213
         709    2.9e+05     38044 38174.4 38174.4    37971    2807    2807   35164
         710    2.9e+05     38044 38174.4   38178    38004    2806    2806   35198
         711    2.9e+05     38044 38174.1 38174.1    38008    2806    2806   35202
         712    2.9e+05     38044 38174.1 38177.5    38022    2806    2806   35216
         713    2.9e+05     38044 38173.6 38173.6    38026    2806    2806   35220
         714    2.9e+05     38044 38173.6 38176.8    38023    2806    2806   35217
         715    2.9e+05     38044 38173.3 38173.3    38018    2806    2806   35212
         716    2.9e+05     38044 38173.3 38176.9    38032    2806    2806   35226
         717    2.9e+05     38044   38173   38173    38026    2806    2806   35220
         718    2.9e+05     38044   38173 38176.4    38034    2806    2806   35228
         719    2.9e+05     38044   38173   38173    38030    2806    2806   35224
         720    2.9e+05     38044   38173 38176.2    38024    2806    2806   35218
         721    2.9e+05     38044 38172.7 38172.7    38017    2806    2806   35211
         722    2.9e+05     38044 38172.7   38176    38022    2806    2806   35216
         723    2.9e+05     38044 38172.7 38172.7    38012    2806    2806   35206
         724    2.9e+05     38044 38172.7   38176    38038    2806    2806   35232
         725    2.9e+05     38044 38172.6 38172.6    38017    2806    2806   35211
         726    2.9e+05     38044 38172.6 38175.8    38004    2806    2806   35198
         727    2.9e+05     38044 38172.2 38172.2    38006    2806    2806   35200
         728    2.9e+05     38044 38172.2 38175.6    38027    2806    2806   35221
         729    2.9e+05     38044 38172.1 38172.1    38008    2806    2806   35202
         730    2.9e+05     38044 38172.1 38175.7    38014    2806    2806   35208
         731    2.9e+05     38044 38172.1 38172.1    38011    2806    2806   35205
         732    2.9e+05     38044 38172.1 38175.6    38035    2806    2806   35229
         733    2.9e+05     38044 38171.9 38171.9    38016    2806    2806   35210
         734    2.9e+05     38044 38171.9 38175.4    38015    2806    2806   35209
         735    2.9e+05     38044 38171.9 38172.1    38028    2806    2806   35222
         736    2.9e+05     38044 38171.9 38175.6    38022    2806    2806   35216
         737    2.9e+05     38044 38171.8 38171.8    38024    2806    2806   35218
         738    2.9e+05     38044 38171.8 38175.1    38023    2806    2806   35217
         739    2.9e+05     38044 38171.8 38171.9    38016    2806    2806   35210
         740    2.9e+05     38044 38171.8 38174.8    38014    2806    2806   35208
         741    2.9e+05     38044 38171.7 38171.7    38033    2806    2806   35227
         742    2.9e+05     38044 38171.7 38174.7    38039    2806    2806   35233
         743    2.9e+05     38044 38171.7 38171.7    37980    2806    2806   35174
         744    2.9e+05     38044 38171.7 38174.7    38011    2806    2806   35205
         745    2.9e+05     38044 38171.7 38171.8    38026    2806    2806   35220
         746    2.9e+05     38044 38171.7 38174.8    38018    2806    2806   35212
         747    2.9e+05     38044 38171.5 38171.5    38013    2806    2806   35207
         748    2.9e+05     38044 38171.5 38174.7    38003    2806    2806   35197
         749    2.9e+05     38044 38171.4 38171.4    38024    2806    2806   35218
         750    2.9e+05     38044 38171.4 38174.5    38010    2806    2806   35204
         751    2.9e+05     38044 38171.4 38171.5    38008    2806    2806   35202
         752    2.9e+05     38044 38171.4 38174.7    38005    2806    2806   35199
         753    2.9e+05     38044 38171.3 38171.3    38019    2806    2806   35213
         754    2.9e+05     38044 38171.3 38174.8    38016    2806    2806   35210
         755    2.9e+05     38044 38171.3 38171.3    38015    2806    2806   35209
         756    2.9e+05     38044 38171.3 38174.5    38009    2806    2806   35203
         757    2.9e+05     38044 38171.3 38171.3    38010    2806    2806   35204
         758    2.9e+05     38044 38171.3 38174.4    38019    2806    2806   35213
         759    2.9e+05     38044 38171.3 38171.3    38009    2806    2806   35203
         760    2.9e+05     38044 38171.3 38174.3    38008    2806    2806   35202
         761    2.9e+05     38044 38171.3 38171.5    38026    2806    2806   35220
         762    2.9e+05     38044 38171.3 38174.2    38020    2806    2806   35214
         763    2.9e+05     38044 38171.3 38171.3    38009    2806    2806   35203
         764    2.9e+05     38044 38171.3 38174.2    38011    2806    2806   35205
         765    2.9e+05     38044 38171.1 38171.1    37995    2806    2806   35189
         766    2.9e+05     38044 38171.1 38174.2    38025    2806    2806   35219
         767    2.9e+05     38044   38171   38171    38007    2806    2806   35201
         768    2.9e+05     38044   38171 38174.1    38002    2806    2806   35196
         769    2.9e+05     38044 38170.9 38170.9    38020    2806    2806   35214
         770    2.9e+05     38044 38170.9 38174.2    37995    2806    2806   35189
         771    2.9e+05     38044 38170.9   38171    38027    2806    2806   35221
         772    2.9e+05     38044 38170.9   38174    38016    2806    2806   35210
         773    2.9e+05     38044 38170.8 38170.8    38040    2806    2806   35234
         774    2.9e+05     38044 38170.8 38174.1    38020    2806    2806   35214
         775    2.9e+05     38044 38170.8 38170.8    38031    2806    2806   35225
         776    2.9e+05     38044 38170.8 38174.3    38007    2806    2806   35201
         777    2.9e+05     38044 38170.8 38170.8    38034    2806    2806   35228
         778    2.9e+05     38044 38170.8 38173.9    38012    2806    2806   35206
         779    2.9e+05     38044 38170.7 38170.7    38026    2806    2806   35220
         780    2.9e+05     38044 38170.7   38174    38031    2806    2806   35225
         781    2.9e+05     38044 38170.6 38170.6    38025    2806    2806   35219
         782    2.9e+05     38044 38170.6 38174.2    38011    2806    2806   35205
         783    2.9e+05     38044 38170.6 38170.8    38022    2806    2806   35216
         784    2.9e+05     38044 38170.6   38174    38012    2806    2806   35206
         785    2.9e+05     38044 38170.6 38170.6    38029    2806    2806   35223
         786    2.9e+05     38044 38170.6   38174    38014    2806    2806   35208
         787    2.9e+05     38044 38170.6 38170.8    38024    2806    2806   35218
         788    2.9e+05     38044 38170.6 38173.9    38018    2806    2806   35212
         789    2.9e+05     38044 38170.6 38170.7    38042    2806    2806   35236
         790    2.9e+05     38044 38170.6 38174.1    38010    2806    2806   35204
         791    2.9e+05     38044 38170.6 38170.7    38015    2806    2806   35209
         792    2.9e+05     38044 38170.6 38173.9    38031    2806    2806   35225
         793    2.9e+05     38044 38170.6 38170.7    38015    2806    2806   35209
         794    2.9e+05     38044 38170.6   38174    38007    2806    2806   35201
         795    2.9e+05     38044 38170.6 38170.7    38020    2806    2806   35214
         796    2.9e+05     38044 38170.6 38173.8    38007    2806    2806   35201
         797    2.9e+05     38044 38170.6 38170.8    38028    2806    2806   35222
         798    2.9e+05     38044 38170.6 38173.7    38017    2806    2806   35211
         799    2.9e+05     38044 38170.4 38170.4    38019    2806    2806   35213
         800    2.9e+05     38044 38170.4 38173.8    38019    2806    2806   35213
         801    2.9e+05     38044 38170.4 38170.6    38022    2806    2806   35216
         802    2.9e+05     38044 38170.4 38173.8    38032    2806    2806   35226
         803    2.9e+05     38044 38170.4 38170.6    38014    2806    2806   35208
         804    2.9e+05     38044 38170.4 38173.7    38024    2806    2806   35218
         805    2.9e+05     38044 38170.4 38170.6    38040    2806    2806   35234
         806    2.9e+05     38044 38170.4 38173.6    38020    2806    2806   35214
         807    2.9e+05     38044 38170.4 38170.4    38013    2806    2806   35207
         808    2.9e+05     38044 38170.4 38173.5    38025    2806    2806   35219
         809    2.9e+05     38044 38170.4 38170.4    38004    2806    2806   35198
         810    2.9e+05     38044 38170.4 38173.5    38012    2806    2806   35206
         811    2.9e+05     38044 38170.4 38170.4    38032    2806    2806   35226
         812    2.9e+05     38044 38170.4 38173.6    38014    2806    2806   35208
         813    2.9e+05     38044 38170.4 38170.5    38029    2806    2806   35223
         814    2.9e+05     38044 38170.4 38173.6    38014    2806    2806   35208
         815    2.9e+05     38044 38170.4 38170.5    38021    2806    2806   35215
         816    2.9e+05     38044 38170.4 38173.6    38018    2806    2806   35212
         817    2.9e+05     38044 38170.4 38170.5    38023    2806    2806   35217
         818    2.9e+05     38044 38170.4 38173.5    38023    2806    2806   35217
         819    2.9e+05     38044 38170.3 38170.3    38026    2806    2806   35220
         820    2.9e+05     38044 38170.3 38173.7    38017    2806    2806   35211
         821    2.9e+05     38044 38170.3 38170.5    38033    2806    2806   35227
         822    2.9e+05     38044 38170.3 38173.4    38023    2806    2806   35217
         823    2.9e+05     38044 38170.3 38170.4    38041    2806    2806   35235
         824    2.9e+05     38044 38170.3 38173.4    38016    2806    2806   35210
         825    2.9e+05     38044 38170.3 38170.5    38028    2806    2806   35222
         826    2.9e+05     38044 38170.3 38173.2    38020    2806    2806   35214
         827    2.9e+05     38044 38170.3 38170.6    38022    2806    2806   35216
         828    2.9e+05     38044 38170.3 38173.2    38012    2806    2806   35206
         829    2.9e+05     38044 38170.3 38170.4    38006    2806    2806   35200
         830    2.9e+05     38044 38170.3 38173.4    38020    2806    2806   35214
         831    2.9e+05     38044 38170.3 38170.4    38014    2806    2806   35208
         832    2.9e+05     38044 38170.3   38173    38008    2806    2806   35202
         833    2.9e+05     38044 38170.3 38170.6    38021    2806    2806   35215
         834    2.9e+05     38044 38170.3 38173.3    38007    2806    2806   35201
         835    2.9e+05     38044 38170.3 38170.4    38013    2806    2806   35207
         836    2.9e+05     38044 38170.3 38173.3    38003    2806    2806   35197
         837    2.9e+05     38044 38170.3 38170.5    38027    2806    2806   35221
         838    2.9e+05     38044 38170.3 38173.5    38014    2806    2806   35208
         839    2.9e+05     38044 38170.3 38170.4    38016    2806    2806   35210
         840    2.9e+05     38044 38170.3 38173.1    38017    2806    2806   35211
         841    2.9e+05     38044 38170.3 38170.7    38034    2806    2806   35228
         842    2.9e+05     38044 38170.3 38173.1    38003    2806    2806   35197
         843    2.9e+05     38044 38170.3 38170.4    38024    2806    2806   35218
         844    2.9e+05     38044 38170.3   38173    38005    2806    2806   35199
               reducing step to 0.0015625
         845    2.9e+05     38044 38168.5 38168.5    37964    2806    2806   35158
         846    2.9e+05     38044 38167.5 38167.5    38011    2806    2806   35205
         847    2.9e+05     38044 38167.5 38168.2    38002    2806    2806   35196
         848    2.9e+05     38044 38166.9 38166.9    38007    2806    2806   35201
         849    2.9e+05     38044 38166.9   38168    38034    2806    2806   35228
         850    2.9e+05     38044 38166.7 38166.7    38012    2806    2806   35206
         851    2.9e+05     38044 38166.7 38167.8    38017    2806    2806   35211
         852    2.9e+05     38044 38166.6 38166.6    38014    2806    2806   35208
         853    2.9e+05     38044 38166.6 38167.8    38019    2806    2806   35213
         854    2.9e+05     38044 38166.4 38166.4    38030    2806    2806   35224
         855    2.9e+05     38044 38166.4 38167.6    38028    2806    2806   35222
         856    2.9e+05     38044 38166.4 38166.4    38033    2806    2806   35227
         857    2.9e+05     38044 38166.4 38167.4    38006    2806    2806   35200
         858    2.9e+05     38044 38166.2 38166.2    38038    2806    2806   35232
         859    2.9e+05     38044 38166.2 38167.5    38043    2806    2806   35237
         860    2.9e+05     38044 38166.2 38166.2    38029    2806    2806   35223
         861    2.9e+05     38044 38166.2 38167.5    38019    2806    2806   35213
         862    2.9e+05     38044 38166.2 38166.2    38036    2806    2806   35230
         863    2.9e+05     38044 38166.2 38167.3    38018    2806    2806   35212
         864    2.9e+05     38044 38165.9 38165.9    38024    2806    2806   35218
         865    2.9e+05     38044 38165.9 38167.4    38032    2806    2806   35226
         866    2.9e+05     38044 38165.9 38165.9    38030    2806    2806   35224
         867    2.9e+05     38044 38165.9 38167.1    38023    2806    2806   35217
         868    2.9e+05     38044 38165.9 38165.9    38037    2806    2806   35231
         869    2.9e+05     38044 38165.9 38167.2    38019    2806    2806   35213
         870    2.9e+05     38044 38165.7 38165.7    38031    2806    2806   35225
         871    2.9e+05     38044 38165.7 38167.2    38039    2806    2806   35233
         872    2.9e+05     38044 38165.7 38165.8    38038    2806    2806   35232
         873    2.9e+05     38044 38165.7   38167    38020    2806    2806   35214
         874    2.9e+05     38044 38165.7 38165.7    38031    2806    2806   35225
         875    2.9e+05     38044 38165.7 38166.9    38026    2806    2806   35220
         876    2.9e+05     38044 38165.7 38165.7    38018    2806    2806   35212
         877    2.9e+05     38044 38165.7 38166.9    38035    2806    2806   35229
         878    2.9e+05     38044 38165.6 38165.6    38023    2806    2806   35217
         879    2.9e+05     38044 38165.6 38166.8    38024    2806    2806   35218
         880    2.9e+05     38044 38165.6 38165.7    38034    2806    2806   35228
         881    2.9e+05     38044 38165.6 38166.8    38029    2806    2806   35223
         882    2.9e+05     38044 38165.6 38165.6    38008    2806    2806   35202
         883    2.9e+05     38044 38165.6 38166.8    38011    2806    2806   35205
         884    2.9e+05     38044 38165.6 38165.6    38016    2806    2806   35210
         885    2.9e+05     38044 38165.6 38166.8    38018    2806    2806   35212
         886    2.9e+05     38044 38165.5 38165.5    38026    2806    2806   35220
         887    2.9e+05     38044 38165.5 38166.9    38025    2806    2806   35219
         888    2.9e+05     38044 38165.4 38165.4    38018    2806    2806   35212
         889    2.9e+05     38044 38165.4 38166.7    38019    2806    2806   35213
         890    2.9e+05     38044 38165.3 38165.3    38029    2806    2806   35223
         891    2.9e+05     38044 38165.3 38166.8    38034    2806    2806   35228
         892    2.9e+05     38044 38165.3 38165.3    38022    2806    2806   35216
         893    2.9e+05     38044 38165.3 38166.7    38010    2806    2806   35204
         894    2.9e+05     38044 38165.3 38165.4    38021    2806    2806   35215
         895    2.9e+05     38044 38165.3 38166.6    38007    2806    2806   35201
         896    2.9e+05     38044 38165.3 38165.3    38011    2806    2806   35205
         897    2.9e+05     38044 38165.3 38166.6    38033    2806    2806   35227
         898    2.9e+05     38044 38165.3 38165.3    38016    2806    2806   35210
         899    2.9e+05     38044 38165.3 38166.6    38022    2806    2806   35216
         900    2.9e+05     38044 38165.3 38165.3    38010    2806    2806   35204
         901    2.9e+05     38044 38165.3 38166.5    38003    2806    2806   35197
         902    2.9e+05     38044 38165.3 38165.4    38013    2806    2806   35207
         903    2.9e+05     38044 38165.3 38166.4    38020    2806    2806   35214
         904    2.9e+05     38044 38165.3 38165.5    38017    2806    2806   35211
         905    2.9e+05     38044 38165.3 38166.4    38001    2806    2806   35195
         906    2.9e+05     38044 38165.3 38165.3    38014    2806    2806   35208
         907    2.9e+05     38044 38165.3 38166.5    38012    2806    2806   35206
         908    2.9e+05     38044 38165.2 38165.2    38012    2806    2806   35206
         909    2.9e+05     38044 38165.2 38166.5    38014    2806    2806   35208
         910    2.9e+05     38044 38165.2 38165.3    38012    2806    2806   35206
         911    2.9e+05     38044 38165.2 38166.5    38020    2806    2806   35214
         912    2.9e+05     38044 38165.2 38165.3    38016    2806    2806   35210
         913    2.9e+05     38044 38165.2 38166.4    38017    2806    2806   35211
         914    2.9e+05     38044 38165.2 38165.2    38012    2806    2806   35206
         915    2.9e+05     38044 38165.2 38166.3    38020    2806    2806   35214
         916    2.9e+05     38044 38165.1 38165.1    38026    2806    2806   35220
         917    2.9e+05     38044 38165.1 38166.4    38024    2806    2806   35218
         918    2.9e+05     38044 38165.1 38165.1    38023    2806    2806   35217
         919    2.9e+05     38044 38165.1 38166.4    38021    2806    2806   35215
         920    2.9e+05     38044   38165   38165    38020    2806    2806   35214
         921    2.9e+05     38044   38165 38166.3    38016    2806    2806   35210
         922    2.9e+05     38044   38165 38165.2    38015    2806    2806   35209
         923    2.9e+05     38044   38165 38166.3    38014    2806    2806   35208
         924    2.9e+05     38044   38165 38165.2    38028    2806    2806   35222
         925    2.9e+05     38044   38165 38166.2    38005    2806    2806   35199
         926    2.9e+05     38044   38165 38165.1    38013    2806    2806   35207
         927    2.9e+05     38044   38165 38166.2    38014    2806    2806   35208
         928    2.9e+05     38044   38165 38165.3    38017    2806    2806   35211
         929    2.9e+05     38044   38165 38166.2    38016    2806    2806   35210
         930    2.9e+05     38044   38165 38165.1    38035    2806    2806   35229
         931    2.9e+05     38044   38165 38166.2    38009    2806    2806   35203
         932    2.9e+05     38044   38165 38165.2    38025    2806    2806   35219
         933    2.9e+05     38044   38165 38166.1    38032    2806    2806   35226
         934    2.9e+05     38044   38165   38165    38008    2806    2806   35202
         935    2.9e+05     38044   38165 38166.2    38012    2806    2806   35206
         936    2.9e+05     38044   38165   38165    38028    2806    2806   35222
         937    2.9e+05     38044   38165 38166.1    38031    2806    2806   35225
         938    2.9e+05     38044 38164.9 38164.9    38013    2806    2806   35207
         939    2.9e+05     38044 38164.9 38166.2    38027    2806    2806   35221
         940    2.9e+05     38044 38164.9 38164.9    38002    2806    2806   35196
         941    2.9e+05     38044 38164.9 38166.2    38018    2806    2806   35212
         942    2.9e+05     38044 38164.9 38165.1    38015    2806    2806   35209
         943    2.9e+05     38044 38164.9 38166.1    38022    2806    2806   35216
         944    2.9e+05     38044 38164.9   38165    38010    2806    2806   35204
         945    2.9e+05     38044 38164.9 38166.1    38020    2806    2806   35214
         946    2.9e+05     38044 38164.9 38164.9    38021    2806    2806   35215
         947    2.9e+05     38044 38164.9 38166.1    38013    2806    2806   35207
         948    2.9e+05     38044 38164.9   38165    38007    2806    2806   35201
         949    2.9e+05     38044 38164.9   38166    38014    2806    2806   35208
         950    2.9e+05     38044 38164.9 38164.9    38018    2806    2806   35212
         951    2.9e+05     38044 38164.9 38166.1    38017    2806    2806   35211
         952    2.9e+05     38044 38164.9   38165    38004    2806    2806   35198
         953    2.9e+05     38044 38164.9 38166.1    38023    2806    2806   35217
         954    2.9e+05     38044 38164.9 38164.9    38013    2806    2806   35207
         955    2.9e+05     38044 38164.9   38166    38012    2806    2806   35206
         956    2.9e+05     38044 38164.9   38165    38022    2806    2806   35216
         957    2.9e+05     38044 38164.9   38166    38020    2806    2806   35214
         958    2.9e+05     38044 38164.9 38164.9    38030    2806    2806   35224
         959    2.9e+05     38044 38164.9 38166.2    38024    2806    2806   35218
         960    2.9e+05     38044 38164.9   38165    38033    2806    2806   35227
         961    2.9e+05     38044 38164.9 38166.1    38013    2806    2806   35207
         962    2.9e+05     38044 38164.8 38164.8    38012    2806    2806   35206
         963    2.9e+05     38044 38164.8 38166.1    38011    2806    2806   35205
         964    2.9e+05     38044 38164.8 38164.8    38014    2806    2806   35208
         965    2.9e+05     38044 38164.8 38166.1    38016    2806    2806   35210
         966    2.9e+05     38044 38164.8 38164.9    38018    2806    2806   35212
         967    2.9e+05     38044 38164.8   38166    38008    2806    2806   35202
         968    2.9e+05     38044 38164.8 38164.9    38012    2806    2806   35206
         969    2.9e+05     38044 38164.8   38166    38025    2806    2806   35219
         970    2.9e+05     38044 38164.8 38164.8    38006    2806    2806   35200
         971    2.9e+05     38044 38164.8 38165.9    38019    2806    2806   35213
         972    2.9e+05     38044 38164.8 38164.9    38016    2806    2806   35210
         973    2.9e+05     38044 38164.8 38165.9    37999    2806    2806   35193
         974    2.9e+05     38044 38164.8 38164.8    38014    2806    2806   35208
         975    2.9e+05     38044 38164.8 38165.8    38021    2806    2806   35215
         976    2.9e+05     38044 38164.8   38165    38011    2806    2806   35205
         977    2.9e+05     38044 38164.8 38165.9    38018    2806    2806   35212
         978    2.9e+05     38044 38164.8 38164.9    38029    2806    2806   35223
         979    2.9e+05     38044 38164.8 38165.9    38027    2806    2806   35221
         980    2.9e+05     38044 38164.8 38164.8    38015    2806    2806   35209
         981    2.9e+05     38044 38164.8 38165.9    38017    2806    2806   35211
         982    2.9e+05     38044 38164.8 38164.9    38026    2806    2806   35220
         983    2.9e+05     38044 38164.8   38166    38013    2806    2806   35207
         984    2.9e+05     38044 38164.8 38164.9    38026    2806    2806   35220
         985    2.9e+05     38044 38164.8 38165.9    38031    2806    2806   35225
         986    2.9e+05     38044 38164.8 38164.8    38022    2806    2806   35216
         987    2.9e+05     38044 38164.8 38165.8    38017    2806    2806   35211
         988    2.9e+05     38044 38164.8 38164.8    38012    2806    2806   35206
         989    2.9e+05     38044 38164.8 38165.9    38036    2806    2806   35230
         990    2.9e+05     38044 38164.7 38164.7    38013    2806    2806   35207
         991    2.9e+05     38044 38164.7 38165.8    38037    2806    2806   35231
         992    2.9e+05     38044 38164.7 38164.7    38019    2806    2806   35213
         993    2.9e+05     38044 38164.7 38165.7    38025    2806    2806   35219
         994    2.9e+05     38044 38164.7 38164.9    38006    2806    2806   35200
         995    2.9e+05     38044 38164.7 38165.9    38024    2806    2806   35218
         996    2.9e+05     38044 38164.7 38164.7    38012    2806    2806   35206
         997    2.9e+05     38044 38164.7   38166    38026    2806    2806   35220
         998    2.9e+05     38044 38164.7 38164.8    38026    2806    2806   35220
         999    2.9e+05     38044 38164.7 38165.9    38027    2806    2806   35221
        1000    2.9e+05     38044 38164.7 38164.8    38030    2806    2806   35224
Total time used by klau is 1962.82
true_align (18772) and est_align (2806) DO NOT have the same number of elements.
method klau has a score of 8.45%
method klau used 1962.816 seconds.
maximum values in init align row is:  18771
maximum values in init align col is:  18771
 best   iter   pr-delta       obj  weight    card overlap
    *      1    3.7e-01   31455.5    2825    2825   30043
           2    1.5e-01   31386.5    2825    2825   29974
           3    7.2e-02   31313.5    2825    2825   29901
           4    3.4e-02   31286.5    2825    2825   29874
           5    1.7e-02   31318.5    2825    2825   29906
           6    8.7e-03   31259.5    2825    2825   29847
           7    4.6e-03   31222.5    2825    2825   29810
           8    2.5e-03   31193.5    2825    2825   29781
           9    1.4e-03   31193.5    2825    2825   29781
          10    7.7e-04   31197.5    2825    2825   29785
          11    4.4e-04   31197.5    2825    2825   29785
          12    2.6e-04   31197.5    2825    2825   29785
          13    1.5e-04   31197.5    2825    2825   29785
          14    9.0e-05   31197.5    2825    2825   29785
          15    5.4e-05   31197.5    2825    2825   29785
          16    3.3e-05   31199.5    2825    2825   29787
          17    2.0e-05   31199.5    2825    2825   29787
          18    1.3e-05   31199.5    2825    2825   29787
          19    7.9e-06   31199.5    2825    2825   29787
          20    5.0e-06   31199.5    2825    2825   29787
          21    3.1e-06   31199.5    2825    2825   29787
          22    2.0e-06   31199.5    2825    2825   29787
          23    1.3e-06   31199.5    2825    2825   29787
          24    8.1e-07   31199.5    2825    2825   29787
          25    5.2e-07   31199.5    2825    2825   29787
          26    3.4e-07   31199.5    2825    2825   29787
          27    2.2e-07   31199.5    2825    2825   29787
          28    1.4e-07   31199.5    2825    2825   29787
          29    9.2e-08   31199.5    2825    2825   29787
          30    6.0e-08   31199.5    2825    2825   29787
          31    3.9e-08   31199.5    2825    2825   29787
          32    2.6e-08   31199.5    2825    2825   29787
          33    1.7e-08   31199.5    2825    2825   29787
          34    1.1e-08   31199.5    2825    2825   29787
          35    7.2e-09   31199.5    2825    2825   29787
          36    4.8e-09   31199.5    2825    2825   29787
          37    3.1e-09   31199.5    2825    2825   29787
          38    2.1e-09   31199.5    2825    2825   29787
          39    1.4e-09   31199.5    2825    2825   29787
          40    9.0e-10   31199.5    2825    2825   29787
          41    5.9e-10   31199.5    2825    2825   29787
          42    3.9e-10   31199.5    2825    2825   29787
          43    2.6e-10   31199.5    2825    2825   29787
          44    1.7e-10   31199.5    2825    2825   29787
          45    1.1e-10   31199.5    2825    2825   29787
          46    7.5e-11   31199.5    2825    2825   29787
          47    4.9e-11   31199.5    2825    2825   29787
          48    3.3e-11   31199.5    2825    2825   29787
          49    2.2e-11   31199.5    2825    2825   29787
          50    1.4e-11   31199.5    2825    2825   29787
          51    9.5e-12   31199.5    2825    2825   29787
          52    6.3e-12   31199.5    2825    2825   29787
          53    4.2e-12   31199.5    2825    2825   29787
          54    2.8e-12   31199.5    2825    2825   29787
          55    1.8e-12   31199.5    2825    2825   29787
          56    1.2e-12   31199.5    2825    2825   29787
          57    8.1e-13   31199.5    2825    2825   29787
Total time used by isorank is 27.29
true_align (18772) and est_align (2833) DO NOT have the same number of elements.
method isorank has a score of 0.43%
method isorank used 27.291 seconds.
experiment results:
     method     score         time
0  netalign  8.459408   106.667693
1      klau  8.454081  1962.815828
2   isorank  0.431494    27.290694
