Permutation sanity check error is 15444.0.
Permutation sanity check error is 776008.0.
num_init for this graph is 14
Generating initial alignment matrix using degree ...
mode is  degree
number of noisy edges are:  14
Average number of initial alignments for each node is 28
maximum values in init align row is:  18771
maximum values in init align col is:  18756
Recovering sparse matrix L took 0.15 sec.
Time for degree: 0.69 sec
iteration 1
Time for iteration 1: 9.67 sec, diff = 0.12489
iteration 2
Time for iteration 2: 59.77 sec, diff = 0.01609
iteration 3
Time for iteration 3: 84.11 sec, diff = 0.00796
iteration 4
Time for iteration 4: 81.31 sec, diff = 0.00581
iteration 5
Time for iteration 5: 84.93 sec, diff = 0.00483
iteration 6
Time for iteration 6: 80.84 sec, diff = 0.00420
iteration 7
Time for iteration 7: 81.74 sec, diff = 0.00372
iteration 8
Time for iteration 8: 79.56 sec, diff = 0.00332
iteration 9
Time for iteration 9: 81.75 sec, diff = 0.00297
iteration 10
Time for iteration 10: 80.47 sec, diff = 0.00266
iteration 11
Time for iteration 11: 80.24 sec, diff = 0.00239
iteration 12
Time for iteration 12: 80.86 sec, diff = 0.00215
iteration 13
Time for iteration 13: 81.46 sec, diff = 0.00193
iteration 14
Time for iteration 14: 81.02 sec, diff = 0.00174
iteration 15
Time for iteration 15: 80.25 sec, diff = 0.00156
iteration 16
Time for iteration 16: 79.41 sec, diff = 0.00140
iteration 17
Time for iteration 17: 79.46 sec, diff = 0.00126
iteration 18
Time for iteration 18: 80.94 sec, diff = 0.00114
iteration 19
Time for iteration 19: 79.76 sec, diff = 0.00102
iteration 20
Time for iteration 20: 79.30 sec, diff = 0.00092
iteration 21
Time for iteration 21: 79.66 sec, diff = 0.00083
iteration 22
Time for iteration 22: 79.25 sec, diff = 0.00074
iteration 23
Time for iteration 23: 79.35 sec, diff = 0.00067
iteration 24
Time for iteration 24: 79.24 sec, diff = 0.00060
iteration 25
Time for iteration 25: 79.52 sec, diff = 0.00054
iteration 26
Time for iteration 26: 79.33 sec, diff = 0.00049
iteration 27
Time for iteration 27: 79.42 sec, diff = 0.00044
iteration 28
Time for iteration 28: 79.36 sec, diff = 0.00040
iteration 29
Time for iteration 29: 79.69 sec, diff = 0.00036
iteration 30
Time for iteration 30: 79.43 sec, diff = 0.00032
iteration 31
Time for iteration 31: 79.76 sec, diff = 0.00029
iteration 32
Time for iteration 32: 79.84 sec, diff = 0.00026
iteration 33
Time for iteration 33: 79.67 sec, diff = 0.00023
iteration 34
Time for iteration 34: 79.81 sec, diff = 0.00021
iteration 35
Time for iteration 35: 79.98 sec, diff = 0.00019
iteration 36
Time for iteration 36: 83.07 sec, diff = 0.00017
iteration 37
Time for iteration 37: 80.71 sec, diff = 0.00015
iteration 38
Time for iteration 38: 80.60 sec, diff = 0.00014
iteration 39
Time for iteration 39: 80.77 sec, diff = 0.00012
iteration 40
Time for iteration 40: 81.07 sec, diff = 0.00011
iteration 41
Time for iteration 41: 81.53 sec, diff = 0.00010
iteration 42
Time for iteration 42: 81.07 sec, diff = 0.00009
iteration 43
Time for iteration 43: 79.44 sec, diff = 0.00008
iteration 44
Time for iteration 44: 79.34 sec, diff = 0.00007
iteration 45
Time for iteration 45: 79.33 sec, diff = 0.00007
iteration 46
Time for iteration 46: 79.53 sec, diff = 0.00006
iteration 47
Time for iteration 47: 79.24 sec, diff = 0.00005
iteration 48
Time for iteration 48: 79.58 sec, diff = 0.00005
iteration 49
Time for iteration 49: 79.56 sec, diff = 0.00004
iteration 50
Time for iteration 50: 79.86 sec, diff = 0.00004
Total time used by final is 3989.80 sec.
true_align and est_align have the same number of elements.
method final has a score of 15.89%
method final used 3989.803 seconds.
maximum values in init align row is:  18771
maximum values in init align col is:  18756
best   iter    obj_ma wght_ma card_ma over_ma    obj_mb wght_mb card_mb over_mb
  *a      1     32831    2832    2832   29999     32831    2832    2832   29999
          2     14892    2124    2124   12768     16465    2211    2211   14254
          3     21673    2646    2646   19027     17378    1853    1853   15525
          4      8280    2215    2215    6065      7860    1769    1769    6091
          5     28973    2779    2779   26194     28940    2704    2704   26236
  *b      6     35504    2823    2823   32681     35505    2753    2753   32752
          7     35308    2751    2751   32557     35501    2639    2639   32862
          8     25494    2614    2614   22880     25636    2205    2205   23431
          9     31792    2636    2636   29156     26652    2050    2050   24602
         10     30069    2687    2687   27382     29685    2551    2551   27134
         11     33856    2769    2769   31087     33698    2686    2686   31012
  *a     12     37112    2802    2802   34310     36942    2670    2670   34272
         13     36625    2786    2786   33839     35917    2587    2587   33330
         14     36514    2774    2774   33740     35694    2569    2569   33125
         15     36727    2759    2759   33968     35307    2565    2565   32742
         16     36900    2770    2770   34130     35995    2634    2634   33361
         17     37084    2789    2789   34295     37003    2716    2716   34287
  *a     18     37160    2796    2796   34364     37056    2714    2714   34342
         19     37082    2797    2797   34285     36805    2697    2697   34108
         20     37085    2784    2784   34301     36671    2680    2680   33991
  *a     21     37229    2791    2791   34438     36846    2686    2686   34160
  *a     22     37306    2795    2795   34511     37228    2716    2716   34512
         23     37287    2796    2796   34491     37183    2739    2739   34444
         24     37168    2789    2789   34379     37173    2737    2737   34436
         25     37281    2792    2792   34489     37150    2735    2735   34415
         26     37228    2780    2780   34448     37147    2722    2722   34425
         27     37248    2781    2781   34467     37150    2732    2732   34418
         28     37163    2784    2784   34379     37192    2741    2741   34451
         29     37288    2787    2787   34501     37214    2741    2741   34473
         30     37277    2793    2793   34484     37279    2752    2752   34527
         31     37277    2792    2792   34485     37303    2753    2753   34550
  *b     32     37349    2801    2801   34548     37357    2770    2770   34587
         33     37318    2798    2798   34520     37321    2761    2761   34560
         34     37334    2796    2796   34538     37327    2762    2762   34565
  *a     35     37365    2797    2797   34568     37352    2759    2759   34593
  *a     36     37393    2802    2802   34591     37356    2755    2755   34601
         37     37383    2797    2797   34586     37345    2759    2759   34586
         38     37351    2792    2792   34559     37340    2765    2765   34575
         39     37318    2787    2787   34531     37370    2769    2769   34601
         40     37314    2785    2785   34529     37342    2767    2767   34575
         41     37312    2784    2784   34528     37313    2761    2761   34552
         42     37339    2792    2792   34547     37340    2768    2768   34572
         43     37343    2794    2794   34549     37350    2772    2772   34578
         44     37338    2794    2794   34544     37345    2770    2770   34575
         45     37362    2796    2796   34566     37285    2767    2767   34518
  *a     46     37402    2798    2798   34604     37356    2772    2772   34584
         47     37392    2800    2800   34592     37339    2776    2776   34563
         48     37382    2800    2800   34582     37305    2773    2773   34532
         49     37385    2800    2800   34585     37381    2774    2774   34607
         50     37386    2800    2800   34586     37320    2773    2773   34547
         51     37388    2798    2798   34590     37245    2774    2774   34471
         52     37384    2797    2797   34587     37233    2775    2775   34458
         53     37380    2800    2800   34580     37262    2770    2770   34492
         54     37377    2801    2801   34576     37313    2770    2770   34543
         55     37377    2801    2801   34576     37298    2766    2766   34532
  *a     56     37413    2802    2802   34611     37202    2767    2767   34435
  *a     57     37415    2802    2802   34613     37055    2754    2754   34301
  *a     58     37423    2801    2801   34622     37089    2759    2759   34330
         59     37404    2797    2797   34607     37036    2761    2761   34275
         60     37400    2797    2797   34603     37080    2763    2763   34317
         61     37393    2799    2799   34594     37125    2766    2766   34359
         62     37399    2801    2801   34598     37107    2770    2770   34337
         63     37399    2800    2800   34599     37129    2768    2768   34361
         64     37402    2802    2802   34600     37152    2767    2767   34385
         65     37407    2802    2802   34605     37227    2765    2765   34462
         66     37407    2802    2802   34605     37228    2767    2767   34461
         67     37404    2802    2802   34602     37105    2760    2760   34345
         68     37400    2802    2802   34598     37127    2762    2762   34365
         69     37391    2802    2802   34589     37113    2762    2762   34351
         70     37388    2802    2802   34586     37124    2772    2772   34352
         71     37388    2802    2802   34586     37120    2773    2773   34347
         72     37390    2802    2802   34588     37129    2770    2770   34359
         73     37386    2802    2802   34584     37270    2774    2774   34496
         74     37365    2802    2802   34563     37212    2771    2771   34441
         75     37365    2802    2802   34563     37243    2774    2774   34469
         76     37369    2802    2802   34567     37206    2774    2774   34432
         77     37371    2802    2802   34569     37205    2776    2776   34429
         78     37371    2802    2802   34569     37186    2778    2778   34408
         79     37363    2802    2802   34561     37234    2778    2778   34456
         80     37360    2800    2800   34560     37200    2777    2777   34423
         81     37361    2802    2802   34559     37231    2781    2781   34450
         82     37352    2799    2799   34553     37191    2775    2775   34416
         83     37353    2799    2799   34554     37180    2774    2774   34406
         84     37359    2801    2801   34558     37179    2774    2774   34405
         85     37361    2801    2801   34560     37192    2775    2775   34417
         86     37361    2801    2801   34560     37302    2775    2775   34527
         87     37359    2801    2801   34558     37313    2780    2780   34533
         88     37356    2800    2800   34556     37273    2780    2780   34493
         89     37358    2801    2801   34557     37267    2783    2783   34484
         90     37358    2801    2801   34557     37303    2787    2787   34516
         91     37359    2801    2801   34558     37201    2779    2779   34422
         92     37355    2800    2800   34555     37203    2779    2779   34424
         93     37357    2801    2801   34556     37222    2781    2781   34441
         94     37360    2800    2800   34560     37229    2780    2780   34449
         95     37358    2800    2800   34558     37266    2780    2780   34486
         96     37359    2801    2801   34558     37275    2784    2784   34491
         97     37359    2801    2801   34558     37306    2784    2784   34522
         98     37358    2801    2801   34557     37330    2783    2783   34547
         99     37355    2801    2801   34554     37272    2781    2781   34491
        100     37356    2801    2801   34555     37257    2781    2781   34476
Total time used by netalign is 52.98
true_align (18772) and est_align (2801) DO NOT have the same number of elements.
method netalign has a score of 8.57%
method netalign used 52.981 seconds.
maximum values in init align row is:  18771
maximum values in init align col is:  18756
 best   iter     norm-u     lower   upper     cur      obj  weight    card overlap
    *      1    0.0e+00     35042 42106.5 42106.5    35042    2833    2833   32209
           2    2.3e+04     35042 42106.5 46110.8    30289    2831    2831   27458
           3    3.2e+04     35042 42106.5 44315.6    29361    2835    2835   26526
           4    4.3e+04     35042 42106.5 45341.1    28521    2831    2831   25690
           5    5.1e+04     35042 42106.5 44203.4    27643    2832    2832   24811
           6    6.0e+04     35042 42106.5 44868.3    26880    2833    2833   24047
           7    6.6e+04     35042 42106.5 44110.9    26564    2832    2832   23732
           8    7.4e+04     35042 42106.5 44402.3    25448    2833    2833   22615
           9    8.0e+04     35042 42106.5   44211    25577    2831    2831   22746
          10    8.7e+04     35042 42106.5 44214.5    25254    2832    2832   22422
          11    9.3e+04     35042 42106.5 44039.9    24767    2831    2831   21936
          12    9.9e+04     35042 42106.5 44156.9    24595    2833    2833   21762
          13    1.0e+05     35042 42106.5 43931.9    24310    2832    2832   21478
          14    1.1e+05     35042 42106.5 44057.9    24896    2831    2831   22065
          15    1.2e+05     35042 42106.5 43709.8    24028    2831    2831   21197
          16    1.2e+05     35042 42106.5 43953.4    23861    2832    2832   21029
          17    1.3e+05     35042 42106.5 43728.6    23775    2834    2834   20941
          18    1.3e+05     35042 42106.5 43778.9    24665    2830    2830   21835
          19    1.4e+05     35042 42106.5 43630.9    24550    2829    2829   21721
          20    1.4e+05     35042 42106.5 43706.9    25032    2830    2830   22202
          21    1.4e+05     35042 42106.5 43542.4    23851    2831    2831   21020
          22    1.5e+05     35042 42106.5 43671.2    23393    2831    2831   20562
          23    1.5e+05     35042 42106.5 43433.2    23267    2831    2831   20436
          24    1.6e+05     35042 42106.5 43524.9    23358    2832    2832   20526
          25    1.6e+05     35042 42106.5 43420.3    23305    2829    2829   20476
          26    1.7e+05     35042 42106.5 43468.2    23964    2832    2832   21132
               reducing step to 0.2
          27    1.7e+05     35042 41742.1 41742.1    23989    2830    2830   21159
          28    1.7e+05     35042   40989   40989    23594    2831    2831   20763
          29    1.7e+05     35042 40982.5 40982.5    23529    2832    2832   20697
          30    1.7e+05     35042 40782.5 40782.5    23149    2829    2829   20320
          31    1.8e+05     35042 40692.7 40692.7    24118    2832    2832   21286
          32    1.8e+05     35042 40512.4 40512.4    24230    2826    2826   21404
          33    1.8e+05     35042 40512.4 40524.1    24108    2829    2829   21279
          34    1.8e+05     35042 40421.6 40421.6    23835    2831    2831   21004
          35    1.8e+05     35042 40421.6 40425.7    24878    2829    2829   22049
          36    1.8e+05     35042 40305.8 40305.8    24493    2825    2825   21668
          37    1.8e+05     35042 40305.8 40312.1    26366    2828    2828   23538
          38    1.9e+05     35042 40173.8 40173.8    25845    2831    2831   23014
          39    1.9e+05     35042 40173.8 40303.1    25790    2825    2825   22965
          40    1.9e+05     35042 40116.2 40116.2    25795    2826    2826   22969
          41    1.9e+05     35042 40116.2   40188    26049    2826    2826   23223
          42    1.9e+05     35042   40098   40098    26874    2826    2826   24048
          43    1.9e+05     35042   40098 40102.9    28244    2823    2823   25421
          44    1.9e+05     35042 40011.9 40011.9    28354    2823    2823   25531
          45    2.0e+05     35042 40011.9 40014.9    26307    2825    2825   23482
          46    2.0e+05     35042 40011.9 40059.1    25977    2826    2826   23151
          47    2.0e+05     35042 40011.9 40017.3    27841    2824    2824   25017
          48    2.0e+05     35042 39910.7 39910.7    27773    2824    2824   24949
          49    2.0e+05     35042 39910.7 39984.1    27622    2825    2825   24797
          50    2.0e+05     35042 39910.7   39913    27355    2825    2825   24530
          51    2.0e+05     35042 39910.7 39949.9    27022    2823    2823   24199
          52    2.0e+05     35042   39808   39808    27292    2823    2823   24469
          53    2.0e+05     35042   39808 39907.2    28347    2821    2821   25526
          54    2.1e+05     35042   39808 39824.5    28323    2823    2823   25500
          55    2.1e+05     35042   39808 39876.4    28174    2822    2822   25352
          56    2.1e+05     35042   39808   39826    28256    2821    2821   25435
          57    2.1e+05     35042 39801.1 39801.1    29782    2821    2821   26961
          58    2.1e+05     35042 39790.6 39790.6    29431    2823    2823   26608
          59    2.1e+05     35042 39790.6 39814.6    28852    2821    2821   26031
          60    2.1e+05     35042 39790.6 39809.2    27881    2826    2826   25055
          61    2.1e+05     35042 39763.8 39763.8    27819    2818    2818   25001
          62    2.1e+05     35042   39726   39726    28397    2821    2821   25576
          63    2.1e+05     35042   39704   39704    29472    2821    2821   26651
          64    2.2e+05     35042   39704 39758.1    28694    2819    2819   25875
          65    2.2e+05     35042   39704 39726.5    29309    2823    2823   26486
          66    2.2e+05     35042   39704 39719.5    29658    2818    2818   26840
          67    2.2e+05     35042   39700   39700    28931    2820    2820   26111
          68    2.2e+05     35042 39626.3 39626.3    29693    2823    2823   26870
          69    2.2e+05     35042 39626.3 39662.5    29242    2817    2817   26425
          70    2.2e+05     35042 39626.3 39639.9    29852    2820    2820   27032
          71    2.2e+05     35042 39602.3 39602.3    30256    2819    2819   27437
          72    2.2e+05     35042 39602.3 39625.3    29291    2821    2821   26470
          73    2.2e+05     35042 39602.3 39623.3    29376    2819    2819   26557
          74    2.2e+05     35042 39602.3 39607.6    29877    2821    2821   27056
          75    2.3e+05     35042 39587.1 39587.1    29904    2820    2820   27084
          76    2.3e+05     35042 39587.1 39613.1    28920    2820    2820   26100
          77    2.3e+05     35042 39509.8 39509.8    30880    2817    2817   28063
          78    2.3e+05     35042 39509.8 39548.4    30499    2817    2817   27682
          79    2.3e+05     35042 39472.4 39472.4    30347    2822    2822   27525
          80    2.3e+05     35042 39472.4 39651.1    28374    2817    2817   25557
          81    2.3e+05     35042 39472.4 39572.8    28272    2823    2823   25449
          82    2.3e+05     35042 39472.4 39547.6    28519    2819    2819   25700
          83    2.3e+05     35042 39472.4 39481.5    29951    2818    2818   27133
          84    2.3e+05     35042 39455.3 39455.3    31127    2818    2818   28309
          85    2.3e+05     35042 39455.3 39477.1    31296    2815    2815   28481
          86    2.3e+05     35042 39455.3 39514.8    31372    2819    2819   28553
          87    2.3e+05     35042 39455.3   39457    31123    2816    2816   28307
          88    2.4e+05     35042 39455.3 39474.7    31715    2822    2822   28893
          89    2.4e+05     35042 39455.3 39505.6    30404    2817    2817   27587
          90    2.4e+05     35042 39438.9 39438.9    30296    2820    2820   27476
          91    2.4e+05     35042 39438.9 39455.2    30142    2818    2818   27324
          92    2.4e+05     35042 39438.9 39523.7    29616    2823    2823   26793
          93    2.4e+05     35042 39438.9 39446.6    29777    2814    2814   26963
          94    2.4e+05     35042 39323.4 39323.4    30147    2821    2821   27326
          95    2.4e+05     35042 39323.4 39507.1    29788    2816    2816   26972
          96    2.4e+05     35042 39323.4 39408.2    30494    2818    2818   27676
          97    2.4e+05     35042 39323.4 39437.5    29727    2816    2816   26911
          98    2.4e+05     35042 39323.4 39467.1    29994    2819    2819   27175
          99    2.4e+05     35042 39323.4 39351.2    31825    2819    2819   29006
         100    2.4e+05     35042 39323.4 39329.9    31870    2817    2817   29053
         101    2.4e+05     35042 39323.4 39437.1    31676    2818    2818   28858
         102    2.4e+05     35042 39323.4 39412.5    30973    2818    2818   28155
         103    2.5e+05     35042 39323.4 39385.1    31751    2818    2818   28933
         104    2.5e+05     35042 39313.8 39313.8    32114    2819    2819   29295
         105    2.5e+05     35042 39313.8 39411.5    30922    2818    2818   28104
         106    2.5e+05     35042 39313.8 39397.8    30912    2816    2816   28096
         107    2.5e+05     35042 39298.6 39298.6    30581    2816    2816   27765
         108    2.5e+05     35042 39298.6 39389.1    31218    2819    2819   28399
         109    2.5e+05     35042 39286.9 39286.9    31416    2816    2816   28600
         110    2.5e+05     35042 39286.9 39367.5    31342    2818    2818   28524
         111    2.5e+05     35042 39286.9 39330.6    31408    2815    2815   28593
         112    2.5e+05     35042 39286.9 39307.2    33045    2815    2815   30230
         113    2.5e+05     35042 39286.9 39291.7    32981    2814    2814   30167
         114    2.5e+05     35042 39286.9 39365.6    31664    2818    2818   28846
         115    2.5e+05     35042 39286.9 39289.5    31481    2817    2817   28664
         116    2.5e+05     35042 39286.9 39365.5    30538    2817    2817   27721
         117    2.5e+05     35042 39286.9 39299.9    29952    2818    2818   27134
         118    2.5e+05     35042 39286.9 39361.4    30473    2818    2818   27655
         119    2.5e+05     35042 39213.3 39213.3    30657    2817    2817   27840
         120    2.6e+05     35042 39213.3 39301.2    31442    2816    2816   28626
         121    2.6e+05     35042 39213.3 39231.8    32133    2814    2814   29319
         122    2.6e+05     35042 39213.3 39260.3    31297    2819    2819   28478
         123    2.6e+05     35042 39213.3   39346    31872    2816    2816   29056
         124    2.6e+05     35042 39213.3 39227.6    31790    2818    2818   28972
         125    2.6e+05     35042 39213.3 39315.3    31819    2815    2815   29004
         126    2.6e+05     35042 39213.3 39294.2    30405    2816    2816   27589
         127    2.6e+05     35042 39213.3 39262.1    32300    2816    2816   29484
         128    2.6e+05     35042 39213.3 39270.6    31070    2815    2815   28255
         129    2.6e+05     35042 39213.3 39226.6    32468    2816    2816   29652
         130    2.6e+05     35042 39213.3 39244.5    32570    2818    2818   29752
         131    2.6e+05     35042 39213.3 39241.9    33116    2814    2814   30302
         132    2.6e+05     35042 39213.3 39233.4    31254    2813    2813   28441
         133    2.6e+05     35042 39213.3 39226.3    31619    2816    2816   28803
         134    2.6e+05     35042 39213.3 39260.8    32144    2813    2813   29331
         135    2.6e+05     35042 39213.3 39224.3    31458    2813    2813   28645
         136    2.6e+05     35042 39213.2 39213.2    30993    2815    2815   28178
         137    2.6e+05     35042 39213.2 39230.6    31292    2816    2816   28476
         138    2.6e+05     35042 39190.7 39190.7    32173    2821    2821   29352
         139    2.7e+05     35042 39190.7 39199.5    32241    2817    2817   29424
         140    2.7e+05     35042 39190.7 39208.5    31186    2817    2817   28369
         141    2.7e+05     35042 39190.7 39222.5    30174    2818    2818   27356
         142    2.7e+05     35042 39190.7 39257.9    30337    2817    2817   27520
         143    2.7e+05     35042 39190.7 39219.7    30420    2816    2816   27604
         144    2.7e+05     35042 39159.4 39159.4    31459    2816    2816   28643
         145    2.7e+05     35042 39157.9 39157.9    31812    2819    2819   28993
         146    2.7e+05     35042 39156.1 39156.1    31038    2818    2818   28220
         147    2.7e+05     35042 39156.1 39187.4    31690    2816    2816   28874
         148    2.7e+05     35042 39155.6 39155.6    32155    2816    2816   29339
         149    2.7e+05     35042 39155.6 39250.6    32400    2816    2816   29584
         150    2.7e+05     35042 39155.6 39178.5    33005    2816    2816   30189
         151    2.7e+05     35042 39155.6 39278.4    32812    2815    2815   29997
         152    2.7e+05     35042 39098.3 39098.3    32866    2814    2814   30052
         153    2.7e+05     35042 39098.3 39158.6    32723    2816    2816   29907
         154    2.7e+05     35042 39077.5 39077.5    32461    2816    2816   29645
         155    2.7e+05     35042 39077.5 39294.1    32294    2813    2813   29481
         156    2.7e+05     35042 39077.5 39118.2    32279    2815    2815   29464
         157    2.7e+05     35042 39077.5 39182.8    33021    2814    2814   30207
         158    2.7e+05     35042 39077.5 39130.1    33235    2816    2816   30419
         159    2.7e+05     35042 39077.5 39139.7    34641    2812    2812   31829
         160    2.7e+05     35042 39077.5 39146.6    33725    2812    2812   30913
         161    2.8e+05     35042 39077.5 39148.8    33513    2816    2816   30697
         162    2.8e+05     35042 39077.5 39134.3    33221    2814    2814   30407
         163    2.8e+05     35042 39077.5 39186.7    33112    2816    2816   30296
         164    2.8e+05     35042 39042.4 39042.4    32763    2816    2816   29947
         165    2.8e+05     35042 39042.4 39257.5    32821    2812    2812   30009
         166    2.8e+05     35042 39034.6 39034.6    32874    2815    2815   30059
         167    2.8e+05     35042 39034.6 39219.6    31688    2815    2815   28873
         168    2.8e+05     35042 39016.7 39016.7    31108    2815    2815   28293
         169    2.8e+05     35042 39016.7 39290.3    31012    2818    2818   28194
         170    2.8e+05     35042 39016.7   39051    32015    2814    2814   29201
         171    2.8e+05     35042 39016.7   39181    33646    2813    2813   30833
         172    2.8e+05     35042 39016.7 39034.3    34465    2816    2816   31649
         173    2.8e+05     35042 39016.7   39258    33092    2813    2813   30279
         174    2.8e+05     35042 38971.1 38971.1    32685    2814    2814   29871
         175    2.8e+05     35042 38971.1 39225.1    32443    2818    2818   29625
         176    2.8e+05     35042 38971.1 39055.4    33376    2814    2814   30562
         177    2.8e+05     35042 38971.1 39230.5    34113    2813    2813   31300
         178    2.8e+05     35042 38971.1 39002.9    33748    2810    2810   30938
         179    2.8e+05     35042 38971.1 39161.7    33510    2813    2813   30697
         180    2.8e+05     35042 38971.1 39015.2    33037    2813    2813   30224
         181    2.8e+05     35042 38971.1 39219.2    32279    2817    2817   29462
         182    2.8e+05     35042 38971.1 39075.5    33778    2813    2813   30965
         183    2.8e+05     35042 38971.1 39195.1    33820    2814    2814   31006
         184    2.8e+05     35042 38971.1 39004.6    33973    2815    2815   31158
         185    2.8e+05     35042 38971.1 39208.3    34122    2813    2813   31309
         186    2.8e+05     35042 38971.1 39010.4    33878    2815    2815   31063
         187    2.8e+05     35042 38971.1 39204.1    33872    2813    2813   31059
         188    2.9e+05     35042 38971.1 39028.4    33838    2814    2814   31024
         189    2.9e+05     35042 38971.1 39040.2    34331    2812    2812   31519
         190    2.9e+05     35042 38971.1 38997.3    34516    2812    2812   31704
         191    2.9e+05     35042 38971.1 39187.3    33913    2814    2814   31099
         192    2.9e+05     35042 38971.1   38985    34517    2812    2812   31705
         193    2.9e+05     35042 38971.1 39210.9    34163    2814    2814   31349
         194    2.9e+05     35042 38951.1 38951.1    33329    2814    2814   30515
         195    2.9e+05     35042 38951.1 39155.1    32667    2818    2818   29849
         196    2.9e+05     35042 38951.1 39091.8    30137    2815    2815   27322
         197    2.9e+05     35042 38951.1 39294.5    30455    2819    2819   27636
         198    2.9e+05     35042 38951.1 39027.8    31507    2817    2817   28690
         199    2.9e+05     35042 38951.1 39051.7    32647    2814    2814   29833
         200    2.9e+05     35042 38951.1 39011.4    34098    2814    2814   31284
         201    2.9e+05     35042 38951.1 39152.4    33690    2812    2812   30878
         202    2.9e+05     35042 38951.1 38979.6    34252    2814    2814   31438
         203    2.9e+05     35042 38951.1 39167.8    33772    2812    2812   30960
         204    2.9e+05     35042 38951.1 38993.6    34370    2813    2813   31557
         205    2.9e+05     35042 38951.1 39089.9    34729    2811    2811   31918
         206    2.9e+05     35042 38951.1 38976.4    34358    2812    2812   31546
         207    2.9e+05     35042 38951.1 39080.9    33961    2814    2814   31147
         208    2.9e+05     35042 38951.1 39012.6    33003    2814    2814   30189
         209    2.9e+05     35042 38951.1 39136.3    32047    2816    2816   29231
         210    2.9e+05     35042 38951.1 39071.5    32010    2817    2817   29193
         211    2.9e+05     35042 38951.1 39111.1    32311    2813    2813   29498
         212    2.9e+05     35042 38951.1 39120.5    32757    2816    2816   29941
         213    2.9e+05     35042 38951.1 39106.1    33316    2814    2814   30502
         214    2.9e+05     35042 38925.6 38925.6    33853    2814    2814   31039
         215    2.9e+05     35042 38925.6 39186.8    32990    2812    2812   30178
         216    2.9e+05     35042 38925.6 38938.2    33397    2816    2816   30581
         217    2.9e+05     35042 38925.6 39198.1    34430    2814    2814   31616
         218    2.9e+05     35042 38925.6 38931.8    34508    2814    2814   31694
         219    2.9e+05     35042 38925.6 39170.2    34631    2816    2816   31815
         220    2.9e+05     35042 38919.2 38919.2    34463    2813    2813   31650
         221    3.0e+05     35042 38919.2 39124.7    33921    2811    2811   31110
         222    3.0e+05     35042 38919.2   38948    33863    2813    2813   31050
         223    3.0e+05     35042 38919.2 39247.8    34290    2813    2813   31477
         224    3.0e+05     35042 38919.2 38974.7    33697    2813    2813   30884
         225    3.0e+05     35042 38919.2 39060.1    34270    2816    2816   31454
         226    3.0e+05     35042 38919.2 38956.5    33202    2815    2815   30387
         227    3.0e+05     35042 38919.2 39174.7    34126    2812    2812   31314
    *    228    3.0e+05     35065 38894.3 38894.3    35065    2810    2810   32255
    *    229    3.0e+05     35210 38894.3 39120.2    35210    2810    2810   32400
    *    230    3.0e+05     35383 38894.3   38951    35383    2811    2811   32572
    *    231    3.0e+05     35609 38894.3 39146.1    35609    2809    2809   32800
         232    3.0e+05     35609 38894.3 38926.2    34351    2810    2810   31541
         233    3.0e+05     35609 38894.3 39145.3    33850    2814    2814   31036
         234    3.0e+05     35609 38894.3 38942.7    34584    2816    2816   31768
         235    3.0e+05     35609 38894.3 39175.5    34888    2812    2812   32076
         236    3.0e+05     35609 38894.3 38928.9    34284    2813    2813   31471
         237    3.0e+05     35609 38894.3 39145.3    33110    2812    2812   30298
         238    3.0e+05     35609 38894.3 38989.7    31873    2816    2816   29057
         239    3.0e+05     35609 38894.3 39137.6    32833    2813    2813   30020
         240    3.0e+05     35609 38894.3 38980.3    32948    2816    2816   30132
         241    3.0e+05     35609 38894.3 39116.5    32378    2815    2815   29563
         242    3.0e+05     35609 38894.3 38961.4    33285    2814    2814   30471
         243    3.0e+05     35609 38894.3 39156.1    33869    2810    2810   31059
         244    3.0e+05     35609 38894.3 38981.2    34327    2811    2811   31516
         245    3.0e+05     35609 38894.3 39042.4    34381    2814    2814   31567
         246    3.0e+05     35609 38894.3 38926.8    34786    2811    2811   31975
         247    3.0e+05     35609 38894.3 39162.4    34381    2815    2815   31566
         248    3.0e+05     35609 38894.3 38898.6    34613    2813    2813   31800
         249    3.0e+05     35609 38894.3 39132.2    33758    2811    2811   30947
         250    3.0e+05     35609 38894.3 38943.3    34576    2814    2814   31762
         251    3.0e+05     35609 38894.3 39101.1    33850    2812    2812   31038
         252    3.0e+05     35609 38894.3 38924.2    33894    2813    2813   31081
         253    3.0e+05     35609 38894.3 39159.3    33763    2813    2813   30950
               reducing step to 0.1
         254    3.0e+05     35609 38452.7 38452.7    32378    2814    2814   29564
         255    3.0e+05     35609 38234.4 38234.4    31205    2810    2810   28395
         256    3.0e+05     35609 38221.1 38221.1    33142    2812    2812   30330
         257    3.0e+05     35609 38187.4 38187.4    35129    2814    2814   32315
    *    258    3.0e+05     35893 38187.4 38191.6    35893    2810    2810   33083
         259    3.0e+05     35893 38173.3 38173.3    35774    2811    2811   32963
    *    260    3.0e+05     35902 38173.3 38178.2    35902    2810    2810   33092
    *    261    3.0e+05     36500 38142.6 38142.6    36500    2809    2809   33691
    *    262    3.0e+05     36898 38142.6 38176.5    36898    2809    2809   34089
         263    3.0e+05     36898 38142.6 38153.3    36694    2808    2808   33886
         264    3.0e+05     36898 38142.6 38145.5    36730    2809    2809   33921
         265    3.0e+05     36898 38139.6 38139.6    36578    2808    2808   33770
    *    266    3.0e+05     37067 38139.6 38150.3    37067    2807    2807   34260
         267    3.0e+05     37067 38137.7 38137.7    37052    2809    2809   34243
         268    3.0e+05     37067 38137.7 38161.3    36824    2809    2809   34015
         269    3.0e+05     37067 38135.3 38135.3    36870    2809    2809   34061
         270    3.0e+05     37067 38135.3 38155.6    36918    2808    2808   34110
         271    3.0e+05     37067 38131.2 38131.2    37036    2808    2808   34228
    *    272    3.0e+05     37131 38131.2 38153.2    37131    2808    2808   34323
    *    273    3.0e+05     37145 38131.2 38136.7    37145    2808    2808   34337
    *    274    3.0e+05     37235 38131.2   38154    37235    2808    2808   34427
         275    3.0e+05     37235 38129.9 38129.9    37198    2808    2808   34390
         276    3.0e+05     37235 38129.9 38153.1    37211    2808    2808   34403
         277    3.0e+05     37235 38129.2 38129.2    37182    2808    2808   34374
    *    278    3.0e+05     37242 38129.2 38143.2    37242    2807    2807   34435
         279    3.0e+05     37242 38129.2 38129.4    37238    2808    2808   34430
    *    280    3.0e+05     37249 38129.2 38141.7    37249    2808    2808   34441
         281    3.0e+05     37249 38123.8 38123.8    37147    2809    2809   34338
         282    3.0e+05     37249 38123.8 38143.8    37202    2808    2808   34394
         283    3.0e+05     37249 38123.3 38123.3    37177    2808    2808   34369
         284    3.0e+05     37249 38123.3 38138.6    37217    2808    2808   34409
         285    3.0e+05     37249 38123.3 38125.8    37201    2808    2808   34393
         286    3.0e+05     37249 38123.3 38138.7    37202    2808    2808   34394
         287    3.0e+05     37249 38123.3 38124.9    37245    2808    2808   34437
         288    3.0e+05     37249 38123.3 38139.9    37208    2808    2808   34400
         289    3.0e+05     37249 38118.4 38118.4    37180    2808    2808   34372
         290    3.0e+05     37249 38118.4 38136.2    37226    2808    2808   34418
         291    3.0e+05     37249 38117.2 38117.2    37219    2808    2808   34411
         292    3.1e+05     37249 38117.2 38143.7    37226    2808    2808   34418
         293    3.1e+05     37249 38116.2 38116.2    37205    2808    2808   34397
         294    3.1e+05     37249 38116.2 38136.5    37239    2808    2808   34431
         295    3.1e+05     37249 38116.2 38118.1    37237    2808    2808   34429
         296    3.1e+05     37249 38116.2 38133.8    37245    2807    2807   34438
         297    3.1e+05     37249 38116.2 38120.2    37211    2808    2808   34403
         298    3.1e+05     37249 38116.2 38135.2    37171    2808    2808   34363
         299    3.1e+05     37249 38114.1 38114.1    37205    2808    2808   34397
         300    3.1e+05     37249 38114.1 38137.3    37179    2808    2808   34371
         301    3.1e+05     37249 38114.1 38117.9    37177    2808    2808   34369
         302    3.1e+05     37249 38114.1 38133.2    37240    2808    2808   34432
         303    3.1e+05     37249 38114.1 38117.5    37248    2808    2808   34440
    *    304    3.1e+05     37258 38114.1 38138.2    37258    2808    2808   34450
         305    3.1e+05     37258 38114.1 38116.6    37251    2808    2808   34443
         306    3.1e+05     37258 38114.1 38133.5    37248    2808    2808   34440
         307    3.1e+05     37258   38113   38113    37196    2808    2808   34388
         308    3.1e+05     37258   38113 38129.5    37245    2808    2808   34437
         309    3.1e+05     37258   38113 38117.1    37234    2808    2808   34426
    *    310    3.1e+05     37264   38113 38134.9    37264    2808    2808   34456
         311    3.1e+05     37264 38104.1 38104.1    37228    2808    2808   34420
         312    3.1e+05     37264 38104.1 38140.2    37262    2808    2808   34454
         313    3.1e+05     37264   38103   38103    37213    2808    2808   34405
    *    314    3.1e+05     37272   38103 38137.3    37272    2807    2807   34465
         315    3.1e+05     37272   38103 38103.6    37212    2808    2808   34404
         316    3.1e+05     37272   38103 38144.9    37195    2807    2807   34388
         317    3.1e+05     37272 38099.8 38099.8    37222    2808    2808   34414
         318    3.1e+05     37272 38099.8 38137.8    37150    2807    2807   34343
         319    3.1e+05     37272 38099.8 38102.4    37201    2808    2808   34393
         320    3.1e+05     37272 38099.8 38136.9    37166    2809    2809   34357
         321    3.1e+05     37272 38099.8   38102    37229    2808    2808   34421
         322    3.1e+05     37272 38099.8 38142.6    37256    2808    2808   34448
         323    3.1e+05     37272 38099.8   38103    37212    2808    2808   34404
    *    324    3.1e+05     37287 38099.8 38140.1    37287    2808    2808   34479
         325    3.1e+05     37287 38099.8 38103.9    37222    2808    2808   34414
         326    3.1e+05     37287 38099.8 38140.1    37202    2807    2807   34395
         327    3.1e+05     37287 38099.8 38100.9    37226    2808    2808   34418
         328    3.1e+05     37287 38099.8 38136.9    37229    2808    2808   34421
         329    3.1e+05     37287 38099.8 38101.3    37222    2808    2808   34414
         330    3.1e+05     37287 38099.8 38136.2    37222    2808    2808   34414
         331    3.1e+05     37287 38099.5 38099.5    37268    2808    2808   34460
         332    3.1e+05     37287 38099.5   38135    37271    2807    2807   34464
         333    3.1e+05     37287 38099.5   38103    37183    2808    2808   34375
         334    3.1e+05     37287 38099.5   38131    37251    2808    2808   34443
         335    3.1e+05     37287 38099.5   38102    37241    2808    2808   34433
    *    336    3.1e+05     37293 38099.5 38130.5    37293    2808    2808   34485
         337    3.1e+05     37293 38099.5   38106    37232    2808    2808   34424
         338    3.1e+05     37293 38099.5 38128.7    37286    2808    2808   34478
         339    3.1e+05     37293 38099.5   38109    37180    2808    2808   34372
         340    3.1e+05     37293 38099.5 38135.5    37245    2808    2808   34437
         341    3.1e+05     37293 38098.4 38098.4    36905    2809    2809   34096
         342    3.1e+05     37293 38098.4   38135    37245    2808    2808   34437
         343    3.1e+05     37293 38098.4 38101.5    37038    2808    2808   34230
         344    3.1e+05     37293 38098.4   38131    37251    2808    2808   34443
         345    3.1e+05     37293 38098.4   38106    37228    2808    2808   34420
         346    3.1e+05     37293 38098.4 38126.9    37281    2808    2808   34473
         347    3.1e+05     37293 38098.4 38106.1    37266    2808    2808   34458
         348    3.1e+05     37293 38098.4 38129.9    37152    2808    2808   34344
         349    3.1e+05     37293 38098.4 38102.1    37211    2808    2808   34403
         350    3.1e+05     37293 38098.4 38142.3    37277    2807    2807   34470
         351    3.1e+05     37293 38098.4 38105.7    37257    2808    2808   34449
         352    3.1e+05     37293 38098.4 38122.9    37278    2808    2808   34470
         353    3.1e+05     37293 38098.4 38104.9    37240    2808    2808   34432
         354    3.1e+05     37293 38098.4 38119.5    37231    2807    2807   34424
         355    3.1e+05     37293 38098.4 38104.4    37227    2808    2808   34419
         356    3.1e+05     37293 38098.4 38127.7    37280    2807    2807   34473
         357    3.1e+05     37293 38097.4 38097.4    37186    2808    2808   34378
         358    3.1e+05     37293 38097.4 38125.5    37282    2808    2808   34474
         359    3.1e+05     37293 38097.4 38097.4    37222    2808    2808   34414
         360    3.1e+05     37293 38097.4 38128.3    37226    2808    2808   34418
         361    3.1e+05     37293 38097.4 38107.9    37224    2808    2808   34416
         362    3.1e+05     37293 38097.4 38118.6    37217    2808    2808   34409
         363    3.1e+05     37293 38097.4 38115.3    37153    2809    2809   34344
         364    3.1e+05     37293 38097.4 38114.6    37254    2808    2808   34446
         365    3.1e+05     37293 38097.4 38105.8    37280    2808    2808   34472
         366    3.1e+05     37293 38097.4 38116.1    37276    2808    2808   34468
         367    3.1e+05     37293 38097.4 38101.7    37289    2808    2808   34481
         368    3.1e+05     37293 38097.4 38114.3    37271    2808    2808   34463
         369    3.1e+05     37293 38097.4 38101.5    37221    2808    2808   34413
         370    3.1e+05     37293 38097.4 38115.9    37280    2808    2808   34472
         371    3.1e+05     37293 38097.4 38102.6    37204    2809    2809   34395
         372    3.1e+05     37293 38097.4 38122.4    37288    2808    2808   34480
         373    3.1e+05     37293 38097.4   38107    37253    2808    2808   34445
         374    3.1e+05     37293 38097.4 38114.4    37265    2808    2808   34457
         375    3.1e+05     37293 38097.4 38097.4    37273    2808    2808   34465
         376    3.1e+05     37293 38097.4 38117.6    37255    2808    2808   34447
         377    3.1e+05     37293 38097.4 38104.8    37273    2808    2808   34465
         378    3.1e+05     37293 38097.4   38120    37272    2808    2808   34464
         379    3.1e+05     37293 38097.4 38099.3    37274    2808    2808   34466
         380    3.1e+05     37293 38097.4 38125.7    37258    2807    2807   34451
         381    3.1e+05     37293 38097.4 38102.1    37263    2808    2808   34455
         382    3.1e+05     37293 38097.4 38120.7    37251    2808    2808   34443
         383    3.1e+05     37293 38097.4 38099.2    37277    2808    2808   34469
         384    3.1e+05     37293 38097.4 38119.6    37268    2808    2808   34460
               reducing step to 0.05
         385    3.1e+05     37293 37902.9 37902.9    36226    2809    2809   33417
         386    3.1e+05     37293 37831.1 37831.1    36219    2811    2811   33408
         387    3.1e+05     37293 37831.1 37854.7    36997    2808    2808   34189
         388    3.1e+05     37293 37831.1 37831.3    37120    2808    2808   34312
         389    3.1e+05     37293 37831.1 37831.9    36616    2809    2809   33807
         390    3.1e+05     37293 37830.9 37830.9    36792    2808    2808   33984
         391    3.1e+05     37293   37825   37825    37174    2808    2808   34366
         392    3.1e+05     37293 37819.3 37819.3    36773    2808    2808   33965
    *    393    3.1e+05     37322 37819.3 37829.2    37322    2808    2808   34514
         394    3.1e+05     37322 37814.9 37814.9    37304    2808    2808   34496
         395    3.1e+05     37322 37814.9 37825.5    37281    2808    2808   34473
    *    396    3.1e+05     37355 37814.9 37816.3    37355    2808    2808   34547
         397    3.1e+05     37355 37814.9 37816.7    37346    2808    2808   34538
    *    398    3.1e+05     37361 37814.9 37818.4    37361    2808    2808   34553
         399    3.1e+05     37361   37812   37812    37354    2808    2808   34546
         400    3.1e+05     37361   37812 37822.6    37350    2808    2808   34542
    *    401    3.1e+05     37366   37812 37816.3    37366    2808    2808   34558
         402    3.1e+05     37366   37812 37814.8    37325    2808    2808   34517
         403    3.1e+05     37366   37812 37813.1    37361    2808    2808   34553
         404    3.1e+05     37366   37812 37816.6    37342    2808    2808   34534
    *    405    3.1e+05     37370   37810   37810    37370    2808    2808   34562
         406    3.1e+05     37370   37810 37815.4    37354    2808    2808   34546
         407    3.1e+05     37370   37810 37811.1    37357    2808    2808   34549
         408    3.1e+05     37370   37810 37811.6    37356    2808    2808   34548
         409    3.1e+05     37370 37809.3 37809.3    37356    2808    2808   34548
    *    410    3.1e+05     37377 37809.3 37812.4    37377    2807    2807   34570
         411    3.1e+05     37377 37808.2 37808.2    37363    2808    2808   34555
         412    3.1e+05     37377 37808.2 37813.1    37352    2808    2808   34544
         413    3.1e+05     37377 37808.2 37809.6    37377    2808    2808   34569
         414    3.1e+05     37377 37808.2 37810.1    37330    2808    2808   34522
         415    3.1e+05     37377 37806.7 37806.7    37366    2808    2808   34558
         416    3.1e+05     37377 37806.7 37815.2    37350    2808    2808   34542
         417    3.1e+05     37377 37806.7 37807.3    37351    2808    2808   34543
         418    3.1e+05     37377 37806.7 37811.8    37341    2808    2808   34533
         419    3.1e+05     37377 37806.7 37808.7    37357    2808    2808   34549
         420    3.1e+05     37377 37806.7 37811.7    37314    2808    2808   34506
         421    3.1e+05     37377 37806.7 37808.7    37317    2808    2808   34509
         422    3.1e+05     37377 37806.7 37810.7    37332    2808    2808   34524
         423    3.1e+05     37377 37806.7 37810.3    37366    2808    2808   34558
         424    3.1e+05     37377 37806.7 37809.5    37367    2808    2808   34559
         425    3.1e+05     37377 37806.7 37807.4    37351    2808    2808   34543
         426    3.1e+05     37377 37806.7 37807.3    37350    2808    2808   34542
         427    3.1e+05     37377 37806.7 37807.2    37351    2808    2808   34543
         428    3.1e+05     37377 37806.1 37806.1    37363    2808    2808   34555
         429    3.1e+05     37377 37806.1 37808.4    37363    2808    2808   34555
         430    3.1e+05     37377 37806.1 37806.9    37360    2808    2808   34552
         431    3.1e+05     37377 37806.1 37809.4    37375    2808    2808   34567
         432    3.1e+05     37377 37806.1 37807.9    37351    2808    2808   34543
         433    3.1e+05     37377 37806.1 37806.7    37358    2808    2808   34550
         434    3.1e+05     37377 37805.9 37805.9    37370    2808    2808   34562
         435    3.1e+05     37377 37805.9 37808.9    37364    2808    2808   34556
         436    3.1e+05     37377 37805.8 37805.8    37346    2808    2808   34538
    *    437    3.1e+05     37384 37805.8 37808.2    37384    2808    2808   34576
         438    3.1e+05     37384 37805.5 37805.5    37346    2808    2808   34538
         439    3.1e+05     37384 37805.5 37808.8    37355    2808    2808   34547
         440    3.1e+05     37384 37805.2 37805.2    37370    2808    2808   34562
         441    3.1e+05     37384 37805.2 37806.2    37349    2808    2808   34541
         442    3.1e+05     37384 37805.2   37806    37358    2808    2808   34550
         443    3.1e+05     37384 37805.2 37806.2    37371    2808    2808   34563
         444    3.1e+05     37384 37805.2 37805.8    37352    2808    2808   34544
         445    3.1e+05     37384 37805.2 37806.4    37368    2808    2808   34560
         446    3.1e+05     37384   37805   37805    37352    2808    2808   34544
         447    3.1e+05     37384 37804.9 37804.9    37351    2808    2808   34543
         448    3.1e+05     37384 37804.9 37805.5    37351    2808    2808   34543
    *    449    3.1e+05     37385 37803.8 37803.8    37385    2808    2808   34577
         450    3.1e+05     37385 37803.8 37805.4    37341    2808    2808   34533
         451    3.1e+05     37385 37803.8   37805    37354    2808    2808   34546
         452    3.1e+05     37385 37803.8   37806    37357    2808    2808   34549
         453    3.1e+05     37385 37803.8 37805.8    37346    2808    2808   34538
         454    3.1e+05     37385 37803.8 37805.1    37343    2808    2808   34535
         455    3.1e+05     37385 37803.8 37805.1    37357    2808    2808   34549
         456    3.1e+05     37385 37803.8 37803.8    37353    2808    2808   34545
         457    3.1e+05     37385 37803.8   37807    37354    2808    2808   34546
         458    3.1e+05     37385 37803.8 37803.8    37367    2808    2808   34559
         459    3.1e+05     37385 37803.8 37809.3    37353    2808    2808   34545
         460    3.1e+05     37385 37802.9 37802.9    37350    2808    2808   34542
         461    3.1e+05     37385 37802.9 37805.2    37365    2808    2808   34557
         462    3.1e+05     37385 37802.9 37806.4    37355    2808    2808   34547
         463    3.1e+05     37385 37802.1 37802.1    37334    2808    2808   34526
         464    3.1e+05     37385 37802.1 37804.6    37350    2808    2808   34542
         465    3.1e+05     37385 37802.1 37803.1    37376    2808    2808   34568
         466    3.1e+05     37385 37802.1   37804    37362    2808    2808   34554
         467    3.1e+05     37385 37802.1 37802.1    37361    2808    2808   34553
         468    3.1e+05     37385 37802.1 37805.3    37358    2808    2808   34550
         469    3.1e+05     37385 37802.1   37804    37372    2808    2808   34564
         470    3.1e+05     37385 37802.1 37803.1    37349    2808    2808   34541
         471    3.1e+05     37385 37802.1 37803.5    37361    2808    2808   34553
         472    3.1e+05     37385 37802.1 37804.7    37357    2807    2807   34550
         473    3.1e+05     37385 37802.1 37803.3    37366    2808    2808   34558
         474    3.1e+05     37385 37801.5 37801.5    37367    2807    2807   34560
         475    3.1e+05     37385 37801.5   37804    37351    2808    2808   34543
         476    3.1e+05     37385 37801.5 37802.3    37336    2808    2808   34528
         477    3.1e+05     37385 37801.5 37805.8    37328    2808    2808   34520
         478    3.1e+05     37385 37800.4 37800.4    37343    2808    2808   34535
         479    3.1e+05     37385 37800.4   37804    37356    2808    2808   34548
         480    3.1e+05     37385 37800.4 37801.6    37372    2808    2808   34564
         481    3.1e+05     37385 37800.4 37804.2    37357    2808    2808   34549
         482    3.1e+05     37385 37800.4 37800.6    37342    2807    2807   34535
         483    3.1e+05     37385 37800.4 37805.4    37347    2808    2808   34539
         484    3.1e+05     37385 37800.4 37802.7    37322    2807    2807   34515
         485    3.1e+05     37385 37800.4 37803.5    37351    2808    2808   34543
         486    3.1e+05     37385 37800.4 37801.7    37337    2808    2808   34529
         487    3.1e+05     37385 37800.4 37804.8    37368    2808    2808   34560
         488    3.1e+05     37385 37799.3 37799.3    37358    2808    2808   34550
         489    3.1e+05     37385 37799.3 37806.2    37367    2808    2808   34559
         490    3.1e+05     37385 37799.3 37801.1    37323    2808    2808   34515
         491    3.1e+05     37385 37799.3 37804.5    37367    2808    2808   34559
         492    3.1e+05     37385 37799.3 37799.8    37339    2808    2808   34531
         493    3.1e+05     37385 37799.3 37804.5    37360    2808    2808   34552
         494    3.1e+05     37385 37799.3 37800.2    37365    2808    2808   34557
         495    3.1e+05     37385 37799.3 37803.3    37363    2808    2808   34555
         496    3.1e+05     37385 37799.3 37800.2    37363    2808    2808   34555
         497    3.1e+05     37385 37799.3 37800.4    37351    2808    2808   34543
         498    3.1e+05     37385 37799.3 37801.9    37347    2808    2808   34539
         499    3.1e+05     37385 37799.3 37800.6    37372    2808    2808   34564
         500    3.1e+05     37385 37799.3 37800.8    37346    2808    2808   34538
         501    3.1e+05     37385 37799.3 37800.4    37371    2808    2808   34563
         502    3.1e+05     37385 37799.3 37803.5    37360    2808    2808   34552
         503    3.1e+05     37385 37799.3 37800.1    37366    2808    2808   34558
         504    3.1e+05     37385 37799.3 37800.1    37325    2808    2808   34517
         505    3.1e+05     37385 37799.3   37803    37352    2808    2808   34544
         506    3.1e+05     37385 37798.4 37798.4    37361    2808    2808   34553
         507    3.1e+05     37385 37798.4 37802.3    37351    2808    2808   34543
         508    3.1e+05     37385 37798.4 37799.4    37223    2808    2808   34415
         509    3.1e+05     37385 37797.9 37797.9    37330    2808    2808   34522
         510    3.1e+05     37385 37797.9   37801    37368    2808    2808   34560
         511    3.1e+05     37385 37797.9 37800.9    37336    2808    2808   34528
         512    3.1e+05     37385 37797.9 37799.3    37347    2808    2808   34539
         513    3.1e+05     37385 37797.9 37802.4    37360    2808    2808   34552
         514    3.1e+05     37385 37797.9 37801.2    37358    2808    2808   34550
         515    3.1e+05     37385 37797.9 37801.4    37350    2808    2808   34542
         516    3.1e+05     37385 37797.9 37802.1    37352    2808    2808   34544
         517    3.1e+05     37385 37797.9 37800.9    37352    2808    2808   34544
         518    3.1e+05     37385 37797.9 37801.1    37352    2808    2808   34544
         519    3.1e+05     37385 37797.9 37799.2    37352    2808    2808   34544
         520    3.1e+05     37385 37797.9 37802.2    37364    2808    2808   34556
         521    3.1e+05     37385 37797.9 37800.2    37360    2808    2808   34552
         522    3.1e+05     37385 37797.9 37801.5    37340    2808    2808   34532
         523    3.1e+05     37385 37797.9 37801.7    37354    2808    2808   34546
         524    3.1e+05     37385 37797.9 37800.6    37357    2808    2808   34549
         525    3.1e+05     37385 37797.9 37799.5    37351    2808    2808   34543
         526    3.1e+05     37385 37797.9 37800.5    37353    2808    2808   34545
         527    3.1e+05     37385 37797.9 37798.2    37346    2808    2808   34538
         528    3.1e+05     37385 37797.9 37800.6    37340    2808    2808   34532
         529    3.1e+05     37385 37797.9 37798.4    37347    2808    2808   34539
         530    3.1e+05     37385 37797.9 37800.5    37346    2808    2808   34538
         531    3.1e+05     37385 37797.9 37798.9    37360    2808    2808   34552
         532    3.1e+05     37385 37797.9 37799.9    37346    2808    2808   34538
         533    3.1e+05     37385 37797.9 37799.5    37368    2808    2808   34560
         534    3.1e+05     37385 37797.9 37800.8    37354    2808    2808   34546
               reducing step to 0.025
         535    3.1e+05     37385 37717.6 37717.6    36641    2810    2810   33831
         536    3.1e+05     37385 37682.9 37682.9    37114    2808    2808   34306
         537    3.1e+05     37385 37682.9   37706    37270    2808    2808   34462
         538    3.1e+05     37385 37677.9 37677.9    37185    2808    2808   34377
         539    3.1e+05     37385 37677.9   37693    37167    2808    2808   34359
         540    3.1e+05     37385 37676.1 37676.1    37335    2808    2808   34527
         541    3.1e+05     37385 37676.1 37692.5    37336    2808    2808   34528
         542    3.1e+05     37385 37669.1 37669.1    37333    2808    2808   34525
         543    3.1e+05     37385 37669.1   37691    37375    2808    2808   34567
         544    3.1e+05     37385 37668.7 37668.7    37360    2808    2808   34552
         545    3.1e+05     37385 37668.7 37689.3    37376    2808    2808   34568
         546    3.1e+05     37385 37667.1 37667.1    37373    2808    2808   34565
         547    3.1e+05     37385 37667.1 37686.5    37378    2808    2808   34570
         548    3.1e+05     37385 37666.3 37666.3    37375    2808    2808   34567
         549    3.1e+05     37385 37666.3   37684    37371    2808    2808   34563
    *    550    3.1e+05     37389 37665.5 37665.5    37389    2808    2808   34581
         551    3.1e+05     37389 37665.5 37685.5    37382    2808    2808   34574
    *    552    3.1e+05     37392 37665.5 37665.7    37392    2808    2808   34584
         553    3.1e+05     37392 37665.5 37684.6    37363    2808    2808   34555
         554    3.1e+05     37392 37664.5 37664.5    37388    2808    2808   34580
         555    3.1e+05     37392 37664.5 37684.3    37371    2808    2808   34563
         556    3.1e+05     37392 37664.1 37664.1    37365    2808    2808   34557
         557    3.1e+05     37392 37664.1 37683.1    37379    2808    2808   34571
    *    558    3.1e+05     37394 37664.1 37664.9    37394    2808    2808   34586
         559    3.1e+05     37394 37664.1   37683    37383    2808    2808   34575
         560    3.1e+05     37394 37663.3 37663.3    37394    2808    2808   34586
         561    3.1e+05     37394 37663.3 37681.8    37348    2808    2808   34540
    *    562    3.1e+05     37405 37663.3 37665.8    37405    2808    2808   34597
         563    3.1e+05     37405 37663.3 37681.4    37372    2807    2807   34565
         564    3.1e+05     37405 37663.3 37663.9    37399    2808    2808   34591
         565    3.1e+05     37405 37663.3 37682.8    37390    2808    2808   34582
         566    3.1e+05     37405 37661.9 37661.9    37361    2808    2808   34553
         567    3.1e+05     37405 37661.9 37682.1    37376    2808    2808   34568
         568    3.1e+05     37405 37661.9 37662.7    37389    2808    2808   34581
         569    3.1e+05     37405 37661.9 37682.3    37371    2808    2808   34563
         570    3.1e+05     37405 37661.9 37662.6    37382    2808    2808   34574
         571    3.1e+05     37405 37661.9 37681.4    37370    2808    2808   34562
         572    3.1e+05     37405 37661.1 37661.1    37393    2808    2808   34585
         573    3.1e+05     37405 37661.1 37683.3    37378    2808    2808   34570
         574    3.1e+05     37405 37660.6 37660.6    37384    2808    2808   34576
         575    3.1e+05     37405 37660.6 37682.5    37394    2808    2808   34586
         576    3.1e+05     37405 37660.6 37660.9    37386    2808    2808   34578
         577    3.1e+05     37405 37660.6 37681.9    37400    2808    2808   34592
         578    3.1e+05     37405 37660.6 37661.9    37388    2808    2808   34580
         579    3.1e+05     37405 37660.6 37680.5    37371    2808    2808   34563
         580    3.1e+05     37405 37660.6 37662.6    37392    2808    2808   34584
         581    3.1e+05     37405 37660.6 37680.7    37401    2808    2808   34593
         582    3.1e+05     37405 37660.6 37661.5    37396    2808    2808   34588
         583    3.1e+05     37405 37660.6 37681.3    37372    2808    2808   34564
         584    3.1e+05     37405 37660.6 37660.9    37389    2808    2808   34581
         585    3.1e+05     37405 37660.6 37680.8    37397    2808    2808   34589
         586    3.1e+05     37405 37660.6 37660.6    37387    2808    2808   34579
         587    3.1e+05     37405 37660.6 37680.9    37376    2808    2808   34568
         588    3.1e+05     37405 37659.7 37659.7    37401    2808    2808   34593
         589    3.1e+05     37405 37659.7 37681.5    37388    2808    2808   34580
         590    3.1e+05     37405 37659.7 37660.8    37396    2808    2808   34588
         591    3.1e+05     37405 37659.7 37680.5    37394    2808    2808   34586
    *    592    3.1e+05     37406 37659.7   37661    37406    2808    2808   34598
         593    3.1e+05     37406 37659.7 37680.1    37388    2808    2808   34580
         594    3.1e+05     37406 37659.2 37659.2    37392    2808    2808   34584
         595    3.1e+05     37406 37659.2 37680.4    37399    2808    2808   34591
         596    3.1e+05     37406 37659.2 37660.2    37379    2808    2808   34571
         597    3.1e+05     37406 37659.2 37680.9    37391    2808    2808   34583
         598    3.1e+05     37406 37659.2 37660.5    37391    2808    2808   34583
         599    3.1e+05     37406 37659.2 37680.6    37387    2808    2808   34579
         600    3.1e+05     37406 37659.2 37660.2    37404    2808    2808   34596
         601    3.1e+05     37406 37659.2 37679.4    37398    2808    2808   34590
         602    3.1e+05     37406 37659.2 37659.6    37398    2808    2808   34590
         603    3.1e+05     37406 37659.2 37680.1    37388    2808    2808   34580
         604    3.1e+05     37406 37659.2   37660    37405    2808    2808   34597
         605    3.1e+05     37406 37659.2 37679.6    37396    2808    2808   34588
         606    3.1e+05     37406 37659.1 37659.1    37397    2808    2808   34589
         607    3.1e+05     37406 37659.1 37680.1    37384    2808    2808   34576
         608    3.1e+05     37406 37659.1   37660    37391    2808    2808   34583
         609    3.1e+05     37406 37659.1 37679.4    37379    2808    2808   34571
         610    3.1e+05     37406 37659.1 37659.2    37381    2808    2808   34573
         611    3.1e+05     37406 37659.1 37680.2    37386    2808    2808   34578
         612    3.1e+05     37406 37658.8 37658.8    37393    2808    2808   34585
         613    3.1e+05     37406 37658.8 37679.7    37398    2808    2808   34590
         614    3.1e+05     37406 37658.8 37659.6    37366    2808    2808   34558
         615    3.1e+05     37406 37658.8   37681    37374    2808    2808   34566
         616    3.1e+05     37406 37658.8   37660    37385    2808    2808   34577
         617    3.1e+05     37406 37658.8   37680    37379    2808    2808   34571
         618    3.1e+05     37406 37658.8 37660.4    37380    2808    2808   34572
         619    3.1e+05     37406 37658.8 37680.2    37378    2808    2808   34570
         620    3.1e+05     37406 37658.8 37660.2    37382    2808    2808   34574
         621    3.1e+05     37406 37658.8 37678.2    37385    2808    2808   34577
         622    3.1e+05     37406 37658.8 37660.4    37391    2808    2808   34583
         623    3.1e+05     37406 37658.8 37679.3    37377    2808    2808   34569
         624    3.1e+05     37406 37658.2 37658.2    37384    2808    2808   34576
         625    3.1e+05     37406 37658.2   37680    37369    2808    2808   34561
         626    3.1e+05     37406 37658.2 37659.4    37388    2808    2808   34580
         627    3.1e+05     37406 37658.2 37679.5    37378    2808    2808   34570
         628    3.1e+05     37406 37658.1 37658.1    37375    2808    2808   34567
         629    3.1e+05     37406 37658.1 37678.6    37376    2808    2808   34568
         630    3.1e+05     37406 37658.1 37659.7    37380    2808    2808   34572
         631    3.1e+05     37406 37658.1 37678.5    37379    2808    2808   34571
         632    3.1e+05     37406 37658.1 37658.6    37376    2808    2808   34568
         633    3.1e+05     37406 37658.1   37679    37380    2808    2808   34572
         634    3.1e+05     37406 37658.1   37659    37391    2808    2808   34583
         635    3.1e+05     37406 37658.1 37677.1    37381    2808    2808   34573
         636    3.1e+05     37406 37658.1 37661.2    37386    2808    2808   34578
         637    3.1e+05     37406 37658.1 37677.3    37378    2808    2808   34570
         638    3.1e+05     37406 37658.1 37659.2    37389    2808    2808   34581
         639    3.1e+05     37406 37658.1 37678.7    37394    2808    2808   34586
         640    3.1e+05     37406 37658.1 37659.4    37378    2808    2808   34570
         641    3.1e+05     37406 37658.1 37676.6    37391    2808    2808   34583
         642    3.1e+05     37406 37658.1 37660.1    37378    2808    2808   34570
         643    3.1e+05     37406 37658.1 37677.9    37385    2808    2808   34577
         644    3.1e+05     37406 37658.1 37658.7    37385    2808    2808   34577
         645    3.1e+05     37406 37658.1 37678.9    37392    2808    2808   34584
         646    3.1e+05     37406 37658.1 37658.9    37353    2808    2808   34545
         647    3.1e+05     37406 37658.1 37677.1    37385    2808    2808   34577
         648    3.1e+05     37406 37658.1 37660.1    37373    2808    2808   34565
         649    3.1e+05     37406 37658.1 37676.4    37389    2808    2808   34581
         650    3.1e+05     37406 37658.1 37658.8    37400    2808    2808   34592
         651    3.1e+05     37406 37658.1 37679.1    37381    2808    2808   34573
         652    3.1e+05     37406 37658.1 37659.2    37399    2808    2808   34591
         653    3.1e+05     37406 37658.1 37676.2    37370    2808    2808   34562
               reducing step to 0.0125
         654    3.1e+05     37406 37637.9 37637.9    37202    2808    2808   34394
         655    3.1e+05     37406   37624   37624    37274    2808    2808   34466
         656    3.1e+05     37406   37624 37630.2    37362    2808    2808   34554
         657    3.1e+05     37406 37619.8 37619.8    37363    2808    2808   34555
         658    3.1e+05     37406 37619.8 37627.7    37401    2808    2808   34593
         659    3.1e+05     37406 37617.5 37617.5    37360    2808    2808   34552
         660    3.1e+05     37406 37617.5 37625.6    37375    2808    2808   34567
         661    3.1e+05     37406 37615.9 37615.9    37339    2808    2808   34531
         662    3.1e+05     37406 37615.9 37624.3    37327    2808    2808   34519
         663    3.1e+05     37406 37613.4 37613.4    37399    2808    2808   34591
         664    3.1e+05     37406 37613.4   37624    37377    2808    2808   34569
         665    3.1e+05     37406 37612.8 37612.8    37382    2808    2808   34574
         666    3.1e+05     37406 37612.8 37623.2    37360    2808    2808   34552
         667    3.1e+05     37406 37611.5 37611.5    37406    2808    2808   34598
         668    3.1e+05     37406 37611.5   37622    37399    2808    2808   34591
         669    3.1e+05     37406 37611.5 37613.2    37394    2808    2808   34586
         670    3.1e+05     37406 37611.5 37622.1    37392    2808    2808   34584
         671    3.1e+05     37406 37611.5 37612.1    37394    2808    2808   34586
         672    3.1e+05     37406 37611.5 37619.5    37390    2808    2808   34582
         673    3.1e+05     37406 37611.5 37613.6    37382    2808    2808   34574
         674    3.1e+05     37406 37611.5 37619.5    37385    2808    2808   34577
         675    3.1e+05     37406 37611.2 37611.2    37403    2808    2808   34595
         676    3.1e+05     37406 37611.2 37621.9    37404    2808    2808   34596
         677    3.1e+05     37406 37610.9 37610.9    37385    2808    2808   34577
         678    3.1e+05     37406 37610.9 37621.2    37404    2808    2808   34596
         679    3.1e+05     37406 37610.9 37611.9    37374    2808    2808   34566
         680    3.1e+05     37406 37610.9 37619.9    37300    2809    2809   34491
         681    3.1e+05     37406 37610.9 37611.4    37393    2808    2808   34585
         682    3.1e+05     37406 37610.9 37620.3    37395    2808    2808   34587
         683    3.1e+05     37406 37610.6 37610.6    37355    2808    2808   34547
         684    3.1e+05     37406 37610.6 37621.2    37404    2808    2808   34596
         685    3.1e+05     37406 37610.5 37610.5    37400    2808    2808   34592
         686    3.1e+05     37406 37610.5 37620.2    37406    2808    2808   34598
         687    3.1e+05     37406 37610.5 37611.2    37393    2808    2808   34585
         688    3.1e+05     37406 37610.5 37619.3    37401    2808    2808   34593
         689    3.1e+05     37406 37610.5 37611.4    37402    2808    2808   34594
         690    3.1e+05     37406 37610.5 37618.9    37406    2808    2808   34598
         691    3.1e+05     37406 37610.5 37610.5    37398    2808    2808   34590
         692    3.1e+05     37406 37610.5   37619    37406    2808    2808   34598
    *    693    3.1e+05     37407 37610.5 37610.8    37407    2808    2808   34599
         694    3.1e+05     37407 37610.5 37619.2    37404    2808    2808   34596
         695    3.1e+05     37407 37610.5   37611    37386    2808    2808   34578
         696    3.1e+05     37407 37610.5 37618.4    37352    2808    2808   34544
         697    3.1e+05     37407 37610.5 37611.1    37401    2808    2808   34593
         698    3.1e+05     37407 37610.5 37619.2    37398    2808    2808   34590
         699    3.1e+05     37407 37610.5 37610.6    37396    2808    2808   34588
         700    3.1e+05     37407 37610.5 37618.5    37401    2808    2808   34593
         701    3.1e+05     37407 37610.5 37610.8    37395    2808    2808   34587
    *    702    3.1e+05     37408 37610.5 37619.4    37408    2808    2808   34600
         703    3.1e+05     37408 37610.5 37610.7    37400    2808    2808   34592
         704    3.1e+05     37408 37610.5 37619.4    37401    2808    2808   34593
         705    3.1e+05     37408 37610.5 37610.5    37387    2808    2808   34579
         706    3.1e+05     37408 37610.5 37618.8    37405    2808    2808   34597
         707    3.1e+05     37408 37610.5   37611    37399    2808    2808   34591
         708    3.1e+05     37408 37610.5 37618.5    37393    2808    2808   34585
         709    3.1e+05     37408 37610.3 37610.3    37394    2808    2808   34586
         710    3.1e+05     37408 37610.3   37619    37397    2808    2808   34589
    *    711    3.1e+05     37417 37610.3 37610.5    37417    2808    2808   34609
         712    3.1e+05     37417 37610.3 37619.2    37403    2808    2808   34595
         713    3.1e+05     37417 37609.9 37609.9    37403    2808    2808   34595
         714    3.1e+05     37417 37609.9 37618.3    37411    2808    2808   34603
         715    3.1e+05     37417 37609.9 37610.1    37403    2808    2808   34595
         716    3.1e+05     37417 37609.9 37618.1    37387    2808    2808   34579
         717    3.1e+05     37417 37609.7 37609.7    37390    2808    2808   34582
         718    3.1e+05     37417 37609.7 37617.2    37408    2808    2808   34600
         719    3.1e+05     37417 37609.7 37610.7    37407    2808    2808   34599
         720    3.1e+05     37417 37609.7 37617.8    37371    2808    2808   34563
         721    3.1e+05     37417 37609.7 37610.3    37396    2808    2808   34588
         722    3.1e+05     37417 37609.7 37617.6    37396    2808    2808   34588
         723    3.1e+05     37417 37609.7 37610.1    37409    2808    2808   34601
         724    3.1e+05     37417 37609.7 37617.8    37403    2808    2808   34595
         725    3.1e+05     37417 37609.4 37609.4    37388    2808    2808   34580
         726    3.1e+05     37417 37609.4 37617.2    37393    2808    2808   34585
         727    3.1e+05     37417 37609.4 37609.8    37408    2808    2808   34600
         728    3.1e+05     37417 37609.4 37616.5    37396    2808    2808   34588
         729    3.1e+05     37417 37609.4 37609.4    37413    2808    2808   34605
         730    3.1e+05     37417 37609.4 37617.4    37398    2808    2808   34590
         731    3.1e+05     37417 37609.4 37609.5    37403    2808    2808   34595
         732    3.1e+05     37417 37609.4 37616.5    37408    2808    2808   34600
         733    3.1e+05     37417 37609.4 37610.9    37396    2808    2808   34588
         734    3.1e+05     37417 37609.4 37615.8    37394    2808    2808   34586
         735    3.1e+05     37417 37609.4 37610.6    37398    2808    2808   34590
         736    3.1e+05     37417 37609.4 37615.6    37402    2808    2808   34594
         737    3.1e+05     37417 37609.4 37610.2    37407    2808    2808   34599
         738    3.1e+05     37417 37609.4 37616.2    37400    2808    2808   34592
         739    3.1e+05     37417 37609.4 37609.6    37400    2808    2808   34592
         740    3.1e+05     37417 37609.4 37616.1    37388    2808    2808   34580
         741    3.1e+05     37417 37609.4   37610    37394    2808    2808   34586
         742    3.1e+05     37417 37609.4 37615.4    37381    2808    2808   34573
         743    3.1e+05     37417 37609.4 37609.6    37391    2808    2808   34583
         744    3.1e+05     37417 37609.4 37616.3    37397    2808    2808   34589
         745    3.1e+05     37417 37609.4 37609.4    37396    2808    2808   34588
         746    3.1e+05     37417 37609.4 37617.9    37404    2808    2808   34596
         747    3.1e+05     37417 37609.4 37609.4    37395    2808    2808   34587
         748    3.1e+05     37417 37609.4 37616.7    37391    2808    2808   34583
         749    3.1e+05     37417 37609.4 37609.7    37392    2808    2808   34584
         750    3.1e+05     37417 37609.4 37616.9    37388    2808    2808   34580
         751    3.1e+05     37417 37608.7 37608.7    37398    2808    2808   34590
         752    3.1e+05     37417 37608.7   37617    37397    2808    2808   34589
         753    3.1e+05     37417 37608.7   37609    37406    2808    2808   34598
         754    3.1e+05     37417 37608.7 37615.9    37396    2808    2808   34588
         755    3.1e+05     37417 37608.7 37609.8    37394    2808    2808   34586
         756    3.1e+05     37417 37608.7 37615.8    37396    2808    2808   34588
         757    3.1e+05     37417 37608.7   37610    37395    2808    2808   34587
         758    3.1e+05     37417 37608.7 37615.6    37389    2808    2808   34581
         759    3.1e+05     37417 37608.7 37610.2    37390    2808    2808   34582
         760    3.1e+05     37417 37608.7 37615.7    37398    2808    2808   34590
         761    3.1e+05     37417 37608.7 37609.6    37403    2808    2808   34595
         762    3.1e+05     37417 37608.7 37615.8    37393    2808    2808   34585
         763    3.1e+05     37417 37608.7 37609.6    37393    2808    2808   34585
         764    3.1e+05     37417 37608.7 37615.6    37387    2808    2808   34579
         765    3.1e+05     37417 37608.7 37609.5    37399    2808    2808   34591
         766    3.1e+05     37417 37608.7 37615.4    37396    2808    2808   34588
         767    3.1e+05     37417 37608.7 37609.4    37393    2808    2808   34585
         768    3.1e+05     37417 37608.7 37615.5    37382    2808    2808   34574
         769    3.1e+05     37417 37608.7   37610    37394    2808    2808   34586
         770    3.1e+05     37417 37608.7 37615.1    37396    2808    2808   34588
         771    3.1e+05     37417 37608.7   37609    37389    2808    2808   34581
         772    3.1e+05     37417 37608.7 37616.2    37382    2808    2808   34574
         773    3.1e+05     37417 37608.7 37609.2    37382    2808    2808   34574
         774    3.1e+05     37417 37608.7 37615.6    37390    2808    2808   34582
         775    3.1e+05     37417 37608.7 37608.9    37407    2808    2808   34599
         776    3.1e+05     37417 37608.7 37615.9    37390    2808    2808   34582
               reducing step to 0.00625
         777    3.1e+05     37417 37596.8 37596.8    37268    2808    2808   34460
         778    3.1e+05     37417 37591.6 37591.6    37372    2808    2808   34564
         779    3.1e+05     37417 37591.6 37593.7    37399    2808    2808   34591
         780    3.1e+05     37417 37589.6 37589.6    37396    2808    2808   34588
         781    3.1e+05     37417 37589.6 37593.5    37393    2808    2808   34585
         782    3.1e+05     37417 37588.7 37588.7    37369    2808    2808   34561
    *    783    3.1e+05     37422 37588.7 37592.4    37422    2808    2808   34614
         784    3.1e+05     37422 37588.4 37588.4    37383    2808    2808   34575
         785    3.1e+05     37422 37588.4 37591.8    37405    2808    2808   34597
         786    3.1e+05     37422 37587.3 37587.3    37356    2808    2808   34548
         787    3.1e+05     37422 37587.3 37590.6    37405    2808    2808   34597
         788    3.1e+05     37422 37587.3 37587.4    37376    2808    2808   34568
         789    3.1e+05     37422 37587.3 37589.9    37394    2808    2808   34586
         790    3.1e+05     37422 37587.3 37587.4    37401    2808    2808   34593
         791    3.1e+05     37422 37587.3 37589.9    37411    2808    2808   34603
         792    3.1e+05     37422 37586.3 37586.3    37395    2808    2808   34587
         793    3.1e+05     37422 37586.3 37589.2    37412    2808    2808   34604
         794    3.1e+05     37422 37586.1 37586.1    37400    2808    2808   34592
    *    795    3.1e+05     37423 37586.1   37589    37423    2808    2808   34615
         796    3.1e+05     37423 37585.9 37585.9    37396    2808    2808   34588
         797    3.1e+05     37423 37585.9 37588.8    37406    2808    2808   34598
         798    3.1e+05     37423 37585.6 37585.6    37398    2808    2808   34590
         799    3.1e+05     37423 37585.6 37589.2    37420    2808    2808   34612
         800    3.1e+05     37423 37585.5 37585.5    37396    2808    2808   34588
         801    3.1e+05     37423 37585.5 37588.7    37421    2808    2808   34613
         802    3.1e+05     37423 37585.4 37585.4    37401    2808    2808   34593
         803    3.1e+05     37423 37585.4 37588.6    37413    2808    2808   34605
         804    3.1e+05     37423   37585   37585    37406    2808    2808   34598
    *    805    3.1e+05     37426   37585 37588.3    37426    2808    2808   34618
         806    3.1e+05     37426   37585 37585.5    37392    2808    2808   34584
         807    3.1e+05     37426   37585 37587.8    37401    2808    2808   34593
         808    3.1e+05     37426   37585 37585.1    37390    2808    2808   34582
         809    3.1e+05     37426   37585 37588.6    37426    2808    2808   34618
         810    3.1e+05     37426   37585   37585    37394    2808    2808   34586
         811    3.1e+05     37426   37585   37588    37409    2808    2808   34601
         812    3.1e+05     37426   37585 37585.2    37396    2808    2808   34588
         813    3.1e+05     37426   37585   37588    37389    2808    2808   34581
         814    3.1e+05     37426 37584.7 37584.7    37376    2808    2808   34568
         815    3.1e+05     37426 37584.7 37588.2    37412    2808    2808   34604
         816    3.1e+05     37426 37584.7 37584.7    37407    2808    2808   34599
         817    3.1e+05     37426 37584.7   37588    37407    2808    2808   34599
         818    3.1e+05     37426 37584.3 37584.3    37398    2808    2808   34590
         819    3.1e+05     37426 37584.3   37588    37404    2808    2808   34596
         820    3.1e+05     37426 37584.3 37584.7    37382    2808    2808   34574
         821    3.1e+05     37426 37584.3 37588.1    37407    2808    2808   34599
         822    3.1e+05     37426 37584.3 37584.5    37398    2808    2808   34590
         823    3.1e+05     37426 37584.3 37587.7    37406    2808    2808   34598
         824    3.1e+05     37426 37584.3 37584.4    37399    2808    2808   34591
         825    3.1e+05     37426 37584.3 37587.6    37421    2808    2808   34613
         826    3.1e+05     37426 37584.3 37584.4    37401    2808    2808   34593
         827    3.1e+05     37426 37584.3 37587.4    37400    2808    2808   34592
         828    3.1e+05     37426 37584.3 37584.5    37403    2808    2808   34595
         829    3.1e+05     37426 37584.3 37587.4    37415    2808    2808   34607
         830    3.1e+05     37426 37584.1 37584.1    37388    2808    2808   34580
         831    3.1e+05     37426 37584.1 37587.9    37408    2808    2808   34600
         832    3.1e+05     37426 37584.1 37584.2    37382    2808    2808   34574
         833    3.1e+05     37426 37584.1 37587.6    37426    2808    2808   34618
         834    3.1e+05     37426   37584   37584    37386    2808    2808   34578
         835    3.1e+05     37426   37584 37587.7    37406    2808    2808   34598
         836    3.1e+05     37426   37584 37584.1    37390    2808    2808   34582
         837    3.1e+05     37426   37584 37586.9    37402    2808    2808   34594
         838    3.1e+05     37426   37584 37584.9    37384    2808    2808   34576
         839    3.1e+05     37426   37584 37586.9    37408    2808    2808   34600
         840    3.1e+05     37426   37584   37584    37389    2808    2808   34581
         841    3.1e+05     37426   37584 37587.4    37407    2808    2808   34599
         842    3.1e+05     37426   37584 37584.2    37395    2808    2808   34587
         843    3.1e+05     37426   37584 37587.1    37399    2808    2808   34591
         844    3.1e+05     37426   37584 37584.6    37387    2808    2808   34579
         845    3.1e+05     37426   37584   37587    37416    2808    2808   34608
         846    3.1e+05     37426   37584 37584.4    37390    2808    2808   34582
         847    3.1e+05     37426   37584 37587.4    37410    2808    2808   34602
         848    3.1e+05     37426   37584 37584.3    37383    2808    2808   34575
         849    3.1e+05     37426   37584 37586.5    37414    2808    2808   34606
         850    3.1e+05     37426   37584 37585.1    37388    2808    2808   34580
    *    851    3.1e+05     37428   37584 37586.8    37428    2808    2808   34620
         852    3.1e+05     37428   37584   37584    37386    2808    2808   34578
         853    3.1e+05     37428   37584 37587.4    37395    2808    2808   34587
         854    3.1e+05     37428   37584 37584.1    37408    2808    2808   34600
         855    3.1e+05     37428   37584 37586.7    37410    2808    2808   34602
         856    3.1e+05     37428   37584 37584.5    37387    2808    2808   34579
         857    3.1e+05     37428   37584 37586.8    37422    2808    2808   34614
         858    3.1e+05     37428   37584 37584.2    37367    2808    2808   34559
         859    3.1e+05     37428   37584 37586.7    37405    2808    2808   34597
         860    3.1e+05     37428   37584 37584.3    37390    2808    2808   34582
         861    3.1e+05     37428   37584 37586.1    37423    2808    2808   34615
         862    3.1e+05     37428   37584 37584.6    37369    2808    2808   34561
         863    3.1e+05     37428   37584 37586.5    37413    2808    2808   34605
         864    3.1e+05     37428 37583.9 37583.9    37385    2808    2808   34577
         865    3.1e+05     37428 37583.9 37587.1    37416    2808    2808   34608
         866    3.1e+05     37428 37583.8 37583.8    37404    2808    2808   34596
         867    3.1e+05     37428 37583.8 37586.7    37407    2808    2808   34599
         868    3.1e+05     37428 37583.5 37583.5    37384    2808    2808   34576
         869    3.1e+05     37428 37583.5 37587.3    37364    2808    2808   34556
         870    3.1e+05     37428 37583.5 37583.8    37403    2808    2808   34595
         871    3.1e+05     37428 37583.5   37587    37407    2808    2808   34599
         872    3.1e+05     37428 37583.5 37583.8    37394    2808    2808   34586
         873    3.1e+05     37428 37583.5 37586.8    37417    2808    2808   34609
         874    3.1e+05     37428 37583.5   37584    37389    2808    2808   34581
         875    3.1e+05     37428 37583.5   37587    37418    2808    2808   34610
         876    3.1e+05     37428 37583.4 37583.4    37393    2808    2808   34585
         877    3.1e+05     37428 37583.4   37587    37410    2808    2808   34602
         878    3.1e+05     37428 37583.4 37583.7    37408    2808    2808   34600
         879    3.1e+05     37428 37583.4   37587    37415    2808    2808   34607
         880    3.1e+05     37428 37583.4 37583.8    37394    2808    2808   34586
         881    3.1e+05     37428 37583.4 37586.8    37417    2808    2808   34609
         882    3.1e+05     37428 37583.4 37583.7    37399    2808    2808   34591
         883    3.1e+05     37428 37583.4 37586.7    37415    2808    2808   34607
         884    3.1e+05     37428 37583.4 37583.7    37400    2808    2808   34592
         885    3.1e+05     37428 37583.4 37586.7    37420    2808    2808   34612
         886    3.1e+05     37428 37583.4 37583.7    37394    2808    2808   34586
         887    3.1e+05     37428 37583.4 37586.6    37379    2808    2808   34571
         888    3.1e+05     37428 37583.4 37583.7    37395    2808    2808   34587
         889    3.1e+05     37428 37583.4 37587.1    37418    2808    2808   34610
         890    3.1e+05     37428 37583.1 37583.1    37403    2808    2808   34595
         891    3.1e+05     37428 37583.1   37587    37412    2808    2808   34604
         892    3.1e+05     37428 37583.1 37583.3    37379    2808    2808   34571
         893    3.1e+05     37428 37583.1 37586.9    37410    2808    2808   34602
         894    3.1e+05     37428 37583.1 37583.3    37402    2808    2808   34594
         895    3.1e+05     37428 37583.1 37586.5    37400    2808    2808   34592
         896    3.1e+05     37428 37583.1 37583.3    37389    2808    2808   34581
         897    3.1e+05     37428 37583.1 37586.4    37418    2808    2808   34610
         898    3.1e+05     37428 37583.1 37583.5    37391    2808    2808   34583
         899    3.1e+05     37428 37583.1 37586.4    37413    2808    2808   34605
         900    3.1e+05     37428 37583.1 37583.1    37388    2808    2808   34580
         901    3.1e+05     37428 37583.1 37586.6    37409    2808    2808   34601
         902    3.1e+05     37428 37583.1 37583.1    37381    2808    2808   34573
         903    3.1e+05     37428 37583.1 37586.5    37400    2808    2808   34592
         904    3.1e+05     37428 37583.1 37583.5    37369    2808    2808   34561
         905    3.1e+05     37428 37583.1 37586.4    37410    2808    2808   34602
         906    3.1e+05     37428 37583.1 37583.2    37375    2808    2808   34567
         907    3.1e+05     37428 37583.1 37586.6    37414    2808    2808   34606
         908    3.1e+05     37428 37583.1 37583.3    37382    2808    2808   34574
         909    3.1e+05     37428 37583.1 37585.8    37400    2808    2808   34592
         910    3.1e+05     37428 37583.1 37583.5    37380    2808    2808   34572
         911    3.1e+05     37428 37583.1 37586.6    37404    2808    2808   34596
         912    3.1e+05     37428   37583   37583    37380    2808    2808   34572
         913    3.1e+05     37428   37583 37586.2    37415    2808    2808   34607
         914    3.1e+05     37428   37583 37583.2    37399    2808    2808   34591
         915    3.1e+05     37428   37583 37585.9    37407    2808    2808   34599
         916    3.1e+05     37428   37583 37583.1    37390    2808    2808   34582
         917    3.1e+05     37428   37583 37586.3    37413    2808    2808   34605
         918    3.1e+05     37428   37583   37583    37386    2808    2808   34578
         919    3.1e+05     37428   37583 37586.2    37414    2808    2808   34606
         920    3.1e+05     37428   37583 37583.1    37389    2808    2808   34581
         921    3.1e+05     37428   37583 37586.1    37416    2808    2808   34608
         922    3.1e+05     37428   37583 37583.9    37395    2808    2808   34587
         923    3.1e+05     37428   37583 37585.7    37409    2808    2808   34601
         924    3.1e+05     37428   37583 37583.4    37393    2808    2808   34585
         925    3.1e+05     37428   37583 37586.3    37412    2808    2808   34604
         926    3.1e+05     37428   37583 37583.3    37382    2808    2808   34574
         927    3.1e+05     37428   37583 37586.1    37401    2808    2808   34593
         928    3.1e+05     37428   37583 37583.2    37403    2808    2808   34595
         929    3.1e+05     37428   37583 37586.3    37397    2808    2808   34589
         930    3.1e+05     37428 37582.9 37582.9    37390    2808    2808   34582
         931    3.1e+05     37428 37582.9 37586.3    37402    2808    2808   34594
         932    3.1e+05     37428 37582.9   37583    37384    2808    2808   34576
         933    3.1e+05     37428 37582.9 37585.9    37408    2808    2808   34600
         934    3.1e+05     37428 37582.9 37583.5    37389    2808    2808   34581
         935    3.1e+05     37428 37582.9   37586    37407    2808    2808   34599
         936    3.1e+05     37428 37582.9 37582.9    37392    2808    2808   34584
         937    3.1e+05     37428 37582.9 37586.7    37422    2808    2808   34614
         938    3.1e+05     37428 37582.9   37583    37385    2808    2808   34577
         939    3.1e+05     37428 37582.9 37585.8    37414    2808    2808   34606
         940    3.1e+05     37428 37582.9 37582.9    37391    2808    2808   34583
         941    3.1e+05     37428 37582.9 37586.2    37409    2808    2808   34601
         942    3.1e+05     37428 37582.9 37582.9    37396    2808    2808   34588
         943    3.1e+05     37428 37582.9   37586    37415    2808    2808   34607
         944    3.1e+05     37428 37582.7 37582.7    37381    2808    2808   34573
         945    3.1e+05     37428 37582.7 37585.8    37407    2808    2808   34599
         946    3.1e+05     37428 37582.7 37583.2    37375    2808    2808   34567
         947    3.1e+05     37428 37582.7 37586.1    37411    2808    2808   34603
         948    3.1e+05     37428 37582.7 37582.7    37388    2808    2808   34580
         949    3.1e+05     37428 37582.7   37586    37418    2808    2808   34610
         950    3.1e+05     37428 37582.7   37583    37387    2808    2808   34579
         951    3.1e+05     37428 37582.7 37585.8    37399    2808    2808   34591
         952    3.1e+05     37428 37582.7 37582.7    37382    2808    2808   34574
         953    3.1e+05     37428 37582.7 37586.1    37400    2808    2808   34592
         954    3.1e+05     37428 37582.6 37582.6    37392    2808    2808   34584
         955    3.1e+05     37428 37582.6 37586.1    37401    2808    2808   34593
         956    3.1e+05     37428 37582.6 37582.9    37391    2808    2808   34583
         957    3.1e+05     37428 37582.6 37585.6    37400    2808    2808   34592
         958    3.1e+05     37428 37582.6 37583.3    37389    2808    2808   34581
         959    3.1e+05     37428 37582.6 37585.8    37413    2808    2808   34605
         960    3.1e+05     37428 37582.6 37582.8    37393    2808    2808   34585
         961    3.1e+05     37428 37582.6 37586.2    37410    2808    2808   34602
         962    3.1e+05     37428 37582.6 37582.9    37395    2808    2808   34587
         963    3.1e+05     37428 37582.6 37585.8    37416    2808    2808   34608
         964    3.1e+05     37428 37582.6 37582.9    37397    2808    2808   34589
         965    3.1e+05     37428 37582.6 37585.8    37416    2808    2808   34608
         966    3.1e+05     37428 37582.6 37582.8    37384    2808    2808   34576
         967    3.1e+05     37428 37582.6 37585.8    37403    2808    2808   34595
         968    3.1e+05     37428 37582.5 37582.5    37391    2808    2808   34583
         969    3.1e+05     37428 37582.5 37585.7    37412    2808    2808   34604
         970    3.1e+05     37428 37582.5 37583.1    37388    2808    2808   34580
         971    3.1e+05     37428 37582.5 37585.7    37400    2808    2808   34592
         972    3.1e+05     37428 37582.5 37582.7    37378    2808    2808   34570
         973    3.1e+05     37428 37582.5 37585.8    37408    2808    2808   34600
         974    3.1e+05     37428 37582.5 37582.6    37359    2808    2808   34551
         975    3.1e+05     37428 37582.5 37585.8    37410    2808    2808   34602
         976    3.1e+05     37428 37582.5 37582.6    37374    2808    2808   34566
         977    3.1e+05     37428 37582.5 37585.8    37402    2808    2808   34594
         978    3.1e+05     37428 37582.5 37582.7    37384    2808    2808   34576
         979    3.1e+05     37428 37582.5 37585.9    37407    2808    2808   34599
         980    3.1e+05     37428 37582.5 37582.6    37383    2808    2808   34575
         981    3.1e+05     37428 37582.5 37585.6    37408    2808    2808   34600
         982    3.1e+05     37428 37582.5 37582.5    37386    2808    2808   34578
         983    3.1e+05     37428 37582.5 37585.6    37404    2808    2808   34596
         984    3.1e+05     37428 37582.5 37582.8    37387    2808    2808   34579
         985    3.1e+05     37428 37582.5 37585.8    37408    2808    2808   34600
         986    3.1e+05     37428 37582.5 37582.7    37381    2808    2808   34573
         987    3.1e+05     37428 37582.5 37585.7    37396    2808    2808   34588
         988    3.1e+05     37428 37582.5 37582.6    37379    2808    2808   34571
         989    3.1e+05     37428 37582.5 37585.6    37402    2808    2808   34594
         990    3.1e+05     37428 37582.5 37582.7    37388    2808    2808   34580
         991    3.1e+05     37428 37582.5 37585.8    37411    2808    2808   34603
         992    3.1e+05     37428 37582.5 37582.5    37383    2808    2808   34575
         993    3.1e+05     37428 37582.5 37585.3    37409    2808    2808   34601
         994    3.1e+05     37428 37582.5 37582.9    37401    2808    2808   34593
         995    3.1e+05     37428 37582.5 37585.3    37425    2808    2808   34617
         996    3.1e+05     37428 37582.5 37582.5    37394    2808    2808   34586
         997    3.1e+05     37428 37582.5 37585.6    37401    2808    2808   34593
         998    3.1e+05     37428 37582.5 37582.5    37389    2808    2808   34581
         999    3.1e+05     37428 37582.5 37585.6    37400    2808    2808   34592
        1000    3.1e+05     37428 37582.5 37582.5    37390    2808    2808   34582
Total time used by klau is 1079.05
true_align (18772) and est_align (2808) DO NOT have the same number of elements.
method klau has a score of 8.51%
method klau used 1079.048 seconds.
maximum values in init align row is:  18771
maximum values in init align col is:  18756
 best   iter   pr-delta       obj  weight    card overlap
    *      1    3.7e-01   30466.5    2833    2833   29050
    *      2    1.5e-01     30604    2832    2832   29188
           3    7.2e-02     30566    2832    2832   29150
           4    3.4e-02     30563    2832    2832   29147
           5    1.7e-02     30573    2832    2832   29157
           6    8.8e-03     30559    2832    2832   29143
           7    4.7e-03     30449    2832    2832   29033
           8    2.5e-03     30444    2832    2832   29028
           9    1.4e-03     30444    2832    2832   29028
          10    8.0e-04     30444    2832    2832   29028
          11    4.6e-04     30444    2832    2832   29028
          12    2.7e-04     30444    2832    2832   29028
          13    1.6e-04     30444    2832    2832   29028
          14    9.6e-05     30444    2832    2832   29028
          15    5.8e-05     30444    2832    2832   29028
          16    3.6e-05     30444    2832    2832   29028
          17    2.2e-05     30444    2832    2832   29028
          18    1.4e-05     30444    2832    2832   29028
          19    8.6e-06     30444    2832    2832   29028
          20    5.4e-06     30444    2832    2832   29028
          21    3.4e-06     30444    2832    2832   29028
          22    2.2e-06     30444    2832    2832   29028
          23    1.4e-06     30444    2832    2832   29028
          24    9.0e-07     30444    2832    2832   29028
          25    5.8e-07     30444    2832    2832   29028
          26    3.8e-07     30444    2832    2832   29028
          27    2.4e-07     30444    2832    2832   29028
          28    1.6e-07     30444    2832    2832   29028
          29    1.0e-07     30444    2832    2832   29028
          30    6.7e-08     30444    2832    2832   29028
          31    4.4e-08     30444    2832    2832   29028
          32    2.9e-08     30444    2832    2832   29028
          33    1.9e-08     30444    2832    2832   29028
          34    1.2e-08     30444    2832    2832   29028
          35    8.2e-09     30444    2832    2832   29028
          36    5.4e-09     30444    2832    2832   29028
          37    3.5e-09     30444    2832    2832   29028
          38    2.3e-09     30444    2832    2832   29028
          39    1.5e-09     30444    2832    2832   29028
          40    1.0e-09     30444    2832    2832   29028
          41    6.7e-10     30444    2832    2832   29028
          42    4.4e-10     30444    2832    2832   29028
          43    2.9e-10     30444    2832    2832   29028
          44    1.9e-10     30444    2832    2832   29028
          45    1.3e-10     30444    2832    2832   29028
          46    8.5e-11     30444    2832    2832   29028
          47    5.6e-11     30444    2832    2832   29028
          48    3.7e-11     30444    2832    2832   29028
          49    2.5e-11     30444    2832    2832   29028
          50    1.6e-11     30444    2832    2832   29028
          51    1.1e-11     30444    2832    2832   29028
          52    7.2e-12     30444    2832    2832   29028
          53    4.8e-12     30444    2832    2832   29028
          54    3.2e-12     30444    2832    2832   29028
          55    2.1e-12     30444    2832    2832   29028
          56    1.4e-12     30444    2832    2832   29028
          57    9.3e-13     30444    2832    2832   29028
Total time used by isorank is 13.47
true_align (18772) and est_align (2838) DO NOT have the same number of elements.
method isorank has a score of 1.00%
method isorank used 13.475 seconds.
experiment results:
     method      score         time
0     final  15.890688  3989.802772
1  netalign   8.565949    52.980556
2      klau   8.507351  1079.047814
3   isorank   1.001492    13.474964
