num_init for this graph is 14
Generating initial alignment matrix using degree ...
mode is  degree
number of noisy edges are:  14
Average number of initial alignments for each node is 28
maximum values in init align row is:  18771
maximum values in init align col is:  18771
best   iter    obj_ma wght_ma card_ma over_ma    obj_mb wght_mb card_mb over_mb
  *a      1     32744    2824    2824   29920     32744    2824    2824   29920
          2     15031    2138    2138   12893     16842    2196    2196   14646
          3     21078    2612    2612   18466     17474    1889    1889   15585
          4      7731    2200    2200    5531      7477    1749    1749    5728
          5     28212    2772    2772   25440     28433    2706    2706   25727
  *a      6     35610    2811    2811   32799     35565    2738    2738   32827
          7     35454    2730    2730   32724     35559    2645    2645   32914
          8     26072    2627    2627   23445     26108    2219    2219   23889
          9     31904    2628    2628   29276     26631    2077    2077   24554
         10     30266    2696    2696   27570     30208    2568    2568   27640
         11     34343    2772    2772   31571     34202    2674    2674   31528
  *a     12     36909    2797    2797   34112     36781    2657    2657   34124
         13     36727    2786    2786   33941     35901    2582    2582   33319
         14     36103    2749    2749   33354     34974    2569    2569   32405
         15     36503    2759    2759   33744     35104    2574    2574   32530
         16     36721    2776    2776   33945     35637    2611    2611   33026
  *b     17     37036    2800    2800   34236     37042    2719    2719   34323
  *a     18     37090    2798    2798   34292     36936    2720    2720   34216
         19     36983    2793    2793   34190     36866    2705    2705   34161
         20     37000    2778    2778   34222     36665    2690    2690   33975
  *a     21     37154    2773    2773   34381     36912    2700    2700   34212
         22     37148    2779    2779   34369     37094    2722    2722   34372
         23     36823    2784    2784   34039     36886    2716    2716   34170
         24     37018    2781    2781   34237     36957    2729    2729   34228
         25     37097    2788    2788   34309     37081    2725    2725   34356
  *a     26     37207    2792    2792   34415     37042    2732    2732   34310
  *a     27     37215    2794    2794   34421     37088    2740    2740   34348
         28     36940    2781    2781   34159     36976    2722    2722   34254
         29     36842    2783    2783   34059     37161    2744    2744   34417
         30     37121    2788    2788   34333     37196    2750    2750   34446
         31     36904    2784    2784   34120     37188    2754    2754   34434
  *a     32     37263    2792    2792   34471     37172    2762    2762   34410
         33     37114    2795    2795   34319     37229    2771    2771   34458
         34     37166    2790    2790   34376     37169    2763    2763   34406
         35     37115    2787    2787   34328     37182    2757    2757   34425
         36     37193    2790    2790   34403     37197    2758    2758   34439
         37     37178    2786    2786   34392     37197    2761    2761   34436
         38     37178    2787    2787   34391     37247    2772    2772   34475
         39     37200    2786    2786   34414     37238    2773    2773   34465
  *b     40     37211    2792    2792   34419     37267    2774    2774   34493
  *b     41     37209    2791    2791   34418     37281    2775    2775   34506
         42     37217    2793    2793   34424     37237    2772    2772   34465
         43     37205    2794    2794   34411     37244    2774    2774   34470
         44     37221    2799    2799   34422     37267    2782    2782   34485
         45     37219    2799    2799   34420     37265    2783    2783   34482
         46     37211    2796    2796   34415     37262    2784    2784   34478
         47     37216    2796    2796   34420     37226    2780    2780   34446
  *b     48     37227    2799    2799   34428     37294    2782    2782   34512
         49     37242    2800    2800   34442     37220    2778    2778   34442
         50     37239    2800    2800   34439     37198    2781    2781   34417
         51     37239    2800    2800   34439     37158    2777    2777   34381
         52     37233    2800    2800   34433     37193    2780    2780   34413
         53     37215    2797    2797   34418     37171    2776    2776   34395
         54     37214    2796    2796   34418     37181    2773    2773   34408
         55     37230    2799    2799   34431     37023    2764    2764   34259
         56     37225    2799    2799   34426     37033    2768    2768   34265
         57     37240    2800    2800   34440     37138    2775    2775   34363
         58     37224    2799    2799   34425     37057    2774    2774   34283
         59     37220    2799    2799   34421     37072    2774    2774   34298
         60     37219    2799    2799   34420     36986    2771    2771   34215
         61     37223    2800    2800   34423     36885    2767    2767   34118
         62     37258    2800    2800   34458     36944    2773    2773   34171
         63     37259    2800    2800   34459     36971    2775    2775   34196
         64     37259    2801    2801   34458     36884    2767    2767   34117
         65     37264    2799    2799   34465     36928    2772    2772   34156
         66     37265    2798    2798   34467     36937    2770    2770   34167
         67     37262    2798    2798   34464     37018    2772    2772   34246
         68     37269    2796    2796   34473     37071    2777    2777   34294
         69     37269    2798    2798   34471     37089    2776    2776   34313
         70     37255    2796    2796   34459     37090    2778    2778   34312
         71     37255    2798    2798   34457     37153    2782    2782   34371
         72     37255    2798    2798   34457     37108    2780    2780   34328
         73     37245    2798    2798   34447     36934    2776    2776   34158
         74     37253    2801    2801   34452     36846    2773    2773   34073
         75     37251    2800    2800   34451     36881    2774    2774   34107
         76     37252    2800    2800   34452     37015    2778    2778   34237
         77     37253    2799    2799   34454     37064    2776    2776   34288
         78     37255    2799    2799   34456     37066    2779    2779   34287
         79     37256    2797    2797   34459     37083    2783    2783   34300
         80     37265    2798    2798   34467     37125    2785    2785   34340
         81     37260    2797    2797   34463     37155    2784    2784   34371
         82     37258    2796    2796   34462     37159    2776    2776   34383
         83     37251    2797    2797   34454     37188    2775    2775   34413
         84     37244    2796    2796   34448     37148    2780    2780   34368
         85     37241    2794    2794   34447     37020    2773    2773   34247
         86     37238    2793    2793   34445     36999    2775    2775   34224
         87     37240    2794    2794   34446     37060    2781    2781   34279
         88     37240    2795    2795   34445     37132    2787    2787   34345
         89     37244    2796    2796   34448     37129    2787    2787   34342
         90     37248    2799    2799   34449     37169    2788    2788   34381
         91     37249    2799    2799   34450     37210    2788    2788   34422
         92     37255    2799    2799   34456     37194    2784    2784   34410
         93     37256    2799    2799   34457     37168    2785    2785   34383
         94     37249    2797    2797   34452     37175    2783    2783   34392
         95     37245    2795    2795   34450     37210    2788    2788   34422
         96     37242    2797    2797   34445     37215    2791    2791   34424
         97     37244    2797    2797   34447     37218    2790    2790   34428
         98     37243    2797    2797   34446     37137    2787    2787   34350
         99     37252    2799    2799   34453     37149    2789    2789   34360
        100     37245    2798    2798   34447     37208    2787    2787   34421
Total time used by netalign is 110.99
true_align (18772) and est_align (2782) DO NOT have the same number of elements.
method netalign has a score of 8.59%
method netalign used 110.993 seconds.
maximum values in init align row is:  18771
maximum values in init align col is:  18771
 best   iter     norm-u     lower   upper     cur      obj  weight    card overlap
    *      1    0.0e+00     35025   42100   42100    35025    2825    2825   32200
           2    2.3e+04     35025   42100 46038.9    30371    2822    2822   27549
           3    3.2e+04     35025   42100 44045.8    28845    2824    2824   26021
           4    4.4e+04     35025   42100 45201.8    28342    2825    2825   25517
           5    5.1e+04     35025   42100 44065.8    26639    2824    2824   23815
           6    6.0e+04     35025   42100 44966.1    25869    2824    2824   23045
           7    6.7e+04     35025   42100 43956.6    25789    2825    2825   22964
           8    7.5e+04     35025   42100 44511.1    25686    2823    2823   22863
           9    8.1e+04     35025   42100 43860.1    25335    2826    2826   22509
          10    8.8e+04     35025   42100 44265.2    24473    2824    2824   21649
          11    9.3e+04     35025   42100 43619.2    24005    2824    2824   21181
          12    1.0e+05     35025   42100 44087.4    24658    2822    2822   21836
          13    1.1e+05     35025   42100 43604.2    23497    2824    2824   20673
          14    1.1e+05     35025   42100 43923.3    23577    2824    2824   20753
          15    1.2e+05     35025   42100 43479.4    23038    2824    2824   20214
          16    1.2e+05     35025   42100 43842.5    23184    2822    2822   20362
          17    1.3e+05     35025   42100   43513    24231    2823    2823   21408
          18    1.3e+05     35025   42100 43724.9    24586    2823    2823   21763
          19    1.4e+05     35025   42100 43263.5    23193    2820    2820   20373
          20    1.4e+05     35025   42100 43666.4    23812    2823    2823   20989
          21    1.5e+05     35025   42100 43272.1    22795    2824    2824   19971
          22    1.5e+05     35025   42100 43592.1    22819    2822    2822   19997
          23    1.6e+05     35025   42100 43126.1    22598    2824    2824   19774
          24    1.6e+05     35025   42100 43536.8    22973    2822    2822   20151
          25    1.6e+05     35025   42100 43064.8    21785    2823    2823   18962
          26    1.7e+05     35025   42100 43528.7    22209    2823    2823   19386
               reducing step to 0.2
          27    1.7e+05     35025 41624.9 41624.9    25442    2820    2820   22622
          28    1.7e+05     35025 40876.8 40876.8    23912    2820    2820   21092
          29    1.7e+05     35025 40876.8   40955    23573    2824    2824   20749
          30    1.8e+05     35025 40676.3 40676.3    23220    2821    2821   20399
          31    1.8e+05     35025 40595.9 40595.9    23775    2823    2823   20952
          32    1.8e+05     35025 40443.4 40443.4    24227    2820    2820   21407
          33    1.8e+05     35025 40433.5 40433.5    24650    2820    2820   21830
          34    1.8e+05     35025 40280.6 40280.6    24809    2820    2820   21989
          35    1.8e+05     35025 40280.6 40379.2    24860    2819    2819   22041
          36    1.9e+05     35025 40167.4 40167.4    24729    2821    2821   21908
          37    1.9e+05     35025 40167.4 40219.8    24413    2821    2821   21592
          38    1.9e+05     35025 40145.3 40145.3    25932    2821    2821   23111
          39    1.9e+05     35025   40130   40130    26289    2818    2818   23471
          40    1.9e+05     35025 40019.3 40019.3    25620    2817    2817   22803
          41    1.9e+05     35025 40019.3 40089.2    25109    2818    2818   22291
          42    2.0e+05     35025 39984.5 39984.5    26243    2818    2818   23425
          43    2.0e+05     35025 39984.5 39989.9    26106    2821    2821   23285
          44    2.0e+05     35025 39931.2 39931.2    26013    2817    2817   23196
          45    2.0e+05     35025 39931.2 39983.6    26302    2820    2820   23482
          46    2.0e+05     35025 39918.2 39918.2    26051    2817    2817   23234
          47    2.0e+05     35025   39898   39898    27434    2823    2823   24611
          48    2.0e+05     35025 39776.4 39776.4    26688    2817    2817   23871
          49    2.0e+05     35025 39776.4 39817.3    26913    2815    2815   24098
          50    2.1e+05     35025 39776.4 39799.1    26950    2818    2818   24132
          51    2.1e+05     35025 39776.4 39831.1    28048    2814    2814   25234
          52    2.1e+05     35025 39754.3 39754.3    26545    2815    2815   23730
          53    2.1e+05     35025 39754.3 39810.2    28631    2818    2818   25813
          54    2.1e+05     35025 39734.6 39734.6    27453    2816    2816   24637
          55    2.1e+05     35025 39734.6 39739.8    27645    2817    2817   24828
          56    2.1e+05     35025 39678.3 39678.3    27743    2816    2816   24927
          57    2.1e+05     35025 39678.3 39770.8    28019    2817    2817   25202
          58    2.1e+05     35025 39669.4 39669.4    29061    2815    2815   26246
          59    2.1e+05     35025 39657.4 39657.4    28333    2812    2812   25521
          60    2.2e+05     35025 39631.2 39631.2    28436    2812    2812   25624
          61    2.2e+05     35025 39631.2 39671.4    28805    2817    2817   25988
          62    2.2e+05     35025 39583.1 39583.1    29011    2815    2815   26196
          63    2.2e+05     35025 39583.1 39658.5    28940    2816    2816   26124
          64    2.2e+05     35025 39544.3 39544.3    29760    2813    2813   26947
          65    2.2e+05     35025 39544.3 39616.9    29229    2811    2811   26418
          66    2.2e+05     35025 39544.3 39547.8    28627    2814    2814   25813
          67    2.2e+05     35025 39544.3 39566.5    28773    2814    2814   25959
          68    2.2e+05     35025 39499.6 39499.6    29253    2814    2814   26439
          69    2.2e+05     35025 39499.6   39567    28346    2814    2814   25532
          70    2.3e+05     35025 39462.8 39462.8    28197    2811    2811   25386
          71    2.3e+05     35025 39462.8 39546.2    28056    2813    2813   25243
          72    2.3e+05     35025 39462.8 39475.7    27401    2813    2813   24588
          73    2.3e+05     35025 39462.8 39494.3    28732    2816    2816   25916
          74    2.3e+05     35025 39402.2 39402.2    29368    2818    2818   26550
          75    2.3e+05     35025 39402.2 39531.1    29390    2814    2814   26576
          76    2.3e+05     35025   39402   39402    28577    2812    2812   25765
          77    2.3e+05     35025   39402 39467.4    28039    2816    2816   25223
          78    2.3e+05     35025 39361.9 39361.9    29097    2815    2815   26282
          79    2.3e+05     35025 39361.9 39467.4    30049    2813    2813   27236
          80    2.3e+05     35025 39322.3 39322.3    29447    2811    2811   26636
          81    2.3e+05     35025 39322.3 39535.7    28552    2814    2814   25738
          82    2.4e+05     35025   39314   39314    28125    2812    2812   25313
          83    2.4e+05     35025   39314 39457.5    28932    2815    2815   26117
          84    2.4e+05     35025   39314 39327.8    30444    2812    2812   27632
          85    2.4e+05     35025   39314   39422    29212    2813    2813   26399
          86    2.4e+05     35025 39258.6 39258.6    29698    2814    2814   26884
          87    2.4e+05     35025 39258.6 39415.4    30143    2814    2814   27329
          88    2.4e+05     35025 39249.7 39249.7    29724    2812    2812   26912
          89    2.4e+05     35025 39249.7 39359.9    28966    2813    2813   26153
          90    2.4e+05     35025 39249.7   39347    28326    2813    2813   25513
          91    2.4e+05     35025 39249.7 39364.1    28573    2815    2815   25758
          92    2.4e+05     35025 39249.7 39255.2    29187    2812    2812   26375
          93    2.4e+05     35025 39249.7 39299.4    29409    2815    2815   26594
          94    2.5e+05     35025 39229.5 39229.5    30150    2813    2813   27337
          95    2.5e+05     35025 39229.5 39319.1    29628    2810    2810   26818
          96    2.5e+05     35025 39229.5 39275.9    29520    2809    2809   26711
          97    2.5e+05     35025 39229.5 39325.3    30320    2813    2813   27507
          98    2.5e+05     35025 39211.4 39211.4    31023    2811    2811   28212
          99    2.5e+05     35025 39211.4 39354.7    30044    2813    2813   27231
         100    2.5e+05     35025 39163.6 39163.6    31777    2813    2813   28964
         101    2.5e+05     35025 39163.6 39335.3    31660    2811    2811   28849
         102    2.5e+05     35025 39100.9 39100.9    31579    2811    2811   28768
         103    2.5e+05     35025 39100.9 39326.8    30811    2814    2814   27997
         104    2.5e+05     35025 39100.9 39195.3    31572    2811    2811   28761
         105    2.5e+05     35025 39100.9 39241.3    30835    2810    2810   28025
         106    2.5e+05     35025 39100.9 39153.9    30193    2811    2811   27382
         107    2.5e+05     35025 39100.9 39403.5    30343    2815    2815   27528
         108    2.5e+05     35025 39100.9 39128.3    30746    2812    2812   27934
         109    2.5e+05     35025 39100.9 39285.5    30173    2811    2811   27362
         110    2.6e+05     35025 39100.9   39123    29978    2811    2811   27167
         111    2.6e+05     35025 39100.9 39288.1    30644    2812    2812   27832
         112    2.6e+05     35025 39087.8 39087.8    31395    2808    2808   28587
         113    2.6e+05     35025 39087.8 39245.2    30508    2813    2813   27695
         114    2.6e+05     35025 39087.8 39110.6    30698    2811    2811   27887
         115    2.6e+05     35025 39087.8 39179.2    29679    2815    2815   26864
         116    2.6e+05     35025 39087.8   39166    31081    2808    2808   28273
         117    2.6e+05     35025 39087.8 39128.5    32485    2811    2811   29674
         118    2.6e+05     35025 39062.7 39062.7    31584    2809    2809   28775
         119    2.6e+05     35025 39062.7 39207.5    30831    2811    2811   28020
         120    2.6e+05     35025 39062.7 39082.1    30784    2813    2813   27971
         121    2.6e+05     35025 39062.7   39116    31002    2809    2809   28193
         122    2.6e+05     35025 39062.7 39120.2    30324    2815    2815   27509
         123    2.6e+05     35025 39062.7 39195.2    30942    2809    2809   28133
         124    2.6e+05     35025 39062.7 39105.2    31018    2812    2812   28206
         125    2.6e+05     35025 39062.7 39164.8    31240    2811    2811   28429
         126    2.7e+05     35025 39037.7 39037.7    30933    2811    2811   28122
         127    2.7e+05     35025 39037.7 39154.2    31054    2812    2812   28242
         128    2.7e+05     35025 39037.7 39124.8    30383    2813    2813   27570
         129    2.7e+05     35025 39037.7 39103.2    29759    2814    2814   26945
         130    2.7e+05     35025 39037.7 39042.9    31462    2810    2810   28652
         131    2.7e+05     35025 39037.7 39161.1    31197    2808    2808   28389
         132    2.7e+05     35025 39037.7 39070.6    30940    2811    2811   28129
         133    2.7e+05     35025 39037.7 39203.9    31828    2811    2811   29017
         134    2.7e+05     35025 38966.6 38966.6    32125    2809    2809   29316
         135    2.7e+05     35025 38966.6   39127    32418    2810    2810   29608
         136    2.7e+05     35025 38966.6 39039.3    32843    2810    2810   30033
         137    2.7e+05     35025 38966.6 39165.9    31130    2811    2811   28319
         138    2.7e+05     35025 38966.6 39024.9    31209    2813    2813   28396
         139    2.7e+05     35025 38966.6 39069.3    31549    2811    2811   28738
         140    2.7e+05     35025 38966.6 39059.7    32200    2808    2808   29392
         141    2.7e+05     35025 38966.6 39114.1    32586    2811    2811   29775
         142    2.7e+05     35025 38966.6 38972.3    32615    2808    2808   29807
         143    2.7e+05     35025 38966.6 39159.1    32136    2809    2809   29327
         144    2.7e+05     35025 38966.6 38989.1    31493    2810    2810   28683
         145    2.7e+05     35025 38966.6 39117.9    31108    2811    2811   28297
         146    2.8e+05     35025 38966.6 38978.2    31636    2811    2811   28825
         147    2.8e+05     35025 38966.6 39086.9    31671    2810    2810   28861
         148    2.8e+05     35025 38960.4 38960.4    32278    2807    2807   29471
         149    2.8e+05     35025 38960.4 39108.3    32022    2811    2811   29211
         150    2.8e+05     35025 38960.4 38975.5    32489    2811    2811   29678
         151    2.8e+05     35025 38960.4 39053.4    32118    2811    2811   29307
         152    2.8e+05     35025 38960.4 39032.5    33274    2807    2807   30467
         153    2.8e+05     35025 38960.4 38996.7    33544    2810    2810   30734
         154    2.8e+05     35025 38935.9 38935.9    33401    2810    2810   30591
         155    2.8e+05     35025 38935.9 39084.8    33354    2812    2812   30542
         156    2.8e+05     35025 38935.9 38942.2    34757    2807    2807   31950
         157    2.8e+05     35025 38935.9 39040.8    33524    2810    2810   30714
         158    2.8e+05     35025 38925.2 38925.2    33583    2810    2810   30773
         159    2.8e+05     35025 38925.2 39044.2    31979    2810    2810   29169
         160    2.8e+05     35025 38920.5 38920.5    32194    2807    2807   29387
         161    2.8e+05     35025 38920.5 39088.5    31034    2811    2811   28223
         162    2.8e+05     35025 38920.5   39020    30490    2812    2812   27678
         163    2.8e+05     35025 38920.5 39106.1    30191    2812    2812   27379
         164    2.8e+05     35025 38920.5 38992.4    31404    2810    2810   28594
         165    2.8e+05     35025 38920.5 38943.1    32080    2813    2813   29267
         166    2.8e+05     35025 38920.5 38956.4    32674    2810    2810   29864
         167    2.8e+05     35025 38920.5 39009.9    31942    2809    2809   29133
         168    2.8e+05     35025 38920.5 38978.1    31662    2811    2811   28851
         169    2.9e+05     35025 38920.5 39012.2    32247    2808    2808   29439
         170    2.9e+05     35025 38920.5 38963.6    32409    2808    2808   29601
         171    2.9e+05     35025 38920.5 38996.9    31422    2814    2814   28608
         172    2.9e+05     35025 38920.5 38985.6    31767    2807    2807   28960
         173    2.9e+05     35025 38920.5 38979.6    31577    2810    2810   28767
         174    2.9e+05     35025 38920.5 39001.4    31359    2809    2809   28550
         175    2.9e+05     35025 38920.5 38947.6    32194    2809    2809   29385
         176    2.9e+05     35025 38920.5 38970.6    32695    2809    2809   29886
         177    2.9e+05     35025 38920.5 39006.3    32977    2812    2812   30165
         178    2.9e+05     35025 38889.8 38889.8    33286    2808    2808   30478
         179    2.9e+05     35025 38889.8 39029.4    32431    2811    2811   29620
         180    2.9e+05     35025 38889.8   38893    32100    2810    2810   29290
         181    2.9e+05     35025 38889.8 38991.7    32171    2812    2812   29359
         182    2.9e+05     35025 38889.8 38923.4    32154    2808    2808   29346
         183    2.9e+05     35025 38889.8 39033.9    31794    2812    2812   28982
         184    2.9e+05     35025 38830.9 38830.9    31580    2810    2810   28770
         185    2.9e+05     35025 38830.9 39072.1    32040    2812    2812   29228
         186    2.9e+05     35025 38830.9   38957    33423    2807    2807   30616
         187    2.9e+05     35025 38830.9 38948.6    32343    2810    2810   29533
         188    2.9e+05     35025 38830.9   38912    32292    2810    2810   29482
         189    2.9e+05     35025 38830.9 39003.3    32994    2812    2812   30182
         190    2.9e+05     35025 38830.9 38855.6    33585    2812    2812   30773
         191    2.9e+05     35025 38830.9 38950.3    33838    2808    2808   31030
         192    2.9e+05     35025 38830.9 38926.2    34456    2805    2805   31651
         193    2.9e+05     35025 38830.9 38893.5    33892    2808    2808   31084
         194    2.9e+05     35025 38830.9 38911.1    33659    2807    2807   30852
         195    2.9e+05     35025 38830.9 38918.6    33962    2811    2811   31151
         196    3.0e+05     35025 38830.9 38989.8    33846    2806    2806   31040
         197    3.0e+05     35025 38830.9 38920.3    33357    2809    2809   30548
         198    3.0e+05     35025 38830.9 38890.2    31341    2810    2810   28531
         199    3.0e+05     35025 38830.9 38953.1    30234    2810    2810   27424
         200    3.0e+05     35025 38830.9 38949.6    31203    2810    2810   28393
         201    3.0e+05     35025 38830.9 39019.3    31188    2809    2809   28379
         202    3.0e+05     35025 38830.9 38900.3    32438    2808    2808   29630
         203    3.0e+05     35025 38830.9 38970.1    32428    2811    2811   29617
         204    3.0e+05     35025 38830.9 38872.1    32812    2809    2809   30003
         205    3.0e+05     35025 38830.9 39007.2    31894    2811    2811   29083
         206    3.0e+05     35025 38806.1 38806.1    32926    2809    2809   30117
         207    3.0e+05     35025 38806.1 38976.9    34662    2809    2809   31853
         208    3.0e+05     35025 38806.1 38857.3    34715    2806    2806   31909
         209    3.0e+05     35025 38806.1 38954.6    34774    2807    2807   31967
         210    3.0e+05     35025 38791.4 38791.4    34364    2808    2808   31556
         211    3.0e+05     35025 38791.4 38901.7    34508    2811    2811   31697
         212    3.0e+05     35025 38791.4 38908.4    34632    2807    2807   31825
    *    213    3.0e+05     35156 38791.4 38913.5    35156    2810    2810   32346
    *    214    3.0e+05     35808 38791.4 38871.9    35808    2807    2807   33001
         215    3.0e+05     35808 38791.4 38944.5    35530    2808    2808   32722
         216    3.0e+05     35808 38791.4 38834.6    35644    2808    2808   32836
         217    3.0e+05     35808 38791.4 38909.8    34931    2807    2807   32124
         218    3.0e+05     35808 38791.4 38835.9    33928    2806    2806   31122
         219    3.0e+05     35808 38791.4 38999.8    33579    2810    2810   30769
         220    3.0e+05     35808 38791.4 38871.2    31877    2807    2807   29070
         221    3.0e+05     35808 38791.4 38996.1    32573    2811    2811   29762
         222    3.0e+05     35808 38791.4 38852.8    31648    2809    2809   28839
         223    3.0e+05     35808 38791.4 38970.5    32230    2812    2812   29418
         224    3.0e+05     35808 38791.4 38908.5    33416    2809    2809   30607
         225    3.0e+05     35808 38791.4 38905.9    33950    2810    2810   31140
         226    3.0e+05     35808 38791.4 38859.6    33487    2807    2807   30680
         227    3.0e+05     35808 38791.4 38923.1    33305    2809    2809   30496
         228    3.0e+05     35808 38791.4 38822.9    33328    2807    2807   30521
         229    3.0e+05     35808 38791.4 38884.4    33340    2812    2812   30528
         230    3.0e+05     35808 38791.4 38854.4    33112    2808    2808   30304
         231    3.1e+05     35808 38791.4 38969.5    33382    2811    2811   30571
         232    3.1e+05     35808 38791.4 38799.4    33736    2807    2807   30929
         233    3.1e+05     35808 38791.4 38921.3    33581    2809    2809   30772
         234    3.1e+05     35808 38791.4 38792.7    33527    2807    2807   30720
         235    3.1e+05     35808 38791.4 38961.5    34241    2807    2807   31434
               reducing step to 0.1
         236    3.1e+05     35808 38309.9 38309.9    31721    2808    2808   28913
         237    3.1e+05     35808 38099.4 38099.4    31184    2811    2811   28373
         238    3.1e+05     35808 38099.4 38140.2    33393    2809    2809   30584
         239    3.1e+05     35808   38053   38053    35243    2805    2805   32438
    *    240    3.1e+05     35872   38053 38076.9    35872    2806    2806   33066
         241    3.1e+05     35872 37991.5 37991.5    35763    2805    2805   32958
    *    242    3.1e+05     35990 37991.5 38063.7    35990    2805    2805   33185
    *    243    3.1e+05     36001 37983.6 37983.6    36001    2806    2806   33195
    *    244    3.1e+05     36428 37983.6 38077.7    36428    2804    2804   33624
    *    245    3.1e+05     36452 37983.6 37994.4    36452    2804    2804   33648
    *    246    3.1e+05     36622 37983.6 38044.9    36622    2804    2804   33818
    *    247    3.1e+05     36692 37982.5 37982.5    36692    2805    2805   33887
    *    248    3.1e+05     36911 37982.5 38056.7    36911    2803    2803   34108
    *    249    3.1e+05     36988 37976.1 37976.1    36988    2805    2805   34183
         250    3.1e+05     36988 37976.1 38056.2    36958    2803    2803   34155
         251    3.1e+05     36988 37955.7 37955.7    36977    2805    2805   34172
         252    3.1e+05     36988 37955.7 38075.3    36870    2804    2804   34066
    *    253    3.1e+05     37004 37946.6 37946.6    37004    2805    2805   34199
    *    254    3.1e+05     37060 37946.6 38068.3    37060    2803    2803   34257
    *    255    3.1e+05     37063 37946.6 37946.9    37063    2805    2805   34258
    *    256    3.1e+05     37096 37946.6 38067.3    37096    2803    2803   34293
         257    3.1e+05     37096 37946.6 37948.6    37028    2805    2805   34223
         258    3.1e+05     37096 37946.6 38047.6    37077    2803    2803   34274
    *    259    3.1e+05     37100 37946.6 37963.7    37100    2805    2805   34295
         260    3.1e+05     37100 37946.6 38044.1    37076    2803    2803   34273
         261    3.1e+05     37100 37944.9 37944.9    37048    2805    2805   34243
         262    3.1e+05     37100 37944.9 38056.1    37062    2804    2804   34258
    *    263    3.1e+05     37104 37940.4 37940.4    37104    2805    2805   34299
         264    3.1e+05     37104 37940.4 38038.1    36983    2804    2804   34179
         265    3.1e+05     37104 37940.4 37957.2    36994    2805    2805   34189
         266    3.1e+05     37104 37940.4 38028.9    36982    2803    2803   34179
         267    3.1e+05     37104 37940.4 37947.2    36804    2806    2806   33998
         268    3.1e+05     37104 37940.4 38050.4    36921    2803    2803   34118
         269    3.1e+05     37104 37940.4 37943.7    37032    2806    2806   34226
    *    270    3.1e+05     37106 37940.4   38052    37106    2803    2803   34303
         271    3.1e+05     37106 37940.4 37948.6    37105    2805    2805   34300
         272    3.1e+05     37106 37940.4 38028.8    37061    2803    2803   34258
         273    3.1e+05     37106   37939   37939    37083    2805    2805   34278
         274    3.1e+05     37106   37939 38027.9    37098    2803    2803   34295
         275    3.1e+05     37106   37939 37949.9    37056    2805    2805   34251
    *    276    3.1e+05     37118   37939 38045.4    37118    2803    2803   34315
    *    277    3.1e+05     37136 37932.5 37932.5    37136    2805    2805   34331
         278    3.1e+05     37136 37932.5 38027.6    37128    2803    2803   34325
         279    3.1e+05     37136 37932.5   37939    37082    2805    2805   34277
         280    3.1e+05     37136 37932.5 38021.7    37100    2803    2803   34297
         281    3.1e+05     37136 37932.5 37955.3    37060    2805    2805   34255
         282    3.1e+05     37136 37932.5 38023.2    37106    2803    2803   34303
    *    283    3.1e+05     37139 37927.7 37927.7    37139    2805    2805   34334
         284    3.1e+05     37139 37927.7 38043.6    37117    2803    2803   34314
         285    3.1e+05     37139 37925.4 37925.4    37085    2805    2805   34280
    *    286    3.1e+05     37153 37925.4 38022.2    37153    2803    2803   34350
         287    3.1e+05     37153 37923.3 37923.3    37113    2805    2805   34308
         288    3.1e+05     37153 37923.3   38031    37144    2803    2803   34341
         289    3.1e+05     37153 37921.2 37921.2    37103    2805    2805   34298
         290    3.1e+05     37153 37921.2 38021.6    37115    2803    2803   34312
    *    291    3.1e+05     37162 37921.1 37921.1    37162    2805    2805   34357
    *    292    3.1e+05     37169 37921.1 38020.5    37169    2803    2803   34366
    *    293    3.1e+05     37191 37921.1 37926.5    37191    2805    2805   34386
         294    3.1e+05     37191 37921.1 38027.1    37109    2803    2803   34306
         295    3.1e+05     37191 37919.6 37919.6    37140    2805    2805   34335
         296    3.1e+05     37191 37919.6 38024.3    37147    2803    2803   34344
         297    3.1e+05     37191 37919.6   37924    37124    2805    2805   34319
         298    3.1e+05     37191 37919.6 38022.5    37127    2803    2803   34324
         299    3.1e+05     37191 37919.6 37921.1    37091    2805    2805   34286
         300    3.1e+05     37191 37919.6 38021.8    37186    2803    2803   34383
         301    3.1e+05     37191 37919.6 37919.9    36872    2805    2805   34067
         302    3.1e+05     37191 37919.6   38022    37157    2803    2803   34354
         303    3.1e+05     37191 37919.6 37920.7    37114    2805    2805   34309
         304    3.1e+05     37191 37919.6 38021.7    37115    2803    2803   34312
         305    3.1e+05     37191 37919.6 37919.8    37121    2805    2805   34316
         306    3.1e+05     37191 37919.6 38043.8    37124    2803    2803   34321
         307    3.1e+05     37191 37912.2 37912.2    37101    2805    2805   34296
         308    3.1e+05     37191 37912.2 38036.8    37136    2804    2804   34332
         309    3.1e+05     37191 37912.2 37920.6    37063    2805    2805   34258
         310    3.1e+05     37191 37912.2 38014.5    37126    2804    2804   34322
         311    3.1e+05     37191 37912.2 37918.8    37177    2805    2805   34372
         312    3.1e+05     37191 37912.2 38017.5    37155    2803    2803   34352
         313    3.1e+05     37191 37912.2 37920.3    37167    2805    2805   34362
         314    3.1e+05     37191 37912.2   38014    37160    2803    2803   34357
    *    315    3.1e+05     37192 37912.2 37920.6    37192    2805    2805   34387
         316    3.1e+05     37192 37912.2 38014.6    37155    2803    2803   34352
         317    3.1e+05     37192 37912.2 37920.1    37059    2805    2805   34254
         318    3.1e+05     37192 37912.2 38015.1    37163    2803    2803   34360
         319    3.1e+05     37192 37912.2   37918    37170    2805    2805   34365
         320    3.1e+05     37192 37912.2 38008.7    37188    2803    2803   34385
         321    3.1e+05     37192 37912.2 37919.5    37113    2805    2805   34308
         322    3.1e+05     37192 37912.2 38009.2    37138    2803    2803   34335
         323    3.1e+05     37192 37912.2 37916.5    36970    2805    2805   34165
         324    3.1e+05     37192 37912.2 38011.1    37157    2803    2803   34354
         325    3.1e+05     37192 37912.2 37925.8    37050    2806    2806   34244
         326    3.1e+05     37192 37912.2 38028.9    37134    2803    2803   34331
         327    3.1e+05     37192 37912.2 37917.4    37125    2805    2805   34320
         328    3.1e+05     37192 37912.2 38030.4    37033    2803    2803   34230
         329    3.1e+05     37192 37912.2 37916.9    37136    2805    2805   34331
         330    3.1e+05     37192 37912.2 38030.5    37142    2804    2804   34338
         331    3.1e+05     37192 37912.2   37918    36748    2805    2805   33943
         332    3.1e+05     37192 37912.2 38009.6    36750    2803    2803   33947
               reducing step to 0.05
         333    3.1e+05     37192 37779.7 37779.7    36557    2804    2804   33753
         334    3.1e+05     37192 37717.7 37717.7    36278    2804    2804   33474
         335    3.1e+05     37192 37717.7 37746.8    36999    2805    2805   34194
         336    3.1e+05     37192 37717.7 37723.2    36984    2805    2805   34179
         337    3.1e+05     37192 37714.7 37714.7    37034    2805    2805   34229
         338    3.1e+05     37192 37703.6 37703.6    36973    2804    2804   34169
         339    3.1e+05     37192 37703.6 37714.3    37139    2804    2804   34335
         340    3.1e+05     37192 37703.6 37705.6    37034    2803    2803   34231
         341    3.1e+05     37192 37703.6 37707.8    37086    2804    2804   34282
         342    3.1e+05     37192 37684.1 37684.1    37123    2804    2804   34319
    *    343    3.1e+05     37236 37684.1 37712.7    37236    2804    2804   34432
         344    3.1e+05     37236 37684.1 37684.6    37224    2803    2803   34421
         345    3.1e+05     37236 37684.1 37717.6    37225    2804    2804   34421
         346    3.1e+05     37236 37681.1 37681.1    37213    2803    2803   34410
         347    3.1e+05     37236 37681.1 37709.9    37235    2804    2804   34431
         348    3.1e+05     37236   37681   37681    36935    2803    2803   34132
         349    3.1e+05     37236   37681 37710.6    37210    2804    2804   34406
         350    3.1e+05     37236 37678.8 37678.8    37225    2803    2803   34422
    *    351    3.1e+05     37261 37678.8 37705.2    37261    2804    2804   34457
         352    3.1e+05     37261 37678.8 37678.8    37221    2803    2803   34418
         353    3.1e+05     37261 37678.8 37708.3    37230    2804    2804   34426
         354    3.1e+05     37261 37675.8 37675.8    37260    2803    2803   34457
         355    3.1e+05     37261 37675.8 37705.3    37256    2804    2804   34452
         356    3.1e+05     37261 37675.8 37677.9    37259    2803    2803   34456
         357    3.1e+05     37261 37675.8 37701.8    37103    2804    2804   34299
         358    3.1e+05     37261 37675.8 37676.6    37248    2803    2803   34445
         359    3.1e+05     37261 37675.8 37702.7    37237    2804    2804   34433
         360    3.1e+05     37261 37673.4 37673.4    37254    2803    2803   34451
    *    361    3.1e+05     37262 37673.4 37700.3    37262    2804    2804   34458
         362    3.1e+05     37262 37673.4 37678.1    37249    2803    2803   34446
    *    363    3.1e+05     37278 37673.4   37700    37278    2804    2804   34474
         364    3.1e+05     37278 37672.1 37672.1    37258    2803    2803   34455
         365    3.1e+05     37278 37672.1 37701.3    37268    2804    2804   34464
         366    3.1e+05     37278 37672.1 37673.7    37250    2804    2804   34446
         367    3.1e+05     37278 37672.1 37701.7    37273    2804    2804   34469
         368    3.1e+05     37278 37672.1 37679.5    37269    2803    2803   34466
         369    3.1e+05     37278 37672.1 37700.7    37249    2804    2804   34445
         370    3.1e+05     37278 37670.9 37670.9    37221    2803    2803   34418
         371    3.1e+05     37278 37670.9 37704.8    37250    2804    2804   34446
         372    3.1e+05     37278 37670.9 37671.5    37266    2803    2803   34463
    *    373    3.1e+05     37280 37670.9 37700.8    37280    2804    2804   34476
         374    3.1e+05     37280 37669.4 37669.4    37235    2803    2803   34432
         375    3.1e+05     37280 37669.4 37702.6    37241    2804    2804   34437
         376    3.1e+05     37280 37669.4 37671.8    37275    2803    2803   34472
         377    3.1e+05     37280 37669.4 37698.7    37274    2804    2804   34470
         378    3.1e+05     37280 37669.4 37671.2    37253    2803    2803   34450
         379    3.1e+05     37280 37669.4 37704.8    37275    2804    2804   34471
         380    3.1e+05     37280 37669.1 37669.1    37260    2803    2803   34457
         381    3.1e+05     37280 37669.1 37697.9    37270    2804    2804   34466
         382    3.1e+05     37280 37669.1   37673    37254    2803    2803   34451
         383    3.1e+05     37280 37669.1 37698.1    37257    2804    2804   34453
         384    3.1e+05     37280 37669.1 37674.8    37251    2803    2803   34448
         385    3.1e+05     37280 37669.1 37697.1    37272    2804    2804   34468
         386    3.1e+05     37280 37668.2 37668.2    37242    2803    2803   34439
         387    3.1e+05     37280 37668.2 37702.3    37265    2804    2804   34461
         388    3.1e+05     37280 37668.2 37671.8    37261    2803    2803   34458
         389    3.1e+05     37280 37668.2   37698    37264    2804    2804   34460
         390    3.1e+05     37280 37668.2 37670.2    37256    2803    2803   34453
         391    3.1e+05     37280 37668.2 37699.8    37243    2804    2804   34439
         392    3.1e+05     37280 37668.2 37668.4    37237    2803    2803   34434
         393    3.1e+05     37280 37668.2 37696.1    37269    2804    2804   34465
         394    3.1e+05     37280 37668.2 37669.6    37247    2803    2803   34444
         395    3.1e+05     37280 37668.2 37696.7    37259    2804    2804   34455
    *    396    3.1e+05     37282 37668.2 37671.6    37282    2803    2803   34479
         397    3.1e+05     37282 37668.2 37695.2    37273    2804    2804   34469
         398    3.1e+05     37282 37668.2 37672.1    37270    2803    2803   34467
         399    3.1e+05     37282 37668.2 37697.5    37275    2804    2804   34471
         400    3.1e+05     37282 37668.2 37673.6    37241    2803    2803   34438
         401    3.1e+05     37282 37668.2 37693.5    37261    2804    2804   34457
         402    3.1e+05     37282 37668.2   37676    37256    2803    2803   34453
         403    3.1e+05     37282 37668.2 37692.7    37251    2804    2804   34447
         404    3.1e+05     37282 37668.2 37671.6    37269    2803    2803   34466
         405    3.1e+05     37282 37668.2 37693.4    37254    2804    2804   34450
         406    3.1e+05     37282 37668.2 37672.7    37251    2803    2803   34448
    *    407    3.1e+05     37293 37668.2 37696.5    37293    2804    2804   34489
         408    3.1e+05     37293 37668.2 37668.4    37222    2803    2803   34419
         409    3.1e+05     37293 37668.2 37694.5    37271    2804    2804   34467
         410    3.1e+05     37293 37668.2 37669.3    37266    2803    2803   34463
         411    3.1e+05     37293 37668.2 37696.2    37273    2804    2804   34469
               reducing step to 0.025
         412    3.1e+05     37293   37614   37614    37058    2803    2803   34255
         413    3.1e+05     37293 37585.1 37585.1    37037    2804    2804   34233
         414    3.1e+05     37293 37585.1 37597.4    36585    2804    2804   33781
         415    3.1e+05     37293 37575.4 37575.4    37117    2804    2804   34313
         416    3.1e+05     37293 37575.4 37588.6    37242    2804    2804   34438
         417    3.1e+05     37293 37574.4 37574.4    37202    2804    2804   34398
         418    3.1e+05     37293 37574.4 37585.6    37255    2804    2804   34451
         419    3.1e+05     37293   37570   37570    37243    2804    2804   34439
         420    3.1e+05     37293   37570 37584.1    37255    2804    2804   34451
         421    3.1e+05     37293 37564.8 37564.8    37280    2804    2804   34476
         422    3.1e+05     37293 37564.8 37582.4    37253    2804    2804   34449
         423    3.1e+05     37293 37564.7 37564.7    37282    2804    2804   34478
         424    3.1e+05     37293 37564.7 37578.8    37248    2803    2803   34445
         425    3.1e+05     37293 37563.7 37563.7    37147    2804    2804   34343
         426    3.1e+05     37293 37563.7 37578.6    37253    2804    2804   34449
         427    3.1e+05     37293 37563.7 37564.4    37270    2804    2804   34466
         428    3.1e+05     37293 37563.7 37578.9    37261    2804    2804   34457
         429    3.1e+05     37293   37561   37561    37265    2804    2804   34461
         430    3.1e+05     37293   37561 37579.3    37246    2804    2804   34442
         431    3.1e+05     37293   37561 37562.2    37277    2804    2804   34473
         432    3.1e+05     37293   37561 37577.3    37170    2805    2805   34365
    *    433    3.1e+05     37302 37559.8 37559.8    37302    2804    2804   34498
         434    3.1e+05     37302 37559.8 37576.6    37273    2804    2804   34469
         435    3.1e+05     37302 37559.8 37560.3    37280    2804    2804   34476
         436    3.1e+05     37302 37559.8 37573.8    37281    2804    2804   34477
    *    437    3.1e+05     37309 37559.8   37562    37309    2804    2804   34505
         438    3.1e+05     37309 37559.8   37574    37282    2804    2804   34478
         439    3.1e+05     37309 37559.8 37561.5    37292    2804    2804   34488
         440    3.1e+05     37309 37559.8 37574.7    37289    2804    2804   34485
         441    3.1e+05     37309 37557.7 37557.7    37288    2804    2804   34484
         442    3.1e+05     37309 37557.7 37576.3    37292    2804    2804   34488
         443    3.1e+05     37309 37557.7 37558.3    37283    2804    2804   34479
         444    3.1e+05     37309 37557.7 37574.7    37280    2804    2804   34476
         445    3.1e+05     37309 37557.3 37557.3    37290    2804    2804   34486
         446    3.1e+05     37309 37557.3 37575.8    37298    2804    2804   34494
         447    3.1e+05     37309 37557.3 37557.7    37290    2804    2804   34486
         448    3.1e+05     37309 37557.3 37573.8    37279    2804    2804   34475
         449    3.1e+05     37309 37557.3 37559.7    37281    2804    2804   34477
         450    3.1e+05     37309 37557.3 37572.9    37295    2804    2804   34491
         451    3.1e+05     37309 37557.3   37561    37290    2804    2804   34486
         452    3.1e+05     37309 37557.3 37570.3    37305    2804    2804   34501
         453    3.1e+05     37309 37557.3 37560.2    37301    2804    2804   34497
         454    3.1e+05     37309 37557.3 37571.1    37292    2804    2804   34488
         455    3.1e+05     37309 37557.3 37559.5    37301    2804    2804   34497
         456    3.1e+05     37309 37557.3 37571.4    37280    2804    2804   34476
    *    457    3.1e+05     37311   37557   37557    37311    2804    2804   34507
         458    3.1e+05     37311   37557 37570.4    37274    2804    2804   34470
         459    3.1e+05     37311   37557 37558.6    37302    2804    2804   34498
         460    3.1e+05     37311   37557 37571.7    37275    2804    2804   34471
         461    3.1e+05     37311   37557 37557.9    37301    2804    2804   34497
         462    3.1e+05     37311   37557 37571.9    37285    2804    2804   34481
         463    3.1e+05     37311   37557 37558.2    37292    2804    2804   34488
         464    3.1e+05     37311   37557 37570.5    37282    2804    2804   34478
         465    3.1e+05     37311 37556.4 37556.4    37293    2804    2804   34489
         466    3.1e+05     37311 37556.4 37571.2    37283    2804    2804   34479
         467    3.1e+05     37311 37556.3 37556.3    37302    2804    2804   34498
         468    3.1e+05     37311 37556.3 37572.3    37283    2804    2804   34479
         469    3.1e+05     37311 37554.3 37554.3    37302    2804    2804   34498
         470    3.1e+05     37311 37554.3 37571.9    37305    2804    2804   34501
         471    3.1e+05     37311 37554.3 37556.1    37305    2804    2804   34501
         472    3.1e+05     37311 37554.3 37571.6    37291    2804    2804   34487
         473    3.1e+05     37311 37554.3 37556.4    37306    2804    2804   34502
         474    3.1e+05     37311 37554.3 37571.1    37299    2804    2804   34495
         475    3.1e+05     37311 37554.3 37556.8    37286    2804    2804   34482
         476    3.1e+05     37311 37554.3 37568.5    37296    2804    2804   34492
         477    3.1e+05     37311 37554.3   37560    37302    2804    2804   34498
         478    3.1e+05     37311 37554.3   37568    37251    2804    2804   34447
         479    3.1e+05     37311 37554.3 37558.1    37299    2804    2804   34495
         480    3.1e+05     37311 37554.3 37570.5    37294    2804    2804   34490
         481    3.1e+05     37311 37554.3 37557.4    37291    2804    2804   34487
         482    3.1e+05     37311 37554.3 37568.2    37284    2804    2804   34480
         483    3.1e+05     37311 37554.3 37557.1    37299    2804    2804   34495
         484    3.1e+05     37311 37554.3 37569.1    37284    2804    2804   34480
         485    3.1e+05     37311 37554.3 37558.1    37257    2804    2804   34453
         486    3.1e+05     37311 37554.3 37569.5    37294    2804    2804   34490
         487    3.1e+05     37311 37554.3 37556.5    37265    2804    2804   34461
         488    3.1e+05     37311 37554.3 37570.8    37294    2804    2804   34490
         489    3.1e+05     37311 37554.3 37556.7    37294    2804    2804   34490
         490    3.1e+05     37311 37554.3 37569.9    37278    2804    2804   34474
         491    3.1e+05     37311 37554.3   37556    37274    2804    2804   34470
         492    3.1e+05     37311 37554.3 37568.8    37279    2804    2804   34475
         493    3.1e+05     37311 37554.3 37558.6    37285    2804    2804   34481
         494    3.1e+05     37311 37554.3 37568.2    37280    2804    2804   34476
               reducing step to 0.0125
         495    3.1e+05     37311 37532.7 37532.7    37143    2803    2803   34340
         496    3.1e+05     37311 37523.4 37523.4    37163    2804    2804   34359
         497    3.1e+05     37311 37523.4 37528.3    37277    2804    2804   34473
         498    3.1e+05     37311 37517.1 37517.1    37232    2804    2804   34428
         499    3.1e+05     37311 37517.1 37524.8    37266    2804    2804   34462
         500    3.1e+05     37311 37515.1 37515.1    37269    2804    2804   34465
         501    3.1e+05     37311 37515.1   37522    37264    2804    2804   34460
         502    3.1e+05     37311   37513   37513    37309    2804    2804   34505
         503    3.1e+05     37311   37513 37520.1    37273    2804    2804   34469
         504    3.1e+05     37311 37511.4 37511.4    37293    2804    2804   34489
         505    3.1e+05     37311 37511.4   37521    37297    2804    2804   34493
         506    3.1e+05     37311 37510.7 37510.7    37272    2804    2804   34468
         507    3.1e+05     37311 37510.7 37517.5    37278    2804    2804   34474
         508    3.1e+05     37311 37510.7 37511.3    37294    2804    2804   34490
         509    3.1e+05     37311 37510.7 37517.2    37295    2804    2804   34491
         510    3.1e+05     37311   37509   37509    37295    2804    2804   34491
         511    3.1e+05     37311   37509 37517.8    37284    2804    2804   34480
         512    3.1e+05     37311 37508.5 37508.5    37301    2804    2804   34497
         513    3.1e+05     37311 37508.5 37517.5    37275    2804    2804   34471
         514    3.1e+05     37311 37508.5 37508.8    37282    2804    2804   34478
         515    3.1e+05     37311 37508.5 37517.1    37287    2804    2804   34483
    *    516    3.1e+05     37320 37507.7 37507.7    37320    2804    2804   34516
         517    3.1e+05     37320 37507.7 37516.7    37302    2804    2804   34498
    *    518    3.1e+05     37325 37506.7 37506.7    37325    2804    2804   34521
         519    3.1e+05     37325 37506.7 37515.9    37303    2804    2804   34499
         520    3.1e+05     37325 37506.3 37506.3    37308    2804    2804   34504
         521    3.1e+05     37325 37506.3 37514.7    37310    2804    2804   34506
         522    3.1e+05     37325 37505.8 37505.8    37313    2804    2804   34509
         523    3.1e+05     37325 37505.8 37514.6    37296    2804    2804   34492
         524    3.1e+05     37325 37505.8 37506.2    37307    2804    2804   34503
         525    3.1e+05     37325 37505.8 37515.4    37301    2804    2804   34497
         526    3.1e+05     37325 37505.8 37507.2    37317    2804    2804   34513
         527    3.1e+05     37325 37505.8 37514.6    37306    2804    2804   34502
         528    3.1e+05     37325 37505.8 37506.4    37296    2804    2804   34492
         529    3.1e+05     37325 37505.8 37514.9    37301    2804    2804   34497
         530    3.1e+05     37325 37505.2 37505.2    37309    2804    2804   34505
         531    3.1e+05     37325 37505.2 37513.2    37270    2804    2804   34466
         532    3.1e+05     37325 37505.2 37505.5    37310    2804    2804   34506
         533    3.1e+05     37325 37505.2 37514.8    37296    2804    2804   34492
         534    3.1e+05     37325 37505.2 37505.9    37297    2804    2804   34493
         535    3.1e+05     37325 37505.2 37513.9    37290    2804    2804   34486
         536    3.1e+05     37325 37505.2 37505.8    36978    2804    2804   34174
         537    3.1e+05     37325 37505.2 37513.4    37300    2804    2804   34496
         538    3.1e+05     37325 37505.2 37505.4    37304    2804    2804   34500
         539    3.1e+05     37325 37505.2 37513.2    37309    2804    2804   34505
         540    3.1e+05     37325 37505.2 37505.2    37323    2804    2804   34519
         541    3.1e+05     37325 37505.2   37516    37293    2804    2804   34489
         542    3.1e+05     37325 37504.8 37504.8    37308    2804    2804   34504
         543    3.1e+05     37325 37504.8 37516.1    37264    2804    2804   34460
         544    3.1e+05     37325 37504.5 37504.5    37309    2804    2804   34505
         545    3.1e+05     37325 37504.5 37513.9    37290    2804    2804   34486
         546    3.1e+05     37325 37504.5 37505.2    37304    2804    2804   34500
         547    3.1e+05     37325 37504.5 37513.4    37307    2804    2804   34503
         548    3.1e+05     37325 37504.5 37504.5    37300    2804    2804   34496
         549    3.1e+05     37325 37504.5 37513.9    37305    2804    2804   34501
         550    3.1e+05     37325 37504.5 37505.5    37305    2804    2804   34501
         551    3.1e+05     37325 37504.5 37514.1    37307    2804    2804   34503
         552    3.1e+05     37325 37504.4 37504.4    37315    2804    2804   34511
         553    3.1e+05     37325 37504.4 37514.9    37310    2804    2804   34506
         554    3.1e+05     37325 37504.4 37504.4    37307    2804    2804   34503
         555    3.1e+05     37325 37504.4 37513.2    37298    2804    2804   34494
         556    3.1e+05     37325 37504.4 37505.2    37309    2804    2804   34505
         557    3.1e+05     37325 37504.4 37512.4    37300    2804    2804   34496
         558    3.1e+05     37325 37504.4 37504.7    37311    2804    2804   34507
         559    3.1e+05     37325 37504.4 37513.1    37293    2804    2804   34489
         560    3.1e+05     37325 37504.4   37505    37316    2804    2804   34512
         561    3.1e+05     37325 37504.4 37513.1    37307    2804    2804   34503
         562    3.1e+05     37325 37504.4 37504.9    37307    2804    2804   34503
         563    3.1e+05     37325 37504.4 37512.2    37293    2804    2804   34489
         564    3.1e+05     37325 37504.4 37504.6    37306    2804    2804   34502
         565    3.1e+05     37325 37504.4 37513.4    37290    2804    2804   34486
         566    3.1e+05     37325 37504.4 37504.6    37270    2804    2804   34466
         567    3.1e+05     37325 37504.4 37512.6    37298    2804    2804   34494
         568    3.1e+05     37325 37504.4 37505.7    37303    2804    2804   34499
         569    3.1e+05     37325 37504.4 37511.5    37296    2804    2804   34492
         570    3.1e+05     37325 37504.4 37505.3    37306    2804    2804   34502
         571    3.1e+05     37325 37504.4 37511.7    37307    2804    2804   34503
         572    3.1e+05     37325 37504.4 37505.6    37325    2804    2804   34521
         573    3.1e+05     37325 37504.4 37511.6    37300    2804    2804   34496
         574    3.1e+05     37325 37504.1 37504.1    37315    2804    2804   34511
         575    3.1e+05     37325 37504.1 37513.6    37300    2804    2804   34496
         576    3.1e+05     37325 37504.1 37504.2    37296    2804    2804   34492
         577    3.1e+05     37325 37504.1 37512.1    37256    2804    2804   34452
         578    3.1e+05     37325 37504.1 37504.6    37318    2804    2804   34514
         579    3.1e+05     37325 37504.1 37511.6    37289    2804    2804   34485
         580    3.1e+05     37325 37504.1   37505    37300    2804    2804   34496
         581    3.1e+05     37325 37504.1 37511.6    37302    2804    2804   34498
         582    3.1e+05     37325 37504.1 37505.9    37304    2804    2804   34500
         583    3.1e+05     37325 37504.1 37511.4    37300    2804    2804   34496
         584    3.1e+05     37325 37504.1 37504.9    37301    2804    2804   34497
         585    3.1e+05     37325 37504.1 37511.4    37299    2804    2804   34495
         586    3.1e+05     37325 37504.1 37505.5    37306    2804    2804   34502
         587    3.1e+05     37325 37504.1 37510.3    37299    2804    2804   34495
         588    3.1e+05     37325 37504.1 37505.8    37303    2804    2804   34499
         589    3.1e+05     37325 37504.1 37511.2    37290    2804    2804   34486
         590    3.1e+05     37325 37504.1 37504.7    37320    2804    2804   34516
         591    3.1e+05     37325 37504.1 37511.9    37296    2804    2804   34492
         592    3.1e+05     37325 37504.1 37504.5    37308    2804    2804   34504
         593    3.1e+05     37325 37504.1 37510.8    37295    2804    2804   34491
         594    3.1e+05     37325 37503.6 37503.6    37312    2804    2804   34508
         595    3.1e+05     37325 37503.6 37511.4    37295    2804    2804   34491
         596    3.1e+05     37325 37503.6 37504.5    37292    2804    2804   34488
         597    3.1e+05     37325 37503.6 37511.1    37295    2804    2804   34491
         598    3.1e+05     37325 37503.6 37504.2    37306    2804    2804   34502
         599    3.1e+05     37325 37503.6 37510.1    37300    2804    2804   34496
         600    3.1e+05     37325 37503.6 37505.5    37309    2804    2804   34505
         601    3.1e+05     37325 37503.6 37510.1    37297    2804    2804   34493
         602    3.1e+05     37325   37503   37503    37309    2804    2804   34505
         603    3.1e+05     37325   37503 37511.5    37306    2804    2804   34502
         604    3.1e+05     37325   37503 37503.9    37310    2804    2804   34506
         605    3.1e+05     37325   37503 37510.7    37317    2804    2804   34513
         606    3.1e+05     37325   37503 37504.4    37300    2804    2804   34496
         607    3.1e+05     37325   37503 37510.4    37300    2804    2804   34496
         608    3.1e+05     37325   37503 37504.7    37310    2804    2804   34506
         609    3.1e+05     37325   37503 37510.4    37306    2804    2804   34502
         610    3.1e+05     37325   37503 37504.9    37319    2804    2804   34515
         611    3.1e+05     37325   37503 37510.4    37294    2804    2804   34490
         612    3.1e+05     37325   37503 37504.7    37313    2804    2804   34509
         613    3.1e+05     37325   37503 37509.9    37280    2804    2804   34476
         614    3.1e+05     37325   37503 37504.5    37305    2804    2804   34501
         615    3.1e+05     37325   37503 37510.4    37308    2804    2804   34504
         616    3.1e+05     37325   37503 37503.5    37313    2804    2804   34509
         617    3.1e+05     37325   37503 37511.9    37301    2804    2804   34497
         618    3.1e+05     37325   37503 37503.2    37306    2804    2804   34502
         619    3.1e+05     37325   37503 37510.9    37300    2804    2804   34496
         620    3.1e+05     37325   37503 37503.7    37304    2804    2804   34500
         621    3.1e+05     37325   37503 37510.2    37303    2804    2804   34499
         622    3.1e+05     37325   37503 37503.7    37310    2804    2804   34506
         623    3.1e+05     37325   37503   37510    37294    2804    2804   34490
         624    3.1e+05     37325   37503 37503.8    37296    2804    2804   34492
         625    3.1e+05     37325   37503 37509.4    37297    2804    2804   34493
         626    3.1e+05     37325   37503 37505.6    37309    2804    2804   34505
         627    3.1e+05     37325   37503 37508.7    37305    2804    2804   34501
               reducing step to 0.00625
         628    3.1e+05     37325 37492.9 37492.9    37019    2804    2804   34215
         629    3.1e+05     37325 37487.8 37487.8    37288    2804    2804   34484
         630    3.1e+05     37325 37487.8 37489.5    37180    2804    2804   34376
         631    3.1e+05     37325 37485.7 37485.7    37315    2804    2804   34511
         632    3.1e+05     37325 37485.7 37489.8    37300    2804    2804   34496
         633    3.1e+05     37325 37485.2 37485.2    37252    2804    2804   34448
         634    3.1e+05     37325 37485.2 37488.7    37289    2804    2804   34485
         635    3.1e+05     37325 37484.5 37484.5    37033    2804    2804   34229
         636    3.1e+05     37325 37484.5 37488.5    37299    2804    2804   34495
         637    3.1e+05     37325 37483.8 37483.8    37298    2804    2804   34494
         638    3.1e+05     37325 37483.8 37488.1    37306    2804    2804   34502
         639    3.1e+05     37325 37483.4 37483.4    37304    2804    2804   34500
         640    3.1e+05     37325 37483.4 37487.3    37276    2804    2804   34472
         641    3.1e+05     37325 37483.1 37483.1    37308    2804    2804   34504
         642    3.1e+05     37325 37483.1 37486.2    37305    2804    2804   34501
         643    3.1e+05     37325 37483.1 37483.5    37279    2804    2804   34475
         644    3.1e+05     37325 37483.1 37486.2    37307    2804    2804   34503
         645    3.1e+05     37325 37483.1 37483.3    37299    2804    2804   34495
    *    646    3.1e+05     37327 37483.1 37485.5    37327    2804    2804   34523
         647    3.1e+05     37327 37483.1 37483.4    37323    2804    2804   34519
         648    3.1e+05     37327 37483.1   37485    37315    2804    2804   34511
         649    3.1e+05     37327   37483   37483    37303    2804    2804   34499
         650    3.1e+05     37327   37483   37485    37311    2804    2804   34507
         651    3.1e+05     37327 37482.2 37482.2    37286    2804    2804   34482
         652    3.1e+05     37327 37482.2   37485    37325    2804    2804   34521
         653    3.1e+05     37327 37482.2 37482.3    37292    2804    2804   34488
         654    3.1e+05     37327 37482.2 37484.6    37321    2804    2804   34517
         655    3.1e+05     37327 37482.2 37482.3    37322    2804    2804   34518
         656    3.1e+05     37327 37482.2 37484.4    37319    2804    2804   34515
         657    3.1e+05     37327 37482.2 37482.2    37318    2804    2804   34514
         658    3.1e+05     37327 37482.2 37484.3    37305    2804    2804   34501
         659    3.1e+05     37327 37482.2 37482.4    37275    2804    2804   34471
         660    3.1e+05     37327 37482.2   37484    37317    2804    2804   34513
         661    3.1e+05     37327 37481.7 37481.7    37315    2804    2804   34511
         662    3.1e+05     37327 37481.7   37484    37312    2804    2804   34508
         663    3.1e+05     37327 37481.7 37481.7    37307    2804    2804   34503
         664    3.1e+05     37327 37481.7 37483.8    37316    2804    2804   34512
         665    3.1e+05     37327 37481.6 37481.6    37322    2804    2804   34518
         666    3.1e+05     37327 37481.6 37484.4    37312    2804    2804   34508
         667    3.1e+05     37327 37481.4 37481.4    37316    2804    2804   34512
         668    3.1e+05     37327 37481.4 37483.8    37318    2804    2804   34514
         669    3.1e+05     37327 37481.4 37481.6    37306    2804    2804   34502
         670    3.1e+05     37327 37481.4 37483.8    37316    2804    2804   34512
         671    3.1e+05     37327 37481.3 37481.3    37300    2804    2804   34496
         672    3.1e+05     37327 37481.3 37483.4    37310    2804    2804   34506
         673    3.1e+05     37327 37481.3 37481.4    37296    2804    2804   34492
         674    3.1e+05     37327 37481.3 37483.3    37311    2804    2804   34507
         675    3.1e+05     37327 37481.3 37481.7    37315    2804    2804   34511
         676    3.1e+05     37327 37481.3 37483.3    37317    2804    2804   34513
         677    3.1e+05     37327 37481.3 37481.3    37307    2804    2804   34503
         678    3.1e+05     37327 37481.3   37483    37299    2804    2804   34495
         679    3.1e+05     37327 37481.3 37481.3    37306    2804    2804   34502
         680    3.1e+05     37327 37481.3 37482.9    37311    2804    2804   34507
         681    3.1e+05     37327 37481.1 37481.1    37308    2804    2804   34504
         682    3.1e+05     37327 37481.1 37483.1    37309    2804    2804   34505
         683    3.1e+05     37327 37481.1 37481.3    37305    2804    2804   34501
         684    3.1e+05     37327 37481.1 37482.9    37287    2804    2804   34483
         685    3.1e+05     37327 37481.1 37481.5    37305    2804    2804   34501
         686    3.1e+05     37327 37481.1 37482.9    37312    2804    2804   34508
         687    3.1e+05     37327 37481.1 37481.5    37306    2804    2804   34502
         688    3.1e+05     37327 37481.1 37482.9    37305    2804    2804   34501
         689    3.1e+05     37327   37481   37481    37310    2804    2804   34506
         690    3.1e+05     37327   37481 37482.7    37295    2804    2804   34491
         691    3.1e+05     37327   37481 37481.4    37315    2804    2804   34511
         692    3.1e+05     37327   37481 37482.5    37320    2804    2804   34516
         693    3.1e+05     37327   37481 37481.1    37302    2804    2804   34498
         694    3.1e+05     37327   37481 37482.6    37317    2804    2804   34513
         695    3.1e+05     37327 37480.3 37480.3    37304    2804    2804   34500
         696    3.1e+05     37327 37480.3 37482.3    37313    2804    2804   34509
         697    3.1e+05     37327 37480.3   37481    37312    2804    2804   34508
         698    3.1e+05     37327 37480.3 37482.6    37278    2804    2804   34474
         699    3.1e+05     37327 37480.3 37480.6    37296    2804    2804   34492
         700    3.1e+05     37327 37480.3 37482.4    37315    2804    2804   34511
         701    3.1e+05     37327 37480.3 37480.6    37301    2804    2804   34497
         702    3.1e+05     37327 37480.3 37482.2    37312    2804    2804   34508
         703    3.1e+05     37327 37480.3 37480.5    37303    2804    2804   34499
         704    3.1e+05     37327 37480.3 37482.4    37315    2804    2804   34511
         705    3.1e+05     37327 37480.3 37480.3    37303    2804    2804   34499
         706    3.1e+05     37327 37480.3 37482.4    37304    2804    2804   34500
         707    3.1e+05     37327 37480.3 37480.3    37309    2804    2804   34505
         708    3.1e+05     37327 37480.3 37482.3    37307    2804    2804   34503
         709    3.1e+05     37327 37480.3 37480.7    37281    2804    2804   34477
         710    3.1e+05     37327 37480.3 37482.7    37295    2804    2804   34491
         711    3.1e+05     37327 37480.3 37480.3    37310    2804    2804   34506
         712    3.1e+05     37327 37480.3 37482.9    37324    2804    2804   34520
         713    3.1e+05     37327 37479.9 37479.9    37302    2804    2804   34498
         714    3.1e+05     37327 37479.9 37482.3    37315    2804    2804   34511
         715    3.1e+05     37327 37479.9 37480.5    37311    2804    2804   34507
         716    3.1e+05     37327 37479.9 37482.1    37309    2804    2804   34505
         717    3.1e+05     37327 37479.9 37480.4    37321    2804    2804   34517
         718    3.1e+05     37327 37479.9   37482    37299    2804    2804   34495
         719    3.1e+05     37327 37479.9 37479.9    37317    2804    2804   34513
         720    3.1e+05     37327 37479.9 37482.4    37309    2804    2804   34505
         721    3.1e+05     37327 37479.9 37480.3    37309    2804    2804   34505
         722    3.1e+05     37327 37479.9 37481.8    37309    2804    2804   34505
         723    3.1e+05     37327 37479.9 37480.4    37302    2804    2804   34498
         724    3.1e+05     37327 37479.9 37481.6    37316    2804    2804   34512
         725    3.1e+05     37327 37479.9 37480.5    37307    2804    2804   34503
         726    3.1e+05     37327 37479.9   37482    37305    2804    2804   34501
         727    3.1e+05     37327 37479.9 37480.4    37305    2804    2804   34501
         728    3.1e+05     37327 37479.9 37481.5    37304    2804    2804   34500
         729    3.1e+05     37327 37479.9 37480.2    37319    2804    2804   34515
         730    3.1e+05     37327 37479.9 37481.7    37306    2804    2804   34502
         731    3.1e+05     37327 37479.9   37480    37295    2804    2804   34491
         732    3.1e+05     37327 37479.9 37481.7    37302    2804    2804   34498
         733    3.1e+05     37327 37479.8 37479.8    37304    2804    2804   34500
         734    3.1e+05     37327 37479.8   37482    37317    2804    2804   34513
         735    3.1e+05     37327 37479.8 37479.9    37294    2804    2804   34490
         736    3.1e+05     37327 37479.8 37481.9    37317    2804    2804   34513
         737    3.1e+05     37327 37479.8 37479.9    37300    2804    2804   34496
         738    3.1e+05     37327 37479.8 37482.1    37308    2804    2804   34504
         739    3.1e+05     37327 37479.8 37480.2    37304    2804    2804   34500
         740    3.1e+05     37327 37479.8 37481.6    37308    2804    2804   34504
         741    3.1e+05     37327 37479.8 37480.1    37308    2804    2804   34504
         742    3.1e+05     37327 37479.8 37482.3    37308    2804    2804   34504
         743    3.1e+05     37327 37479.8 37480.2    37312    2804    2804   34508
         744    3.1e+05     37327 37479.8 37481.6    37322    2804    2804   34518
         745    3.1e+05     37327 37479.5 37479.5    37284    2804    2804   34480
         746    3.1e+05     37327 37479.5 37482.1    37308    2804    2804   34504
         747    3.1e+05     37327 37479.5 37479.9    37296    2804    2804   34492
         748    3.1e+05     37327 37479.5 37481.5    37307    2804    2804   34503
         749    3.1e+05     37327 37479.5 37479.7    37306    2804    2804   34502
         750    3.1e+05     37327 37479.5 37482.4    37315    2804    2804   34511
         751    3.1e+05     37327 37479.5 37479.8    37311    2804    2804   34507
         752    3.1e+05     37327 37479.5 37481.4    37309    2804    2804   34505
         753    3.1e+05     37327 37479.4 37479.4    37302    2804    2804   34498
         754    3.1e+05     37327 37479.4 37482.1    37310    2804    2804   34506
         755    3.1e+05     37327 37479.4 37479.5    37295    2804    2804   34491
         756    3.1e+05     37327 37479.4 37481.4    37308    2804    2804   34504
         757    3.1e+05     37327 37479.4 37479.7    37318    2804    2804   34514
         758    3.1e+05     37327 37479.4 37481.9    37312    2804    2804   34508
         759    3.1e+05     37327 37479.4 37479.9    37311    2804    2804   34507
         760    3.1e+05     37327 37479.4 37481.3    37321    2804    2804   34517
         761    3.1e+05     37327 37479.4 37479.5    37321    2804    2804   34517
         762    3.1e+05     37327 37479.4 37482.3    37323    2804    2804   34519
         763    3.1e+05     37327 37479.4 37479.6    37308    2804    2804   34504
         764    3.1e+05     37327 37479.4 37481.4    37317    2804    2804   34513
         765    3.1e+05     37327 37479.4 37479.8    37311    2804    2804   34507
         766    3.1e+05     37327 37479.4 37481.7    37319    2804    2804   34515
         767    3.1e+05     37327 37479.4   37480    37311    2804    2804   34507
         768    3.1e+05     37327 37479.4 37481.5    37320    2804    2804   34516
         769    3.1e+05     37327 37479.4 37479.8    37292    2804    2804   34488
         770    3.1e+05     37327 37479.4 37481.4    37279    2804    2804   34475
         771    3.1e+05     37327 37479.3 37479.3    37314    2804    2804   34510
         772    3.1e+05     37327 37479.3 37481.9    37314    2804    2804   34510
         773    3.1e+05     37327 37479.3 37479.7    37307    2804    2804   34503
         774    3.1e+05     37327 37479.3   37481    37325    2804    2804   34521
         775    3.1e+05     37327 37479.3 37479.6    37314    2804    2804   34510
         776    3.1e+05     37327 37479.3 37481.3    37319    2804    2804   34515
         777    3.1e+05     37327 37479.3 37479.5    37313    2804    2804   34509
         778    3.1e+05     37327 37479.3 37481.6    37303    2804    2804   34499
         779    3.1e+05     37327 37479.3 37479.7    37310    2804    2804   34506
         780    3.1e+05     37327 37479.3   37481    37311    2804    2804   34507
         781    3.1e+05     37327 37479.3 37479.8    37322    2804    2804   34518
         782    3.1e+05     37327 37479.3 37480.6    37311    2804    2804   34507
         783    3.1e+05     37327 37479.3 37479.9    37309    2804    2804   34505
         784    3.1e+05     37327 37479.3   37481    37314    2804    2804   34510
         785    3.1e+05     37327 37479.3   37480    37311    2804    2804   34507
         786    3.1e+05     37327 37479.3 37480.9    37318    2804    2804   34514
         787    3.1e+05     37327 37479.3 37479.7    37303    2804    2804   34499
         788    3.1e+05     37327 37479.3 37481.2    37318    2804    2804   34514
         789    3.1e+05     37327 37479.3 37479.6    37303    2804    2804   34499
         790    3.1e+05     37327 37479.3 37481.1    37309    2804    2804   34505
         791    3.1e+05     37327 37479.3 37479.5    37310    2804    2804   34506
         792    3.1e+05     37327 37479.3 37481.1    37314    2804    2804   34510
         793    3.1e+05     37327 37479.3 37479.8    37308    2804    2804   34504
         794    3.1e+05     37327 37479.3 37480.7    37309    2804    2804   34505
         795    3.1e+05     37327 37479.3 37479.4    37299    2804    2804   34495
         796    3.1e+05     37327 37479.3   37481    37310    2804    2804   34506
               reducing step to 0.003125
         797    3.1e+05     37327 37474.1 37474.1    37268    2804    2804   34464
         798    3.1e+05     37327 37472.4 37472.4    37296    2804    2804   34492
         799    3.1e+05     37327 37472.4 37472.8    37247    2804    2804   34443
         800    3.1e+05     37327 37471.1 37471.1    37289    2804    2804   34485
         801    3.1e+05     37327 37471.1 37472.4    37297    2804    2804   34493
         802    3.1e+05     37327 37470.6 37470.6    37306    2804    2804   34502
         803    3.1e+05     37327 37470.6 37472.2    37303    2804    2804   34499
         804    3.1e+05     37327 37470.4 37470.4    37308    2804    2804   34504
         805    3.1e+05     37327 37470.4 37472.1    37282    2804    2804   34478
         806    3.1e+05     37327 37470.2 37470.2    37278    2804    2804   34474
         807    3.1e+05     37327 37470.2 37471.8    37299    2804    2804   34495
         808    3.1e+05     37327   37470   37470    37319    2804    2804   34515
         809    3.1e+05     37327   37470 37471.5    37314    2804    2804   34510
         810    3.1e+05     37327 37469.3 37469.3    37294    2804    2804   34490
         811    3.1e+05     37327 37469.3 37471.5    37293    2804    2804   34489
         812    3.1e+05     37327 37469.2 37469.2    37324    2804    2804   34520
         813    3.1e+05     37327 37469.2 37471.3    37304    2804    2804   34500
         814    3.1e+05     37327 37469.1 37469.1    37304    2804    2804   34500
         815    3.1e+05     37327 37469.1 37471.1    37310    2804    2804   34506
         816    3.1e+05     37327 37469.1 37469.1    37320    2804    2804   34516
         817    3.1e+05     37327 37469.1 37470.9    37309    2804    2804   34505
         818    3.1e+05     37327 37468.7 37468.7    37299    2804    2804   34495
         819    3.1e+05     37327 37468.7   37471    37306    2804    2804   34502
         820    3.1e+05     37327 37468.7 37468.9    37320    2804    2804   34516
         821    3.1e+05     37327 37468.7 37470.8    37303    2804    2804   34499
         822    3.1e+05     37327 37468.7 37468.9    37313    2804    2804   34509
         823    3.1e+05     37327 37468.7 37470.5    37306    2804    2804   34502
         824    3.1e+05     37327 37468.7 37468.9    37315    2804    2804   34511
         825    3.1e+05     37327 37468.7 37470.4    37288    2804    2804   34484
         826    3.1e+05     37327 37468.6 37468.6    37313    2804    2804   34509
         827    3.1e+05     37327 37468.6 37470.2    37309    2804    2804   34505
         828    3.1e+05     37327 37468.6 37468.9    37315    2804    2804   34511
         829    3.1e+05     37327 37468.6 37470.2    37298    2804    2804   34494
         830    3.1e+05     37327 37468.6 37468.7    37309    2804    2804   34505
         831    3.1e+05     37327 37468.6 37469.9    37300    2804    2804   34496
         832    3.1e+05     37327 37468.4 37468.4    37321    2804    2804   34517
         833    3.1e+05     37327 37468.4 37470.1    37313    2804    2804   34509
         834    3.1e+05     37327 37468.2 37468.2    37324    2804    2804   34520
         835    3.1e+05     37327 37468.2 37470.2    37316    2804    2804   34512
         836    3.1e+05     37327 37468.1 37468.1    37322    2804    2804   34518
         837    3.1e+05     37327 37468.1 37469.7    37314    2804    2804   34510
         838    3.1e+05     37327 37468.1 37468.3    37318    2804    2804   34514
         839    3.1e+05     37327 37468.1 37469.8    37317    2804    2804   34513
         840    3.1e+05     37327 37468.1 37468.1    37323    2804    2804   34519
         841    3.1e+05     37327 37468.1   37470    37313    2804    2804   34509
         842    3.1e+05     37327   37468   37468    37316    2804    2804   34512
         843    3.1e+05     37327   37468 37469.8    37303    2804    2804   34499
         844    3.1e+05     37327 37467.8 37467.8    37323    2804    2804   34519
         845    3.1e+05     37327 37467.8 37469.7    37318    2804    2804   34514
         846    3.1e+05     37327 37467.8 37468.1    37307    2804    2804   34503
         847    3.1e+05     37327 37467.8 37469.6    37314    2804    2804   34510
         848    3.1e+05     37327 37467.8 37467.9    37314    2804    2804   34510
         849    3.1e+05     37327 37467.8 37469.6    37308    2804    2804   34504
         850    3.1e+05     37327 37467.7 37467.7    37313    2804    2804   34509
         851    3.1e+05     37327 37467.7   37470    37309    2804    2804   34505
         852    3.1e+05     37327 37467.7 37467.7    37325    2804    2804   34521
         853    3.1e+05     37327 37467.7 37469.7    37320    2804    2804   34516
         854    3.1e+05     37327 37467.5 37467.5    37317    2804    2804   34513
         855    3.1e+05     37327 37467.5 37469.7    37300    2804    2804   34496
         856    3.1e+05     37327 37467.5 37467.6    37299    2804    2804   34495
         857    3.1e+05     37327 37467.5 37469.7    37299    2804    2804   34495
         858    3.1e+05     37327 37467.4 37467.4    37309    2804    2804   34505
         859    3.1e+05     37327 37467.4 37469.8    37310    2804    2804   34506
         860    3.1e+05     37327 37467.4 37467.6    37300    2804    2804   34496
         861    3.1e+05     37327 37467.4 37469.6    37309    2804    2804   34505
         862    3.1e+05     37327 37467.4 37467.5    37302    2804    2804   34498
         863    3.1e+05     37327 37467.4 37469.6    37310    2804    2804   34506
         864    3.1e+05     37327 37467.4 37467.6    37304    2804    2804   34500
         865    3.1e+05     37327 37467.4 37469.3    37308    2804    2804   34504
         866    3.1e+05     37327 37467.4 37467.6    37303    2804    2804   34499
         867    3.1e+05     37327 37467.4 37469.4    37309    2804    2804   34505
         868    3.1e+05     37327 37467.4 37467.6    37317    2804    2804   34513
         869    3.1e+05     37327 37467.4 37469.6    37300    2804    2804   34496
         870    3.1e+05     37327 37467.4 37467.4    37317    2804    2804   34513
         871    3.1e+05     37327 37467.4 37469.5    37312    2804    2804   34508
         872    3.1e+05     37327 37467.3 37467.3    37315    2804    2804   34511
         873    3.1e+05     37327 37467.3 37469.3    37316    2804    2804   34512
         874    3.1e+05     37327 37467.3 37467.4    37323    2804    2804   34519
         875    3.1e+05     37327 37467.3 37469.2    37325    2804    2804   34521
         876    3.1e+05     37327 37467.3 37467.6    37317    2804    2804   34513
         877    3.1e+05     37327 37467.3 37469.2    37307    2804    2804   34503
         878    3.1e+05     37327 37467.3 37467.6    37314    2804    2804   34510
         879    3.1e+05     37327 37467.3 37469.3    37312    2804    2804   34508
         880    3.1e+05     37327 37467.3 37467.6    37308    2804    2804   34504
         881    3.1e+05     37327 37467.3 37469.2    37304    2804    2804   34500
         882    3.1e+05     37327 37467.3 37467.5    37307    2804    2804   34503
         883    3.1e+05     37327 37467.3 37469.4    37319    2804    2804   34515
         884    3.1e+05     37327 37467.3 37467.8    37320    2804    2804   34516
         885    3.1e+05     37327 37467.3 37468.9    37312    2804    2804   34508
         886    3.1e+05     37327 37467.3 37467.6    37308    2804    2804   34504
         887    3.1e+05     37327 37467.3 37469.1    37303    2804    2804   34499
         888    3.1e+05     37327 37467.3 37467.3    37306    2804    2804   34502
         889    3.1e+05     37327 37467.3 37469.3    37322    2804    2804   34518
         890    3.1e+05     37327 37467.2 37467.2    37320    2804    2804   34516
         891    3.1e+05     37327 37467.2 37469.2    37309    2804    2804   34505
         892    3.1e+05     37327 37467.2 37467.4    37320    2804    2804   34516
         893    3.1e+05     37327 37467.2   37469    37317    2804    2804   34513
    *    894    3.1e+05     37329 37467.2 37467.3    37329    2804    2804   34525
         895    3.1e+05     37329 37467.2 37469.1    37305    2804    2804   34501
         896    3.1e+05     37329 37467.2 37467.2    37310    2804    2804   34506
         897    3.1e+05     37329 37467.2 37469.2    37293    2804    2804   34489
         898    3.1e+05     37329 37467.1 37467.1    37307    2804    2804   34503
         899    3.1e+05     37329 37467.1 37469.2    37294    2804    2804   34490
         900    3.1e+05     37329 37467.1 37467.4    37305    2804    2804   34501
         901    3.1e+05     37329 37467.1 37468.8    37295    2804    2804   34491
         902    3.1e+05     37329 37467.1 37467.3    37273    2804    2804   34469
         903    3.1e+05     37329 37467.1 37468.6    37316    2804    2804   34512
         904    3.1e+05     37329 37467.1 37467.5    37316    2804    2804   34512
         905    3.1e+05     37329 37467.1   37469    37318    2804    2804   34514
         906    3.1e+05     37329 37467.1 37467.3    37325    2804    2804   34521
         907    3.1e+05     37329 37467.1 37468.9    37271    2804    2804   34467
         908    3.1e+05     37329 37467.1 37467.4    37315    2804    2804   34511
         909    3.1e+05     37329 37467.1   37469    37306    2804    2804   34502
         910    3.1e+05     37329 37467.1 37467.2    37320    2804    2804   34516
         911    3.1e+05     37329 37467.1 37468.9    37312    2804    2804   34508
         912    3.1e+05     37329 37467.1 37467.2    37315    2804    2804   34511
         913    3.1e+05     37329 37467.1 37468.9    37310    2804    2804   34506
         914    3.1e+05     37329 37467.1 37467.1    37317    2804    2804   34513
         915    3.1e+05     37329 37467.1 37468.8    37315    2804    2804   34511
         916    3.1e+05     37329 37467.1 37467.2    37323    2804    2804   34519
         917    3.1e+05     37329 37467.1 37469.1    37314    2804    2804   34510
         918    3.1e+05     37329 37467.1 37467.2    37319    2804    2804   34515
         919    3.1e+05     37329 37467.1 37468.6    37310    2804    2804   34506
         920    3.1e+05     37329 37467.1 37467.1    37315    2804    2804   34511
         921    3.1e+05     37329 37467.1 37468.6    37308    2804    2804   34504
         922    3.1e+05     37329 37467.1 37467.3    37322    2804    2804   34518
         923    3.1e+05     37329 37467.1 37468.6    37302    2804    2804   34498
               reducing step to 0.0015625
         924    3.1e+05     37329   37465   37465    36284    2804    2804   33480
         925    3.1e+05     37329 37463.7 37463.7    37304    2804    2804   34500
         926    3.1e+05     37329 37463.7   37465    37298    2804    2804   34494
         927    3.1e+05     37329 37463.6 37463.6    37283    2804    2804   34479
         928    3.1e+05     37329 37463.6 37464.4    37307    2804    2804   34503
         929    3.1e+05     37329 37463.5 37463.5    37321    2804    2804   34517
         930    3.1e+05     37329 37463.5 37464.2    37306    2804    2804   34502
         931    3.1e+05     37329 37463.5 37463.5    37310    2804    2804   34506
         932    3.1e+05     37329 37463.5 37464.1    37322    2804    2804   34518
         933    3.1e+05     37329 37463.3 37463.3    37315    2804    2804   34511
         934    3.1e+05     37329 37463.3   37464    37283    2804    2804   34479
         935    3.1e+05     37329 37463.2 37463.2    37316    2804    2804   34512
         936    3.1e+05     37329 37463.2   37464    37313    2804    2804   34509
         937    3.1e+05     37329 37462.9 37462.9    37308    2804    2804   34504
         938    3.1e+05     37329 37462.9 37463.7    37321    2804    2804   34517
         939    3.1e+05     37329 37462.9   37463    37328    2804    2804   34524
         940    3.1e+05     37329 37462.9 37463.7    37311    2804    2804   34507
         941    3.1e+05     37329 37462.9   37463    37322    2804    2804   34518
         942    3.1e+05     37329 37462.9 37463.7    37297    2804    2804   34493
         943    3.1e+05     37329 37462.9   37463    37317    2804    2804   34513
         944    3.1e+05     37329 37462.9 37463.4    37276    2804    2804   34472
         945    3.1e+05     37329 37462.9 37462.9    37297    2804    2804   34493
         946    3.1e+05     37329 37462.9 37463.5    37299    2804    2804   34495
         947    3.1e+05     37329 37462.7 37462.7    37310    2804    2804   34506
         948    3.1e+05     37329 37462.7 37463.5    37312    2804    2804   34508
         949    3.1e+05     37329 37462.6 37462.6    37308    2804    2804   34504
         950    3.1e+05     37329 37462.6 37463.4    37324    2804    2804   34520
         951    3.1e+05     37329 37462.6 37462.6    37287    2804    2804   34483
         952    3.1e+05     37329 37462.6 37463.4    37313    2804    2804   34509
         953    3.1e+05     37329 37462.6 37462.7    37291    2804    2804   34487
         954    3.1e+05     37329 37462.6 37463.4    37295    2804    2804   34491
         955    3.1e+05     37329 37462.6 37462.6    37316    2804    2804   34512
         956    3.1e+05     37329 37462.6   37463    37306    2804    2804   34502
         957    3.1e+05     37329 37462.5 37462.5    37307    2804    2804   34503
         958    3.1e+05     37329 37462.5 37463.2    37327    2804    2804   34523
         959    3.1e+05     37329 37462.5 37462.5    37300    2804    2804   34496
         960    3.1e+05     37329 37462.5 37463.2    37311    2804    2804   34507
         961    3.1e+05     37329 37462.4 37462.4    37315    2804    2804   34511
         962    3.1e+05     37329 37462.4 37463.1    37268    2803    2803   34465
         963    3.1e+05     37329 37462.4 37462.6    37311    2804    2804   34507
         964    3.1e+05     37329 37462.4   37463    37302    2804    2804   34498
         965    3.1e+05     37329 37462.4 37462.4    37290    2804    2804   34486
         966    3.1e+05     37329 37462.4 37462.9    37313    2804    2804   34509
         967    3.1e+05     37329 37462.4 37462.4    37319    2804    2804   34515
         968    3.1e+05     37329 37462.4 37463.1    37304    2804    2804   34500
         969    3.1e+05     37329 37462.3 37462.3    37317    2804    2804   34513
         970    3.1e+05     37329 37462.3 37463.1    37297    2804    2804   34493
         971    3.1e+05     37329 37462.3 37462.3    37315    2804    2804   34511
         972    3.1e+05     37329 37462.3   37463    37318    2804    2804   34514
         973    3.1e+05     37329 37462.3 37462.3    37307    2804    2804   34503
         974    3.1e+05     37329 37462.3 37462.8    37292    2804    2804   34488
         975    3.1e+05     37329 37462.3 37462.4    37313    2804    2804   34509
         976    3.1e+05     37329 37462.3 37462.9    37314    2804    2804   34510
         977    3.1e+05     37329 37462.2 37462.2    37309    2804    2804   34505
         978    3.1e+05     37329 37462.2 37462.7    37309    2804    2804   34505
         979    3.1e+05     37329 37462.2 37462.2    37313    2804    2804   34509
         980    3.1e+05     37329 37462.2 37462.8    37310    2804    2804   34506
         981    3.1e+05     37329 37462.1 37462.1    37329    2804    2804   34525
         982    3.1e+05     37329 37462.1 37462.7    37304    2804    2804   34500
         983    3.1e+05     37329   37462   37462    37310    2804    2804   34506
         984    3.1e+05     37329   37462 37462.7    37317    2804    2804   34513
         985    3.1e+05     37329   37462 37462.3    37315    2804    2804   34511
         986    3.1e+05     37329   37462 37462.7    37321    2804    2804   34517
         987    3.1e+05     37329   37462 37462.1    37310    2804    2804   34506
         988    3.1e+05     37329   37462 37462.6    37309    2804    2804   34505
         989    3.1e+05     37329   37462 37462.1    37319    2804    2804   34515
         990    3.1e+05     37329   37462 37462.5    37319    2804    2804   34515
         991    3.1e+05     37329   37462 37462.2    37318    2804    2804   34514
         992    3.1e+05     37329   37462 37462.6    37302    2804    2804   34498
         993    3.1e+05     37329   37462   37462    37308    2804    2804   34504
    *    994    3.1e+05     37331   37462 37462.5    37331    2804    2804   34527
         995    3.1e+05     37331   37462 37462.1    37318    2804    2804   34514
         996    3.1e+05     37331   37462 37462.5    37327    2804    2804   34523
         997    3.1e+05     37331   37462 37462.1    37312    2804    2804   34508
         998    3.1e+05     37331   37462 37462.5    37313    2804    2804   34509
         999    3.1e+05     37331   37462 37462.1    37311    2804    2804   34507
        1000    3.1e+05     37331   37462 37462.6    37320    2804    2804   34516
Total time used by klau is 1929.38
true_align (18772) and est_align (2804) DO NOT have the same number of elements.
method klau has a score of 8.60%
method klau used 1929.382 seconds.
maximum values in init align row is:  18771
maximum values in init align col is:  18771
 best   iter   pr-delta       obj  weight    card overlap
    *      1    3.6e-01   30371.5    2823    2823   28960
    *      2    1.5e-01   30636.5    2823    2823   29225
           3    7.1e-02     30557    2822    2822   29146
           4    3.4e-02   30556.5    2821    2821   29146
           5    1.7e-02   30558.5    2821    2821   29148
           6    8.6e-03   30524.5    2821    2821   29114
           7    4.5e-03   30524.5    2821    2821   29114
           8    2.4e-03   30535.5    2821    2821   29125
           9    1.4e-03   30535.5    2821    2821   29125
          10    7.6e-04   30535.5    2821    2821   29125
          11    4.3e-04   30543.5    2821    2821   29133
          12    2.5e-04   30543.5    2821    2821   29133
          13    1.5e-04   30543.5    2821    2821   29133
          14    8.9e-05   30543.5    2821    2821   29133
          15    5.3e-05   30543.5    2821    2821   29133
          16    3.3e-05   30536.5    2821    2821   29126
          17    2.0e-05   30536.5    2821    2821   29126
          18    1.2e-05   30536.5    2821    2821   29126
          19    7.8e-06   30536.5    2821    2821   29126
          20    4.9e-06   30536.5    2821    2821   29126
          21    3.1e-06   30536.5    2821    2821   29126
          22    2.0e-06   30536.5    2821    2821   29126
          23    1.3e-06   30536.5    2821    2821   29126
          24    8.1e-07   30536.5    2821    2821   29126
          25    5.2e-07   30536.5    2821    2821   29126
          26    3.4e-07   30536.5    2821    2821   29126
          27    2.2e-07   30536.5    2821    2821   29126
          28    1.4e-07   30536.5    2821    2821   29126
          29    9.2e-08   30536.5    2821    2821   29126
          30    6.0e-08   30536.5    2821    2821   29126
          31    3.9e-08   30536.5    2821    2821   29126
          32    2.6e-08   30536.5    2821    2821   29126
          33    1.7e-08   30536.5    2821    2821   29126
          34    1.1e-08   30536.5    2821    2821   29126
          35    7.3e-09   30536.5    2821    2821   29126
          36    4.8e-09   30536.5    2821    2821   29126
          37    3.1e-09   30536.5    2821    2821   29126
          38    2.1e-09   30536.5    2821    2821   29126
          39    1.4e-09   30536.5    2821    2821   29126
          40    9.0e-10   30536.5    2821    2821   29126
          41    6.0e-10   30536.5    2821    2821   29126
          42    3.9e-10   30536.5    2821    2821   29126
          43    2.6e-10   30536.5    2821    2821   29126
          44    1.7e-10   30536.5    2821    2821   29126
          45    1.1e-10   30536.5    2821    2821   29126
          46    7.5e-11   30536.5    2821    2821   29126
          47    5.0e-11   30536.5    2821    2821   29126
          48    3.3e-11   30536.5    2821    2821   29126
          49    2.2e-11   30536.5    2821    2821   29126
          50    1.5e-11   30536.5    2821    2821   29126
          51    9.7e-12   30536.5    2821    2821   29126
          52    6.4e-12   30536.5    2821    2821   29126
          53    4.2e-12   30536.5    2821    2821   29126
          54    2.8e-12   30536.5    2821    2821   29126
          55    1.9e-12   30536.5    2821    2821   29126
          56    1.2e-12   30536.5    2821    2821   29126
          57    8.3e-13   30536.5    2821    2821   29126
Total time used by isorank is 27.06
true_align (18772) and est_align (2828) DO NOT have the same number of elements.
method isorank has a score of 1.05%
method isorank used 27.061 seconds.
experiment results:
     method     score         time
0  netalign  8.587258   110.993289
1      klau  8.597912  1929.382293
2   isorank  1.054762    27.061176
