Permutation sanity check error is 3942.0.
Permutation sanity check error is 787626.0.
num_init for this graph is 14
Generating initial alignment matrix using degree ...
mode is  degree
number of noisy edges are:  14
Average number of initial alignments for each node is 28
maximum values in init align row is:  18771
maximum values in init align col is:  18769
Recovering sparse matrix L took 0.16 sec.
Time for degree: 0.78 sec
iteration 1
Time for iteration 1: 10.19 sec, diff = 0.12500
iteration 2
Time for iteration 2: 64.66 sec, diff = 0.01737
iteration 3
Time for iteration 3: 90.87 sec, diff = 0.00899
iteration 4
Time for iteration 4: 88.92 sec, diff = 0.00660
iteration 5
Time for iteration 5: 88.55 sec, diff = 0.00544
iteration 6
Time for iteration 6: 89.08 sec, diff = 0.00469
iteration 7
Time for iteration 7: 83.43 sec, diff = 0.00412
iteration 8
Time for iteration 8: 88.89 sec, diff = 0.00366
iteration 9
Time for iteration 9: 90.34 sec, diff = 0.00326
iteration 10
Time for iteration 10: 89.97 sec, diff = 0.00292
iteration 11
Time for iteration 11: 89.13 sec, diff = 0.00262
iteration 12
Time for iteration 12: 90.05 sec, diff = 0.00235
iteration 13
Time for iteration 13: 83.89 sec, diff = 0.00211
iteration 14
Time for iteration 14: 90.66 sec, diff = 0.00190
iteration 15
Time for iteration 15: 89.81 sec, diff = 0.00171
iteration 16
Time for iteration 16: 90.56 sec, diff = 0.00153
iteration 17
Time for iteration 17: 90.58 sec, diff = 0.00138
iteration 18
Time for iteration 18: 89.03 sec, diff = 0.00124
iteration 19
Time for iteration 19: 85.25 sec, diff = 0.00112
iteration 20
Time for iteration 20: 81.30 sec, diff = 0.00100
iteration 21
Time for iteration 21: 81.72 sec, diff = 0.00090
iteration 22
Time for iteration 22: 84.47 sec, diff = 0.00081
iteration 23
Time for iteration 23: 90.59 sec, diff = 0.00073
iteration 24
Time for iteration 24: 90.59 sec, diff = 0.00066
iteration 25
Time for iteration 25: 90.51 sec, diff = 0.00059
iteration 26
Time for iteration 26: 88.93 sec, diff = 0.00053
iteration 27
Time for iteration 27: 82.40 sec, diff = 0.00048
iteration 28
Time for iteration 28: 81.34 sec, diff = 0.00043
iteration 29
Time for iteration 29: 83.49 sec, diff = 0.00039
iteration 30
Time for iteration 30: 91.54 sec, diff = 0.00035
iteration 31
Time for iteration 31: 92.30 sec, diff = 0.00031
iteration 32
Time for iteration 32: 92.37 sec, diff = 0.00028
iteration 33
Time for iteration 33: 92.48 sec, diff = 0.00025
iteration 34
Time for iteration 34: 89.48 sec, diff = 0.00023
iteration 35
Time for iteration 35: 84.10 sec, diff = 0.00021
iteration 36
Time for iteration 36: 83.97 sec, diff = 0.00019
iteration 37
Time for iteration 37: 86.40 sec, diff = 0.00017
iteration 38
Time for iteration 38: 92.21 sec, diff = 0.00015
iteration 39
Time for iteration 39: 92.16 sec, diff = 0.00014
iteration 40
Time for iteration 40: 92.09 sec, diff = 0.00012
iteration 41
Time for iteration 41: 91.80 sec, diff = 0.00011
iteration 42
Time for iteration 42: 84.26 sec, diff = 0.00010
iteration 43
Time for iteration 43: 83.91 sec, diff = 0.00009
iteration 44
Time for iteration 44: 83.98 sec, diff = 0.00008
iteration 45
Time for iteration 45: 92.18 sec, diff = 0.00007
iteration 46
Time for iteration 46: 92.22 sec, diff = 0.00006
iteration 47
Time for iteration 47: 92.15 sec, diff = 0.00006
iteration 48
Time for iteration 48: 91.37 sec, diff = 0.00005
iteration 49
Time for iteration 49: 89.02 sec, diff = 0.00005
iteration 50
Time for iteration 50: 82.71 sec, diff = 0.00004
Total time used by final is 4377.71 sec.
true_align and est_align have the same number of elements.
method final has a score of 15.68%
method final used 4377.705 seconds.
maximum values in init align row is:  18771
maximum values in init align col is:  18769
best   iter    obj_ma wght_ma card_ma over_ma    obj_mb wght_mb card_mb over_mb
  *a      1     34366    2839    2839   31527     34366    2839    2839   31527
          2     17305    2175    2175   15130     18457    2259    2259   16198
          3     22499    2636    2636   19863     17742    1814    1814   15928
          4      8529    2242    2242    6287      7749    1711    1711    6038
          5     30255    2783    2783   27472     30312    2719    2719   27593
  *a      6     37182    2820    2820   34362     37106    2741    2741   34365
          7     36727    2742    2742   33985     36597    2619    2619   33978
          8     27485    2627    2627   24858     27047    2201    2201   24846
          9     33040    2660    2660   30380     27698    2028    2028   25670
         10     32113    2711    2711   29402     31430    2560    2560   28870
         11     35989    2783    2783   33206     35840    2675    2675   33165
  *a     12     38340    2801    2801   35539     37984    2647    2647   35337
         13     37603    2754    2754   34849     36675    2550    2550   34125
         14     37856    2766    2766   35090     36555    2543    2543   34012
         15     38217    2797    2797   35420     36608    2551    2551   34057
  *a     16     38496    2800    2800   35696     37207    2607    2607   34600
  *a     17     38586    2810    2810   35776     38465    2713    2713   35752
  *a     18     38752    2806    2806   35946     38483    2718    2718   35765
         19     38601    2800    2800   35801     38150    2702    2702   35448
         20     38539    2789    2789   35750     38049    2671    2671   35378
         21     38159    2768    2768   35391     37567    2649    2649   34918
         22     38470    2767    2767   35703     38150    2686    2686   35464
         23     38611    2791    2791   35820     38396    2729    2729   35667
         24     38638    2799    2799   35839     38477    2743    2743   35734
         25     38716    2810    2810   35906     38576    2740    2740   35836
         26     38678    2801    2801   35877     38557    2736    2736   35821
         27     38751    2806    2806   35945     38685    2746    2746   35939
         28     38733    2806    2806   35927     38597    2740    2740   35857
         29     38741    2806    2806   35935     38515    2743    2743   35772
         30     38639    2797    2797   35842     38610    2752    2752   35858
  *a     31     38793    2807    2807   35986     38608    2742    2742   35866
         32     38772    2803    2803   35969     38680    2751    2751   35929
  *a     33     38807    2801    2801   36006     38715    2763    2763   35952
  *a     34     38835    2803    2803   36032     38830    2775    2775   36055
  *a     35     38839    2806    2806   36033     38838    2777    2777   36061
  *a     36     38844    2805    2805   36039     38820    2771    2771   36049
  *a     37     38851    2804    2804   36047     38816    2774    2774   36042
  *a     38     38856    2807    2807   36049     38825    2789    2789   36036
  *a     39     38863    2810    2810   36053     38826    2786    2786   36040
         40     38851    2806    2806   36045     38846    2784    2784   36062
         41     38857    2807    2807   36050     38826    2770    2770   36056
         42     38835    2810    2810   36025     38765    2774    2774   35991
         43     38837    2808    2808   36029     38721    2779    2779   35942
         44     38834    2806    2806   36028     38853    2786    2786   36067
         45     38854    2808    2808   36046     38854    2789    2789   36065
         46     38852    2804    2804   36048     38838    2786    2786   36052
         47     38853    2804    2804   36049     38803    2779    2779   36024
         48     38849    2803    2803   36046     38808    2778    2778   36030
         49     38853    2803    2803   36050     38790    2778    2778   36012
         50     38851    2804    2804   36047     38800    2776    2776   36024
         51     38852    2808    2808   36044     38801    2783    2783   36018
         52     38851    2807    2807   36044     38751    2787    2787   35964
         53     38858    2806    2806   36052     38738    2784    2784   35954
         54     38860    2807    2807   36053     38697    2782    2782   35915
         55     38854    2806    2806   36048     38642    2779    2779   35863
         56     38850    2806    2806   36044     38557    2778    2778   35779
         57     38859    2808    2808   36051     38451    2769    2769   35682
  *a     58     38864    2808    2808   36056     38469    2769    2769   35700
         59     38864    2808    2808   36056     38496    2772    2772   35724
         60     38860    2807    2807   36053     38604    2776    2776   35828
  *a     61     38868    2807    2807   36061     38567    2775    2775   35792
         62     38867    2807    2807   36060     38675    2780    2780   35895
  *a     63     38870    2808    2808   36062     38635    2776    2776   35859
         64     38859    2808    2808   36051     38644    2774    2774   35870
         65     38865    2808    2808   36057     38675    2779    2779   35896
         66     38863    2807    2807   36056     38697    2782    2782   35915
         67     38860    2808    2808   36052     38671    2781    2781   35890
         68     38869    2807    2807   36062     38614    2777    2777   35837
         69     38866    2807    2807   36059     38530    2775    2775   35755
         70     38845    2806    2806   36039     38569    2777    2777   35792
         71     38851    2806    2806   36045     38606    2784    2784   35822
         72     38827    2805    2805   36022     38607    2782    2782   35825
         73     38826    2805    2805   36021     38628    2776    2776   35852
         74     38831    2807    2807   36024     38581    2779    2779   35802
         75     38830    2807    2807   36023     38593    2778    2778   35815
         76     38842    2807    2807   36035     38675    2778    2778   35897
         77     38847    2807    2807   36040     38624    2777    2777   35847
         78     38853    2807    2807   36046     38608    2774    2774   35834
         79     38853    2806    2806   36047     38629    2777    2777   35852
         80     38850    2806    2806   36044     38673    2784    2784   35889
         81     38833    2803    2803   36030     38675    2784    2784   35891
         82     38833    2805    2805   36028     38644    2785    2785   35859
         83     38839    2805    2805   36034     38604    2785    2785   35819
         84     38838    2805    2805   36033     38584    2778    2778   35806
         85     38839    2805    2805   36034     38713    2784    2784   35929
         86     38845    2804    2804   36041     38698    2782    2782   35916
         87     38848    2805    2805   36043     38775    2788    2788   35987
         88     38849    2805    2805   36044     38754    2788    2788   35966
         89     38841    2806    2806   36035     38698    2795    2795   35903
         90     38843    2806    2806   36037     38708    2794    2794   35914
         91     38839    2806    2806   36033     38712    2797    2797   35915
         92     38822    2804    2804   36018     38683    2791    2791   35892
         93     38822    2806    2806   36016     38754    2788    2788   35966
         94     38818    2807    2807   36011     38768    2788    2788   35980
         95     38815    2806    2806   36009     38764    2787    2787   35977
         96     38814    2806    2806   36008     38781    2786    2786   35995
         97     38807    2805    2805   36002     38796    2789    2789   36007
         98     38814    2805    2805   36009     38804    2794    2794   36010
         99     38817    2804    2804   36013     38737    2791    2791   35946
        100     38822    2804    2804   36018     38705    2793    2793   35912
Total time used by netalign is 54.64
true_align (18772) and est_align (2808) DO NOT have the same number of elements.
method netalign has a score of 8.46%
method netalign used 54.638 seconds.
maximum values in init align row is:  18771
maximum values in init align col is:  18769
 best   iter     norm-u     lower   upper     cur      obj  weight    card overlap
    *      1    0.0e+00     36476   43550   43550    36476    2838    2838   33638
           2    2.4e+04     36476   43550 47707.6    32082    2835    2835   29247
           3    3.3e+04     36476   43550 45742.6    30645    2836    2836   27809
           4    4.5e+04     36476   43550 47240.1    29653    2835    2835   26818
           5    5.1e+04     36476   43550 45679.7    28945    2837    2837   26108
           6    6.1e+04     36476   43550 46744.8    28230    2835    2835   25395
           7    6.7e+04     36476   43550 45390.8    26846    2835    2835   24011
           8    7.5e+04     36476   43550 46485.6    27416    2837    2837   24579
           9    8.0e+04     36476   43550 45244.3    26429    2836    2836   23593
          10    8.8e+04     36476   43550   46159    26357    2836    2836   23521
          11    9.3e+04     36476   43550 45284.6    26066    2835    2835   23231
          12    1.0e+05     36476   43550   45874    26866    2839    2839   24027
          13    1.0e+05     36476   43550 45018.5    25318    2835    2835   22483
          14    1.1e+05     36476   43550 45936.8    26142    2838    2838   23304
          15    1.2e+05     36476   43550 45008.4    25019    2836    2836   22183
          16    1.2e+05     36476   43550 45790.5    26310    2832    2832   23478
          17    1.3e+05     36476   43550 44908.6    25407    2836    2836   22571
          18    1.3e+05     36476   43550 45731.9    25788    2835    2835   22953
          19    1.4e+05     36476   43550 44872.6    24696    2835    2835   21861
          20    1.4e+05     36476   43550 45482.9    25717    2835    2835   22882
          21    1.5e+05     36476   43550 44703.3    24782    2832    2832   21950
          22    1.5e+05     36476   43550   45412    24832    2838    2838   21994
          23    1.5e+05     36476   43550 44823.3    24059    2835    2835   21224
          24    1.6e+05     36476   43550 45183.5    25015    2835    2835   22180
          25    1.6e+05     36476   43550 44745.3    24676    2834    2834   21842
          26    1.7e+05     36476   43550 45025.3    25469    2835    2835   22634
               reducing step to 0.2
          27    1.7e+05     36476 43084.6 43084.6    25988    2832    2832   23156
          28    1.7e+05     36476 42366.8 42366.8    25746    2829    2829   22917
          29    1.7e+05     36476 42366.8 42420.2    24123    2834    2834   21289
          30    1.7e+05     36476 42143.3 42143.3    25236    2833    2833   22403
          31    1.8e+05     36476 42124.3 42124.3    26208    2831    2831   23377
          32    1.8e+05     36476 41944.2 41944.2    26252    2831    2831   23421
          33    1.8e+05     36476 41944.2 41998.2    25667    2830    2830   22837
          34    1.8e+05     36476 41826.8 41826.8    27012    2829    2829   24183
          35    1.8e+05     36476 41826.8 41897.3    27408    2831    2831   24577
          36    1.8e+05     36476 41692.5 41692.5    27189    2829    2829   24360
          37    1.9e+05     36476 41692.5 41809.7    27564    2828    2828   24736
          38    1.9e+05     36476 41658.6 41658.6    27297    2829    2829   24468
          39    1.9e+05     36476 41658.6 41684.8    27808    2827    2827   24981
          40    1.9e+05     36476 41555.6 41555.6    28281    2826    2826   25455
          41    1.9e+05     36476 41555.6   41671    28624    2829    2829   25795
          42    1.9e+05     36476 41484.3 41484.3    28255    2828    2828   25427
          43    1.9e+05     36476 41484.3   41548    28230    2828    2828   25402
          44    2.0e+05     36476 41434.3 41434.3    29003    2828    2828   26175
          45    2.0e+05     36476 41434.3 41599.6    28663    2828    2828   25835
          46    2.0e+05     36476 41386.4 41386.4    29140    2827    2827   26313
          47    2.0e+05     36476 41386.4 41434.5    30373    2826    2826   27547
          48    2.0e+05     36476 41270.1 41270.1    30788    2825    2825   27963
          49    2.0e+05     36476 41270.1 41424.8    30216    2822    2822   27394
          50    2.0e+05     36476 41270.1 41333.6    28865    2828    2828   26037
          51    2.0e+05     36476 41270.1   41453    28375    2827    2827   25548
          52    2.0e+05     36476 41270.1   41330    29811    2824    2824   26987
          53    2.1e+05     36476 41248.5 41248.5    30057    2826    2826   27231
          54    2.1e+05     36476   41157   41157    30442    2824    2824   27618
          55    2.1e+05     36476   41157 41320.1    30307    2825    2825   27482
          56    2.1e+05     36476   41157 41246.6    30305    2821    2821   27484
          57    2.1e+05     36476   41157 41276.4    30279    2828    2828   27451
          58    2.1e+05     36476   41157 41320.3    30223    2826    2826   27397
          59    2.1e+05     36476   41157 41218.4    30726    2825    2825   27901
          60    2.1e+05     36476   41157 41269.6    30997    2824    2824   28173
          61    2.1e+05     36476   41157 41181.9    30621    2824    2824   27797
          62    2.1e+05     36476   41157 41229.1    29745    2821    2821   26924
          63    2.2e+05     36476   41157 41189.2    30041    2825    2825   27216
          64    2.2e+05     36476   41157 41199.9    30466    2824    2824   27642
          65    2.2e+05     36476 41156.4 41156.4    31210    2822    2822   28388
          66    2.2e+05     36476 41071.6 41071.6    32189    2824    2824   29365
          67    2.2e+05     36476 41071.6 41099.2    32957    2822    2822   30135
          68    2.2e+05     36476 41071.6 41132.6    32732    2823    2823   29909
          69    2.2e+05     36476 41071.6 41119.8    31543    2823    2823   28720
          70    2.2e+05     36476 41071.6 41174.1    29910    2823    2823   27087
          71    2.2e+05     36476 41066.1 41066.1    30527    2824    2824   27703
          72    2.2e+05     36476 41066.1   41067    31386    2824    2824   28562
          73    2.2e+05     36476 41066.1 41135.2    31466    2822    2822   28644
          74    2.2e+05     36476 41066.1 41111.8    31286    2825    2825   28461
          75    2.3e+05     36476 40985.1 40985.1    32782    2824    2824   29958
          76    2.3e+05     36476 40985.1 41077.8    32165    2823    2823   29342
          77    2.3e+05     36476 40985.1 41036.8    32782    2822    2822   29960
          78    2.3e+05     36476 40985.1 41012.8    30693    2820    2820   27873
          79    2.3e+05     36476 40985.1 41024.2    29825    2826    2826   26999
          80    2.3e+05     36476 40985.1 41048.6    30792    2824    2824   27968
          81    2.3e+05     36476 40958.1 40958.1    30587    2822    2822   27765
          82    2.3e+05     36476 40958.1 41018.7    31154    2820    2820   28334
          83    2.3e+05     36476 40958.1 40959.7    32648    2826    2826   29822
          84    2.3e+05     36476 40958.1   40995    33108    2821    2821   30287
          85    2.3e+05     36476 40872.5 40872.5    33136    2821    2821   30315
          86    2.3e+05     36476 40872.5 41063.7    32072    2823    2823   29249
          87    2.3e+05     36476 40872.5 40886.1    32157    2821    2821   29336
          88    2.4e+05     36476 40872.5 41015.1    32056    2823    2823   29233
          89    2.4e+05     36476 40872.5 40888.3    31351    2820    2820   28531
          90    2.4e+05     36476 40872.5 40957.3    31989    2825    2825   29164
          91    2.4e+05     36476 40872.5 40879.5    32039    2823    2823   29216
          92    2.4e+05     36476 40872.5 41019.5    32176    2823    2823   29353
          93    2.4e+05     36476 40872.5 40902.3    31289    2821    2821   28468
          94    2.4e+05     36476 40872.5 40892.9    32320    2822    2822   29498
          95    2.4e+05     36476 40872.5 40901.7    31678    2819    2819   28859
          96    2.4e+05     36476 40872.5 40932.2    33402    2823    2823   30579
          97    2.4e+05     36476 40843.4 40843.4    33626    2820    2820   30806
          98    2.4e+05     36476 40843.4 40857.9    34211    2821    2821   31390
          99    2.4e+05     36476 40843.4 40856.8    32083    2817    2817   29266
         100    2.4e+05     36476 40843.4   40932    32135    2822    2822   29313
         101    2.4e+05     36476 40768.9 40768.9    32280    2821    2821   29459
         102    2.4e+05     36476 40768.9 40855.3    33577    2820    2820   30757
         103    2.5e+05     36476 40768.9   40810    33133    2820    2820   30313
         104    2.5e+05     36476 40768.9   40857    32804    2821    2821   29983
         105    2.5e+05     36476 40768.9 40871.9    33415    2820    2820   30595
         106    2.5e+05     36476 40768.9   40846    33622    2823    2823   30799
         107    2.5e+05     36476 40768.9 40822.7    33267    2819    2819   30448
         108    2.5e+05     36476 40762.9 40762.9    33135    2822    2822   30313
         109    2.5e+05     36476 40762.9 40805.8    33488    2817    2817   30671
         110    2.5e+05     36476 40762.9 40900.1    33758    2824    2824   30934
         111    2.5e+05     36476   40710   40710    33564    2819    2819   30745
         112    2.5e+05     36476   40710 40776.6    34244    2823    2823   31421
         113    2.5e+05     36476   40710 40799.1    34433    2818    2818   31615
         114    2.5e+05     36476   40710 40847.7    33777    2820    2820   30957
         115    2.5e+05     36476 40689.5 40689.5    32908    2820    2820   30088
         116    2.5e+05     36476 40689.5 40801.8    32597    2824    2824   29773
         117    2.5e+05     36476 40689.5 40760.2    33110    2818    2818   30292
         118    2.5e+05     36476 40689.5 40766.7    33619    2821    2821   30798
         119    2.5e+05     36476 40689.5 40771.4    34267    2820    2820   31447
         120    2.5e+05     36476 40689.5 40783.5    34621    2823    2823   31798
         121    2.6e+05     36476 40689.5 40711.6    34410    2817    2817   31593
         122    2.6e+05     36476 40689.5 40801.5    34868    2820    2820   32048
         123    2.6e+05     36476 40689.5 40731.7    33472    2818    2818   30654
         124    2.6e+05     36476 40689.5 40811.5    32542    2821    2821   29721
         125    2.6e+05     36476 40689.5 40740.4    32144    2824    2824   29320
         126    2.6e+05     36476 40689.5 40773.3    31805    2825    2825   28980
         127    2.6e+05     36476 40689.5 40743.2    33027    2819    2819   30208
         128    2.6e+05     36476 40689.5 40742.9    33553    2824    2824   30729
         129    2.6e+05     36476 40668.3 40668.3    31886    2818    2818   29068
         130    2.6e+05     36476 40668.3 40811.8    32696    2823    2823   29873
         131    2.6e+05     36476 40668.3 40695.1    33891    2818    2818   31073
         132    2.6e+05     36476 40668.3 40772.4    34095    2821    2821   31274
         133    2.6e+05     36476 40657.6 40657.6    34003    2817    2817   31186
         134    2.6e+05     36476 40657.6 40792.5    33480    2818    2818   30662
         135    2.6e+05     36476   40637   40637    33645    2821    2821   30824
         136    2.6e+05     36476   40637 40695.7    33914    2822    2822   31092
         137    2.6e+05     36476   40637 40717.7    34093    2819    2819   31274
         138    2.6e+05     36476   40637 40744.5    33487    2821    2821   30666
         139    2.6e+05     36476   40637 40710.4    34014    2819    2819   31195
         140    2.7e+05     36476   40637 40705.3    33835    2821    2821   31014
         141    2.7e+05     36476   40637 40688.1    33699    2819    2819   30880
         142    2.7e+05     36476   40637 40727.9    33357    2821    2821   30536
         143    2.7e+05     36476   40637 40660.4    34495    2818    2818   31677
         144    2.7e+05     36476   40637 40666.7    35119    2821    2821   32298
         145    2.7e+05     36476   40637 40743.1    34128    2819    2819   31309
         146    2.7e+05     36476 40575.4 40575.4    33987    2819    2819   31168
         147    2.7e+05     36476 40575.4 40676.1    33623    2820    2820   30803
         148    2.7e+05     36476 40575.4 40746.5    32932    2819    2819   30113
         149    2.7e+05     36476 40575.4 40766.5    33026    2821    2821   30205
         150    2.7e+05     36476 40575.4 40682.8    33023    2821    2821   30202
         151    2.7e+05     36476 40575.4 40702.4    33243    2820    2820   30423
         152    2.7e+05     36476 40575.4 40661.6    34037    2820    2820   31217
         153    2.7e+05     36476 40575.4   40649    33166    2818    2818   30348
         154    2.7e+05     36476 40575.4   40709    34405    2818    2818   31587
         155    2.7e+05     36476 40575.4 40642.6    35575    2817    2817   32758
         156    2.7e+05     36476 40575.4 40653.3    35621    2820    2820   32801
         157    2.7e+05     36476 40567.8 40567.8    34984    2813    2813   32171
         158    2.7e+05     36476 40567.8 40721.6    33456    2819    2819   30637
         159    2.7e+05     36476 40562.8 40562.8    34137    2817    2817   31320
         160    2.7e+05     36476 40562.8 40724.4    35132    2820    2820   32312
         161    2.7e+05     36476 40562.8 40639.3    35283    2818    2818   32465
         162    2.7e+05     36476 40562.8 40563.7    35747    2817    2817   32930
         163    2.7e+05     36476 40562.8 40566.3    35564    2818    2818   32746
         164    2.7e+05     36476 40562.8 40673.8    35214    2817    2817   32397
         165    2.8e+05     36476 40562.8 40582.9    34714    2816    2816   31898
         166    2.8e+05     36476 40562.8 40680.5    34278    2821    2821   31457
         167    2.8e+05     36476 40562.8 40652.8    34969    2818    2818   32151
         168    2.8e+05     36476 40562.8 40568.6    36022    2819    2819   33203
         169    2.8e+05     36476 40562.8 40568.1    35588    2815    2815   32773
         170    2.8e+05     36476 40562.8 40651.8    35786    2820    2820   32966
         171    2.8e+05     36476 40560.7 40560.7    35397    2816    2816   32581
         172    2.8e+05     36476 40560.7 40592.3    34631    2820    2820   31811
         173    2.8e+05     36476 40560.7 40623.7    34763    2821    2821   31942
         174    2.8e+05     36476 40560.7 40642.3    34501    2820    2820   31681
         175    2.8e+05     36476 40560.7 40603.2    33486    2817    2817   30669
         176    2.8e+05     36476 40560.7 40708.4    33060    2821    2821   30239
         177    2.8e+05     36476 40560.7 40632.3    32650    2817    2817   29833
         178    2.8e+05     36476 40560.7 40682.2    34428    2824    2824   31604
         179    2.8e+05     36476 40560.7 40589.5    33943    2818    2818   31125
         180    2.8e+05     36476 40560.7 40622.5    34235    2819    2819   31416
         181    2.8e+05     36476 40532.3 40532.3    33765    2818    2818   30947
         182    2.8e+05     36476 40532.3 40695.4    34132    2821    2821   31311
         183    2.8e+05     36476 40532.3 40601.7    34463    2820    2820   31643
         184    2.8e+05     36476 40532.3 40631.7    34578    2823    2823   31755
         185    2.8e+05     36476 40532.3   40567    34734    2818    2818   31916
         186    2.8e+05     36476 40532.3 40574.8    34453    2820    2820   31633
         187    2.8e+05     36476 40532.3   40619    35237    2818    2818   32419
         188    2.8e+05     36476 40532.3 40576.2    35564    2817    2817   32747
         189    2.8e+05     36476 40532.3 40595.5    34964    2815    2815   32149
         190    2.8e+05     36476 40532.3 40557.4    33821    2818    2818   31003
         191    2.8e+05     36476 40532.3 40599.9    34053    2818    2818   31235
         192    2.8e+05     36476 40532.3 40562.1    34563    2821    2821   31742
         193    2.9e+05     36476 40532.3 40608.6    34555    2817    2817   31738
         194    2.9e+05     36476 40532.3 40656.2    36071    2816    2816   33255
    *    195    2.9e+05     36506 40532.3 40569.6    36506    2817    2817   33689
    *    196    2.9e+05     36535 40532.3 40578.7    36535    2818    2818   33717
         197    2.9e+05     36535 40532.3 40532.3    36444    2816    2816   33628
         198    2.9e+05     36535 40532.3 40611.8    35990    2820    2820   33170
         199    2.9e+05     36535 40532.3 40565.5    35541    2817    2817   32724
         200    2.9e+05     36535 40532.3 40582.9    34275    2817    2817   31458
         201    2.9e+05     36535 40532.3 40624.9    34467    2816    2816   31651
         202    2.9e+05     36535 40532.3 40581.9    34916    2819    2819   32097
         203    2.9e+05     36535 40532.3 40708.1    35020    2815    2815   32205
         204    2.9e+05     36535 40491.8 40491.8    35067    2818    2818   32249
         205    2.9e+05     36535 40491.8 40565.9    35685    2819    2819   32866
         206    2.9e+05     36535 40491.8 40567.8    35229    2819    2819   32410
         207    2.9e+05     36535 40491.8 40620.4    35769    2815    2815   32954
    *    208    2.9e+05     36840 40491.8 40492.3    36840    2819    2819   34021
         209    2.9e+05     36840 40491.8 40591.6    35791    2817    2817   32974
         210    2.9e+05     36840 40491.8 40582.9    35398    2818    2818   32580
         211    2.9e+05     36840 40491.8 40597.6    34397    2818    2818   31579
         212    2.9e+05     36840 40491.8 40506.2    34682    2818    2818   31864
         213    2.9e+05     36840 40491.8   40603    34887    2819    2819   32068
         214    2.9e+05     36840 40491.8 40608.9    33809    2821    2821   30988
         215    2.9e+05     36840 40491.8 40553.7    34003    2819    2819   31184
         216    2.9e+05     36840 40491.8 40634.4    34578    2820    2820   31758
         217    2.9e+05     36840 40491.8 40573.1    35466    2817    2817   32649
         218    2.9e+05     36840 40491.8 40567.8    35388    2821    2821   32567
         219    2.9e+05     36840 40491.8   40536    35545    2818    2818   32727
         220    2.9e+05     36840 40491.8 40492.2    36079    2818    2818   33261
         221    2.9e+05     36840 40491.8 40573.5    35712    2817    2817   32895
         222    2.9e+05     36840 40491.8 40597.2    34794    2816    2816   31978
         223    2.9e+05     36840 40491.8 40532.1    35166    2814    2814   32352
         224    2.9e+05     36840 40491.8 40587.4    35386    2820    2820   32566
         225    2.9e+05     36840 40491.8 40614.9    34874    2819    2819   32055
         226    2.9e+05     36840 40491.8 40512.4    35650    2818    2818   32832
         227    2.9e+05     36840 40491.8 40599.1    35984    2816    2816   33168
         228    2.9e+05     36840 40491.8   40526    36403    2819    2819   33584
         229    3.0e+05     36840 40491.8 40599.7    36598    2817    2817   33781
               reducing step to 0.1
         230    3.0e+05     36840 39932.9 39932.9    34372    2819    2819   31553
         231    3.0e+05     36840 39676.2 39676.2    33451    2817    2817   30634
         232    3.0e+05     36840 39676.2 39762.4    35633    2817    2817   32816
         233    3.0e+05     36840   39650   39650    35954    2817    2817   33137
         234    3.0e+05     36840   39650 39744.5    36393    2818    2818   33575
    *    235    3.0e+05     37571 39623.2 39623.2    37571    2815    2815   34756
    *    236    3.0e+05     37727 39623.2 39697.7    37727    2817    2817   34910
    *    237    3.0e+05     37911 39620.9 39620.9    37911    2813    2813   35098
    *    238    3.0e+05     37992 39620.9 39693.5    37992    2816    2816   35176
         239    3.0e+05     37992 39620.9 39625.6    37856    2813    2813   35043
         240    3.0e+05     37992 39620.9 39682.5    37850    2814    2814   35036
         241    3.0e+05     37992 39616.2 39616.2    37896    2814    2814   35082
    *    242    3.0e+05     38443 39616.2 39681.9    38443    2815    2815   35628
         243    3.0e+05     38443 39608.2 39608.2    38418    2813    2813   35605
    *    244    3.0e+05     38533 39608.2 39683.5    38533    2814    2814   35719
         245    3.0e+05     38533 39596.3 39596.3    38414    2814    2814   35600
    *    246    3.0e+05     38549 39596.3 39692.1    38549    2814    2814   35735
         247    3.0e+05     38549 39596.3 39600.2    38140    2813    2813   35327
         248    3.0e+05     38549 39596.3 39676.6    38481    2816    2816   35665
         249    3.0e+05     38549 39596.3   39603    38536    2813    2813   35723
         250    3.0e+05     38549 39596.3 39681.3    38471    2815    2815   35656
    *    251    3.0e+05     38567 39596.3   39599    38567    2814    2814   35753
    *    252    3.0e+05     38635 39596.3 39688.7    38635    2815    2815   35820
         253    3.0e+05     38635 39593.1 39593.1    38596    2813    2813   35783
    *    254    3.0e+05     38640 39593.1 39683.1    38640    2814    2814   35826
         255    3.0e+05     38640 39593.1 39595.1    38550    2813    2813   35737
    *    256    3.0e+05     38649 39593.1 39672.4    38649    2813    2813   35836
         257    3.0e+05     38649 39586.1 39586.1    38493    2814    2814   35679
    *    258    3.0e+05     38700 39586.1 39683.1    38700    2813    2813   35887
         259    3.0e+05     38700 39586.1 39588.7    38582    2813    2813   35769
         260    3.0e+05     38700 39586.1 39674.4    38671    2814    2814   35857
         261    3.0e+05     38700 39585.3 39585.3    38678    2813    2813   35865
         262    3.0e+05     38700 39585.3 39670.9    38656    2814    2814   35842
         263    3.0e+05     38700 39585.3 39586.4    38360    2813    2813   35547
         264    3.0e+05     38700 39585.3 39669.7    38607    2814    2814   35793
         265    3.0e+05     38700 39583.9 39583.9    38662    2813    2813   35849
         266    3.0e+05     38700 39583.9 39674.2    38692    2814    2814   35878
         267    3.0e+05     38700   39575   39575    38502    2813    2813   35689
         268    3.0e+05     38700   39575 39661.4    38535    2814    2814   35721
         269    3.0e+05     38700   39575 39581.8    38518    2813    2813   35705
         270    3.0e+05     38700   39575 39670.2    38639    2814    2814   35825
         271    3.0e+05     38700   39575   39582    38698    2813    2813   35885
    *    272    3.0e+05     38701   39575 39665.4    38701    2814    2814   35887
    *    273    3.0e+05     38702   39575 39581.4    38702    2813    2813   35889
         274    3.0e+05     38702   39575 39660.8    38665    2814    2814   35851
         275    3.0e+05     38702   39575 39584.1    38669    2813    2813   35856
    *    276    3.0e+05     38706   39575 39668.3    38706    2814    2814   35892
         277    3.0e+05     38706 39574.4 39574.4    38629    2813    2813   35816
         278    3.0e+05     38706 39574.4   39664    38706    2814    2814   35892
         279    3.0e+05     38706 39574.4 39576.9    38693    2813    2813   35880
    *    280    3.0e+05     38710 39574.4 39668.4    38710    2814    2814   35896
         281    3.0e+05     38710 39574.4 39578.2    38688    2813    2813   35875
    *    282    3.0e+05     38733 39574.4 39662.9    38733    2814    2814   35919
         283    3.0e+05     38733 39574.4 39576.3    38694    2813    2813   35881
         284    3.0e+05     38733 39574.4 39667.5    38718    2814    2814   35904
         285    3.0e+05     38733 39574.4 39580.9    38694    2813    2813   35881
         286    3.0e+05     38733 39574.4 39663.5    38709    2814    2814   35895
         287    3.0e+05     38733 39572.3 39572.3    38564    2813    2813   35751
         288    3.0e+05     38733 39572.3 39661.6    38691    2814    2814   35877
         289    3.0e+05     38733 39572.3 39577.7    38598    2813    2813   35785
         290    3.0e+05     38733 39572.3 39662.2    38700    2814    2814   35886
         291    3.0e+05     38733 39572.3 39572.5    38702    2813    2813   35889
         292    3.0e+05     38733 39572.3 39668.8    38683    2814    2814   35869
         293    3.0e+05     38733 39572.3 39574.4    38709    2813    2813   35896
         294    3.0e+05     38733 39572.3 39661.6    38651    2813    2813   35838
         295    3.0e+05     38733 39572.3 39572.4    38706    2813    2813   35893
         296    3.0e+05     38733 39572.3 39668.2    38669    2814    2814   35855
         297    3.0e+05     38733 39571.9 39571.9    38692    2813    2813   35879
         298    3.0e+05     38733 39571.9   39665    38695    2814    2814   35881
         299    3.0e+05     38733 39571.9 39574.6    38655    2813    2813   35842
         300    3.0e+05     38733 39571.9 39662.2    38711    2814    2814   35897
         301    3.0e+05     38733 39571.9 39576.1    38696    2813    2813   35883
         302    3.0e+05     38733 39571.9 39658.4    38658    2814    2814   35844
         303    3.0e+05     38733 39571.9 39577.2    38689    2813    2813   35876
         304    3.0e+05     38733 39571.9   39664    38678    2814    2814   35864
         305    3.0e+05     38733 39571.9 39573.1    38632    2813    2813   35819
         306    3.0e+05     38733 39571.9 39659.3    38729    2813    2813   35916
         307    3.0e+05     38733 39568.5 39568.5    38677    2814    2814   35863
         308    3.0e+05     38733 39568.5 39662.5    38719    2813    2813   35906
         309    3.0e+05     38733 39568.5 39572.5    38707    2813    2813   35894
         310    3.0e+05     38733 39568.5 39655.1    38706    2814    2814   35892
         311    3.0e+05     38733 39568.5 39570.7    38667    2813    2813   35854
         312    3.0e+05     38733 39568.5 39655.6    38714    2814    2814   35900
         313    3.0e+05     38733 39568.5 39569.9    38704    2813    2813   35891
         314    3.0e+05     38733 39568.5 39663.2    38727    2814    2814   35913
         315    3.0e+05     38733 39568.5 39568.5    38694    2813    2813   35881
         316    3.0e+05     38733 39568.5 39656.7    38700    2814    2814   35886
         317    3.0e+05     38733 39564.8 39564.8    38683    2813    2813   35870
    *    318    3.0e+05     38752 39564.8 39655.8    38752    2814    2814   35938
         319    3.0e+05     38752 39564.8 39570.5    38716    2813    2813   35903
         320    3.0e+05     38752 39564.8 39655.4    38746    2814    2814   35932
         321    3.0e+05     38752 39564.8 39570.6    38733    2813    2813   35920
         322    3.0e+05     38752 39564.8 39653.1    38731    2814    2814   35917
         323    3.0e+05     38752 39564.8 39567.4    38708    2813    2813   35895
         324    3.0e+05     38752 39564.8 39652.5    38721    2814    2814   35907
         325    3.0e+05     38752 39564.8 39569.8    38701    2813    2813   35888
         326    3.0e+05     38752 39564.8 39650.4    38722    2814    2814   35908
         327    3.0e+05     38752 39564.8 39567.7    38727    2813    2813   35914
         328    3.0e+05     38752 39564.8   39655    38716    2814    2814   35902
         329    3.0e+05     38752 39564.8 39570.6    38744    2813    2813   35931
         330    3.0e+05     38752 39564.8 39650.9    38733    2814    2814   35919
         331    3.0e+05     38752 39564.8 39570.6    38707    2813    2813   35894
         332    3.0e+05     38752 39564.8 39651.1    38724    2814    2814   35910
         333    3.0e+05     38752 39564.8 39571.4    38722    2813    2813   35909
         334    3.0e+05     38752 39564.8 39651.7    38687    2814    2814   35873
         335    3.0e+05     38752 39564.8 39570.8    37766    2813    2813   34953
         336    3.0e+05     38752 39564.8 39646.1    38085    2814    2814   35271
         337    3.0e+05     38752 39564.8 39569.1    37963    2816    2816   35147
         338    3.0e+05     38752 39564.8 39655.2    38153    2813    2813   35340
         339    3.0e+05     38752 39562.9 39562.9    38656    2813    2813   35843
         340    3.0e+05     38752 39562.9 39642.3    38614    2815    2815   35799
         341    3.0e+05     38752 39562.9 39573.9    38345    2814    2814   35531
         342    3.0e+05     38752 39562.9 39634.8    38640    2815    2815   35825
         343    3.0e+05     38752 39562.9 39570.7    38674    2813    2813   35861
         344    3.0e+05     38752 39562.9 39649.3    38715    2814    2814   35901
         345    3.0e+05     38752 39562.9   39572    38690    2813    2813   35877
         346    3.0e+05     38752 39562.9   39647    38538    2814    2814   35724
         347    3.0e+05     38752 39562.9 39567.2    38618    2813    2813   35805
         348    3.0e+05     38752 39562.9 39639.9    38681    2813    2813   35868
         349    3.0e+05     38752 39562.9 39563.8    38723    2814    2814   35909
         350    3.0e+05     38752 39562.9 39652.2    38610    2814    2814   35796
         351    3.0e+05     38752 39559.5 39559.5    38570    2814    2814   35756
         352    3.0e+05     38752 39559.5   39649    38665    2813    2813   35852
         353    3.0e+05     38752 39555.8 39555.8    38671    2815    2815   35856
         354    3.0e+05     38752 39555.8 39652.2    38738    2813    2813   35925
         355    3.0e+05     38752 39555.8 39559.2    38714    2813    2813   35901
         356    3.0e+05     38752 39555.8 39652.1    38741    2814    2814   35927
         357    3.0e+05     38752 39555.8 39564.4    38622    2813    2813   35809
         358    3.0e+05     38752 39555.8 39644.2    38710    2814    2814   35896
         359    3.0e+05     38752 39555.8 39565.3    38657    2813    2813   35844
         360    3.0e+05     38752 39555.8   39642    38724    2814    2814   35910
         361    3.0e+05     38752 39555.8 39562.9    38575    2814    2814   35761
         362    3.0e+05     38752 39555.8 39636.6    38722    2814    2814   35908
         363    3.0e+05     38752 39555.8 39565.5    38700    2813    2813   35887
         364    3.0e+05     38752 39555.8   39643    38676    2814    2814   35862
         365    3.0e+05     38752 39555.8 39569.2    38715    2813    2813   35902
         366    3.0e+05     38752 39555.8   39634    38688    2815    2815   35873
         367    3.0e+05     38752 39555.8 39576.5    38711    2813    2813   35898
         368    3.0e+05     38752 39555.8 39647.7    38730    2814    2814   35916
         369    3.0e+05     38752 39555.8 39565.6    38718    2813    2813   35905
         370    3.0e+05     38752 39555.8 39646.2    38727    2814    2814   35913
         371    3.0e+05     38752 39555.8 39562.7    38728    2813    2813   35915
         372    3.0e+05     38752 39555.8 39642.5    38728    2813    2813   35915
         373    3.0e+05     38752 39555.8 39560.8    38709    2814    2814   35895
         374    3.0e+05     38752 39555.8 39643.7    38734    2813    2813   35921
         375    3.0e+05     38752 39555.8 39559.9    38707    2813    2813   35894
         376    3.0e+05     38752 39555.8   39641    38730    2814    2814   35916
         377    3.0e+05     38752 39555.8 39566.1    38727    2813    2813   35914
         378    3.0e+05     38752 39555.8 39638.1    38731    2814    2814   35917
               reducing step to 0.05
         379    3.0e+05     38752   39387   39387    38240    2814    2814   35426
         380    3.0e+05     38752 39290.5 39290.5    37624    2814    2814   34810
         381    3.0e+05     38752 39290.5   39331    38559    2814    2814   35745
         382    3.0e+05     38752 39281.1 39281.1    38511    2814    2814   35697
         383    3.0e+05     38752 39281.1 39326.7    38623    2813    2813   35810
         384    3.0e+05     38752 39272.6 39272.6    38609    2814    2814   35795
    *    385    3.0e+05     38762 39272.6 39318.3    38762    2813    2813   35949
         386    3.0e+05     38762 39260.8 39260.8    38702    2813    2813   35889
    *    387    3.0e+05     38771 39260.8 39321.1    38771    2814    2814   35957
         388    3.0e+05     38771 39255.4 39255.4    38678    2814    2814   35864
    *    389    3.0e+05     38795 39255.4 39319.8    38795    2813    2813   35982
         390    3.0e+05     38795 39255.4 39258.5    38782    2814    2814   35968
    *    391    3.0e+05     38804 39255.4 39309.7    38804    2814    2814   35990
    *    392    3.0e+05     38807 39255.4 39263.7    38807    2814    2814   35993
         393    3.0e+05     38807 39255.4 39309.1    38670    2814    2814   35856
         394    3.0e+05     38807 39255.4 39256.6    38791    2814    2814   35977
         395    3.0e+05     38807 39255.4 39307.1    38774    2814    2814   35960
         396    3.0e+05     38807 39253.2 39253.2    38793    2814    2814   35979
         397    3.0e+05     38807 39253.2 39303.5    38777    2814    2814   35963
    *    398    3.0e+05     38810 39253.2 39256.7    38810    2814    2814   35996
         399    3.0e+05     38810 39253.2 39301.8    38784    2814    2814   35970
    *    400    3.0e+05     38817 39253.2 39255.7    38817    2814    2814   36003
         401    3.0e+05     38817 39253.2 39302.3    38730    2814    2814   35916
         402    3.0e+05     38817 39253.2 39253.8    38791    2814    2814   35977
    *    403    3.0e+05     38829 39253.2 39301.1    38829    2814    2814   36015
         404    3.0e+05     38829 39253.2 39254.7    38821    2814    2814   36007
         405    3.0e+05     38829 39253.2 39299.5    38812    2814    2814   35998
         406    3.0e+05     38829 39252.6 39252.6    38824    2814    2814   36010
         407    3.0e+05     38829 39252.6 39300.4    38821    2814    2814   36007
         408    3.0e+05     38829 39252.6 39254.1    38811    2814    2814   35997
         409    3.0e+05     38829 39252.6 39298.6    38749    2814    2814   35935
         410    3.0e+05     38829 39250.3 39250.3    38784    2814    2814   35970
         411    3.0e+05     38829 39250.3 39299.1    38793    2814    2814   35979
         412    3.0e+05     38829 39250.3 39251.3    38798    2814    2814   35984
         413    3.0e+05     38829 39250.3 39299.8    38795    2814    2814   35981
         414    3.0e+05     38829 39250.2 39250.2    38794    2814    2814   35980
         415    3.0e+05     38829 39250.2 39298.4    38823    2814    2814   36009
         416    3.0e+05     38829 39250.2 39251.7    38811    2814    2814   35997
         417    3.0e+05     38829 39250.2   39299    38780    2814    2814   35966
         418    3.0e+05     38829 39250.2 39251.1    38807    2814    2814   35993
         419    3.0e+05     38829 39250.2 39297.7    38823    2814    2814   36009
         420    3.0e+05     38829 39250.2 39251.3    38810    2814    2814   35996
         421    3.0e+05     38829 39250.2 39296.8    38813    2814    2814   35999
         422    3.0e+05     38829 39250.2 39250.8    38813    2814    2814   35999
         423    3.0e+05     38829 39250.2   39298    38821    2814    2814   36007
         424    3.0e+05     38829 39249.1 39249.1    38824    2814    2814   36010
         425    3.0e+05     38829 39249.1 39296.3    38825    2814    2814   36011
    *    426    3.0e+05     38830 39249.1 39250.2    38830    2814    2814   36016
         427    3.0e+05     38830 39249.1 39298.4    38822    2814    2814   36008
         428    3.0e+05     38830 39248.9 39248.9    38791    2814    2814   35977
         429    3.0e+05     38830 39248.9 39296.9    38806    2814    2814   35992
         430    3.0e+05     38830 39247.1 39247.1    38819    2814    2814   36005
         431    3.0e+05     38830 39247.1 39298.3    38814    2814    2814   36000
         432    3.0e+05     38830 39247.1   39248    38788    2814    2814   35974
         433    3.0e+05     38830 39247.1 39297.8    38813    2814    2814   35999
         434    3.0e+05     38830 39247.1 39247.1    38805    2814    2814   35991
         435    3.0e+05     38830 39247.1 39296.9    38808    2814    2814   35994
         436    3.0e+05     38830 39247.1 39248.1    38810    2814    2814   35996
         437    3.0e+05     38830 39247.1 39296.3    38821    2814    2814   36007
         438    3.0e+05     38830 39247.1   39248    38825    2814    2814   36011
    *    439    3.0e+05     38837 39247.1 39296.8    38837    2814    2814   36023
         440    3.0e+05     38837 39247.1 39248.3    38816    2814    2814   36002
         441    3.0e+05     38837 39247.1   39298    38825    2814    2814   36011
         442    3.0e+05     38837 39246.1 39246.1    38817    2814    2814   36003
         443    3.0e+05     38837 39246.1 39297.7    38809    2814    2814   35995
         444    3.0e+05     38837 39244.4 39244.4    38800    2814    2814   35986
         445    3.0e+05     38837 39244.4   39298    38825    2814    2814   36011
         446    3.0e+05     38837 39244.4 39244.6    38788    2814    2814   35974
    *    447    3.0e+05     38842 39244.4 39297.7    38842    2814    2814   36028
         448    3.0e+05     38842 39243.5 39243.5    38810    2814    2814   35996
         449    3.0e+05     38842 39243.5 39298.9    38832    2814    2814   36018
         450    3.0e+05     38842 39243.5 39245.5    38822    2814    2814   36008
         451    3.0e+05     38842 39243.5   39297    38819    2814    2814   36005
         452    3.0e+05     38842 39243.5 39245.3    38824    2814    2814   36010
         453    3.0e+05     38842 39243.5 39297.5    38821    2814    2814   36007
         454    3.0e+05     38842 39243.5 39243.7    38817    2814    2814   36003
         455    3.0e+05     38842 39243.5 39296.8    38819    2814    2814   36005
         456    3.0e+05     38842 39243.5   39244    38800    2814    2814   35986
         457    3.0e+05     38842 39243.5 39296.5    38831    2814    2814   36017
         458    3.0e+05     38842 39243.3 39243.3    38822    2814    2814   36008
         459    3.0e+05     38842 39243.3 39298.1    38807    2814    2814   35993
         460    3.0e+05     38842 39243.3 39243.6    38763    2814    2814   35949
         461    3.0e+05     38842 39243.3 39295.9    38762    2814    2814   35948
         462    3.0e+05     38842 39241.8 39241.8    38817    2814    2814   36003
         463    3.0e+05     38842 39241.8 39296.6    38818    2814    2814   36004
         464    3.0e+05     38842 39241.8 39245.4    38833    2814    2814   36019
         465    3.0e+05     38842 39241.8 39296.8    38826    2814    2814   36012
         466    3.0e+05     38842 39241.8 39242.4    38819    2814    2814   36005
         467    3.0e+05     38842 39241.8 39295.6    38812    2814    2814   35998
         468    3.0e+05     38842 39241.8 39244.9    38812    2814    2814   35998
         469    3.0e+05     38842 39241.8 39294.1    38708    2814    2814   35894
         470    3.0e+05     38842 39240.6 39240.6    38810    2814    2814   35996
         471    3.0e+05     38842 39240.6 39296.3    38826    2813    2813   36013
         472    3.0e+05     38842 39240.6 39248.4    38810    2814    2814   35996
         473    3.0e+05     38842 39240.6 39295.3    38826    2814    2814   36012
         474    3.0e+05     38842 39240.6 39243.6    38818    2814    2814   36004
         475    3.0e+05     38842 39240.6 39295.5    38834    2814    2814   36020
         476    3.0e+05     38842 39240.6 39245.1    38826    2814    2814   36012
         477    3.0e+05     38842 39240.6   39297    38842    2814    2814   36028
         478    3.0e+05     38842 39240.6 39242.1    38819    2814    2814   36005
         479    3.0e+05     38842 39240.6 39297.8    38830    2814    2814   36016
         480    3.0e+05     38842 39240.6 39242.4    38824    2814    2814   36010
         481    3.0e+05     38842 39240.6 39296.1    38837    2814    2814   36023
         482    3.0e+05     38842 39240.6 39242.1    38791    2814    2814   35977
         483    3.0e+05     38842 39240.6 39294.7    38818    2814    2814   36004
         484    3.0e+05     38842 39240.6 39242.1    38809    2814    2814   35995
         485    3.0e+05     38842 39240.6 39296.9    38832    2814    2814   36018
         486    3.0e+05     38842 39240.1 39240.1    38816    2814    2814   36002
         487    3.0e+05     38842 39240.1   39298    38820    2814    2814   36006
         488    3.0e+05     38842 39240.1 39241.5    38818    2814    2814   36004
         489    3.0e+05     38842 39240.1 39295.3    38842    2814    2814   36028
         490    3.0e+05     38842 39240.1 39240.5    38785    2814    2814   35971
         491    3.0e+05     38842 39240.1 39297.4    38826    2814    2814   36012
         492    3.0e+05     38842 39240.1 39241.5    38811    2814    2814   35997
         493    3.0e+05     38842 39240.1 39296.4    38834    2814    2814   36020
         494    3.0e+05     38842 39240.1 39242.3    38773    2815    2815   35958
         495    3.0e+05     38842 39240.1 39295.6    38830    2814    2814   36016
         496    3.0e+05     38842 39240.1 39241.4    38823    2814    2814   36009
         497    3.0e+05     38842 39240.1 39294.9    38822    2814    2814   36008
         498    3.0e+05     38842 39240.1 39240.7    38814    2814    2814   36000
         499    3.0e+05     38842 39240.1 39295.7    38822    2814    2814   36008
         500    3.0e+05     38842 39240.1 39241.6    38648    2814    2814   35834
         501    3.0e+05     38842 39240.1 39294.8    38761    2814    2814   35947
         502    3.0e+05     38842 39240.1 39240.7    38793    2814    2814   35979
         503    3.0e+05     38842 39240.1 39294.4    38818    2814    2814   36004
         504    3.0e+05     38842 39240.1 39241.7    38830    2814    2814   36016
         505    3.0e+05     38842 39240.1 39295.2    38837    2814    2814   36023
         506    3.0e+05     38842 39240.1 39241.3    38813    2814    2814   35999
         507    3.0e+05     38842 39240.1 39294.8    38811    2814    2814   35997
         508    3.0e+05     38842 39240.1 39242.1    38772    2814    2814   35958
         509    3.0e+05     38842 39240.1 39294.4    38823    2814    2814   36009
         510    3.0e+05     38842 39239.4 39239.4    38810    2814    2814   35996
         511    3.0e+05     38842 39239.4 39294.3    38826    2814    2814   36012
         512    3.0e+05     38842 39239.4 39241.4    38821    2814    2814   36007
         513    3.0e+05     38842 39239.4 39293.4    38827    2814    2814   36013
         514    3.0e+05     38842 39239.4 39242.4    38828    2814    2814   36014
         515    3.0e+05     38842 39239.4 39293.1    38828    2814    2814   36014
         516    3.0e+05     38842 39239.4 39243.2    38819    2814    2814   36005
         517    3.0e+05     38842 39239.4 39294.9    38839    2814    2814   36025
         518    3.0e+05     38842 39239.4 39240.5    38828    2814    2814   36014
         519    3.0e+05     38842 39239.4 39293.1    38828    2814    2814   36014
         520    3.0e+05     38842 39239.4 39241.8    38814    2814    2814   36000
         521    3.0e+05     38842 39239.4 39291.9    38822    2814    2814   36008
         522    3.0e+05     38842 39239.4 39242.9    38840    2814    2814   36026
         523    3.0e+05     38842 39239.4 39292.3    38831    2814    2814   36017
         524    3.0e+05     38842 39239.4 39243.7    38820    2814    2814   36006
         525    3.0e+05     38842 39239.4 39292.2    38831    2814    2814   36017
         526    3.0e+05     38842 39239.4 39240.5    38818    2814    2814   36004
         527    3.0e+05     38842 39239.4 39292.5    38818    2814    2814   36004
         528    3.0e+05     38842 39239.4 39241.9    38825    2814    2814   36011
         529    3.0e+05     38842 39239.4   39292    38838    2814    2814   36024
         530    3.0e+05     38842 39239.4   39241    38818    2814    2814   36004
    *    531    3.0e+05     38844 39239.4 39292.6    38844    2814    2814   36030
         532    3.0e+05     38844 39239.4 39241.8    38813    2814    2814   35999
         533    3.0e+05     38844 39239.4 39291.1    38835    2814    2814   36021
         534    3.0e+05     38844 39239.4 39240.6    38811    2814    2814   35997
         535    3.0e+05     38844 39239.4 39291.1    38843    2814    2814   36029
               reducing step to 0.025
         536    3.0e+05     38844 39182.6 39182.6    38416    2814    2814   35602
         537    3.0e+05     38844   39144   39144    38344    2814    2814   35530
         538    3.0e+05     38844   39144 39161.8    38735    2815    2815   35920
         539    3.0e+05     38844 39138.2 39138.2    38748    2815    2815   35933
         540    3.0e+05     38844 39138.2 39155.5    38750    2814    2814   35936
         541    3.0e+05     38844 39137.1 39137.1    38841    2814    2814   36027
         542    3.0e+05     38844 39137.1 39149.3    38840    2814    2814   36026
    *    543    3.0e+05     38845 39134.2 39134.2    38845    2814    2814   36031
         544    3.0e+05     38845 39134.2   39148    38826    2814    2814   36012
         545    3.0e+05     38845 39131.7 39131.7    38790    2814    2814   35976
         546    3.0e+05     38845 39131.7 39146.2    38830    2814    2814   36016
         547    3.0e+05     38845 39131.1 39131.1    38831    2814    2814   36017
         548    3.0e+05     38845 39131.1   39142    38810    2814    2814   35996
         549    3.0e+05     38845 39129.2 39129.2    38812    2814    2814   35998
         550    3.0e+05     38845 39129.2 39144.1    38822    2814    2814   36008
         551    3.0e+05     38845   39129   39129    38726    2814    2814   35912
         552    3.0e+05     38845   39129 39142.6    38811    2815    2815   35996
         553    3.0e+05     38845 39128.6 39128.6    38606    2814    2814   35792
         554    3.0e+05     38845 39128.6 39140.2    38833    2814    2814   36019
         555    3.0e+05     38845 39128.3 39128.3    38819    2814    2814   36005
         556    3.0e+05     38845 39128.3   39142    38834    2814    2814   36020
    *    557    3.0e+05     38847 39127.7 39127.7    38847    2814    2814   36033
    *    558    3.0e+05     38850 39127.7 39141.6    38850    2814    2814   36036
         559    3.0e+05     38850 39127.4 39127.4    38841    2814    2814   36027
         560    3.0e+05     38850 39127.4 39142.3    38848    2814    2814   36034
         561    3.0e+05     38850 39126.5 39126.5    38840    2814    2814   36026
         562    3.0e+05     38850 39126.5 39141.8    38834    2814    2814   36020
         563    3.0e+05     38850 39126.5 39127.2    38848    2814    2814   36034
    *    564    3.0e+05     38870 39126.5 39141.3    38870    2814    2814   36056
         565    3.0e+05     38870 39125.4 39125.4    38862    2814    2814   36048
         566    3.0e+05     38870 39125.4 39141.9    38836    2814    2814   36022
         567    3.0e+05     38870 39125.4 39125.6    38847    2814    2814   36033
         568    3.0e+05     38870 39125.4   39141    38811    2814    2814   35997
         569    3.0e+05     38870 39124.8 39124.8    38836    2814    2814   36022
         570    3.0e+05     38870 39124.8 39141.7    38827    2814    2814   36013
         571    3.0e+05     38870 39124.8 39124.9    38849    2814    2814   36035
         572    3.0e+05     38870 39124.8 39140.1    38846    2814    2814   36032
         573    3.0e+05     38870 39124.8 39125.2    38850    2814    2814   36036
         574    3.0e+05     38870 39124.8 39140.7    38853    2814    2814   36039
         575    3.0e+05     38870 39124.8 39124.9    38829    2814    2814   36015
         576    3.0e+05     38870 39124.8 39140.3    38855    2814    2814   36041
         577    3.0e+05     38870 39123.9 39123.9    38861    2814    2814   36047
         578    3.0e+05     38870 39123.9 39139.5    38860    2814    2814   36046
         579    3.0e+05     38870 39123.9 39124.5    38855    2814    2814   36041
         580    3.0e+05     38870 39123.9 39141.3    38848    2814    2814   36034
         581    3.0e+05     38870 39123.9 39123.9    38857    2814    2814   36043
         582    3.0e+05     38870 39123.9   39140    38842    2814    2814   36028
         583    3.0e+05     38870 39123.3 39123.3    38845    2814    2814   36031
         584    3.0e+05     38870 39123.3 39140.5    38819    2814    2814   36005
         585    3.0e+05     38870 39123.3 39123.7    38847    2814    2814   36033
         586    3.0e+05     38870 39123.3 39140.1    38833    2814    2814   36019
         587    3.0e+05     38870 39123.3 39124.3    38857    2814    2814   36043
         588    3.0e+05     38870 39123.3 39139.5    38835    2814    2814   36021
         589    3.0e+05     38870 39122.7 39122.7    38855    2814    2814   36041
         590    3.0e+05     38870 39122.7 39137.9    38836    2814    2814   36022
         591    3.0e+05     38870 39122.7 39124.5    38862    2814    2814   36048
         592    3.0e+05     38870 39122.7 39138.6    38848    2814    2814   36034
         593    3.0e+05     38870 39122.7 39125.4    38858    2814    2814   36044
         594    3.0e+05     38870 39122.7 39139.9    38861    2814    2814   36047
         595    3.0e+05     38870 39122.7 39123.8    38861    2814    2814   36047
         596    3.0e+05     38870 39122.7 39138.7    38845    2814    2814   36031
         597    3.0e+05     38870 39122.7 39123.9    38842    2814    2814   36028
         598    3.0e+05     38870 39122.7 39139.2    38837    2814    2814   36023
         599    3.0e+05     38870 39122.7   39124    38834    2814    2814   36020
         600    3.0e+05     38870 39122.7 39139.2    38847    2814    2814   36033
         601    3.0e+05     38870 39122.7 39123.2    38861    2814    2814   36047
         602    3.0e+05     38870 39122.7 39138.6    38854    2814    2814   36040
    *    603    3.0e+05     38874 39122.7 39123.5    38874    2814    2814   36060
         604    3.0e+05     38874 39122.7 39138.2    38850    2814    2814   36036
         605    3.0e+05     38874 39122.7 39123.4    38853    2814    2814   36039
         606    3.0e+05     38874 39122.7 39138.5    38840    2814    2814   36026
         607    3.0e+05     38874 39122.7 39123.1    38828    2814    2814   36014
         608    3.0e+05     38874 39122.7 39139.5    38830    2814    2814   36016
         609    3.0e+05     38874 39122.7 39122.8    38568    2814    2814   35754
         610    3.0e+05     38874 39122.7   39139    38850    2814    2814   36036
         611    3.0e+05     38874 39122.7   39124    38848    2814    2814   36034
         612    3.0e+05     38874 39122.7 39139.7    38850    2814    2814   36036
         613    3.0e+05     38874 39122.7 39122.9    38855    2814    2814   36041
         614    3.0e+05     38874 39122.7 39139.6    38844    2814    2814   36030
               reducing step to 0.0125
         615    3.0e+05     38874 39096.4 39096.4    38696    2813    2813   35883
         616    3.0e+05     38874 39078.5 39078.5    38703    2814    2814   35889
         617    3.0e+05     38874 39078.5 39087.8    38829    2814    2814   36015
         618    3.0e+05     38874 39074.5 39074.5    38796    2814    2814   35982
         619    3.0e+05     38874 39074.5 39080.3    38796    2814    2814   35982
         620    3.0e+05     38874 39073.9 39073.9    38832    2814    2814   36018
         621    3.0e+05     38874 39073.9   39079    38812    2814    2814   35998
         622    3.0e+05     38874 39072.2 39072.2    38837    2814    2814   36023
         623    3.0e+05     38874 39072.2 39077.3    38834    2814    2814   36020
    *    624    3.0e+05     38881 39070.9 39070.9    38881    2814    2814   36067
         625    3.0e+05     38881 39070.9   39075    38845    2814    2814   36031
         626    3.0e+05     38881 39069.7 39069.7    38843    2814    2814   36029
         627    3.0e+05     38881 39069.7 39075.1    38857    2814    2814   36043
         628    3.0e+05     38881 39069.7 39069.8    38832    2814    2814   36018
         629    3.0e+05     38881 39069.7 39074.2    38759    2814    2814   35945
         630    3.0e+05     38881 39068.6 39068.6    38851    2814    2814   36037
         631    3.0e+05     38881 39068.6 39074.6    38832    2814    2814   36018
         632    3.0e+05     38881 39067.9 39067.9    38861    2814    2814   36047
         633    3.0e+05     38881 39067.9 39074.1    38846    2814    2814   36032
         634    3.0e+05     38881 39067.7 39067.7    38854    2814    2814   36040
         635    3.0e+05     38881 39067.7 39073.5    38857    2814    2814   36043
         636    3.0e+05     38881 39067.5 39067.5    38830    2814    2814   36016
         637    3.0e+05     38881 39067.5 39073.6    38864    2814    2814   36050
         638    3.0e+05     38881   39067   39067    38836    2814    2814   36022
         639    3.0e+05     38881   39067 39073.2    38839    2814    2814   36025
         640    3.0e+05     38881   39067 39067.3    38859    2814    2814   36045
         641    3.0e+05     38881   39067 39072.8    38865    2814    2814   36051
         642    3.0e+05     38881 39066.7 39066.7    38843    2814    2814   36029
         643    3.0e+05     38881 39066.7 39072.6    38852    2814    2814   36038
         644    3.0e+05     38881 39066.7 39067.6    38843    2814    2814   36029
         645    3.0e+05     38881 39066.7 39071.7    38865    2814    2814   36051
         646    3.0e+05     38881 39066.7 39066.9    38853    2814    2814   36039
         647    3.0e+05     38881 39066.7 39071.6    38840    2814    2814   36026
         648    3.0e+05     38881 39066.7 39067.1    38847    2814    2814   36033
         649    3.0e+05     38881 39066.7 39072.1    38859    2814    2814   36045
         650    3.0e+05     38881 39066.2 39066.2    38863    2814    2814   36049
         651    3.0e+05     38881 39066.2 39071.9    38846    2814    2814   36032
         652    3.0e+05     38881 39066.2 39067.5    38856    2814    2814   36042
         653    3.0e+05     38881 39066.2 39071.7    38870    2814    2814   36056
         654    3.0e+05     38881 39065.3 39065.3    38861    2814    2814   36047
         655    3.0e+05     38881 39065.3 39071.5    38869    2814    2814   36055
         656    3.0e+05     38881 39065.3 39066.3    38867    2814    2814   36053
         657    3.0e+05     38881 39065.3 39071.9    38865    2814    2814   36051
         658    3.0e+05     38881 39065.3 39065.3    38868    2814    2814   36054
         659    3.0e+05     38881 39065.3   39071    38857    2814    2814   36043
         660    3.0e+05     38881 39065.3 39066.1    38845    2814    2814   36031
         661    3.0e+05     38881 39065.3   39071    38856    2814    2814   36042
         662    3.0e+05     38881 39065.2 39065.2    38856    2814    2814   36042
         663    3.0e+05     38881 39065.2 39071.1    38840    2814    2814   36026
         664    3.0e+05     38881 39065.2 39066.6    38847    2814    2814   36033
         665    3.0e+05     38881 39065.2 39071.5    38854    2814    2814   36040
         666    3.0e+05     38881 39065.2 39065.2    38857    2814    2814   36043
         667    3.0e+05     38881 39065.2 39070.5    38847    2814    2814   36033
         668    3.0e+05     38881 39065.2 39066.5    38858    2814    2814   36044
         669    3.0e+05     38881 39065.2 39070.8    38852    2814    2814   36038
         670    3.0e+05     38881 39065.1 39065.1    38855    2814    2814   36041
         671    3.0e+05     38881 39065.1   39071    38862    2814    2814   36048
         672    3.0e+05     38881 39065.1 39066.2    38839    2814    2814   36025
         673    3.0e+05     38881 39065.1 39070.6    38824    2814    2814   36010
         674    3.0e+05     38881 39065.1 39065.1    38861    2814    2814   36047
         675    3.0e+05     38881 39065.1 39070.7    38851    2814    2814   36037
         676    3.0e+05     38881 39065.1 39066.7    38848    2814    2814   36034
         677    3.0e+05     38881 39065.1 39070.4    38853    2814    2814   36039
         678    3.0e+05     38881   39065   39065    38864    2814    2814   36050
         679    3.0e+05     38881   39065 39070.7    38849    2814    2814   36035
         680    3.0e+05     38881   39065 39066.5    38855    2814    2814   36041
         681    3.0e+05     38881   39065 39070.5    38856    2814    2814   36042
         682    3.0e+05     38881   39065 39065.1    38864    2814    2814   36050
         683    3.0e+05     38881   39065 39070.6    38856    2814    2814   36042
         684    3.0e+05     38881   39065 39066.3    38857    2814    2814   36043
         685    3.0e+05     38881   39065 39069.5    38853    2814    2814   36039
         686    3.0e+05     38881   39065 39065.7    38861    2814    2814   36047
         687    3.0e+05     38881   39065 39069.6    38830    2814    2814   36016
         688    3.0e+05     38881   39065 39066.3    38857    2814    2814   36043
         689    3.0e+05     38881   39065 39069.5    38868    2814    2814   36054
         690    3.0e+05     38881   39065 39065.5    38861    2814    2814   36047
         691    3.0e+05     38881   39065 39069.6    38841    2814    2814   36027
         692    3.0e+05     38881   39065 39066.1    38846    2814    2814   36032
         693    3.0e+05     38881   39065 39069.2    38856    2814    2814   36042
         694    3.0e+05     38881 39064.9 39064.9    38857    2814    2814   36043
         695    3.0e+05     38881 39064.9 39069.6    38846    2814    2814   36032
         696    3.0e+05     38881 39064.9 39065.6    38834    2814    2814   36020
         697    3.0e+05     38881 39064.9 39070.4    38856    2814    2814   36042
         698    3.0e+05     38881 39064.6 39064.6    38856    2814    2814   36042
         699    3.0e+05     38881 39064.6 39069.8    38844    2814    2814   36030
         700    3.0e+05     38881 39064.6   39066    38844    2814    2814   36030
         701    3.0e+05     38881 39064.6 39070.1    38852    2814    2814   36038
         702    3.0e+05     38881 39064.6 39064.6    38867    2814    2814   36053
         703    3.0e+05     38881 39064.6 39070.1    38844    2814    2814   36030
         704    3.0e+05     38881 39064.6 39065.4    38866    2814    2814   36052
         705    3.0e+05     38881 39064.6 39069.6    38841    2814    2814   36027
         706    3.0e+05     38881 39063.8 39063.8    38866    2814    2814   36052
         707    3.0e+05     38881 39063.8 39069.7    38861    2814    2814   36047
         708    3.0e+05     38881 39063.8 39064.8    38849    2814    2814   36035
         709    3.0e+05     38881 39063.8 39069.9    38847    2814    2814   36033
         710    3.0e+05     38881 39063.8 39064.1    38877    2814    2814   36063
         711    3.0e+05     38881 39063.8   39070    38846    2814    2814   36032
         712    3.0e+05     38881 39063.8 39064.7    38843    2814    2814   36029
         713    3.0e+05     38881 39063.8 39069.8    38857    2814    2814   36043
         714    3.0e+05     38881 39063.8 39064.1    38833    2814    2814   36019
         715    3.0e+05     38881 39063.8 39069.8    38847    2814    2814   36033
         716    3.0e+05     38881 39063.8   39065    38855    2814    2814   36041
         717    3.0e+05     38881 39063.8 39069.7    38852    2814    2814   36038
         718    3.0e+05     38881 39063.8 39063.8    38867    2814    2814   36053
         719    3.0e+05     38881 39063.8   39070    38844    2814    2814   36030
         720    3.0e+05     38881 39063.8 39064.7    38836    2814    2814   36022
         721    3.0e+05     38881 39063.8 39069.7    38852    2814    2814   36038
         722    3.0e+05     38881 39063.5 39063.5    38867    2814    2814   36053
         723    3.0e+05     38881 39063.5 39069.2    38855    2814    2814   36041
         724    3.0e+05     38881 39063.5 39065.1    38860    2814    2814   36046
         725    3.0e+05     38881 39063.5 39069.7    38851    2814    2814   36037
         726    3.0e+05     38881 39063.5 39063.6    38861    2814    2814   36047
         727    3.0e+05     38881 39063.5 39069.1    38854    2814    2814   36040
         728    3.0e+05     38881 39063.5 39064.7    38859    2814    2814   36045
         729    3.0e+05     38881 39063.5   39069    38853    2814    2814   36039
         730    3.0e+05     38881 39063.5 39064.6    38854    2814    2814   36040
         731    3.0e+05     38881 39063.5 39068.9    38853    2814    2814   36039
         732    3.0e+05     38881 39063.5 39065.3    38855    2814    2814   36041
         733    3.0e+05     38881 39063.5 39068.8    38863    2814    2814   36049
         734    3.0e+05     38881 39063.5 39064.6    38867    2814    2814   36053
         735    3.0e+05     38881 39063.5   39069    38843    2814    2814   36029
         736    3.0e+05     38881 39063.5 39065.4    38867    2814    2814   36053
         737    3.0e+05     38881 39063.5 39069.1    38854    2814    2814   36040
         738    3.0e+05     38881 39063.5 39064.2    38865    2814    2814   36051
         739    3.0e+05     38881 39063.5 39069.1    38835    2814    2814   36021
         740    3.0e+05     38881 39063.5 39065.1    38855    2814    2814   36041
         741    3.0e+05     38881 39063.5 39068.8    38848    2814    2814   36034
         742    3.0e+05     38881 39063.5 39064.4    38863    2814    2814   36049
         743    3.0e+05     38881 39063.5 39068.6    38846    2814    2814   36032
         744    3.0e+05     38881 39063.5 39065.3    38856    2814    2814   36042
         745    3.0e+05     38881 39063.5 39068.8    38850    2814    2814   36036
         746    3.0e+05     38881 39063.5 39064.1    38861    2814    2814   36047
         747    3.0e+05     38881 39063.5 39068.6    38845    2814    2814   36031
               reducing step to 0.00625
         748    3.0e+05     38881 39052.2 39052.2    38762    2814    2814   35948
         749    3.0e+05     38881 39043.7 39043.7    38697    2814    2814   35883
         750    3.0e+05     38881 39043.7 39047.7    38835    2814    2814   36021
         751    3.0e+05     38881 39040.6 39040.6    38802    2814    2814   35988
         752    3.0e+05     38881 39040.6 39045.8    38846    2814    2814   36032
         753    3.0e+05     38881 39040.6   39041    38855    2814    2814   36041
         754    3.0e+05     38881 39040.6 39044.5    38860    2814    2814   36046
         755    3.0e+05     38881 39040.2 39040.2    38843    2814    2814   36029
         756    3.0e+05     38881 39040.2 39043.6    38849    2814    2814   36035
         757    3.0e+05     38881 39040.1 39040.1    38867    2814    2814   36053
         758    3.0e+05     38881 39040.1 39042.6    38878    2814    2814   36064
         759    3.0e+05     38881 39039.3 39039.3    38868    2814    2814   36054
         760    3.0e+05     38881 39039.3 39043.4    38881    2814    2814   36067
         761    3.0e+05     38881 39038.6 39038.6    38857    2814    2814   36043
         762    3.0e+05     38881 39038.6 39042.6    38869    2814    2814   36055
         763    3.0e+05     38881 39038.4 39038.4    38872    2814    2814   36058
         764    3.0e+05     38881 39038.4 39041.5    38868    2814    2814   36054
         765    3.0e+05     38881 39038.4 39038.9    38876    2814    2814   36062
         766    3.0e+05     38881 39038.4 39041.4    38871    2814    2814   36057
         767    3.0e+05     38881 39038.3 39038.3    38846    2814    2814   36032
         768    3.0e+05     38881 39038.3 39040.9    38861    2814    2814   36047
         769    3.0e+05     38881 39038.2 39038.2    38818    2814    2814   36004
         770    3.0e+05     38881 39038.2   39041    38860    2814    2814   36046
         771    3.0e+05     38881 39037.7 39037.7    38862    2814    2814   36048
         772    3.0e+05     38881 39037.7 39041.3    38881    2814    2814   36067
         773    3.0e+05     38881 39037.7 39037.8    38857    2814    2814   36043
         774    3.0e+05     38881 39037.7   39041    38863    2814    2814   36049
         775    3.0e+05     38881 39037.7 39037.8    38859    2814    2814   36045
         776    3.0e+05     38881 39037.7 39040.5    38869    2814    2814   36055
         777    3.0e+05     38881 39037.7 39037.8    38860    2814    2814   36046
         778    3.0e+05     38881 39037.7 39040.9    38864    2814    2814   36050
         779    3.0e+05     38881 39037.1 39037.1    38878    2814    2814   36064
         780    3.0e+05     38881 39037.1 39040.4    38828    2814    2814   36014
         781    3.0e+05     38881 39037.1 39037.4    38856    2814    2814   36042
         782    3.0e+05     38881 39037.1 39040.6    38862    2814    2814   36048
         783    3.0e+05     38881 39037.1 39037.5    38868    2814    2814   36054
         784    3.0e+05     38881 39037.1 39040.4    38848    2814    2814   36034
         785    3.0e+05     38881 39036.8 39036.8    38864    2814    2814   36050
         786    3.0e+05     38881 39036.8 39040.2    38852    2814    2814   36038
         787    3.0e+05     38881 39036.7 39036.7    38857    2814    2814   36043
         788    3.0e+05     38881 39036.7 39039.8    38864    2814    2814   36050
         789    3.0e+05     38881 39036.7 39037.2    38861    2814    2814   36047
         790    3.0e+05     38881 39036.7 39039.6    38869    2814    2814   36055
         791    3.0e+05     38881 39036.7 39037.1    38871    2814    2814   36057
         792    3.0e+05     38881 39036.7 39039.6    38867    2814    2814   36053
         793    3.0e+05     38881 39036.7   39037    38837    2814    2814   36023
         794    3.0e+05     38881 39036.7 39039.6    38846    2814    2814   36032
         795    3.0e+05     38881 39036.6 39036.6    38859    2814    2814   36045
         796    3.0e+05     38881 39036.6 39039.9    38874    2814    2814   36060
         797    3.0e+05     38881 39036.6 39037.2    38863    2814    2814   36049
         798    3.0e+05     38881 39036.6 39040.1    38876    2814    2814   36062
         799    3.0e+05     38881 39036.6 39036.7    38856    2814    2814   36042
         800    3.0e+05     38881 39036.6 39039.9    38873    2814    2814   36059
         801    3.0e+05     38881 39036.6 39036.8    38863    2814    2814   36049
         802    3.0e+05     38881 39036.6 39039.9    38858    2814    2814   36044
         803    3.0e+05     38881 39036.6 39036.8    38863    2814    2814   36049
         804    3.0e+05     38881 39036.6 39039.4    38867    2814    2814   36053
         805    3.0e+05     38881 39036.6 39037.2    38860    2814    2814   36046
         806    3.0e+05     38881 39036.6 39039.3    38867    2814    2814   36053
         807    3.0e+05     38881 39036.5 39036.5    38842    2814    2814   36028
         808    3.0e+05     38881 39036.5 39039.2    38856    2814    2814   36042
         809    3.0e+05     38881 39036.5 39036.7    38868    2814    2814   36054
         810    3.0e+05     38881 39036.5 39039.4    38859    2814    2814   36045
         811    3.0e+05     38881 39036.5 39036.5    38858    2814    2814   36044
         812    3.0e+05     38881 39036.5 39039.1    38868    2814    2814   36054
         813    3.0e+05     38881 39036.5 39036.6    38860    2814    2814   36046
         814    3.0e+05     38881 39036.5 39039.3    38858    2814    2814   36044
         815    3.0e+05     38881 39036.5 39036.6    38855    2814    2814   36041
         816    3.0e+05     38881 39036.5 39039.2    38876    2814    2814   36062
         817    3.0e+05     38881 39036.3 39036.3    38861    2814    2814   36047
         818    3.0e+05     38881 39036.3 39039.6    38867    2814    2814   36053
         819    3.0e+05     38881 39036.3 39036.3    38859    2814    2814   36045
         820    3.0e+05     38881 39036.3 39039.2    38874    2814    2814   36060
         821    3.0e+05     38881 39036.3 39036.5    38861    2814    2814   36047
         822    3.0e+05     38881 39036.3 39039.2    38873    2814    2814   36059
         823    3.0e+05     38881 39036.1 39036.1    38860    2814    2814   36046
         824    3.0e+05     38881 39036.1 39039.4    38878    2814    2814   36064
         825    3.0e+05     38881 39036.1 39036.3    38861    2814    2814   36047
         826    3.0e+05     38881 39036.1 39039.2    38861    2814    2814   36047
         827    3.0e+05     38881 39036.1 39036.2    38868    2814    2814   36054
         828    3.0e+05     38881 39036.1 39039.1    38858    2814    2814   36044
         829    3.0e+05     38881 39036.1 39036.4    38864    2814    2814   36050
         830    3.0e+05     38881 39036.1   39039    38857    2814    2814   36043
         831    3.0e+05     38881 39036.1 39036.3    38856    2814    2814   36042
         832    3.0e+05     38881 39036.1   39039    38852    2814    2814   36038
         833    3.0e+05     38881   39036   39036    38859    2814    2814   36045
         834    3.0e+05     38881   39036 39038.9    38852    2814    2814   36038
         835    3.0e+05     38881   39036 39036.1    38853    2814    2814   36039
         836    3.0e+05     38881   39036   39039    38870    2814    2814   36056
         837    3.0e+05     38881   39036   39036    38856    2814    2814   36042
         838    3.0e+05     38881   39036 39038.9    38864    2814    2814   36050
         839    3.0e+05     38881   39036 39036.3    38843    2814    2814   36029
         840    3.0e+05     38881   39036 39038.7    38852    2814    2814   36038
         841    3.0e+05     38881 39035.9 39035.9    38845    2814    2814   36031
         842    3.0e+05     38881 39035.9 39038.9    38874    2814    2814   36060
         843    3.0e+05     38881 39035.9 39035.9    38860    2814    2814   36046
         844    3.0e+05     38881 39035.9 39038.8    38869    2814    2814   36055
         845    3.0e+05     38881 39035.9 39036.2    38865    2814    2814   36051
         846    3.0e+05     38881 39035.9   39039    38854    2814    2814   36040
         847    3.0e+05     38881 39035.8 39035.8    38857    2814    2814   36043
         848    3.0e+05     38881 39035.8 39038.9    38866    2814    2814   36052
         849    3.0e+05     38881 39035.7 39035.7    38848    2814    2814   36034
         850    3.0e+05     38881 39035.7 39039.1    38871    2814    2814   36057
         851    3.0e+05     38881 39035.5 39035.5    38858    2814    2814   36044
         852    3.0e+05     38881 39035.5 39038.8    38856    2814    2814   36042
         853    3.0e+05     38881 39035.5 39035.7    38869    2814    2814   36055
         854    3.0e+05     38881 39035.5   39039    38863    2814    2814   36049
         855    3.0e+05     38881 39035.5 39035.6    38855    2814    2814   36041
         856    3.0e+05     38881 39035.5 39039.1    38873    2814    2814   36059
         857    3.0e+05     38881 39035.5 39035.8    38865    2814    2814   36051
         858    3.0e+05     38881 39035.5   39039    38874    2814    2814   36060
         859    3.0e+05     38881 39035.5 39035.6    38858    2814    2814   36044
         860    3.0e+05     38881 39035.5 39038.6    38868    2814    2814   36054
         861    3.0e+05     38881 39035.5 39035.9    38873    2814    2814   36059
         862    3.0e+05     38881 39035.5 39038.7    38866    2814    2814   36052
         863    3.0e+05     38881 39035.5 39035.7    38862    2814    2814   36048
         864    3.0e+05     38881 39035.5 39038.7    38862    2814    2814   36048
         865    3.0e+05     38881 39035.5 39035.7    38854    2814    2814   36040
         866    3.0e+05     38881 39035.5   39039    38857    2814    2814   36043
         867    3.0e+05     38881 39035.3 39035.3    38833    2814    2814   36019
         868    3.0e+05     38881 39035.3 39038.8    38855    2814    2814   36041
         869    3.0e+05     38881 39035.3 39035.7    38852    2814    2814   36038
         870    3.0e+05     38881 39035.3 39038.9    38855    2814    2814   36041
         871    3.0e+05     38881 39035.3 39035.5    38864    2814    2814   36050
         872    3.0e+05     38881 39035.3 39038.7    38861    2814    2814   36047
         873    3.0e+05     38881 39035.3 39035.6    38856    2814    2814   36042
         874    3.0e+05     38881 39035.3 39038.5    38866    2814    2814   36052
         875    3.0e+05     38881 39035.3 39035.8    38859    2814    2814   36045
         876    3.0e+05     38881 39035.3 39038.3    38865    2814    2814   36051
         877    3.0e+05     38881 39035.3 39035.8    38860    2814    2814   36046
         878    3.0e+05     38881 39035.3 39038.6    38872    2814    2814   36058
         879    3.0e+05     38881 39035.3 39035.9    38857    2814    2814   36043
         880    3.0e+05     38881 39035.3 39038.6    38857    2814    2814   36043
         881    3.0e+05     38881 39035.3 39035.7    38868    2814    2814   36054
         882    3.0e+05     38881 39035.3 39038.4    38851    2814    2814   36037
         883    3.0e+05     38881 39035.3 39035.5    38844    2814    2814   36030
         884    3.0e+05     38881 39035.3 39038.7    38854    2814    2814   36040
         885    3.0e+05     38881 39035.3 39035.6    38855    2814    2814   36041
         886    3.0e+05     38881 39035.3 39038.4    38852    2814    2814   36038
         887    3.0e+05     38881 39035.3 39035.6    38860    2814    2814   36046
         888    3.0e+05     38881 39035.3   39038    38860    2814    2814   36046
         889    3.0e+05     38881 39035.3 39035.9    38850    2814    2814   36036
         890    3.0e+05     38881 39035.3 39038.5    38861    2814    2814   36047
         891    3.0e+05     38881 39035.3 39035.8    38867    2814    2814   36053
         892    3.0e+05     38881 39035.3 39038.2    38859    2814    2814   36045
               reducing step to 0.003125
         893    3.0e+05     38881 39030.1 39030.1    38845    2814    2814   36031
         894    3.0e+05     38881 39026.1 39026.1    38829    2814    2814   36015
         895    3.0e+05     38881 39026.1 39029.7    38865    2814    2814   36051
         896    3.0e+05     38881 39025.1 39025.1    38862    2814    2814   36048
         897    3.0e+05     38881 39025.1 39028.1    38829    2814    2814   36015
         898    3.0e+05     38881 39024.5 39024.5    38859    2814    2814   36045
         899    3.0e+05     38881 39024.5 39027.6    38857    2814    2814   36043
         900    3.0e+05     38881 39024.4 39024.4    38861    2814    2814   36047
         901    3.0e+05     38881 39024.4 39027.3    38870    2814    2814   36056
    *    902    3.0e+05     38884 39023.8 39023.8    38884    2814    2814   36070
         903    3.0e+05     38884 39023.8   39027    38861    2814    2814   36047
         904    3.0e+05     38884 39023.8 39023.9    38881    2814    2814   36067
         905    3.0e+05     38884 39023.8 39026.6    38851    2814    2814   36037
         906    3.0e+05     38884 39023.6 39023.6    38874    2814    2814   36060
         907    3.0e+05     38884 39023.6 39026.4    38856    2814    2814   36042
         908    3.0e+05     38884 39023.4 39023.4    38875    2814    2814   36061
         909    3.0e+05     38884 39023.4 39026.4    38864    2814    2814   36050
         910    3.0e+05     38884 39023.2 39023.2    38877    2814    2814   36063
         911    3.0e+05     38884 39023.2   39026    38849    2814    2814   36035
         912    3.0e+05     38884   39023   39023    38876    2814    2814   36062
         913    3.0e+05     38884   39023 39026.3    38846    2814    2814   36032
         914    3.0e+05     38884 39022.7 39022.7    38869    2814    2814   36055
         915    3.0e+05     38884 39022.7 39026.4    38836    2814    2814   36022
         916    3.0e+05     38884 39022.5 39022.5    38871    2814    2814   36057
         917    3.0e+05     38884 39022.5 39026.1    38865    2814    2814   36051
         918    3.0e+05     38884 39022.4 39022.4    38883    2814    2814   36069
         919    3.0e+05     38884 39022.4 39025.9    38842    2814    2814   36028
    *    920    3.0e+05     38891 39022.4 39022.6    38891    2814    2814   36077
         921    3.0e+05     38891 39022.4 39025.7    38857    2814    2814   36043
         922    3.0e+05     38891 39022.4 39022.4    38878    2814    2814   36064
         923    3.0e+05     38891 39022.4 39025.5    38857    2814    2814   36043
         924    3.0e+05     38891 39022.3 39022.3    38869    2814    2814   36055
         925    3.0e+05     38891 39022.3 39025.7    38858    2814    2814   36044
         926    3.0e+05     38891 39022.3 39022.3    38868    2814    2814   36054
         927    3.0e+05     38891 39022.3 39025.6    38845    2814    2814   36031
         928    3.0e+05     38891 39022.1 39022.1    38877    2814    2814   36063
         929    3.0e+05     38891 39022.1 39025.4    38863    2814    2814   36049
         930    3.0e+05     38891 39022.1 39022.1    38860    2814    2814   36046
         931    3.0e+05     38891 39022.1 39025.6    38841    2814    2814   36027
         932    3.0e+05     38891   39022   39022    38856    2814    2814   36042
         933    3.0e+05     38891   39022 39025.2    38847    2814    2814   36033
         934    3.0e+05     38891   39022   39022    38863    2814    2814   36049
         935    3.0e+05     38891   39022 39025.2    38854    2814    2814   36040
         936    3.0e+05     38891 39021.9 39021.9    38863    2814    2814   36049
         937    3.0e+05     38891 39021.9 39025.3    38850    2814    2814   36036
         938    3.0e+05     38891 39021.9 39021.9    38872    2814    2814   36058
         939    3.0e+05     38891 39021.9 39025.2    38848    2814    2814   36034
         940    3.0e+05     38891 39021.8 39021.8    38866    2814    2814   36052
         941    3.0e+05     38891 39021.8 39025.3    38856    2814    2814   36042
         942    3.0e+05     38891 39021.7 39021.7    38872    2814    2814   36058
         943    3.0e+05     38891 39021.7 39025.1    38839    2814    2814   36025
         944    3.0e+05     38891 39021.7 39021.8    38876    2814    2814   36062
         945    3.0e+05     38891 39021.7 39025.3    38845    2814    2814   36031
         946    3.0e+05     38891 39021.7 39021.8    38886    2814    2814   36072
         947    3.0e+05     38891 39021.7 39024.9    38859    2814    2814   36045
         948    3.0e+05     38891 39021.7 39021.8    38877    2814    2814   36063
         949    3.0e+05     38891 39021.7 39024.7    38853    2814    2814   36039
         950    3.0e+05     38891 39021.7 39021.8    38872    2814    2814   36058
         951    3.0e+05     38891 39021.7   39025    38855    2814    2814   36041
         952    3.0e+05     38891 39021.6 39021.6    38878    2814    2814   36064
         953    3.0e+05     38891 39021.6   39025    38851    2814    2814   36037
         954    3.0e+05     38891 39021.6 39021.7    38850    2814    2814   36036
         955    3.0e+05     38891 39021.6   39025    38852    2814    2814   36038
         956    3.0e+05     38891 39021.6 39021.7    38867    2814    2814   36053
         957    3.0e+05     38891 39021.6 39024.7    38851    2814    2814   36037
         958    3.0e+05     38891 39021.6 39021.8    38884    2814    2814   36070
         959    3.0e+05     38891 39021.6 39024.8    38862    2814    2814   36048
         960    3.0e+05     38891 39021.6 39021.6    38872    2814    2814   36058
         961    3.0e+05     38891 39021.6 39024.9    38849    2814    2814   36035
         962    3.0e+05     38891 39021.5 39021.5    38876    2814    2814   36062
         963    3.0e+05     38891 39021.5 39024.6    38831    2814    2814   36017
         964    3.0e+05     38891 39021.5 39021.6    38885    2814    2814   36071
         965    3.0e+05     38891 39021.5 39024.6    38852    2814    2814   36038
         966    3.0e+05     38891 39021.4 39021.4    38876    2814    2814   36062
         967    3.0e+05     38891 39021.4 39024.8    38847    2814    2814   36033
         968    3.0e+05     38891 39021.4 39021.4    38875    2814    2814   36061
         969    3.0e+05     38891 39021.4 39024.6    38849    2814    2814   36035
         970    3.0e+05     38891 39021.4 39021.6    38881    2814    2814   36067
         971    3.0e+05     38891 39021.4 39024.6    38861    2814    2814   36047
         972    3.0e+05     38891 39021.4 39021.5    38870    2814    2814   36056
         973    3.0e+05     38891 39021.4 39024.4    38859    2814    2814   36045
         974    3.0e+05     38891 39021.4 39021.5    38870    2814    2814   36056
         975    3.0e+05     38891 39021.4 39024.6    38835    2814    2814   36021
         976    3.0e+05     38891 39021.4 39021.5    38867    2814    2814   36053
         977    3.0e+05     38891 39021.4 39024.4    38854    2814    2814   36040
         978    3.0e+05     38891 39021.4 39021.4    38878    2814    2814   36064
         979    3.0e+05     38891 39021.4 39024.5    38860    2814    2814   36046
         980    3.0e+05     38891 39021.3 39021.3    38871    2814    2814   36057
         981    3.0e+05     38891 39021.3 39024.7    38847    2814    2814   36033
         982    3.0e+05     38891 39021.3 39021.3    38891    2814    2814   36077
         983    3.0e+05     38891 39021.3 39024.6    38864    2814    2814   36050
         984    3.0e+05     38891 39021.2 39021.2    38884    2814    2814   36070
         985    3.0e+05     38891 39021.2 39024.4    38854    2814    2814   36040
         986    3.0e+05     38891 39021.2 39021.3    38883    2814    2814   36069
         987    3.0e+05     38891 39021.2 39024.6    38857    2814    2814   36043
         988    3.0e+05     38891 39021.2 39021.3    38887    2814    2814   36073
         989    3.0e+05     38891 39021.2 39024.6    38847    2814    2814   36033
         990    3.0e+05     38891 39021.2 39021.2    38872    2814    2814   36058
         991    3.0e+05     38891 39021.2 39024.5    38858    2814    2814   36044
         992    3.0e+05     38891 39021.2 39021.3    38864    2814    2814   36050
         993    3.0e+05     38891 39021.2 39024.4    38842    2814    2814   36028
         994    3.0e+05     38891 39021.2 39021.2    38884    2814    2814   36070
         995    3.0e+05     38891 39021.2 39024.4    38864    2814    2814   36050
         996    3.0e+05     38891 39021.2 39021.2    38885    2814    2814   36071
         997    3.0e+05     38891 39021.2 39024.4    38847    2814    2814   36033
         998    3.0e+05     38891 39021.1 39021.1    38874    2814    2814   36060
         999    3.0e+05     38891 39021.1 39024.6    38845    2814    2814   36031
        1000    3.0e+05     38891 39021.1 39021.1    38879    2814    2814   36065
Total time used by klau is 1123.57
true_align (18772) and est_align (2814) DO NOT have the same number of elements.
method klau has a score of 8.39%
method klau used 1123.565 seconds.
maximum values in init align row is:  18771
maximum values in init align col is:  18769
 best   iter   pr-delta       obj  weight    card overlap
    *      1    3.7e-01   31986.5    2839    2839   30567
           2    1.5e-01   31922.5    2839    2839   30503
           3    7.2e-02   31823.5    2839    2839   30404
           4    3.4e-02   31818.5    2839    2839   30399
           5    1.7e-02   31781.5    2839    2839   30362
           6    8.7e-03   31731.5    2839    2839   30312
           7    4.6e-03   31752.5    2839    2839   30333
           8    2.5e-03   31759.5    2839    2839   30340
           9    1.4e-03   31763.5    2839    2839   30344
          10    7.9e-04   31762.5    2839    2839   30343
          11    4.5e-04   31763.5    2839    2839   30344
          12    2.6e-04   31763.5    2839    2839   30344
          13    1.6e-04   31764.5    2839    2839   30345
          14    9.3e-05   31764.5    2839    2839   30345
          15    5.7e-05   31753.5    2839    2839   30334
          16    3.5e-05   31753.5    2839    2839   30334
          17    2.1e-05   31753.5    2839    2839   30334
          18    1.3e-05   31753.5    2839    2839   30334
          19    8.3e-06   31753.5    2839    2839   30334
          20    5.2e-06   31753.5    2839    2839   30334
          21    3.3e-06   31753.5    2839    2839   30334
          22    2.1e-06   31753.5    2839    2839   30334
          23    1.4e-06   31753.5    2839    2839   30334
          24    8.7e-07   31753.5    2839    2839   30334
          25    5.6e-07   31753.5    2839    2839   30334
          26    3.6e-07   31753.5    2839    2839   30334
          27    2.3e-07   31753.5    2839    2839   30334
          28    1.5e-07   31753.5    2839    2839   30334
          29    9.9e-08   31753.5    2839    2839   30334
          30    6.5e-08   31753.5    2839    2839   30334
          31    4.2e-08   31753.5    2839    2839   30334
          32    2.8e-08   31753.5    2839    2839   30334
          33    1.8e-08   31753.5    2839    2839   30334
          34    1.2e-08   31753.5    2839    2839   30334
          35    7.9e-09   31753.5    2839    2839   30334
          36    5.2e-09   31753.5    2839    2839   30334
          37    3.4e-09   31753.5    2839    2839   30334
          38    2.3e-09   31753.5    2839    2839   30334
          39    1.5e-09   31753.5    2839    2839   30334
          40    9.8e-10   31753.5    2839    2839   30334
          41    6.5e-10   31753.5    2839    2839   30334
          42    4.3e-10   31753.5    2839    2839   30334
          43    2.8e-10   31753.5    2839    2839   30334
          44    1.9e-10   31753.5    2839    2839   30334
          45    1.2e-10   31753.5    2839    2839   30334
          46    8.2e-11   31753.5    2839    2839   30334
          47    5.5e-11   31753.5    2839    2839   30334
          48    3.6e-11   31753.5    2839    2839   30334
          49    2.4e-11   31753.5    2839    2839   30334
          50    1.6e-11   31753.5    2839    2839   30334
          51    1.1e-11   31753.5    2839    2839   30334
          52    7.0e-12   31753.5    2839    2839   30334
          53    4.7e-12   31753.5    2839    2839   30334
          54    3.1e-12   31753.5    2839    2839   30334
          55    2.1e-12   31753.5    2839    2839   30334
          56    1.4e-12   31753.5    2839    2839   30334
          57    9.1e-13   31753.5    2839    2839   30334
Total time used by isorank is 13.73
true_align (18772) and est_align (2843) DO NOT have the same number of elements.
method isorank has a score of 0.43%
method isorank used 13.731 seconds.
experiment results:
     method      score         time
0     final  15.677605  4377.705471
1  netalign   8.459408    54.638071
2      klau   8.390156  1123.565247
3   isorank   0.431494    13.730867
