Permutation sanity check error is 7857.0.
Permutation sanity check error is 783623.0.
num_init for this graph is 14
Generating initial alignment matrix using degree ...
mode is  degree
number of noisy edges are:  14
Average number of initial alignments for each node is 28
maximum values in init align row is:  18771
maximum values in init align col is:  18766
Recovering sparse matrix L took 0.15 sec.
Time for degree: 0.69 sec
iteration 1
Time for iteration 1: 9.86 sec, diff = 0.12522
iteration 2
Time for iteration 2: 60.33 sec, diff = 0.01929
iteration 3
Time for iteration 3: 81.00 sec, diff = 0.01123
iteration 4
Time for iteration 4: 81.57 sec, diff = 0.00876
iteration 5
Time for iteration 5: 81.05 sec, diff = 0.00744
iteration 6
Time for iteration 6: 81.35 sec, diff = 0.00651
iteration 7
Time for iteration 7: 81.29 sec, diff = 0.00578
iteration 8
Time for iteration 8: 80.26 sec, diff = 0.00515
iteration 9
Time for iteration 9: 82.27 sec, diff = 0.00461
iteration 10
Time for iteration 10: 90.42 sec, diff = 0.00414
iteration 11
Time for iteration 11: 89.06 sec, diff = 0.00371
iteration 12
Time for iteration 12: 79.99 sec, diff = 0.00334
iteration 13
Time for iteration 13: 80.19 sec, diff = 0.00300
iteration 14
Time for iteration 14: 80.21 sec, diff = 0.00270
iteration 15
Time for iteration 15: 80.43 sec, diff = 0.00242
iteration 16
Time for iteration 16: 80.12 sec, diff = 0.00218
iteration 17
Time for iteration 17: 79.86 sec, diff = 0.00196
iteration 18
Time for iteration 18: 80.15 sec, diff = 0.00176
iteration 19
Time for iteration 19: 79.96 sec, diff = 0.00159
iteration 20
Time for iteration 20: 80.65 sec, diff = 0.00143
iteration 21
Time for iteration 21: 80.31 sec, diff = 0.00129
iteration 22
Time for iteration 22: 79.63 sec, diff = 0.00116
iteration 23
Time for iteration 23: 80.00 sec, diff = 0.00104
iteration 24
Time for iteration 24: 82.25 sec, diff = 0.00094
iteration 25
Time for iteration 25: 90.05 sec, diff = 0.00084
iteration 26
Time for iteration 26: 86.99 sec, diff = 0.00076
iteration 27
Time for iteration 27: 80.10 sec, diff = 0.00068
iteration 28
Time for iteration 28: 80.00 sec, diff = 0.00061
iteration 29
Time for iteration 29: 80.04 sec, diff = 0.00055
iteration 30
Time for iteration 30: 79.23 sec, diff = 0.00050
iteration 31
Time for iteration 31: 79.93 sec, diff = 0.00045
iteration 32
Time for iteration 32: 80.12 sec, diff = 0.00040
iteration 33
Time for iteration 33: 79.91 sec, diff = 0.00036
iteration 34
Time for iteration 34: 79.97 sec, diff = 0.00033
iteration 35
Time for iteration 35: 80.32 sec, diff = 0.00029
iteration 36
Time for iteration 36: 79.92 sec, diff = 0.00026
iteration 37
Time for iteration 37: 80.25 sec, diff = 0.00024
iteration 38
Time for iteration 38: 79.69 sec, diff = 0.00021
iteration 39
Time for iteration 39: 80.11 sec, diff = 0.00019
iteration 40
Time for iteration 40: 79.81 sec, diff = 0.00017
iteration 41
Time for iteration 41: 79.17 sec, diff = 0.00016
iteration 42
Time for iteration 42: 79.36 sec, diff = 0.00014
iteration 43
Time for iteration 43: 79.35 sec, diff = 0.00013
iteration 44
Time for iteration 44: 79.28 sec, diff = 0.00011
iteration 45
Time for iteration 45: 79.34 sec, diff = 0.00010
iteration 46
Time for iteration 46: 79.51 sec, diff = 0.00009
iteration 47
Time for iteration 47: 79.22 sec, diff = 0.00008
iteration 48
Time for iteration 48: 79.16 sec, diff = 0.00007
iteration 49
Time for iteration 49: 79.04 sec, diff = 0.00007
iteration 50
Time for iteration 50: 79.61 sec, diff = 0.00006
Total time used by final is 4017.22 sec.
true_align and est_align have the same number of elements.
method final has a score of 15.29%
method final used 4017.221 seconds.
maximum values in init align row is:  18771
maximum values in init align col is:  18766
best   iter    obj_ma wght_ma card_ma over_ma    obj_mb wght_mb card_mb over_mb
  *a      1     33570    2823    2823   30747     33570    2823    2823   30747
          2     16455    2156    2156   14299     17853    2222    2222   15631
          3     21348    2626    2626   18722     17499    1840    1840   15659
          4      8205    2231    2231    5974      7522    1743    1743    5779
          5     29290    2771    2771   26519     29323    2723    2723   26600
  *b      6     36397    2811    2811   33586     36488    2753    2753   33735
          7     36446    2726    2726   33720     36301    2637    2637   33664
          8     25417    2591    2591   22826     25531    2155    2155   23376
          9     32368    2655    2655   29713     27295    2048    2048   25247
         10     30918    2677    2677   28241     31222    2567    2567   28655
         11     34944    2770    2770   32174     34883    2687    2687   32196
  *a     12     37851    2798    2798   35053     37737    2667    2667   35070
         13     37543    2787    2787   34756     36426    2573    2573   33853
         14     37103    2736    2736   34367     35978    2545    2545   33433
         15     37346    2764    2764   34582     36223    2567    2567   33656
         16     37746    2782    2782   34964     36802    2621    2621   34181
  *a     17     38075    2793    2793   35282     37721    2697    2697   35024
         18     38060    2797    2797   35263     37951    2715    2715   35236
         19     38072    2791    2791   35281     37622    2676    2676   34946
         20     38060    2786    2786   35274     37623    2671    2671   34952
  *a     21     38132    2786    2786   35346     37577    2676    2676   34901
         22     37965    2783    2783   35182     37684    2709    2709   34975
         23     38110    2792    2792   35318     37863    2725    2725   35138
         24     38082    2792    2792   35290     37978    2742    2742   35236
  *a     25     38159    2796    2796   35363     37990    2735    2735   35255
         26     38074    2792    2792   35282     37931    2732    2732   35199
  *a     27     38174    2792    2792   35382     38017    2727    2727   35290
         28     38092    2790    2790   35302     37996    2750    2750   35246
  *a     29     38186    2793    2793   35393     38077    2758    2758   35319
         30     38185    2788    2788   35397     38042    2744    2744   35298
  *a     31     38214    2795    2795   35419     38147    2757    2757   35390
         32     38208    2792    2792   35416     38142    2759    2759   35383
         33     38190    2789    2789   35401     38153    2753    2753   35400
         34     38111    2783    2783   35328     38060    2747    2747   35313
         35     38172    2792    2792   35380     38120    2752    2752   35368
         36     38181    2790    2790   35391     38148    2763    2763   35385
         37     38173    2786    2786   35387     38138    2762    2762   35376
         38     38200    2787    2787   35413     38166    2758    2758   35408
         39     38208    2794    2794   35414     38208    2771    2771   35437
         40     38205    2793    2793   35412     38189    2768    2768   35421
         41     38206    2794    2794   35412     38178    2767    2767   35411
         42     38206    2794    2794   35412     38173    2773    2773   35400
  *a     43     38226    2795    2795   35431     38179    2771    2771   35408
  *a     44     38242    2796    2796   35446     38177    2771    2771   35406
         45     38232    2794    2794   35438     38192    2773    2773   35419
         46     38229    2793    2793   35436     38216    2777    2777   35439
         47     38216    2797    2797   35419     38168    2779    2779   35389
         48     38222    2797    2797   35425     38123    2776    2776   35347
         49     38224    2797    2797   35427     38126    2777    2777   35349
         50     38210    2797    2797   35413     38107    2778    2778   35329
         51     38227    2797    2797   35430     38110    2780    2780   35330
         52     38229    2797    2797   35432     38164    2780    2780   35384
         53     38221    2797    2797   35424     38138    2774    2774   35364
         54     38217    2797    2797   35420     38062    2773    2773   35289
         55     38214    2797    2797   35417     38066    2770    2770   35296
  *a     56     38245    2797    2797   35448     38059    2769    2769   35290
         57     38245    2797    2797   35448     38109    2775    2775   35334
  *a     58     38246    2797    2797   35449     38116    2777    2777   35339
         59     38223    2797    2797   35426     38016    2774    2774   35242
         60     38246    2797    2797   35449     37999    2768    2768   35231
         61     38211    2797    2797   35414     37979    2769    2769   35210
         62     38215    2796    2796   35419     37895    2765    2765   35130
         63     38213    2796    2796   35417     37878    2763    2763   35115
         64     38227    2796    2796   35431     38000    2768    2768   35232
         65     38227    2796    2796   35431     38006    2768    2768   35238
         66     38217    2796    2796   35421     37950    2767    2767   35183
         67     38230    2796    2796   35434     37901    2766    2766   35135
         68     38233    2796    2796   35437     37937    2769    2769   35168
         69     38233    2796    2796   35437     37999    2769    2769   35230
  *a     70     38253    2796    2796   35457     37961    2770    2770   35191
         71     38249    2796    2796   35453     37876    2764    2764   35112
         72     38231    2796    2796   35435     37999    2769    2769   35230
         73     38230    2796    2796   35434     37981    2772    2772   35209
         74     38228    2796    2796   35432     38014    2774    2774   35240
         75     38228    2796    2796   35432     37915    2766    2766   35149
         76     38230    2796    2796   35434     37892    2761    2761   35131
         77     38231    2796    2796   35435     37943    2762    2762   35181
         78     38228    2796    2796   35432     37987    2769    2769   35218
         79     38209    2793    2793   35416     38029    2772    2772   35257
         80     38215    2796    2796   35419     38036    2776    2776   35260
         81     38218    2796    2796   35422     37994    2776    2776   35218
         82     38217    2796    2796   35421     37990    2778    2778   35212
         83     38212    2796    2796   35416     37981    2777    2777   35204
         84     38225    2796    2796   35429     37986    2777    2777   35209
         85     38225    2796    2796   35429     38060    2777    2777   35283
         86     38226    2796    2796   35430     38059    2776    2776   35283
         87     38228    2796    2796   35432     38102    2781    2781   35321
         88     38219    2796    2796   35423     38138    2784    2784   35354
         89     38228    2796    2796   35432     38076    2784    2784   35292
         90     38229    2796    2796   35433     38113    2785    2785   35328
         91     38228    2796    2796   35432     38147    2786    2786   35361
         92     38229    2796    2796   35433     38164    2786    2786   35378
         93     38215    2796    2796   35419     38157    2784    2784   35373
         94     38215    2796    2796   35419     38126    2783    2783   35343
         95     38213    2796    2796   35417     38129    2784    2784   35345
         96     38213    2796    2796   35417     38178    2786    2786   35392
         97     38225    2796    2796   35429     38167    2785    2785   35382
         98     38226    2796    2796   35430     38172    2787    2787   35385
         99     38228    2796    2796   35432     38210    2788    2788   35422
        100     38225    2796    2796   35429     38205    2785    2785   35420
Total time used by netalign is 54.52
true_align (18772) and est_align (2796) DO NOT have the same number of elements.
method netalign has a score of 8.57%
method netalign used 54.523 seconds.
maximum values in init align row is:  18771
maximum values in init align col is:  18766
 best   iter     norm-u     lower   upper     cur      obj  weight    card overlap
    *      1    0.0e+00     35850 42884.5 42884.5    35850    2823    2823   33027
           2    2.4e+04     35850 42884.5 47140.3    31529    2823    2823   28706
           3    3.2e+04     35850 42884.5 44870.8    30434    2824    2824   27610
           4    4.4e+04     35850 42884.5 46400.3    30222    2823    2823   27399
           5    5.0e+04     35850 42884.5   44947    28301    2824    2824   25477
           6    6.0e+04     35850 42884.5 45766.5    28103    2825    2825   25278
           7    6.6e+04     35850 42884.5 44892.7    26728    2825    2825   23903
           8    7.4e+04     35850 42884.5 45505.9    27060    2826    2826   24234
           9    8.0e+04     35850 42884.5 44791.9    25957    2823    2823   23134
          10    8.7e+04     35850 42884.5 45322.6    25771    2825    2825   22946
          11    9.2e+04     35850 42884.5 44761.3    24752    2823    2823   21929
          12    9.9e+04     35850 42884.5 45048.7    26154    2824    2824   23330
          13    1.0e+05     35850 42884.5 44514.8    25396    2823    2823   22573
          14    1.1e+05     35850 42884.5 44864.8    24909    2824    2824   22085
          15    1.2e+05     35850 42884.5 44519.5    25132    2822    2822   22310
          16    1.2e+05     35850 42884.5   44735    25307    2825    2825   22482
          17    1.3e+05     35850 42884.5 44465.9    24151    2823    2823   21328
          18    1.3e+05     35850 42884.5 44678.1    24820    2823    2823   21997
          19    1.4e+05     35850 42884.5 44270.9    23613    2821    2821   20792
          20    1.4e+05     35850 42884.5 44703.3    25090    2824    2824   22266
          21    1.4e+05     35850 42884.5 44269.6    24730    2822    2822   21908
          22    1.5e+05     35850 42884.5 44543.7    24328    2824    2824   21504
          23    1.5e+05     35850 42884.5 44239.5    24684    2823    2823   21861
          24    1.6e+05     35850 42884.5   44291    23597    2821    2821   20776
          25    1.6e+05     35850 42884.5 44074.5    23905    2823    2823   21082
          26    1.7e+05     35850 42884.5 44297.3    24016    2822    2822   21194
               reducing step to 0.2
          27    1.7e+05     35850 42446.7 42446.7    25871    2823    2823   23048
          28    1.7e+05     35850 41777.3 41777.3    26424    2820    2820   23604
          29    1.7e+05     35850 41641.4 41641.4    23582    2821    2821   20761
          30    1.7e+05     35850 41546.4 41546.4    25124    2820    2820   22304
          31    1.8e+05     35850 41371.9 41371.9    25537    2819    2819   22718
          32    1.8e+05     35850 41330.2 41330.2    25712    2821    2821   22891
          33    1.8e+05     35850 41249.6 41249.6    25159    2821    2821   22338
          34    1.8e+05     35850 41166.6 41166.6    26144    2819    2819   23325
          35    1.8e+05     35850   41147   41147    27531    2818    2818   24713
          36    1.8e+05     35850 40997.2 40997.2    28075    2818    2818   25257
          37    1.8e+05     35850 40997.2 41053.3    27159    2820    2820   24339
          38    1.9e+05     35850 40997.2 41003.3    26621    2820    2820   23801
          39    1.9e+05     35850 40987.9 40987.9    27230    2818    2818   24412
          40    1.9e+05     35850 40924.4 40924.4    26713    2819    2819   23894
          41    1.9e+05     35850 40924.4 40931.9    27264    2818    2818   24446
          42    1.9e+05     35850 40868.3 40868.3    28313    2819    2819   25494
          43    1.9e+05     35850 40868.3 40880.3    28089    2817    2817   25272
          44    1.9e+05     35850 40828.1 40828.1    27871    2816    2816   25055
          45    2.0e+05     35850   40793   40793    28056    2817    2817   25239
          46    2.0e+05     35850   40793 40809.4    29006    2816    2816   26190
          47    2.0e+05     35850 40717.1 40717.1    29061    2815    2815   26246
          48    2.0e+05     35850 40717.1 40740.9    28689    2816    2816   25873
          49    2.0e+05     35850 40717.1 40747.8    28674    2815    2815   25859
          50    2.0e+05     35850 40713.4 40713.4    29037    2818    2818   26219
          51    2.0e+05     35850 40713.4 40752.5    29290    2815    2815   26475
          52    2.0e+05     35850 40620.8 40620.8    28934    2817    2817   26117
          53    2.0e+05     35850 40620.8 40663.7    29938    2817    2817   27121
          54    2.1e+05     35850 40620.8 40624.5    29796    2815    2815   26981
          55    2.1e+05     35850 40589.4 40589.4    28570    2817    2817   25753
          56    2.1e+05     35850 40589.4 40600.2    29941    2815    2815   27126
          57    2.1e+05     35850 40571.5 40571.5    30137    2813    2813   27324
          58    2.1e+05     35850 40505.6 40505.6    29684    2816    2816   26868
          59    2.1e+05     35850 40505.6 40609.4    29504    2813    2813   26691
          60    2.1e+05     35850 40457.5 40457.5    30090    2818    2818   27272
          61    2.1e+05     35850 40457.5 40537.1    29982    2814    2814   27168
          62    2.1e+05     35850 40457.5 40492.7    29470    2815    2815   26655
          63    2.1e+05     35850 40457.5   40543    29237    2816    2816   26421
          64    2.2e+05     35850 40457.5   40568    29551    2814    2814   26737
          65    2.2e+05     35850 40457.5 40471.5    29846    2817    2817   27029
          66    2.2e+05     35850 40457.5 40490.8    30555    2817    2817   27738
          67    2.2e+05     35850 40445.3 40445.3    31324    2813    2813   28511
          68    2.2e+05     35850 40442.3 40442.3    31560    2815    2815   28745
          69    2.2e+05     35850 40421.7 40421.7    31375    2812    2812   28563
          70    2.2e+05     35850 40421.7 40505.1    29786    2813    2813   26973
          71    2.2e+05     35850 40386.1 40386.1    30962    2814    2814   28148
          72    2.2e+05     35850 40386.1 40405.3    30853    2812    2812   28041
          73    2.2e+05     35850 40382.6 40382.6    32040    2814    2814   29226
          74    2.2e+05     35850 40382.6   40395    31077    2815    2815   28262
          75    2.2e+05     35850 40382.6 40390.3    30864    2815    2815   28049
          76    2.3e+05     35850 40340.5 40340.5    30222    2815    2815   27407
          77    2.3e+05     35850 40340.5   40414    30517    2814    2814   27703
          78    2.3e+05     35850 40340.5 40443.9    31131    2818    2818   28313
          79    2.3e+05     35850 40318.9 40318.9    32084    2814    2814   29270
          80    2.3e+05     35850 40318.9   40360    32010    2813    2813   29197
          81    2.3e+05     35850 40207.8 40207.8    32722    2810    2810   29912
          82    2.3e+05     35850 40207.8 40339.1    31435    2812    2812   28623
          83    2.3e+05     35850 40207.8 40274.2    32028    2814    2814   29214
          84    2.3e+05     35850 40207.8 40310.4    31939    2812    2812   29127
          85    2.3e+05     35850 40207.8   40278    32327    2813    2813   29514
          86    2.3e+05     35850 40207.8 40335.3    32096    2813    2813   29283
          87    2.3e+05     35850 40207.8 40298.2    32231    2812    2812   29419
          88    2.3e+05     35850 40207.8 40282.9    30756    2812    2812   27944
          89    2.4e+05     35850 40207.8   40276    32413    2811    2811   29602
          90    2.4e+05     35850 40207.8 40290.3    33063    2812    2812   30251
          91    2.4e+05     35850 40207.8 40213.2    34061    2811    2811   31250
          92    2.4e+05     35850 40164.8 40164.8    32440    2812    2812   29628
          93    2.4e+05     35850 40164.8 40275.9    32589    2813    2813   29776
          94    2.4e+05     35850 40164.8 40216.5    32876    2811    2811   30065
          95    2.4e+05     35850 40164.8 40214.1    32916    2812    2812   30104
          96    2.4e+05     35850 40164.8 40168.9    32005    2811    2811   29194
          97    2.4e+05     35850 40164.8 40226.6    31363    2812    2812   28551
          98    2.4e+05     35850 40164.8 40276.4    30265    2811    2811   27454
          99    2.4e+05     35850 40164.8 40185.2    32186    2811    2811   29375
         100    2.4e+05     35850 40150.3 40150.3    32714    2811    2811   29903
         101    2.4e+05     35850 40150.3 40228.2    32817    2813    2813   30004
         102    2.4e+05     35850 40150.3 40183.7    32347    2811    2811   29536
         103    2.4e+05     35850 40043.7 40043.7    31958    2812    2812   29146
         104    2.4e+05     35850 40043.7 40232.2    31284    2813    2813   28471
         105    2.5e+05     35850 40043.7 40164.7    31801    2812    2812   28989
         106    2.5e+05     35850 40043.7 40187.1    31233    2814    2814   28419
         107    2.5e+05     35850 40043.7 40141.3    31654    2812    2812   28842
         108    2.5e+05     35850 40043.7 40148.9    32122    2809    2809   29313
         109    2.5e+05     35850 40043.7 40087.6    33156    2809    2809   30347
         110    2.5e+05     35850 40043.7 40173.1    32716    2812    2812   29904
         111    2.5e+05     35850 40043.7 40069.7    32715    2811    2811   29904
         112    2.5e+05     35850 40043.7 40130.8    32713    2811    2811   29902
         113    2.5e+05     35850 40043.7   40066    32927    2811    2811   30116
         114    2.5e+05     35850 40043.7 40088.3    31499    2813    2813   28686
         115    2.5e+05     35850 40043.7 40153.1    31845    2813    2813   29032
         116    2.5e+05     35850 40043.7 40176.8    31024    2811    2811   28213
         117    2.5e+05     35850 40043.7 40100.4    31010    2813    2813   28197
         118    2.5e+05     35850 40043.7 40072.9    31858    2811    2811   29047
         119    2.5e+05     35850 40043.7 40135.5    32960    2810    2810   30150
         120    2.5e+05     35850 40037.8 40037.8    33484    2810    2810   30674
         121    2.5e+05     35850 40037.8 40086.1    34309    2811    2811   31498
         122    2.5e+05     35850 40037.8 40039.4    35442    2810    2810   32632
         123    2.6e+05     35850 40037.8 40050.3    34877    2810    2810   32067
         124    2.6e+05     35850 40037.8 40066.2    34831    2810    2810   32021
         125    2.6e+05     35850 40037.8 40055.8    34766    2809    2809   31957
         126    2.6e+05     35850 40037.8 40064.7    34704    2810    2810   31894
         127    2.6e+05     35850 40037.8 40079.5    33889    2809    2809   31080
         128    2.6e+05     35850   39954   39954    32563    2812    2812   29751
         129    2.6e+05     35850   39954 40124.2    32084    2814    2814   29270
         130    2.6e+05     35850   39954 40008.6    30939    2811    2811   28128
         131    2.6e+05     35850   39954 40132.1    31982    2816    2816   29166
         132    2.6e+05     35850   39954 40106.3    32844    2811    2811   30033
         133    2.6e+05     35850   39954 40045.1    33464    2812    2812   30652
         134    2.6e+05     35850   39954 39990.5    33904    2808    2808   31096
         135    2.6e+05     35850   39954 40077.7    34131    2810    2810   31321
         136    2.6e+05     35850 39946.8 39946.8    34355    2809    2809   31546
         137    2.6e+05     35850 39946.8 40017.2    34211    2812    2812   31399
         138    2.6e+05     35850 39946.8   39968    33950    2808    2808   31142
         139    2.6e+05     35850 39946.8 40024.2    34910    2810    2810   32100
         140    2.6e+05     35850 39897.8 39897.8    35140    2809    2809   32331
         141    2.6e+05     35850 39897.8 39977.3    34978    2808    2808   32170
         142    2.6e+05     35850 39897.8 39955.3    34298    2811    2811   31487
         143    2.6e+05     35850 39897.8 40113.3    32758    2811    2811   29947
         144    2.6e+05     35850 39897.8 39935.4    30735    2812    2812   27923
         145    2.7e+05     35850 39897.8 40043.4    30874    2809    2809   28065
         146    2.7e+05     35850 39897.8 39962.3    31402    2812    2812   28590
         147    2.7e+05     35850 39897.8 40064.6    31331    2813    2813   28518
         148    2.7e+05     35850 39897.8 39941.4    32370    2815    2815   29555
         149    2.7e+05     35850 39897.8 40069.9    32619    2809    2809   29810
         150    2.7e+05     35850 39897.8 39932.3    33702    2812    2812   30890
         151    2.7e+05     35850 39897.8 40064.1    34447    2813    2813   31634
         152    2.7e+05     35850 39897.8   39909    34384    2810    2810   31574
         153    2.7e+05     35850 39897.8 40022.7    34778    2811    2811   31967
         154    2.7e+05     35850 39867.8 39867.8    34565    2808    2808   31757
         155    2.7e+05     35850 39867.8 40120.8    33232    2811    2811   30421
         156    2.7e+05     35850 39861.9 39861.9    33225    2812    2812   30413
         157    2.7e+05     35850 39861.9 40093.6    33650    2809    2809   30841
         158    2.7e+05     35850 39861.9 39939.6    32845    2812    2812   30033
         159    2.7e+05     35850 39861.9 40001.9    33373    2808    2808   30565
         160    2.7e+05     35850 39861.9 39911.6    34121    2812    2812   31309
         161    2.7e+05     35850 39861.9 40015.5    33720    2809    2809   30911
         162    2.7e+05     35850 39861.9 39900.8    33854    2810    2810   31044
         163    2.7e+05     35850 39861.9   40096    33522    2809    2809   30713
         164    2.7e+05     35850 39827.9 39827.9    34143    2811    2811   31332
         165    2.7e+05     35850 39827.9 40054.1    33717    2809    2809   30908
         166    2.7e+05     35850 39827.9 39887.2    32921    2813    2813   30108
         167    2.7e+05     35850 39827.9 40020.7    32782    2813    2813   29969
         168    2.8e+05     35850 39827.9   39895    32640    2810    2810   29830
         169    2.8e+05     35850 39827.9 40082.2    33644    2810    2810   30834
         170    2.8e+05     35850 39796.9 39796.9    32847    2812    2812   30035
         171    2.8e+05     35850 39796.9 40042.9    33879    2812    2812   31067
         172    2.8e+05     35850 39796.9 39847.3    35377    2809    2809   32568
         173    2.8e+05     35850 39796.9   39997    35530    2808    2808   32722
         174    2.8e+05     35850 39782.8 39782.8    34836    2809    2809   32027
         175    2.8e+05     35850 39782.8 40091.6    33724    2808    2808   30916
         176    2.8e+05     35850 39782.8 39852.5    33827    2809    2809   31018
         177    2.8e+05     35850 39782.8 39999.7    35022    2810    2810   32212
         178    2.8e+05     35850 39782.8 39906.7    34623    2808    2808   31815
         179    2.8e+05     35850 39782.8 39985.9    34033    2810    2810   31223
         180    2.8e+05     35850 39782.8 39860.8    34913    2809    2809   32104
         181    2.8e+05     35850 39782.8 39995.6    34488    2809    2809   31679
         182    2.8e+05     35850 39782.8 39853.8    34625    2809    2809   31816
         183    2.8e+05     35850 39782.8 40054.2    34304    2808    2808   31496
         184    2.8e+05     35850 39782.8 39870.8    34347    2808    2808   31539
         185    2.8e+05     35850 39782.8 39996.2    34718    2807    2807   31911
         186    2.8e+05     35850 39782.8 39784.5    34211    2809    2809   31402
         187    2.8e+05     35850 39782.8 39953.9    33472    2808    2808   30664
         188    2.8e+05     35850 39782.8 39838.2    34244    2813    2813   31431
         189    2.8e+05     35850 39782.8 39981.9    34034    2807    2807   31227
         190    2.8e+05     35850 39782.8 39784.7    34640    2810    2810   31830
         191    2.8e+05     35850 39782.8 39993.5    34839    2807    2807   32032
         192    2.8e+05     35850 39782.8 39889.6    35060    2810    2810   32250
         193    2.8e+05     35850 39782.8 39963.7    35097    2809    2809   32288
         194    2.8e+05     35850 39731.4 39731.4    35479    2808    2808   32671
         195    2.8e+05     35850 39731.4 40053.8    35308    2805    2805   32503
    *    196    2.8e+05     35894 39731.4 39757.5    35894    2808    2808   33086
    *    197    2.8e+05     36276 39731.4 40079.1    36276    2807    2807   33469
    *    198    2.8e+05     36349 39731.4 39750.5    36349    2808    2808   33541
    *    199    2.9e+05     36368 39731.4 39950.2    36368    2807    2807   33561
         200    2.9e+05     36368 39731.4 39768.4    35928    2808    2808   33120
         201    2.9e+05     36368 39731.4 40008.4    35618    2809    2809   32809
         202    2.9e+05     36368 39731.4 39756.8    36006    2806    2806   33200
         203    2.9e+05     36368 39731.4 40071.5    35688    2806    2806   32882
         204    2.9e+05     36368 39731.4 39754.2    35634    2808    2808   32826
         205    2.9e+05     36368 39731.4 39994.2    36272    2805    2805   33467
         206    2.9e+05     36368 39731.4 39749.7    35405    2809    2809   32596
         207    2.9e+05     36368 39731.4 40085.7    35288    2807    2807   32481
         208    2.9e+05     36368 39731.4 39742.4    35805    2808    2808   32997
         209    2.9e+05     36368 39731.4 40030.3    35902    2806    2806   33096
    *    210    2.9e+05     36415 39731.4 39755.6    36415    2809    2809   33606
    *    211    2.9e+05     36664 39731.4 39883.3    36664    2805    2805   33859
         212    2.9e+05     36664 39731.4 39769.9    36076    2806    2806   33270
         213    2.9e+05     36664 39731.4 39990.8    36475    2804    2804   33671
         214    2.9e+05     36664 39731.4   39811    36038    2808    2808   33230
         215    2.9e+05     36664 39731.4 39922.1    36094    2805    2805   33289
         216    2.9e+05     36664 39731.4 39771.9    36103    2806    2806   33297
         217    2.9e+05     36664 39731.4 39954.8    36399    2806    2806   33593
         218    2.9e+05     36664 39731.4 39803.3    36261    2809    2809   33452
         219    2.9e+05     36664 39731.4 39944.7    35405    2806    2806   32599
               reducing step to 0.1
         220    2.9e+05     36664 39243.6 39243.6    33903    2809    2809   31094
         221    2.9e+05     36664 39059.6 39059.6    32904    2808    2808   30096
         222    2.9e+05     36664 39059.6   39069    34097    2809    2809   31288
         223    2.9e+05     36664 39018.7 39018.7    35252    2806    2806   32446
         224    2.9e+05     36664 39012.8 39012.8    35043    2805    2805   32238
         225    2.9e+05     36664 38975.8 38975.8    36446    2805    2805   33641
    *    226    2.9e+05     36816 38975.8 39041.2    36816    2805    2805   34011
    *    227    2.9e+05     37005 38975.8   38980    37005    2805    2805   34200
    *    228    2.9e+05     37412 38975.8 39009.3    37412    2804    2804   34608
         229    2.9e+05     37412 38975.8 38979.3    37036    2804    2804   34232
         230    2.9e+05     37412 38975.8 39006.5    37338    2803    2803   34535
    *    231    2.9e+05     37577 38945.8 38945.8    37577    2804    2804   34773
         232    2.9e+05     37577 38945.8 38986.4    36860    2803    2803   34057
    *    233    2.9e+05     37614 38937.3 38937.3    37614    2805    2805   34809
    *    234    2.9e+05     37665 38937.3 39004.3    37665    2804    2804   34861
    *    235    2.9e+05     37983 38937.3 38964.7    37983    2804    2804   35179
         236    2.9e+05     37983 38937.3 39000.4    37557    2802    2802   34755
         237    2.9e+05     37983 38937.3 38940.5    37820    2805    2805   35015
         238    2.9e+05     37983 38937.3   39015    37142    2803    2803   34339
         239    2.9e+05     37983   38937   38937    37398    2805    2805   34593
         240    2.9e+05     37983   38937 38994.8    37392    2804    2804   34588
         241    2.9e+05     37983   38937 38961.9    37837    2804    2804   35033
         242    2.9e+05     37983   38937 38980.6    37890    2802    2802   35088
         243    2.9e+05     37983   38937   38950    37961    2804    2804   35157
         244    2.9e+05     37983   38937 38975.8    37977    2802    2802   35175
         245    2.9e+05     37983   38937 38951.2    37975    2804    2804   35171
         246    2.9e+05     37983   38937 38968.6    37966    2802    2802   35164
         247    2.9e+05     37983   38937 38952.8    37945    2804    2804   35141
    *    248    2.9e+05     38008   38937 38969.9    38008    2803    2803   35205
    *    249    2.9e+05     38055   38937 38948.7    38055    2804    2804   35251
    *    250    2.9e+05     38063   38937 38969.2    38063    2802    2802   35261
         251    2.9e+05     38063   38937 38948.7    38002    2804    2804   35198
         252    2.9e+05     38063   38937 38971.4    38013    2802    2802   35211
         253    2.9e+05     38063   38937 38945.9    38058    2804    2804   35254
         254    2.9e+05     38063   38937 38966.2    38056    2802    2802   35254
         255    2.9e+05     38063   38937 38948.3    38022    2804    2804   35218
         256    2.9e+05     38063   38937 38967.8    37993    2802    2802   35191
         257    2.9e+05     38063   38937 38943.1    37967    2804    2804   35163
         258    2.9e+05     38063   38937 38969.2    37969    2803    2803   35166
         259    2.9e+05     38063   38937 38946.7    38043    2804    2804   35239
         260    2.9e+05     38063   38937   38964    38005    2802    2802   35203
         261    2.9e+05     38063   38937 38946.8    38041    2804    2804   35237
         262    2.9e+05     38063   38937 38969.8    37895    2802    2802   35093
    *    263    2.9e+05     38082   38937 38940.5    38082    2804    2804   35278
         264    2.9e+05     38082   38937 38965.5    38046    2802    2802   35244
               reducing step to 0.05
         265    2.9e+05     38082 38734.9 38734.9    37036    2802    2802   34234
         266    2.9e+05     38082 38658.9 38658.9    37328    2804    2804   34524
         267    2.9e+05     38082 38658.9   38695    37876    2802    2802   35074
         268    2.9e+05     38082 38648.2 38648.2    37737    2803    2803   34934
         269    2.9e+05     38082 38648.2 38674.3    37970    2802    2802   35168
         270    2.9e+05     38082   38641   38641    38052    2803    2803   35249
         271    2.9e+05     38082   38641 38671.3    38022    2802    2802   35220
         272    2.9e+05     38082 38633.7 38633.7    38022    2804    2804   35218
         273    2.9e+05     38082 38633.7 38669.9    38080    2802    2802   35278
    *    274    2.9e+05     38121 38631.6 38631.6    38121    2803    2803   35318
    *    275    2.9e+05     38132 38631.6 38669.6    38132    2802    2802   35330
         276    2.9e+05     38132 38625.3 38625.3    38038    2803    2803   35235
    *    277    2.9e+05     38145 38625.3 38667.3    38145    2802    2802   35343
         278    2.9e+05     38145 38625.3 38626.4    38122    2803    2803   35319
         279    2.9e+05     38145 38625.3 38663.4    38116    2802    2802   35314
         280    2.9e+05     38145 38625.3 38626.5    38096    2803    2803   35293
         281    2.9e+05     38145 38625.3 38661.3    38078    2802    2802   35276
    *    282    2.9e+05     38173 38623.5 38623.5    38173    2803    2803   35370
         283    2.9e+05     38173 38623.5   38662    38123    2802    2802   35321
         284    2.9e+05     38173 38623.5 38624.2    38023    2804    2804   35219
         285    2.9e+05     38173 38623.5 38659.5    38096    2802    2802   35294
         286    2.9e+05     38173 38622.6 38622.6    38165    2803    2803   35362
         287    2.9e+05     38173 38622.6 38659.2    38155    2802    2802   35353
         288    2.9e+05     38173 38620.3 38620.3    38126    2803    2803   35323
    *    289    2.9e+05     38174 38620.3 38657.5    38174    2802    2802   35372
         290    2.9e+05     38174 38619.2 38619.2    38141    2803    2803   35338
         291    2.9e+05     38174 38619.2 38656.7    38156    2802    2802   35354
         292    2.9e+05     38174 38618.7 38618.7    38143    2803    2803   35340
         293    2.9e+05     38174 38618.7 38655.2    38170    2802    2802   35368
         294    2.9e+05     38174 38617.5 38617.5    38161    2803    2803   35358
         295    2.9e+05     38174 38617.5 38647.2    38174    2802    2802   35372
         296    2.9e+05     38174   38617   38617    38169    2803    2803   35366
         297    2.9e+05     38174   38617 38653.2    38160    2802    2802   35358
         298    2.9e+05     38174 38616.8 38616.8    38146    2803    2803   35343
         299    2.9e+05     38174 38616.8 38656.1    38130    2802    2802   35328
         300    2.9e+05     38174 38612.8 38612.8    38169    2803    2803   35366
         301    2.9e+05     38174 38612.8 38655.5    38138    2802    2802   35336
         302    2.9e+05     38174 38612.8 38614.9    38173    2803    2803   35370
    *    303    2.9e+05     38184 38612.8 38654.2    38184    2802    2802   35382
         304    2.9e+05     38184 38612.4 38612.4    38122    2803    2803   35319
         305    2.9e+05     38184 38612.4   38653    38139    2802    2802   35337
         306    2.9e+05     38184 38612.4 38614.1    38141    2803    2803   35338
    *    307    2.9e+05     38201 38612.4 38650.8    38201    2802    2802   35399
         308    2.9e+05     38201 38612.2 38612.2    38160    2803    2803   35357
         309    2.9e+05     38201 38612.2 38653.3    38173    2802    2802   35371
         310    2.9e+05     38201 38612.2 38612.8    38140    2803    2803   35337
         311    2.9e+05     38201 38612.2 38651.3    38172    2802    2802   35370
         312    2.9e+05     38201 38610.7 38610.7    38152    2803    2803   35349
         313    2.9e+05     38201 38610.7 38650.7    38146    2802    2802   35344
         314    2.9e+05     38201 38610.7 38612.6    38176    2803    2803   35373
         315    2.9e+05     38201 38610.7 38651.4    38142    2802    2802   35340
         316    2.9e+05     38201 38610.4 38610.4    38141    2803    2803   35338
         317    2.9e+05     38201 38610.4 38652.5    38170    2802    2802   35368
         318    2.9e+05     38201 38609.1 38609.1    38163    2803    2803   35360
         319    2.9e+05     38201 38609.1 38652.1    38114    2803    2803   35311
         320    2.9e+05     38201 38609.1 38611.4    38074    2803    2803   35271
         321    2.9e+05     38201 38609.1 38650.6    38173    2802    2802   35371
         322    2.9e+05     38201 38609.1   38612    38172    2803    2803   35369
         323    2.9e+05     38201 38609.1 38648.6    38171    2802    2802   35369
         324    2.9e+05     38201 38609.1 38610.7    38151    2803    2803   35348
         325    2.9e+05     38201 38609.1 38651.9    38165    2802    2802   35363
         326    2.9e+05     38201 38608.9 38608.9    38172    2803    2803   35369
         327    2.9e+05     38201 38608.9 38647.6    38134    2802    2802   35332
         328    2.9e+05     38201 38608.9 38611.7    38163    2803    2803   35360
         329    2.9e+05     38201 38608.9 38649.2    38185    2802    2802   35383
         330    2.9e+05     38201 38608.9   38609    38150    2803    2803   35347
         331    2.9e+05     38201 38608.9 38649.1    38111    2802    2802   35309
         332    2.9e+05     38201   38608   38608    38130    2803    2803   35327
         333    2.9e+05     38201   38608   38651    38163    2802    2802   35361
         334    2.9e+05     38201   38608 38609.7    38201    2803    2803   35398
         335    2.9e+05     38201   38608 38646.8    38182    2802    2802   35380
         336    2.9e+05     38201   38608 38608.9    38187    2803    2803   35384
         337    2.9e+05     38201   38608 38651.9    38176    2802    2802   35374
         338    2.9e+05     38201 38607.1 38607.1    37668    2803    2803   34865
         339    2.9e+05     38201 38607.1 38646.3    38159    2802    2802   35357
         340    2.9e+05     38201 38607.1 38608.6    38164    2803    2803   35361
         341    2.9e+05     38201 38607.1 38647.5    38191    2802    2802   35389
         342    2.9e+05     38201 38607.1 38607.5    38190    2803    2803   35387
         343    2.9e+05     38201 38607.1 38648.9    38191    2802    2802   35389
         344    2.9e+05     38201 38605.6 38605.6    38195    2803    2803   35392
         345    2.9e+05     38201 38605.6 38647.7    38192    2802    2802   35390
         346    2.9e+05     38201 38604.8 38604.8    38195    2803    2803   35392
         347    2.9e+05     38201 38604.8 38644.6    38150    2802    2802   35348
         348    2.9e+05     38201 38604.8 38607.2    38189    2803    2803   35386
         349    2.9e+05     38201 38604.8 38646.4    38142    2802    2802   35340
         350    2.9e+05     38201 38604.8 38606.2    38178    2803    2803   35375
         351    2.9e+05     38201 38604.8 38645.9    38163    2802    2802   35361
         352    2.9e+05     38201 38604.8 38606.5    38168    2803    2803   35365
         353    2.9e+05     38201 38604.8 38644.8    38194    2802    2802   35392
         354    2.9e+05     38201 38604.2 38604.2    38168    2803    2803   35365
    *    355    2.9e+05     38202 38604.2   38645    38202    2802    2802   35400
         356    2.9e+05     38202 38604.2 38604.8    38186    2803    2803   35383
         357    2.9e+05     38202 38604.2 38644.1    38163    2802    2802   35361
         358    2.9e+05     38202 38604.2 38605.4    38151    2803    2803   35348
         359    2.9e+05     38202 38604.2 38645.5    38159    2802    2802   35357
         360    2.9e+05     38202 38603.3 38603.3    38168    2803    2803   35365
         361    2.9e+05     38202 38603.3 38645.3    38172    2802    2802   35370
         362    2.9e+05     38202 38603.3 38606.6    38165    2803    2803   35362
         363    2.9e+05     38202 38603.3 38644.5    38141    2802    2802   35339
         364    2.9e+05     38202 38603.3 38604.8    38186    2803    2803   35383
         365    2.9e+05     38202 38603.3 38644.7    38156    2802    2802   35354
         366    2.9e+05     38202 38602.5 38602.5    38174    2803    2803   35371
         367    2.9e+05     38202 38602.5 38642.7    38193    2802    2802   35391
    *    368    2.9e+05     38205 38602.3 38602.3    38205    2803    2803   35402
         369    2.9e+05     38205 38602.3 38646.1    38188    2802    2802   35386
         370    2.9e+05     38205 38602.3 38603.5    38201    2803    2803   35398
         371    2.9e+05     38205 38602.3   38644    38204    2802    2802   35402
         372    2.9e+05     38205 38601.7 38601.7    38150    2803    2803   35347
         373    2.9e+05     38205 38601.7 38644.3    38177    2802    2802   35375
         374    2.9e+05     38205 38601.7 38601.8    38168    2803    2803   35365
         375    2.9e+05     38205 38601.7 38642.8    38177    2802    2802   35375
         376    2.9e+05     38205 38600.3 38600.3    38063    2803    2803   35260
         377    2.9e+05     38205 38600.3 38644.9    38173    2802    2802   35371
         378    2.9e+05     38205 38600.3 38601.6    38178    2803    2803   35375
         379    2.9e+05     38205 38600.3 38643.4    38197    2802    2802   35395
         380    2.9e+05     38205 38599.5 38599.5    38136    2803    2803   35333
         381    2.9e+05     38205 38599.5 38641.9    38179    2802    2802   35377
         382    2.9e+05     38205 38599.5 38601.4    38185    2803    2803   35382
         383    2.9e+05     38205 38599.5 38641.4    38176    2802    2802   35374
         384    2.9e+05     38205 38599.5 38602.7    38175    2803    2803   35372
         385    2.9e+05     38205 38599.5 38638.7    38194    2802    2802   35392
         386    2.9e+05     38205 38599.5 38601.4    38179    2803    2803   35376
         387    2.9e+05     38205 38599.5 38640.5    38184    2802    2802   35382
         388    2.9e+05     38205 38599.5 38603.2    38191    2803    2803   35388
         389    2.9e+05     38205 38599.5   38640    38188    2802    2802   35386
         390    2.9e+05     38205 38599.5 38600.9    38183    2803    2803   35380
         391    2.9e+05     38205 38599.5 38641.4    38173    2802    2802   35371
         392    2.9e+05     38205 38599.5 38600.4    38168    2803    2803   35365
         393    2.9e+05     38205 38599.5 38641.3    38176    2802    2802   35374
         394    2.9e+05     38205 38599.5 38600.9    38150    2803    2803   35347
         395    2.9e+05     38205 38599.5 38638.9    38190    2803    2803   35387
         396    2.9e+05     38205 38599.5 38599.9    37883    2803    2803   35080
         397    2.9e+05     38205 38599.5 38645.9    38153    2802    2802   35351
         398    2.9e+05     38205 38599.5 38603.2    38176    2803    2803   35373
         399    2.9e+05     38205 38599.5 38640.9    38155    2803    2803   35352
         400    2.9e+05     38205 38598.2 38598.2    38181    2803    2803   35378
         401    2.9e+05     38205 38598.2 38640.6    38167    2802    2802   35365
         402    2.9e+05     38205 38598.2 38601.6    38194    2803    2803   35391
         403    2.9e+05     38205 38598.2 38640.6    38174    2802    2802   35372
         404    2.9e+05     38205 38598.2   38601    38135    2803    2803   35332
         405    2.9e+05     38205 38598.2 38637.5    38178    2802    2802   35376
         406    2.9e+05     38205 38598.2 38600.2    38175    2803    2803   35372
         407    2.9e+05     38205 38598.2 38637.6    38194    2802    2802   35392
         408    2.9e+05     38205 38598.2 38600.2    38168    2803    2803   35365
         409    2.9e+05     38205 38598.2 38639.2    38023    2802    2802   35221
         410    2.9e+05     38205 38598.2 38603.2    38104    2804    2804   35300
         411    2.9e+05     38205 38598.2 38636.3    38051    2802    2802   35249
         412    2.9e+05     38205 38598.2 38600.7    38138    2803    2803   35335
         413    2.9e+05     38205 38598.2 38638.6    38131    2802    2802   35329
         414    2.9e+05     38205 38598.2 38600.3    38097    2802    2802   35295
         415    2.9e+05     38205 38598.2 38639.6    38159    2802    2802   35357
         416    2.9e+05     38205 38597.5 38597.5    38166    2803    2803   35363
         417    2.9e+05     38205 38597.5 38640.4    38164    2802    2802   35362
         418    2.9e+05     38205 38597.5 38598.7    38186    2803    2803   35383
         419    2.9e+05     38205 38597.5   38641    38157    2802    2802   35355
         420    2.9e+05     38205 38597.5 38598.5    38183    2803    2803   35380
         421    2.9e+05     38205 38597.5 38641.1    38192    2802    2802   35390
         422    2.9e+05     38205 38596.7 38596.7    38176    2803    2803   35373
         423    2.9e+05     38205 38596.7 38640.9    38176    2802    2802   35374
         424    2.9e+05     38205 38596.7 38597.5    38180    2803    2803   35377
         425    2.9e+05     38205 38596.7 38639.7    38176    2802    2802   35374
         426    2.9e+05     38205 38596.7 38598.6    38153    2803    2803   35350
         427    2.9e+05     38205 38596.7 38640.2    38191    2802    2802   35389
         428    2.9e+05     38205 38596.7 38599.3    38188    2803    2803   35385
         429    2.9e+05     38205 38596.7 38639.1    38177    2802    2802   35375
         430    2.9e+05     38205 38596.7 38601.1    38195    2803    2803   35392
         431    2.9e+05     38205 38596.7   38641    38184    2802    2802   35382
         432    2.9e+05     38205 38594.9 38594.9    38165    2803    2803   35362
         433    2.9e+05     38205 38594.9 38640.2    38184    2802    2802   35382
         434    2.9e+05     38205 38594.9 38598.3    38191    2803    2803   35388
         435    2.9e+05     38205 38594.9   38640    38132    2802    2802   35330
         436    2.9e+05     38205 38594.9 38596.4    38033    2803    2803   35230
         437    2.9e+05     38205 38594.9 38640.2    38129    2802    2802   35327
         438    2.9e+05     38205 38594.9 38596.1    38171    2803    2803   35368
         439    2.9e+05     38205 38594.9 38639.2    38170    2802    2802   35368
         440    2.9e+05     38205 38594.9 38597.9    38203    2803    2803   35400
         441    2.9e+05     38205 38594.9 38638.4    38170    2802    2802   35368
         442    2.9e+05     38205 38594.9 38596.9    38204    2803    2803   35401
         443    2.9e+05     38205 38594.9 38638.1    38167    2802    2802   35365
         444    2.9e+05     38205 38594.9   38596    38188    2803    2803   35385
         445    2.9e+05     38205 38594.9 38638.2    38191    2802    2802   35389
         446    2.9e+05     38205 38594.9 38597.4    38195    2803    2803   35392
         447    2.9e+05     38205 38594.9 38637.7    38176    2802    2802   35374
         448    2.9e+05     38205 38594.9 38595.3    38203    2803    2803   35400
         449    2.9e+05     38205 38594.9 38638.8    38200    2802    2802   35398
         450    2.9e+05     38205 38594.9 38595.3    38140    2803    2803   35337
         451    2.9e+05     38205 38594.9   38638    38195    2802    2802   35393
    *    452    2.9e+05     38206 38594.9 38597.2    38206    2803    2803   35403
         453    2.9e+05     38206 38594.9 38636.5    38135    2802    2802   35333
         454    2.9e+05     38206 38593.3 38593.3    38201    2803    2803   35398
         455    2.9e+05     38206 38593.3 38638.1    38206    2802    2802   35404
    *    456    2.9e+05     38212 38593.3 38595.4    38212    2803    2803   35409
         457    2.9e+05     38212 38593.3 38637.2    38184    2802    2802   35382
         458    2.9e+05     38212 38593.3 38596.6    38114    2804    2804   35310
         459    2.9e+05     38212 38593.3 38636.8    38129    2802    2802   35327
         460    2.9e+05     38212 38593.3 38595.6    38163    2804    2804   35359
         461    2.9e+05     38212 38593.3 38637.7    38175    2802    2802   35373
         462    2.9e+05     38212 38593.3 38594.7    38193    2803    2803   35390
         463    2.9e+05     38212 38593.3 38635.8    38188    2802    2802   35386
         464    2.9e+05     38212 38593.3 38597.2    38158    2803    2803   35355
         465    2.9e+05     38212 38593.3 38637.1    38189    2802    2802   35387
         466    2.9e+05     38212 38593.3 38595.8    38184    2803    2803   35381
         467    2.9e+05     38212 38593.3 38635.4    38173    2802    2802   35371
         468    2.9e+05     38212 38593.3 38594.1    38191    2803    2803   35388
         469    2.9e+05     38212 38593.3 38637.2    38177    2802    2802   35375
         470    2.9e+05     38212 38593.3 38597.7    38177    2803    2803   35374
         471    2.9e+05     38212 38593.3 38635.7    38157    2802    2802   35355
         472    2.9e+05     38212 38593.3 38594.3    38170    2803    2803   35367
         473    2.9e+05     38212 38593.3 38641.8    38178    2802    2802   35376
         474    2.9e+05     38212 38593.3 38595.4    38179    2803    2803   35376
         475    2.9e+05     38212 38593.3 38634.5    38161    2802    2802   35359
         476    2.9e+05     38212 38593.3 38594.7    38081    2803    2803   35278
         477    2.9e+05     38212 38593.3 38637.1    38080    2802    2802   35278
         478    2.9e+05     38212 38592.8 38592.8    38177    2803    2803   35374
         479    2.9e+05     38212 38592.8 38638.1    38185    2802    2802   35383
         480    2.9e+05     38212 38592.8 38594.9    38185    2803    2803   35382
         481    2.9e+05     38212 38592.8 38636.3    38179    2802    2802   35377
         482    2.9e+05     38212 38592.8 38593.6    38185    2803    2803   35382
         483    2.9e+05     38212 38592.8   38638    38189    2802    2802   35387
         484    2.9e+05     38212 38592.6 38592.6    38163    2803    2803   35360
         485    2.9e+05     38212 38592.6   38638    38181    2802    2802   35379
         486    2.9e+05     38212 38592.6 38593.8    38166    2803    2803   35363
         487    2.9e+05     38212 38592.6 38635.6    38180    2802    2802   35378
         488    2.9e+05     38212 38592.6 38594.9    38095    2804    2804   35291
         489    2.9e+05     38212 38592.6   38635    38173    2802    2802   35371
         490    2.9e+05     38212 38592.6 38594.8    38185    2803    2803   35382
         491    2.9e+05     38212 38592.6 38636.4    38164    2802    2802   35362
         492    2.9e+05     38212 38592.6   38593    38161    2803    2803   35358
         493    2.9e+05     38212 38592.6 38636.9    37939    2802    2802   35137
         494    2.9e+05     38212 38592.6 38593.7    38165    2803    2803   35362
         495    2.9e+05     38212 38592.6 38636.8    38071    2802    2802   35269
         496    2.9e+05     38212 38592.6 38595.4    38168    2803    2803   35365
         497    2.9e+05     38212 38592.6 38636.2    38160    2802    2802   35358
         498    2.9e+05     38212 38592.6 38594.8    38200    2803    2803   35397
         499    2.9e+05     38212 38592.6 38637.1    38190    2802    2802   35388
         500    2.9e+05     38212 38592.6 38593.5    38197    2803    2803   35394
         501    2.9e+05     38212 38592.6 38636.5    38077    2802    2802   35275
         502    2.9e+05     38212 38592.5 38592.5    38191    2803    2803   35388
         503    2.9e+05     38212 38592.5 38635.6    38191    2802    2802   35389
         504    2.9e+05     38212 38592.5 38597.1    38175    2803    2803   35372
         505    2.9e+05     38212 38592.5 38633.7    38130    2802    2802   35328
         506    2.9e+05     38212 38592.5 38594.4    38167    2803    2803   35364
         507    2.9e+05     38212 38592.5 38636.4    38197    2802    2802   35395
         508    2.9e+05     38212 38592.5 38593.9    38192    2803    2803   35389
         509    2.9e+05     38212 38592.5 38636.7    38179    2802    2802   35377
         510    2.9e+05     38212 38592.5 38593.9    38141    2803    2803   35338
         511    2.9e+05     38212 38592.5 38634.2    38192    2802    2802   35390
         512    2.9e+05     38212 38592.5 38596.8    38155    2803    2803   35352
         513    2.9e+05     38212 38592.5 38634.9    38116    2802    2802   35314
         514    2.9e+05     38212 38592.2 38592.2    38188    2803    2803   35385
         515    2.9e+05     38212 38592.2 38636.9    38160    2802    2802   35358
         516    2.9e+05     38212 38592.2 38593.6    38192    2803    2803   35389
         517    2.9e+05     38212 38592.2 38635.2    38193    2802    2802   35391
         518    2.9e+05     38212 38592.2 38593.4    38191    2803    2803   35388
         519    2.9e+05     38212 38592.2 38637.5    38172    2802    2802   35370
         520    2.9e+05     38212 38591.4 38591.4    38186    2803    2803   35383
         521    2.9e+05     38212 38591.4 38636.9    38190    2802    2802   35388
         522    2.9e+05     38212 38591.4 38592.3    38168    2803    2803   35365
         523    2.9e+05     38212 38591.4 38637.7    38198    2802    2802   35396
         524    2.9e+05     38212   38590   38590    38189    2803    2803   35386
         525    2.9e+05     38212   38590 38636.6    38174    2802    2802   35372
         526    2.9e+05     38212   38590 38590.6    38168    2803    2803   35365
         527    2.9e+05     38212   38590 38636.1    38182    2802    2802   35380
         528    2.9e+05     38212   38590 38592.5    38186    2803    2803   35383
         529    2.9e+05     38212   38590 38635.5    38183    2802    2802   35381
         530    2.9e+05     38212   38590 38591.4    38181    2803    2803   35378
         531    2.9e+05     38212   38590 38637.4    38178    2802    2802   35376
         532    2.9e+05     38212   38590 38590.2    38175    2803    2803   35372
         533    2.9e+05     38212   38590 38637.3    38188    2802    2802   35386
         534    2.9e+05     38212 38589.8 38589.8    38173    2803    2803   35370
         535    2.9e+05     38212 38589.8 38636.3    38192    2802    2802   35390
         536    2.9e+05     38212 38589.8   38590    38177    2803    2803   35374
         537    2.9e+05     38212 38589.8 38636.6    38181    2802    2802   35379
         538    2.9e+05     38212   38589   38589    38172    2803    2803   35369
         539    2.9e+05     38212   38589 38639.6    38151    2802    2802   35349
         540    2.9e+05     38212   38589 38589.3    38194    2803    2803   35391
         541    2.9e+05     38212   38589 38636.1    38192    2802    2802   35390
         542    2.9e+05     38212 38588.9 38588.9    38173    2803    2803   35370
         543    2.9e+05     38212 38588.9 38636.7    38191    2802    2802   35389
         544    2.9e+05     38212 38588.9   38589    38131    2803    2803   35328
         545    2.9e+05     38212 38588.9 38638.4    38166    2802    2802   35364
         546    2.9e+05     38212 38588.3 38588.3    38176    2803    2803   35373
         547    2.9e+05     38212 38588.3 38636.8    38198    2802    2802   35396
         548    2.9e+05     38212 38588.3 38589.7    38179    2803    2803   35376
         549    2.9e+05     38212 38588.3 38637.6    38178    2802    2802   35376
         550    2.9e+05     38212 38588.3 38589.1    38185    2803    2803   35382
         551    2.9e+05     38212 38588.3 38637.6    38195    2802    2802   35393
         552    2.9e+05     38212 38585.9 38585.9    38170    2803    2803   35367
         553    2.9e+05     38212 38585.9 38639.3    38192    2802    2802   35390
         554    2.9e+05     38212 38585.9 38588.5    38189    2803    2803   35386
         555    2.9e+05     38212 38585.9 38637.1    38192    2802    2802   35390
         556    2.9e+05     38212 38585.3 38585.3    38172    2803    2803   35369
         557    2.9e+05     38212 38585.3 38637.9    38183    2802    2802   35381
         558    2.9e+05     38212 38585.3 38587.6    38186    2803    2803   35383
         559    2.9e+05     38212 38585.3   38639    38185    2802    2802   35383
         560    2.9e+05     38212 38585.3 38587.3    38173    2803    2803   35370
         561    2.9e+05     38212 38585.3 38636.9    38191    2802    2802   35389
         562    2.9e+05     38212 38585.3 38587.1    38173    2803    2803   35370
         563    2.9e+05     38212 38585.3 38636.8    38168    2802    2802   35366
         564    2.9e+05     38212 38585.3 38586.2    38158    2803    2803   35355
         565    2.9e+05     38212 38585.3   38638    38175    2802    2802   35373
         566    2.9e+05     38212 38585.3 38588.1    38164    2803    2803   35361
         567    2.9e+05     38212 38585.3 38636.7    38199    2802    2802   35397
         568    2.9e+05     38212 38585.3 38588.3    38203    2803    2803   35400
         569    2.9e+05     38212 38585.3 38634.4    38195    2802    2802   35393
         570    2.9e+05     38212 38585.3 38585.5    38192    2803    2803   35389
         571    2.9e+05     38212 38585.3 38636.4    38177    2802    2802   35375
         572    2.9e+05     38212 38585.3 38585.3    38167    2803    2803   35364
         573    2.9e+05     38212 38585.3 38636.6    38159    2803    2803   35356
         574    2.9e+05     38212 38585.3   38586    38148    2803    2803   35345
         575    2.9e+05     38212 38585.3   38636    38209    2802    2802   35407
         576    2.9e+05     38212 38585.3 38585.8    38173    2803    2803   35370
         577    2.9e+05     38212 38585.3 38635.6    38194    2802    2802   35392
         578    2.9e+05     38212 38585.3 38586.6    38182    2803    2803   35379
         579    2.9e+05     38212 38585.3 38636.9    38183    2802    2802   35381
         580    2.9e+05     38212 38584.9 38584.9    38189    2803    2803   35386
         581    2.9e+05     38212 38584.9 38636.7    38203    2802    2802   35401
         582    2.9e+05     38212 38584.9   38585    38187    2803    2803   35384
    *    583    2.9e+05     38215 38584.9 38636.8    38215    2802    2802   35413
         584    2.9e+05     38215 38584.9 38585.1    38194    2803    2803   35391
         585    2.9e+05     38215 38584.9 38636.3    38195    2802    2802   35393
         586    2.9e+05     38215 38584.9 38586.5    38174    2803    2803   35371
         587    2.9e+05     38215 38584.9 38635.4    38198    2802    2802   35396
         588    2.9e+05     38215 38584.9 38586.5    38182    2803    2803   35379
         589    2.9e+05     38215 38584.9 38634.9    38208    2802    2802   35406
         590    2.9e+05     38215 38584.9 38586.8    38170    2803    2803   35367
         591    2.9e+05     38215 38584.9 38634.3    38191    2802    2802   35389
         592    2.9e+05     38215 38584.9 38585.9    38178    2803    2803   35375
         593    2.9e+05     38215 38584.9 38636.7    38190    2802    2802   35388
         594    2.9e+05     38215 38584.9 38586.7    38176    2803    2803   35373
         595    2.9e+05     38215 38584.9 38637.3    38165    2802    2802   35363
         596    2.9e+05     38215 38584.9 38588.8    38176    2803    2803   35373
         597    2.9e+05     38215 38584.9 38636.6    38143    2802    2802   35341
         598    2.9e+05     38215 38584.9 38586.5    38187    2803    2803   35384
         599    2.9e+05     38215 38584.9 38634.9    38206    2802    2802   35404
         600    2.9e+05     38215 38584.9 38586.9    38179    2803    2803   35376
         601    2.9e+05     38215 38584.9   38634    38208    2802    2802   35406
         602    2.9e+05     38215 38584.9 38585.9    38185    2803    2803   35382
         603    2.9e+05     38215 38584.9 38637.5    38205    2802    2802   35403
         604    2.9e+05     38215 38584.9 38585.6    38165    2803    2803   35362
         605    2.9e+05     38215 38584.9 38635.3    38186    2802    2802   35384
               reducing step to 0.025
         606    2.9e+05     38215 38523.5 38523.5    37413    2803    2803   34610
         607    2.9e+05     38215 38490.8 38490.8    37979    2803    2803   35176
         608    2.9e+05     38215 38490.8 38496.9    38008    2802    2802   35206
         609    2.9e+05     38215 38486.6 38486.6    38050    2803    2803   35247
         610    2.9e+05     38215 38486.6 38493.3    38092    2803    2803   35289
         611    2.9e+05     38215 38481.4 38481.4    38131    2803    2803   35328
         612    2.9e+05     38215 38481.4 38489.3    38135    2802    2802   35333
         613    2.9e+05     38215 38479.2 38479.2    38137    2803    2803   35334
         614    2.9e+05     38215 38479.2 38487.2    38171    2802    2802   35369
         615    2.9e+05     38215 38479.2 38480.3    38160    2803    2803   35357
         616    2.9e+05     38215 38479.2 38483.8    38143    2802    2802   35341
         617    2.9e+05     38215   38477   38477    38193    2803    2803   35390
         618    2.9e+05     38215   38477 38484.1    38147    2802    2802   35345
         619    2.9e+05     38215   38477 38479.3    38190    2803    2803   35387
         620    2.9e+05     38215   38477 38483.8    38141    2802    2802   35339
         621    2.9e+05     38215   38476   38476    38129    2803    2803   35326
         622    2.9e+05     38215   38476 38481.1    38178    2802    2802   35376
         623    2.9e+05     38215   38476 38476.3    38009    2804    2804   35205
         624    2.9e+05     38215   38476 38480.2    38195    2802    2802   35393
         625    2.9e+05     38215 38475.4 38475.4    38116    2804    2804   35312
         626    2.9e+05     38215 38475.4 38479.9    38163    2802    2802   35361
         627    2.9e+05     38215 38474.4 38474.4    38204    2803    2803   35401
    *    628    2.9e+05     38222 38474.4 38478.9    38222    2802    2802   35420
         629    2.9e+05     38222 38474.4   38475    38171    2803    2803   35368
         630    2.9e+05     38222 38474.4 38478.6    38213    2802    2802   35411
         631    2.9e+05     38222 38474.4 38474.6    38219    2803    2803   35416
         632    2.9e+05     38222 38474.4 38479.2    38206    2802    2802   35404
    *    633    2.9e+05     38227 38474.4 38474.6    38227    2803    2803   35424
         634    2.9e+05     38227 38474.4 38478.8    38223    2802    2802   35421
         635    2.9e+05     38227 38474.3 38474.3    38220    2803    2803   35417
         636    2.9e+05     38227 38474.3 38478.1    38207    2802    2802   35405
         637    2.9e+05     38227   38474   38474    38216    2803    2803   35413
         638    2.9e+05     38227   38474 38478.1    38196    2802    2802   35394
         639    2.9e+05     38227   38474 38475.6    38227    2803    2803   35424
         640    2.9e+05     38227   38474 38478.9    38216    2802    2802   35414
         641    2.9e+05     38227   38474 38474.2    38218    2803    2803   35415
         642    2.9e+05     38227   38474 38479.2    38218    2802    2802   35416
         643    2.9e+05     38227 38473.7 38473.7    38201    2803    2803   35398
         644    2.9e+05     38227 38473.7 38479.9    38216    2802    2802   35414
         645    2.9e+05     38227 38473.7 38473.8    38207    2803    2803   35404
         646    2.9e+05     38227 38473.7 38478.1    38227    2802    2802   35425
         647    2.9e+05     38227 38473.7 38474.7    38221    2803    2803   35418
         648    2.9e+05     38227 38473.7 38477.2    38222    2802    2802   35420
         649    2.9e+05     38227 38473.7 38473.7    38210    2803    2803   35407
    *    650    2.9e+05     38230 38473.7 38477.4    38230    2802    2802   35428
         651    2.9e+05     38230 38473.7 38474.3    38225    2803    2803   35422
         652    2.9e+05     38230 38473.7 38475.9    38216    2802    2802   35414
    *    653    2.9e+05     38235 38473.7 38474.8    38235    2803    2803   35432
    *    654    2.9e+05     38243 38473.7 38474.4    38243    2802    2802   35441
         655    2.9e+05     38243 38473.7 38475.6    38232    2803    2803   35429
         656    2.9e+05     38243 38473.7 38475.1    38223    2802    2802   35421
         657    2.9e+05     38243 38473.7 38475.5    38229    2803    2803   35426
         658    2.9e+05     38243 38473.7 38475.3    38209    2802    2802   35407
         659    2.9e+05     38243 38473.7 38473.8    38210    2803    2803   35407
         660    2.9e+05     38243 38473.7 38475.9    38222    2802    2802   35420
         661    2.9e+05     38243 38473.7 38474.9    38234    2803    2803   35431
         662    2.9e+05     38243 38473.7   38475    38224    2802    2802   35422
         663    2.9e+05     38243 38473.7   38475    38223    2803    2803   35420
         664    2.9e+05     38243 38473.7 38475.5    38226    2802    2802   35424
         665    2.9e+05     38243 38473.7 38475.2    38232    2803    2803   35429
         666    2.9e+05     38243 38473.7 38475.1    38200    2802    2802   35398
         667    2.9e+05     38243 38473.7 38474.9    38224    2803    2803   35421
         668    2.9e+05     38243 38473.7 38475.2    38205    2802    2802   35403
         669    2.9e+05     38243 38473.7 38474.6    38231    2803    2803   35428
         670    2.9e+05     38243 38473.7 38475.3    38221    2802    2802   35419
         671    2.9e+05     38243 38473.7 38474.5    38228    2803    2803   35425
         672    2.9e+05     38243 38473.7 38474.9    38208    2802    2802   35406
         673    2.9e+05     38243 38473.7   38476    38226    2803    2803   35423
         674    2.9e+05     38243 38473.7 38474.7    38217    2802    2802   35415
               reducing step to 0.0125
         675    2.9e+05     38243 38438.6 38438.6    38070    2801    2801   35269
         676    2.9e+05     38243 38426.4 38426.4    38194    2803    2803   35391
         677    2.9e+05     38243 38426.4 38433.5    38112    2802    2802   35310
         678    2.9e+05     38243 38419.5 38419.5    38139    2803    2803   35336
         679    2.9e+05     38243 38419.5 38429.5    38173    2802    2802   35371
         680    2.9e+05     38243 38419.5 38419.6    38150    2803    2803   35347
         681    2.9e+05     38243 38419.5 38426.6    38173    2802    2802   35371
         682    2.9e+05     38243 38419.3 38419.3    38176    2803    2803   35373
         683    2.9e+05     38243 38419.3 38425.7    38172    2802    2802   35370
         684    2.9e+05     38243 38417.4 38417.4    38182    2803    2803   35379
         685    2.9e+05     38243 38417.4 38425.9    38204    2802    2802   35402
         686    2.9e+05     38243 38416.6 38416.6    38225    2803    2803   35422
         687    2.9e+05     38243 38416.6 38422.6    38218    2802    2802   35416
         688    2.9e+05     38243 38416.5 38416.5    38162    2803    2803   35359
         689    2.9e+05     38243 38416.5 38422.8    38229    2802    2802   35427
         690    2.9e+05     38243 38415.7 38415.7    38219    2803    2803   35416
         691    2.9e+05     38243 38415.7 38422.8    38228    2802    2802   35426
         692    2.9e+05     38243 38415.5 38415.5    38224    2803    2803   35421
         693    2.9e+05     38243 38415.5 38421.8    38241    2802    2802   35439
         694    2.9e+05     38243 38414.8 38414.8    38221    2803    2803   35418
    *    695    2.9e+05     38254 38414.8 38421.7    38254    2802    2802   35452
         696    2.9e+05     38254 38414.6 38414.6    38236    2803    2803   35433
         697    2.9e+05     38254 38414.6 38421.8    38247    2802    2802   35445
         698    2.9e+05     38254 38414.6 38414.8    38230    2803    2803   35427
         699    2.9e+05     38254 38414.6 38420.7    38222    2802    2802   35420
    *    700    2.9e+05     38258 38413.9 38413.9    38258    2803    2803   35455
         701    2.9e+05     38258 38413.9 38421.6    38222    2802    2802   35420
         702    2.9e+05     38258 38413.8 38413.8    38237    2803    2803   35434
         703    2.9e+05     38258 38413.8 38421.5    38234    2802    2802   35432
         704    2.9e+05     38258 38413.7 38413.7    38228    2803    2803   35425
         705    2.9e+05     38258 38413.7 38420.7    38242    2802    2802   35440
         706    2.9e+05     38258 38413.6 38413.6    38249    2803    2803   35446
         707    2.9e+05     38258 38413.6 38419.7    38227    2802    2802   35425
         708    2.9e+05     38258 38413.6 38414.2    38250    2803    2803   35447
         709    2.9e+05     38258 38413.6   38420    38257    2802    2802   35455
         710    2.9e+05     38258 38413.3 38413.3    38229    2803    2803   35426
         711    2.9e+05     38258 38413.3 38418.6    38213    2802    2802   35411
         712    2.9e+05     38258 38413.3 38414.6    38241    2803    2803   35438
         713    2.9e+05     38258 38413.3 38419.1    38232    2802    2802   35430
         714    2.9e+05     38258 38413.2 38413.2    38212    2803    2803   35409
         715    2.9e+05     38258 38413.2 38419.7    38223    2802    2802   35421
         716    2.9e+05     38258 38413.2 38413.7    38239    2803    2803   35436
         717    2.9e+05     38258 38413.2 38419.9    38248    2802    2802   35446
         718    2.9e+05     38258 38413.2 38413.7    38237    2803    2803   35434
         719    2.9e+05     38258 38413.2 38418.9    38227    2802    2802   35425
         720    2.9e+05     38258 38413.2 38413.9    38235    2803    2803   35432
         721    2.9e+05     38258 38413.2 38419.2    38224    2802    2802   35422
         722    2.9e+05     38258 38413.2 38413.7    38229    2803    2803   35426
         723    2.9e+05     38258 38413.2 38418.7    38209    2802    2802   35407
         724    2.9e+05     38258 38413.2   38415    38226    2803    2803   35423
         725    2.9e+05     38258 38413.2 38418.6    38244    2802    2802   35442
         726    2.9e+05     38258 38413.2 38414.2    38234    2803    2803   35431
         727    2.9e+05     38258 38413.2 38418.4    38236    2802    2802   35434
         728    2.9e+05     38258 38412.8 38412.8    38233    2803    2803   35430
         729    2.9e+05     38258 38412.8 38419.5    38242    2802    2802   35440
         730    2.9e+05     38258 38412.8 38413.3    38251    2803    2803   35448
         731    2.9e+05     38258 38412.8 38418.6    38233    2802    2802   35431
         732    2.9e+05     38258 38412.8 38413.4    38238    2803    2803   35435
         733    2.9e+05     38258 38412.8 38418.5    38236    2802    2802   35434
         734    2.9e+05     38258 38412.8 38412.8    38251    2803    2803   35448
         735    2.9e+05     38258 38412.8 38419.2    38231    2802    2802   35429
         736    2.9e+05     38258 38412.8   38413    38250    2803    2803   35447
         737    2.9e+05     38258 38412.8 38418.9    38226    2802    2802   35424
         738    2.9e+05     38258 38412.5 38412.5    38247    2803    2803   35444
         739    2.9e+05     38258 38412.5   38418    38251    2802    2802   35449
         740    2.9e+05     38258 38412.5 38412.5    38254    2803    2803   35451
         741    2.9e+05     38258 38412.5 38419.2    38249    2802    2802   35447
         742    2.9e+05     38258 38412.4 38412.4    38236    2803    2803   35433
         743    2.9e+05     38258 38412.4 38418.2    38234    2802    2802   35432
         744    2.9e+05     38258 38412.4 38412.5    38252    2803    2803   35449
         745    2.9e+05     38258 38412.4 38418.6    38242    2802    2802   35440
         746    2.9e+05     38258 38412.4 38412.9    38252    2803    2803   35449
         747    2.9e+05     38258 38412.4 38418.1    38252    2802    2802   35450
         748    2.9e+05     38258 38412.4 38412.4    38233    2803    2803   35430
         749    2.9e+05     38258 38412.4 38418.1    38231    2802    2802   35429
         750    2.9e+05     38258 38412.4 38412.6    38253    2803    2803   35450
         751    2.9e+05     38258 38412.4 38418.3    38238    2802    2802   35436
         752    2.9e+05     38258 38411.6 38411.6    38237    2803    2803   35434
         753    2.9e+05     38258 38411.6 38417.4    38239    2802    2802   35437
         754    2.9e+05     38258 38411.6 38413.6    38232    2803    2803   35429
         755    2.9e+05     38258 38411.6 38417.5    38234    2802    2802   35432
         756    2.9e+05     38258 38411.6 38413.3    38232    2803    2803   35429
         757    2.9e+05     38258 38411.6 38417.3    38233    2802    2802   35431
         758    2.9e+05     38258 38411.6 38412.7    38225    2803    2803   35422
         759    2.9e+05     38258 38411.6 38418.2    38234    2802    2802   35432
         760    2.9e+05     38258 38411.5 38411.5    38247    2803    2803   35444
         761    2.9e+05     38258 38411.5 38418.9    38236    2802    2802   35434
         762    2.9e+05     38258 38411.5 38411.8    38245    2803    2803   35442
         763    2.9e+05     38258 38411.5 38418.2    38244    2802    2802   35442
         764    2.9e+05     38258 38411.5 38411.6    38238    2803    2803   35435
         765    2.9e+05     38258 38411.5 38418.3    38244    2802    2802   35442
         766    2.9e+05     38258 38411.5 38411.9    38229    2803    2803   35426
         767    2.9e+05     38258 38411.5 38417.7    38235    2802    2802   35433
         768    2.9e+05     38258 38411.3 38411.3    38249    2803    2803   35446
         769    2.9e+05     38258 38411.3 38418.5    38241    2802    2802   35439
         770    2.9e+05     38258 38410.7 38410.7    38236    2803    2803   35433
         771    2.9e+05     38258 38410.7 38418.6    38228    2802    2802   35426
         772    2.9e+05     38258 38410.7 38411.8    38247    2803    2803   35444
         773    2.9e+05     38258 38410.7 38418.4    38194    2802    2802   35392
         774    2.9e+05     38258 38410.7 38411.3    38239    2803    2803   35436
         775    2.9e+05     38258 38410.7 38418.3    38228    2802    2802   35426
         776    2.9e+05     38258 38410.7   38411    38253    2803    2803   35450
         777    2.9e+05     38258 38410.7 38418.3    38226    2802    2802   35424
         778    2.9e+05     38258 38410.7 38410.7    38250    2803    2803   35447
         779    2.9e+05     38258 38410.7   38418    38240    2802    2802   35438
         780    2.9e+05     38258 38410.7 38410.9    38245    2803    2803   35442
         781    2.9e+05     38258 38410.7 38418.3    38238    2802    2802   35436
         782    2.9e+05     38258 38410.7   38411    38249    2803    2803   35446
         783    2.9e+05     38258 38410.7   38418    38240    2802    2802   35438
         784    2.9e+05     38258 38410.7 38411.2    38251    2803    2803   35448
         785    2.9e+05     38258 38410.7   38418    38247    2802    2802   35445
         786    2.9e+05     38258 38410.7 38411.6    38251    2803    2803   35448
         787    2.9e+05     38258 38410.7 38417.7    38257    2802    2802   35455
         788    2.9e+05     38258 38410.7 38411.5    38255    2803    2803   35452
         789    2.9e+05     38258 38410.7 38417.6    38217    2802    2802   35415
         790    2.9e+05     38258 38410.7   38411    38242    2803    2803   35439
         791    2.9e+05     38258 38410.7 38417.5    38221    2802    2802   35419
         792    2.9e+05     38258 38410.7 38411.8    38227    2803    2803   35424
         793    2.9e+05     38258 38410.7 38417.3    38212    2802    2802   35410
         794    2.9e+05     38258 38410.7 38411.5    38228    2803    2803   35425
         795    2.9e+05     38258 38410.7 38417.2    38224    2802    2802   35422
         796    2.9e+05     38258 38410.7 38411.6    38235    2803    2803   35432
         797    2.9e+05     38258 38410.7   38417    38226    2802    2802   35424
         798    2.9e+05     38258 38410.7 38411.7    38223    2803    2803   35420
         799    2.9e+05     38258 38410.7   38418    38230    2802    2802   35428
         800    2.9e+05     38258 38410.7 38411.2    38249    2803    2803   35446
         801    2.9e+05     38258 38410.7 38417.3    38236    2802    2802   35434
         802    2.9e+05     38258 38410.7 38411.8    38247    2803    2803   35444
         803    2.9e+05     38258 38410.7 38417.1    38225    2802    2802   35423
               reducing step to 0.00625
         804    2.9e+05     38258 38399.4 38399.4    38085    2802    2802   35283
         805    2.9e+05     38258 38393.1 38393.1    38176    2803    2803   35373
         806    2.9e+05     38258 38393.1 38397.3    38165    2802    2802   35363
         807    2.9e+05     38258 38391.6 38391.6    38208    2803    2803   35405
         808    2.9e+05     38258 38391.6 38394.1    38242    2802    2802   35440
         809    2.9e+05     38258 38390.8 38390.8    38220    2803    2803   35417
         810    2.9e+05     38258 38390.8 38394.3    38233    2802    2802   35431
         811    2.9e+05     38258 38389.8 38389.8    38216    2803    2803   35413
         812    2.9e+05     38258 38389.8 38393.8    38227    2802    2802   35425
         813    2.9e+05     38258 38389.5 38389.5    38246    2803    2803   35443
         814    2.9e+05     38258 38389.5 38393.4    38238    2802    2802   35436
         815    2.9e+05     38258 38388.5 38388.5    38215    2803    2803   35412
         816    2.9e+05     38258 38388.5 38393.1    38225    2802    2802   35423
         817    2.9e+05     38258 38388.5 38388.6    38206    2803    2803   35403
         818    2.9e+05     38258 38388.5 38392.5    38256    2802    2802   35454
         819    2.9e+05     38258 38387.8 38387.8    38199    2803    2803   35396
         820    2.9e+05     38258 38387.8 38391.7    38249    2802    2802   35447
         821    2.9e+05     38258 38387.8   38388    38249    2803    2803   35446
         822    2.9e+05     38258 38387.8 38391.2    38245    2802    2802   35443
         823    2.9e+05     38258 38387.4 38387.4    38219    2803    2803   35416
         824    2.9e+05     38258 38387.4 38391.7    38241    2802    2802   35439
         825    2.9e+05     38258 38387.4 38387.7    38212    2803    2803   35409
         826    2.9e+05     38258 38387.4 38391.3    38255    2802    2802   35453
         827    2.9e+05     38258 38387.4 38387.7    38238    2803    2803   35435
         828    2.9e+05     38258 38387.4 38391.4    38253    2802    2802   35451
         829    2.9e+05     38258 38387.1 38387.1    38234    2803    2803   35431
         830    2.9e+05     38258 38387.1 38390.9    38252    2802    2802   35450
         831    2.9e+05     38258 38387.1 38387.4    38230    2803    2803   35427
    *    832    2.9e+05     38261 38387.1 38390.3    38261    2802    2802   35459
         833    2.9e+05     38261 38387.1 38387.2    38223    2803    2803   35420
         834    2.9e+05     38261 38387.1 38390.6    38247    2802    2802   35445
         835    2.9e+05     38261 38387.1 38387.2    38223    2803    2803   35420
         836    2.9e+05     38261 38387.1 38390.3    38256    2802    2802   35454
         837    2.9e+05     38261 38386.8 38386.8    38225    2803    2803   35422
         838    2.9e+05     38261 38386.8 38390.2    38251    2802    2802   35449
         839    2.9e+05     38261 38386.6 38386.6    38222    2803    2803   35419
         840    2.9e+05     38261 38386.6 38390.1    38248    2802    2802   35446
         841    2.9e+05     38261 38386.4 38386.4    38237    2803    2803   35434
         842    2.9e+05     38261 38386.4 38390.3    38254    2802    2802   35452
         843    2.9e+05     38261 38386.4 38386.5    38245    2803    2803   35442
         844    2.9e+05     38261 38386.4 38389.7    38260    2802    2802   35458
         845    2.9e+05     38261 38386.4 38386.4    38251    2803    2803   35448
         846    2.9e+05     38261 38386.4 38389.6    38253    2802    2802   35451
         847    2.9e+05     38261 38386.4 38386.8    38240    2803    2803   35437
         848    2.9e+05     38261 38386.4 38389.6    38258    2802    2802   35456
         849    2.9e+05     38261 38386.4 38386.5    38215    2803    2803   35412
         850    2.9e+05     38261 38386.4 38389.7    38247    2802    2802   35445
         851    2.9e+05     38261 38386.3 38386.3    38228    2803    2803   35425
         852    2.9e+05     38261 38386.3 38389.5    38242    2802    2802   35440
         853    2.9e+05     38261 38386.3 38386.4    38237    2803    2803   35434
         854    2.9e+05     38261 38386.3 38389.6    38247    2802    2802   35445
         855    2.9e+05     38261   38386   38386    38245    2803    2803   35442
         856    2.9e+05     38261   38386 38389.5    38228    2802    2802   35426
         857    2.9e+05     38261 38385.7 38385.7    38242    2803    2803   35439
         858    2.9e+05     38261 38385.7 38389.8    38250    2802    2802   35448
         859    2.9e+05     38261 38385.7 38385.8    38238    2803    2803   35435
         860    2.9e+05     38261 38385.7 38389.5    38259    2802    2802   35457
         861    2.9e+05     38261 38385.7 38385.8    38238    2803    2803   35435
         862    2.9e+05     38261 38385.7 38389.4    38257    2802    2802   35455
         863    2.9e+05     38261 38385.5 38385.5    38235    2803    2803   35432
         864    2.9e+05     38261 38385.5 38389.5    38260    2802    2802   35458
         865    2.9e+05     38261 38385.5 38385.5    38233    2803    2803   35430
         866    2.9e+05     38261 38385.5 38389.5    38238    2802    2802   35436
         867    2.9e+05     38261 38385.5   38386    38248    2803    2803   35445
         868    2.9e+05     38261 38385.5 38389.2    38243    2802    2802   35441
         869    2.9e+05     38261 38385.3 38385.3    38236    2803    2803   35433
         870    2.9e+05     38261 38385.3 38389.1    38218    2802    2802   35416
         871    2.9e+05     38261 38385.3 38385.8    38237    2803    2803   35434
         872    2.9e+05     38261 38385.3   38389    38258    2802    2802   35456
         873    2.9e+05     38261 38385.3 38386.3    38223    2803    2803   35420
         874    2.9e+05     38261 38385.3 38388.9    38204    2802    2802   35402
         875    2.9e+05     38261 38385.3   38386    38239    2803    2803   35436
         876    2.9e+05     38261 38385.3 38389.1    38251    2802    2802   35449
         877    2.9e+05     38261 38385.3 38386.1    38236    2803    2803   35433
         878    2.9e+05     38261 38385.3 38388.6    38257    2802    2802   35455
         879    2.9e+05     38261 38385.3 38385.8    38228    2803    2803   35425
         880    2.9e+05     38261 38385.3 38388.8    38256    2802    2802   35454
         881    2.9e+05     38261 38385.3 38385.9    38224    2803    2803   35421
         882    2.9e+05     38261 38385.3 38389.1    38236    2802    2802   35434
         883    2.9e+05     38261 38385.3   38386    38240    2803    2803   35437
         884    2.9e+05     38261 38385.3 38388.5    38247    2802    2802   35445
         885    2.9e+05     38261 38385.3 38385.4    38229    2803    2803   35426
         886    2.9e+05     38261 38385.3 38388.7    38258    2802    2802   35456
         887    2.9e+05     38261 38385.3 38385.5    38217    2803    2803   35414
         888    2.9e+05     38261 38385.3 38388.9    38246    2802    2802   35444
         889    2.9e+05     38261 38385.3 38385.8    38223    2803    2803   35420
         890    2.9e+05     38261 38385.3   38389    38246    2802    2802   35444
         891    2.9e+05     38261 38385.3 38385.5    38238    2803    2803   35435
         892    2.9e+05     38261 38385.3 38388.7    38247    2802    2802   35445
         893    2.9e+05     38261 38385.3 38385.7    38235    2803    2803   35432
         894    2.9e+05     38261 38385.3 38388.4    38257    2802    2802   35455
               reducing step to 0.003125
         895    2.9e+05     38261 38380.8 38380.8    38103    2802    2802   35301
         896    2.9e+05     38261 38377.6 38377.6    38225    2803    2803   35422
         897    2.9e+05     38261 38377.6 38379.8    38213    2802    2802   35411
         898    2.9e+05     38261 38376.6 38376.6    38222    2803    2803   35419
         899    2.9e+05     38261 38376.6 38379.2    38229    2802    2802   35427
         900    2.9e+05     38261 38376.4 38376.4    38238    2803    2803   35435
         901    2.9e+05     38261 38376.4 38378.5    38229    2802    2802   35427
         902    2.9e+05     38261 38375.6 38375.6    38168    2803    2803   35365
         903    2.9e+05     38261 38375.6 38378.3    38246    2802    2802   35444
         904    2.9e+05     38261 38375.6 38375.6    38241    2803    2803   35438
         905    2.9e+05     38261 38375.6 38377.6    38246    2802    2802   35444
         906    2.9e+05     38261 38375.3 38375.3    38232    2803    2803   35429
         907    2.9e+05     38261 38375.3 38377.8    38255    2802    2802   35453
         908    2.9e+05     38261 38374.7 38374.7    38200    2803    2803   35397
         909    2.9e+05     38261 38374.7 38377.5    38242    2802    2802   35440
         910    2.9e+05     38261 38374.6 38374.6    38189    2803    2803   35386
         911    2.9e+05     38261 38374.6 38377.2    38234    2802    2802   35432
         912    2.9e+05     38261 38374.6 38374.8    38234    2803    2803   35431
    *    913    2.9e+05     38263 38374.6 38377.1    38263    2802    2802   35461
         914    2.9e+05     38263 38374.5 38374.5    38257    2803    2803   35454
         915    2.9e+05     38263 38374.5 38376.7    38256    2802    2802   35454
         916    2.9e+05     38263   38374   38374    38239    2803    2803   35436
         917    2.9e+05     38263   38374 38376.6    38259    2802    2802   35457
         918    2.9e+05     38263   38374 38374.3    38241    2803    2803   35438
         919    2.9e+05     38263   38374 38376.4    38263    2802    2802   35461
         920    2.9e+05     38263   38374 38374.4    38243    2803    2803   35440
         921    2.9e+05     38263   38374 38376.6    38247    2802    2802   35445
         922    2.9e+05     38263   38374   38374    38241    2803    2803   35438
         923    2.9e+05     38263   38374 38376.2    38253    2802    2802   35451
         924    2.9e+05     38263 38373.9 38373.9    38202    2803    2803   35399
         925    2.9e+05     38263 38373.9 38376.3    38244    2802    2802   35442
         926    2.9e+05     38263 38373.9   38374    38252    2803    2803   35449
         927    2.9e+05     38263 38373.9   38376    38250    2802    2802   35448
         928    2.9e+05     38263 38373.8 38373.8    38258    2803    2803   35455
         929    2.9e+05     38263 38373.8 38375.9    38238    2802    2802   35436
    *    930    2.9e+05     38268 38373.8 38374.1    38268    2803    2803   35465
         931    2.9e+05     38268 38373.8 38375.9    38250    2802    2802   35448
         932    2.9e+05     38268 38373.8 38373.8    38263    2803    2803   35460
         933    2.9e+05     38268 38373.8 38375.8    38240    2802    2802   35438
         934    2.9e+05     38268 38373.5 38373.5    38259    2803    2803   35456
         935    2.9e+05     38268 38373.5   38376    38249    2802    2802   35447
         936    2.9e+05     38268 38373.5 38373.7    38258    2803    2803   35455
         937    2.9e+05     38268 38373.5 38375.8    38244    2802    2802   35442
         938    2.9e+05     38268 38373.5 38373.5    38252    2803    2803   35449
         939    2.9e+05     38268 38373.5 38375.8    38228    2802    2802   35426
         940    2.9e+05     38268 38373.5 38373.5    38265    2803    2803   35462
         941    2.9e+05     38268 38373.5 38375.6    38243    2802    2802   35441
         942    2.9e+05     38268 38373.5 38373.6    38259    2803    2803   35456
         943    2.9e+05     38268 38373.5 38375.5    38248    2802    2802   35446
         944    2.9e+05     38268 38373.5 38373.8    38254    2803    2803   35451
         945    2.9e+05     38268 38373.5 38375.4    38251    2802    2802   35449
         946    2.9e+05     38268 38373.4 38373.4    38264    2803    2803   35461
         947    2.9e+05     38268 38373.4 38375.7    38247    2802    2802   35445
         948    2.9e+05     38268 38373.4 38373.4    38262    2803    2803   35459
         949    2.9e+05     38268 38373.4 38375.5    38244    2802    2802   35442
         950    2.9e+05     38268 38373.2 38373.2    38257    2803    2803   35454
         951    2.9e+05     38268 38373.2 38375.5    38245    2802    2802   35443
         952    2.9e+05     38268 38373.2 38373.3    38258    2803    2803   35455
         953    2.9e+05     38268 38373.2 38375.4    38230    2802    2802   35428
         954    2.9e+05     38268 38373.2 38373.3    38257    2803    2803   35454
         955    2.9e+05     38268 38373.2 38375.4    38246    2802    2802   35444
         956    2.9e+05     38268 38373.2 38373.3    38240    2803    2803   35437
         957    2.9e+05     38268 38373.2 38375.5    38231    2802    2802   35429
         958    2.9e+05     38268 38373.2 38373.5    38240    2803    2803   35437
         959    2.9e+05     38268 38373.2 38375.4    38250    2802    2802   35448
         960    2.9e+05     38268 38373.1 38373.1    38239    2803    2803   35436
         961    2.9e+05     38268 38373.1 38375.3    38250    2802    2802   35448
         962    2.9e+05     38268 38373.1 38373.3    38251    2803    2803   35448
         963    2.9e+05     38268 38373.1 38375.2    38244    2802    2802   35442
         964    2.9e+05     38268 38373.1 38373.1    38253    2803    2803   35450
         965    2.9e+05     38268 38373.1 38375.5    38243    2802    2802   35441
         966    2.9e+05     38268 38373.1 38373.2    38237    2803    2803   35434
         967    2.9e+05     38268 38373.1 38375.1    38242    2802    2802   35440
         968    2.9e+05     38268 38373.1 38373.2    38255    2803    2803   35452
         969    2.9e+05     38268 38373.1 38375.4    38247    2802    2802   35445
         970    2.9e+05     38268 38373.1 38373.1    38245    2803    2803   35442
         971    2.9e+05     38268 38373.1 38375.2    38244    2802    2802   35442
         972    2.9e+05     38268 38372.8 38372.8    38259    2803    2803   35456
         973    2.9e+05     38268 38372.8 38375.3    38247    2802    2802   35445
         974    2.9e+05     38268 38372.8   38373    38234    2803    2803   35431
         975    2.9e+05     38268 38372.8 38375.1    38237    2802    2802   35435
         976    2.9e+05     38268 38372.8 38373.1    38247    2803    2803   35444
         977    2.9e+05     38268 38372.8 38374.9    38235    2802    2802   35433
         978    2.9e+05     38268 38372.8 38373.3    38250    2803    2803   35447
         979    2.9e+05     38268 38372.8   38375    38242    2802    2802   35440
         980    2.9e+05     38268 38372.8 38372.9    38256    2803    2803   35453
         981    2.9e+05     38268 38372.8 38375.2    38233    2802    2802   35431
         982    2.9e+05     38268 38372.8   38373    38257    2803    2803   35454
         983    2.9e+05     38268 38372.8 38375.3    38236    2802    2802   35434
         984    2.9e+05     38268 38372.7 38372.7    38258    2803    2803   35455
         985    2.9e+05     38268 38372.7 38375.2    38248    2802    2802   35446
         986    2.9e+05     38268 38372.6 38372.6    38250    2803    2803   35447
         987    2.9e+05     38268 38372.6 38375.3    38252    2802    2802   35450
         988    2.9e+05     38268 38372.6 38372.9    38258    2803    2803   35455
         989    2.9e+05     38268 38372.6   38375    38242    2802    2802   35440
         990    2.9e+05     38268 38372.6 38372.9    38262    2803    2803   35459
         991    2.9e+05     38268 38372.6 38375.3    38242    2802    2802   35440
         992    2.9e+05     38268 38372.6 38372.6    38257    2803    2803   35454
         993    2.9e+05     38268 38372.6 38375.1    38236    2802    2802   35434
         994    2.9e+05     38268 38372.6 38372.6    38243    2803    2803   35440
         995    2.9e+05     38268 38372.6 38375.2    38255    2802    2802   35453
         996    2.9e+05     38268 38372.6 38372.7    38253    2803    2803   35450
         997    2.9e+05     38268 38372.6 38375.4    38249    2802    2802   35447
         998    2.9e+05     38268 38372.5 38372.5    38247    2803    2803   35444
         999    2.9e+05     38268 38372.5 38375.2    38249    2802    2802   35447
        1000    2.9e+05     38268 38372.5 38372.7    38241    2803    2803   35438
Total time used by klau is 1092.66
true_align (18772) and est_align (2803) DO NOT have the same number of elements.
method klau has a score of 8.57%
method klau used 1092.659 seconds.
maximum values in init align row is:  18771
maximum values in init align col is:  18766
 best   iter   pr-delta       obj  weight    card overlap
    *      1    3.7e-01   31091.5    2823    2823   29680
    *      2    1.5e-01   31458.5    2823    2823   30047
           3    7.1e-02     31418    2822    2822   30007
           4    3.4e-02     31417    2822    2822   30006
           5    1.7e-02     31355    2822    2822   29944
           6    8.6e-03     31387    2822    2822   29976
           7    4.6e-03     31405    2822    2822   29994
           8    2.5e-03     31401    2822    2822   29990
           9    1.4e-03     31401    2822    2822   29990
          10    7.7e-04     31401    2822    2822   29990
          11    4.4e-04     31401    2822    2822   29990
          12    2.6e-04     31401    2822    2822   29990
          13    1.5e-04     31401    2822    2822   29990
          14    9.0e-05     31401    2822    2822   29990
          15    5.5e-05     31401    2822    2822   29990
          16    3.3e-05     31401    2822    2822   29990
          17    2.1e-05     31401    2822    2822   29990
          18    1.3e-05     31401    2822    2822   29990
          19    8.0e-06     31401    2822    2822   29990
          20    5.1e-06     31401    2822    2822   29990
          21    3.2e-06     31401    2822    2822   29990
          22    2.0e-06     31401    2822    2822   29990
          23    1.3e-06     31401    2822    2822   29990
          24    8.4e-07     31401    2822    2822   29990
          25    5.4e-07     31401    2822    2822   29990
          26    3.5e-07     31401    2822    2822   29990
          27    2.3e-07     31401    2822    2822   29990
          28    1.5e-07     31401    2822    2822   29990
          29    9.6e-08     31401    2822    2822   29990
          30    6.3e-08     31401    2822    2822   29990
          31    4.1e-08     31401    2822    2822   29990
          32    2.7e-08     31401    2822    2822   29990
          33    1.8e-08     31401    2822    2822   29990
          34    1.2e-08     31401    2822    2822   29990
          35    7.7e-09     31401    2822    2822   29990
          36    5.0e-09     31401    2822    2822   29990
          37    3.3e-09     31401    2822    2822   29990
          38    2.2e-09     31401    2822    2822   29990
          39    1.4e-09     31401    2822    2822   29990
          40    9.5e-10     31401    2822    2822   29990
          41    6.3e-10     31401    2822    2822   29990
          42    4.2e-10     31401    2822    2822   29990
          43    2.8e-10     31401    2822    2822   29990
          44    1.8e-10     31401    2822    2822   29990
          45    1.2e-10     31401    2822    2822   29990
          46    8.0e-11     31401    2822    2822   29990
          47    5.3e-11     31401    2822    2822   29990
          48    3.5e-11     31401    2822    2822   29990
          49    2.3e-11     31401    2822    2822   29990
          50    1.5e-11     31401    2822    2822   29990
          51    1.0e-11     31401    2822    2822   29990
          52    6.8e-12     31401    2822    2822   29990
          53    4.5e-12     31401    2822    2822   29990
          54    3.0e-12     31401    2822    2822   29990
          55    2.0e-12     31401    2822    2822   29990
          56    1.3e-12     31401    2822    2822   29990
          57    8.8e-13     31401    2822    2822   29990
Total time used by isorank is 13.76
true_align (18772) and est_align (2828) DO NOT have the same number of elements.
method isorank has a score of 0.94%
method isorank used 13.756 seconds.
experiment results:
     method      score         time
0     final  15.294055  4017.220797
1  netalign   8.565949    54.523405
2      klau   8.571276  1092.659297
3   isorank   0.942894    13.755704
