Permutation sanity check error is 3996.0.
Permutation sanity check error is 787508.0.
num_init for this graph is 14
Generating initial alignment matrix using degree ...
mode is  degree
number of noisy edges are:  14
Average number of initial alignments for each node is 28
maximum values in init align row is:  18771
maximum values in init align col is:  18761
Recovering sparse matrix L took 0.16 sec.
Time for degree: 0.72 sec
iteration 1
Time for iteration 1: 9.91 sec, diff = 0.12490
iteration 2
Time for iteration 2: 60.84 sec, diff = 0.01623
iteration 3
Time for iteration 3: 84.07 sec, diff = 0.00734
iteration 4
Time for iteration 4: 81.66 sec, diff = 0.00476
iteration 5
Time for iteration 5: 83.75 sec, diff = 0.00364
iteration 6
Time for iteration 6: 84.07 sec, diff = 0.00301
iteration 7
Time for iteration 7: 80.94 sec, diff = 0.00258
iteration 8
Time for iteration 8: 83.65 sec, diff = 0.00226
iteration 9
Time for iteration 9: 80.98 sec, diff = 0.00199
iteration 10
Time for iteration 10: 82.68 sec, diff = 0.00177
iteration 11
Time for iteration 11: 82.08 sec, diff = 0.00158
iteration 12
Time for iteration 12: 81.72 sec, diff = 0.00141
iteration 13
Time for iteration 13: 84.22 sec, diff = 0.00126
iteration 14
Time for iteration 14: 80.92 sec, diff = 0.00113
iteration 15
Time for iteration 15: 82.64 sec, diff = 0.00102
iteration 16
Time for iteration 16: 82.86 sec, diff = 0.00091
iteration 17
Time for iteration 17: 81.57 sec, diff = 0.00082
iteration 18
Time for iteration 18: 85.34 sec, diff = 0.00074
iteration 19
Time for iteration 19: 80.94 sec, diff = 0.00066
iteration 20
Time for iteration 20: 84.19 sec, diff = 0.00059
iteration 21
Time for iteration 21: 83.89 sec, diff = 0.00053
iteration 22
Time for iteration 22: 82.69 sec, diff = 0.00048
iteration 23
Time for iteration 23: 84.58 sec, diff = 0.00043
iteration 24
Time for iteration 24: 81.20 sec, diff = 0.00039
iteration 25
Time for iteration 25: 86.44 sec, diff = 0.00035
iteration 26
Time for iteration 26: 84.60 sec, diff = 0.00031
iteration 27
Time for iteration 27: 80.74 sec, diff = 0.00028
iteration 28
Time for iteration 28: 83.75 sec, diff = 0.00025
iteration 29
Time for iteration 29: 81.83 sec, diff = 0.00023
iteration 30
Time for iteration 30: 86.27 sec, diff = 0.00021
iteration 31
Time for iteration 31: 93.12 sec, diff = 0.00019
iteration 32
Time for iteration 32: 92.55 sec, diff = 0.00017
iteration 33
Time for iteration 33: 94.22 sec, diff = 0.00015
iteration 34
Time for iteration 34: 97.69 sec, diff = 0.00014
iteration 35
Time for iteration 35: 96.30 sec, diff = 0.00012
iteration 36
Time for iteration 36: 98.41 sec, diff = 0.00011
iteration 37
Time for iteration 37: 87.85 sec, diff = 0.00010
iteration 38
Time for iteration 38: 82.90 sec, diff = 0.00009
iteration 39
Time for iteration 39: 84.53 sec, diff = 0.00008
iteration 40
Time for iteration 40: 81.06 sec, diff = 0.00007
iteration 41
Time for iteration 41: 83.14 sec, diff = 0.00006
iteration 42
Time for iteration 42: 83.32 sec, diff = 0.00006
iteration 43
Time for iteration 43: 80.48 sec, diff = 0.00005
iteration 44
Time for iteration 44: 83.18 sec, diff = 0.00005
iteration 45
Time for iteration 45: 82.51 sec, diff = 0.00004
iteration 46
Time for iteration 46: 84.88 sec, diff = 0.00004
iteration 47
Time for iteration 47: 86.90 sec, diff = 0.00003
iteration 48
Time for iteration 48: 81.04 sec, diff = 0.00003
iteration 49
Time for iteration 49: 85.15 sec, diff = 0.00003
iteration 50
Time for iteration 50: 85.53 sec, diff = 0.00003
Total time used by final is 4205.54 sec.
true_align and est_align have the same number of elements.
method final has a score of 15.27%
method final used 4205.541 seconds.
maximum values in init align row is:  18771
maximum values in init align col is:  18761
best   iter    obj_ma wght_ma card_ma over_ma    obj_mb wght_mb card_mb over_mb
  *a      1     34748    2837    2837   31911     34748    2837    2837   31911
          2     15905    2140    2140   13765     17897    2234    2234   15663
          3     22741    2648    2648   20093     17894    1897    1897   15997
          4      8294    2231    2231    6063      7704    1743    1743    5961
          5     28778    2781    2781   25997     28718    2720    2720   25998
  *a      6     37366    2825    2825   34541     37341    2743    2743   34598
          7     37345    2730    2730   34615     37015    2619    2619   34396
          8     26672    2627    2627   24045     27102    2242    2242   24860
          9     32989    2676    2676   30313     28083    2041    2041   26042
         10     32417    2721    2721   29696     31658    2569    2569   29089
         11     35572    2785    2785   32787     35400    2679    2679   32721
  *a     12     38793    2810    2810   35983     38594    2678    2678   35916
         13     38620    2802    2802   35818     37783    2605    2605   35178
         14     37931    2759    2759   35172     36592    2546    2546   34046
         15     38348    2781    2781   35567     36556    2571    2571   33985
         16     38676    2791    2791   35885     37593    2626    2626   34967
  *a     17     39024    2813    2813   36211     38950    2754    2754   36196
  *a     18     39049    2812    2812   36237     38873    2722    2722   36151
  *a     19     39056    2812    2812   36244     38887    2712    2712   36175
  *a     20     39130    2811    2811   36319     38798    2715    2715   36083
         21     39051    2801    2801   36250     38607    2698    2698   35909
         22     39046    2803    2803   36243     38691    2722    2722   35969
         23     39083    2805    2805   36278     38787    2742    2742   36045
         24     39109    2810    2810   36299     38915    2749    2749   36166
         25     39098    2809    2809   36289     39034    2746    2746   36288
         26     39104    2809    2809   36295     39050    2750    2750   36300
         27     39090    2810    2810   36280     39006    2746    2746   36260
         28     39094    2808    2808   36286     38946    2746    2746   36200
         29     39084    2807    2807   36277     38916    2746    2746   36170
         30     39102    2808    2808   36294     38980    2762    2762   36218
  *a     31     39131    2811    2811   36320     39029    2766    2766   36263
  *a     32     39141    2812    2812   36329     39083    2774    2774   36309
         33     39136    2811    2811   36325     39086    2770    2770   36316
  *a     34     39143    2813    2813   36330     39048    2762    2762   36286
         35     39129    2812    2812   36317     39098    2772    2772   36326
         36     39126    2811    2811   36315     39077    2770    2770   36307
         37     39138    2813    2813   36325     39096    2776    2776   36320
         38     39122    2811    2811   36311     39124    2781    2781   36343
         39     39122    2809    2809   36313     39102    2771    2771   36331
  *a     40     39152    2811    2811   36341     39094    2766    2766   36328
         41     39140    2809    2809   36331     39071    2763    2763   36308
         42     39152    2813    2813   36339     39026    2771    2771   36255
  *a     43     39172    2815    2815   36357     39066    2784    2784   36282
         44     39169    2814    2814   36355     39080    2789    2789   36291
         45     39161    2814    2814   36347     39074    2791    2791   36283
         46     39154    2814    2814   36340     39055    2784    2784   36271
         47     39151    2814    2814   36337     39031    2777    2777   36254
         48     39156    2814    2814   36342     39031    2780    2780   36251
         49     39171    2814    2814   36357     39057    2787    2787   36270
         50     39167    2813    2813   36354     39051    2791    2791   36260
         51     39166    2814    2814   36352     38975    2784    2784   36191
         52     39161    2814    2814   36347     38949    2784    2784   36165
         53     39162    2814    2814   36348     39050    2786    2786   36264
         54     39169    2813    2813   36356     38993    2780    2780   36213
         55     39172    2813    2813   36359     38971    2781    2781   36190
         56     39168    2812    2812   36356     38953    2778    2778   36175
         57     39156    2814    2814   36342     38975    2782    2782   36193
         58     39148    2814    2814   36334     38972    2787    2787   36185
         59     39151    2814    2814   36337     38892    2784    2784   36108
         60     39152    2814    2814   36338     38855    2778    2778   36077
         61     39157    2813    2813   36344     38676    2771    2771   35905
         62     39158    2813    2813   36345     38759    2772    2772   35987
         63     39172    2813    2813   36359     38853    2773    2773   36080
         64     39167    2812    2812   36355     38946    2779    2779   36167
         65     39162    2811    2811   36351     38951    2779    2779   36172
         66     39159    2811    2811   36348     38882    2776    2776   36106
         67     39159    2811    2811   36348     38928    2776    2776   36152
         68     39168    2811    2811   36357     38992    2777    2777   36215
         69     39170    2811    2811   36359     38942    2772    2772   36170
         70     39165    2811    2811   36354     38965    2777    2777   36188
         71     39166    2813    2813   36353     38924    2777    2777   36147
         72     39170    2814    2814   36356     38986    2787    2787   36199
         73     39161    2813    2813   36348     38962    2789    2789   36173
         74     39167    2814    2814   36353     38959    2789    2789   36170
         75     39168    2814    2814   36354     38928    2787    2787   36141
         76     39168    2814    2814   36354     38925    2781    2781   36144
         77     39170    2814    2814   36356     38931    2775    2775   36156
  *a     78     39175    2814    2814   36361     38995    2784    2784   36211
         79     39164    2810    2810   36354     38978    2784    2784   36194
         80     39166    2810    2810   36356     38951    2786    2786   36165
         81     39163    2810    2810   36353     38949    2791    2791   36158
         82     39168    2809    2809   36359     38965    2789    2789   36176
         83     39165    2808    2808   36357     38979    2785    2785   36194
         84     39163    2808    2808   36355     38960    2785    2785   36175
         85     39161    2808    2808   36353     39101    2790    2790   36311
         86     39169    2811    2811   36358     39104    2794    2794   36310
         87     39165    2812    2812   36353     39123    2797    2797   36326
         88     39165    2812    2812   36353     39124    2795    2795   36329
         89     39163    2811    2811   36352     39078    2797    2797   36281
         90     39165    2811    2811   36354     39027    2793    2793   36234
         91     39163    2811    2811   36352     39023    2791    2791   36232
         92     39164    2812    2812   36352     38978    2790    2790   36188
         93     39162    2812    2812   36350     38913    2792    2792   36121
         94     39164    2812    2812   36352     38992    2791    2791   36201
         95     39165    2812    2812   36353     39047    2794    2794   36253
         96     39163    2812    2812   36351     39100    2800    2800   36300
         97     39162    2812    2812   36350     39134    2797    2797   36337
         98     39167    2812    2812   36355     39140    2799    2799   36341
         99     39166    2812    2812   36354     39137    2799    2799   36338
        100     39163    2812    2812   36351     39080    2793    2793   36287
Total time used by netalign is 56.73
true_align (18772) and est_align (2814) DO NOT have the same number of elements.
method netalign has a score of 8.57%
method netalign used 56.730 seconds.
maximum values in init align row is:  18771
maximum values in init align col is:  18761
 best   iter     norm-u     lower   upper     cur      obj  weight    card overlap
    *      1    0.0e+00     36828 43804.5 43804.5    36828    2839    2839   33989
           2    2.4e+04     36828 43804.5 48158.6    31611    2836    2836   28775
           3    3.3e+04     36828 43804.5 45927.1    31716    2838    2838   28878
           4    4.4e+04     36828 43804.5 47360.4    31591    2834    2834   28757
           5    5.1e+04     36828 43804.5 45842.1    28799    2837    2837   25962
           6    6.1e+04     36828 43804.5 46945.1    28121    2835    2835   25286
           7    6.6e+04     36828 43804.5 45804.7    27812    2837    2837   24975
           8    7.5e+04     36828 43804.5 46575.3    27760    2836    2836   24924
           9    8.0e+04     36828 43804.5 45788.8    27370    2836    2836   24534
          10    8.7e+04     36828 43804.5 46242.5    27092    2835    2835   24257
          11    9.3e+04     36828 43804.5   45516    26756    2838    2838   23918
          12    9.9e+04     36828 43804.5 46137.1    26383    2837    2837   23546
          13    1.0e+05     36828 43804.5 45461.4    26503    2837    2837   23666
          14    1.1e+05     36828 43804.5 45899.8    25809    2836    2836   22973
          15    1.2e+05     36828 43804.5 45435.3    26200    2834    2834   23366
          16    1.2e+05     36828 43804.5   45830    26896    2836    2836   24060
          17    1.3e+05     36828 43804.5 45207.9    25447    2836    2836   22611
          18    1.3e+05     36828 43804.5   45692    25889    2837    2837   23052
          19    1.4e+05     36828 43804.5 45092.8    26408    2837    2837   23571
          20    1.4e+05     36828 43804.5 45612.9    25063    2836    2836   22227
          21    1.4e+05     36828 43804.5 45174.6    24960    2837    2837   22123
          22    1.5e+05     36828 43804.5   45587    25532    2836    2836   22696
          23    1.5e+05     36828 43804.5 45044.5    25032    2834    2834   22198
          24    1.6e+05     36828 43804.5 45402.5    24974    2836    2836   22138
          25    1.6e+05     36828 43804.5 45017.4    25254    2835    2835   22419
          26    1.7e+05     36828 43804.5 45311.6    24839    2833    2833   22006
               reducing step to 0.2
          27    1.7e+05     36828 43441.1 43441.1    26954    2835    2835   24119
          28    1.7e+05     36828 42552.9 42552.9    26592    2833    2833   23759
          29    1.7e+05     36828 42521.9 42521.9    26786    2834    2834   23952
          30    1.7e+05     36828 42369.6 42369.6    24872    2833    2833   22039
          31    1.8e+05     36828 42369.6 42392.1    26428    2834    2834   23594
          32    1.8e+05     36828 42087.1 42087.1    27008    2830    2830   24178
          33    1.8e+05     36828 42087.1 42208.6    27284    2831    2831   24453
          34    1.8e+05     36828 41976.6 41976.6    26214    2832    2832   23382
          35    1.8e+05     36828 41976.6 42139.2    26943    2832    2832   24111
          36    1.8e+05     36828 41869.2 41869.2    27573    2833    2833   24740
          37    1.9e+05     36828 41869.2   42047    28356    2831    2831   25525
          38    1.9e+05     36828 41729.4 41729.4    27640    2829    2829   24811
          39    1.9e+05     36828 41729.4 41968.8    28062    2831    2831   25231
          40    1.9e+05     36828   41720   41720    28215    2828    2828   25387
          41    1.9e+05     36828   41720   41886    29733    2832    2832   26901
          42    1.9e+05     36828 41653.8 41653.8    30097    2830    2830   27267
          43    1.9e+05     36828 41653.8 41846.8    29807    2829    2829   26978
          44    1.9e+05     36828   41628   41628    28297    2833    2833   25464
          45    2.0e+05     36828   41628 41768.8    28684    2829    2829   25855
          46    2.0e+05     36828 41601.3 41601.3    30031    2827    2827   27204
          47    2.0e+05     36828 41601.3 41639.8    30973    2827    2827   28146
          48    2.0e+05     36828 41499.1 41499.1    30282    2830    2830   27452
          49    2.0e+05     36828 41499.1 41596.8    28961    2830    2830   26131
          50    2.0e+05     36828 41473.8 41473.8    27973    2829    2829   25144
          51    2.0e+05     36828 41473.8 41701.2    29459    2831    2831   26628
          52    2.0e+05     36828 41457.9 41457.9    30095    2824    2824   27271
          53    2.0e+05     36828 41457.9 41588.4    29903    2830    2830   27073
          54    2.1e+05     36828 41380.8 41380.8    30672    2827    2827   27845
          55    2.1e+05     36828 41380.8   41578    30591    2827    2827   27764
          56    2.1e+05     36828 41380.8 41436.7    29644    2829    2829   26815
          57    2.1e+05     36828 41380.8 41612.7    30882    2825    2825   28057
          58    2.1e+05     36828 41317.5 41317.5    29642    2827    2827   26815
          59    2.1e+05     36828 41317.5 41527.5    30509    2829    2829   27680
          60    2.1e+05     36828 41268.1 41268.1    32422    2825    2825   29597
          61    2.1e+05     36828 41268.1 41524.9    32274    2826    2826   29448
          62    2.1e+05     36828 41268.1 41276.4    32035    2824    2824   29211
          63    2.1e+05     36828 41268.1 41410.6    31799    2826    2826   28973
          64    2.2e+05     36828 41255.6 41255.6    29942    2827    2827   27115
          65    2.2e+05     36828 41255.6 41582.4    29945    2825    2825   27120
          66    2.2e+05     36828 41207.6 41207.6    32305    2827    2827   29478
          67    2.2e+05     36828 41207.6 41352.7    33060    2826    2826   30234
          68    2.2e+05     36828 41207.6 41252.4    31621    2823    2823   28798
          69    2.2e+05     36828 41207.6 41442.1    32164    2829    2829   29335
          70    2.2e+05     36828 41207.6 41207.8    31450    2824    2824   28626
          71    2.2e+05     36828 41207.6 41350.9    32420    2824    2824   29596
          72    2.2e+05     36828 41146.4 41146.4    31953    2826    2826   29127
          73    2.2e+05     36828 41146.4 41362.2    32522    2826    2826   29696
          74    2.2e+05     36828 41146.4 41185.2    32354    2823    2823   29531
          75    2.3e+05     36828 41146.4 41290.3    32327    2828    2828   29499
          76    2.3e+05     36828 41146.4 41198.7    32322    2824    2824   29498
          77    2.3e+05     36828 41146.4 41305.3    30998    2824    2824   28174
          78    2.3e+05     36828 41146.4 41200.8    31490    2826    2826   28664
          79    2.3e+05     36828 41146.4 41293.1    32016    2824    2824   29192
          80    2.3e+05     36828 41146.4 41203.9    32661    2825    2825   29836
          81    2.3e+05     36828 41146.4 41202.9    33609    2825    2825   30784
          82    2.3e+05     36828 41052.4 41052.4    33139    2824    2824   30315
          83    2.3e+05     36828 41052.4 41231.1    33509    2826    2826   30683
          84    2.3e+05     36828 41052.4 41094.5    33987    2825    2825   31162
          85    2.3e+05     36828 41052.4 41213.5    34909    2826    2826   32083
          86    2.3e+05     36828 40931.5 40931.5    35227    2821    2821   32406
          87    2.3e+05     36828 40931.5 41263.3    34038    2822    2822   31216
          88    2.3e+05     36828 40931.5 41032.3    32922    2822    2822   30100
          89    2.4e+05     36828 40931.5   41239    33079    2825    2825   30254
          90    2.4e+05     36828 40931.5 41053.1    31005    2827    2827   28178
          91    2.4e+05     36828 40931.5 41125.1    31326    2825    2825   28501
          92    2.4e+05     36828 40931.5 41075.8    31073    2824    2824   28249
          93    2.4e+05     36828 40931.5 41238.5    32700    2826    2826   29874
          94    2.4e+05     36828 40931.5 41073.6    33717    2824    2824   30893
          95    2.4e+05     36828 40931.5 41035.7    32623    2825    2825   29798
          96    2.4e+05     36828 40931.5 41031.4    31224    2822    2822   28402
          97    2.4e+05     36828 40931.5 41078.9    31705    2824    2824   28881
          98    2.4e+05     36828 40931.5 41071.5    32462    2824    2824   29638
          99    2.4e+05     36828 40931.5   41091    32974    2826    2826   30148
         100    2.4e+05     36828 40931.5 41036.8    34613    2825    2825   31788
         101    2.4e+05     36828 40931.5 41106.6    34988    2824    2824   32164
         102    2.4e+05     36828 40931.5 41016.1    34689    2823    2823   31866
         103    2.4e+05     36828 40931.5 41053.5    34369    2826    2826   31543
         104    2.5e+05     36828 40931.5 40944.3    33661    2824    2824   30837
         105    2.5e+05     36828 40931.5 41055.6    34882    2823    2823   32059
         106    2.5e+05     36828   40908   40908    34936    2821    2821   32115
         107    2.5e+05     36828   40908 41098.7    34292    2822    2822   31470
         108    2.5e+05     36828   40908 40941.9    34448    2821    2821   31627
         109    2.5e+05     36828   40908 41036.4    33601    2824    2824   30777
         110    2.5e+05     36828   40908 40964.3    34264    2823    2823   31441
         111    2.5e+05     36828   40908 41008.8    34004    2823    2823   31181
         112    2.5e+05     36828   40908 40957.1    32373    2823    2823   29550
         113    2.5e+05     36828   40908 41060.5    31559    2825    2825   28734
         114    2.5e+05     36828   40908 41060.1    32553    2826    2826   29727
         115    2.5e+05     36828   40908 40998.3    33393    2824    2824   30569
         116    2.5e+05     36828 40889.1 40889.1    33892    2822    2822   31070
         117    2.5e+05     36828 40889.1 40917.3    34388    2824    2824   31564
         118    2.5e+05     36828 40889.1 40975.5    34113    2824    2824   31289
         119    2.5e+05     36828 40889.1 41019.6    33734    2822    2822   30912
         120    2.5e+05     36828 40842.3 40842.3    33909    2824    2824   31085
         121    2.5e+05     36828 40842.3 40996.3    33582    2825    2825   30757
         122    2.6e+05     36828 40842.3 40972.5    33325    2822    2822   30503
         123    2.6e+05     36828 40842.3   40993    32723    2826    2826   29897
         124    2.6e+05     36828 40842.3 40979.4    31647    2824    2824   28823
         125    2.6e+05     36828 40842.3 40998.5    32887    2824    2824   30063
         126    2.6e+05     36828 40842.3 40936.7    34357    2826    2826   31531
         127    2.6e+05     36828 40842.3 40852.2    34387    2821    2821   31566
         128    2.6e+05     36828 40842.3 40918.1    34560    2825    2825   31735
         129    2.6e+05     36828 40842.3 40954.8    34950    2822    2822   32128
         130    2.6e+05     36828 40842.3 40881.2    33434    2821    2821   30613
         131    2.6e+05     36828 40842.3 41018.1    33957    2822    2822   31135
         132    2.6e+05     36828 40842.3 40876.6    34231    2823    2823   31408
         133    2.6e+05     36828 40842.3 40918.4    35567    2824    2824   32743
         134    2.6e+05     36828 40824.9 40824.9    35783    2822    2822   32961
         135    2.6e+05     36828 40824.9 40876.3    35487    2822    2822   32665
         136    2.6e+05     36828 40824.9   40835    34261    2823    2823   31438
         137    2.6e+05     36828 40824.9 40913.6    33945    2825    2825   31120
         138    2.6e+05     36828 40824.9 40912.5    32654    2825    2825   29829
         139    2.6e+05     36828 40824.9 40962.2    32354    2825    2825   29529
         140    2.6e+05     36828 40824.9 40853.2    32284    2826    2826   29458
         141    2.6e+05     36828 40824.9 40919.1    33012    2823    2823   30189
         142    2.6e+05     36828 40824.9 40883.9    33656    2824    2824   30832
         143    2.7e+05     36828 40824.9 40897.7    35137    2824    2824   32313
         144    2.7e+05     36828 40784.9 40784.9    35718    2821    2821   32897
         145    2.7e+05     36828 40784.9   40929    35374    2824    2824   32550
         146    2.7e+05     36828 40743.2 40743.2    35232    2820    2820   32412
         147    2.7e+05     36828 40743.2 40973.5    35543    2821    2821   32722
         148    2.7e+05     36828 40723.5 40723.5    35084    2823    2823   32261
         149    2.7e+05     36828 40723.5 41029.6    35827    2826    2826   33001
         150    2.7e+05     36828 40688.3 40688.3    36030    2822    2822   33208
         151    2.7e+05     36828 40688.3 41036.3    36292    2821    2821   33471
         152    2.7e+05     36828 40688.3   40740    36289    2822    2822   33467
         153    2.7e+05     36828 40688.3 40867.4    35907    2820    2820   33087
         154    2.7e+05     36828 40688.3 40807.5    36074    2822    2822   33252
         155    2.7e+05     36828 40688.3 40841.1    35393    2821    2821   32572
         156    2.7e+05     36828 40688.3 40735.3    34372    2823    2823   31549
         157    2.7e+05     36828 40688.3 40997.4    33307    2822    2822   30485
         158    2.7e+05     36828 40688.3   40724    33344    2823    2823   30521
         159    2.7e+05     36828 40688.3   40911    33266    2825    2825   30441
         160    2.7e+05     36828 40688.3   40779    32236    2825    2825   29411
         161    2.7e+05     36828 40688.3 40946.2    33203    2823    2823   30380
         162    2.7e+05     36828 40688.3 40756.1    33834    2821    2821   31013
         163    2.7e+05     36828 40688.3 40910.8    34139    2826    2826   31313
         164    2.7e+05     36828 40688.3 40716.9    35897    2823    2823   33074
         165    2.7e+05     36828 40688.3 40911.4    35454    2821    2821   32633
         166    2.7e+05     36828 40688.3 40701.8    35618    2823    2823   32795
         167    2.7e+05     36828 40688.3 40847.3    35297    2824    2824   32473
         168    2.8e+05     36828 40668.3 40668.3    35597    2821    2821   32776
         169    2.8e+05     36828 40668.3 40979.6    35554    2821    2821   32733
         170    2.8e+05     36828 40668.3 40701.2    34434    2823    2823   31611
         171    2.8e+05     36828 40668.3 40945.6    35160    2821    2821   32339
         172    2.8e+05     36828 40668.3 40690.6    35574    2822    2822   32752
         173    2.8e+05     36828 40668.3   40957    34896    2823    2823   32073
         174    2.8e+05     36828 40666.8 40666.8    34736    2822    2822   31914
         175    2.8e+05     36828 40666.8 40977.1    34745    2820    2820   31925
         176    2.8e+05     36828 40666.8 40695.5    34926    2824    2824   32102
         177    2.8e+05     36828 40666.8 40902.5    35524    2819    2819   32705
         178    2.8e+05     36828 40648.7 40648.7    34737    2822    2822   31915
         179    2.8e+05     36828 40648.7 40947.7    35577    2822    2822   32755
         180    2.8e+05     36828 40648.7 40663.6    36647    2822    2822   33825
         181    2.8e+05     36828 40648.7 40937.7    36599    2821    2821   33778
    *    182    2.8e+05     37331   40632   40632    37331    2820    2820   34511
    *    183    2.8e+05     37390   40632 40895.1    37390    2821    2821   34569
         184    2.8e+05     37390   40632 40633.7    36755    2822    2822   33933
         185    2.8e+05     37390   40632 40857.3    36936    2819    2819   34117
         186    2.8e+05     37390   40632 40725.2    37255    2822    2822   34433
         187    2.8e+05     37390   40632 40782.4    36813    2819    2819   33994
         188    2.8e+05     37390   40632 40691.8    36564    2825    2825   33739
         189    2.8e+05     37390   40632 40929.7    36104    2822    2822   33282
         190    2.8e+05     37390   40632 40668.1    35569    2824    2824   32745
         191    2.8e+05     37390   40632 40855.1    35963    2821    2821   33142
         192    2.8e+05     37390   40632 40689.3    35812    2822    2822   32990
         193    2.8e+05     37390   40632 40865.2    35613    2822    2822   32791
         194    2.8e+05     37390   40632 40749.6    34883    2822    2822   32061
         195    2.8e+05     37390   40632 40776.3    35919    2822    2822   33097
         196    2.8e+05     37390   40632 40799.9    34060    2823    2823   31237
         197    2.8e+05     37390   40632 40750.5    34424    2821    2821   31603
         198    2.8e+05     37390   40632 40796.8    33830    2822    2822   31008
         199    2.8e+05     37390   40632 40859.1    33239    2825    2825   30414
         200    2.9e+05     37390   40632 40651.2    32794    2825    2825   29969
         201    2.9e+05     37390   40632 40850.8    33944    2823    2823   31121
         202    2.9e+05     37390   40632 40661.4    34902    2825    2825   32077
         203    2.9e+05     37390   40632 40899.2    36654    2821    2821   33833
         204    2.9e+05     37390 40613.6 40613.6    36467    2823    2823   33644
         205    2.9e+05     37390 40613.6 40856.1    35954    2821    2821   33133
         206    2.9e+05     37390 40613.6 40678.5    36331    2824    2824   33507
         207    2.9e+05     37390 40613.6 40831.3    35528    2821    2821   32707
         208    2.9e+05     37390 40613.6 40710.3    35197    2823    2823   32374
         209    2.9e+05     37390 40613.6 40775.6    35900    2819    2819   33081
         210    2.9e+05     37390 40613.6 40727.1    34961    2821    2821   32140
         211    2.9e+05     37390 40613.6 40801.8    34825    2820    2820   32005
         212    2.9e+05     37390 40613.6 40815.5    34018    2823    2823   31195
         213    2.9e+05     37390 40613.6   40776    34390    2822    2822   31568
         214    2.9e+05     37390 40613.6 40728.2    34742    2825    2825   31917
         215    2.9e+05     37390 40613.6 40844.3    35346    2823    2823   32523
         216    2.9e+05     37390 40613.6   40670    36247    2820    2820   33427
         217    2.9e+05     37390 40613.6 40883.8    35760    2823    2823   32937
         218    2.9e+05     37390 40613.6 40677.4    35129    2823    2823   32306
         219    2.9e+05     37390 40613.6 40801.8    35890    2822    2822   33068
         220    2.9e+05     37390 40613.6 40727.2    36097    2820    2820   33277
         221    2.9e+05     37390 40613.6 40796.2    36036    2821    2821   33215
         222    2.9e+05     37390 40613.6   40658    36655    2821    2821   33834
         223    2.9e+05     37390 40613.6 40872.8    37218    2820    2820   34398
    *    224    2.9e+05     37681 40613.6 40665.5    37681    2820    2820   34861
    *    225    2.9e+05     37891 40613.6 40763.5    37891    2819    2819   35072
         226    2.9e+05     37891 40609.9 40609.9    37725    2821    2821   34904
         227    2.9e+05     37891 40609.9 40787.2    37587    2819    2819   34768
         228    2.9e+05     37891 40609.9 40715.5    37153    2821    2821   34332
         229    2.9e+05     37891 40609.9 40837.5    37023    2821    2821   34202
         230    2.9e+05     37891 40609.9 40657.3    37544    2821    2821   34723
         231    2.9e+05     37891 40609.9 40743.6    37394    2819    2819   34575
         232    2.9e+05     37891 40609.9 40733.6    37751    2821    2821   34930
    *    233    2.9e+05     38172 40609.9 40703.6    38172    2820    2820   35352
         234    2.9e+05     38172 40609.9 40649.3    37473    2821    2821   34652
         235    2.9e+05     38172 40609.9 40685.9    37359    2819    2819   34540
         236    2.9e+05     38172 40609.9 40730.8    37015    2818    2818   34197
         237    2.9e+05     38172 40609.9 40701.9    36652    2822    2822   33830
         238    2.9e+05     38172 40609.9 40700.1    37280    2821    2821   34459
         239    2.9e+05     38172 40609.9 40721.2    37388    2818    2818   34570
         240    2.9e+05     38172 40603.3 40603.3    36540    2822    2822   33718
         241    2.9e+05     38172 40603.3 40848.7    36476    2821    2821   33655
         242    2.9e+05     38172 40603.3 40628.5    36829    2821    2821   34008
         243    3.0e+05     38172 40603.3 40797.6    37196    2822    2822   34374
         244    3.0e+05     38172 40603.3 40664.5    37422    2822    2822   34600
         245    3.0e+05     38172 40603.3 40751.9    37107    2819    2819   34288
         246    3.0e+05     38172 40585.7 40585.7    37311    2821    2821   34490
         247    3.0e+05     38172 40585.7 40849.7    37097    2821    2821   34276
         248    3.0e+05     38172 40585.7   40614    37866    2820    2820   35046
         249    3.0e+05     38172 40585.7 40758.3    37838    2820    2820   35018
    *    250    3.0e+05     38331 40585.7 40628.2    38331    2820    2820   35511
         251    3.0e+05     38331 40585.7 40698.9    37731    2820    2820   34911
         252    3.0e+05     38331 40585.7 40613.2    37413    2820    2820   34593
         253    3.0e+05     38331 40585.7 40844.5    37256    2820    2820   34436
         254    3.0e+05     38331 40585.7 40621.9    37402    2821    2821   34581
         255    3.0e+05     38331 40585.7 40825.1    36491    2820    2820   33671
         256    3.0e+05     38331 40585.7 40655.5    36180    2822    2822   33358
         257    3.0e+05     38331 40585.7 40755.9    35736    2822    2822   32914
         258    3.0e+05     38331 40585.7 40795.2    33853    2821    2821   31032
         259    3.0e+05     38331 40585.7   40710    34549    2822    2822   31727
         260    3.0e+05     38331 40585.7 40739.9    34559    2822    2822   31737
         261    3.0e+05     38331 40585.7 40867.9    34307    2823    2823   31484
         262    3.0e+05     38331 40585.7 40643.4    35425    2824    2824   32601
         263    3.0e+05     38331 40585.7 40704.1    35728    2825    2825   32903
         264    3.0e+05     38331 40585.7 40648.8    35440    2821    2821   32619
         265    3.0e+05     38331 40585.7 40738.8    36199    2822    2822   33377
         266    3.0e+05     38331 40585.7 40675.1    36584    2822    2822   33762
         267    3.0e+05     38331 40585.7 40657.3    37002    2820    2820   34182
         268    3.0e+05     38331 40585.7   40669    36934    2820    2820   34114
         269    3.0e+05     38331 40585.7 40815.1    36908    2820    2820   34088
         270    3.0e+05     38331 40585.7 40711.7    36622    2821    2821   33801
         271    3.0e+05     38331 40585.7 40727.3    37668    2822    2822   34846
               reducing step to 0.1
         272    3.0e+05     38331 40115.5 40115.5    35430    2821    2821   32609
         273    3.0e+05     38331   39922   39922    33454    2822    2822   30632
         274    3.0e+05     38331   39922 39934.8    35830    2822    2822   33008
         275    3.0e+05     38331 39863.5 39863.5    37032    2821    2821   34211
         276    3.0e+05     38331 39856.6 39856.6    37962    2820    2820   35142
         277    3.0e+05     38331 39856.6 39862.3    37883    2819    2819   35064
         278    3.0e+05     38331 39856.6 39860.3    38158    2821    2821   35337
    *    279    3.0e+05     38342 39824.8 39824.8    38342    2819    2819   35523
    *    280    3.0e+05     38624 39824.8 39860.5    38624    2819    2819   35805
         281    3.0e+05     38624 39824.8   39829    38445    2819    2819   35626
         282    3.0e+05     38624 39824.8 39873.1    38614    2818    2818   35796
    *    283    3.0e+05     38809 39814.6 39814.6    38809    2818    2818   35991
         284    3.0e+05     38809 39814.6 39872.2    38768    2819    2819   35949
         285    3.0e+05     38809 39814.6 39838.1    38624    2818    2818   35806
         286    3.0e+05     38809 39814.6 39852.2    38551    2818    2818   35733
         287    3.0e+05     38809 39813.4 39813.4    38740    2818    2818   35922
    *    288    3.0e+05     39014 39813.4 39861.9    39014    2818    2818   36196
         289    3.0e+05     39014 39813.4 39819.7    38964    2818    2818   36146
         290    3.0e+05     39014 39813.4 39845.1    38981    2818    2818   36163
         291    3.0e+05     39014 39813.4 39817.6    38953    2818    2818   36135
         292    3.0e+05     39014 39813.4 39842.2    38950    2818    2818   36132
         293    3.0e+05     39014 39813.4 39818.4    38951    2819    2819   36132
         294    3.0e+05     39014 39813.4 39834.1    38958    2818    2818   36140
         295    3.0e+05     39014 39813.4 39817.6    38989    2818    2818   36171
         296    3.0e+05     39014 39813.4 39834.8    38893    2819    2819   36074
         297    3.0e+05     39014 39811.7 39811.7    38952    2818    2818   36134
         298    3.0e+05     39014 39811.7 39848.2    38953    2818    2818   36135
    *    299    3.0e+05     39021 39811.7   39829    39021    2818    2818   36203
    *    300    3.0e+05     39024 39811.7 39844.6    39024    2818    2818   36206
    *    301    3.0e+05     39032 39808.2 39808.2    39032    2818    2818   36214
         302    3.0e+05     39032 39808.2 39837.1    39002    2818    2818   36184
    *    303    3.0e+05     39040 39807.6 39807.6    39040    2818    2818   36222
         304    3.0e+05     39040 39807.6 39836.8    38983    2818    2818   36165
         305    3.0e+05     39040 39807.6 39810.9    38965    2818    2818   36147
         306    3.0e+05     39040 39807.6 39835.8    39021    2818    2818   36203
         307    3.0e+05     39040 39807.6 39810.3    39033    2818    2818   36215
         308    3.0e+05     39040 39807.6 39833.9    38988    2818    2818   36170
         309    3.0e+05     39040 39807.6 39812.1    38979    2818    2818   36161
         310    3.0e+05     39040 39807.6 39828.9    38982    2818    2818   36164
         311    3.0e+05     39040 39807.6 39811.1    38973    2818    2818   36155
         312    3.0e+05     39040 39807.6 39829.3    38990    2818    2818   36172
         313    3.0e+05     39040 39807.6 39812.2    38933    2818    2818   36115
         314    3.0e+05     39040 39807.6 39825.6    38974    2818    2818   36156
         315    3.0e+05     39040 39807.6 39809.3    39025    2818    2818   36207
         316    3.0e+05     39040 39807.6 39826.3    38994    2818    2818   36176
         317    3.0e+05     39040 39807.6 39811.7    38997    2818    2818   36179
         318    3.0e+05     39040 39807.6 39828.2    38961    2819    2819   36142
         319    3.0e+05     39040 39807.6 39811.9    38978    2818    2818   36160
         320    3.0e+05     39040 39807.6 39830.3    38974    2818    2818   36156
         321    3.0e+05     39040 39807.6 39811.5    38981    2818    2818   36163
         322    3.0e+05     39040 39807.6 39826.4    38988    2819    2819   36169
         323    3.0e+05     39040 39807.6 39809.1    38887    2818    2818   36069
         324    3.0e+05     39040 39807.6 39826.6    38990    2818    2818   36172
         325    3.0e+05     39040 39807.6 39810.1    39014    2818    2818   36196
         326    3.0e+05     39040 39807.6   39823    39019    2818    2818   36201
         327    3.0e+05     39040 39807.6 39811.5    39033    2818    2818   36215
         328    3.0e+05     39040 39807.6 39832.2    39003    2818    2818   36185
               reducing step to 0.05
         329    3.0e+05     39040 39622.2 39622.2    37772    2820    2820   34952
         330    3.0e+05     39040 39553.1 39553.1    37460    2821    2821   34639
         331    3.0e+05     39040 39553.1 39569.7    38662    2819    2819   35843
         332    3.0e+05     39040 39540.9 39540.9    39015    2818    2818   36197
    *    333    3.0e+05     39045 39540.9 39572.1    39045    2818    2818   36227
         334    3.0e+05     39045 39536.5 39536.5    38942    2818    2818   36124
         335    3.0e+05     39045 39536.5 39565.5    38975    2818    2818   36157
         336    3.0e+05     39045 39526.9 39526.9    38894    2818    2818   36076
         337    3.0e+05     39045 39526.9 39559.8    38890    2818    2818   36072
    *    338    3.0e+05     39071 39525.2 39525.2    39071    2818    2818   36253
         339    3.0e+05     39071 39525.2   39561    38989    2818    2818   36171
         340    3.0e+05     39071 39521.5 39521.5    39065    2818    2818   36247
         341    3.0e+05     39071 39521.5 39560.4    39055    2818    2818   36237
         342    3.0e+05     39071 39520.4 39520.4    39041    2818    2818   36223
    *    343    3.0e+05     39103 39520.4 39557.8    39103    2818    2818   36285
         344    3.0e+05     39103 39520.4 39522.8    39071    2818    2818   36253
         345    3.0e+05     39103 39520.4 39555.9    39103    2818    2818   36285
         346    3.0e+05     39103 39520.4 39521.5    39094    2818    2818   36276
         347    3.0e+05     39103 39520.4 39551.2    38965    2818    2818   36147
         348    3.0e+05     39103 39520.1 39520.1    39056    2818    2818   36238
         349    3.0e+05     39103 39520.1 39553.7    39077    2818    2818   36259
    *    350    3.0e+05     39107 39520.1 39520.1    39107    2818    2818   36289
         351    3.0e+05     39107 39520.1 39553.7    38969    2819    2819   36150
         352    3.0e+05     39107 39520.1 39520.3    39043    2818    2818   36225
    *    353    3.0e+05     39124 39520.1 39556.1    39124    2818    2818   36306
         354    3.0e+05     39124 39518.9 39518.9    39102    2818    2818   36284
         355    3.0e+05     39124 39518.9 39552.1    39068    2818    2818   36250
         356    3.0e+05     39124 39518.9 39520.8    39085    2818    2818   36267
         357    3.0e+05     39124 39518.9 39552.8    39102    2818    2818   36284
         358    3.0e+05     39124 39518.9 39518.9    39048    2819    2819   36229
    *    359    3.0e+05     39125 39518.9 39547.8    39125    2818    2818   36307
    *    360    3.0e+05     39133 39518.9 39519.5    39133    2818    2818   36315
         361    3.0e+05     39133 39518.9 39549.8    39114    2818    2818   36296
         362    3.0e+05     39133 39517.1 39517.1    39129    2818    2818   36311
         363    3.0e+05     39133 39517.1 39549.8    39120    2818    2818   36302
         364    3.0e+05     39133 39517.1 39517.6    39124    2818    2818   36306
         365    3.0e+05     39133 39517.1 39548.8    39100    2818    2818   36282
         366    3.0e+05     39133 39517.1 39517.8    39123    2818    2818   36305
         367    3.0e+05     39133 39517.1   39550    39105    2818    2818   36287
         368    3.0e+05     39133 39516.3 39516.3    39082    2818    2818   36264
         369    3.0e+05     39133 39516.3 39549.3    39111    2818    2818   36293
         370    3.0e+05     39133 39515.7 39515.7    39078    2819    2819   36259
         371    3.0e+05     39133 39515.7 39549.1    39117    2818    2818   36299
         372    3.0e+05     39133 39515.7 39518.7    39126    2818    2818   36308
         373    3.0e+05     39133 39515.7 39550.1    39127    2818    2818   36309
         374    3.0e+05     39133 39515.7 39516.2    39095    2818    2818   36277
         375    3.0e+05     39133 39515.7 39548.8    39076    2818    2818   36258
         376    3.0e+05     39133 39515.7 39515.8    39115    2818    2818   36297
         377    3.0e+05     39133 39515.7 39548.4    39107    2818    2818   36289
         378    3.0e+05     39133 39515.7 39516.3    39128    2818    2818   36310
         379    3.0e+05     39133 39515.7 39548.3    39126    2818    2818   36308
         380    3.0e+05     39133 39515.5 39515.5    39129    2818    2818   36311
         381    3.0e+05     39133 39515.5 39547.8    39118    2818    2818   36300
         382    3.0e+05     39133 39514.3 39514.3    39114    2818    2818   36296
         383    3.0e+05     39133 39514.3 39549.6    39129    2818    2818   36311
         384    3.0e+05     39133 39514.3 39516.2    39098    2818    2818   36280
         385    3.0e+05     39133 39514.3 39548.3    39090    2818    2818   36272
         386    3.0e+05     39133 39514.3 39516.5    39079    2818    2818   36261
         387    3.0e+05     39133 39514.3 39547.7    39120    2818    2818   36302
         388    3.0e+05     39133 39513.3 39513.3    39108    2818    2818   36290
         389    3.0e+05     39133 39513.3 39548.6    39126    2818    2818   36308
         390    3.0e+05     39133 39513.3   39516    39112    2818    2818   36294
         391    3.0e+05     39133 39513.3 39545.3    39117    2818    2818   36299
         392    3.0e+05     39133 39513.3 39516.6    39118    2818    2818   36300
    *    393    3.0e+05     39134 39513.3 39548.4    39134    2818    2818   36316
         394    3.0e+05     39134 39513.2 39513.2    39121    2818    2818   36303
         395    3.0e+05     39134 39513.2 39546.1    39132    2818    2818   36314
         396    3.0e+05     39134 39513.2   39515    39129    2818    2818   36311
         397    3.0e+05     39134 39513.2   39547    39126    2818    2818   36308
         398    3.0e+05     39134 39513.2   39516    39133    2818    2818   36315
         399    3.0e+05     39134 39513.2   39543    39121    2818    2818   36303
         400    3.0e+05     39134 39513.2 39515.5    39121    2818    2818   36303
         401    3.0e+05     39134 39513.2 39544.5    39128    2818    2818   36310
         402    3.0e+05     39134 39513.2 39514.2    39122    2818    2818   36304
         403    3.0e+05     39134 39513.2   39546    39118    2818    2818   36300
         404    3.0e+05     39134 39513.2 39514.7    39127    2818    2818   36309
         405    3.0e+05     39134 39513.2 39545.6    39127    2818    2818   36309
         406    3.0e+05     39134 39513.2   39514    39122    2818    2818   36304
         407    3.0e+05     39134 39513.2 39545.3    39133    2818    2818   36315
         408    3.0e+05     39134 39513.2 39514.6    39118    2818    2818   36300
    *    409    3.0e+05     39143 39513.2 39545.2    39143    2818    2818   36325
         410    3.0e+05     39143 39513.2 39516.1    39131    2818    2818   36313
    *    411    3.0e+05     39147 39513.2 39542.1    39147    2818    2818   36329
         412    3.0e+05     39147 39513.2 39516.3    39143    2818    2818   36325
         413    3.0e+05     39147 39513.2 39544.1    39136    2818    2818   36318
         414    3.0e+05     39147 39513.2 39515.2    39129    2818    2818   36311
         415    3.0e+05     39147 39513.2 39541.8    39136    2818    2818   36318
         416    3.0e+05     39147 39513.2 39515.4    39122    2818    2818   36304
         417    3.0e+05     39147 39513.2 39541.3    39125    2818    2818   36307
         418    3.0e+05     39147 39513.2 39514.1    39136    2818    2818   36318
         419    3.0e+05     39147 39513.2 39542.8    39123    2818    2818   36305
               reducing step to 0.025
         420    3.0e+05     39147 39446.4 39446.4    38643    2819    2819   35824
         421    3.0e+05     39147 39412.2 39412.2    38478    2820    2820   35658
         422    3.0e+05     39147 39412.2 39425.2    39019    2818    2818   36201
         423    3.0e+05     39147 39405.9 39405.9    39115    2818    2818   36297
         424    3.0e+05     39147 39405.9 39417.1    39085    2818    2818   36267
         425    3.0e+05     39147 39401.2 39401.2    39111    2818    2818   36293
         426    3.0e+05     39147 39401.2 39417.3    39122    2818    2818   36304
         427    3.0e+05     39147 39398.8 39398.8    39128    2818    2818   36310
         428    3.0e+05     39147 39398.8   39414    39083    2818    2818   36265
         429    3.0e+05     39147   39397   39397    39121    2818    2818   36303
         430    3.0e+05     39147   39397 39410.5    39138    2818    2818   36320
    *    431    3.0e+05     39149   39397 39397.7    39149    2818    2818   36331
         432    3.0e+05     39149   39397 39407.1    39136    2818    2818   36318
         433    3.0e+05     39149 39396.5 39396.5    39120    2818    2818   36302
    *    434    3.0e+05     39155 39396.5 39409.1    39155    2818    2818   36337
    *    435    3.0e+05     39157 39394.2 39394.2    39157    2818    2818   36339
         436    3.0e+05     39157 39394.2 39410.4    39125    2818    2818   36307
         437    3.0e+05     39157 39394.2 39394.4    39139    2818    2818   36321
         438    3.0e+05     39157 39394.2   39406    39152    2818    2818   36334
         439    3.0e+05     39157 39393.1 39393.1    39154    2818    2818   36336
    *    440    3.0e+05     39160 39393.1 39408.8    39160    2818    2818   36342
         441    3.0e+05     39160 39392.3 39392.3    39160    2818    2818   36342
         442    3.0e+05     39160 39392.3 39407.7    39151    2818    2818   36333
         443    3.0e+05     39160   39392   39392    39136    2818    2818   36318
         444    3.0e+05     39160   39392 39405.8    39133    2818    2818   36315
    *    445    3.0e+05     39169   39392 39392.4    39169    2818    2818   36351
         446    3.0e+05     39169   39392 39407.4    39149    2818    2818   36331
         447    3.0e+05     39169 39391.9 39391.9    39159    2818    2818   36341
         448    3.0e+05     39169 39391.9 39406.9    39151    2818    2818   36333
         449    3.0e+05     39169 39391.8 39391.8    39163    2818    2818   36345
         450    3.0e+05     39169 39391.8 39404.1    39149    2818    2818   36331
    *    451    3.0e+05     39173 39390.6 39390.6    39173    2818    2818   36355
         452    3.0e+05     39173 39390.6 39407.3    39158    2818    2818   36340
         453    3.0e+05     39173 39390.6 39392.4    39150    2818    2818   36332
         454    3.0e+05     39173 39390.6 39405.1    39159    2818    2818   36341
         455    3.0e+05     39173 39390.6   39392    39164    2818    2818   36346
         456    3.0e+05     39173 39390.6 39403.1    39155    2818    2818   36337
         457    3.0e+05     39173 39390.6   39393    39165    2818    2818   36347
         458    3.0e+05     39173 39390.6 39405.7    39146    2818    2818   36328
         459    3.0e+05     39173 39390.6 39391.2    39167    2818    2818   36349
         460    3.0e+05     39173 39390.6 39405.8    39153    2818    2818   36335
         461    3.0e+05     39173 39390.6 39392.2    39159    2818    2818   36341
         462    3.0e+05     39173 39390.6 39402.5    39149    2818    2818   36331
         463    3.0e+05     39173 39390.3 39390.3    39154    2818    2818   36336
         464    3.0e+05     39173 39390.3 39405.9    39154    2818    2818   36336
         465    3.0e+05     39173 39390.3 39391.2    39154    2818    2818   36336
         466    3.0e+05     39173 39390.3 39404.8    39153    2818    2818   36335
         467    3.0e+05     39173 39390.3 39392.3    39159    2818    2818   36341
         468    3.0e+05     39173 39390.3 39402.2    39146    2818    2818   36328
         469    3.0e+05     39173 39390.3 39392.4    39157    2818    2818   36339
         470    3.0e+05     39173 39390.3 39404.4    39127    2818    2818   36309
         471    3.0e+05     39173 39390.3 39391.3    39168    2818    2818   36350
         472    3.0e+05     39173 39390.3 39405.8    39160    2818    2818   36342
         473    3.0e+05     39173 39390.3 39390.8    39163    2818    2818   36345
         474    3.0e+05     39173 39390.3 39402.1    39143    2818    2818   36325
         475    3.0e+05     39173 39390.2 39390.2    39164    2818    2818   36346
         476    3.0e+05     39173 39390.2 39404.5    39138    2818    2818   36320
         477    3.0e+05     39173 39390.2 39390.6    39157    2818    2818   36339
         478    3.0e+05     39173 39390.2 39403.4    39153    2818    2818   36335
         479    3.0e+05     39173 39390.2 39391.7    39171    2818    2818   36353
         480    3.0e+05     39173 39390.2 39402.4    39154    2818    2818   36336
         481    3.0e+05     39173 39390.2 39390.3    39161    2818    2818   36343
         482    3.0e+05     39173 39390.2 39404.4    39141    2818    2818   36323
         483    3.0e+05     39173 39389.2 39389.2    39149    2818    2818   36331
         484    3.0e+05     39173 39389.2 39404.2    39143    2818    2818   36325
         485    3.0e+05     39173 39389.2 39389.7    39132    2818    2818   36314
         486    3.0e+05     39173 39389.2   39401    39160    2818    2818   36342
         487    3.0e+05     39173 39388.9 39388.9    39168    2818    2818   36350
         488    3.0e+05     39173 39388.9 39405.5    39163    2818    2818   36345
         489    3.0e+05     39173 39388.8 39388.8    39171    2818    2818   36353
         490    3.0e+05     39173 39388.8 39404.6    39145    2818    2818   36327
         491    3.0e+05     39173 39388.8 39389.9    39164    2818    2818   36346
         492    3.0e+05     39173 39388.8 39401.9    39132    2818    2818   36314
         493    3.0e+05     39173 39388.8 39390.3    39135    2818    2818   36317
         494    3.0e+05     39173 39388.8 39403.5    39145    2818    2818   36327
         495    3.0e+05     39173 39388.8 39389.2    39155    2818    2818   36337
         496    3.0e+05     39173 39388.8 39404.7    39139    2818    2818   36321
         497    3.0e+05     39173 39388.8 39389.5    39160    2818    2818   36342
         498    3.0e+05     39173 39388.8 39400.5    39149    2818    2818   36331
         499    3.0e+05     39173 39388.8 39390.8    39159    2818    2818   36341
         500    3.0e+05     39173 39388.8 39404.3    39139    2818    2818   36321
         501    3.0e+05     39173 39388.1 39388.1    39154    2818    2818   36336
         502    3.0e+05     39173 39388.1 39403.8    39148    2818    2818   36330
         503    3.0e+05     39173 39388.1 39388.7    39167    2818    2818   36349
         504    3.0e+05     39173 39388.1 39400.5    39141    2818    2818   36323
         505    3.0e+05     39173 39388.1 39390.1    39160    2818    2818   36342
         506    3.0e+05     39173 39388.1 39403.7    39142    2818    2818   36324
         507    3.0e+05     39173 39388.1 39388.6    39161    2818    2818   36343
         508    3.0e+05     39173 39388.1 39402.7    39138    2818    2818   36320
         509    3.0e+05     39173 39388.1 39388.2    39161    2818    2818   36343
         510    3.0e+05     39173 39388.1 39399.5    39147    2818    2818   36329
         511    3.0e+05     39173 39387.4 39387.4    39163    2818    2818   36345
         512    3.0e+05     39173 39387.4   39404    39143    2818    2818   36325
         513    3.0e+05     39173 39387.4   39388    39163    2818    2818   36345
         514    3.0e+05     39173 39387.4 39403.2    39152    2818    2818   36334
         515    3.0e+05     39173 39387.4 39390.1    39159    2818    2818   36341
         516    3.0e+05     39173 39387.4 39400.4    39141    2818    2818   36323
         517    3.0e+05     39173 39387.4 39389.3    39158    2818    2818   36340
         518    3.0e+05     39173 39387.4 39402.8    39147    2818    2818   36329
         519    3.0e+05     39173 39387.4 39387.8    39167    2818    2818   36349
         520    3.0e+05     39173 39387.4 39402.1    39139    2818    2818   36321
         521    3.0e+05     39173 39387.4 39389.1    39166    2818    2818   36348
         522    3.0e+05     39173 39387.4 39399.4    39146    2818    2818   36328
         523    3.0e+05     39173 39387.4 39388.4    39158    2818    2818   36340
         524    3.0e+05     39173 39387.4 39403.3    39149    2818    2818   36331
         525    3.0e+05     39173 39387.4 39388.4    39163    2818    2818   36345
         526    3.0e+05     39173 39387.4   39402    39142    2818    2818   36324
         527    3.0e+05     39173 39387.4 39388.9    39166    2818    2818   36348
         528    3.0e+05     39173 39387.4 39399.5    39142    2818    2818   36324
         529    3.0e+05     39173 39387.4 39388.6    39162    2818    2818   36344
         530    3.0e+05     39173 39387.4 39402.6    39154    2818    2818   36336
         531    3.0e+05     39173   39386   39386    39163    2818    2818   36345
         532    3.0e+05     39173   39386 39402.1    39144    2818    2818   36326
         533    3.0e+05     39173   39386   39388    39165    2818    2818   36347
         534    3.0e+05     39173   39386 39399.4    39149    2818    2818   36331
         535    3.0e+05     39173   39386 39387.6    39165    2818    2818   36347
         536    3.0e+05     39173   39386   39403    39137    2818    2818   36319
         537    3.0e+05     39173   39386 39388.3    39163    2818    2818   36345
         538    3.0e+05     39173   39386 39402.3    39147    2818    2818   36329
         539    3.0e+05     39173   39386 39388.9    39165    2818    2818   36347
         540    3.0e+05     39173   39386 39399.4    39153    2818    2818   36335
         541    3.0e+05     39173   39386 39388.7    39160    2818    2818   36342
         542    3.0e+05     39173   39386 39401.8    39141    2818    2818   36323
         543    3.0e+05     39173   39386 39388.1    39165    2818    2818   36347
         544    3.0e+05     39173   39386 39401.3    39141    2818    2818   36323
         545    3.0e+05     39173   39386 39387.8    39147    2818    2818   36329
         546    3.0e+05     39173   39386 39399.4    39139    2818    2818   36321
         547    3.0e+05     39173   39386   39388    39158    2818    2818   36340
         548    3.0e+05     39173   39386 39402.9    39149    2818    2818   36331
         549    3.0e+05     39173   39386 39387.9    39160    2818    2818   36342
         550    3.0e+05     39173   39386 39401.9    39139    2818    2818   36321
         551    3.0e+05     39173   39386   39389    39159    2818    2818   36341
         552    3.0e+05     39173   39386 39398.5    39150    2818    2818   36332
         553    3.0e+05     39173   39386 39388.9    39163    2818    2818   36345
         554    3.0e+05     39173   39386 39401.6    39154    2818    2818   36336
         555    3.0e+05     39173   39386 39387.9    39162    2818    2818   36344
         556    3.0e+05     39173   39386 39401.7    39148    2818    2818   36330
               reducing step to 0.0125
         557    3.0e+05     39173 39363.2 39363.2    39014    2818    2818   36196
         558    3.0e+05     39173 39349.3 39349.3    39103    2818    2818   36285
         559    3.0e+05     39173 39349.3 39357.4    39049    2818    2818   36231
         560    3.0e+05     39173 39344.5 39344.5    39060    2818    2818   36242
         561    3.0e+05     39173 39344.5   39353    39148    2818    2818   36330
         562    3.0e+05     39173 39342.2 39342.2    39105    2818    2818   36287
         563    3.0e+05     39173 39342.2   39354    39150    2818    2818   36332
         564    3.0e+05     39173 39340.7 39340.7    39139    2818    2818   36321
         565    3.0e+05     39173 39340.7 39352.2    39157    2818    2818   36339
         566    3.0e+05     39173 39338.3 39338.3    39149    2818    2818   36331
         567    3.0e+05     39173 39338.3 39350.7    39154    2818    2818   36336
         568    3.0e+05     39173 39337.7 39337.7    39161    2818    2818   36343
         569    3.0e+05     39173 39337.7 39350.1    39167    2818    2818   36349
         570    3.0e+05     39173 39337.1 39337.1    39153    2818    2818   36335
         571    3.0e+05     39173 39337.1 39349.5    39162    2818    2818   36344
         572    3.0e+05     39173 39337.1 39337.1    39159    2818    2818   36341
         573    3.0e+05     39173 39337.1 39348.5    39170    2818    2818   36352
         574    3.0e+05     39173 39336.3 39336.3    39160    2818    2818   36342
         575    3.0e+05     39173 39336.3   39348    39172    2818    2818   36354
         576    3.0e+05     39173 39336.3 39336.6    39148    2818    2818   36330
         577    3.0e+05     39173 39336.3 39348.3    39166    2818    2818   36348
         578    3.0e+05     39173 39336.1 39336.1    39150    2818    2818   36332
    *    579    3.0e+05     39175 39336.1 39347.9    39175    2818    2818   36357
         580    3.0e+05     39175 39335.7 39335.7    39159    2818    2818   36341
         581    3.0e+05     39175 39335.7 39347.1    39174    2818    2818   36356
         582    3.0e+05     39175 39335.7 39336.4    39168    2818    2818   36350
    *    583    3.0e+05     39181 39335.7 39346.8    39181    2818    2818   36363
         584    3.0e+05     39181 39335.7 39335.7    39150    2818    2818   36332
         585    3.0e+05     39181 39335.7 39347.2    39179    2818    2818   36361
         586    3.0e+05     39181 39334.8 39334.8    39166    2818    2818   36348
         587    3.0e+05     39181 39334.8   39347    39167    2818    2818   36349
         588    3.0e+05     39181 39334.8 39335.4    39149    2818    2818   36331
         589    3.0e+05     39181 39334.8 39347.3    39169    2818    2818   36351
         590    3.0e+05     39181 39333.9 39333.9    39168    2818    2818   36350
         591    3.0e+05     39181 39333.9 39347.7    39164    2818    2818   36346
         592    3.0e+05     39181 39333.7 39333.7    39169    2818    2818   36351
         593    3.0e+05     39181 39333.7 39346.9    39175    2818    2818   36357
         594    3.0e+05     39181 39333.7 39334.6    39172    2818    2818   36354
         595    3.0e+05     39181 39333.7 39346.2    39161    2818    2818   36343
         596    3.0e+05     39181 39333.7 39334.4    39175    2818    2818   36357
         597    3.0e+05     39181 39333.7 39347.2    39148    2818    2818   36330
         598    3.0e+05     39181 39333.7 39334.6    39168    2818    2818   36350
         599    3.0e+05     39181 39333.7 39346.9    39161    2818    2818   36343
         600    3.0e+05     39181 39333.3 39333.3    39169    2818    2818   36351
         601    3.0e+05     39181 39333.3 39346.1    39159    2818    2818   36341
         602    3.0e+05     39181 39333.1 39333.1    39160    2818    2818   36342
         603    3.0e+05     39181 39333.1 39347.2    39176    2818    2818   36358
         604    3.0e+05     39181   39333   39333    39172    2818    2818   36354
         605    3.0e+05     39181   39333 39346.6    39175    2818    2818   36357
         606    3.0e+05     39181 39332.7 39332.7    39179    2818    2818   36361
         607    3.0e+05     39181 39332.7 39346.8    39172    2818    2818   36354
         608    3.0e+05     39181 39332.7 39333.3    39173    2818    2818   36355
         609    3.0e+05     39181 39332.7 39345.8    39174    2818    2818   36356
         610    3.0e+05     39181 39332.7 39332.8    39160    2818    2818   36342
         611    3.0e+05     39181 39332.7 39346.1    39180    2818    2818   36362
         612    3.0e+05     39181 39332.7 39332.7    39177    2818    2818   36359
         613    3.0e+05     39181 39332.7   39346    39170    2818    2818   36352
         614    3.0e+05     39181 39332.7 39332.9    39154    2818    2818   36336
    *    615    3.0e+05     39185 39332.7 39345.6    39185    2818    2818   36367
         616    3.0e+05     39185 39332.7 39332.9    39121    2819    2819   36302
         617    3.0e+05     39185 39332.7 39346.5    39181    2818    2818   36363
         618    3.0e+05     39185 39332.5 39332.5    39172    2818    2818   36354
         619    3.0e+05     39185 39332.5 39345.9    39182    2818    2818   36364
         620    3.0e+05     39185 39332.5 39333.5    39172    2818    2818   36354
         621    3.0e+05     39185 39332.5 39346.4    39162    2818    2818   36344
         622    3.0e+05     39185 39332.4 39332.4    39153    2818    2818   36335
         623    3.0e+05     39185 39332.4   39347    39175    2818    2818   36357
         624    3.0e+05     39185 39331.9 39331.9    39159    2818    2818   36341
         625    3.0e+05     39185 39331.9 39346.4    39170    2818    2818   36352
         626    3.0e+05     39185 39331.9 39332.8    39173    2818    2818   36355
         627    3.0e+05     39185 39331.9 39346.3    39182    2818    2818   36364
         628    3.0e+05     39185 39331.9   39332    39171    2818    2818   36353
         629    3.0e+05     39185 39331.9 39346.2    39175    2818    2818   36357
         630    3.0e+05     39185 39331.9 39332.3    39174    2818    2818   36356
         631    3.0e+05     39185 39331.9 39345.9    39185    2818    2818   36367
         632    3.0e+05     39185 39331.9 39332.7    39166    2818    2818   36348
         633    3.0e+05     39185 39331.9 39346.2    39184    2818    2818   36366
         634    3.0e+05     39185 39331.9 39332.1    39171    2818    2818   36353
    *    635    3.0e+05     39186 39331.9 39346.2    39186    2818    2818   36368
         636    3.0e+05     39186 39331.8 39331.8    39171    2818    2818   36353
         637    3.0e+05     39186 39331.8 39346.7    39185    2818    2818   36367
         638    3.0e+05     39186 39331.8 39331.9    39158    2818    2818   36340
         639    3.0e+05     39186 39331.8 39345.6    39183    2818    2818   36365
         640    3.0e+05     39186 39331.8 39331.9    39167    2818    2818   36349
         641    3.0e+05     39186 39331.8   39346    39184    2818    2818   36366
         642    3.0e+05     39186 39331.8   39332    39142    2818    2818   36324
         643    3.0e+05     39186 39331.8 39345.5    39182    2818    2818   36364
         644    3.0e+05     39186 39331.8 39332.8    39172    2818    2818   36354
         645    3.0e+05     39186 39331.8 39344.7    39175    2818    2818   36357
         646    3.0e+05     39186 39331.8 39331.9    39172    2818    2818   36354
         647    3.0e+05     39186 39331.8 39346.6    39167    2818    2818   36349
         648    3.0e+05     39186 39331.8   39332    39168    2818    2818   36350
         649    3.0e+05     39186 39331.8 39344.7    39179    2818    2818   36361
         650    3.0e+05     39186 39331.8 39332.6    39168    2818    2818   36350
         651    3.0e+05     39186 39331.8 39344.9    39178    2818    2818   36360
         652    3.0e+05     39186 39331.8 39332.2    39174    2818    2818   36356
         653    3.0e+05     39186 39331.8 39345.3    39167    2818    2818   36349
         654    3.0e+05     39186 39331.8 39331.9    39172    2818    2818   36354
         655    3.0e+05     39186 39331.8 39344.5    39183    2818    2818   36365
         656    3.0e+05     39186 39331.8   39332    39167    2818    2818   36349
         657    3.0e+05     39186 39331.8 39345.6    39173    2818    2818   36355
         658    3.0e+05     39186 39331.6 39331.6    39171    2818    2818   36353
         659    3.0e+05     39186 39331.6 39345.7    39162    2818    2818   36344
         660    3.0e+05     39186 39331.6 39331.7    39174    2818    2818   36356
         661    3.0e+05     39186 39331.6 39346.2    39178    2818    2818   36360
         662    3.0e+05     39186 39331.6 39331.8    39176    2818    2818   36358
         663    3.0e+05     39186 39331.6 39344.7    39175    2818    2818   36357
         664    3.0e+05     39186 39331.6 39331.7    39160    2818    2818   36342
         665    3.0e+05     39186 39331.6 39345.3    39177    2818    2818   36359
         666    3.0e+05     39186 39331.5 39331.5    39165    2818    2818   36347
         667    3.0e+05     39186 39331.5 39345.3    39184    2818    2818   36366
         668    3.0e+05     39186 39331.5 39331.5    39173    2818    2818   36355
         669    3.0e+05     39186 39331.5 39345.8    39176    2818    2818   36358
         670    3.0e+05     39186 39331.5 39331.6    39169    2818    2818   36351
         671    3.0e+05     39186 39331.5 39345.4    39169    2818    2818   36351
         672    3.0e+05     39186 39331.5 39331.7    39167    2818    2818   36349
         673    3.0e+05     39186 39331.5 39345.6    39166    2818    2818   36348
         674    3.0e+05     39186 39331.5 39331.7    39177    2818    2818   36359
         675    3.0e+05     39186 39331.5   39345    39174    2818    2818   36356
         676    3.0e+05     39186 39331.5 39331.8    39143    2818    2818   36325
         677    3.0e+05     39186 39331.5 39345.7    39164    2818    2818   36346
         678    3.0e+05     39186 39331.3 39331.3    39174    2818    2818   36356
         679    3.0e+05     39186 39331.3 39345.8    39179    2818    2818   36361
         680    3.0e+05     39186 39331.3 39331.5    39174    2818    2818   36356
         681    3.0e+05     39186 39331.3 39345.7    39172    2818    2818   36354
         682    3.0e+05     39186 39331.3 39331.5    39155    2818    2818   36337
         683    3.0e+05     39186 39331.3 39345.3    39172    2818    2818   36354
         684    3.0e+05     39186 39331.3 39332.3    39174    2818    2818   36356
         685    3.0e+05     39186 39331.3 39344.8    39184    2818    2818   36366
         686    3.0e+05     39186 39331.3 39331.9    39178    2818    2818   36360
         687    3.0e+05     39186 39331.3 39345.1    39178    2818    2818   36360
         688    3.0e+05     39186 39331.3 39332.1    39169    2818    2818   36351
         689    3.0e+05     39186 39331.3 39344.7    39184    2818    2818   36366
         690    3.0e+05     39186 39331.3 39332.1    39177    2818    2818   36359
         691    3.0e+05     39186 39331.3 39344.8    39186    2818    2818   36368
         692    3.0e+05     39186 39331.3 39332.6    39170    2818    2818   36352
         693    3.0e+05     39186 39331.3   39345    39179    2818    2818   36361
         694    3.0e+05     39186 39331.3   39332    39178    2818    2818   36360
         695    3.0e+05     39186 39331.3 39345.4    39181    2818    2818   36363
    *    696    3.0e+05     39189 39331.3 39331.5    39189    2818    2818   36371
         697    3.0e+05     39189 39331.3 39345.1    39180    2818    2818   36362
         698    3.0e+05     39189 39331.3 39331.8    39181    2818    2818   36363
         699    3.0e+05     39189 39331.3   39345    39182    2818    2818   36364
         700    3.0e+05     39189 39331.3   39332    39178    2818    2818   36360
         701    3.0e+05     39189 39331.3 39344.8    39171    2818    2818   36353
         702    3.0e+05     39189 39331.3 39332.3    39175    2818    2818   36357
         703    3.0e+05     39189 39331.3 39344.6    39176    2818    2818   36358
               reducing step to 0.00625
         704    3.0e+05     39189 39323.4 39323.4    39081    2818    2818   36263
         705    3.0e+05     39189 39316.3 39316.3    39089    2818    2818   36271
         706    3.0e+05     39189 39316.3   39321    39132    2818    2818   36314
         707    3.0e+05     39189 39313.6 39313.6    38985    2818    2818   36167
         708    3.0e+05     39189 39313.6 39320.1    39156    2818    2818   36338
         709    3.0e+05     39189 39313.1 39313.1    39169    2818    2818   36351
         710    3.0e+05     39189 39313.1 39319.8    39170    2818    2818   36352
         711    3.0e+05     39189 39312.2 39312.2    39177    2818    2818   36359
         712    3.0e+05     39189 39312.2 39318.9    39168    2818    2818   36350
         713    3.0e+05     39189 39311.6 39311.6    39172    2818    2818   36354
         714    3.0e+05     39189 39311.6   39318    39176    2818    2818   36358
         715    3.0e+05     39189 39311.4 39311.4    39172    2818    2818   36354
         716    3.0e+05     39189 39311.4 39317.5    39176    2818    2818   36358
         717    3.0e+05     39189   39311   39311    39177    2818    2818   36359
    *    718    3.0e+05     39190   39311 39317.3    39190    2818    2818   36372
         719    3.0e+05     39190 39310.8 39310.8    39184    2818    2818   36366
         720    3.0e+05     39190 39310.8 39317.4    39177    2818    2818   36359
         721    3.0e+05     39190 39310.4 39310.4    39181    2818    2818   36363
         722    3.0e+05     39190 39310.4 39316.9    39175    2818    2818   36357
         723    3.0e+05     39190 39310.3 39310.3    39182    2818    2818   36364
         724    3.0e+05     39190 39310.3 39316.8    39182    2818    2818   36364
         725    3.0e+05     39190 39310.1 39310.1    39176    2818    2818   36358
         726    3.0e+05     39190 39310.1 39316.5    39177    2818    2818   36359
         727    3.0e+05     39190   39310   39310    39176    2818    2818   36358
         728    3.0e+05     39190   39310 39316.8    39190    2818    2818   36372
         729    3.0e+05     39190 39309.9 39309.9    39172    2818    2818   36354
         730    3.0e+05     39190 39309.9   39316    39186    2818    2818   36368
         731    3.0e+05     39190 39309.7 39309.7    39178    2818    2818   36360
         732    3.0e+05     39190 39309.7   39316    39189    2818    2818   36371
         733    3.0e+05     39190 39309.6 39309.6    39181    2818    2818   36363
         734    3.0e+05     39190 39309.6 39316.4    39190    2818    2818   36372
         735    3.0e+05     39190   39309   39309    39167    2818    2818   36349
         736    3.0e+05     39190   39309   39316    39170    2818    2818   36352
         737    3.0e+05     39190   39309 39309.1    39183    2818    2818   36365
    *    738    3.0e+05     39191   39309   39316    39191    2818    2818   36373
         739    3.0e+05     39191 39308.9 39308.9    39181    2818    2818   36363
    *    740    3.0e+05     39193 39308.9 39315.8    39193    2818    2818   36375
         741    3.0e+05     39193 39308.9 39309.1    39181    2818    2818   36363
         742    3.0e+05     39193 39308.9 39315.5    39187    2818    2818   36369
         743    3.0e+05     39193 39308.9   39309    39187    2818    2818   36369
         744    3.0e+05     39193 39308.9 39315.7    39186    2818    2818   36368
         745    3.0e+05     39193 39308.9 39309.1    39174    2818    2818   36356
         746    3.0e+05     39193 39308.9 39315.6    39182    2818    2818   36364
         747    3.0e+05     39193 39308.9 39309.1    39173    2818    2818   36355
         748    3.0e+05     39193 39308.9 39315.5    39179    2818    2818   36361
         749    3.0e+05     39193 39308.7 39308.7    39185    2818    2818   36367
         750    3.0e+05     39193 39308.7 39315.4    39184    2818    2818   36366
         751    3.0e+05     39193 39308.7 39308.8    39174    2818    2818   36356
         752    3.0e+05     39193 39308.7 39315.8    39181    2818    2818   36363
         753    3.0e+05     39193 39308.5 39308.5    39183    2818    2818   36365
         754    3.0e+05     39193 39308.5 39315.5    39190    2818    2818   36372
         755    3.0e+05     39193 39308.5 39308.5    39187    2818    2818   36369
    *    756    3.0e+05     39194 39308.5 39315.5    39194    2818    2818   36376
         757    3.0e+05     39194 39308.5 39308.5    39180    2818    2818   36362
         758    3.0e+05     39194 39308.5 39315.2    39194    2818    2818   36376
         759    3.0e+05     39194 39308.5 39308.6    39182    2818    2818   36364
         760    3.0e+05     39194 39308.5 39315.1    39191    2818    2818   36373
         761    3.0e+05     39194 39308.2 39308.2    39188    2818    2818   36370
         762    3.0e+05     39194 39308.2 39315.1    39191    2818    2818   36373
    *    763    3.0e+05     39195 39308.2 39308.3    39195    2818    2818   36377
    *    764    3.0e+05     39198 39308.2 39315.2    39198    2818    2818   36380
         765    3.0e+05     39198 39308.2 39308.4    39179    2818    2818   36361
         766    3.0e+05     39198 39308.2 39315.2    39180    2818    2818   36362
         767    3.0e+05     39198 39308.1 39308.1    39189    2818    2818   36371
         768    3.0e+05     39198 39308.1 39315.4    39170    2818    2818   36352
         769    3.0e+05     39198 39308.1 39308.1    39183    2818    2818   36365
         770    3.0e+05     39198 39308.1 39315.5    39189    2818    2818   36371
         771    3.0e+05     39198 39308.1 39308.3    39187    2818    2818   36369
         772    3.0e+05     39198 39308.1 39315.1    39185    2818    2818   36367
         773    3.0e+05     39198 39308.1 39308.4    39187    2818    2818   36369
         774    3.0e+05     39198 39308.1 39315.1    39192    2818    2818   36374
         775    3.0e+05     39198 39308.1 39308.1    39183    2818    2818   36365
         776    3.0e+05     39198 39308.1 39315.4    39186    2818    2818   36368
         777    3.0e+05     39198 39308.1 39308.2    39180    2818    2818   36362
         778    3.0e+05     39198 39308.1 39315.2    39195    2818    2818   36377
         779    3.0e+05     39198 39308.1 39308.2    39182    2818    2818   36364
    *    780    3.0e+05     39200 39308.1 39315.3    39200    2818    2818   36382
         781    3.0e+05     39200   39308   39308    39162    2818    2818   36344
         782    3.0e+05     39200   39308 39314.9    39181    2818    2818   36363
         783    3.0e+05     39200   39308 39308.2    39187    2818    2818   36369
         784    3.0e+05     39200   39308 39314.9    39196    2818    2818   36378
         785    3.0e+05     39200   39308 39308.3    39185    2818    2818   36367
    *    786    3.0e+05     39201   39308 39315.2    39201    2818    2818   36383
         787    3.0e+05     39201   39308 39308.3    39191    2818    2818   36373
         788    3.0e+05     39201   39308 39314.8    39193    2818    2818   36375
         789    3.0e+05     39201   39308 39308.1    39192    2818    2818   36374
         790    3.0e+05     39201   39308 39314.7    39197    2818    2818   36379
         791    3.0e+05     39201   39308 39308.1    39188    2818    2818   36370
         792    3.0e+05     39201   39308 39315.1    39191    2818    2818   36373
         793    3.0e+05     39201   39308   39308    39183    2818    2818   36365
         794    3.0e+05     39201   39308 39314.6    39200    2818    2818   36382
         795    3.0e+05     39201   39308 39308.1    39187    2818    2818   36369
         796    3.0e+05     39201   39308   39315    39199    2818    2818   36381
         797    3.0e+05     39201 39307.9 39307.9    39182    2818    2818   36364
         798    3.0e+05     39201 39307.9   39315    39185    2818    2818   36367
         799    3.0e+05     39201 39307.9 39307.9    39184    2818    2818   36366
         800    3.0e+05     39201 39307.9 39314.8    39190    2818    2818   36372
         801    3.0e+05     39201 39307.9 39308.3    39186    2818    2818   36368
         802    3.0e+05     39201 39307.9 39314.8    39184    2818    2818   36366
         803    3.0e+05     39201 39307.9 39308.1    39188    2818    2818   36370
         804    3.0e+05     39201 39307.9 39315.1    39196    2818    2818   36378
         805    3.0e+05     39201 39307.9 39307.9    39180    2818    2818   36362
         806    3.0e+05     39201 39307.9 39315.2    39195    2818    2818   36377
         807    3.0e+05     39201 39307.8 39307.8    39187    2818    2818   36369
         808    3.0e+05     39201 39307.8 39315.1    39183    2818    2818   36365
         809    3.0e+05     39201 39307.8 39307.8    39185    2818    2818   36367
         810    3.0e+05     39201 39307.8 39315.2    39192    2818    2818   36374
         811    3.0e+05     39201 39307.7 39307.7    39190    2818    2818   36372
         812    3.0e+05     39201 39307.7 39314.9    39194    2818    2818   36376
         813    3.0e+05     39201 39307.7 39307.9    39183    2818    2818   36365
         814    3.0e+05     39201 39307.7   39315    39156    2818    2818   36338
         815    3.0e+05     39201 39307.7   39308    39188    2818    2818   36370
         816    3.0e+05     39201 39307.7   39315    39191    2818    2818   36373
         817    3.0e+05     39201 39307.7 39307.8    39160    2818    2818   36342
         818    3.0e+05     39201 39307.7 39314.7    39183    2818    2818   36365
         819    3.0e+05     39201 39307.7 39308.1    39188    2818    2818   36370
         820    3.0e+05     39201 39307.7 39314.6    39191    2818    2818   36373
         821    3.0e+05     39201 39307.7 39308.3    39187    2818    2818   36369
         822    3.0e+05     39201 39307.7 39314.5    39197    2818    2818   36379
         823    3.0e+05     39201 39307.7 39307.9    39185    2818    2818   36367
         824    3.0e+05     39201 39307.7 39314.4    39192    2818    2818   36374
         825    3.0e+05     39201 39307.7 39307.9    39185    2818    2818   36367
         826    3.0e+05     39201 39307.7 39314.5    39199    2818    2818   36381
         827    3.0e+05     39201 39307.7 39308.3    39186    2818    2818   36368
         828    3.0e+05     39201 39307.7 39314.4    39187    2818    2818   36369
         829    3.0e+05     39201 39307.7 39307.8    39185    2818    2818   36367
         830    3.0e+05     39201 39307.7 39314.9    39193    2818    2818   36375
         831    3.0e+05     39201 39307.7   39308    39187    2818    2818   36369
         832    3.0e+05     39201 39307.7 39314.7    39187    2818    2818   36369
         833    3.0e+05     39201 39307.7 39307.8    39183    2818    2818   36365
         834    3.0e+05     39201 39307.7 39314.7    39191    2818    2818   36373
         835    3.0e+05     39201 39307.7 39307.9    39185    2818    2818   36367
         836    3.0e+05     39201 39307.7 39314.6    39183    2818    2818   36365
               reducing step to 0.003125
         837    3.0e+05     39201 39305.1 39305.1    39004    2818    2818   36186
         838    3.0e+05     39201 39301.6 39301.6    39171    2818    2818   36353
         839    3.0e+05     39201 39301.6 39304.8    39178    2818    2818   36360
         840    3.0e+05     39201 39300.6 39300.6    39184    2818    2818   36366
         841    3.0e+05     39201 39300.6 39303.4    39154    2818    2818   36336
         842    3.0e+05     39201 39300.6 39300.6    39044    2818    2818   36226
         843    3.0e+05     39201 39300.6 39302.9    39179    2818    2818   36361
         844    3.0e+05     39201 39299.9 39299.9    39175    2818    2818   36357
         845    3.0e+05     39201 39299.9 39302.6    39177    2818    2818   36359
         846    3.0e+05     39201 39299.4 39299.4    39052    2818    2818   36234
         847    3.0e+05     39201 39299.4 39302.2    39143    2818    2818   36325
         848    3.0e+05     39201   39299   39299    39187    2818    2818   36369
         849    3.0e+05     39201   39299 39302.2    39201    2818    2818   36383
         850    3.0e+05     39201 39298.8 39298.8    39190    2818    2818   36372
         851    3.0e+05     39201 39298.8 39302.1    39178    2818    2818   36360
         852    3.0e+05     39201 39298.7 39298.7    39177    2818    2818   36359
    *    853    3.0e+05     39202 39298.7 39301.9    39202    2818    2818   36384
         854    3.0e+05     39202 39298.5 39298.5    39195    2818    2818   36377
         855    3.0e+05     39202 39298.5 39301.8    39196    2818    2818   36378
         856    3.0e+05     39202 39298.5 39298.6    39195    2818    2818   36377
         857    3.0e+05     39202 39298.5 39301.6    39191    2818    2818   36373
         858    3.0e+05     39202 39298.2 39298.2    39190    2818    2818   36372
         859    3.0e+05     39202 39298.2 39301.5    39175    2818    2818   36357
         860    3.0e+05     39202 39298.1 39298.1    39175    2818    2818   36357
         861    3.0e+05     39202 39298.1 39301.3    39189    2818    2818   36371
         862    3.0e+05     39202   39298   39298    39193    2818    2818   36375
         863    3.0e+05     39202   39298 39301.1    39183    2818    2818   36365
         864    3.0e+05     39202   39298   39298    39191    2818    2818   36373
         865    3.0e+05     39202   39298 39301.2    39190    2818    2818   36372
         866    3.0e+05     39202 39297.9 39297.9    39189    2818    2818   36371
         867    3.0e+05     39202 39297.9 39301.1    39187    2818    2818   36369
         868    3.0e+05     39202 39297.7 39297.7    39190    2818    2818   36372
         869    3.0e+05     39202 39297.7 39301.2    39169    2818    2818   36351
         870    3.0e+05     39202 39297.7 39297.7    39194    2818    2818   36376
         871    3.0e+05     39202 39297.7   39301    39186    2818    2818   36368
         872    3.0e+05     39202 39297.5 39297.5    39193    2818    2818   36375
         873    3.0e+05     39202 39297.5   39301    39171    2818    2818   36353
         874    3.0e+05     39202 39297.5 39297.6    39190    2818    2818   36372
         875    3.0e+05     39202 39297.5 39300.8    39180    2818    2818   36362
         876    3.0e+05     39202 39297.5 39297.5    39184    2818    2818   36366
         877    3.0e+05     39202 39297.5 39300.7    39179    2818    2818   36361
         878    3.0e+05     39202 39297.5 39297.5    39178    2818    2818   36360
         879    3.0e+05     39202 39297.5 39300.9    39193    2818    2818   36375
         880    3.0e+05     39202 39297.4 39297.4    39191    2818    2818   36373
         881    3.0e+05     39202 39297.4 39300.8    39191    2818    2818   36373
         882    3.0e+05     39202 39297.3 39297.3    39180    2818    2818   36362
         883    3.0e+05     39202 39297.3 39300.7    39171    2818    2818   36353
         884    3.0e+05     39202 39297.3 39297.5    39180    2818    2818   36362
         885    3.0e+05     39202 39297.3 39300.9    39192    2818    2818   36374
         886    3.0e+05     39202 39297.3 39297.3    39175    2818    2818   36357
         887    3.0e+05     39202 39297.3 39300.7    39184    2818    2818   36366
         888    3.0e+05     39202 39297.3 39297.4    39197    2818    2818   36379
         889    3.0e+05     39202 39297.3 39300.6    39193    2818    2818   36375
         890    3.0e+05     39202 39297.3 39297.4    39191    2818    2818   36373
         891    3.0e+05     39202 39297.3 39300.7    39177    2818    2818   36359
         892    3.0e+05     39202 39297.3 39297.3    39175    2818    2818   36357
         893    3.0e+05     39202 39297.3 39300.7    39167    2818    2818   36349
         894    3.0e+05     39202 39297.3 39297.4    39185    2818    2818   36367
         895    3.0e+05     39202 39297.3 39300.6    39179    2818    2818   36361
         896    3.0e+05     39202 39297.1 39297.1    39187    2818    2818   36369
         897    3.0e+05     39202 39297.1 39300.7    39180    2818    2818   36362
         898    3.0e+05     39202 39297.1 39297.2    39182    2818    2818   36364
         899    3.0e+05     39202 39297.1 39300.4    39183    2818    2818   36365
         900    3.0e+05     39202 39297.1 39297.1    39187    2818    2818   36369
         901    3.0e+05     39202 39297.1 39300.3    39189    2818    2818   36371
         902    3.0e+05     39202 39297.1 39297.1    39175    2818    2818   36357
         903    3.0e+05     39202 39297.1 39300.4    39190    2818    2818   36372
         904    3.0e+05     39202 39297.1 39297.1    39194    2818    2818   36376
         905    3.0e+05     39202 39297.1 39300.3    39188    2818    2818   36370
         906    3.0e+05     39202 39297.1 39297.1    39188    2818    2818   36370
         907    3.0e+05     39202 39297.1 39300.2    39182    2818    2818   36364
         908    3.0e+05     39202 39297.1 39297.1    39190    2818    2818   36372
         909    3.0e+05     39202 39297.1 39300.3    39185    2818    2818   36367
         910    3.0e+05     39202 39297.1 39297.1    39192    2818    2818   36374
         911    3.0e+05     39202 39297.1 39300.3    39181    2818    2818   36363
         912    3.0e+05     39202   39297   39297    39180    2818    2818   36362
         913    3.0e+05     39202   39297 39300.2    39190    2818    2818   36372
         914    3.0e+05     39202   39297   39297    39192    2818    2818   36374
         915    3.0e+05     39202   39297 39300.4    39176    2818    2818   36358
         916    3.0e+05     39202   39297   39297    39187    2818    2818   36369
         917    3.0e+05     39202   39297 39300.1    39185    2818    2818   36367
         918    3.0e+05     39202   39297   39297    39189    2818    2818   36371
         919    3.0e+05     39202   39297 39300.1    39190    2818    2818   36372
         920    3.0e+05     39202 39296.9 39296.9    39192    2818    2818   36374
         921    3.0e+05     39202 39296.9 39300.1    39178    2818    2818   36360
         922    3.0e+05     39202 39296.9   39297    39186    2818    2818   36368
         923    3.0e+05     39202 39296.9 39299.9    39188    2818    2818   36370
         924    3.0e+05     39202 39296.9 39297.1    39195    2818    2818   36377
         925    3.0e+05     39202 39296.9   39300    39190    2818    2818   36372
         926    3.0e+05     39202 39296.9 39297.1    39191    2818    2818   36373
         927    3.0e+05     39202 39296.9 39300.1    39180    2818    2818   36362
         928    3.0e+05     39202 39296.8 39296.8    39188    2818    2818   36370
         929    3.0e+05     39202 39296.8 39300.1    39187    2818    2818   36369
         930    3.0e+05     39202 39296.8   39297    39185    2818    2818   36367
         931    3.0e+05     39202 39296.8   39300    39188    2818    2818   36370
         932    3.0e+05     39202 39296.8   39297    39182    2818    2818   36364
         933    3.0e+05     39202 39296.8   39300    39197    2818    2818   36379
         934    3.0e+05     39202 39296.8 39297.1    39185    2818    2818   36367
         935    3.0e+05     39202 39296.8   39300    39196    2818    2818   36378
         936    3.0e+05     39202 39296.8   39297    39193    2818    2818   36375
         937    3.0e+05     39202 39296.8   39300    39201    2818    2818   36383
         938    3.0e+05     39202 39296.8 39296.9    39184    2818    2818   36366
         939    3.0e+05     39202 39296.8   39300    39190    2818    2818   36372
         940    3.0e+05     39202 39296.8 39296.8    39191    2818    2818   36373
         941    3.0e+05     39202 39296.8   39300    39189    2818    2818   36371
         942    3.0e+05     39202 39296.8 39296.9    39193    2818    2818   36375
         943    3.0e+05     39202 39296.8 39299.9    39191    2818    2818   36373
         944    3.0e+05     39202 39296.8 39296.8    39189    2818    2818   36371
         945    3.0e+05     39202 39296.8 39299.9    39192    2818    2818   36374
         946    3.0e+05     39202 39296.8 39296.9    39184    2818    2818   36366
         947    3.0e+05     39202 39296.8 39299.9    39187    2818    2818   36369
         948    3.0e+05     39202 39296.8 39296.9    39192    2818    2818   36374
         949    3.0e+05     39202 39296.8 39299.8    39192    2818    2818   36374
         950    3.0e+05     39202 39296.8 39296.8    39192    2818    2818   36374
         951    3.0e+05     39202 39296.8 39299.9    39181    2818    2818   36363
         952    3.0e+05     39202 39296.8 39296.9    39196    2818    2818   36378
         953    3.0e+05     39202 39296.8 39299.8    39170    2818    2818   36352
               reducing step to 0.0015625
         954    3.0e+05     39202 39295.5 39295.5    39118    2818    2818   36300
         955    3.0e+05     39202 39293.7 39293.7    39172    2818    2818   36354
         956    3.0e+05     39202 39293.7 39295.7    39188    2818    2818   36370
         957    3.0e+05     39202 39293.2 39293.2    39189    2818    2818   36371
    *    958    3.0e+05     39203 39293.2 39294.9    39203    2818    2818   36385
         959    3.0e+05     39203 39293.2 39293.2    39186    2818    2818   36368
         960    3.0e+05     39203 39293.2 39294.8    39177    2818    2818   36359
         961    3.0e+05     39203   39293   39293    39193    2818    2818   36375
         962    3.0e+05     39203   39293 39294.6    39181    2818    2818   36363
         963    3.0e+05     39203 39292.8 39292.8    39185    2818    2818   36367
         964    3.0e+05     39203 39292.8 39294.4    39195    2818    2818   36377
         965    3.0e+05     39203 39292.8 39292.8    39196    2818    2818   36378
         966    3.0e+05     39203 39292.8 39294.3    39183    2818    2818   36365
         967    3.0e+05     39203 39292.7 39292.7    39193    2818    2818   36375
         968    3.0e+05     39203 39292.7 39294.3    39191    2818    2818   36373
         969    3.0e+05     39203 39292.5 39292.5    39189    2818    2818   36371
         970    3.0e+05     39203 39292.5 39294.1    39177    2818    2818   36359
         971    3.0e+05     39203 39292.5 39292.5    39192    2818    2818   36374
         972    3.0e+05     39203 39292.5   39294    39193    2818    2818   36375
         973    3.0e+05     39203 39292.4 39292.4    39175    2818    2818   36357
         974    3.0e+05     39203 39292.4   39294    39192    2818    2818   36374
         975    3.0e+05     39203 39292.4 39292.4    39194    2818    2818   36376
         976    3.0e+05     39203 39292.4 39293.9    39179    2818    2818   36361
         977    3.0e+05     39203 39292.3 39292.3    39192    2818    2818   36374
         978    3.0e+05     39203 39292.3 39293.9    39193    2818    2818   36375
         979    3.0e+05     39203 39292.2 39292.2    39191    2818    2818   36373
         980    3.0e+05     39203 39292.2 39293.7    39199    2818    2818   36381
         981    3.0e+05     39203 39292.2 39292.3    39199    2818    2818   36381
         982    3.0e+05     39203 39292.2 39293.7    39188    2818    2818   36370
         983    3.0e+05     39203 39292.2 39292.2    39194    2818    2818   36376
         984    3.0e+05     39203 39292.2 39293.7    39194    2818    2818   36376
         985    3.0e+05     39203 39292.1 39292.1    39193    2818    2818   36375
         986    3.0e+05     39203 39292.1 39293.7    39197    2818    2818   36379
         987    3.0e+05     39203 39292.1 39292.2    39189    2818    2818   36371
         988    3.0e+05     39203 39292.1 39293.6    39194    2818    2818   36376
         989    3.0e+05     39203   39292   39292    39194    2818    2818   36376
         990    3.0e+05     39203   39292 39293.6    39194    2818    2818   36376
         991    3.0e+05     39203   39292   39292    39196    2818    2818   36378
         992    3.0e+05     39203   39292 39293.6    39194    2818    2818   36376
         993    3.0e+05     39203   39292 39292.1    39200    2818    2818   36382
         994    3.0e+05     39203   39292 39293.5    39196    2818    2818   36378
         995    3.0e+05     39203   39292   39292    39195    2818    2818   36377
         996    3.0e+05     39203   39292 39293.4    39184    2818    2818   36366
         997    3.0e+05     39203   39292   39292    39199    2818    2818   36381
         998    3.0e+05     39203   39292 39293.4    39190    2818    2818   36372
         999    3.0e+05     39203   39292   39292    39194    2818    2818   36376
        1000    3.0e+05     39203   39292 39293.4    39185    2818    2818   36367
Total time used by klau is 1129.94
true_align (18772) and est_align (2818) DO NOT have the same number of elements.
method klau has a score of 8.53%
method klau used 1129.935 seconds.
maximum values in init align row is:  18771
maximum values in init align col is:  18761
 best   iter   pr-delta       obj  weight    card overlap
    *      1    3.7e-01     31857    2838    2838   30438
    *      2    1.5e-01   32078.5    2837    2837   30660
    *      3    7.2e-02   32135.5    2837    2837   30717
           4    3.4e-02   32095.5    2837    2837   30677
           5    1.7e-02   32046.5    2837    2837   30628
           6    8.7e-03   32023.5    2837    2837   30605
           7    4.6e-03   32040.5    2837    2837   30622
           8    2.5e-03   32007.5    2837    2837   30589
           9    1.4e-03   32011.5    2837    2837   30593
          10    7.7e-04   31990.5    2837    2837   30572
          11    4.4e-04   31990.5    2837    2837   30572
          12    2.6e-04   31990.5    2837    2837   30572
          13    1.5e-04   31990.5    2837    2837   30572
          14    9.0e-05   31990.5    2837    2837   30572
          15    5.4e-05   31990.5    2837    2837   30572
          16    3.3e-05   31990.5    2837    2837   30572
          17    2.1e-05   31990.5    2837    2837   30572
          18    1.3e-05   31990.5    2837    2837   30572
          19    8.0e-06   31990.5    2837    2837   30572
          20    5.1e-06   31990.5    2837    2837   30572
          21    3.2e-06   31990.5    2837    2837   30572
          22    2.0e-06   31990.5    2837    2837   30572
          23    1.3e-06   31990.5    2837    2837   30572
          24    8.5e-07   31990.5    2837    2837   30572
          25    5.5e-07   31990.5    2837    2837   30572
          26    3.5e-07   31990.5    2837    2837   30572
          27    2.3e-07   31990.5    2837    2837   30572
          28    1.5e-07   31990.5    2837    2837   30572
          29    9.8e-08   31990.5    2837    2837   30572
          30    6.4e-08   31990.5    2837    2837   30572
          31    4.2e-08   31990.5    2837    2837   30572
          32    2.7e-08   31990.5    2837    2837   30572
          33    1.8e-08   31990.5    2837    2837   30572
          34    1.2e-08   31990.5    2837    2837   30572
          35    7.8e-09   31990.5    2837    2837   30572
          36    5.2e-09   31990.5    2837    2837   30572
          37    3.4e-09   31990.5    2837    2837   30572
          38    2.2e-09   31990.5    2837    2837   30572
          39    1.5e-09   31990.5    2837    2837   30572
          40    9.8e-10   31990.5    2837    2837   30572
          41    6.5e-10   31990.5    2837    2837   30572
          42    4.3e-10   31990.5    2837    2837   30572
          43    2.8e-10   31990.5    2837    2837   30572
          44    1.9e-10   31990.5    2837    2837   30572
          45    1.2e-10   31990.5    2837    2837   30572
          46    8.2e-11   31990.5    2837    2837   30572
          47    5.5e-11   31990.5    2837    2837   30572
          48    3.6e-11   31990.5    2837    2837   30572
          49    2.4e-11   31990.5    2837    2837   30572
          50    1.6e-11   31990.5    2837    2837   30572
          51    1.1e-11   31990.5    2837    2837   30572
          52    7.0e-12   31990.5    2837    2837   30572
          53    4.7e-12   31990.5    2837    2837   30572
          54    3.1e-12   31990.5    2837    2837   30572
          55    2.1e-12   31990.5    2837    2837   30572
          56    1.4e-12   31990.5    2837    2837   30572
          57    9.1e-13   31990.5    2837    2837   30572
Total time used by isorank is 14.32
true_align (18772) and est_align (2843) DO NOT have the same number of elements.
method isorank has a score of 1.66%
method isorank used 14.324 seconds.
experiment results:
     method      score         time
0     final  15.267420  4205.540631
1  netalign   8.565949    56.729710
2      klau   8.533987  1129.935243
3   isorank   1.662050    14.323742
