Permutation sanity check error is 19744.0.
Permutation sanity check error is 771744.0.
num_init for this graph is 14
Generating initial alignment matrix using degree ...
mode is  degree
number of noisy edges are:  14
Average number of initial alignments for each node is 28
maximum values in init align row is:  18771
maximum values in init align col is:  18769
Recovering sparse matrix L took 0.16 sec.
Time for degree: 0.71 sec
iteration 1
Time for iteration 1: 9.69 sec, diff = 0.12498
iteration 2
Time for iteration 2: 60.89 sec, diff = 0.01783
iteration 3
Time for iteration 3: 80.54 sec, diff = 0.01041
iteration 4
Time for iteration 4: 86.68 sec, diff = 0.00833
iteration 5
Time for iteration 5: 79.55 sec, diff = 0.00720
iteration 6
Time for iteration 6: 79.70 sec, diff = 0.00637
iteration 7
Time for iteration 7: 80.27 sec, diff = 0.00568
iteration 8
Time for iteration 8: 81.16 sec, diff = 0.00509
iteration 9
Time for iteration 9: 78.58 sec, diff = 0.00456
iteration 10
Time for iteration 10: 79.76 sec, diff = 0.00410
iteration 11
Time for iteration 11: 79.95 sec, diff = 0.00368
iteration 12
Time for iteration 12: 80.17 sec, diff = 0.00331
iteration 13
Time for iteration 13: 80.07 sec, diff = 0.00298
iteration 14
Time for iteration 14: 78.91 sec, diff = 0.00268
iteration 15
Time for iteration 15: 78.72 sec, diff = 0.00241
iteration 16
Time for iteration 16: 79.74 sec, diff = 0.00216
iteration 17
Time for iteration 17: 79.68 sec, diff = 0.00195
iteration 18
Time for iteration 18: 79.22 sec, diff = 0.00175
iteration 19
Time for iteration 19: 79.99 sec, diff = 0.00158
iteration 20
Time for iteration 20: 78.90 sec, diff = 0.00142
iteration 21
Time for iteration 21: 78.70 sec, diff = 0.00128
iteration 22
Time for iteration 22: 79.65 sec, diff = 0.00115
iteration 23
Time for iteration 23: 79.20 sec, diff = 0.00103
iteration 24
Time for iteration 24: 79.60 sec, diff = 0.00093
iteration 25
Time for iteration 25: 91.92 sec, diff = 0.00084
iteration 26
Time for iteration 26: 79.40 sec, diff = 0.00075
iteration 27
Time for iteration 27: 91.14 sec, diff = 0.00068
iteration 28
Time for iteration 28: 91.45 sec, diff = 0.00061
iteration 29
Time for iteration 29: 82.17 sec, diff = 0.00055
iteration 30
Time for iteration 30: 80.87 sec, diff = 0.00049
iteration 31
Time for iteration 31: 78.99 sec, diff = 0.00044
iteration 32
Time for iteration 32: 89.88 sec, diff = 0.00040
iteration 33
Time for iteration 33: 79.36 sec, diff = 0.00036
iteration 34
Time for iteration 34: 79.46 sec, diff = 0.00032
iteration 35
Time for iteration 35: 78.45 sec, diff = 0.00029
iteration 36
Time for iteration 36: 78.88 sec, diff = 0.00026
iteration 37
Time for iteration 37: 78.79 sec, diff = 0.00024
iteration 38
Time for iteration 38: 78.87 sec, diff = 0.00021
iteration 39
Time for iteration 39: 78.84 sec, diff = 0.00019
iteration 40
Time for iteration 40: 78.94 sec, diff = 0.00017
iteration 41
Time for iteration 41: 79.37 sec, diff = 0.00015
iteration 42
Time for iteration 42: 78.42 sec, diff = 0.00014
iteration 43
Time for iteration 43: 79.04 sec, diff = 0.00013
iteration 44
Time for iteration 44: 85.05 sec, diff = 0.00011
iteration 45
Time for iteration 45: 95.05 sec, diff = 0.00010
iteration 46
Time for iteration 46: 103.59 sec, diff = 0.00009
iteration 47
Time for iteration 47: 104.71 sec, diff = 0.00008
iteration 48
Time for iteration 48: 78.66 sec, diff = 0.00007
iteration 49
Time for iteration 49: 78.90 sec, diff = 0.00007
iteration 50
Time for iteration 50: 78.95 sec, diff = 0.00006
Total time used by final is 4073.74 sec.
true_align and est_align have the same number of elements.
method final has a score of 15.06%
method final used 4073.736 seconds.
maximum values in init align row is:  18771
maximum values in init align col is:  18769
best   iter    obj_ma wght_ma card_ma over_ma    obj_mb wght_mb card_mb over_mb
  *a      1     32332    2849    2849   29483     32332    2849    2849   29483
          2     15727    2161    2161   13566     17249    2255    2255   14994
          3     21316    2655    2655   18661     16372    1842    1842   14530
          4      7618    2224    2224    5394      6855    1726    1726    5129
          5     27708    2790    2790   24918     27598    2734    2734   24864
  *b      6     35632    2833    2833   32799     35647    2774    2774   32873
          7     35197    2748    2748   32449     35167    2675    2675   32492
          8     24988    2610    2610   22378     25145    2235    2235   22910
          9     30851    2631    2631   28220     27140    2042    2042   25098
         10     30609    2708    2708   27901     29681    2569    2569   27112
         11     34188    2788    2788   31400     34136    2723    2723   31413
  *a     12     37042    2818    2818   34224     36881    2702    2702   34179
         13     36650    2791    2791   33859     35899    2603    2603   33296
         14     36500    2776    2776   33724     35374    2599    2599   32775
         15     36457    2777    2777   33680     34910    2577    2577   32333
         16     36862    2802    2802   34060     35906    2642    2642   33264
  *a     17     37217    2815    2815   34402     37060    2747    2747   34313
         18     37077    2817    2817   34260     37083    2747    2747   34336
         19     37203    2810    2810   34393     37044    2730    2730   34314
         20     37181    2801    2801   34380     36771    2700    2700   34071
  *a     21     37263    2809    2809   34454     36854    2709    2709   34145
  *a     22     37273    2817    2817   34456     36982    2738    2738   34244
         23     37197    2810    2810   34387     37027    2750    2750   34277
         24     37236    2814    2814   34422     37166    2772    2772   34394
         25     37244    2818    2818   34426     37236    2780    2780   34456
  *a     26     37313    2819    2819   34494     37281    2775    2775   34506
         27     37261    2817    2817   34444     37191    2776    2776   34415
         28     37297    2813    2813   34484     37207    2764    2764   34443
         29     37216    2811    2811   34405     37178    2768    2768   34410
  *a     30     37318    2820    2820   34498     37258    2779    2779   34479
         31     37297    2816    2816   34481     37293    2792    2792   34501
  *a     32     37328    2812    2812   34516     37296    2779    2779   34517
  *a     33     37342    2814    2814   34528     37277    2775    2775   34502
  *b     34     37342    2815    2815   34527     37344    2786    2786   34558
  *b     35     37350    2819    2819   34531     37353    2791    2791   34562
         36     37344    2818    2818   34526     37329    2788    2788   34541
         37     37342    2818    2818   34524     37312    2793    2793   34519
         38     37340    2819    2819   34521     37332    2801    2801   34531
         39     37338    2818    2818   34520     37341    2796    2796   34545
         40     37352    2819    2819   34533     37300    2792    2792   34508
  *a     41     37355    2821    2821   34534     37341    2794    2794   34547
         42     37350    2821    2821   34529     37323    2792    2792   34531
         43     37302    2815    2815   34487     37274    2789    2789   34485
         44     37284    2810    2810   34474     37266    2786    2786   34480
         45     37284    2812    2812   34472     37240    2785    2785   34455
         46     37296    2814    2814   34482     37223    2790    2790   34433
         47     37316    2817    2817   34499     37281    2798    2798   34483
         48     37328    2819    2819   34509     37320    2803    2803   34517
         49     37344    2820    2820   34524     37337    2800    2800   34537
  *b     50     37332    2819    2819   34513     37361    2805    2805   34556
         51     37345    2821    2821   34524     37344    2807    2807   34537
         52     37335    2819    2819   34516     37309    2801    2801   34508
         53     37337    2819    2819   34518     37257    2797    2797   34460
         54     37350    2819    2819   34531     37254    2798    2798   34456
         55     37343    2818    2818   34525     37245    2797    2797   34448
         56     37341    2818    2818   34523     37231    2797    2797   34434
         57     37355    2819    2819   34536     37178    2795    2795   34383
         58     37351    2818    2818   34533     37061    2792    2792   34269
         59     37358    2818    2818   34540     36994    2784    2784   34210
         60     37356    2818    2818   34538     37069    2786    2786   34283
         61     37343    2818    2818   34525     36978    2783    2783   34195
         62     37342    2818    2818   34524     36990    2785    2785   34205
         63     37339    2818    2818   34521     37008    2785    2785   34223
         64     37344    2819    2819   34525     37132    2792    2792   34340
         65     37342    2819    2819   34523     37049    2787    2787   34262
         66     37340    2818    2818   34522     37076    2789    2789   34287
         67     37340    2818    2818   34522     37126    2788    2788   34338
         68     37348    2819    2819   34529     37141    2793    2793   34348
         69     37350    2819    2819   34531     37106    2794    2794   34312
         70     37348    2819    2819   34529     36961    2790    2790   34171
         71     37348    2819    2819   34529     37105    2797    2797   34308
         72     37339    2818    2818   34521     37064    2795    2795   34269
         73     37337    2818    2818   34519     36956    2787    2787   34169
         74     37305    2817    2817   34488     37037    2790    2790   34247
         75     37296    2815    2815   34481     37008    2787    2787   34221
         76     37305    2815    2815   34490     37076    2794    2794   34282
         77     37307    2815    2815   34492     37139    2799    2799   34340
         78     37313    2816    2816   34497     37214    2806    2806   34408
         79     37309    2816    2816   34493     37138    2802    2802   34336
         80     37314    2817    2817   34497     37128    2803    2803   34325
         81     37310    2816    2816   34494     37150    2801    2801   34349
         82     37313    2818    2818   34495     37185    2802    2802   34383
         83     37313    2818    2818   34495     37262    2802    2802   34460
         84     37315    2818    2818   34497     37284    2805    2805   34479
         85     37292    2818    2818   34474     37287    2807    2807   34480
         86     37297    2818    2818   34479     37291    2808    2808   34483
         87     37293    2818    2818   34475     37266    2809    2809   34457
         88     37293    2818    2818   34475     37240    2808    2808   34432
         89     37288    2818    2818   34470     37224    2805    2805   34419
         90     37274    2818    2818   34456     37183    2803    2803   34380
         91     37273    2818    2818   34455     37185    2804    2804   34381
         92     37265    2818    2818   34447     37236    2805    2805   34431
         93     37269    2818    2818   34451     37284    2809    2809   34475
         94     37321    2819    2819   34502     37233    2806    2806   34427
         95     37314    2818    2818   34496     37204    2808    2808   34396
         96     37319    2818    2818   34501     37298    2808    2808   34490
         97     37294    2817    2817   34477     37302    2810    2810   34492
         98     37311    2818    2818   34493     37308    2808    2808   34500
         99     37313    2818    2818   34495     37272    2804    2804   34468
        100     37315    2818    2818   34497     37268    2804    2804   34464
Total time used by netalign is 54.55
true_align (18772) and est_align (2805) DO NOT have the same number of elements.
method netalign has a score of 8.60%
method netalign used 54.547 seconds.
maximum values in init align row is:  18771
maximum values in init align col is:  18769
 best   iter     norm-u     lower   upper     cur      obj  weight    card overlap
    *      1    0.0e+00     34812 42268.5 42268.5    34812    2849    2849   31963
           2    2.4e+04     34812 42268.5 46203.8    30290    2847    2847   27443
           3    3.2e+04     34812 42268.5 44165.9    27779    2847    2847   24932
           4    4.4e+04     34812 42268.5 45333.5    28772    2846    2846   25926
           5    5.2e+04     34812 42268.5 44225.4    26071    2848    2848   23223
           6    6.1e+04     34812 42268.5 44813.3    26783    2847    2847   23936
           7    6.7e+04     34812 42268.5 44013.5    25436    2848    2848   22588
           8    7.5e+04     34812 42268.5 44551.7    26288    2847    2847   23441
           9    8.1e+04     34812 42268.5 43982.4    25083    2846    2846   22237
          10    8.8e+04     34812 42268.5 44327.9    25172    2847    2847   22325
          11    9.4e+04     34812 42268.5 43894.6    23883    2847    2847   21036
          12    1.0e+05     34812 42268.5 44133.9    24665    2847    2847   21818
          13    1.1e+05     34812 42268.5 43635.1    23690    2847    2847   20843
          14    1.1e+05     34812 42268.5 44026.2    23638    2845    2845   20793
          15    1.2e+05     34812 42268.5 43530.7    23192    2849    2849   20343
          16    1.2e+05     34812 42268.5 43909.4    22585    2845    2845   19740
          17    1.3e+05     34812 42268.5 43623.1    24322    2847    2847   21475
          18    1.3e+05     34812 42268.5 43575.1    23410    2846    2846   20564
          19    1.4e+05     34812 42268.5 43522.3    22539    2847    2847   19692
          20    1.4e+05     34812 42268.5 43562.5    22941    2847    2847   20094
          21    1.5e+05     34812 42268.5   43341    23575    2846    2846   20729
          22    1.5e+05     34812 42268.5 43497.1    23293    2845    2845   20448
          23    1.6e+05     34812 42268.5 43247.2    22893    2846    2846   20047
          24    1.6e+05     34812 42268.5 43463.5    23764    2842    2842   20922
          25    1.6e+05     34812 42268.5 43172.1    22694    2846    2846   19848
          26    1.7e+05     34812 42268.5 43546.3    22350    2847    2847   19503
               reducing step to 0.2
          27    1.7e+05     34812 41596.7 41596.7    25937    2842    2842   23095
          28    1.7e+05     34812 40858.4 40858.4    24378    2843    2843   21535
          29    1.7e+05     34812 40858.4 40861.6    22894    2845    2845   20049
          30    1.8e+05     34812 40673.1 40673.1    22490    2843    2843   19647
          31    1.8e+05     34812 40566.8 40566.8    23591    2848    2848   20743
          32    1.8e+05     34812 40474.4 40474.4    24569    2842    2842   21727
          33    1.8e+05     34812 40380.8 40380.8    24208    2840    2840   21368
          34    1.8e+05     34812 40332.1 40332.1    24412    2842    2842   21570
          35    1.8e+05     34812 40325.4 40325.4    24665    2841    2841   21824
          36    1.9e+05     34812 40183.7 40183.7    24768    2844    2844   21924
          37    1.9e+05     34812 40181.6 40181.6    24840    2842    2842   21998
          38    1.9e+05     34812 40087.2 40087.2    25483    2842    2842   22641
          39    1.9e+05     34812 40087.2 40122.1    25741    2842    2842   22899
          40    1.9e+05     34812 40034.3 40034.3    25459    2840    2840   22619
          41    1.9e+05     34812 40034.3 40060.8    26812    2842    2842   23970
          42    1.9e+05     34812 39940.8 39940.8    26248    2841    2841   23407
          43    2.0e+05     34812 39940.8 40006.9    25461    2840    2840   22621
          44    2.0e+05     34812 39923.5 39923.5    26598    2842    2842   23756
          45    2.0e+05     34812 39923.5   39967    26991    2838    2838   24153
          46    2.0e+05     34812 39869.1 39869.1    26566    2838    2838   23728
          47    2.0e+05     34812 39869.1 39953.9    25383    2839    2839   22544
          48    2.0e+05     34812 39845.7 39845.7    26934    2841    2841   24093
          49    2.0e+05     34812 39845.7 39879.3    27934    2839    2839   25095
          50    2.0e+05     34812 39745.7 39745.7    27586    2839    2839   24747
          51    2.1e+05     34812 39745.7 39831.4    27748    2837    2837   24911
          52    2.1e+05     34812 39713.3 39713.3    26360    2840    2840   23520
          53    2.1e+05     34812 39713.3 39850.7    26975    2839    2839   24136
          54    2.1e+05     34812 39713.3 39716.5    28814    2839    2839   25975
          55    2.1e+05     34812 39713.3 39780.5    29779    2834    2834   26945
          56    2.1e+05     34812 39613.6 39613.6    28871    2837    2837   26034
          57    2.1e+05     34812 39613.6 39753.2    28399    2838    2838   25561
          58    2.1e+05     34812 39613.6   39656    28694    2835    2835   25859
          59    2.1e+05     34812 39613.6 39759.1    28872    2837    2837   26035
          60    2.1e+05     34812 39581.7 39581.7    29665    2837    2837   26828
          61    2.2e+05     34812 39581.7 39671.3    29027    2835    2835   26192
          62    2.2e+05     34812 39581.7 39618.9    29518    2837    2837   26681
          63    2.2e+05     34812 39581.7 39641.1    27989    2833    2833   25156
          64    2.2e+05     34812 39518.8 39518.8    28808    2835    2835   25973
          65    2.2e+05     34812 39518.8 39603.2    28669    2837    2837   25832
          66    2.2e+05     34812 39478.4 39478.4    28443    2838    2838   25605
          67    2.2e+05     34812 39478.4 39732.8    29400    2834    2834   26566
          68    2.2e+05     34812 39446.5 39446.5    29589    2836    2836   26753
          69    2.2e+05     34812 39446.5 39657.8    29390    2835    2835   26555
          70    2.2e+05     34812 39421.2 39421.2    29758    2834    2834   26924
          71    2.2e+05     34812 39421.2 39570.8    29521    2836    2836   26685
          72    2.3e+05     34812 39408.1 39408.1    29613    2836    2836   26777
          73    2.3e+05     34812 39408.1 39535.2    28907    2837    2837   26070
          74    2.3e+05     34812 39377.7 39377.7    28340    2833    2833   25507
          75    2.3e+05     34812 39377.7 39584.9    28494    2833    2833   25661
          76    2.3e+05     34812 39377.7 39408.9    29087    2835    2835   26252
          77    2.3e+05     34812 39377.7 39574.7    28582    2835    2835   25747
          78    2.3e+05     34812 39371.8 39371.8    29363    2834    2834   26529
          79    2.3e+05     34812 39371.8 39515.2    29464    2834    2834   26630
          80    2.3e+05     34812 39300.7 39300.7    29244    2834    2834   26410
          81    2.3e+05     34812 39300.7 39489.6    30099    2836    2836   27263
          82    2.3e+05     34812 39300.7 39404.4    30088    2833    2833   27255
          83    2.3e+05     34812 39300.7   39514    30369    2835    2835   27534
          84    2.4e+05     34812 39277.7 39277.7    30581    2833    2833   27748
          85    2.4e+05     34812 39277.7 39430.7    32058    2834    2834   29224
          86    2.4e+05     34812   39253   39253    31597    2832    2832   28765
          87    2.4e+05     34812   39253 39449.7    31311    2832    2832   28479
          88    2.4e+05     34812   39253 39299.8    31468    2832    2832   28636
          89    2.4e+05     34812   39253 39427.1    31310    2831    2831   28479
          90    2.4e+05     34812   39253 39259.7    29559    2833    2833   26726
          91    2.4e+05     34812   39253 39470.6    29904    2838    2838   27066
          92    2.4e+05     34812   39230   39230    29358    2832    2832   26526
          93    2.4e+05     34812   39230 39417.5    29777    2836    2836   26941
          94    2.4e+05     34812 39215.8 39215.8    29449    2833    2833   26616
          95    2.4e+05     34812 39215.8 39395.1    29505    2837    2837   26668
          96    2.4e+05     34812 39215.8 39238.6    29455    2834    2834   26621
          97    2.4e+05     34812 39215.8 39342.7    29897    2829    2829   27068
          98    2.5e+05     34812 39215.8 39216.8    30549    2833    2833   27716
          99    2.5e+05     34812 39215.8 39350.2    30356    2831    2831   27525
         100    2.5e+05     34812 39215.8 39290.7    30974    2833    2833   28141
         101    2.5e+05     34812 39215.8 39243.7    31143    2832    2832   28311
         102    2.5e+05     34812 39172.5 39172.5    31432    2834    2834   28598
         103    2.5e+05     34812 39172.5 39225.4    31490    2835    2835   28655
         104    2.5e+05     34812 39172.5 39273.3    31583    2833    2833   28750
         105    2.5e+05     34812 39172.5 39230.5    30545    2832    2832   27713
         106    2.5e+05     34812 39172.5 39224.5    30704    2833    2833   27871
         107    2.5e+05     34812 39172.5 39209.4    29228    2833    2833   26395
         108    2.5e+05     34812 39172.5   39248    29201    2835    2835   26366
         109    2.5e+05     34812 39172.5 39252.3    30147    2833    2833   27314
         110    2.5e+05     34812 39172.5 39264.3    30436    2832    2832   27604
         111    2.5e+05     34812 39172.5 39222.5    31405    2831    2831   28574
         112    2.5e+05     34812 39125.5 39125.5    31224    2832    2832   28392
         113    2.5e+05     34812 39125.5 39182.9    31727    2833    2833   28894
         114    2.6e+05     34812 39125.5 39157.5    32243    2832    2832   29411
         115    2.6e+05     34812 39125.5 39250.3    32278    2832    2832   29446
         116    2.6e+05     34812 39125.5 39136.2    32465    2830    2830   29635
         117    2.6e+05     34812 39125.5 39198.3    32503    2830    2830   29673
         118    2.6e+05     34812 39125.5   39150    31641    2830    2830   28811
         119    2.6e+05     34812 39125.5   39286    30939    2834    2834   28105
         120    2.6e+05     34812 39125.5 39152.9    29826    2832    2832   26994
         121    2.6e+05     34812 39125.5 39301.4    30346    2833    2833   27513
         122    2.6e+05     34812 39055.7 39055.7    31351    2831    2831   28520
         123    2.6e+05     34812 39055.7 39246.6    31547    2833    2833   28714
         124    2.6e+05     34812 39055.7 39124.7    31777    2831    2831   28946
         125    2.6e+05     34812 39055.7 39181.3    32161    2830    2830   29331
         126    2.6e+05     34812 39001.8 39001.8    32822    2830    2830   29992
         127    2.6e+05     34812 39001.8 39291.2    32599    2832    2832   29767
         128    2.6e+05     34812 39001.8 39015.4    32552    2829    2829   29723
         129    2.6e+05     34812 39001.8 39147.9    31474    2832    2832   28642
         130    2.6e+05     34812 39001.8 39068.5    31657    2831    2831   28826
         131    2.6e+05     34812 39001.8 39227.4    31644    2830    2830   28814
         132    2.6e+05     34812 39001.8 39052.5    31416    2832    2832   28584
         133    2.7e+05     34812 39001.8 39195.4    31044    2831    2831   28213
         134    2.7e+05     34812 39001.8 39148.3    32266    2832    2832   29434
         135    2.7e+05     34812 39001.8 39171.3    32725    2831    2831   29894
         136    2.7e+05     34812 39001.8 39002.3    33070    2830    2830   30240
         137    2.7e+05     34812 39001.8 39111.8    33755    2832    2832   30923
         138    2.7e+05     34812 39001.8   39008    32466    2830    2830   29636
         139    2.7e+05     34812 39001.8 39176.7    32058    2832    2832   29226
         140    2.7e+05     34812 39001.8 39068.5    31676    2833    2833   28843
         141    2.7e+05     34812 39001.8 39166.5    30037    2831    2831   27206
         142    2.7e+05     34812 39001.8 39081.4    30870    2834    2834   28036
         143    2.7e+05     34812 39001.8 39074.9    30521    2830    2830   27691
         144    2.7e+05     34812 39001.8 39062.2    31721    2832    2832   28889
         145    2.7e+05     34812 39001.8 39173.3    30834    2832    2832   28002
         146    2.7e+05     34812 39001.8 39070.7    30445    2835    2835   27610
         147    2.7e+05     34812 39001.8 39097.7    31471    2833    2833   28638
         148    2.7e+05     34812 39001.8 39019.3    32066    2830    2830   29236
         149    2.7e+05     34812 39001.8 39075.1    31332    2829    2829   28503
         150    2.7e+05     34812 39001.8 39092.2    31301    2832    2832   28469
         151    2.7e+05     34812 39001.8   39107    31467    2835    2835   28632
               reducing step to 0.1
         152    2.7e+05     34812 38504.3 38504.3    31129    2829    2829   28300
         153    2.7e+05     34812 38282.2 38282.2    32604    2831    2831   29773
         154    2.7e+05     34812   38238   38238    33886    2830    2830   31056
    *    155    2.7e+05     34854 38224.1 38224.1    34854    2827    2827   32027
    *    156    2.7e+05     35067 38209.4 38209.4    35067    2827    2827   32240
    *    157    2.8e+05     35737 38209.4 38242.3    35737    2826    2826   32911
    *    158    2.8e+05     36306 38173.6 38173.6    36306    2825    2825   33481
    *    159    2.8e+05     36316 38173.6 38177.6    36316    2826    2826   33490
    *    160    2.8e+05     36385 38151.9 38151.9    36385    2827    2827   33558
    *    161    2.8e+05     36843 38151.9 38163.4    36843    2826    2826   34017
         162    2.8e+05     36843 38151.9   38179    36475    2827    2827   33648
         163    2.8e+05     36843 38149.2 38149.2    36309    2826    2826   33483
         164    2.8e+05     36843   38146   38146    35807    2825    2825   32982
         165    2.8e+05     36843   38146 38179.7    36450    2827    2827   33623
         166    2.8e+05     36843 38140.6 38140.6    36412    2826    2826   33586
         167    2.8e+05     36843 38140.6   38142    36550    2826    2826   33724
    *    168    2.8e+05     36921 38140.6   38144    36921    2825    2825   34096
         169    2.8e+05     36921 38137.4 38137.4    36887    2825    2825   34062
         170    2.8e+05     36921 38135.6 38135.6    36795    2826    2826   33969
         171    2.8e+05     36921 38135.6 38153.5    36850    2825    2825   34025
         172    2.8e+05     36921 38135.6   38136    36779    2826    2826   33953
         173    2.8e+05     36921 38135.6 38144.5    36515    2827    2827   33688
         174    2.8e+05     36921 38127.1 38127.1    36730    2825    2825   33905
    *    175    2.8e+05     36923 38127.1 38148.9    36923    2825    2825   34098
         176    2.8e+05     36923   38123   38123    36723    2825    2825   33898
         177    2.8e+05     36923   38123 38142.9    36148    2826    2826   33322
         178    2.8e+05     36923 38121.4 38121.4    36817    2827    2827   33990
         179    2.8e+05     36923 38121.4 38139.6    36481    2825    2825   33656
         180    2.8e+05     36923 38121.4 38127.1    35973    2826    2826   33147
         181    2.8e+05     36923 38121.4 38137.7    36286    2826    2826   33460
         182    2.8e+05     36923 38121.4 38127.6    36764    2826    2826   33938
         183    2.8e+05     36923 38120.7 38120.7    36760    2826    2826   33934
    *    184    2.8e+05     36925 38107.6 38107.6    36925    2825    2825   34100
         185    2.8e+05     36925 38107.6 38143.4    36832    2825    2825   34007
    *    186    2.8e+05     36949 38102.4 38102.4    36949    2825    2825   34124
         187    2.8e+05     36949 38102.4 38118.5    36883    2825    2825   34058
         188    2.8e+05     36949 38102.4 38111.9    36883    2825    2825   34058
    *    189    2.8e+05     36954 38102.4 38122.8    36954    2826    2826   34128
    *    190    2.8e+05     37069 38102.4 38112.4    37069    2825    2825   34244
         191    2.8e+05     37069 38099.4 38099.4    36792    2826    2826   33966
         192    2.8e+05     37069 38099.4 38118.1    36912    2825    2825   34087
         193    2.8e+05     37069 38099.4 38101.4    36979    2825    2825   34154
         194    2.8e+05     37069 38099.4 38118.3    37041    2825    2825   34216
         195    2.8e+05     37069   38089   38089    36927    2826    2826   34101
         196    2.8e+05     37069   38089 38130.8    36982    2825    2825   34157
         197    2.8e+05     37069 38088.1 38088.1    36892    2825    2825   34067
         198    2.8e+05     37069 38088.1 38126.9    36454    2826    2826   33628
         199    2.8e+05     37069 38088.1 38095.1    36680    2826    2826   33854
         200    2.8e+05     37069 38088.1 38123.3    37062    2825    2825   34237
         201    2.8e+05     37069 38079.7 38079.7    36746    2827    2827   33919
         202    2.8e+05     37069 38079.7 38115.2    36476    2825    2825   33651
         203    2.8e+05     37069 38079.7   38095    36927    2825    2825   34102
         204    2.8e+05     37069 38079.7 38124.4    37014    2825    2825   34189
         205    2.8e+05     37069 38079.7 38083.4    37016    2825    2825   34191
    *    206    2.8e+05     37112 38079.7 38092.7    37112    2825    2825   34287
         207    2.8e+05     37112 38079.7 38108.1    37104    2825    2825   34279
         208    2.8e+05     37112 38079.7 38092.1    37057    2825    2825   34232
         209    2.8e+05     37112 38079.7 38092.1    37040    2825    2825   34215
    *    210    2.8e+05     37170 38079.7 38085.3    37170    2825    2825   34345
         211    2.8e+05     37170 38073.3 38073.3    37063    2825    2825   34238
         212    2.8e+05     37170 38073.3 38091.5    37129    2825    2825   34304
         213    2.8e+05     37170 38069.2 38069.2    37086    2826    2826   34260
         214    2.8e+05     37170 38069.2 38090.9    37102    2824    2824   34278
         215    2.8e+05     37170 38069.2   38073    37034    2825    2825   34209
         216    2.8e+05     37170 38069.2 38083.5    37138    2825    2825   34313
         217    2.8e+05     37170 38068.1 38068.1    37093    2825    2825   34268
         218    2.8e+05     37170 38068.1 38091.9    37067    2826    2826   34241
         219    2.8e+05     37170 38068.1   38071    37015    2825    2825   34190
         220    2.8e+05     37170 38068.1 38080.9    37152    2824    2824   34328
         221    2.8e+05     37170 38067.1 38067.1    37035    2825    2825   34210
         222    2.8e+05     37170 38067.1 38083.6    36980    2827    2827   34153
         223    2.8e+05     37170 38061.4 38061.4    36689    2825    2825   33864
         224    2.8e+05     37170 38061.4 38098.8    36557    2826    2826   33731
         225    2.8e+05     37170 38061.4 38063.8    36976    2825    2825   34151
         226    2.8e+05     37170 38061.4 38098.7    37004    2826    2826   34178
         227    2.8e+05     37170 38061.4 38061.4    36676    2825    2825   33851
         228    2.8e+05     37170 38061.4 38070.2    36943    2825    2825   34118
         229    2.8e+05     37170 38061.4 38070.5    37024    2825    2825   34199
         230    2.8e+05     37170 38061.4 38091.9    37133    2825    2825   34308
         231    2.8e+05     37170 38061.4 38064.2    37030    2825    2825   34205
         232    2.8e+05     37170 38061.4 38086.1    36933    2825    2825   34108
         233    2.8e+05     37170 38061.4 38062.8    37043    2825    2825   34218
         234    2.8e+05     37170 38061.4 38072.1    36930    2826    2826   34104
         235    2.8e+05     37170 38061.4 38061.4    36942    2825    2825   34117
         236    2.8e+05     37170 38061.4 38080.7    37098    2825    2825   34273
         237    2.8e+05     37170 38060.5 38060.5    37062    2825    2825   34237
    *    238    2.8e+05     37175 38060.5 38091.7    37175    2825    2825   34350
         239    2.8e+05     37175 38060.5 38060.5    37009    2824    2824   34185
         240    2.8e+05     37175 38060.5 38061.2    37138    2825    2825   34313
         241    2.8e+05     37175 38057.9 38057.9    36956    2825    2825   34131
         242    2.8e+05     37175 38057.9 38082.6    36960    2826    2826   34134
         243    2.8e+05     37175 38057.9 38059.2    36594    2824    2824   33770
         244    2.8e+05     37175 38057.9 38073.7    36423    2827    2827   33596
         245    2.8e+05     37175 38056.7 38056.7    36539    2824    2824   33715
         246    2.8e+05     37175 38056.7 38073.6    36593    2825    2825   33768
         247    2.8e+05     37175 38053.3 38053.3    36772    2826    2826   33946
         248    2.8e+05     37175 38053.3 38094.1    36402    2825    2825   33577
         249    2.8e+05     37175 38053.3 38067.7    37019    2825    2825   34194
         250    2.8e+05     37175 38053.3   38084    37158    2825    2825   34333
         251    2.8e+05     37175 38048.4 38048.4    37098    2825    2825   34273
         252    2.8e+05     37175 38048.4 38078.4    36983    2825    2825   34158
         253    2.8e+05     37175 38048.4 38052.5    37031    2825    2825   34206
         254    2.8e+05     37175 38048.4 38077.8    37132    2825    2825   34307
         255    2.8e+05     37175 38048.4 38049.8    37026    2825    2825   34201
         256    2.8e+05     37175 38048.4 38068.5    37112    2825    2825   34287
         257    2.8e+05     37175 38046.5 38046.5    37032    2825    2825   34207
         258    2.8e+05     37175 38046.5   38070    37170    2824    2824   34346
         259    2.8e+05     37175 38046.5 38048.2    37165    2825    2825   34340
    *    260    2.8e+05     37204 38046.5 38066.9    37204    2825    2825   34379
         261    2.8e+05     37204 38046.5 38049.9    37119    2825    2825   34294
         262    2.8e+05     37204 38046.5 38071.5    37202    2825    2825   34377
         263    2.8e+05     37204 38046.5 38047.9    37164    2825    2825   34339
         264    2.8e+05     37204 38046.5 38067.1    37179    2825    2825   34354
         265    2.8e+05     37204 38046.5 38047.5    37184    2826    2826   34358
         266    2.8e+05     37204 38046.5 38067.9    37014    2825    2825   34189
         267    2.8e+05     37204 38043.7 38043.7    37111    2825    2825   34286
         268    2.8e+05     37204 38043.7 38060.6    36866    2825    2825   34041
         269    2.8e+05     37204 38043.7 38044.6    37080    2825    2825   34255
         270    2.8e+05     37204 38043.7 38071.8    36834    2826    2826   34008
         271    2.8e+05     37204 38043.7   38054    36980    2826    2826   34154
         272    2.8e+05     37204 38043.7 38064.5    36967    2825    2825   34142
         273    2.8e+05     37204 38043.6 38043.6    37055    2825    2825   34230
         274    2.8e+05     37204 38043.6 38070.4    37146    2826    2826   34320
         275    2.8e+05     37204 38043.6 38049.4    37145    2825    2825   34320
         276    2.8e+05     37204 38043.6 38062.3    37130    2825    2825   34305
         277    2.8e+05     37204 38043.6 38050.6    37141    2825    2825   34316
         278    2.8e+05     37204 38043.6 38051.1    37146    2825    2825   34321
         279    2.8e+05     37204 38043.6 38053.7    37122    2826    2826   34296
    *    280    2.8e+05     37216 38043.6 38054.4    37216    2825    2825   34391
         281    2.8e+05     37216 38043.6 38070.5    37192    2825    2825   34367
         282    2.8e+05     37216 38043.6 38044.4    37175    2825    2825   34350
         283    2.8e+05     37216 38043.6 38063.1    37205    2825    2825   34380
         284    2.8e+05     37216 38043.6 38051.5    37199    2825    2825   34374
         285    2.8e+05     37216 38038.3 38038.3    37081    2825    2825   34256
         286    2.8e+05     37216 38038.3 38064.1    37129    2825    2825   34304
         287    2.8e+05     37216 38038.3 38045.5    37178    2825    2825   34353
         288    2.8e+05     37216 38038.3 38062.3    37044    2826    2826   34218
         289    2.8e+05     37216 38038.3 38046.9    37096    2824    2824   34272
    *    290    2.8e+05     37230 38038.3 38049.4    37230    2825    2825   34405
         291    2.8e+05     37230 38038.3 38051.9    37180    2825    2825   34355
         292    2.8e+05     37230 38038.3 38044.9    37147    2825    2825   34322
         293    2.8e+05     37230 38038.3   38073    37171    2825    2825   34346
         294    2.8e+05     37230 38038.3   38042    37227    2825    2825   34402
         295    2.8e+05     37230 38038.3 38054.2    37185    2826    2826   34359
         296    2.8e+05     37230 38038.3 38047.4    37163    2825    2825   34338
         297    2.8e+05     37230 38038.3 38056.7    37220    2825    2825   34395
         298    2.8e+05     37230 38038.3 38041.8    37192    2825    2825   34367
         299    2.8e+05     37230 38038.3   38066    37176    2825    2825   34351
         300    2.8e+05     37230 38038.3 38041.6    36899    2826    2826   34073
         301    2.8e+05     37230 38038.3 38049.4    37037    2826    2826   34211
         302    2.8e+05     37230 38038.3   38041    37158    2825    2825   34333
         303    2.8e+05     37230 38038.3 38055.2    37062    2825    2825   34237
         304    2.8e+05     37230 38038.3 38038.6    37124    2825    2825   34299
         305    2.8e+05     37230 38038.3 38060.5    37146    2825    2825   34321
         306    2.8e+05     37230 38035.7 38035.7    37163    2825    2825   34338
         307    2.8e+05     37230 38035.7 38066.1    37195    2825    2825   34370
         308    2.8e+05     37230 38035.7   38037    37104    2825    2825   34279
         309    2.8e+05     37230 38035.7 38062.9    37168    2825    2825   34343
         310    2.8e+05     37230 38035.7 38036.6    37150    2825    2825   34325
         311    2.8e+05     37230 38035.7 38057.9    37188    2825    2825   34363
         312    2.8e+05     37230 38035.7 38035.8    37199    2825    2825   34374
         313    2.8e+05     37230 38035.7 38061.7    37074    2825    2825   34249
         314    2.8e+05     37230   38032   38032    37191    2825    2825   34366
         315    2.8e+05     37230   38032 38058.5    37188    2825    2825   34363
         316    2.8e+05     37230   38032 38048.6    37097    2825    2825   34272
         317    2.8e+05     37230   38032 38047.6    37165    2825    2825   34340
         318    2.8e+05     37230   38032 38043.7    37067    2825    2825   34242
         319    2.8e+05     37230   38032 38044.5    36969    2825    2825   34144
         320    2.8e+05     37230   38032 38047.8    36988    2825    2825   34163
         321    2.8e+05     37230   38032 38044.6    37090    2825    2825   34265
         322    2.8e+05     37230   38032 38054.7    37099    2826    2826   34273
         323    2.8e+05     37230   38032 38043.2    37175    2825    2825   34350
         324    2.8e+05     37230   38032 38035.4    37146    2825    2825   34321
         325    2.8e+05     37230   38032 38055.9    37066    2825    2825   34241
         326    2.8e+05     37230   38032 38036.2    37224    2825    2825   34399
         327    2.8e+05     37230   38032 38050.8    37173    2825    2825   34348
    *    328    2.8e+05     37237   38032 38040.9    37237    2825    2825   34412
         329    2.8e+05     37237   38032 38045.4    37190    2825    2825   34365
         330    2.8e+05     37237   38032 38050.4    37227    2825    2825   34402
         331    2.8e+05     37237   38032 38039.9    37216    2825    2825   34391
    *    332    2.8e+05     37251   38032 38046.6    37251    2825    2825   34426
         333    2.8e+05     37251   38032 38053.2    37111    2825    2825   34286
         334    2.8e+05     37251   38032 38042.4    37112    2825    2825   34287
         335    2.8e+05     37251   38032 38052.1    37118    2826    2826   34292
         336    2.8e+05     37251   38032 38034.9    37187    2825    2825   34362
         337    2.8e+05     37251   38032 38055.4    36861    2825    2825   34036
         338    2.8e+05     37251   38032 38035.8    36735    2825    2825   33910
         339    2.8e+05     37251   38032 38072.9    36411    2826    2826   33585
               reducing step to 0.05
         340    2.8e+05     37251 37859.6 37859.6    34796    2827    2827   31969
         341    2.8e+05     37251 37782.8 37782.8    35334    2827    2827   32507
         342    2.8e+05     37251 37782.8 37807.4    36584    2826    2826   33758
         343    2.8e+05     37251 37782.6 37782.6    36562    2825    2825   33737
         344    2.8e+05     37251 37782.6 37795.7    36852    2825    2825   34027
         345    2.8e+05     37251   37770   37770    36725    2825    2825   33900
         346    2.8e+05     37251   37770 37791.6    36981    2826    2826   34155
         347    2.8e+05     37251 37762.1 37762.1    37203    2825    2825   34378
         348    2.8e+05     37251 37762.1 37792.3    37250    2825    2825   34425
         349    2.8e+05     37251 37757.6 37757.6    36982    2825    2825   34157
         350    2.8e+05     37251 37757.6 37787.3    37151    2826    2826   34325
         351    2.8e+05     37251 37754.4 37754.4    37202    2825    2825   34377
    *    352    2.8e+05     37256 37754.4 37786.4    37256    2826    2826   34430
    *    353    2.8e+05     37289 37754.4 37754.8    37289    2825    2825   34464
         354    2.8e+05     37289 37754.4 37788.3    37240    2825    2825   34415
         355    2.8e+05     37289 37754.4 37754.5    37264    2825    2825   34439
         356    2.8e+05     37289 37754.4 37784.9    37268    2825    2825   34443
         357    2.8e+05     37289 37754.2 37754.2    37284    2825    2825   34459
         358    2.8e+05     37289 37754.2 37785.3    37284    2825    2825   34459
    *    359    2.8e+05     37314 37753.3 37753.3    37314    2825    2825   34489
         360    2.8e+05     37314 37753.3 37781.1    37263    2825    2825   34438
         361    2.8e+05     37314 37752.8 37752.8    37312    2825    2825   34487
         362    2.8e+05     37314 37752.8 37782.5    37287    2825    2825   34462
         363    2.8e+05     37314 37752.5 37752.5    37308    2825    2825   34483
         364    2.8e+05     37314 37752.5 37779.7    37298    2825    2825   34473
         365    2.8e+05     37314   37750   37750    37310    2825    2825   34485
    *    366    2.8e+05     37326   37750 37783.3    37326    2825    2825   34501
         367    2.8e+05     37326 37747.5 37747.5    37283    2825    2825   34458
         368    2.8e+05     37326 37747.5   37782    37319    2825    2825   34494
         369    2.8e+05     37326 37747.5 37748.7    37319    2825    2825   34494
         370    2.8e+05     37326 37747.5 37781.2    37282    2825    2825   34457
         371    2.8e+05     37326 37747.3 37747.3    37315    2825    2825   34490
         372    2.8e+05     37326 37747.3 37782.5    37309    2825    2825   34484
         373    2.8e+05     37326   37747   37747    37308    2825    2825   34483
    *    374    2.8e+05     37346   37747 37778.7    37346    2825    2825   34521
         375    2.8e+05     37346 37746.3 37746.3    37295    2825    2825   34470
         376    2.8e+05     37346 37746.3 37778.3    37309    2825    2825   34484
         377    2.8e+05     37346 37746.3 37746.5    37325    2825    2825   34500
         378    2.8e+05     37346 37746.3 37780.4    37290    2825    2825   34465
         379    2.8e+05     37346 37744.9 37744.9    37326    2825    2825   34501
         380    2.8e+05     37346 37744.9 37779.1    37321    2825    2825   34496
         381    2.8e+05     37346 37744.9 37745.5    37317    2825    2825   34492
         382    2.8e+05     37346 37744.9 37778.2    37336    2825    2825   34511
    *    383    2.8e+05     37347 37744.2 37744.2    37347    2825    2825   34522
         384    2.8e+05     37347 37744.2 37774.7    37296    2825    2825   34471
    *    385    2.8e+05     37348 37744.2 37746.7    37348    2825    2825   34523
         386    2.8e+05     37348 37744.2 37778.1    37312    2825    2825   34487
         387    2.8e+05     37348 37744.2 37745.5    37309    2825    2825   34484
         388    2.8e+05     37348 37744.2 37773.3    37331    2825    2825   34506
         389    2.8e+05     37348 37744.2 37744.6    37330    2825    2825   34505
         390    2.8e+05     37348 37744.2 37776.4    37312    2825    2825   34487
         391    2.8e+05     37348 37744.2 37744.6    37295    2825    2825   34470
         392    2.8e+05     37348 37744.2 37774.8    37302    2825    2825   34477
         393    2.8e+05     37348 37742.1 37742.1    37257    2825    2825   34432
         394    2.8e+05     37348 37742.1 37775.6    37317    2825    2825   34492
         395    2.8e+05     37348 37742.1 37743.8    37310    2825    2825   34485
         396    2.8e+05     37348 37742.1 37775.6    37265    2825    2825   34440
         397    2.8e+05     37348 37742.1   37744    37319    2825    2825   34494
         398    2.8e+05     37348 37742.1   37776    37312    2825    2825   34487
         399    2.8e+05     37348 37742.1 37742.7    37133    2825    2825   34308
         400    2.8e+05     37348 37742.1 37778.2    37309    2825    2825   34484
         401    2.8e+05     37348 37741.8 37741.8    37093    2825    2825   34268
         402    2.8e+05     37348 37741.8 37774.9    37291    2825    2825   34466
         403    2.8e+05     37348 37741.8 37742.4    37251    2825    2825   34426
         404    2.8e+05     37348 37741.8 37778.9    37325    2825    2825   34500
         405    2.8e+05     37348 37741.6 37741.6    37260    2825    2825   34435
         406    2.8e+05     37348 37741.6 37776.8    37308    2825    2825   34483
         407    2.8e+05     37348 37741.6 37742.9    37273    2825    2825   34448
         408    2.8e+05     37348 37741.6 37774.4    37286    2825    2825   34461
         409    2.8e+05     37348 37741.6   37743    37307    2825    2825   34482
         410    2.8e+05     37348 37741.6   37774    37303    2825    2825   34478
         411    2.8e+05     37348 37741.6 37743.3    37316    2825    2825   34491
         412    2.8e+05     37348 37741.6 37774.7    37317    2825    2825   34492
         413    2.8e+05     37348 37741.6 37742.3    37297    2825    2825   34472
         414    2.8e+05     37348 37741.6 37773.4    37323    2825    2825   34498
         415    2.8e+05     37348 37741.6 37742.6    37341    2825    2825   34516
         416    2.8e+05     37348 37741.6 37773.1    37340    2825    2825   34515
         417    2.8e+05     37348   37741   37741    37339    2825    2825   34514
         418    2.8e+05     37348   37741 37773.1    37346    2825    2825   34521
    *    419    2.8e+05     37351   37741   37745    37351    2825    2825   34526
         420    2.8e+05     37351   37741 37772.4    37338    2825    2825   34513
         421    2.8e+05     37351   37741 37743.4    37319    2825    2825   34494
         422    2.8e+05     37351   37741 37771.2    37325    2825    2825   34500
         423    2.8e+05     37351   37741 37742.5    37324    2825    2825   34499
         424    2.8e+05     37351   37741 37770.4    37333    2825    2825   34508
         425    2.8e+05     37351   37741 37742.2    37331    2825    2825   34506
         426    2.8e+05     37351   37741 37770.7    37314    2825    2825   34489
         427    2.8e+05     37351   37741 37742.6    37311    2825    2825   34486
         428    2.8e+05     37351   37741 37772.3    37314    2825    2825   34489
         429    2.8e+05     37351   37741 37742.9    37332    2825    2825   34507
         430    2.8e+05     37351   37741 37769.7    37226    2825    2825   34401
         431    2.8e+05     37351   37741 37741.1    37313    2825    2825   34488
         432    2.8e+05     37351   37741   37771    37334    2825    2825   34509
         433    2.9e+05     37351   37741 37742.1    37306    2825    2825   34481
         434    2.9e+05     37351   37741 37771.3    37322    2825    2825   34497
         435    2.9e+05     37351   37741 37742.4    37324    2825    2825   34499
         436    2.9e+05     37351   37741 37768.8    37324    2825    2825   34499
         437    2.9e+05     37351   37741 37741.6    37302    2825    2825   34477
         438    2.9e+05     37351   37741 37767.5    37322    2825    2825   34497
         439    2.9e+05     37351   37741 37741.4    37315    2825    2825   34490
         440    2.9e+05     37351   37741 37769.4    37324    2825    2825   34499
         441    2.9e+05     37351 37739.9 37739.9    37270    2825    2825   34445
         442    2.9e+05     37351 37739.9   37769    37281    2825    2825   34456
         443    2.9e+05     37351 37739.9 37740.5    37316    2825    2825   34491
         444    2.9e+05     37351 37739.9 37769.3    37327    2825    2825   34502
         445    2.9e+05     37351 37739.9 37741.9    37351    2825    2825   34526
         446    2.9e+05     37351 37739.9 37769.3    37341    2825    2825   34516
         447    2.9e+05     37351 37739.9   37741    37332    2825    2825   34507
    *    448    2.9e+05     37356 37739.9 37768.7    37356    2825    2825   34531
         449    2.9e+05     37356 37739.9 37742.2    37316    2825    2825   34491
         450    2.9e+05     37356 37739.9 37768.5    37290    2825    2825   34465
         451    2.9e+05     37356 37739.2 37739.2    37179    2825    2825   34354
         452    2.9e+05     37356 37739.2 37769.6    37329    2825    2825   34504
         453    2.9e+05     37356   37738   37738    37301    2825    2825   34476
         454    2.9e+05     37356   37738 37770.8    37306    2825    2825   34481
         455    2.9e+05     37356   37738 37739.8    37303    2825    2825   34478
         456    2.9e+05     37356   37738 37769.2    37322    2825    2825   34497
         457    2.9e+05     37356   37738 37738.6    37309    2825    2825   34484
         458    2.9e+05     37356   37738   37771    37339    2825    2825   34514
         459    2.9e+05     37356 37737.2 37737.2    37321    2825    2825   34496
    *    460    2.9e+05     37363 37737.2 37770.9    37363    2825    2825   34538
         461    2.9e+05     37363 37737.2 37737.3    37326    2825    2825   34501
         462    2.9e+05     37363 37737.2 37770.5    37306    2825    2825   34481
         463    2.9e+05     37363 37737.2 37737.8    37111    2825    2825   34286
         464    2.9e+05     37363 37737.2 37767.8    37343    2825    2825   34518
         465    2.9e+05     37363 37736.9 37736.9    37294    2825    2825   34469
         466    2.9e+05     37363 37736.9 37768.3    37344    2825    2825   34519
         467    2.9e+05     37363 37736.9 37739.7    37344    2825    2825   34519
         468    2.9e+05     37363 37736.9 37767.1    37317    2825    2825   34492
         469    2.9e+05     37363 37736.9 37740.6    37285    2825    2825   34460
         470    2.9e+05     37363 37736.9   37767    37333    2825    2825   34508
         471    2.9e+05     37363 37736.9 37739.5    37334    2825    2825   34509
         472    2.9e+05     37363 37736.9 37766.3    37339    2825    2825   34514
         473    2.9e+05     37363 37736.9 37737.3    37316    2825    2825   34491
         474    2.9e+05     37363 37736.9 37766.9    37323    2825    2825   34498
         475    2.9e+05     37363 37736.6 37736.6    37327    2825    2825   34502
         476    2.9e+05     37363 37736.6 37769.5    37308    2825    2825   34483
         477    2.9e+05     37363 37736.6 37738.9    37327    2825    2825   34502
         478    2.9e+05     37363 37736.6 37768.4    37318    2825    2825   34493
         479    2.9e+05     37363 37736.1 37736.1    37320    2825    2825   34495
         480    2.9e+05     37363 37736.1 37767.1    37332    2825    2825   34507
         481    2.9e+05     37363 37736.1 37736.8    37327    2825    2825   34502
         482    2.9e+05     37363 37736.1 37770.1    37338    2825    2825   34513
         483    2.9e+05     37363 37736.1 37737.5    37337    2825    2825   34512
         484    2.9e+05     37363 37736.1 37767.1    37331    2825    2825   34506
         485    2.9e+05     37363 37736.1 37738.2    37327    2825    2825   34502
         486    2.9e+05     37363 37736.1 37766.7    37324    2825    2825   34499
         487    2.9e+05     37363 37736.1 37742.3    37320    2825    2825   34495
         488    2.9e+05     37363 37736.1 37768.7    37328    2825    2825   34503
         489    2.9e+05     37363 37736.1 37736.1    37326    2825    2825   34501
         490    2.9e+05     37363 37736.1 37765.2    37338    2825    2825   34513
         491    2.9e+05     37363 37736.1 37736.2    37329    2825    2825   34504
         492    2.9e+05     37363 37736.1 37764.9    37337    2825    2825   34512
         493    2.9e+05     37363 37736.1 37739.3    37299    2825    2825   34474
         494    2.9e+05     37363 37736.1 37766.3    37323    2825    2825   34498
         495    2.9e+05     37363 37736.1 37737.3    37251    2824    2824   34427
         496    2.9e+05     37363 37736.1 37763.5    37318    2825    2825   34493
         497    2.9e+05     37363 37736.1 37737.8    37333    2825    2825   34508
         498    2.9e+05     37363 37736.1   37764    37336    2825    2825   34511
         499    2.9e+05     37363 37735.8 37735.8    37316    2825    2825   34491
         500    2.9e+05     37363 37735.8 37764.9    37297    2825    2825   34472
         501    2.9e+05     37363 37735.2 37735.2    37326    2825    2825   34501
         502    2.9e+05     37363 37735.2 37763.5    37333    2825    2825   34508
         503    2.9e+05     37363 37735.2 37737.7    37338    2825    2825   34513
         504    2.9e+05     37363 37735.2 37765.2    37335    2825    2825   34510
         505    2.9e+05     37363 37735.2 37738.1    37323    2825    2825   34498
         506    2.9e+05     37363 37735.2 37765.5    37330    2825    2825   34505
         507    2.9e+05     37363 37735.2 37736.2    37332    2825    2825   34507
         508    2.9e+05     37363 37735.2 37766.3    37324    2825    2825   34499
         509    2.9e+05     37363 37735.2 37736.2    37350    2825    2825   34525
         510    2.9e+05     37363 37735.2 37763.5    37323    2825    2825   34498
         511    2.9e+05     37363 37735.2 37737.9    37281    2825    2825   34456
         512    2.9e+05     37363 37735.2 37768.9    37304    2825    2825   34479
         513    2.9e+05     37363 37735.2 37735.5    37335    2825    2825   34510
         514    2.9e+05     37363 37735.2 37763.4    37306    2825    2825   34481
         515    2.9e+05     37363 37735.2 37737.8    37298    2825    2825   34473
         516    2.9e+05     37363 37735.2 37764.6    37342    2825    2825   34517
         517    2.9e+05     37363 37735.1 37735.1    37320    2825    2825   34495
         518    2.9e+05     37363 37735.1 37765.3    37343    2825    2825   34518
         519    2.9e+05     37363 37735.1 37735.3    37321    2825    2825   34496
         520    2.9e+05     37363 37735.1 37764.1    37320    2825    2825   34495
         521    2.9e+05     37363 37735.1 37736.4    37329    2825    2825   34504
         522    2.9e+05     37363 37735.1 37764.3    37335    2825    2825   34510
         523    2.9e+05     37363 37734.1 37734.1    37300    2825    2825   34475
         524    2.9e+05     37363 37734.1 37764.6    37304    2825    2825   34479
         525    2.9e+05     37363 37733.8 37733.8    37350    2825    2825   34525
         526    2.9e+05     37363 37733.8 37765.2    37320    2825    2825   34495
         527    2.9e+05     37363 37733.8 37737.6    37321    2825    2825   34496
         528    2.9e+05     37363 37733.8 37764.4    37335    2825    2825   34510
         529    2.9e+05     37363 37733.8 37736.7    37339    2825    2825   34514
         530    2.9e+05     37363 37733.8 37764.1    37345    2825    2825   34520
         531    2.9e+05     37363 37733.8 37735.4    37313    2825    2825   34488
         532    2.9e+05     37363 37733.8 37763.5    37354    2825    2825   34529
         533    2.9e+05     37363 37733.8 37734.1    37351    2825    2825   34526
         534    2.9e+05     37363 37733.8 37764.3    37349    2825    2825   34524
         535    2.9e+05     37363 37733.8 37735.1    37331    2825    2825   34506
         536    2.9e+05     37363 37733.8 37762.3    37339    2825    2825   34514
         537    2.9e+05     37363 37733.8   37736    37330    2825    2825   34505
         538    2.9e+05     37363 37733.8 37764.1    37328    2825    2825   34503
         539    2.9e+05     37363 37733.6 37733.6    37349    2825    2825   34524
         540    2.9e+05     37363 37733.6 37764.4    37348    2825    2825   34523
         541    2.9e+05     37363 37733.6 37734.3    37307    2825    2825   34482
         542    2.9e+05     37363 37733.6 37764.5    37338    2825    2825   34513
         543    2.9e+05     37363 37733.6 37735.2    37324    2825    2825   34499
         544    2.9e+05     37363 37733.6 37762.9    37339    2825    2825   34514
         545    2.9e+05     37363 37733.3 37733.3    37327    2825    2825   34502
         546    2.9e+05     37363 37733.3 37764.2    37336    2825    2825   34511
         547    2.9e+05     37363 37733.3 37734.9    37321    2825    2825   34496
         548    2.9e+05     37363 37733.3 37764.9    37341    2825    2825   34516
         549    2.9e+05     37363 37731.1 37731.1    37345    2825    2825   34520
         550    2.9e+05     37363 37731.1 37763.3    37345    2825    2825   34520
         551    2.9e+05     37363 37731.1 37736.2    37336    2825    2825   34511
         552    2.9e+05     37363 37731.1 37762.1    37327    2825    2825   34502
         553    2.9e+05     37363 37731.1 37732.9    37350    2825    2825   34525
         554    2.9e+05     37363 37731.1 37766.8    37347    2825    2825   34522
         555    2.9e+05     37363 37731.1 37732.7    37343    2825    2825   34518
         556    2.9e+05     37363 37731.1 37764.2    37317    2825    2825   34492
         557    2.9e+05     37363 37731.1 37731.6    37350    2825    2825   34525
         558    2.9e+05     37363 37731.1 37762.1    37341    2825    2825   34516
         559    2.9e+05     37363 37731.1 37733.8    37326    2825    2825   34501
         560    2.9e+05     37363 37731.1 37763.7    37317    2825    2825   34492
         561    2.9e+05     37363 37731.1 37733.6    37316    2825    2825   34491
         562    2.9e+05     37363 37731.1   37764    37318    2825    2825   34493
         563    2.9e+05     37363 37731.1 37734.3    37355    2825    2825   34530
         564    2.9e+05     37363 37731.1 37762.1    37319    2825    2825   34494
         565    2.9e+05     37363 37731.1 37735.5    37344    2825    2825   34519
         566    2.9e+05     37363 37731.1 37761.8    37325    2825    2825   34500
         567    2.9e+05     37363 37731.1 37734.2    37345    2825    2825   34520
         568    2.9e+05     37363 37731.1 37761.6    37331    2825    2825   34506
         569    2.9e+05     37363 37731.1 37734.7    37331    2825    2825   34506
         570    2.9e+05     37363 37731.1 37762.3    37337    2825    2825   34512
         571    2.9e+05     37363 37731.1 37735.8    37341    2825    2825   34516
         572    2.9e+05     37363 37731.1 37763.3    37308    2825    2825   34483
         573    2.9e+05     37363 37731.1 37733.4    37329    2825    2825   34504
         574    2.9e+05     37363 37731.1 37761.6    37336    2825    2825   34511
               reducing step to 0.025
         575    2.9e+05     37363 37667.5 37667.5    36685    2827    2827   33858
         576    2.9e+05     37363 37643.4 37643.4    37000    2826    2826   34174
         577    2.9e+05     37363 37643.4 37652.9    37257    2825    2825   34432
         578    2.9e+05     37363 37633.3 37633.3    37093    2825    2825   34268
         579    2.9e+05     37363 37633.3 37648.6    37178    2825    2825   34353
         580    2.9e+05     37363 37631.9 37631.9    37297    2825    2825   34472
    *    581    2.9e+05     37364 37631.9 37645.5    37364    2825    2825   34539
         582    2.9e+05     37364 37628.7 37628.7    37322    2825    2825   34497
         583    2.9e+05     37364 37628.7 37641.6    37333    2825    2825   34508
         584    2.9e+05     37364 37628.7 37629.1    37344    2825    2825   34519
         585    2.9e+05     37364 37628.7 37638.9    37324    2825    2825   34499
    *    586    2.9e+05     37375 37625.4 37625.4    37375    2825    2825   34550
         587    2.9e+05     37375 37625.4 37639.1    37344    2825    2825   34519
         588    2.9e+05     37375 37625.4 37626.1    37050    2825    2825   34225
         589    2.9e+05     37375 37625.4 37637.7    37358    2825    2825   34533
         590    2.9e+05     37375 37625.2 37625.2    37368    2825    2825   34543
         591    2.9e+05     37375 37625.2 37637.5    37359    2825    2825   34534
         592    2.9e+05     37375 37625.2 37625.2    37344    2825    2825   34519
         593    2.9e+05     37375 37625.2 37637.3    37277    2825    2825   34452
         594    2.9e+05     37375 37623.2 37623.2    37374    2825    2825   34549
         595    2.9e+05     37375 37623.2 37638.3    37360    2825    2825   34535
         596    2.9e+05     37375 37623.2 37624.1    37353    2825    2825   34528
         597    2.9e+05     37375 37623.2 37635.3    37369    2825    2825   34544
         598    2.9e+05     37375 37623.2 37624.2    37365    2825    2825   34540
         599    2.9e+05     37375 37623.2 37635.9    37363    2825    2825   34538
         600    2.9e+05     37375 37623.2   37624    37366    2825    2825   34541
         601    2.9e+05     37375 37623.2 37635.6    37348    2825    2825   34523
         602    2.9e+05     37375 37623.2 37626.2    37353    2825    2825   34528
         603    2.9e+05     37375 37623.2 37635.4    37348    2825    2825   34523
         604    2.9e+05     37375 37621.8 37621.8    37332    2825    2825   34507
         605    2.9e+05     37375 37621.8 37637.8    37324    2825    2825   34499
         606    2.9e+05     37375 37621.8   37622    37368    2825    2825   34543
         607    2.9e+05     37375 37621.8 37635.7    37354    2825    2825   34529
         608    2.9e+05     37375 37621.8 37623.9    37375    2825    2825   34550
         609    2.9e+05     37375 37621.8 37635.1    37338    2825    2825   34513
         610    2.9e+05     37375 37621.8 37622.1    37365    2825    2825   34540
         611    2.9e+05     37375 37621.8 37636.8    37366    2825    2825   34541
         612    2.9e+05     37375 37621.8 37621.8    37358    2825    2825   34533
         613    2.9e+05     37375 37621.8 37634.4    37361    2825    2825   34536
         614    2.9e+05     37375 37621.8 37622.8    37368    2825    2825   34543
         615    2.9e+05     37375 37621.8   37636    37369    2825    2825   34544
         616    2.9e+05     37375 37620.3 37620.3    37343    2825    2825   34518
         617    2.9e+05     37375 37620.3 37634.8    37352    2825    2825   34527
         618    2.9e+05     37375 37620.3 37621.1    37361    2825    2825   34536
         619    2.9e+05     37375 37620.3 37634.8    37345    2825    2825   34520
         620    2.9e+05     37375 37620.3 37620.9    37355    2825    2825   34530
         621    2.9e+05     37375 37620.3 37633.3    37365    2825    2825   34540
         622    2.9e+05     37375 37620.3 37620.6    37367    2825    2825   34542
         623    2.9e+05     37375 37620.3 37634.8    37367    2825    2825   34542
         624    2.9e+05     37375 37619.8 37619.8    37362    2825    2825   34537
         625    2.9e+05     37375 37619.8 37633.2    37365    2825    2825   34540
         626    2.9e+05     37375 37619.8 37620.8    37365    2825    2825   34540
         627    2.9e+05     37375 37619.8 37634.6    37369    2825    2825   34544
         628    2.9e+05     37375 37618.9 37618.9    37356    2825    2825   34531
    *    629    2.9e+05     37380 37618.9 37633.3    37380    2825    2825   34555
         630    2.9e+05     37380 37618.9 37620.7    37363    2825    2825   34538
         631    2.9e+05     37380 37618.9 37632.9    37367    2825    2825   34542
         632    2.9e+05     37380 37618.9 37620.2    37362    2825    2825   34537
         633    2.9e+05     37380 37618.9 37634.2    37370    2825    2825   34545
         634    2.9e+05     37380 37618.9   37619    37363    2825    2825   34538
         635    2.9e+05     37380 37618.9 37633.8    37354    2825    2825   34529
         636    2.9e+05     37380 37618.9   37621    37358    2825    2825   34533
         637    2.9e+05     37380 37618.9 37631.4    37357    2825    2825   34532
         638    2.9e+05     37380 37618.9 37623.1    37350    2825    2825   34525
         639    2.9e+05     37380 37618.9 37631.9    37361    2825    2825   34536
         640    2.9e+05     37380 37618.9 37619.7    37362    2825    2825   34537
    *    641    2.9e+05     37386 37618.9 37632.6    37386    2825    2825   34561
         642    2.9e+05     37386 37618.9 37621.2    37368    2825    2825   34543
         643    2.9e+05     37386 37618.9   37633    37360    2825    2825   34535
         644    2.9e+05     37386 37618.9 37619.2    37361    2825    2825   34536
         645    2.9e+05     37386 37618.9   37633    37369    2825    2825   34544
         646    2.9e+05     37386 37618.9 37619.5    37379    2825    2825   34554
         647    2.9e+05     37386 37618.9 37632.7    37366    2825    2825   34541
         648    2.9e+05     37386 37618.3 37618.3    37377    2825    2825   34552
         649    2.9e+05     37386 37618.3 37633.7    37360    2825    2825   34535
         650    2.9e+05     37386 37618.3 37619.4    37352    2825    2825   34527
         651    2.9e+05     37386 37618.3 37631.6    37292    2825    2825   34467
         652    2.9e+05     37386 37617.6 37617.6    37360    2825    2825   34535
         653    2.9e+05     37386 37617.6 37632.5    37383    2825    2825   34558
         654    2.9e+05     37386 37617.6 37620.2    37378    2825    2825   34553
         655    2.9e+05     37386 37617.6 37631.7    37378    2825    2825   34553
         656    2.9e+05     37386 37617.6 37618.8    37351    2825    2825   34526
         657    2.9e+05     37386 37617.6 37632.9    37346    2825    2825   34521
         658    2.9e+05     37386 37617.6 37618.2    37365    2825    2825   34540
         659    2.9e+05     37386 37617.6 37631.6    37384    2825    2825   34559
    *    660    2.9e+05     37404 37617.6 37619.1    37404    2825    2825   34579
         661    2.9e+05     37404 37617.6 37632.6    37364    2825    2825   34539
         662    2.9e+05     37404 37617.6 37618.8    37365    2825    2825   34540
         663    2.9e+05     37404 37617.6 37631.7    37333    2825    2825   34508
         664    2.9e+05     37404 37617.6 37617.8    37299    2825    2825   34474
         665    2.9e+05     37404 37617.6 37632.7    37342    2825    2825   34517
         666    2.9e+05     37404 37617.6 37619.1    37355    2825    2825   34530
         667    2.9e+05     37404 37617.6 37632.3    37330    2825    2825   34505
         668    2.9e+05     37404 37617.6 37617.6    37374    2825    2825   34549
         669    2.9e+05     37404 37617.6 37632.5    37346    2825    2825   34521
         670    2.9e+05     37404   37617   37617    37362    2825    2825   34537
         671    2.9e+05     37404   37617 37633.3    37350    2825    2825   34525
         672    2.9e+05     37404   37617 37617.1    37359    2825    2825   34534
         673    2.9e+05     37404   37617 37631.7    37372    2825    2825   34547
         674    2.9e+05     37404   37617 37619.7    37374    2825    2825   34549
         675    2.9e+05     37404   37617 37631.2    37368    2825    2825   34543
         676    2.9e+05     37404   37617 37617.8    37386    2825    2825   34561
         677    2.9e+05     37404   37617 37633.6    37378    2825    2825   34553
         678    2.9e+05     37404   37617 37617.3    37362    2825    2825   34537
         679    2.9e+05     37404   37617 37631.3    37347    2825    2825   34522
         680    2.9e+05     37404   37617   37617    37371    2825    2825   34546
         681    2.9e+05     37404   37617 37631.2    37366    2825    2825   34541
         682    2.9e+05     37404   37617   37617    37357    2825    2825   34532
         683    2.9e+05     37404   37617 37631.6    37350    2825    2825   34525
         684    2.9e+05     37404 37616.4 37616.4    37382    2825    2825   34557
         685    2.9e+05     37404 37616.4 37631.4    37346    2825    2825   34521
         686    2.9e+05     37404 37616.4   37618    37374    2825    2825   34549
         687    2.9e+05     37404 37616.4 37631.2    37367    2825    2825   34542
         688    2.9e+05     37404 37616.4 37616.5    37385    2825    2825   34560
         689    2.9e+05     37404 37616.4 37631.7    37364    2825    2825   34539
         690    2.9e+05     37404 37616.4 37618.3    37382    2825    2825   34557
         691    2.9e+05     37404 37616.4 37631.6    37360    2825    2825   34535
         692    2.9e+05     37404 37616.4 37616.8    37368    2825    2825   34543
         693    2.9e+05     37404 37616.4 37631.6    37339    2825    2825   34514
         694    2.9e+05     37404 37616.4 37617.7    37371    2825    2825   34546
         695    2.9e+05     37404 37616.4 37632.4    37367    2825    2825   34542
         696    2.9e+05     37404 37616.4 37616.8    37369    2825    2825   34544
         697    2.9e+05     37404 37616.4 37632.5    37365    2825    2825   34540
         698    2.9e+05     37404 37616.4 37617.9    37366    2825    2825   34541
         699    2.9e+05     37404 37616.4 37631.7    37359    2825    2825   34534
         700    2.9e+05     37404 37616.4 37616.5    37360    2825    2825   34535
         701    2.9e+05     37404 37616.4 37631.8    37349    2825    2825   34524
         702    2.9e+05     37404 37616.3 37616.3    37370    2825    2825   34545
         703    2.9e+05     37404 37616.3 37632.1    37384    2825    2825   34559
         704    2.9e+05     37404 37616.3 37617.2    37368    2825    2825   34543
         705    2.9e+05     37404 37616.3 37631.9    37358    2825    2825   34533
         706    2.9e+05     37404 37616.1 37616.1    37362    2825    2825   34537
         707    2.9e+05     37404 37616.1   37633    37324    2825    2825   34499
         708    2.9e+05     37404 37616.1 37616.3    37363    2825    2825   34538
         709    2.9e+05     37404 37616.1 37632.1    37342    2825    2825   34517
         710    2.9e+05     37404 37616.1 37616.1    37367    2825    2825   34542
         711    2.9e+05     37404 37616.1   37633    37356    2825    2825   34531
         712    2.9e+05     37404 37616.1 37616.1    37373    2825    2825   34548
         713    2.9e+05     37404 37616.1 37633.4    37350    2825    2825   34525
         714    2.9e+05     37404 37616.1 37616.1    37370    2825    2825   34545
         715    2.9e+05     37404 37616.1 37633.1    37365    2825    2825   34540
         716    2.9e+05     37404 37616.1 37616.2    37352    2825    2825   34527
         717    2.9e+05     37404 37616.1   37631    37341    2825    2825   34516
         718    2.9e+05     37404 37616.1 37616.2    37375    2825    2825   34550
         719    2.9e+05     37404 37616.1 37634.5    37358    2825    2825   34533
         720    2.9e+05     37404   37616   37616    37346    2825    2825   34521
         721    2.9e+05     37404   37616   37632    37361    2825    2825   34536
         722    2.9e+05     37404   37616 37616.9    37359    2825    2825   34534
         723    2.9e+05     37404   37616   37633    37367    2825    2825   34542
         724    2.9e+05     37404   37616   37616    37360    2825    2825   34535
         725    2.9e+05     37404   37616 37632.1    37368    2825    2825   34543
         726    2.9e+05     37404   37616 37617.1    37347    2825    2825   34522
         727    2.9e+05     37404   37616 37631.6    37362    2825    2825   34537
         728    2.9e+05     37404   37616 37616.1    37355    2825    2825   34530
         729    2.9e+05     37404   37616 37631.6    37371    2825    2825   34546
         730    2.9e+05     37404   37616 37616.1    37372    2825    2825   34547
         731    2.9e+05     37404   37616 37633.4    37371    2825    2825   34546
         732    2.9e+05     37404 37615.8 37615.8    37350    2825    2825   34525
         733    2.9e+05     37404 37615.8 37633.7    37349    2825    2825   34524
         734    2.9e+05     37404 37615.8 37616.3    37353    2825    2825   34528
         735    2.9e+05     37404 37615.8 37631.3    37372    2825    2825   34547
         736    2.9e+05     37404 37615.8 37616.6    37363    2825    2825   34538
         737    2.9e+05     37404 37615.8   37632    37366    2825    2825   34541
         738    2.9e+05     37404 37615.8 37616.7    37365    2825    2825   34540
         739    2.9e+05     37404 37615.8   37632    37352    2825    2825   34527
         740    2.9e+05     37404 37615.8 37616.3    37370    2825    2825   34545
         741    2.9e+05     37404 37615.8 37631.5    37375    2825    2825   34550
         742    2.9e+05     37404 37615.8 37616.2    37365    2825    2825   34540
         743    2.9e+05     37404 37615.8 37632.2    37318    2825    2825   34493
         744    2.9e+05     37404 37615.8 37616.2    37373    2825    2825   34548
         745    2.9e+05     37404 37615.8 37630.6    37369    2825    2825   34544
         746    2.9e+05     37404 37615.8 37617.4    37350    2825    2825   34525
         747    2.9e+05     37404 37615.8 37632.1    37359    2825    2825   34534
         748    2.9e+05     37404 37615.8 37615.8    37370    2825    2825   34545
         749    2.9e+05     37404 37615.8 37631.1    37352    2825    2825   34527
         750    2.9e+05     37404 37615.8   37617    37360    2825    2825   34535
         751    2.9e+05     37404 37615.8 37631.3    37350    2825    2825   34525
         752    2.9e+05     37404 37615.8 37617.3    37370    2825    2825   34545
         753    2.9e+05     37404 37615.8 37631.3    37356    2825    2825   34531
         754    2.9e+05     37404 37615.8 37616.8    37354    2825    2825   34529
         755    2.9e+05     37404 37615.8 37631.7    37357    2825    2825   34532
         756    2.9e+05     37404 37615.7 37615.7    37366    2825    2825   34541
         757    2.9e+05     37404 37615.7 37632.1    37348    2825    2825   34523
         758    2.9e+05     37404 37615.7 37615.7    37335    2825    2825   34510
         759    2.9e+05     37404 37615.7 37632.9    37361    2825    2825   34536
         760    2.9e+05     37404 37615.6 37615.6    37365    2825    2825   34540
         761    2.9e+05     37404 37615.6 37631.6    37357    2825    2825   34532
         762    2.9e+05     37404 37615.6 37616.2    37369    2825    2825   34544
         763    2.9e+05     37404 37615.6   37630    37355    2825    2825   34530
         764    2.9e+05     37404 37615.6 37616.8    37341    2825    2825   34516
         765    2.9e+05     37404 37615.6 37630.8    37349    2825    2825   34524
         766    2.9e+05     37404 37615.6 37616.2    36978    2825    2825   34153
         767    2.9e+05     37404 37615.6 37630.6    37370    2825    2825   34545
         768    2.9e+05     37404 37615.6 37617.7    37290    2825    2825   34465
         769    2.9e+05     37404 37615.6   37631    37361    2825    2825   34536
         770    2.9e+05     37404 37615.6 37617.9    37365    2825    2825   34540
         771    2.9e+05     37404 37615.6   37630    37350    2825    2825   34525
         772    2.9e+05     37404 37615.6 37615.7    37358    2825    2825   34533
         773    2.9e+05     37404 37615.6 37629.7    37356    2825    2825   34531
         774    2.9e+05     37404 37615.6 37616.9    37359    2825    2825   34534
         775    2.9e+05     37404 37615.6 37631.6    37373    2825    2825   34548
         776    2.9e+05     37404 37615.6 37617.3    37370    2825    2825   34545
         777    2.9e+05     37404 37615.6 37631.1    37372    2825    2825   34547
         778    2.9e+05     37404 37615.5 37615.5    37364    2825    2825   34539
         779    2.9e+05     37404 37615.5 37632.4    37361    2825    2825   34536
         780    2.9e+05     37404 37615.5 37616.2    37365    2825    2825   34540
         781    2.9e+05     37404 37615.5 37631.1    37365    2825    2825   34540
         782    2.9e+05     37404 37615.5 37615.7    37366    2825    2825   34541
         783    2.9e+05     37404 37615.5 37631.3    37359    2825    2825   34534
         784    2.9e+05     37404   37615   37615    37371    2825    2825   34546
         785    2.9e+05     37404   37615 37629.9    37364    2825    2825   34539
         786    2.9e+05     37404   37615 37616.5    37367    2825    2825   34542
         787    2.9e+05     37404   37615 37631.7    37359    2825    2825   34534
         788    2.9e+05     37404   37615 37615.7    37358    2825    2825   34533
         789    2.9e+05     37404   37615 37629.7    37342    2825    2825   34517
         790    2.9e+05     37404   37615 37616.7    37362    2825    2825   34537
         791    2.9e+05     37404   37615 37630.4    37371    2825    2825   34546
         792    2.9e+05     37404   37615   37616    37357    2825    2825   34532
         793    2.9e+05     37404   37615 37629.7    37360    2825    2825   34535
         794    2.9e+05     37404   37615   37616    37381    2825    2825   34556
         795    2.9e+05     37404   37615 37631.3    37370    2825    2825   34545
         796    2.9e+05     37404 37614.8 37614.8    37365    2825    2825   34540
         797    2.9e+05     37404 37614.8 37630.6    37360    2825    2825   34535
         798    2.9e+05     37404 37614.8 37616.4    37335    2825    2825   34510
         799    2.9e+05     37404 37614.8 37629.9    37355    2825    2825   34530
         800    2.9e+05     37404 37614.8 37615.7    37369    2825    2825   34544
         801    2.9e+05     37404 37614.8   37631    37336    2824    2824   34512
         802    2.9e+05     37404 37614.4 37614.4    37364    2825    2825   34539
         803    2.9e+05     37404 37614.4 37630.8    37335    2825    2825   34510
         804    2.9e+05     37404 37614.4 37616.6    37364    2825    2825   34539
         805    2.9e+05     37404 37614.4 37629.4    37368    2825    2825   34543
         806    2.9e+05     37404 37614.4 37617.6    37356    2825    2825   34531
         807    2.9e+05     37404 37614.4 37629.4    37340    2825    2825   34515
         808    2.9e+05     37404 37614.4 37614.6    37342    2825    2825   34517
         809    2.9e+05     37404 37614.4 37631.5    37351    2825    2825   34526
         810    2.9e+05     37404 37614.4 37614.9    37358    2825    2825   34533
         811    2.9e+05     37404 37614.4 37629.3    37372    2825    2825   34547
         812    2.9e+05     37404 37614.4 37616.1    37343    2825    2825   34518
         813    2.9e+05     37404 37614.4 37630.1    37366    2825    2825   34541
         814    2.9e+05     37404 37614.4 37615.7    37371    2825    2825   34546
         815    2.9e+05     37404 37614.4 37629.8    37357    2825    2825   34532
         816    2.9e+05     37404 37614.4 37615.3    37373    2825    2825   34548
         817    2.9e+05     37404 37614.4 37629.9    37378    2825    2825   34553
         818    2.9e+05     37404 37614.4 37616.1    37379    2825    2825   34554
         819    2.9e+05     37404 37614.4 37629.7    37357    2825    2825   34532
         820    2.9e+05     37404 37614.4 37616.1    37366    2825    2825   34541
         821    2.9e+05     37404 37614.4 37629.2    37360    2825    2825   34535
         822    2.9e+05     37404 37614.4 37615.9    37378    2825    2825   34553
         823    2.9e+05     37404 37614.4 37628.9    37367    2825    2825   34542
         824    2.9e+05     37404 37614.4 37615.5    37372    2825    2825   34547
         825    2.9e+05     37404 37614.4 37629.6    37372    2825    2825   34547
         826    2.9e+05     37404 37614.4 37615.6    37350    2825    2825   34525
         827    2.9e+05     37404 37614.4 37630.3    37337    2825    2825   34512
               reducing step to 0.0125
         828    2.9e+05     37404 37591.7 37591.7    37216    2825    2825   34391
         829    2.9e+05     37404 37581.9 37581.9    37272    2825    2825   34447
         830    2.9e+05     37404 37581.9 37585.5    37338    2825    2825   34513
         831    2.9e+05     37404 37576.5 37576.5    37358    2825    2825   34533
         832    2.9e+05     37404 37576.5 37583.2    37349    2825    2825   34524
         833    2.9e+05     37404 37574.6 37574.6    37342    2825    2825   34517
         834    2.9e+05     37404 37574.6 37581.5    37356    2825    2825   34531
         835    2.9e+05     37404   37572   37572    37382    2825    2825   34557
         836    2.9e+05     37404   37572   37579    37382    2825    2825   34557
         837    2.9e+05     37404 37571.9 37571.9    37360    2825    2825   34535
         838    2.9e+05     37404 37571.9 37579.4    37372    2825    2825   34547
         839    2.9e+05     37404 37571.7 37571.7    37357    2825    2825   34532
         840    2.9e+05     37404 37571.7 37578.7    37355    2825    2825   34530
         841    2.9e+05     37404 37570.4 37570.4    37332    2825    2825   34507
         842    2.9e+05     37404 37570.4 37577.4    37378    2825    2825   34553
         843    2.9e+05     37404 37570.4 37570.6    37369    2825    2825   34544
         844    2.9e+05     37404 37570.4 37578.3    37374    2825    2825   34549
         845    2.9e+05     37404 37570.4 37570.7    37385    2825    2825   34560
         846    2.9e+05     37404 37570.4 37576.7    37374    2825    2825   34549
         847    2.9e+05     37404 37569.6 37569.6    37363    2825    2825   34538
         848    2.9e+05     37404 37569.6 37577.1    37387    2825    2825   34562
         849    2.9e+05     37404 37569.6 37569.7    37342    2825    2825   34517
         850    2.9e+05     37404 37569.6 37576.2    37364    2825    2825   34539
         851    2.9e+05     37404 37569.3 37569.3    37364    2825    2825   34539
         852    2.9e+05     37404 37569.3   37576    37382    2825    2825   34557
         853    2.9e+05     37404 37569.1 37569.1    37360    2825    2825   34535
         854    2.9e+05     37404 37569.1 37576.2    37348    2825    2825   34523
         855    2.9e+05     37404 37569.1 37569.5    37371    2825    2825   34546
         856    2.9e+05     37404 37569.1 37575.9    37391    2825    2825   34566
         857    2.9e+05     37404 37569.1 37569.1    37359    2825    2825   34534
         858    2.9e+05     37404 37569.1 37576.3    37376    2825    2825   34551
         859    2.9e+05     37404 37568.3 37568.3    37400    2825    2825   34575
         860    2.9e+05     37404 37568.3 37576.2    37386    2825    2825   34561
         861    2.9e+05     37404 37568.1 37568.1    37360    2825    2825   34535
         862    2.9e+05     37404 37568.1 37575.8    37393    2825    2825   34568
         863    2.9e+05     37404 37568.1 37569.1    37379    2825    2825   34554
         864    2.9e+05     37404 37568.1 37575.6    37381    2825    2825   34556
         865    2.9e+05     37404 37568.1 37568.8    37364    2825    2825   34539
         866    2.9e+05     37404 37568.1 37575.7    37228    2825    2825   34403
         867    2.9e+05     37404 37567.9 37567.9    37365    2825    2825   34540
         868    2.9e+05     37404 37567.9 37575.3    37360    2825    2825   34535
         869    2.9e+05     37404 37567.9   37568    37387    2825    2825   34562
         870    2.9e+05     37404 37567.9 37575.6    37373    2825    2825   34548
         871    2.9e+05     37404 37567.3 37567.3    37335    2824    2824   34511
         872    2.9e+05     37404 37567.3 37575.9    37374    2825    2825   34549
         873    2.9e+05     37404 37567.1 37567.1    37383    2825    2825   34558
         874    2.9e+05     37404 37567.1 37575.4    37386    2825    2825   34561
         875    2.9e+05     37404 37567.1 37567.2    37378    2825    2825   34553
         876    2.9e+05     37404 37567.1 37575.8    37362    2825    2825   34537
         877    2.9e+05     37404 37567.1 37567.7    37372    2825    2825   34547
         878    2.9e+05     37404 37567.1 37575.6    37386    2825    2825   34561
         879    2.9e+05     37404 37567.1 37567.7    37356    2825    2825   34531
         880    2.9e+05     37404 37567.1 37575.6    37384    2825    2825   34559
         881    2.9e+05     37404 37566.8 37566.8    37367    2825    2825   34542
         882    2.9e+05     37404 37566.8 37575.3    37371    2825    2825   34546
         883    2.9e+05     37404 37566.8 37567.2    37344    2825    2825   34519
         884    2.9e+05     37404 37566.8 37575.2    37351    2825    2825   34526
         885    2.9e+05     37404 37566.4 37566.4    37354    2825    2825   34529
         886    2.9e+05     37404 37566.4 37575.4    37374    2825    2825   34549
         887    2.9e+05     37404 37566.4 37566.8    37377    2825    2825   34552
         888    2.9e+05     37404 37566.4 37575.5    37379    2825    2825   34554
         889    2.9e+05     37404 37566.3 37566.3    37364    2825    2825   34539
         890    2.9e+05     37404 37566.3 37576.1    37379    2825    2825   34554
         891    2.9e+05     37404 37566.3 37566.5    37364    2825    2825   34539
         892    2.9e+05     37404 37566.3 37574.6    37373    2825    2825   34548
         893    2.9e+05     37404 37566.3 37566.6    37370    2825    2825   34545
         894    2.9e+05     37404 37566.3 37574.8    37389    2825    2825   34564
         895    2.9e+05     37404 37566.3 37566.8    37377    2825    2825   34552
         896    2.9e+05     37404 37566.3 37575.2    37368    2825    2825   34543
         897    2.9e+05     37404 37566.3 37567.4    37374    2825    2825   34549
         898    2.9e+05     37404 37566.3 37574.8    37396    2825    2825   34571
         899    2.9e+05     37404 37566.3   37567    37362    2825    2825   34537
         900    2.9e+05     37404 37566.3 37574.8    37364    2825    2825   34539
         901    2.9e+05     37404 37566.3 37567.1    37359    2825    2825   34534
         902    2.9e+05     37404 37566.3 37574.4    37368    2825    2825   34543
         903    2.9e+05     37404 37566.3 37566.7    37367    2825    2825   34542
         904    2.9e+05     37404 37566.3 37574.9    37385    2825    2825   34560
         905    2.9e+05     37404 37566.3 37566.4    37387    2825    2825   34562
         906    2.9e+05     37404 37566.3 37575.3    37372    2825    2825   34547
         907    2.9e+05     37404 37566.3 37566.6    37378    2825    2825   34553
         908    2.9e+05     37404 37566.3 37575.2    37392    2825    2825   34567
         909    2.9e+05     37404 37566.3 37566.3    37356    2825    2825   34531
         910    2.9e+05     37404 37566.3 37575.1    37371    2825    2825   34546
         911    2.9e+05     37404 37566.3 37566.3    37362    2825    2825   34537
         912    2.9e+05     37404 37566.3 37574.8    37375    2825    2825   34550
         913    2.9e+05     37404 37566.2 37566.2    37358    2825    2825   34533
         914    2.9e+05     37404 37566.2   37575    37378    2825    2825   34553
         915    2.9e+05     37404 37565.9 37565.9    37352    2825    2825   34527
         916    2.9e+05     37404 37565.9 37574.7    37376    2825    2825   34551
         917    2.9e+05     37404 37565.9 37566.1    37372    2825    2825   34547
         918    2.9e+05     37404 37565.9 37574.7    37381    2825    2825   34556
         919    2.9e+05     37404 37565.9 37566.4    37367    2825    2825   34542
         920    2.9e+05     37404 37565.9 37574.7    37376    2825    2825   34551
         921    2.9e+05     37404 37565.7 37565.7    37367    2825    2825   34542
         922    2.9e+05     37404 37565.7   37574    37374    2825    2825   34549
         923    2.9e+05     37404 37565.7 37566.4    37364    2825    2825   34539
         924    2.9e+05     37404 37565.7 37574.7    37372    2825    2825   34547
         925    2.9e+05     37404 37565.7 37566.1    37368    2825    2825   34543
         926    2.9e+05     37404 37565.7 37574.8    37382    2825    2825   34557
         927    2.9e+05     37404 37565.6 37565.6    37362    2825    2825   34537
         928    2.9e+05     37404 37565.6   37575    37370    2825    2825   34545
         929    2.9e+05     37404 37565.5 37565.5    37365    2825    2825   34540
         930    2.9e+05     37404 37565.5 37574.8    37369    2825    2825   34544
         931    2.9e+05     37404 37565.5 37566.1    37370    2825    2825   34545
         932    2.9e+05     37404 37565.5 37575.1    37361    2825    2825   34536
         933    2.9e+05     37404 37565.5 37565.8    37357    2825    2825   34532
         934    2.9e+05     37404 37565.5 37573.9    37361    2825    2825   34536
         935    2.9e+05     37404 37565.5 37565.9    37347    2825    2825   34522
         936    2.9e+05     37404 37565.5 37574.3    37371    2825    2825   34546
         937    2.9e+05     37404 37565.5 37565.9    37357    2825    2825   34532
         938    2.9e+05     37404 37565.5 37574.6    37374    2825    2825   34549
         939    2.9e+05     37404 37565.5 37566.3    37369    2825    2825   34544
         940    2.9e+05     37404 37565.5 37574.5    37376    2825    2825   34551
         941    2.9e+05     37404 37565.5 37565.8    37356    2825    2825   34531
         942    2.9e+05     37404 37565.5   37574    37369    2825    2825   34544
         943    2.9e+05     37404 37565.5 37566.2    37372    2825    2825   34547
         944    2.9e+05     37404 37565.5 37574.7    37391    2825    2825   34566
         945    2.9e+05     37404 37565.5 37565.6    37369    2825    2825   34544
         946    2.9e+05     37404 37565.5 37573.8    37374    2825    2825   34549
         947    2.9e+05     37404 37565.5 37565.9    37356    2825    2825   34531
         948    2.9e+05     37404 37565.5 37574.1    37371    2825    2825   34546
         949    2.9e+05     37404 37565.5   37566    37371    2825    2825   34546
         950    2.9e+05     37404 37565.5 37573.7    37395    2825    2825   34570
         951    2.9e+05     37404 37565.5 37566.2    37354    2825    2825   34529
         952    2.9e+05     37404 37565.5 37574.4    37346    2825    2825   34521
         953    2.9e+05     37404 37565.5 37565.9    37358    2825    2825   34533
         954    2.9e+05     37404 37565.5 37574.2    37368    2825    2825   34543
               reducing step to 0.00625
         955    2.9e+05     37404 37555.4 37555.4    37252    2825    2825   34427
         956    2.9e+05     37404 37551.3 37551.3    37279    2825    2825   34454
         957    2.9e+05     37404 37551.3 37552.8    37343    2825    2825   34518
         958    2.9e+05     37404 37549.4 37549.4    37351    2825    2825   34526
         959    2.9e+05     37404 37549.4   37554    37362    2825    2825   34537
         960    2.9e+05     37404 37548.3 37548.3    37354    2825    2825   34529
         961    2.9e+05     37404 37548.3 37551.9    37358    2825    2825   34533
         962    2.9e+05     37404 37547.7 37547.7    37360    2825    2825   34535
         963    2.9e+05     37404 37547.7 37550.9    37370    2825    2825   34545
         964    2.9e+05     37404 37547.5 37547.5    37342    2825    2825   34517
         965    2.9e+05     37404 37547.5 37550.6    37352    2825    2825   34527
         966    2.9e+05     37404 37547.1 37547.1    37381    2825    2825   34556
         967    2.9e+05     37404 37547.1 37550.3    37380    2825    2825   34555
         968    2.9e+05     37404 37546.5 37546.5    37369    2825    2825   34544
         969    2.9e+05     37404 37546.5 37549.4    37377    2825    2825   34552
         970    2.9e+05     37404 37546.5 37546.7    37352    2825    2825   34527
         971    2.9e+05     37404 37546.5 37549.5    37360    2825    2825   34535
         972    2.9e+05     37404 37546.2 37546.2    37344    2825    2825   34519
         973    2.9e+05     37404 37546.2 37548.7    37395    2825    2825   34570
         974    2.9e+05     37404 37546.2 37546.2    37378    2825    2825   34553
         975    2.9e+05     37404 37546.2 37549.3    37371    2825    2825   34546
         976    2.9e+05     37404   37546   37546    37364    2825    2825   34539
         977    2.9e+05     37404   37546 37549.6    37364    2825    2825   34539
         978    2.9e+05     37404 37545.9 37545.9    37368    2825    2825   34543
         979    2.9e+05     37404 37545.9 37548.5    37376    2825    2825   34551
         980    2.9e+05     37404 37545.9 37546.3    37360    2825    2825   34535
         981    2.9e+05     37404 37545.9 37548.3    37373    2825    2825   34548
         982    2.9e+05     37404 37545.5 37545.5    37327    2825    2825   34502
         983    2.9e+05     37404 37545.5 37548.7    37378    2825    2825   34553
         984    2.9e+05     37404 37545.5 37545.5    37350    2825    2825   34525
         985    2.9e+05     37404 37545.5 37548.1    37383    2825    2825   34558
         986    2.9e+05     37404 37545.1 37545.1    37372    2825    2825   34547
         987    2.9e+05     37404 37545.1 37548.5    37390    2825    2825   34565
         988    2.9e+05     37404 37545.1 37545.2    37373    2825    2825   34548
         989    2.9e+05     37404 37545.1 37547.8    37389    2825    2825   34564
         990    2.9e+05     37404   37545   37545    37362    2825    2825   34537
         991    2.9e+05     37404   37545 37547.7    37386    2825    2825   34561
         992    2.9e+05     37404   37545 37545.1    37353    2825    2825   34528
         993    2.9e+05     37404   37545   37548    37392    2825    2825   34567
         994    2.9e+05     37404 37544.8 37544.8    37384    2825    2825   34559
         995    2.9e+05     37404 37544.8   37548    37394    2825    2825   34569
         996    2.9e+05     37404 37544.7 37544.7    37356    2825    2825   34531
         997    2.9e+05     37404 37544.7   37548    37360    2825    2825   34535
         998    2.9e+05     37404 37544.6 37544.6    37319    2825    2825   34494
         999    2.9e+05     37404 37544.6 37547.9    37371    2825    2825   34546
        1000    2.9e+05     37404 37544.6 37544.7    37384    2825    2825   34559
Total time used by klau is 1106.30
true_align (18772) and est_align (2825) DO NOT have the same number of elements.
method klau has a score of 8.57%
method klau used 1106.295 seconds.
maximum values in init align row is:  18771
maximum values in init align col is:  18769
 best   iter   pr-delta       obj  weight    card overlap
    *      1    3.7e-01     30639    2848    2848   29215
    *      2    1.5e-01   30890.5    2847    2847   29467
           3    7.2e-02   30814.5    2847    2847   29391
           4    3.4e-02     30711    2848    2848   29287
           5    1.7e-02     30733    2848    2848   29309
           6    8.7e-03     30710    2848    2848   29286
           7    4.6e-03     30709    2848    2848   29285
           8    2.5e-03     30713    2848    2848   29289
           9    1.4e-03     30666    2848    2848   29242
          10    7.7e-04     30666    2848    2848   29242
          11    4.4e-04     30672    2848    2848   29248
          12    2.5e-04     30672    2848    2848   29248
          13    1.5e-04     30672    2848    2848   29248
          14    8.9e-05     30672    2848    2848   29248
          15    5.4e-05     30672    2848    2848   29248
          16    3.3e-05     30672    2848    2848   29248
          17    2.0e-05     30670    2848    2848   29246
          18    1.3e-05     30670    2848    2848   29246
          19    7.8e-06     30670    2848    2848   29246
          20    4.9e-06     30670    2848    2848   29246
          21    3.1e-06     30670    2848    2848   29246
          22    2.0e-06     30670    2848    2848   29246
          23    1.3e-06     30670    2848    2848   29246
          24    8.2e-07     30670    2848    2848   29246
          25    5.3e-07     30670    2848    2848   29246
          26    3.4e-07     30670    2848    2848   29246
          27    2.2e-07     30670    2848    2848   29246
          28    1.4e-07     30670    2848    2848   29246
          29    9.4e-08     30670    2848    2848   29246
          30    6.1e-08     30670    2848    2848   29246
          31    4.0e-08     30670    2848    2848   29246
          32    2.6e-08     30670    2848    2848   29246
          33    1.7e-08     30670    2848    2848   29246
          34    1.1e-08     30670    2848    2848   29246
          35    7.4e-09     30670    2848    2848   29246
          36    4.9e-09     30670    2848    2848   29246
          37    3.2e-09     30670    2848    2848   29246
          38    2.1e-09     30670    2848    2848   29246
          39    1.4e-09     30670    2848    2848   29246
          40    9.3e-10     30670    2848    2848   29246
          41    6.1e-10     30670    2848    2848   29246
          42    4.1e-10     30670    2848    2848   29246
          43    2.7e-10     30670    2848    2848   29246
          44    1.8e-10     30670    2848    2848   29246
          45    1.2e-10     30670    2848    2848   29246
          46    7.8e-11     30670    2848    2848   29246
          47    5.2e-11     30670    2848    2848   29246
          48    3.4e-11     30670    2848    2848   29246
          49    2.3e-11     30670    2848    2848   29246
          50    1.5e-11     30670    2848    2848   29246
          51    1.0e-11     30670    2848    2848   29246
          52    6.6e-12     30670    2848    2848   29246
          53    4.4e-12     30670    2848    2848   29246
          54    2.9e-12     30670    2848    2848   29246
          55    1.9e-12     30670    2848    2848   29246
          56    1.3e-12     30670    2848    2848   29246
          57    8.5e-13     30670    2848    2848   29246
Total time used by isorank is 13.72
true_align (18772) and est_align (2852) DO NOT have the same number of elements.
method isorank has a score of 1.23%
method isorank used 13.717 seconds.
experiment results:
     method      score         time
0     final  15.064990  4073.735921
1  netalign   8.603239    54.546977
2      klau   8.571276  1106.295319
3   isorank   1.230556    13.716995
