num_init for this graph is 14
Generating initial alignment matrix using degree ...
mode is  degree
number of noisy edges are:  14
Average number of initial alignments for each node is 28
maximum values in init align row is:  18771
maximum values in init align col is:  18762
best   iter    obj_ma wght_ma card_ma over_ma    obj_mb wght_mb card_mb over_mb
  *a      1     32824    2831    2831   29993     32824    2831    2831   29993
          2     15833    2183    2183   13650     17297    2221    2221   15076
          3     20772    2631    2631   18141     16870    1826    1826   15044
          4      7662    2223    2223    5439      6875    1703    1703    5172
          5     28380    2776    2776   25604     28395    2714    2714   25681
  *b      6     35676    2815    2815   32861     35714    2756    2756   32958
          7     35481    2733    2733   32748     35548    2642    2642   32906
          8     25993    2624    2624   23369     25578    2194    2194   23384
          9     31429    2636    2636   28793     26520    2040    2040   24480
         10     30718    2708    2708   28010     30069    2580    2580   27489
         11     34227    2770    2770   31457     34151    2666    2666   31485
  *a     12     37271    2799    2799   34472     37062    2653    2653   34409
         13     36864    2775    2775   34089     35805    2596    2596   33209
         14     36869    2766    2766   34103     35579    2572    2572   33007
         15     36153    2747    2747   33406     34588    2533    2533   32055
         16     36946    2772    2772   34174     36197    2634    2634   33563
  *a     17     37373    2794    2794   34579     37242    2716    2716   34526
         18     37337    2800    2800   34537     37248    2714    2714   34534
  *a     19     37392    2800    2800   34592     37093    2699    2699   34394
         20     37345    2789    2789   34556     36951    2689    2689   34262
         21     37325    2792    2792   34533     36964    2701    2701   34263
         22     37292    2787    2787   34505     37080    2722    2722   34358
         23     36944    2761    2761   34183     37185    2722    2722   34463
         24     37071    2774    2774   34297     37225    2728    2728   34497
         25     37113    2786    2786   34327     37171    2717    2717   34454
         26     37279    2795    2795   34484     37289    2731    2731   34558
         27     37330    2799    2799   34531     37287    2740    2740   34547
         28     37366    2794    2794   34572     37389    2756    2756   34633
         29     37310    2801    2801   34509     37326    2756    2756   34570
         30     37374    2801    2801   34573     37267    2742    2742   34525
         31     37310    2794    2794   34516     37287    2741    2741   34546
  *b     32     37315    2796    2796   34519     37413    2744    2744   34669
  *b     33     37323    2799    2799   34524     37427    2745    2745   34682
         34     37373    2799    2799   34574     37402    2745    2745   34657
  *b     35     37403    2798    2798   34605     37444    2767    2767   34677
         36     37280    2790    2790   34490     37413    2774    2774   34639
         37     37282    2789    2789   34493     37370    2761    2761   34609
         38     37339    2787    2787   34552     37408    2763    2763   34645
         39     37325    2792    2792   34533     37431    2766    2766   34665
         40     37293    2794    2794   34499     37397    2764    2764   34633
         41     37262    2795    2795   34467     37431    2769    2769   34662
  *b     42     37312    2802    2802   34510     37468    2774    2774   34694
         43     37278    2799    2799   34479     37463    2770    2770   34693
         44     37276    2800    2800   34476     37459    2777    2777   34682
         45     37268    2800    2800   34468     37463    2779    2779   34684
         46     37252    2799    2799   34453     37356    2771    2771   34585
         47     37270    2800    2800   34470     37340    2770    2770   34570
         48     37393    2800    2800   34593     37205    2762    2762   34443
         49     37405    2800    2800   34605     37258    2773    2773   34485
         50     37408    2800    2800   34608     37376    2781    2781   34595
         51     37372    2800    2800   34572     37387    2785    2785   34602
         52     37368    2800    2800   34568     37321    2787    2787   34534
         53     37235    2800    2800   34435     37297    2784    2784   34513
         54     37267    2800    2800   34467     37308    2780    2780   34528
         55     37305    2800    2800   34505     37242    2773    2773   34469
         56     37392    2800    2800   34592     37160    2761    2761   34399
         57     37361    2800    2800   34561     36999    2757    2757   34242
         58     37379    2799    2799   34580     37065    2763    2763   34302
         59     37379    2799    2799   34580     37025    2765    2765   34260
         60     37378    2799    2799   34579     37037    2768    2768   34269
         61     37378    2799    2799   34579     37110    2774    2774   34336
         62     37357    2799    2799   34558     37113    2776    2776   34337
         63     37347    2799    2799   34548     36946    2766    2766   34180
         64     37372    2799    2799   34573     36950    2764    2764   34186
         65     37371    2798    2798   34573     36956    2766    2766   34190
         66     37372    2797    2797   34575     36991    2763    2763   34228
         67     37371    2798    2798   34573     37111    2768    2768   34343
         68     37370    2798    2798   34572     37118    2768    2768   34350
         69     37370    2797    2797   34573     37119    2765    2765   34354
         70     37370    2796    2796   34574     37116    2765    2765   34351
         71     37366    2795    2795   34571     37180    2771    2771   34409
         72     37370    2794    2794   34576     37114    2767    2767   34347
         73     37398    2793    2793   34605     37093    2769    2769   34324
         74     37403    2796    2796   34607     37121    2775    2775   34346
         75     37403    2798    2798   34605     36968    2769    2769   34199
         76     37398    2798    2798   34600     37117    2775    2775   34342
         77     37394    2798    2798   34596     37012    2771    2771   34241
         78     37374    2797    2797   34577     37075    2775    2775   34300
         79     37375    2796    2796   34579     37076    2770    2770   34306
         80     37379    2796    2796   34583     37170    2773    2773   34397
         81     37379    2796    2796   34583     37233    2781    2781   34452
         82     37385    2798    2798   34587     37229    2780    2780   34449
         83     37385    2798    2798   34587     37259    2782    2782   34477
         84     37385    2798    2798   34587     37254    2779    2779   34475
         85     37380    2798    2798   34582     37295    2778    2778   34517
         86     37376    2796    2796   34580     37296    2784    2784   34512
         87     37376    2796    2796   34580     37296    2788    2788   34508
         88     37369    2793    2793   34576     37334    2787    2787   34547
         89     37377    2795    2795   34582     37325    2790    2790   34535
         90     37381    2796    2796   34585     37290    2784    2784   34506
         91     37381    2796    2796   34585     37248    2783    2783   34465
         92     37379    2796    2796   34583     37234    2784    2784   34450
         93     37379    2796    2796   34583     37364    2787    2787   34577
         94     37375    2796    2796   34579     37362    2788    2788   34574
         95     37372    2795    2795   34577     37367    2790    2790   34577
         96     37372    2795    2795   34577     37367    2791    2791   34576
         97     37373    2795    2795   34578     37318    2787    2787   34531
         98     37373    2795    2795   34578     37314    2787    2787   34527
         99     37374    2794    2794   34580     37311    2785    2785   34526
        100     37374    2794    2794   34580     37308    2784    2784   34524
Total time used by netalign is 109.47
true_align (18772) and est_align (2774) DO NOT have the same number of elements.
method netalign has a score of 8.44%
method netalign used 109.466 seconds.
maximum values in init align row is:  18771
maximum values in init align col is:  18762
 best   iter     norm-u     lower   upper     cur      obj  weight    card overlap
    *      1    0.0e+00     34881   41971   41971    34881    2832    2832   32049
           2    2.3e+04     34881   41971 46286.5    30535    2831    2831   27704
           3    3.1e+04     34881   41971 44107.3    29779    2828    2828   26951
           4    4.3e+04     34881   41971 45377.3    28741    2831    2831   25910
           5    5.0e+04     34881   41971 44310.4    26784    2829    2829   23955
           6    5.9e+04     34881   41971 44931.3    26865    2833    2833   24032
           7    6.5e+04     34881   41971 44185.6    25979    2828    2828   23151
           8    7.3e+04     34881   41971 44638.5    25789    2833    2833   22956
           9    7.9e+04     34881   41971 44150.1    25215    2828    2828   22387
          10    8.6e+04     34881   41971 44241.9    25974    2830    2830   23144
          11    9.2e+04     34881   41971 44022.9    24657    2828    2828   21829
          12    9.8e+04     34881   41971 44041.2    24816    2831    2831   21985
          13    1.0e+05     34881   41971 44060.7    24951    2829    2829   22122
          14    1.1e+05     34881   41971 43779.7    24026    2832    2832   21194
          15    1.1e+05     34881   41971 44159.9    24002    2828    2828   21174
          16    1.2e+05     34881   41971   43771    24089    2830    2830   21259
          17    1.2e+05     34881   41971 43932.3    23758    2828    2828   20930
          18    1.3e+05     34881   41971 43697.7    24845    2828    2828   22017
          19    1.3e+05     34881   41971 43726.6    24544    2827    2827   21717
          20    1.4e+05     34881   41971 43668.5    23499    2829    2829   20670
          21    1.4e+05     34881   41971 43712.2    23084    2827    2827   20257
          22    1.5e+05     34881   41971 43543.5    24137    2831    2831   21306
          23    1.5e+05     34881   41971 43610.8    23904    2828    2828   21076
          24    1.6e+05     34881   41971 43519.9    24298    2826    2826   21472
          25    1.6e+05     34881   41971 43557.1    23202    2828    2828   20374
          26    1.6e+05     34881   41971 43466.7    23480    2829    2829   20651
               reducing step to 0.2
          27    1.7e+05     34881 41699.7 41699.7    25829    2824    2824   23005
          28    1.7e+05     34881 40943.7 40943.7    24169    2828    2828   21341
          29    1.7e+05     34881 40943.7 40996.5    23841    2826    2826   21015
          30    1.7e+05     34881 40767.3 40767.3    23662    2826    2826   20836
          31    1.7e+05     34881 40721.4 40721.4    24996    2823    2823   22173
          32    1.7e+05     34881 40523.4 40523.4    24500    2823    2823   21677
          33    1.8e+05     34881 40523.4 40568.2    24597    2825    2825   21772
          34    1.8e+05     34881 40464.6 40464.6    24832    2824    2824   22008
          35    1.8e+05     34881 40390.4 40390.4    25614    2821    2821   22793
          36    1.8e+05     34881 40245.3 40245.3    27442    2823    2823   24619
          37    1.8e+05     34881 40245.3 40347.1    26751    2821    2821   23930
          38    1.8e+05     34881 40245.3 40280.7    27148    2819    2819   24329
          39    1.8e+05     34881 40245.3 40286.8    26500    2821    2821   23679
          40    1.9e+05     34881 40162.9 40162.9    27013    2820    2820   24193
          41    1.9e+05     34881 40162.9 40169.1    27513    2822    2822   24691
          42    1.9e+05     34881   40064   40064    27721    2820    2820   24901
          43    1.9e+05     34881   40064   40177    27628    2817    2817   24811
          44    1.9e+05     34881 40055.6 40055.6    27439    2823    2823   24616
          45    1.9e+05     34881 40055.6 40078.3    27890    2823    2823   25067
          46    1.9e+05     34881 40055.6 40094.1    27343    2819    2819   24524
          47    1.9e+05     34881 40055.6 40061.6    27047    2818    2818   24229
          48    2.0e+05     34881 40036.7 40036.7    27215    2820    2820   24395
          49    2.0e+05     34881 39986.2 39986.2    27470    2817    2817   24653
          50    2.0e+05     34881 39986.2 40003.4    28673    2822    2822   25851
          51    2.0e+05     34881 39876.1 39876.1    29497    2818    2818   26679
          52    2.0e+05     34881 39876.1   39979    29573    2819    2819   26754
          53    2.0e+05     34881 39876.1 39930.2    29511    2816    2816   26695
          54    2.0e+05     34881   39872   39872    30045    2816    2816   27229
          55    2.0e+05     34881 39870.8 39870.8    28836    2817    2817   26019
          56    2.0e+05     34881 39870.8   39900    28784    2821    2821   25963
          57    2.1e+05     34881 39812.5 39812.5    29711    2815    2815   26896
          58    2.1e+05     34881 39812.5 39893.9    28569    2816    2816   25753
          59    2.1e+05     34881 39810.4 39810.4    29503    2815    2815   26688
          60    2.1e+05     34881 39810.4 39818.7    29842    2816    2816   27026
          61    2.1e+05     34881 39713.4 39713.4    29446    2818    2818   26628
          62    2.1e+05     34881 39713.4 39842.9    28799    2816    2816   25983
          63    2.1e+05     34881 39713.4 39799.1    29026    2815    2815   26211
          64    2.1e+05     34881 39713.4   39826    28933    2817    2817   26116
          65    2.1e+05     34881   39681   39681    29298    2817    2817   26481
          66    2.1e+05     34881   39681 39898.7    29640    2818    2818   26822
          67    2.1e+05     34881   39681 39691.1    30083    2817    2817   27266
          68    2.1e+05     34881 39665.1 39665.1    29997    2815    2815   27182
          69    2.2e+05     34881 39665.1 39693.7    30276    2817    2817   27459
          70    2.2e+05     34881 39665.1 39762.5    29636    2818    2818   26818
          71    2.2e+05     34881 39635.1 39635.1    30645    2815    2815   27830
          72    2.2e+05     34881 39635.1 39742.2    30580    2812    2812   27768
          73    2.2e+05     34881 39583.9 39583.9    29854    2814    2814   27040
          74    2.2e+05     34881 39583.9   39746    30301    2819    2819   27482
          75    2.2e+05     34881 39579.2 39579.2    30780    2817    2817   27963
          76    2.2e+05     34881 39579.2 39675.7    31168    2815    2815   28353
          77    2.2e+05     34881 39520.4 39520.4    31555    2813    2813   28742
          78    2.2e+05     34881 39520.4 39654.8    31630    2815    2815   28815
          79    2.2e+05     34881 39520.4 39595.5    32009    2815    2815   29194
          80    2.2e+05     34881 39520.4 39644.9    31515    2812    2812   28703
          81    2.2e+05     34881 39520.4   39524    30861    2814    2814   28047
          82    2.3e+05     34881 39520.4 39677.4    29099    2819    2819   26280
          83    2.3e+05     34881 39520.4 39594.7    29616    2814    2814   26802
          84    2.3e+05     34881 39520.4 39621.6    30127    2816    2816   27311
          85    2.3e+05     34881 39499.8 39499.8    30632    2815    2815   27817
          86    2.3e+05     34881 39499.8 39570.9    31762    2814    2814   28948
          87    2.3e+05     34881 39490.7 39490.7    30859    2814    2814   28045
          88    2.3e+05     34881 39490.7   39614    31232    2815    2815   28417
          89    2.3e+05     34881 39490.7   39492    32684    2815    2815   29869
          90    2.3e+05     34881 39490.7 39522.8    32025    2814    2814   29211
          91    2.3e+05     34881 39469.7 39469.7    30720    2812    2812   27908
          92    2.3e+05     34881 39469.7 39570.1    30969    2817    2817   28152
          93    2.3e+05     34881 39465.9 39465.9    31369    2811    2811   28558
          94    2.3e+05     34881 39465.9 39639.1    30681    2816    2816   27865
          95    2.3e+05     34881 39460.4 39460.4    30980    2811    2811   28169
          96    2.4e+05     34881 39460.4 39505.5    32706    2817    2817   29889
          97    2.4e+05     34881 39430.2 39430.2    33161    2815    2815   30346
          98    2.4e+05     34881 39430.2 39509.5    33087    2812    2812   30275
          99    2.4e+05     34881 39395.6 39395.6    31477    2809    2809   28668
         100    2.4e+05     34881 39395.6 39493.9    30991    2814    2814   28177
         101    2.4e+05     34881 39395.6   39527    30863    2814    2814   28049
         102    2.4e+05     34881 39395.6 39473.2    30746    2816    2816   27930
         103    2.4e+05     34881 39395.6 39417.8    31890    2816    2816   29074
         104    2.4e+05     34881 39395.6 39424.7    31306    2816    2816   28490
         105    2.4e+05     34881 39395.6 39473.3    31742    2817    2817   28925
         106    2.4e+05     34881 39395.6 39438.3    31975    2811    2811   29164
         107    2.4e+05     34881 39356.4 39356.4    31049    2814    2814   28235
         108    2.4e+05     34881 39356.4 39403.4    30670    2813    2813   27857
         109    2.4e+05     34881 39356.4 39428.8    31469    2813    2813   28656
         110    2.4e+05     34881 39356.4 39527.3    31957    2816    2816   29141
         111    2.4e+05     34881 39345.3 39345.3    31093    2816    2816   28277
         112    2.4e+05     34881 39345.3 39438.3    31864    2814    2814   29050
         113    2.5e+05     34881 39345.3 39353.3    32034    2813    2813   29221
         114    2.5e+05     34881 39345.3 39446.2    32407    2810    2810   29597
         115    2.5e+05     34881 39345.3 39360.6    32664    2811    2811   29853
         116    2.5e+05     34881 39345.3 39442.9    34069    2811    2811   31258
         117    2.5e+05     34881 39290.5 39290.5    33601    2811    2811   30790
         118    2.5e+05     34881 39290.5 39427.4    34112    2810    2810   31302
         119    2.5e+05     34881 39290.5   39323    32421    2812    2812   29609
         120    2.5e+05     34881 39290.5 39396.1    32737    2816    2816   29921
         121    2.5e+05     34881 39282.3 39282.3    32820    2812    2812   30008
         122    2.5e+05     34881 39282.3   39484    32610    2815    2815   29795
         123    2.5e+05     34881 39227.6 39227.6    32861    2814    2814   30047
         124    2.5e+05     34881 39227.6   39505    32480    2809    2809   29671
         125    2.5e+05     34881 39227.6 39251.7    31657    2814    2814   28843
         126    2.5e+05     34881 39227.6 39470.4    32317    2815    2815   29502
         127    2.5e+05     34881 39227.6 39295.2    31491    2812    2812   28679
         128    2.5e+05     34881 39227.6 39426.7    31549    2812    2812   28737
         129    2.5e+05     34881   39227   39227    31353    2814    2814   28539
         130    2.5e+05     34881   39227 39460.9    30544    2815    2815   27729
         131    2.5e+05     34881   39227 39235.8    31234    2815    2815   28419
         132    2.5e+05     34881   39227 39420.5    31938    2814    2814   29124
         133    2.5e+05     34881 39213.5 39213.5    32134    2812    2812   29322
         134    2.6e+05     34881 39213.5 39447.4    31177    2814    2814   28363
         135    2.6e+05     34881 39205.1 39205.1    31494    2811    2811   28683
         136    2.6e+05     34881 39205.1 39329.7    31423    2815    2815   28608
         137    2.6e+05     34881 39205.1 39307.8    30796    2818    2818   27978
         138    2.6e+05     34881 39205.1   39415    31348    2817    2817   28531
         139    2.6e+05     34881 39205.1 39253.2    31655    2813    2813   28842
         140    2.6e+05     34881 39205.1   39315    32814    2813    2813   30001
         141    2.6e+05     34881 39205.1   39257    33406    2814    2814   30592
         142    2.6e+05     34881 39205.1 39294.1    33476    2812    2812   30664
         143    2.6e+05     34881 39205.1 39316.4    33810    2809    2809   31001
         144    2.6e+05     34881 39205.1 39230.7    33535    2812    2812   30723
         145    2.6e+05     34881 39205.1 39209.5    33517    2813    2813   30704
         146    2.6e+05     34881 39205.1 39375.3    34334    2811    2811   31523
         147    2.6e+05     34881 39177.7 39177.7    33987    2810    2810   31177
         148    2.6e+05     34881 39177.7 39306.6    32559    2813    2813   29746
         149    2.6e+05     34881 39177.7 39222.6    32367    2815    2815   29552
         150    2.6e+05     34881 39177.7 39376.2    32721    2811    2811   29910
         151    2.6e+05     34881 39177.7 39205.9    33653    2811    2811   30842
         152    2.6e+05     34881 39177.7   39419    34008    2811    2811   31197
         153    2.6e+05     34881 39154.6 39154.6    34425    2812    2812   31613
         154    2.6e+05     34881 39154.6 39331.4    33554    2809    2809   30745
         155    2.6e+05     34881 39154.6 39181.6    33715    2813    2813   30902
         156    2.6e+05     34881 39154.6 39345.9    33253    2811    2811   30442
         157    2.7e+05     34881 39154.6 39218.7    31992    2813    2813   29179
         158    2.7e+05     34881 39154.6 39335.8    32230    2812    2812   29418
         159    2.7e+05     34881 39146.4 39146.4    32132    2815    2815   29317
         160    2.7e+05     34881 39146.4 39363.6    31512    2812    2812   28700
         161    2.7e+05     34881 39146.4 39254.4    32321    2814    2814   29507
         162    2.7e+05     34881 39146.4 39324.9    31129    2814    2814   28315
         163    2.7e+05     34881 39146.4 39171.2    31899    2816    2816   29083
         164    2.7e+05     34881 39146.4 39379.4    31813    2811    2811   29002
         165    2.7e+05     34881 39146.4 39168.8    32555    2812    2812   29743
         166    2.7e+05     34881 39146.4 39379.8    33789    2815    2815   30974
         167    2.7e+05     34881 39146.4 39154.4    32797    2809    2809   29988
         168    2.7e+05     34881 39146.4 39261.9    33169    2813    2813   30356
         169    2.7e+05     34881 39146.4 39197.5    33989    2813    2813   31176
         170    2.7e+05     34881 39146.4 39229.2    34687    2813    2813   31874
         171    2.7e+05     34881 39104.1 39104.1    34557    2810    2810   31747
    *    172    2.7e+05     35142 39104.1 39361.6    35142    2810    2810   32332
         173    2.7e+05     35142 39104.1 39167.8    35094    2812    2812   32282
         174    2.7e+05     35142 39104.1 39269.9    34816    2811    2811   32005
    *    175    2.7e+05     35549 39104.1 39118.5    35549    2810    2810   32739
         176    2.7e+05     35549 39104.1 39207.4    35500    2809    2809   32691
    *    177    2.7e+05     35761 39104.1 39140.8    35761    2809    2809   32952
         178    2.7e+05     35761 39104.1 39228.4    34806    2809    2809   31997
         179    2.7e+05     35761 39104.1 39162.3    34673    2811    2811   31862
         180    2.7e+05     35761 39104.1 39254.5    34295    2809    2809   31486
         181    2.7e+05     35761 39104.1 39230.1    33107    2812    2812   30295
         182    2.7e+05     35761 39104.1 39304.5    32395    2813    2813   29582
         183    2.7e+05     35761 39104.1 39207.9    31899    2814    2814   29085
         184    2.7e+05     35761 39104.1 39245.8    31245    2815    2815   28430
         185    2.7e+05     35761 39104.1 39202.3    30565    2814    2814   27751
         186    2.8e+05     35761 39104.1 39264.7    32188    2813    2813   29375
         187    2.8e+05     35761 39104.1 39202.7    32708    2811    2811   29897
         188    2.8e+05     35761 39104.1 39213.8    32553    2813    2813   29740
         189    2.8e+05     35761 39104.1 39233.3    32439    2815    2815   29624
         190    2.8e+05     35761 39104.1 39138.6    32305    2810    2810   29495
         191    2.8e+05     35761 39104.1 39268.6    33322    2816    2816   30506
         192    2.8e+05     35761 39104.1 39152.7    33249    2811    2811   30438
         193    2.8e+05     35761 39104.1 39224.9    34596    2812    2812   31784
         194    2.8e+05     35761 39104.1 39212.5    34767    2810    2810   31957
         195    2.8e+05     35761 39104.1 39254.8    34591    2812    2812   31779
         196    2.8e+05     35761 39082.2 39082.2    35342    2808    2808   32534
         197    2.8e+05     35761 39082.2 39142.4    35488    2809    2809   32679
         198    2.8e+05     35761 39082.2   39113    35131    2810    2810   32321
         199    2.8e+05     35761 39082.2 39189.6    35020    2809    2809   32211
         200    2.8e+05     35761 39082.2 39209.7    35403    2812    2812   32591
         201    2.8e+05     35761 39082.2 39210.2    35596    2808    2808   32788
         202    2.8e+05     35761 39082.2 39195.3    35204    2811    2811   32393
         203    2.8e+05     35761 39082.2 39147.6    35595    2810    2810   32785
    *    204    2.8e+05     35791 39082.2 39230.5    35791    2809    2809   32982
    *    205    2.8e+05     35904 39082.2 39168.8    35904    2809    2809   33095
    *    206    2.8e+05     36131 39082.2 39216.1    36131    2808    2808   33323
    *    207    2.8e+05     36362 39082.2 39130.7    36362    2808    2808   33554
    *    208    2.8e+05     36641 39082.2 39229.2    36641    2807    2807   33834
         209    2.8e+05     36641 39082.2 39099.5    36421    2809    2809   33612
         210    2.8e+05     36641 39082.2 39216.1    36190    2808    2808   33382
         211    2.8e+05     36641 39082.2 39136.9    35697    2808    2808   32889
         212    2.8e+05     36641 39082.2 39175.2    35595    2807    2807   32788
         213    2.8e+05     36641 39082.2   39117    35198    2809    2809   32389
         214    2.8e+05     36641 39082.2 39134.2    34744    2809    2809   31935
         215    2.8e+05     36641 39082.2 39255.1    34605    2811    2811   31794
         216    2.8e+05     36641 39082.2 39178.9    34397    2811    2811   31586
         217    2.8e+05     36641 39082.2 39215.6    34339    2811    2811   31528
         218    2.8e+05     36641 39082.2 39181.3    33574    2812    2812   30762
         219    2.8e+05     36641 39082.2 39218.5    32220    2812    2812   29408
         220    2.8e+05     36641 39082.2 39221.5    32548    2812    2812   29736
         221    2.8e+05     36641 39082.2 39145.1    32177    2811    2811   29366
               reducing step to 0.1
         222    2.8e+05     36641   38596   38596    32076    2814    2814   29262
         223    2.8e+05     36641 38363.8 38363.8    33133    2810    2810   30323
         224    2.8e+05     36641 38359.4 38359.4    34227    2814    2814   31413
         225    2.8e+05     36641   38283   38283    34856    2807    2807   32049
         226    2.8e+05     36641   38283 38326.9    35464    2809    2809   32655
         227    2.8e+05     36641   38283 38290.6    36444    2806    2806   33638
         228    2.8e+05     36641   38283 38305.7    36083    2807    2807   33276
         229    2.8e+05     36641 38241.9 38241.9    36519    2806    2806   33713
         230    2.8e+05     36641 38241.9 38275.3    36555    2808    2808   33747
    *    231    2.8e+05     37020 38241.9 38292.5    37020    2806    2806   34214
    *    232    2.8e+05     37023 38241.9 38263.2    37023    2807    2807   34216
    *    233    2.8e+05     37151 38241.9   38263    37151    2806    2806   34345
         234    2.8e+05     37151 38241.9 38285.3    36881    2807    2807   34074
         235    2.8e+05     37151 38241.9 38251.5    37072    2807    2807   34265
         236    2.8e+05     37151 38241.9 38264.9    37090    2807    2807   34283
    *    237    2.8e+05     37258 38241.9 38252.5    37258    2806    2806   34452
         238    2.9e+05     37258 38241.9 38265.1    37164    2807    2807   34357
         239    2.9e+05     37258 38241.9 38245.5    37151    2806    2806   34345
         240    2.9e+05     37258 38241.9 38256.3    37221    2807    2807   34414
         241    2.9e+05     37258 38241.9 38245.6    37165    2805    2805   34360
         242    2.9e+05     37258 38241.9 38253.2    37186    2807    2807   34379
         243    2.9e+05     37258 38241.9 38243.8    37181    2806    2806   34375
         244    2.9e+05     37258 38241.9   38256    37193    2806    2806   34387
         245    2.9e+05     37258 38240.2 38240.2    37215    2805    2805   34410
         246    2.9e+05     37258 38240.2 38252.1    37131    2806    2806   34325
         247    2.9e+05     37258 38240.2 38244.7    37189    2807    2807   34382
         248    2.9e+05     37258 38240.2 38249.6    37222    2806    2806   34416
         249    2.9e+05     37258 38240.2 38240.5    37167    2807    2807   34360
         250    2.9e+05     37258 38240.2   38244    37255    2807    2807   34448
    *    251    2.9e+05     37278 38240.2 38245.2    37278    2805    2805   34473
    *    252    2.9e+05     37287 38238.6 38238.6    37287    2807    2807   34480
    *    253    2.9e+05     37307 38238.6 38239.8    37307    2805    2805   34502
         254    2.9e+05     37307 38237.3 38237.3    37280    2808    2808   34472
         255    2.9e+05     37307 38237.3 38239.9    37300    2806    2806   34494
         256    2.9e+05     37307   38237   38237    37270    2806    2806   34464
         257    2.9e+05     37307   38237 38239.2    37239    2806    2806   34433
    *    258    2.9e+05     37313   38237 38238.7    37313    2806    2806   34507
         259    2.9e+05     37313 38227.2 38227.2    37291    2805    2805   34486
    *    260    2.9e+05     37332 38227.2 38242.1    37332    2807    2807   34525
         261    2.9e+05     37332 38227.2 38235.3    37265    2805    2805   34460
         262    2.9e+05     37332 38227.2 38231.5    37330    2807    2807   34523
         263    2.9e+05     37332 38227.2 38227.2    37330    2806    2806   34524
         264    2.9e+05     37332 38227.2 38237.1    37293    2806    2806   34487
         265    2.9e+05     37332 38227.2   38232    37246    2806    2806   34440
         266    2.9e+05     37332 38227.2 38233.3    37317    2806    2806   34511
         267    2.9e+05     37332 38221.1 38221.1    37165    2805    2805   34360
         268    2.9e+05     37332 38221.1 38231.3    37257    2807    2807   34450
         269    2.9e+05     37332 38221.1 38228.8    37291    2806    2806   34485
         270    2.9e+05     37332 38221.1 38236.1    37277    2806    2806   34471
         271    2.9e+05     37332 38221.1 38223.1    37235    2805    2805   34430
         272    2.9e+05     37332 38221.1 38230.2    36995    2808    2808   34187
         273    2.9e+05     37332 38221.1 38233.5    37301    2805    2805   34496
         274    2.9e+05     37332 38221.1 38230.9    37256    2807    2807   34449
         275    2.9e+05     37332 38220.6 38220.6    37129    2805    2805   34324
         276    2.9e+05     37332 38220.6 38232.3    37224    2808    2808   34416
         277    2.9e+05     37332 38220.6 38222.3    37243    2805    2805   34438
         278    2.9e+05     37332 38220.6 38233.1    37309    2806    2806   34503
         279    2.9e+05     37332 38220.6   38224    37205    2805    2805   34400
         280    2.9e+05     37332 38220.6 38227.5    37281    2807    2807   34474
         281    2.9e+05     37332 38220.6 38225.7    37269    2805    2805   34464
         282    2.9e+05     37332 38220.6 38226.9    37124    2807    2807   34317
         283    2.9e+05     37332 38216.8 38216.8    37299    2805    2805   34494
         284    2.9e+05     37332 38216.8 38232.2    37191    2806    2806   34385
         285    2.9e+05     37332 38212.8 38212.8    36995    2805    2805   34190
         286    2.9e+05     37332 38212.8 38238.4    36931    2808    2808   34123
         287    2.9e+05     37332 38211.1 38211.1    37297    2805    2805   34492
    *    288    2.9e+05     37340 38211.1 38232.5    37340    2807    2807   34533
         289    2.9e+05     37340 38200.3 38200.3    37306    2806    2806   34500
    *    290    2.9e+05     37377 38200.3 38235.6    37377    2807    2807   34570
         291    2.9e+05     37377 38197.1 38197.1    37332    2805    2805   34527
         292    2.9e+05     37377 38197.1   38246    37352    2807    2807   34545
         293    2.9e+05     37377 38185.8 38185.8    37368    2805    2805   34563
         294    2.9e+05     37377 38185.8 38234.4    37307    2806    2806   34501
         295    2.9e+05     37377 38185.8 38197.2    37307    2805    2805   34502
         296    2.9e+05     37377 38185.8 38231.4    37377    2806    2806   34571
         297    2.9e+05     37377 38185.4 38185.4    37365    2805    2805   34560
    *    298    2.9e+05     37378 38185.4 38238.8    37378    2806    2806   34572
         299    2.9e+05     37378 38185.4 38197.6    37340    2805    2805   34535
         300    2.9e+05     37378 38185.4 38236.3    37350    2807    2807   34543
         301    2.9e+05     37378 38185.4 38201.5    37348    2805    2805   34543
         302    2.9e+05     37378 38185.4 38233.9    37354    2806    2806   34548
         303    2.9e+05     37378 38185.4 38194.6    37340    2805    2805   34535
         304    2.9e+05     37378 38185.4 38231.7    37348    2807    2807   34541
         305    2.9e+05     37378 38185.4 38197.2    37343    2805    2805   34538
         306    2.9e+05     37378 38185.4   38232    37320    2806    2806   34514
         307    2.9e+05     37378 38185.4 38194.1    37327    2805    2805   34522
         308    2.9e+05     37378 38185.4 38231.9    37298    2806    2806   34492
         309    2.9e+05     37378 38185.4 38193.4    37319    2805    2805   34514
         310    2.9e+05     37378 38185.4 38235.6    37369    2807    2807   34562
         311    2.9e+05     37378 38183.6 38183.6    37270    2805    2805   34465
         312    2.9e+05     37378 38183.6 38242.5    37327    2807    2807   34520
         313    2.9e+05     37378 38183.6 38185.1    37378    2805    2805   34573
         314    2.9e+05     37378 38183.6 38240.6    37366    2806    2806   34560
         315    2.9e+05     37378 38179.5 38179.5    37326    2805    2805   34521
         316    2.9e+05     37378 38179.5 38243.2    37375    2807    2807   34568
         317    2.9e+05     37378 38179.5 38185.5    37331    2805    2805   34526
         318    2.9e+05     37378 38179.5 38240.7    37343    2807    2807   34536
         319    2.9e+05     37378 38179.5 38184.7    37350    2805    2805   34545
         320    2.9e+05     37378 38179.5 38225.4    37343    2806    2806   34537
         321    2.9e+05     37378 38179.5 38195.1    37355    2805    2805   34550
         322    2.9e+05     37378 38179.5 38226.1    37359    2806    2806   34553
         323    2.9e+05     37378 38179.5 38179.7    37341    2805    2805   34536
         324    2.9e+05     37378 38179.5 38239.5    37330    2806    2806   34524
         325    2.9e+05     37378 38179.5 38181.3    37237    2806    2806   34431
         326    2.9e+05     37378 38179.5 38240.2    37351    2807    2807   34544
         327    2.9e+05     37378 38179.5 38188.7    37334    2805    2805   34529
         328    2.9e+05     37378 38179.5   38239    37351    2806    2806   34545
         329    2.9e+05     37378 38179.5 38180.3    37366    2805    2805   34561
    *    330    2.9e+05     37398 38179.5 38226.1    37398    2807    2807   34591
         331    2.9e+05     37398 38179.5 38185.7    37364    2804    2804   34560
         332    2.9e+05     37398 38179.5 38217.7    37333    2807    2807   34526
         333    2.9e+05     37398 38179.5 38181.9    37387    2805    2805   34582
         334    2.9e+05     37398 38179.5 38224.9    37380    2806    2806   34574
         335    2.9e+05     37398 38179.5 38182.6    37347    2805    2805   34542
         336    2.9e+05     37398 38179.5 38238.2    37369    2807    2807   34562
         337    2.9e+05     37398 38179.5 38186.7    37374    2805    2805   34569
         338    2.9e+05     37398 38179.5 38219.9    37349    2806    2806   34543
         339    2.9e+05     37398 38179.5 38198.9    37387    2805    2805   34582
         340    2.9e+05     37398 38179.5   38221    37376    2807    2807   34569
               reducing step to 0.05
         341    2.9e+05     37398 38007.2 38007.2    36530    2807    2807   33723
         342    2.9e+05     37398 37929.8 37929.8    36511    2806    2806   33705
         343    2.9e+05     37398 37929.8 37963.9    36911    2807    2807   34104
         344    2.9e+05     37398   37927   37927    37110    2806    2806   34304
         345    2.9e+05     37398   37927 37947.2    37204    2807    2807   34397
         346    2.9e+05     37398   37911   37911    37066    2805    2805   34261
    *    347    2.9e+05     37426   37911 37934.1    37426    2807    2807   34619
         348    2.9e+05     37426 37906.3 37906.3    37256    2805    2805   34451
         349    2.9e+05     37426 37906.3 37939.6    37356    2807    2807   34549
         350    2.9e+05     37426 37904.8 37904.8    36660    2806    2806   33854
         351    2.9e+05     37426 37904.8 37927.4    37266    2808    2808   34458
         352    2.9e+05     37426 37904.8 37909.6    36643    2806    2806   33837
         353    2.9e+05     37426 37904.8 37926.2    37391    2807    2807   34584
         354    2.9e+05     37426 37904.8 37910.2    37423    2805    2805   34618
         355    2.9e+05     37426 37904.8 37926.9    37416    2807    2807   34609
    *    356    2.9e+05     37430 37904.8 37906.1    37430    2805    2805   34625
         357    2.9e+05     37430 37904.8   37928    37428    2807    2807   34621
    *    358    2.9e+05     37441 37904.7 37904.7    37441    2805    2805   34636
         359    2.9e+05     37441 37904.7   37928    37437    2807    2807   34630
         360    2.9e+05     37441 37900.2 37900.2    37414    2805    2805   34609
         361    2.9e+05     37441 37900.2 37924.3    37432    2807    2807   34625
    *    362    2.9e+05     37479 37900.2 37901.5    37479    2805    2805   34674
         363    2.9e+05     37479 37900.2   37925    37443    2807    2807   34636
         364    2.9e+05     37479 37900.2 37904.7    37438    2805    2805   34633
         365    2.9e+05     37479 37900.2 37919.1    37422    2807    2807   34615
         366    2.9e+05     37479 37900.2   37905    37348    2806    2806   34542
         367    2.9e+05     37479 37900.2 37917.5    37435    2807    2807   34628
         368    2.9e+05     37479 37900.2 37900.5    37464    2805    2805   34659
         369    2.9e+05     37479 37900.2 37922.8    37457    2807    2807   34650
         370    2.9e+05     37479 37900.2 37901.4    37424    2805    2805   34619
         371    2.9e+05     37479 37900.2 37921.4    37422    2807    2807   34615
         372    2.9e+05     37479 37900.2 37901.3    37452    2805    2805   34647
         373    2.9e+05     37479 37900.2 37921.1    37441    2807    2807   34634
         374    2.9e+05     37479 37898.7 37898.7    37442    2805    2805   34637
         375    2.9e+05     37479 37898.7 37920.2    37445    2807    2807   34638
         376    2.9e+05     37479 37898.7 37899.7    37473    2805    2805   34668
         377    2.9e+05     37479 37898.7 37916.1    37454    2807    2807   34647
         378    2.9e+05     37479 37898.7 37903.7    37463    2805    2805   34658
         379    2.9e+05     37479 37898.7 37914.9    37447    2807    2807   34640
    *    380    2.9e+05     37486 37897.3 37897.3    37486    2805    2805   34681
         381    2.9e+05     37486 37897.3 37919.8    37452    2807    2807   34645
         382    2.9e+05     37486 37897.3 37898.1    37454    2805    2805   34649
         383    2.9e+05     37486 37897.3 37919.1    37459    2807    2807   34652
         384    2.9e+05     37486 37897.3 37898.7    37465    2805    2805   34660
         385    2.9e+05     37486 37897.3 37919.7    37446    2807    2807   34639
    *    386    2.9e+05     37488 37897.3 37898.6    37488    2805    2805   34683
         387    2.9e+05     37488 37897.3 37919.3    37435    2807    2807   34628
         388    2.9e+05     37488 37896.7 37896.7    37470    2805    2805   34665
         389    2.9e+05     37488 37896.7 37915.8    37435    2807    2807   34628
         390    2.9e+05     37488 37896.7 37901.3    37097    2805    2805   34292
         391    2.9e+05     37488 37896.7 37914.5    37434    2807    2807   34627
         392    2.9e+05     37488 37896.6 37896.6    37474    2805    2805   34669
         393    2.9e+05     37488 37896.6 37916.6    37452    2807    2807   34645
         394    2.9e+05     37488 37896.6 37898.4    37464    2805    2805   34659
         395    2.9e+05     37488 37896.6 37918.7    37463    2807    2807   34656
         396    2.9e+05     37488 37896.6 37898.6    37475    2805    2805   34670
         397    2.9e+05     37488 37896.6 37915.5    37427    2807    2807   34620
         398    2.9e+05     37488 37893.7 37893.7    37407    2805    2805   34602
         399    2.9e+05     37488 37893.7 37918.3    37434    2807    2807   34627
         400    2.9e+05     37488 37893.7 37894.3    37457    2805    2805   34652
         401    2.9e+05     37488 37893.7 37912.5    37432    2807    2807   34625
         402    2.9e+05     37488 37893.7   37900    37426    2805    2805   34621
         403    2.9e+05     37488 37893.7 37912.7    37434    2807    2807   34627
         404    2.9e+05     37488 37893.7   37896    37451    2805    2805   34646
         405    2.9e+05     37488 37893.7 37918.7    37447    2807    2807   34640
         406    2.9e+05     37488 37893.7 37896.5    37476    2805    2805   34671
         407    2.9e+05     37488 37893.7 37915.6    37467    2807    2807   34660
         408    2.9e+05     37488 37893.7 37895.3    37453    2805    2805   34648
         409    2.9e+05     37488 37893.7   37917    37438    2807    2807   34631
         410    2.9e+05     37488 37893.7   37894    37480    2805    2805   34675
         411    2.9e+05     37488 37893.7 37915.4    37457    2807    2807   34650
    *    412    2.9e+05     37493 37893.7 37894.7    37493    2805    2805   34688
         413    2.9e+05     37493 37893.7 37911.3    37413    2807    2807   34606
         414    2.9e+05     37493 37893.7 37899.8    37475    2805    2805   34670
         415    2.9e+05     37493 37893.7 37911.1    37437    2807    2807   34630
         416    2.9e+05     37493 37893.7 37895.9    37479    2805    2805   34674
         417    2.9e+05     37493 37893.7 37914.2    37436    2807    2807   34629
         418    2.9e+05     37493 37892.8 37892.8    37460    2805    2805   34655
         419    2.9e+05     37493 37892.8 37915.8    37434    2807    2807   34627
         420    2.9e+05     37493 37892.8 37894.9    37481    2805    2805   34676
         421    2.9e+05     37493 37892.8 37914.4    37453    2807    2807   34646
         422    2.9e+05     37493 37892.8 37893.8    37458    2805    2805   34653
         423    2.9e+05     37493 37892.8 37915.9    37442    2807    2807   34635
         424    2.9e+05     37493 37892.8 37893.2    37487    2805    2805   34682
         425    2.9e+05     37493 37892.8   37912    37433    2807    2807   34626
         426    2.9e+05     37493 37892.8 37896.2    37469    2805    2805   34664
         427    2.9e+05     37493 37892.8 37911.5    37453    2807    2807   34646
         428    2.9e+05     37493 37892.7 37892.7    37448    2805    2805   34643
         429    2.9e+05     37493 37892.7 37915.3    37439    2807    2807   34632
         430    2.9e+05     37493 37891.2 37891.2    37463    2805    2805   34658
         431    2.9e+05     37493 37891.2   37917    37440    2807    2807   34633
         432    2.9e+05     37493 37891.2 37893.4    37320    2805    2805   34515
         433    2.9e+05     37493 37891.2   37914    37439    2807    2807   34632
         434    2.9e+05     37493 37891.2 37892.7    37408    2805    2805   34603
         435    2.9e+05     37493 37891.2 37913.5    37422    2807    2807   34615
         436    2.9e+05     37493 37891.2 37893.2    37476    2805    2805   34671
         437    2.9e+05     37493 37891.2   37910    37426    2807    2807   34619
         438    2.9e+05     37493 37891.2 37897.2    37428    2805    2805   34623
         439    2.9e+05     37493 37891.2 37912.2    37443    2807    2807   34636
         440    2.9e+05     37493 37891.2 37891.4    37454    2805    2805   34649
         441    2.9e+05     37493 37891.2 37913.5    37445    2807    2807   34638
         442    2.9e+05     37493 37891.2 37893.1    37458    2805    2805   34653
         443    2.9e+05     37493 37891.2 37914.1    37442    2807    2807   34635
         444    2.9e+05     37493 37891.2 37892.7    37466    2805    2805   34661
         445    2.9e+05     37493 37891.2 37917.6    37424    2807    2807   34617
         446    2.9e+05     37493 37891.1 37891.1    37479    2805    2805   34674
         447    2.9e+05     37493 37891.1 37913.9    37437    2807    2807   34630
         448    2.9e+05     37493 37890.3 37890.3    37467    2805    2805   34662
         449    2.9e+05     37493 37890.3 37911.4    37459    2807    2807   34652
         450    2.9e+05     37493 37890.3 37894.4    37468    2805    2805   34663
         451    2.9e+05     37493 37890.3   37910    37413    2807    2807   34606
         452    2.9e+05     37493 37890.1 37890.1    37431    2805    2805   34626
         453    2.9e+05     37493 37890.1 37914.3    37418    2807    2807   34611
         454    2.9e+05     37493 37890.1   37891    37439    2805    2805   34634
         455    2.9e+05     37493 37890.1 37914.5    37458    2807    2807   34651
         456    2.9e+05     37493 37890.1 37890.3    37468    2805    2805   34663
         457    2.9e+05     37493 37890.1 37912.5    37444    2807    2807   34637
         458    2.9e+05     37493 37890.1 37890.5    37465    2805    2805   34660
         459    2.9e+05     37493 37890.1 37912.9    37437    2807    2807   34630
         460    2.9e+05     37493   37889   37889    37468    2805    2805   34663
         461    2.9e+05     37493   37889 37910.8    37446    2807    2807   34639
         462    2.9e+05     37493   37889 37892.6    37451    2805    2805   34646
         463    2.9e+05     37493   37889 37910.9    37427    2807    2807   34620
         464    2.9e+05     37493   37889 37889.4    37473    2805    2805   34668
         465    2.9e+05     37493   37889 37917.2    37453    2807    2807   34646
         466    2.9e+05     37493   37889   37889    37460    2805    2805   34655
         467    2.9e+05     37493   37889 37913.3    37461    2807    2807   34654
         468    2.9e+05     37493   37889 37890.4    37476    2805    2805   34671
         469    2.9e+05     37493   37889 37913.9    37439    2807    2807   34632
         470    2.9e+05     37493   37889 37889.8    37462    2805    2805   34657
         471    2.9e+05     37493   37889 37913.1    37445    2807    2807   34638
         472    2.9e+05     37493   37889 37889.4    37457    2805    2805   34652
         473    2.9e+05     37493   37889 37909.3    37447    2807    2807   34640
         474    2.9e+05     37493   37889 37894.9    37443    2805    2805   34638
         475    2.9e+05     37493   37889 37909.9    37420    2807    2807   34613
         476    2.9e+05     37493   37889 37890.1    37481    2805    2805   34676
         477    2.9e+05     37493   37889 37913.7    37430    2807    2807   34623
         478    2.9e+05     37493   37889 37890.1    37465    2805    2805   34660
         479    2.9e+05     37493   37889 37914.2    37431    2807    2807   34624
         480    2.9e+05     37493   37889 37890.1    37483    2805    2805   34678
         481    2.9e+05     37493   37889 37913.2    37440    2807    2807   34633
         482    2.9e+05     37493   37889 37890.1    37427    2806    2806   34621
         483    2.9e+05     37493   37889 37913.8    37430    2807    2807   34623
         484    2.9e+05     37493 37888.5 37888.5    37469    2805    2805   34664
         485    2.9e+05     37493 37888.5 37908.6    37466    2807    2807   34659
         486    2.9e+05     37493 37888.5 37893.4    37454    2805    2805   34649
         487    2.9e+05     37493 37888.5 37909.1    37445    2807    2807   34638
         488    2.9e+05     37493 37888.5   37889    37424    2805    2805   34619
         489    2.9e+05     37493 37888.5 37911.2    37432    2807    2807   34625
         490    2.9e+05     37493 37888.5 37891.6    37430    2805    2805   34625
         491    2.9e+05     37493 37888.5 37912.2    37421    2807    2807   34614
         492    2.9e+05     37493 37888.5 37890.9    37477    2806    2806   34671
         493    2.9e+05     37493 37888.5 37910.9    37438    2807    2807   34631
         494    2.9e+05     37493 37888.5 37889.1    37463    2805    2805   34658
         495    2.9e+05     37493 37888.5   37911    37453    2807    2807   34646
         496    2.9e+05     37493 37888.5   37889    37463    2805    2805   34658
         497    2.9e+05     37493 37888.5   37909    37405    2807    2807   34598
         498    2.9e+05     37493 37888.5   37895    37472    2805    2805   34667
         499    2.9e+05     37493 37888.5 37908.2    37450    2807    2807   34643
         500    2.9e+05     37493 37888.5 37889.7    37454    2805    2805   34649
         501    2.9e+05     37493 37888.5 37910.4    37455    2807    2807   34648
         502    2.9e+05     37493 37888.5 37890.9    37460    2805    2805   34655
         503    2.9e+05     37493 37888.5 37910.5    37442    2807    2807   34635
         504    2.9e+05     37493 37888.5 37888.9    37475    2805    2805   34670
         505    2.9e+05     37493 37888.5 37910.9    37434    2807    2807   34627
         506    2.9e+05     37493 37888.5 37890.3    37478    2805    2805   34673
         507    2.9e+05     37493 37888.5 37911.7    37446    2807    2807   34639
         508    2.9e+05     37493 37888.5 37889.2    37469    2805    2805   34664
         509    2.9e+05     37493 37888.5 37907.2    37435    2807    2807   34628
               reducing step to 0.025
         510    2.9e+05     37493 37820.1 37820.1    37123    2806    2806   34317
         511    2.9e+05     37493 37789.5 37789.5    37371    2805    2805   34566
         512    2.9e+05     37493 37789.5 37797.3    37318    2806    2806   34512
         513    2.9e+05     37493 37781.3 37781.3    37386    2806    2806   34580
         514    2.9e+05     37493 37781.3 37795.8    37331    2806    2806   34525
         515    2.9e+05     37493 37774.6 37774.6    37437    2805    2805   34632
         516    2.9e+05     37493 37774.6 37789.9    37435    2807    2807   34628
         517    2.9e+05     37493 37773.8 37773.8    37402    2805    2805   34597
         518    2.9e+05     37493 37773.8   37789    37461    2806    2806   34655
         519    2.9e+05     37493 37771.7 37771.7    37438    2805    2805   34633
         520    2.9e+05     37493 37771.7 37791.3    37460    2807    2807   34653
    *    521    2.9e+05     37498 37770.8 37770.8    37498    2805    2805   34693
         522    2.9e+05     37498 37770.8   37787    37471    2807    2807   34664
    *    523    2.9e+05     37502 37770.8 37772.1    37502    2805    2805   34697
         524    2.9e+05     37502 37770.8   37784    37471    2806    2806   34665
         525    2.9e+05     37502 37769.4 37769.4    37493    2806    2806   34687
         526    2.9e+05     37502 37769.4 37785.7    37491    2806    2806   34685
    *    527    2.9e+05     37504   37769   37769    37504    2805    2805   34699
         528    2.9e+05     37504   37769 37783.5    37422    2806    2806   34616
         529    2.9e+05     37504   37769 37769.4    37504    2805    2805   34699
         530    2.9e+05     37504   37769 37784.6    37485    2806    2806   34679
         531    2.9e+05     37504 37766.1 37766.1    37504    2805    2805   34699
         532    2.9e+05     37504 37766.1 37786.3    37496    2806    2806   34690
         533    2.9e+05     37504   37765   37765    37466    2805    2805   34661
         534    2.9e+05     37504   37765 37784.7    37463    2807    2807   34656
         535    2.9e+05     37504   37765 37766.5    37469    2805    2805   34664
         536    2.9e+05     37504   37765 37784.7    37479    2807    2807   34672
         537    2.9e+05     37504   37765 37767.9    37474    2805    2805   34669
         538    2.9e+05     37504   37765 37783.4    37489    2806    2806   34683
         539    2.9e+05     37504   37765 37766.1    37393    2807    2807   34586
         540    2.9e+05     37504   37765 37781.7    37471    2806    2806   34665
         541    2.9e+05     37504   37765 37769.9    37481    2806    2806   34675
         542    2.9e+05     37504   37765 37780.3    37474    2806    2806   34668
         543    2.9e+05     37504   37765 37769.7    37488    2806    2806   34682
         544    2.9e+05     37504   37765 37781.2    37484    2806    2806   34678
         545    2.9e+05     37504   37765 37768.6    37478    2806    2806   34672
         546    2.9e+05     37504   37765 37781.9    37473    2806    2806   34667
         547    2.9e+05     37504   37765 37768.9    37497    2806    2806   34691
         548    2.9e+05     37504   37765 37781.4    37458    2806    2806   34652
         549    2.9e+05     37504   37765 37765.2    37493    2805    2805   34688
         550    2.9e+05     37504   37765 37782.4    37495    2807    2807   34688
         551    2.9e+05     37504   37765 37765.8    37497    2805    2805   34692
         552    2.9e+05     37504   37765 37780.6    37487    2807    2807   34680
         553    2.9e+05     37504   37765 37768.2    37490    2805    2805   34685
         554    2.9e+05     37504   37765 37780.1    37488    2807    2807   34681
         555    2.9e+05     37504   37765 37767.6    37489    2805    2805   34684
         556    2.9e+05     37504   37765 37780.2    37481    2807    2807   34674
         557    2.9e+05     37504   37765 37767.5    37486    2805    2805   34681
         558    2.9e+05     37504   37765 37779.4    37486    2807    2807   34679
               reducing step to 0.0125
         559    2.9e+05     37504 37744.2 37744.2    37276    2805    2805   34471
         560    2.9e+05     37504 37727.1 37727.1    37399    2805    2805   34594
         561    2.9e+05     37504 37727.1 37734.5    37340    2805    2805   34535
         562    2.9e+05     37504   37726   37726    37396    2805    2805   34591
         563    2.9e+05     37504   37726 37727.4    37460    2805    2805   34655
         564    2.9e+05     37504 37722.8 37722.8    37448    2805    2805   34643
         565    2.9e+05     37504 37722.8 37726.5    37485    2805    2805   34680
         566    2.9e+05     37504 37719.6 37719.6    37497    2805    2805   34692
         567    2.9e+05     37504 37719.6 37726.7    37471    2805    2805   34666
         568    2.9e+05     37504 37719.6 37720.6    37475    2805    2805   34670
         569    2.9e+05     37504 37719.6 37725.4    37479    2805    2805   34674
    *    570    2.9e+05     37514 37717.5 37717.5    37514    2805    2805   34709
         571    2.9e+05     37514 37717.5 37724.5    37487    2805    2805   34682
         572    2.9e+05     37514 37717.1 37717.1    37490    2805    2805   34685
         573    2.9e+05     37514 37717.1 37724.1    37487    2805    2805   34682
         574    2.9e+05     37514 37716.1 37716.1    37496    2805    2805   34691
         575    2.9e+05     37514 37716.1 37723.6    37488    2805    2805   34683
         576    2.9e+05     37514 37716.1 37716.8    37513    2805    2805   34708
         577    2.9e+05     37514 37716.1 37724.2    37485    2805    2805   34680
         578    2.9e+05     37514 37715.8 37715.8    37502    2805    2805   34697
         579    2.9e+05     37514 37715.8 37723.1    37499    2805    2805   34694
         580    2.9e+05     37514 37714.7 37714.7    37469    2805    2805   34664
         581    2.9e+05     37514 37714.7 37722.5    37487    2805    2805   34682
         582    2.9e+05     37514 37714.7 37715.1    37499    2805    2805   34694
         583    2.9e+05     37514 37714.7 37722.4    37493    2805    2805   34688
         584    2.9e+05     37514 37714.7   37715    37488    2805    2805   34683
         585    2.9e+05     37514 37714.7 37721.9    37498    2805    2805   34693
         586    2.9e+05     37514 37714.7   37715    37501    2805    2805   34696
         587    2.9e+05     37514 37714.7 37721.5    37487    2805    2805   34682
         588    2.9e+05     37514 37714.7 37715.4    37493    2805    2805   34688
         589    2.9e+05     37514 37714.7 37721.4    37462    2805    2805   34657
         590    2.9e+05     37514 37714.5 37714.5    37496    2805    2805   34691
         591    2.9e+05     37514 37714.5 37721.4    37502    2805    2805   34697
         592    2.9e+05     37514 37714.5 37714.6    37494    2805    2805   34689
         593    2.9e+05     37514 37714.5 37721.3    37489    2805    2805   34684
         594    2.9e+05     37514 37713.1 37713.1    37501    2805    2805   34696
         595    2.9e+05     37514 37713.1 37721.8    37490    2805    2805   34685
         596    2.9e+05     37514 37713.1 37713.8    37481    2805    2805   34676
         597    2.9e+05     37514 37713.1   37722    37495    2805    2805   34690
         598    2.9e+05     37514 37712.6 37712.6    37485    2805    2805   34680
         599    2.9e+05     37514 37712.6 37721.8    37474    2805    2805   34669
         600    2.9e+05     37514 37712.6 37712.9    37498    2805    2805   34693
         601    2.9e+05     37514 37712.6 37720.7    37498    2805    2805   34693
         602    2.9e+05     37514 37712.6   37713    37501    2805    2805   34696
         603    2.9e+05     37514 37712.6 37721.2    37504    2805    2805   34699
         604    2.9e+05     37514 37712.4 37712.4    37511    2805    2805   34706
         605    2.9e+05     37514 37712.4 37721.2    37505    2805    2805   34700
         606    2.9e+05     37514 37712.4 37713.2    37496    2805    2805   34691
         607    2.9e+05     37514 37712.4 37720.6    37509    2805    2805   34704
    *    608    2.9e+05     37517 37712.4 37712.4    37517    2805    2805   34712
         609    2.9e+05     37517 37712.4 37721.4    37508    2805    2805   34703
         610    2.9e+05     37517 37712.3 37712.3    37490    2805    2805   34685
         611    2.9e+05     37517 37712.3 37720.2    37508    2805    2805   34703
         612    2.9e+05     37517 37712.3 37712.7    37512    2805    2805   34707
         613    2.9e+05     37517 37712.3 37720.2    37499    2805    2805   34694
         614    2.9e+05     37517 37712.3 37713.5    37503    2805    2805   34698
         615    2.9e+05     37517 37712.3 37719.8    37500    2805    2805   34695
         616    2.9e+05     37517 37712.3 37712.7    37505    2805    2805   34700
         617    2.9e+05     37517 37712.3 37720.5    37491    2805    2805   34686
         618    2.9e+05     37517   37712   37712    37491    2805    2805   34686
         619    2.9e+05     37517   37712 37720.6    37502    2805    2805   34697
         620    2.9e+05     37517   37712 37712.5    37483    2805    2805   34678
         621    2.9e+05     37517   37712 37720.3    37493    2805    2805   34688
         622    2.9e+05     37517 37711.8 37711.8    37491    2805    2805   34686
         623    2.9e+05     37517 37711.8 37720.2    37489    2805    2805   34684
         624    2.9e+05     37517 37711.3 37711.3    37478    2805    2805   34673
         625    2.9e+05     37517 37711.3 37720.2    37496    2805    2805   34691
         626    2.9e+05     37517 37711.3 37711.9    37494    2805    2805   34689
         627    2.9e+05     37517 37711.3 37719.9    37503    2805    2805   34698
         628    2.9e+05     37517 37711.3 37712.1    37503    2805    2805   34698
         629    2.9e+05     37517 37711.3 37719.7    37504    2805    2805   34699
         630    2.9e+05     37517 37711.3 37712.3    37491    2805    2805   34686
         631    2.9e+05     37517 37711.3 37720.1    37493    2805    2805   34688
         632    2.9e+05     37517 37711.3 37711.5    37487    2805    2805   34682
         633    2.9e+05     37517 37711.3 37719.9    37500    2805    2805   34695
         634    2.9e+05     37517 37711.3 37711.7    37501    2805    2805   34696
         635    2.9e+05     37517 37711.3 37719.3    37491    2805    2805   34686
         636    2.9e+05     37517 37711.3 37712.1    37507    2805    2805   34702
         637    2.9e+05     37517 37711.3 37719.8    37482    2805    2805   34677
         638    2.9e+05     37517 37711.3   37712    37501    2805    2805   34696
         639    2.9e+05     37517 37711.3 37719.7    37508    2805    2805   34703
         640    2.9e+05     37517 37710.8 37710.8    37494    2805    2805   34689
         641    2.9e+05     37517 37710.8 37719.2    37510    2805    2805   34705
         642    2.9e+05     37517 37710.8 37711.8    37496    2805    2805   34691
    *    643    2.9e+05     37518 37710.8 37719.1    37518    2805    2805   34713
         644    2.9e+05     37518 37710.7 37710.7    37504    2805    2805   34699
         645    2.9e+05     37518 37710.7 37719.8    37509    2805    2805   34704
         646    2.9e+05     37518 37710.7 37711.4    37480    2805    2805   34675
         647    2.9e+05     37518 37710.7 37717.9    37506    2805    2805   34701
         648    2.9e+05     37518 37710.7 37712.3    37496    2805    2805   34691
         649    2.9e+05     37518 37710.7 37718.9    37504    2805    2805   34699
         650    2.9e+05     37518 37710.7 37711.4    37489    2805    2805   34684
         651    2.9e+05     37518 37710.7 37719.2    37505    2805    2805   34700
         652    2.9e+05     37518 37710.7 37711.3    37498    2805    2805   34693
         653    2.9e+05     37518 37710.7 37718.9    37501    2805    2805   34696
         654    2.9e+05     37518 37710.7 37711.2    37497    2805    2805   34692
         655    2.9e+05     37518 37710.7 37718.6    37502    2805    2805   34697
         656    2.9e+05     37518 37710.7 37711.6    37481    2805    2805   34676
         657    2.9e+05     37518 37710.7 37718.9    37487    2805    2805   34682
         658    2.9e+05     37518 37710.7 37711.1    37493    2805    2805   34688
         659    2.9e+05     37518 37710.7 37718.8    37494    2805    2805   34689
         660    2.9e+05     37518 37710.7 37710.9    37495    2805    2805   34690
         661    2.9e+05     37518 37710.7 37718.9    37498    2805    2805   34693
         662    2.9e+05     37518 37710.7 37711.8    37504    2805    2805   34699
         663    2.9e+05     37518 37710.7 37718.7    37500    2805    2805   34695
         664    2.9e+05     37518 37710.7 37710.9    37516    2805    2805   34711
         665    2.9e+05     37518 37710.7 37718.8    37499    2805    2805   34694
         666    2.9e+05     37518 37710.7   37712    37500    2805    2805   34695
         667    2.9e+05     37518 37710.7 37718.7    37497    2805    2805   34692
         668    2.9e+05     37518 37710.1 37710.1    37491    2805    2805   34686
         669    2.9e+05     37518 37710.1 37719.3    37499    2805    2805   34694
    *    670    2.9e+05     37521 37710.1 37710.9    37521    2805    2805   34716
         671    2.9e+05     37521 37710.1 37719.1    37493    2805    2805   34688
         672    2.9e+05     37521 37710.1 37711.6    37490    2805    2805   34685
         673    2.9e+05     37521 37710.1 37718.4    37504    2805    2805   34699
         674    2.9e+05     37521 37710.1 37710.3    37516    2805    2805   34711
         675    2.9e+05     37521 37710.1 37719.9    37499    2805    2805   34694
         676    2.9e+05     37521 37710.1 37710.5    37504    2805    2805   34699
         677    2.9e+05     37521 37710.1 37719.7    37495    2805    2805   34690
         678    2.9e+05     37521 37710.1 37710.5    37496    2805    2805   34691
         679    2.9e+05     37521 37710.1 37719.4    37511    2805    2805   34706
         680    2.9e+05     37521 37710.1 37710.4    37497    2805    2805   34692
         681    2.9e+05     37521 37710.1 37718.9    37507    2805    2805   34702
         682    2.9e+05     37521 37710.1 37711.5    37495    2805    2805   34690
         683    2.9e+05     37521 37710.1 37717.3    37500    2805    2805   34695
         684    2.9e+05     37521 37710.1 37711.2    37496    2805    2805   34691
         685    2.9e+05     37521 37710.1 37718.3    37498    2805    2805   34693
         686    2.9e+05     37521 37710.1 37711.7    37507    2805    2805   34702
         687    2.9e+05     37521 37710.1   37718    37511    2805    2805   34706
         688    2.9e+05     37521 37710.1 37710.9    37498    2805    2805   34693
         689    2.9e+05     37521 37710.1 37717.2    37494    2805    2805   34689
         690    2.9e+05     37521 37710.1 37710.9    37494    2805    2805   34689
         691    2.9e+05     37521 37710.1 37718.2    37499    2805    2805   34694
         692    2.9e+05     37521 37710.1 37711.8    37502    2805    2805   34697
         693    2.9e+05     37521 37710.1   37718    37498    2805    2805   34693
               reducing step to 0.00625
         694    2.9e+05     37521 37702.1 37702.1    37425    2805    2805   34620
         695    2.9e+05     37521 37695.3 37695.3    37468    2805    2805   34663
         696    2.9e+05     37521 37695.3 37696.7    37470    2805    2805   34665
         697    2.9e+05     37521 37693.1 37693.1    37509    2805    2805   34704
         698    2.9e+05     37521 37693.1   37696    37497    2805    2805   34692
         699    2.9e+05     37521 37691.7 37691.7    37496    2805    2805   34691
         700    2.9e+05     37521 37691.7 37695.7    37488    2805    2805   34683
         701    2.9e+05     37521 37690.8 37690.8    37507    2805    2805   34702
         702    2.9e+05     37521 37690.8 37695.3    37463    2805    2805   34658
         703    2.9e+05     37521 37690.8   37691    37489    2805    2805   34684
         704    2.9e+05     37521 37690.8 37694.1    37481    2805    2805   34676
         705    2.9e+05     37521 37689.3 37689.3    37487    2805    2805   34682
         706    2.9e+05     37521 37689.3 37693.9    37504    2805    2805   34699
         707    2.9e+05     37521 37689.3 37689.7    37493    2805    2805   34688
         708    2.9e+05     37521 37689.3   37693    37508    2805    2805   34703
         709    2.9e+05     37521 37688.7 37688.7    37491    2805    2805   34686
    *    710    2.9e+05     37525 37688.7 37692.8    37525    2805    2805   34720
         711    2.9e+05     37525 37688.7 37689.2    37506    2805    2805   34701
         712    2.9e+05     37525 37688.7 37692.7    37497    2805    2805   34692
         713    2.9e+05     37525 37688.4 37688.4    37483    2805    2805   34678
         714    2.9e+05     37525 37688.4 37692.7    37508    2805    2805   34703
         715    2.9e+05     37525 37688.2 37688.2    37505    2805    2805   34700
         716    2.9e+05     37525 37688.2 37692.2    37493    2805    2805   34688
         717    2.9e+05     37525 37688.2 37688.3    37488    2805    2805   34683
         718    2.9e+05     37525 37688.2 37691.7    37501    2805    2805   34696
         719    2.9e+05     37525 37687.7 37687.7    37504    2805    2805   34699
         720    2.9e+05     37525 37687.7 37691.5    37514    2805    2805   34709
         721    2.9e+05     37525 37687.7 37687.7    37509    2805    2805   34704
         722    2.9e+05     37525 37687.7 37691.4    37480    2805    2805   34675
         723    2.9e+05     37525 37687.7   37688    37505    2805    2805   34700
         724    2.9e+05     37525 37687.7   37692    37508    2805    2805   34703
         725    2.9e+05     37525 37687.2 37687.2    37510    2805    2805   34705
         726    2.9e+05     37525 37687.2 37691.6    37521    2805    2805   34716
         727    2.9e+05     37525 37687.2   37688    37510    2805    2805   34705
         728    2.9e+05     37525 37687.2 37691.3    37502    2805    2805   34697
         729    2.9e+05     37525 37687.2 37687.3    37500    2805    2805   34695
         730    2.9e+05     37525 37687.2 37691.2    37498    2805    2805   34693
         731    2.9e+05     37525 37687.2 37687.3    37514    2805    2805   34709
         732    2.9e+05     37525 37687.2   37691    37498    2805    2805   34693
         733    2.9e+05     37525 37686.9 37686.9    37516    2805    2805   34711
         734    2.9e+05     37525 37686.9 37691.1    37510    2805    2805   34705
         735    2.9e+05     37525 37686.9   37687    37499    2805    2805   34694
         736    2.9e+05     37525 37686.9 37691.3    37505    2805    2805   34700
         737    2.9e+05     37525 37686.8 37686.8    37496    2805    2805   34691
         738    2.9e+05     37525 37686.8 37691.2    37504    2805    2805   34699
         739    2.9e+05     37525 37686.5 37686.5    37517    2805    2805   34712
         740    2.9e+05     37525 37686.5 37690.8    37519    2805    2805   34714
         741    2.9e+05     37525 37686.5 37687.3    37490    2805    2805   34685
         742    2.9e+05     37525 37686.5 37690.9    37505    2805    2805   34700
         743    2.9e+05     37525 37686.5 37686.9    37484    2805    2805   34679
         744    2.9e+05     37525 37686.5 37690.8    37514    2805    2805   34709
         745    2.9e+05     37525 37686.5 37687.3    37503    2805    2805   34698
         746    2.9e+05     37525 37686.5 37690.8    37519    2805    2805   34714
         747    2.9e+05     37525 37686.5 37686.9    37518    2805    2805   34713
         748    2.9e+05     37525 37686.5 37690.8    37514    2805    2805   34709
         749    2.9e+05     37525 37686.5 37686.5    37500    2805    2805   34695
         750    2.9e+05     37525 37686.5 37690.4    37516    2805    2805   34711
         751    2.9e+05     37525 37686.2 37686.2    37507    2805    2805   34702
         752    2.9e+05     37525 37686.2 37690.7    37489    2805    2805   34684
         753    2.9e+05     37525 37686.2 37686.6    37504    2805    2805   34699
         754    2.9e+05     37525 37686.2 37691.5    37506    2805    2805   34701
         755    2.9e+05     37525 37686.2 37686.4    37498    2805    2805   34693
         756    2.9e+05     37525 37686.2   37691    37501    2805    2805   34696
         757    2.9e+05     37525 37686.2 37686.4    37506    2805    2805   34701
         758    2.9e+05     37525 37686.2 37691.3    37511    2805    2805   34706
         759    2.9e+05     37525 37686.2 37686.4    37516    2805    2805   34711
         760    2.9e+05     37525 37686.2 37690.4    37519    2805    2805   34714
         761    2.9e+05     37525 37686.2 37686.7    37513    2805    2805   34708
         762    2.9e+05     37525 37686.2 37690.1    37516    2805    2805   34711
         763    2.9e+05     37525 37686.2 37686.4    37516    2805    2805   34711
         764    2.9e+05     37525 37686.2 37690.2    37512    2805    2805   34707
         765    2.9e+05     37525 37686.2 37686.2    37505    2805    2805   34700
         766    2.9e+05     37525 37686.2 37690.3    37521    2805    2805   34716
         767    2.9e+05     37525   37686   37686    37501    2805    2805   34696
         768    2.9e+05     37525   37686 37690.4    37515    2805    2805   34710
         769    2.9e+05     37525   37686 37686.3    37503    2805    2805   34698
         770    2.9e+05     37525   37686 37690.2    37504    2805    2805   34699
         771    2.9e+05     37525 37685.8 37685.8    37495    2805    2805   34690
         772    2.9e+05     37525 37685.8 37690.4    37511    2805    2805   34706
         773    2.9e+05     37525 37685.8 37686.2    37508    2805    2805   34703
         774    2.9e+05     37525 37685.8 37690.5    37513    2805    2805   34708
         775    2.9e+05     37525 37685.8 37685.9    37519    2805    2805   34714
         776    2.9e+05     37525 37685.8 37690.8    37501    2805    2805   34696
         777    2.9e+05     37525 37685.8   37686    37480    2805    2805   34675
         778    2.9e+05     37525 37685.8 37690.7    37514    2805    2805   34709
         779    2.9e+05     37525 37685.8 37686.1    37490    2805    2805   34685
         780    2.9e+05     37525 37685.8 37690.5    37506    2805    2805   34701
         781    2.9e+05     37525 37685.8 37686.1    37505    2805    2805   34700
         782    2.9e+05     37525 37685.8 37690.8    37512    2805    2805   34707
         783    2.9e+05     37525 37685.8 37686.1    37505    2805    2805   34700
         784    2.9e+05     37525 37685.8 37690.7    37511    2805    2805   34706
         785    2.9e+05     37525 37685.8 37686.3    37500    2805    2805   34695
         786    2.9e+05     37525 37685.8 37690.1    37506    2805    2805   34701
         787    2.9e+05     37525 37685.8 37686.2    37503    2805    2805   34698
         788    2.9e+05     37525 37685.8 37690.1    37514    2805    2805   34709
         789    2.9e+05     37525 37685.8 37686.6    37510    2805    2805   34705
         790    2.9e+05     37525 37685.8 37689.8    37502    2805    2805   34697
         791    2.9e+05     37525 37685.8 37686.5    37508    2805    2805   34703
         792    2.9e+05     37525 37685.8 37689.8    37518    2805    2805   34713
         793    2.9e+05     37525 37685.8 37685.9    37499    2805    2805   34694
         794    2.9e+05     37525 37685.8 37690.5    37515    2805    2805   34710
         795    2.9e+05     37525 37685.2 37685.2    37512    2805    2805   34707
         796    2.9e+05     37525 37685.2 37689.6    37515    2805    2805   34710
         797    2.9e+05     37525 37685.2 37686.1    37501    2805    2805   34696
         798    2.9e+05     37525 37685.2 37689.7    37507    2805    2805   34702
         799    2.9e+05     37525 37685.2 37685.8    37515    2805    2805   34710
         800    2.9e+05     37525 37685.2 37689.5    37510    2805    2805   34705
         801    2.9e+05     37525 37685.2 37685.7    37518    2805    2805   34713
         802    2.9e+05     37525 37685.2 37689.8    37511    2805    2805   34706
         803    2.9e+05     37525 37685.2 37685.2    37502    2805    2805   34697
         804    2.9e+05     37525 37685.2 37689.7    37509    2805    2805   34704
         805    2.9e+05     37525 37685.2 37685.7    37493    2805    2805   34688
         806    2.9e+05     37525 37685.2 37689.1    37503    2805    2805   34698
         807    2.9e+05     37525 37685.2 37685.5    37501    2805    2805   34696
         808    2.9e+05     37525 37685.2 37689.7    37499    2805    2805   34694
         809    2.9e+05     37525 37685.2 37685.3    37506    2805    2805   34701
         810    2.9e+05     37525 37685.2 37689.2    37512    2805    2805   34707
         811    2.9e+05     37525 37685.2 37685.5    37513    2805    2805   34708
         812    2.9e+05     37525 37685.2 37689.6    37510    2805    2805   34705
         813    2.9e+05     37525 37685.2 37685.2    37506    2805    2805   34701
         814    2.9e+05     37525 37685.2 37689.6    37515    2805    2805   34710
         815    2.9e+05     37525 37685.2 37685.4    37507    2805    2805   34702
         816    2.9e+05     37525 37685.2 37689.6    37515    2805    2805   34710
         817    2.9e+05     37525 37685.2 37685.3    37504    2805    2805   34699
         818    2.9e+05     37525 37685.2 37689.2    37502    2805    2805   34697
         819    2.9e+05     37525 37685.2 37685.4    37506    2805    2805   34701
         820    2.9e+05     37525 37685.2 37689.8    37510    2805    2805   34705
               reducing step to 0.003125
         821    2.9e+05     37525 37681.2 37681.2    37433    2805    2805   34628
         822    2.9e+05     37525 37679.4 37679.4    37489    2805    2805   34684
         823    2.9e+05     37525 37679.4 37680.1    37510    2805    2805   34705
         824    2.9e+05     37525 37678.8 37678.8    37456    2805    2805   34651
         825    2.9e+05     37525 37678.8   37680    37506    2805    2805   34701
         826    2.9e+05     37525   37678   37678    37505    2805    2805   34700
         827    2.9e+05     37525   37678 37679.5    37495    2805    2805   34690
         828    2.9e+05     37525 37677.5 37677.5    37492    2805    2805   34687
         829    2.9e+05     37525 37677.5 37679.2    37504    2805    2805   34699
         830    2.9e+05     37525 37676.8 37676.8    37482    2805    2805   34677
         831    2.9e+05     37525 37676.8 37678.9    37523    2805    2805   34718
         832    2.9e+05     37525 37676.5 37676.5    37519    2805    2805   34714
         833    2.9e+05     37525 37676.5 37678.7    37503    2805    2805   34698
         834    2.9e+05     37525 37676.4 37676.4    37487    2805    2805   34682
         835    2.9e+05     37525 37676.4 37678.2    37484    2805    2805   34679
         836    2.9e+05     37525 37676.2 37676.2    37513    2805    2805   34708
         837    2.9e+05     37525 37676.2 37678.2    37522    2805    2805   34717
         838    2.9e+05     37525   37676   37676    37510    2805    2805   34705
         839    2.9e+05     37525   37676   37678    37499    2805    2805   34694
         840    2.9e+05     37525 37675.8 37675.8    37524    2805    2805   34719
         841    2.9e+05     37525 37675.8 37678.2    37502    2805    2805   34697
         842    2.9e+05     37525 37675.8 37675.9    37524    2805    2805   34719
         843    2.9e+05     37525 37675.8 37677.8    37500    2805    2805   34695
         844    2.9e+05     37525 37675.8 37675.8    37516    2805    2805   34711
         845    2.9e+05     37525 37675.8 37677.7    37518    2805    2805   34713
         846    2.9e+05     37525 37675.6 37675.6    37499    2805    2805   34694
         847    2.9e+05     37525 37675.6 37677.6    37514    2805    2805   34709
         848    2.9e+05     37525 37675.2 37675.2    37506    2805    2805   34701
         849    2.9e+05     37525 37675.2 37677.4    37491    2805    2805   34686
         850    2.9e+05     37525 37675.2 37675.5    37502    2805    2805   34697
         851    2.9e+05     37525 37675.2 37677.4    37516    2805    2805   34711
         852    2.9e+05     37525 37675.2 37675.3    37502    2805    2805   34697
         853    2.9e+05     37525 37675.2 37677.4    37515    2805    2805   34710
         854    2.9e+05     37525 37675.1 37675.1    37509    2805    2805   34704
         855    2.9e+05     37525 37675.1 37677.5    37488    2805    2805   34683
         856    2.9e+05     37525 37675.1 37675.2    37486    2805    2805   34681
         857    2.9e+05     37525 37675.1 37677.4    37521    2805    2805   34716
         858    2.9e+05     37525   37675   37675    37461    2805    2805   34656
         859    2.9e+05     37525   37675 37677.1    37522    2805    2805   34717
         860    2.9e+05     37525   37675 37675.2    37494    2805    2805   34689
         861    2.9e+05     37525   37675 37677.1    37517    2805    2805   34712
         862    2.9e+05     37525   37675   37675    37511    2805    2805   34706
         863    2.9e+05     37525   37675 37677.1    37494    2805    2805   34689
         864    2.9e+05     37525 37674.9 37674.9    37497    2805    2805   34692
         865    2.9e+05     37525 37674.9 37677.1    37506    2805    2805   34701
         866    2.9e+05     37525 37674.8 37674.8    37523    2805    2805   34718
         867    2.9e+05     37525 37674.8 37677.1    37491    2805    2805   34686
         868    2.9e+05     37525 37674.8 37674.9    37494    2805    2805   34689
         869    2.9e+05     37525 37674.8 37677.2    37506    2805    2805   34701
         870    2.9e+05     37525 37674.8 37674.8    37514    2805    2805   34709
         871    2.9e+05     37525 37674.8 37676.9    37493    2805    2805   34688
         872    2.9e+05     37525 37674.7 37674.7    37505    2805    2805   34700
         873    2.9e+05     37525 37674.7 37676.9    37501    2805    2805   34696
         874    2.9e+05     37525 37674.7 37674.8    37522    2805    2805   34717
         875    2.9e+05     37525 37674.7   37677    37507    2805    2805   34702
         876    2.9e+05     37525 37674.6 37674.6    37518    2805    2805   34713
         877    2.9e+05     37525 37674.6 37676.9    37505    2805    2805   34700
         878    2.9e+05     37525 37674.5 37674.5    37519    2805    2805   34714
         879    2.9e+05     37525 37674.5   37677    37506    2805    2805   34701
         880    2.9e+05     37525 37674.4 37674.4    37513    2805    2805   34708
         881    2.9e+05     37525 37674.4   37677    37502    2805    2805   34697
         882    2.9e+05     37525 37674.3 37674.3    37514    2805    2805   34709
         883    2.9e+05     37525 37674.3   37677    37511    2805    2805   34706
         884    2.9e+05     37525 37674.3 37674.5    37505    2805    2805   34700
         885    2.9e+05     37525 37674.3 37676.9    37513    2805    2805   34708
         886    2.9e+05     37525 37674.3 37674.3    37512    2805    2805   34707
         887    2.9e+05     37525 37674.3   37677    37515    2805    2805   34710
         888    2.9e+05     37525 37674.3 37674.5    37516    2805    2805   34711
         889    2.9e+05     37525 37674.3 37676.7    37500    2805    2805   34695
         890    2.9e+05     37525 37674.3 37674.5    37520    2805    2805   34715
         891    2.9e+05     37525 37674.3 37676.6    37513    2805    2805   34708
         892    2.9e+05     37525 37674.3 37674.4    37507    2805    2805   34702
         893    2.9e+05     37525 37674.3 37676.6    37520    2805    2805   34715
         894    2.9e+05     37525 37674.3 37674.3    37501    2805    2805   34696
         895    2.9e+05     37525 37674.3 37676.7    37511    2805    2805   34706
         896    2.9e+05     37525 37674.3 37674.3    37511    2805    2805   34706
         897    2.9e+05     37525 37674.3 37676.8    37513    2805    2805   34708
         898    2.9e+05     37525 37674.3 37674.5    37509    2805    2805   34704
         899    2.9e+05     37525 37674.3 37676.7    37514    2805    2805   34709
         900    2.9e+05     37525 37674.3 37674.3    37498    2805    2805   34693
         901    2.9e+05     37525 37674.3 37676.6    37515    2805    2805   34710
         902    2.9e+05     37525 37674.2 37674.2    37507    2805    2805   34702
         903    2.9e+05     37525 37674.2 37676.7    37515    2805    2805   34710
         904    2.9e+05     37525 37674.2 37674.2    37517    2805    2805   34712
         905    2.9e+05     37525 37674.2 37676.6    37508    2805    2805   34703
         906    2.9e+05     37525 37674.1 37674.1    37497    2805    2805   34692
         907    2.9e+05     37525 37674.1 37676.5    37517    2805    2805   34712
         908    2.9e+05     37525 37674.1 37674.2    37510    2805    2805   34705
         909    2.9e+05     37525 37674.1 37676.8    37501    2805    2805   34696
         910    2.9e+05     37525 37674.1 37674.1    37520    2805    2805   34715
         911    2.9e+05     37525 37674.1 37676.6    37514    2805    2805   34709
         912    2.9e+05     37525 37674.1 37674.2    37512    2805    2805   34707
         913    2.9e+05     37525 37674.1 37676.5    37500    2805    2805   34695
         914    2.9e+05     37525 37674.1 37674.1    37509    2805    2805   34704
         915    2.9e+05     37525 37674.1 37676.7    37521    2805    2805   34716
         916    2.9e+05     37525 37674.1 37674.1    37517    2805    2805   34712
         917    2.9e+05     37525 37674.1 37676.4    37508    2805    2805   34703
         918    2.9e+05     37525 37674.1 37674.1    37504    2805    2805   34699
         919    2.9e+05     37525 37674.1 37676.4    37505    2805    2805   34700
         920    2.9e+05     37525   37674   37674    37501    2805    2805   34696
         921    2.9e+05     37525   37674 37676.5    37507    2805    2805   34702
         922    2.9e+05     37525   37674   37674    37491    2805    2805   34686
         923    2.9e+05     37525   37674 37676.4    37511    2805    2805   34706
         924    2.9e+05     37525   37674   37674    37525    2805    2805   34720
         925    2.9e+05     37525   37674 37676.4    37518    2805    2805   34713
         926    2.9e+05     37525 37673.9 37673.9    37505    2805    2805   34700
         927    2.9e+05     37525 37673.9 37676.4    37516    2805    2805   34711
         928    2.9e+05     37525 37673.9 37674.1    37506    2805    2805   34701
         929    2.9e+05     37525 37673.9 37676.4    37515    2805    2805   34710
         930    2.9e+05     37525 37673.9   37674    37506    2805    2805   34701
         931    2.9e+05     37525 37673.9 37676.2    37514    2805    2805   34709
         932    2.9e+05     37525 37673.9   37674    37507    2805    2805   34702
         933    2.9e+05     37525 37673.9 37676.4    37510    2805    2805   34705
         934    2.9e+05     37525 37673.9 37674.1    37505    2805    2805   34700
         935    2.9e+05     37525 37673.9 37676.2    37506    2805    2805   34701
         936    2.9e+05     37525 37673.9   37674    37506    2805    2805   34701
         937    2.9e+05     37525 37673.9 37676.2    37519    2805    2805   34714
         938    2.9e+05     37525 37673.9   37674    37512    2805    2805   34707
         939    2.9e+05     37525 37673.9 37676.3    37519    2805    2805   34714
         940    2.9e+05     37525 37673.9   37674    37508    2805    2805   34703
         941    2.9e+05     37525 37673.9 37676.2    37520    2805    2805   34715
         942    2.9e+05     37525 37673.9   37674    37506    2805    2805   34701
         943    2.9e+05     37525 37673.9 37676.3    37505    2805    2805   34700
         944    2.9e+05     37525 37673.9 37673.9    37518    2805    2805   34713
         945    2.9e+05     37525 37673.9 37676.2    37522    2805    2805   34717
         946    2.9e+05     37525 37673.8 37673.8    37501    2805    2805   34696
         947    2.9e+05     37525 37673.8 37676.2    37508    2805    2805   34703
         948    2.9e+05     37525 37673.8   37674    37506    2805    2805   34701
         949    2.9e+05     37525 37673.8 37676.2    37507    2805    2805   34702
         950    2.9e+05     37525 37673.8   37674    37520    2805    2805   34715
         951    2.9e+05     37525 37673.8 37676.1    37509    2805    2805   34704
         952    2.9e+05     37525 37673.8 37673.8    37490    2805    2805   34685
         953    2.9e+05     37525 37673.8 37676.2    37522    2805    2805   34717
         954    2.9e+05     37525 37673.8 37673.8    37499    2805    2805   34694
         955    2.9e+05     37525 37673.8 37676.2    37520    2805    2805   34715
         956    2.9e+05     37525 37673.8 37673.9    37500    2805    2805   34695
         957    2.9e+05     37525 37673.8 37676.1    37513    2805    2805   34708
         958    2.9e+05     37525 37673.8 37673.9    37496    2805    2805   34691
    *    959    2.9e+05     37526 37673.8 37676.1    37526    2805    2805   34721
         960    2.9e+05     37526 37673.8   37674    37506    2805    2805   34701
         961    2.9e+05     37526 37673.8 37676.1    37525    2805    2805   34720
         962    2.9e+05     37526 37673.8 37673.8    37504    2805    2805   34699
         963    2.9e+05     37526 37673.8 37676.1    37524    2805    2805   34719
         964    2.9e+05     37526 37673.8 37673.9    37498    2805    2805   34693
         965    2.9e+05     37526 37673.8 37676.1    37509    2805    2805   34704
         966    2.9e+05     37526 37673.8 37673.9    37489    2805    2805   34684
         967    2.9e+05     37526 37673.8 37676.2    37517    2805    2805   34712
         968    2.9e+05     37526 37673.8   37674    37498    2805    2805   34693
         969    2.9e+05     37526 37673.8   37676    37519    2805    2805   34714
         970    2.9e+05     37526 37673.8   37674    37510    2805    2805   34705
         971    2.9e+05     37526 37673.8 37675.9    37508    2805    2805   34703
         972    2.9e+05     37526 37673.8 37673.8    37509    2805    2805   34704
         973    2.9e+05     37526 37673.8 37675.9    37518    2805    2805   34713
         974    2.9e+05     37526 37673.8 37673.9    37512    2805    2805   34707
         975    2.9e+05     37526 37673.8 37675.9    37505    2805    2805   34700
         976    2.9e+05     37526 37673.8 37673.8    37502    2805    2805   34697
         977    2.9e+05     37526 37673.8   37676    37506    2805    2805   34701
               reducing step to 0.0015625
         978    2.9e+05     37526 37672.1 37672.1    37454    2805    2805   34649
         979    2.9e+05     37526 37671.1 37671.1    37465    2805    2805   34660
         980    2.9e+05     37526 37671.1 37671.3    37513    2805    2805   34708
         981    2.9e+05     37526 37670.5 37670.5    37477    2805    2805   34672
         982    2.9e+05     37526 37670.5 37671.2    37516    2805    2805   34711
         983    2.9e+05     37526 37670.5 37670.5    37526    2805    2805   34721
         984    2.9e+05     37526 37670.5 37670.9    37498    2805    2805   34693
         985    2.9e+05     37526 37670.3 37670.3    37514    2805    2805   34709
         986    2.9e+05     37526 37670.3 37670.7    37501    2805    2805   34696
         987    2.9e+05     37526 37670.1 37670.1    37505    2805    2805   34700
         988    2.9e+05     37526 37670.1 37670.7    37511    2805    2805   34706
         989    2.9e+05     37526 37669.9 37669.9    37494    2805    2805   34689
         990    2.9e+05     37526 37669.9 37670.4    37510    2805    2805   34705
         991    2.9e+05     37526 37669.9 37669.9    37512    2805    2805   34707
         992    2.9e+05     37526 37669.9 37670.4    37517    2805    2805   34712
         993    2.9e+05     37526 37669.7 37669.7    37490    2805    2805   34685
         994    2.9e+05     37526 37669.7 37670.3    37497    2805    2805   34692
         995    2.9e+05     37526 37669.7 37669.8    37513    2805    2805   34708
         996    2.9e+05     37526 37669.7 37670.2    37518    2805    2805   34713
         997    2.9e+05     37526 37669.6 37669.6    37487    2805    2805   34682
         998    2.9e+05     37526 37669.6 37670.2    37506    2805    2805   34701
         999    2.9e+05     37526 37669.4 37669.4    37505    2805    2805   34700
        1000    2.9e+05     37526 37669.4 37670.2    37486    2805    2805   34681
Total time used by klau is 2293.33
true_align (18772) and est_align (2805) DO NOT have the same number of elements.
method klau has a score of 8.37%
method klau used 2293.333 seconds.
maximum values in init align row is:  18771
maximum values in init align col is:  18762
 best   iter   pr-delta       obj  weight    card overlap
    *      1    3.6e-01     30524    2832    2832   29108
    *      2    1.5e-01     30687    2832    2832   29271
    *      3    7.1e-02   30740.5    2831    2831   29325
           4    3.4e-02   30725.5    2831    2831   29310
           5    1.7e-02   30699.5    2831    2831   29284
    *      6    8.7e-03     30748    2830    2830   29333
    *      7    4.6e-03     30760    2830    2830   29345
           8    2.5e-03     30759    2830    2830   29344
    *      9    1.4e-03     30766    2830    2830   29351
          10    7.8e-04     30763    2830    2830   29348
    *     11    4.5e-04     30767    2830    2830   29352
    *     12    2.6e-04     30769    2830    2830   29354
          13    1.5e-04     30769    2830    2830   29354
    *     14    9.2e-05     30770    2830    2830   29355
          15    5.5e-05     30770    2830    2830   29355
    *     16    3.4e-05     30771    2830    2830   29356
          17    2.1e-05     30771    2830    2830   29356
          18    1.3e-05     30771    2830    2830   29356
          19    8.1e-06     30771    2830    2830   29356
          20    5.1e-06     30771    2830    2830   29356
          21    3.2e-06     30771    2830    2830   29356
          22    2.1e-06     30771    2830    2830   29356
          23    1.3e-06     30771    2830    2830   29356
          24    8.4e-07     30771    2830    2830   29356
          25    5.4e-07     30771    2830    2830   29356
          26    3.5e-07     30771    2830    2830   29356
          27    2.3e-07     30771    2830    2830   29356
          28    1.5e-07     30771    2830    2830   29356
          29    9.6e-08     30771    2830    2830   29356
          30    6.3e-08     30771    2830    2830   29356
          31    4.1e-08     30771    2830    2830   29356
          32    2.7e-08     30771    2830    2830   29356
          33    1.8e-08     30771    2830    2830   29356
          34    1.2e-08     30771    2830    2830   29356
          35    7.6e-09     30771    2830    2830   29356
          36    5.0e-09     30771    2830    2830   29356
          37    3.3e-09     30771    2830    2830   29356
          38    2.2e-09     30771    2830    2830   29356
          39    1.4e-09     30771    2830    2830   29356
          40    9.4e-10     30771    2830    2830   29356
          41    6.2e-10     30771    2830    2830   29356
          42    4.1e-10     30771    2830    2830   29356
          43    2.7e-10     30771    2830    2830   29356
          44    1.8e-10     30771    2830    2830   29356
          45    1.2e-10     30771    2830    2830   29356
          46    7.8e-11     30771    2830    2830   29356
          47    5.2e-11     30771    2830    2830   29356
          48    3.4e-11     30771    2830    2830   29356
          49    2.3e-11     30771    2830    2830   29356
          50    1.5e-11     30771    2830    2830   29356
          51    1.0e-11     30771    2830    2830   29356
          52    6.6e-12     30771    2830    2830   29356
          53    4.4e-12     30771    2830    2830   29356
          54    2.9e-12     30771    2830    2830   29356
          55    1.9e-12     30771    2830    2830   29356
          56    1.3e-12     30771    2830    2830   29356
          57    8.6e-13     30771    2830    2830   29356
Total time used by isorank is 31.36
true_align (18772) and est_align (2839) DO NOT have the same number of elements.
method isorank has a score of 2.48%
method isorank used 31.356 seconds.
experiment results:
     method     score         time
0  netalign  8.438099   109.466047
1      klau  8.374174  2293.332859
2   isorank  2.477094    31.356297
