Permutation sanity check error is 15583.0.
Permutation sanity check error is 775965.0.
num_init for this graph is 14
Generating initial alignment matrix using degree ...
mode is  degree
number of noisy edges are:  14
Average number of initial alignments for each node is 28
maximum values in init align row is:  18771
maximum values in init align col is:  18766
Recovering sparse matrix L took 0.16 sec.
Time for degree: 0.69 sec
iteration 1
Time for iteration 1: 9.54 sec, diff = 0.12492
iteration 2
Time for iteration 2: 59.30 sec, diff = 0.01729
iteration 3
Time for iteration 3: 79.58 sec, diff = 0.00958
iteration 4
Time for iteration 4: 79.64 sec, diff = 0.00736
iteration 5
Time for iteration 5: 79.13 sec, diff = 0.00621
iteration 6
Time for iteration 6: 80.31 sec, diff = 0.00541
iteration 7
Time for iteration 7: 79.98 sec, diff = 0.00478
iteration 8
Time for iteration 8: 79.88 sec, diff = 0.00426
iteration 9
Time for iteration 9: 80.48 sec, diff = 0.00381
iteration 10
Time for iteration 10: 80.38 sec, diff = 0.00341
iteration 11
Time for iteration 11: 84.36 sec, diff = 0.00306
iteration 12
Time for iteration 12: 86.14 sec, diff = 0.00275
iteration 13
Time for iteration 13: 85.18 sec, diff = 0.00247
iteration 14
Time for iteration 14: 83.21 sec, diff = 0.00222
iteration 15
Time for iteration 15: 83.95 sec, diff = 0.00199
iteration 16
Time for iteration 16: 81.19 sec, diff = 0.00179
iteration 17
Time for iteration 17: 80.66 sec, diff = 0.00161
iteration 18
Time for iteration 18: 79.80 sec, diff = 0.00145
iteration 19
Time for iteration 19: 79.77 sec, diff = 0.00130
iteration 20
Time for iteration 20: 79.66 sec, diff = 0.00117
iteration 21
Time for iteration 21: 79.78 sec, diff = 0.00106
iteration 22
Time for iteration 22: 83.18 sec, diff = 0.00095
iteration 23
Time for iteration 23: 83.34 sec, diff = 0.00086
iteration 24
Time for iteration 24: 81.75 sec, diff = 0.00077
iteration 25
Time for iteration 25: 83.37 sec, diff = 0.00069
iteration 26
Time for iteration 26: 83.90 sec, diff = 0.00062
iteration 27
Time for iteration 27: 83.58 sec, diff = 0.00056
iteration 28
Time for iteration 28: 83.79 sec, diff = 0.00050
iteration 29
Time for iteration 29: 83.47 sec, diff = 0.00045
iteration 30
Time for iteration 30: 83.19 sec, diff = 0.00041
iteration 31
Time for iteration 31: 80.50 sec, diff = 0.00037
iteration 32
Time for iteration 32: 82.53 sec, diff = 0.00033
iteration 33
Time for iteration 33: 81.33 sec, diff = 0.00030
iteration 34
Time for iteration 34: 80.83 sec, diff = 0.00027
iteration 35
Time for iteration 35: 80.63 sec, diff = 0.00024
iteration 36
Time for iteration 36: 80.21 sec, diff = 0.00022
iteration 37
Time for iteration 37: 80.94 sec, diff = 0.00020
iteration 38
Time for iteration 38: 80.08 sec, diff = 0.00018
iteration 39
Time for iteration 39: 80.25 sec, diff = 0.00016
iteration 40
Time for iteration 40: 80.31 sec, diff = 0.00014
iteration 41
Time for iteration 41: 80.79 sec, diff = 0.00013
iteration 42
Time for iteration 42: 80.55 sec, diff = 0.00012
iteration 43
Time for iteration 43: 80.26 sec, diff = 0.00010
iteration 44
Time for iteration 44: 80.97 sec, diff = 0.00009
iteration 45
Time for iteration 45: 80.98 sec, diff = 0.00008
iteration 46
Time for iteration 46: 82.93 sec, diff = 0.00008
iteration 47
Time for iteration 47: 80.69 sec, diff = 0.00007
iteration 48
Time for iteration 48: 79.98 sec, diff = 0.00006
iteration 49
Time for iteration 49: 82.23 sec, diff = 0.00006
iteration 50
Time for iteration 50: 82.61 sec, diff = 0.00005
Total time used by final is 4046.91 sec.
true_align and est_align have the same number of elements.
method final has a score of 15.30%
method final used 4046.908 seconds.
maximum values in init align row is:  18771
maximum values in init align col is:  18766
best   iter    obj_ma wght_ma card_ma over_ma    obj_mb wght_mb card_mb over_mb
  *a      1     32930    2858    2858   30072     32930    2858    2858   30072
          2     15657    2157    2157   13500     17376    2269    2269   15107
          3     21604    2654    2654   18950     17602    1868    1868   15734
          4      8395    2238    2238    6157      7794    1792    1792    6002
          5     28486    2789    2789   25697     28008    2734    2734   25274
  *b      6     35911    2838    2838   33073     36041    2772    2772   33269
          7     35999    2750    2750   33249     35790    2655    2655   33135
          8     27250    2660    2660   24590     26613    2259    2259   24354
          9     30986    2640    2640   28346     27661    2118    2118   25543
         10     31036    2722    2722   28314     30536    2596    2596   27940
         11     34474    2793    2793   31681     34284    2674    2674   31610
  *a     12     37310    2815    2815   34495     37114    2686    2686   34428
         13     36962    2797    2797   34165     36263    2611    2611   33652
         14     36647    2777    2777   33870     35633    2565    2565   33068
         15     36868    2787    2787   34081     35590    2585    2585   33005
  *a     16     37447    2801    2801   34646     36332    2636    2636   33696
         17     37438    2812    2812   34626     37290    2737    2737   34553
  *a     18     37572    2813    2813   34759     37357    2727    2727   34630
         19     37480    2813    2813   34667     37120    2702    2702   34418
         20     37505    2806    2806   34699     36918    2680    2680   34238
         21     37517    2811    2811   34706     36995    2708    2708   34287
  *a     22     37581    2813    2813   34768     37272    2725    2725   34547
  *a     23     37592    2816    2816   34776     37475    2750    2750   34725
  *a     24     37597    2817    2817   34780     37431    2754    2754   34677
  *a     25     37637    2821    2821   34816     37564    2764    2764   34800
         26     37630    2822    2822   34808     37386    2748    2748   34638
  *a     27     37645    2820    2820   34825     37430    2756    2756   34674
         28     37643    2821    2821   34822     37528    2769    2769   34759
         29     37642    2818    2818   34824     37531    2773    2773   34758
  *a     30     37663    2824    2824   34839     37633    2789    2789   34844
         31     37661    2820    2820   34841     37609    2789    2789   34820
         32     37632    2807    2807   34825     37573    2775    2775   34798
         33     37647    2812    2812   34835     37557    2767    2767   34790
         34     37635    2814    2814   34821     37568    2772    2772   34796
         35     37625    2814    2814   34811     37575    2769    2769   34806
         36     37633    2811    2811   34822     37605    2783    2783   34822
  *a     37     37675    2822    2822   34853     37644    2796    2796   34848
  *a     38     37703    2824    2824   34879     37660    2796    2796   34864
         39     37687    2821    2821   34866     37677    2804    2804   34873
         40     37681    2823    2823   34858     37628    2798    2798   34830
         41     37679    2823    2823   34856     37659    2799    2799   34860
         42     37679    2823    2823   34856     37625    2798    2798   34827
         43     37661    2823    2823   34838     37632    2801    2801   34831
         44     37655    2823    2823   34832     37663    2804    2804   34859
         45     37666    2823    2823   34843     37624    2796    2796   34828
         46     37678    2823    2823   34855     37605    2795    2795   34810
         47     37681    2825    2825   34856     37576    2794    2794   34782
         48     37678    2825    2825   34853     37565    2796    2796   34769
         49     37683    2825    2825   34858     37618    2801    2801   34817
         50     37679    2824    2824   34855     37631    2802    2802   34829
         51     37677    2824    2824   34853     37602    2802    2802   34800
         52     37676    2824    2824   34852     37549    2798    2798   34751
         53     37677    2824    2824   34853     37588    2798    2798   34790
         54     37682    2824    2824   34858     37484    2785    2785   34699
         55     37681    2825    2825   34856     37502    2787    2787   34715
         56     37681    2825    2825   34856     37446    2791    2791   34655
         57     37679    2824    2824   34855     37488    2796    2796   34692
         58     37676    2824    2824   34852     37431    2794    2794   34637
         59     37680    2825    2825   34855     37300    2786    2786   34514
         60     37673    2824    2824   34849     37313    2787    2787   34526
         61     37670    2823    2823   34847     37355    2786    2786   34569
         62     37675    2823    2823   34852     37353    2783    2783   34570
         63     37684    2823    2823   34861     37364    2780    2780   34584
         64     37672    2821    2821   34851     37420    2782    2782   34638
         65     37664    2820    2820   34844     37537    2789    2789   34748
         66     37674    2822    2822   34852     37537    2791    2791   34746
         67     37669    2821    2821   34848     37440    2789    2789   34651
         68     37679    2817    2817   34862     37453    2791    2791   34662
         69     37681    2819    2819   34862     37467    2794    2794   34673
         70     37677    2819    2819   34858     37467    2795    2795   34672
         71     37684    2818    2818   34866     37371    2789    2789   34582
         72     37686    2818    2818   34868     37455    2793    2793   34662
         73     37664    2819    2819   34845     37529    2797    2797   34732
         74     37664    2819    2819   34845     37538    2803    2803   34735
         75     37661    2819    2819   34842     37569    2802    2802   34767
         76     37660    2819    2819   34841     37559    2799    2799   34760
         77     37657    2818    2818   34839     37501    2792    2792   34709
         78     37656    2818    2818   34838     37585    2791    2791   34794
         79     37656    2818    2818   34838     37552    2790    2790   34762
         80     37654    2818    2818   34836     37526    2790    2790   34736
         81     37654    2819    2819   34835     37484    2792    2792   34692
         82     37655    2819    2819   34836     37493    2800    2800   34693
         83     37656    2818    2818   34838     37581    2803    2803   34778
         84     37638    2823    2823   34815     37558    2807    2807   34751
         85     37639    2823    2823   34816     37564    2808    2808   34756
         86     37641    2823    2823   34818     37579    2804    2804   34775
         87     37636    2823    2823   34813     37502    2802    2802   34700
         88     37633    2823    2823   34810     37459    2802    2802   34657
         89     37635    2824    2824   34811     37489    2801    2801   34688
         90     37632    2823    2823   34809     37554    2805    2805   34749
         91     37633    2824    2824   34809     37616    2808    2808   34808
         92     37632    2823    2823   34809     37619    2808    2808   34811
         93     37671    2826    2826   34845     37614    2811    2811   34803
         94     37673    2826    2826   34847     37610    2809    2809   34801
         95     37675    2826    2826   34849     37613    2809    2809   34804
         96     37670    2826    2826   34844     37619    2811    2811   34808
         97     37654    2822    2822   34832     37582    2810    2810   34772
         98     37664    2825    2825   34839     37603    2809    2809   34794
         99     37660    2824    2824   34836     37632    2809    2809   34823
        100     37658    2823    2823   34835     37637    2811    2811   34826
Total time used by netalign is 54.34
true_align (18772) and est_align (2824) DO NOT have the same number of elements.
method netalign has a score of 8.52%
method netalign used 54.339 seconds.
maximum values in init align row is:  18771
maximum values in init align col is:  18766
 best   iter     norm-u     lower   upper     cur      obj  weight    card overlap
    *      1    0.0e+00     34950 42582.5 42582.5    34950    2858    2858   32092
           2    2.4e+04     34950 42582.5 46681.5    30801    2853    2853   27948
           3    3.3e+04     34950 42582.5 44523.2    29626    2854    2854   26772
           4    4.5e+04     34950 42582.5 45806.7    28980    2853    2853   26127
           5    5.1e+04     34950 42582.5 44427.4    27068    2852    2852   24216
           6    6.1e+04     34950 42582.5 45117.6    27488    2851    2851   24637
           7    6.7e+04     34950 42582.5 44557.9    26096    2854    2854   23242
           8    7.5e+04     34950 42582.5 44865.2    26268    2853    2853   23415
           9    8.1e+04     34950 42582.5 44368.2    25450    2852    2852   22598
          10    8.8e+04     34950 42582.5 44566.9    24806    2854    2854   21952
          11    9.4e+04     34950 42582.5 44349.8    24112    2855    2855   21257
          12    1.0e+05     34950 42582.5 44304.3    24945    2852    2852   22093
          13    1.1e+05     34950 42582.5 44044.1    24041    2855    2855   21186
          14    1.1e+05     34950 42582.5 44215.2    24098    2851    2851   21247
          15    1.2e+05     34950 42582.5   44092    23352    2855    2855   20497
          16    1.2e+05     34950 42582.5 44187.1    24755    2851    2851   21904
          17    1.3e+05     34950 42582.5 44013.6    23471    2854    2854   20617
          18    1.3e+05     34950 42582.5 43970.3    24480    2853    2853   21627
          19    1.4e+05     34950 42582.5 43843.5    23011    2852    2852   20159
          20    1.4e+05     34950 42582.5 44097.5    23898    2853    2853   21045
          21    1.5e+05     34950 42582.5 43711.3    22839    2853    2853   19986
          22    1.5e+05     34950 42582.5 43741.4    22972    2850    2850   20122
          23    1.6e+05     34950 42582.5 43778.5    23626    2848    2848   20778
          24    1.6e+05     34950 42582.5 43657.8    23060    2852    2852   20208
          25    1.7e+05     34950 42582.5 43805.3    23292    2850    2850   20442
          26    1.7e+05     34950 42582.5 43579.5    22877    2854    2854   20023
               reducing step to 0.2
          27    1.7e+05     34950 41939.3 41939.3    24633    2852    2852   21781
          28    1.7e+05     34950 41282.9 41282.9    23240    2850    2850   20390
          29    1.8e+05     34950 41266.6 41266.6    22802    2849    2849   19953
          30    1.8e+05     34950 40974.6 40974.6    24440    2849    2849   21591
          31    1.8e+05     34950 40890.7 40890.7    23971    2847    2847   21124
          32    1.8e+05     34950 40874.8 40874.8    23280    2850    2850   20430
          33    1.8e+05     34950 40837.3 40837.3    24245    2849    2849   21396
          34    1.9e+05     34950 40661.9 40661.9    24220    2847    2847   21373
          35    1.9e+05     34950   40659   40659    25064    2849    2849   22215
          36    1.9e+05     34950   40575   40575    23973    2846    2846   21127
          37    1.9e+05     34950   40575 40596.8    24964    2847    2847   22117
          38    1.9e+05     34950 40444.8 40444.8    26588    2846    2846   23742
          39    1.9e+05     34950   40424   40424    26038    2846    2846   23192
          40    1.9e+05     34950   40424   40441    26011    2848    2848   23163
          41    2.0e+05     34950 40372.3 40372.3    25456    2846    2846   22610
          42    2.0e+05     34950 40372.3   40379    25952    2846    2846   23106
          43    2.0e+05     34950 40235.8 40235.8    26818    2843    2843   23975
          44    2.0e+05     34950 40235.8 40244.4    26034    2847    2847   23187
          45    2.0e+05     34950 40235.8 40314.7    25386    2849    2849   22537
          46    2.0e+05     34950 40235.8 40266.5    26913    2846    2846   24067
          47    2.0e+05     34950 40197.8 40197.8    27317    2843    2843   24474
          48    2.0e+05     34950 40197.8 40208.7    27784    2843    2843   24941
          49    2.1e+05     34950 40101.6 40101.6    28573    2845    2845   25728
          50    2.1e+05     34950 40101.6 40229.9    27349    2844    2844   24505
          51    2.1e+05     34950 40101.6 40120.2    27226    2842    2842   24384
          52    2.1e+05     34950 40101.6   40113    28177    2843    2843   25334
          53    2.1e+05     34950 40101.6 40108.2    27345    2844    2844   24501
          54    2.1e+05     34950 40101.6 40128.8    27286    2846    2846   24440
          55    2.1e+05     34950 40061.7 40061.7    28143    2844    2844   25299
          56    2.1e+05     34950 39989.8 39989.8    27745    2841    2841   24904
          57    2.1e+05     34950 39989.8 40087.9    28056    2843    2843   25213
          58    2.2e+05     34950 39989.8 39994.9    29726    2843    2843   26883
          59    2.2e+05     34950 39929.3 39929.3    29701    2841    2841   26860
          60    2.2e+05     34950 39929.3 39936.2    28122    2843    2843   25279
          61    2.2e+05     34950 39929.3 40006.5    29640    2843    2843   26797
          62    2.2e+05     34950 39929.3   40002    27775    2843    2843   24932
          63    2.2e+05     34950 39929.3   39952    28041    2841    2841   25200
          64    2.2e+05     34950 39929.3 39959.4    28250    2842    2842   25408
          65    2.2e+05     34950 39846.4 39846.4    28480    2840    2840   25640
          66    2.2e+05     34950 39846.4 39929.2    29283    2843    2843   26440
          67    2.2e+05     34950 39846.4 39936.7    28860    2842    2842   26018
          68    2.3e+05     34950 39846.4 39912.7    28191    2842    2842   25349
          69    2.3e+05     34950 39833.1 39833.1    28590    2840    2840   25750
          70    2.3e+05     34950 39833.1 39847.9    30207    2841    2841   27366
          71    2.3e+05     34950 39813.5 39813.5    30552    2838    2838   27714
          72    2.3e+05     34950 39798.7 39798.7    30091    2842    2842   27249
          73    2.3e+05     34950 39798.7 39881.4    29018    2839    2839   26179
          74    2.3e+05     34950 39798.7 39818.8    29683    2844    2844   26839
          75    2.3e+05     34950 39781.8 39781.8    30048    2840    2840   27208
          76    2.3e+05     34950   39705   39705    29009    2841    2841   26168
          77    2.3e+05     34950   39705 39819.6    28620    2839    2839   25781
          78    2.3e+05     34950   39705 39724.1    29018    2843    2843   26175
          79    2.4e+05     34950   39705 39835.3    28742    2840    2840   25902
          80    2.4e+05     34950   39705 39739.9    29056    2841    2841   26215
          81    2.4e+05     34950   39705 39766.6    29528    2839    2839   26689
          82    2.4e+05     34950 39692.9 39692.9    29958    2840    2840   27118
          83    2.4e+05     34950 39692.9 39748.2    28992    2837    2837   26155
          84    2.4e+05     34950 39692.9 39697.1    29804    2842    2842   26962
          85    2.4e+05     34950 39692.9 39750.7    30971    2840    2840   28131
          86    2.4e+05     34950 39653.2 39653.2    30877    2839    2839   28038
          87    2.4e+05     34950 39653.2 39680.7    30736    2839    2839   27897
          88    2.4e+05     34950 39605.8 39605.8    30447    2839    2839   27608
          89    2.4e+05     34950 39605.8   39730    29752    2839    2839   26913
          90    2.4e+05     34950 39605.8 39685.8    28995    2841    2841   26154
          91    2.4e+05     34950 39605.8 39693.4    30107    2834    2834   27273
          92    2.5e+05     34950 39560.1 39560.1    31668    2839    2839   28829
          93    2.5e+05     34950 39560.1 39629.3    31859    2837    2837   29022
          94    2.5e+05     34950 39547.2 39547.2    31493    2842    2842   28651
          95    2.5e+05     34950 39547.2 39675.7    31211    2839    2839   28372
          96    2.5e+05     34950 39547.2 39565.2    31935    2838    2838   29097
          97    2.5e+05     34950 39547.2 39598.9    30864    2836    2836   28028
          98    2.5e+05     34950 39547.2 39560.6    30603    2837    2837   27766
          99    2.5e+05     34950 39547.2 39637.7    29614    2836    2836   26778
         100    2.5e+05     34950 39547.2 39580.1    28766    2844    2844   25922
         101    2.5e+05     34950 39547.2 39663.7    29790    2837    2837   26953
         102    2.5e+05     34950 39528.2 39528.2    29572    2841    2841   26731
         103    2.5e+05     34950 39528.2 39697.6    29565    2840    2840   26725
         104    2.5e+05     34950 39528.2 39551.1    30747    2840    2840   27907
         105    2.5e+05     34950 39528.2 39657.4    30888    2834    2834   28054
         106    2.6e+05     34950 39496.7 39496.7    30615    2841    2841   27774
         107    2.6e+05     34950 39496.7 39611.5    31344    2838    2838   28506
         108    2.6e+05     34950 39460.9 39460.9    31902    2838    2838   29064
         109    2.6e+05     34950 39460.9 39626.4    31908    2835    2835   29073
         110    2.6e+05     34950 39460.9 39462.2    31073    2840    2840   28233
         111    2.6e+05     34950 39460.9 39575.5    30828    2837    2837   27991
         112    2.6e+05     34950 39460.9 39534.5    31825    2841    2841   28984
         113    2.6e+05     34950 39460.9 39583.2    31223    2836    2836   28387
         114    2.6e+05     34950 39460.9 39562.2    30715    2840    2840   27875
         115    2.6e+05     34950 39460.9 39518.2    30337    2840    2840   27497
         116    2.6e+05     34950 39460.9 39532.9    29805    2839    2839   26966
         117    2.6e+05     34950 39460.9 39547.4    30606    2834    2834   27772
         118    2.6e+05     34950 39460.9 39469.4    32022    2837    2837   29185
         119    2.6e+05     34950 39453.2 39453.2    32325    2835    2835   29490
         120    2.6e+05     34950 39453.2 39543.6    32556    2841    2841   29715
         121    2.6e+05     34950 39453.2 39465.4    31879    2838    2838   29041
         122    2.6e+05     34950 39453.2 39487.8    32308    2838    2838   29470
         123    2.6e+05     34950 39431.4 39431.4    32035    2840    2840   29195
         124    2.7e+05     34950 39431.4 39636.1    30294    2837    2837   27457
         125    2.7e+05     34950 39394.6 39394.6    30485    2835    2835   27650
         126    2.7e+05     34950 39394.6 39512.7    31043    2842    2842   28201
         127    2.7e+05     34950 39394.6 39429.1    32673    2837    2837   29836
         128    2.7e+05     34950 39394.6 39500.9    32540    2838    2838   29702
         129    2.7e+05     34950 39394.6 39443.3    32547    2835    2835   29712
         130    2.7e+05     34950 39394.6 39494.5    31894    2840    2840   29054
         131    2.7e+05     34950 39364.8 39364.8    32025    2834    2834   29191
         132    2.7e+05     34950 39364.8 39507.9    32132    2840    2840   29292
         133    2.7e+05     34950 39364.8 39385.9    32500    2835    2835   29665
         134    2.7e+05     34950 39364.8 39462.8    32650    2841    2841   29809
         135    2.7e+05     34950 39364.8 39365.4    31176    2837    2837   28339
         136    2.7e+05     34950 39364.8 39453.7    30619    2839    2839   27780
         137    2.7e+05     34950 39364.8 39448.5    30433    2839    2839   27594
         138    2.7e+05     34950 39364.8 39523.4    29804    2836    2836   26968
         139    2.7e+05     34950 39364.8 39372.1    30304    2841    2841   27463
         140    2.7e+05     34950 39364.8 39451.2    31050    2839    2839   28211
         141    2.7e+05     34950 39355.3 39355.3    32089    2837    2837   29252
         142    2.7e+05     34950 39355.3 39372.2    32618    2838    2838   29780
         143    2.8e+05     34950 39355.3 39462.3    33463    2835    2835   30628
         144    2.8e+05     34950 39293.4 39293.4    33697    2834    2834   30863
         145    2.8e+05     34950 39293.4 39497.9    33834    2835    2835   30999
         146    2.8e+05     34950 39274.3 39274.3    33364    2836    2836   30528
         147    2.8e+05     34950 39274.3 39447.9    32313    2839    2839   29474
         148    2.8e+05     34950 39274.3 39345.8    31760    2837    2837   28923
         149    2.8e+05     34950 39274.3 39505.1    31210    2836    2836   28374
         150    2.8e+05     34950 39274.3 39404.5    30700    2836    2836   27864
         151    2.8e+05     34950 39274.3 39475.7    29995    2840    2840   27155
         152    2.8e+05     34950 39274.3 39330.6    29886    2839    2839   27047
         153    2.8e+05     34950 39274.3 39447.6    32077    2839    2839   29238
         154    2.8e+05     34950 39274.3 39323.2    33028    2835    2835   30193
         155    2.8e+05     34950 39274.3 39431.1    32721    2837    2837   29884
         156    2.8e+05     34950 39274.3 39323.1    33252    2835    2835   30417
         157    2.8e+05     34950 39274.3 39405.2    33251    2836    2836   30415
         158    2.8e+05     34950 39274.3 39323.1    33877    2834    2834   31043
         159    2.8e+05     34950 39274.3   39391    34897    2832    2832   32065
    *    160    2.8e+05     35239 39274.3   39367    35239    2834    2834   32405
         161    2.8e+05     35239 39274.3 39365.7    34855    2834    2834   32021
         162    2.8e+05     35239 39274.3 39333.3    35233    2835    2835   32398
         163    2.8e+05     35239 39274.3 39432.9    34609    2832    2832   31777
         164    2.8e+05     35239 39274.3 39294.1    33785    2836    2836   30949
         165    2.8e+05     35239 39274.3 39436.3    34072    2834    2834   31238
         166    2.8e+05     35239 39274.3 39288.2    32800    2838    2838   29962
         167    2.9e+05     35239 39274.3 39397.2    31972    2834    2834   29138
         168    2.9e+05     35239 39274.3 39392.5    31566    2838    2838   28728
         169    2.9e+05     35239 39274.3 39342.8    30377    2839    2839   27538
         170    2.9e+05     35239 39274.3 39379.6    31109    2839    2839   28270
         171    2.9e+05     35239 39274.3   39421    32467    2839    2839   29628
               reducing step to 0.1
         172    2.9e+05     35239 38813.4 38813.4    31615    2834    2834   28781
         173    2.9e+05     35239 38559.3 38559.3    32076    2835    2835   29241
         174    2.9e+05     35239 38548.8 38548.8    34513    2834    2834   31679
    *    175    2.9e+05     35547 38506.5 38506.5    35547    2835    2835   32712
    *    176    2.9e+05     36341 38486.4 38486.4    36341    2830    2830   33511
    *    177    2.9e+05     36375 38461.9 38461.9    36375    2832    2832   33543
    *    178    2.9e+05     36572 38459.8 38459.8    36572    2831    2831   33741
    *    179    2.9e+05     36860 38451.5 38451.5    36860    2831    2831   34029
         180    2.9e+05     36860 38451.5 38482.9    36635    2831    2831   33804
    *    181    2.9e+05     36898 38450.1 38450.1    36898    2831    2831   34067
         182    2.9e+05     36898 38450.1   38457    36605    2830    2830   33775
    *    183    2.9e+05     36934 38450.1 38466.7    36934    2831    2831   34103
         184    2.9e+05     36934 38443.3 38443.3    36895    2830    2830   34065
    *    185    2.9e+05     37112 38432.1 38432.1    37112    2830    2830   34282
    *    186    2.9e+05     37216 38432.1 38451.6    37216    2829    2829   34387
         187    2.9e+05     37216 38425.7 38425.7    37029    2830    2830   34199
         188    2.9e+05     37216 38425.7 38436.6    36699    2829    2829   33870
         189    2.9e+05     37216 38419.5 38419.5    37071    2831    2831   34240
    *    190    2.9e+05     37242 38419.5 38439.6    37242    2829    2829   34413
         191    2.9e+05     37242 38419.5 38421.3    37019    2831    2831   34188
    *    192    2.9e+05     37251 38419.5 38432.1    37251    2828    2828   34423
         193    2.9e+05     37251 38410.9 38410.9    37240    2830    2830   34410
    *    194    2.9e+05     37338 38410.9 38416.1    37338    2828    2828   34510
    *    195    2.9e+05     37464 38407.3 38407.3    37464    2829    2829   34635
         196    2.9e+05     37464 38407.3   38419    37329    2828    2828   34501
         197    2.9e+05     37464 38402.2 38402.2    37346    2828    2828   34518
         198    2.9e+05     37464 38402.2 38418.5    36962    2828    2828   34134
         199    2.9e+05     37464 38402.2 38419.8    37057    2830    2830   34227
         200    2.9e+05     37464 38402.2 38439.5    37183    2829    2829   34354
         201    2.9e+05     37464   38398   38398    36954    2829    2829   34125
         202    2.9e+05     37464   38398 38410.7    36625    2830    2830   33795
         203    2.9e+05     37464   38394   38394    37052    2829    2829   34223
         204    2.9e+05     37464   38394 38414.4    37304    2829    2829   34475
         205    2.9e+05     37464   38394 38423.9    37415    2830    2830   34585
         206    2.9e+05     37464   38394 38414.3    37351    2829    2829   34522
         207    2.9e+05     37464   38394 38394.6    36962    2829    2829   34133
         208    2.9e+05     37464   38394 38412.1    37234    2829    2829   34405
         209    2.9e+05     37464 38385.9 38385.9    37198    2830    2830   34368
         210    2.9e+05     37464 38385.9 38407.2    37376    2828    2828   34548
         211    2.9e+05     37464 38385.9 38400.4    37449    2829    2829   34620
         212    2.9e+05     37464 38385.9 38403.4    37399    2828    2828   34571
         213    2.9e+05     37464 38385.9 38388.6    37382    2830    2830   34552
         214    2.9e+05     37464 38385.9 38411.3    37442    2828    2828   34614
         215    2.9e+05     37464 38385.9 38387.7    37446    2829    2829   34617
         216    2.9e+05     37464 38385.9 38400.7    37425    2828    2828   34597
         217    2.9e+05     37464 38385.9 38391.3    37387    2829    2829   34558
         218    2.9e+05     37464 38385.9 38399.8    37391    2829    2829   34562
         219    2.9e+05     37464 38385.9 38389.4    37376    2830    2830   34546
    *    220    2.9e+05     37500 38385.9 38402.2    37500    2828    2828   34672
         221    2.9e+05     37500 38383.1 38383.1    37441    2828    2828   34613
         222    2.9e+05     37500 38383.1 38403.5    37352    2828    2828   34524
         223    2.9e+05     37500 38383.1 38384.1    37382    2829    2829   34553
         224    2.9e+05     37500 38383.1   38394    37488    2828    2828   34660
         225    2.9e+05     37500 38374.6 38374.6    37455    2829    2829   34626
         226    2.9e+05     37500 38374.6 38395.1    37414    2829    2829   34585
         227    2.9e+05     37500 38374.6 38377.4    37231    2829    2829   34402
         228    2.9e+05     37500 38374.6 38389.9    37261    2828    2828   34433
    *    229    2.9e+05     37505 38374.6 38375.3    37505    2829    2829   34676
         230    2.9e+05     37505 38374.6 38377.5    37407    2828    2828   34579
    *    231    2.9e+05     37526 38374.6 38392.6    37526    2829    2829   34697
         232    2.9e+05     37526 38374.6 38394.6    37492    2828    2828   34664
         233    2.9e+05     37526 38371.6 38371.6    37395    2831    2831   34564
         234    2.9e+05     37526 38371.6 38395.6    37397    2828    2828   34569
         235    2.9e+05     37526 38364.3 38364.3    37451    2829    2829   34622
    *    236    2.9e+05     37542 38364.3 38385.5    37542    2828    2828   34714
         237    2.9e+05     37542 38364.3 38366.9    37492    2830    2830   34662
         238    2.9e+05     37542 38364.3   38393    37443    2829    2829   34614
         239    2.9e+05     37542 38364.3 38372.6    37418    2829    2829   34589
         240    2.9e+05     37542 38364.3   38390    37468    2828    2828   34640
         241    2.9e+05     37542 38364.3 38371.2    37434    2829    2829   34605
         242    2.9e+05     37542 38364.3 38393.2    37310    2828    2828   34482
         243    2.9e+05     37542 38364.3 38370.7    36812    2831    2831   33981
         244    2.9e+05     37542 38364.3 38386.2    36880    2829    2829   34051
         245    2.9e+05     37542 38364.3 38379.2    36907    2831    2831   34076
         246    2.9e+05     37542 38364.3 38384.8    37282    2828    2828   34454
         247    2.9e+05     37542 38364.3 38369.5    37270    2830    2830   34440
         248    2.9e+05     37542 38364.3 38410.5    37457    2828    2828   34629
         249    2.9e+05     37542 38364.1 38364.1    37487    2828    2828   34659
         250    2.9e+05     37542 38364.1   38381    37131    2828    2828   34303
         251    2.9e+05     37542 38364.1 38392.8    37398    2829    2829   34569
         252    2.9e+05     37542 38364.1 38385.6    37526    2829    2829   34697
         253    2.9e+05     37542 38364.1 38370.3    37502    2829    2829   34673
         254    2.9e+05     37542 38364.1 38392.3    37538    2828    2828   34710
         255    2.9e+05     37542 38363.1 38363.1    37406    2829    2829   34577
    *    256    2.9e+05     37562 38363.1 38386.9    37562    2828    2828   34734
         257    2.9e+05     37562 38358.3 38358.3    37532    2829    2829   34703
         258    2.9e+05     37562 38358.3 38381.7    37480    2828    2828   34652
         259    2.9e+05     37562 38358.3 38363.7    37508    2829    2829   34679
         260    2.9e+05     37562 38358.3 38375.6    37488    2829    2829   34659
         261    2.9e+05     37562 38358.3 38360.2    37164    2829    2829   34335
         262    2.9e+05     37562 38358.3 38391.2    37477    2828    2828   34649
         263    2.9e+05     37562 38358.3 38363.4    37300    2830    2830   34470
         264    2.9e+05     37562 38358.3 38374.2    37149    2829    2829   34320
         265    2.9e+05     37562 38358.3 38366.5    37338    2830    2830   34508
         266    2.9e+05     37562 38358.3 38378.2    37237    2830    2830   34407
         267    2.9e+05     37562 38343.9 38343.9    37384    2829    2829   34555
         268    2.9e+05     37562 38343.9   38401    37525    2828    2828   34697
         269    2.9e+05     37562 38343.9   38349    37546    2829    2829   34717
         270    2.9e+05     37562 38343.9 38373.6    37484    2828    2828   34656
         271    2.9e+05     37562 38343.9 38361.9    37277    2829    2829   34448
         272    2.9e+05     37562 38343.9 38371.4    37326    2829    2829   34497
         273    2.9e+05     37562 38343.9 38355.6    37459    2829    2829   34630
         274    2.9e+05     37562 38343.9 38376.3    37439    2829    2829   34610
         275    2.9e+05     37562 38343.9 38375.2    37526    2829    2829   34697
         276    2.9e+05     37562 38343.9   38375    37254    2829    2829   34425
         277    2.9e+05     37562 38343.9 38361.3    37422    2829    2829   34593
         278    2.9e+05     37562 38343.9   38374    37416    2828    2828   34588
         279    2.9e+05     37562 38343.9 38352.7    37305    2830    2830   34475
         280    2.9e+05     37562 38343.9 38394.8    37351    2829    2829   34522
         281    2.9e+05     37562 38339.7 38339.7    37351    2829    2829   34522
         282    2.9e+05     37562 38339.7 38382.2    37389    2829    2829   34560
         283    2.9e+05     37562 38339.7 38352.1    37484    2829    2829   34655
         284    2.9e+05     37562 38339.7 38373.2    37370    2828    2828   34542
         285    2.9e+05     37562 38339.7 38360.8    37436    2830    2830   34606
         286    2.9e+05     37562 38339.7 38380.2    37415    2828    2828   34587
         287    2.9e+05     37562 38339.7 38352.5    37375    2829    2829   34546
         288    2.9e+05     37562 38339.7 38370.8    37514    2828    2828   34686
         289    2.9e+05     37562 38339.7 38349.5    37455    2829    2829   34626
         290    2.9e+05     37562 38339.7 38379.9    37513    2827    2827   34686
         291    2.9e+05     37562 38339.7 38358.7    37453    2829    2829   34624
         292    2.9e+05     37562 38339.7 38363.9    37461    2827    2827   34634
         293    2.9e+05     37562 38339.7 38362.8    37474    2829    2829   34645
         294    2.9e+05     37562 38339.7 38374.9    37512    2828    2828   34684
         295    2.9e+05     37562 38339.7 38345.3    37543    2830    2830   34713
    *    296    2.9e+05     37567 38339.7 38379.6    37567    2828    2828   34739
         297    2.9e+05     37567 38339.7 38342.4    37509    2829    2829   34680
         298    2.9e+05     37567 38339.7 38366.8    37549    2828    2828   34721
         299    2.9e+05     37567 38339.7 38340.6    37498    2829    2829   34669
    *    300    2.9e+05     37574 38339.7 38371.3    37574    2828    2828   34746
         301    2.9e+05     37574 38339.2 38339.2    37555    2829    2829   34726
         302    2.9e+05     37574 38339.2   38369    37562    2828    2828   34734
    *    303    2.9e+05     37595 38339.2 38339.4    37595    2829    2829   34766
         304    2.9e+05     37595 38339.2 38367.2    37125    2828    2828   34297
         305    2.9e+05     37595 38339.2 38339.2    37294    2829    2829   34465
         306    2.9e+05     37595 38339.2 38370.9    37354    2829    2829   34525
         307    2.9e+05     37595 38339.2   38346    37280    2829    2829   34451
         308    2.9e+05     37595 38339.2 38367.7    36928    2828    2828   34100
         309    2.9e+05     37595 38339.2 38350.2    36595    2830    2830   33765
         310    2.9e+05     37595 38339.2 38387.6    36592    2829    2829   33763
         311    2.9e+05     37595 38339.2 38345.1    36218    2830    2830   33388
         312    2.9e+05     37595 38339.2 38387.5    36867    2831    2831   34036
         313    2.9e+05     37595 38339.2 38346.4    37052    2831    2831   34221
         314    2.9e+05     37595 38339.2 38370.9    37008    2830    2830   34178
         315    2.9e+05     37595 38339.2 38354.4    37251    2830    2830   34421
         316    2.9e+05     37595 38339.2 38369.6    37438    2829    2829   34609
         317    2.9e+05     37595 38339.2 38344.5    37401    2830    2830   34571
         318    2.9e+05     37595 38339.2 38368.1    37480    2828    2828   34652
         319    2.9e+05     37595 38337.7 38337.7    37261    2828    2828   34433
         320    2.9e+05     37595 38337.7   38372    37415    2828    2828   34587
         321    2.9e+05     37595 38337.7   38351    37204    2829    2829   34375
         322    2.9e+05     37595 38337.7 38373.2    37487    2829    2829   34658
         323    2.9e+05     37595 38337.7   38347    37409    2829    2829   34580
         324    2.9e+05     37595 38337.7   38375    37544    2828    2828   34716
         325    2.9e+05     37595 38337.7   38338    37444    2829    2829   34615
         326    2.9e+05     37595 38337.7 38367.8    37524    2828    2828   34696
         327    2.9e+05     37595 38337.7 38338.9    37521    2829    2829   34692
         328    2.9e+05     37595 38337.7 38366.9    37402    2828    2828   34574
         329    2.9e+05     37595 38337.7 38356.9    37350    2830    2830   34520
         330    2.9e+05     37595 38337.7 38366.7    37327    2828    2828   34499
         331    2.9e+05     37595 38333.4 38333.4    37557    2829    2829   34728
         332    2.9e+05     37595 38333.4 38373.4    37582    2828    2828   34754
         333    2.9e+05     37595 38333.4 38339.1    37564    2829    2829   34735
         334    2.9e+05     37595 38333.4 38358.5    37586    2828    2828   34758
         335    2.9e+05     37595 38333.4   38342    37514    2829    2829   34685
         336    2.9e+05     37595 38333.4 38356.5    37577    2828    2828   34749
         337    2.9e+05     37595 38333.4 38342.1    37539    2829    2829   34710
         338    3.0e+05     37595 38333.4 38359.3    37527    2828    2828   34699
         339    3.0e+05     37595 38330.6 38330.6    37531    2829    2829   34702
         340    3.0e+05     37595 38330.6 38361.2    37423    2829    2829   34594
         341    3.0e+05     37595 38330.6 38339.1    37516    2829    2829   34687
         342    3.0e+05     37595 38330.6 38368.7    37519    2828    2828   34691
         343    3.0e+05     37595 38330.6 38339.7    37499    2830    2830   34669
         344    3.0e+05     37595 38330.6 38357.9    37581    2828    2828   34753
         345    3.0e+05     37595 38330.6 38340.3    37425    2829    2829   34596
         346    3.0e+05     37595 38330.6 38343.2    37515    2828    2828   34687
         347    3.0e+05     37595 38330.6 38336.4    37533    2829    2829   34704
         348    3.0e+05     37595 38330.6 38351.8    37584    2828    2828   34756
         349    3.0e+05     37595 38330.6 38343.1    37571    2829    2829   34742
         350    3.0e+05     37595 38330.6   38348    37553    2829    2829   34724
         351    3.0e+05     37595 38330.6 38345.5    37569    2829    2829   34740
         352    3.0e+05     37595 38330.6 38369.8    37560    2828    2828   34732
         353    3.0e+05     37595 38330.6 38336.7    37429    2830    2830   34599
         354    3.0e+05     37595 38330.6   38359    37504    2828    2828   34676
         355    3.0e+05     37595 38330.6 38336.9    37332    2830    2830   34502
         356    3.0e+05     37595 38330.6   38359    37468    2830    2830   34638
         357    3.0e+05     37595 38330.6   38336    37559    2828    2828   34731
         358    3.0e+05     37595 38330.6 38360.3    37542    2828    2828   34714
         359    3.0e+05     37595 38330.6 38335.9    37523    2829    2829   34694
         360    3.0e+05     37595 38330.6 38355.1    37213    2828    2828   34385
         361    3.0e+05     37595 38327.8 38327.8    37385    2830    2830   34555
         362    3.0e+05     37595 38327.8 38365.9    37483    2828    2828   34655
         363    3.0e+05     37595 38327.8 38332.2    37575    2828    2828   34747
         364    3.0e+05     37595 38327.8 38361.9    37336    2828    2828   34508
         365    3.0e+05     37595 38327.8   38330    37355    2829    2829   34526
         366    3.0e+05     37595 38327.8 38349.4    37315    2828    2828   34487
         367    3.0e+05     37595 38327.8 38343.2    37387    2829    2829   34558
         368    3.0e+05     37595 38327.8 38352.2    37038    2829    2829   34209
         369    3.0e+05     37595 38327.8 38337.7    36822    2830    2830   33992
         370    3.0e+05     37595 38327.8 38366.8    37027    2829    2829   34198
         371    3.0e+05     37595 38327.8 38341.8    36800    2831    2831   33969
         372    3.0e+05     37595 38327.8 38359.3    36931    2833    2833   34098
         373    3.0e+05     37595 38327.8 38347.8    36759    2831    2831   33928
         374    3.0e+05     37595 38327.8 38349.5    36949    2828    2828   34121
         375    3.0e+05     37595 38327.8 38346.5    36806    2831    2831   33975
         376    3.0e+05     37595 38327.8 38349.2    36498    2830    2830   33668
         377    3.0e+05     37595 38327.8 38343.3    36603    2831    2831   33772
         378    3.0e+05     37595 38327.8 38358.8    36870    2828    2828   34042
         379    3.0e+05     37595 38327.8 38341.7    37116    2831    2831   34285
         380    3.0e+05     37595 38327.8 38369.1    37372    2828    2828   34544
         381    3.0e+05     37595 38327.8 38341.5    37255    2829    2829   34426
         382    3.0e+05     37595 38327.8 38356.6    36988    2828    2828   34160
         383    3.0e+05     37595 38327.8 38337.1    37148    2830    2830   34318
         384    3.0e+05     37595 38327.8 38406.8    37496    2829    2829   34667
         385    3.0e+05     37595 38327.8 38336.1    37478    2828    2828   34650
         386    3.0e+05     37595 38327.8 38365.2    37535    2828    2828   34707
               reducing step to 0.05
         387    3.0e+05     37595 38162.6 38162.6    36487    2830    2830   33657
         388    3.0e+05     37595 38094.1 38094.1    35167    2830    2830   32337
         389    3.0e+05     37595 38094.1 38112.2    36866    2829    2829   34037
         390    3.0e+05     37595 38094.1 38096.1    37237    2831    2831   34406
         391    3.0e+05     37595 38086.4 38086.4    37491    2828    2828   34663
         392    3.0e+05     37595 38076.5 38076.5    37286    2829    2829   34457
         393    3.0e+05     37595 38076.5 38088.9    37328    2828    2828   34500
         394    3.0e+05     37595 38074.4 38074.4    37500    2830    2830   34670
         395    3.0e+05     37595 38074.4 38079.8    37588    2828    2828   34760
    *    396    3.0e+05     37606 38074.3 38074.3    37606    2829    2829   34777
         397    3.0e+05     37606 38074.3 38080.8    37569    2828    2828   34741
         398    3.0e+05     37606 38072.8 38072.8    37514    2830    2830   34684
    *    399    3.0e+05     37649 38072.8 38076.4    37649    2828    2828   34821
         400    3.0e+05     37649 38071.2 38071.2    37635    2829    2829   34806
         401    3.0e+05     37649 38071.2 38077.1    37646    2828    2828   34818
         402    3.0e+05     37649 38069.4 38069.4    37642    2829    2829   34813
         403    3.0e+05     37649 38069.4   38082    37612    2828    2828   34784
         404    3.0e+05     37649 38066.2 38066.2    37626    2829    2829   34797
    *    405    3.0e+05     37660 38066.2 38077.9    37660    2828    2828   34832
         406    3.0e+05     37660 38066.2 38066.2    37627    2829    2829   34798
         407    3.0e+05     37660 38066.2 38075.8    37648    2828    2828   34820
         408    3.0e+05     37660 38066.2 38066.6    37651    2829    2829   34822
         409    3.0e+05     37660 38066.2 38071.8    37611    2828    2828   34783
         410    3.0e+05     37660 38064.8 38064.8    37643    2829    2829   34814
    *    411    3.0e+05     37686 38064.8 38073.8    37686    2828    2828   34858
         412    3.0e+05     37686 38063.9 38063.9    37610    2829    2829   34781
         413    3.0e+05     37686 38063.9 38075.3    37623    2828    2828   34795
         414    3.0e+05     37686 38063.9 38063.9    37642    2829    2829   34813
         415    3.0e+05     37686 38063.9 38073.3    37658    2828    2828   34830
         416    3.0e+05     37686 38061.9 38061.9    37622    2829    2829   34793
         417    3.0e+05     37686 38061.9 38072.2    37669    2828    2828   34841
         418    3.0e+05     37686 38061.9 38063.6    37660    2829    2829   34831
         419    3.0e+05     37686 38061.9 38072.3    37648    2828    2828   34820
         420    3.0e+05     37686 38061.3 38061.3    37636    2829    2829   34807
         421    3.0e+05     37686 38061.3 38072.9    37678    2828    2828   34850
         422    3.0e+05     37686 38060.9 38060.9    37637    2829    2829   34808
         423    3.0e+05     37686 38060.9 38072.2    37680    2828    2828   34852
         424    3.0e+05     37686 38059.9 38059.9    37630    2829    2829   34801
         425    3.0e+05     37686 38059.9 38071.4    37682    2828    2828   34854
         426    3.0e+05     37686 38059.9 38061.5    37671    2829    2829   34842
         427    3.0e+05     37686 38059.9 38070.6    37669    2828    2828   34841
         428    3.0e+05     37686 38059.9 38060.9    37659    2829    2829   34830
         429    3.0e+05     37686 38059.9 38071.2    37679    2828    2828   34851
         430    3.0e+05     37686 38059.2 38059.2    37650    2829    2829   34821
         431    3.0e+05     37686 38059.2   38073    37671    2828    2828   34843
         432    3.0e+05     37686 38057.9 38057.9    37658    2829    2829   34829
    *    433    3.0e+05     37688 38057.9 38069.9    37688    2828    2828   34860
         434    3.0e+05     37688 38057.9 38058.6    37672    2829    2829   34843
         435    3.0e+05     37688 38057.9 38066.2    37617    2828    2828   34789
         436    3.0e+05     37688 38057.9 38060.2    37678    2829    2829   34849
         437    3.0e+05     37688 38057.9 38070.3    37678    2828    2828   34850
         438    3.0e+05     37688 38057.9 38059.5    37667    2829    2829   34838
         439    3.0e+05     37688 38057.9 38071.3    37686    2828    2828   34858
         440    3.0e+05     37688 38057.9 38058.8    37659    2829    2829   34830
         441    3.0e+05     37688 38057.9 38069.8    37680    2828    2828   34852
         442    3.0e+05     37688 38057.9 38058.7    37659    2829    2829   34830
         443    3.0e+05     37688 38057.9   38069    37679    2828    2828   34851
         444    3.0e+05     37688 38057.9 38059.1    37663    2829    2829   34834
         445    3.0e+05     37688 38057.9 38069.7    37669    2828    2828   34841
         446    3.0e+05     37688 38057.9 38058.2    37653    2829    2829   34824
         447    3.0e+05     37688 38057.9 38068.9    37680    2828    2828   34852
         448    3.0e+05     37688 38057.9 38058.1    37657    2829    2829   34828
         449    3.0e+05     37688 38057.9 38069.1    37685    2828    2828   34857
         450    3.0e+05     37688 38057.9 38058.7    37653    2829    2829   34824
         451    3.0e+05     37688 38057.9 38068.1    37662    2828    2828   34834
         452    3.0e+05     37688 38057.9 38059.2    37646    2829    2829   34817
         453    3.0e+05     37688 38057.9 38068.8    37670    2828    2828   34842
         454    3.0e+05     37688 38057.9 38059.5    37654    2829    2829   34825
         455    3.0e+05     37688 38057.9 38069.6    37679    2828    2828   34851
         456    3.0e+05     37688   38057   38057    37638    2829    2829   34809
         457    3.0e+05     37688   38057 38069.3    37674    2828    2828   34846
         458    3.0e+05     37688   38056   38056    37653    2829    2829   34824
         459    3.0e+05     37688   38056 38068.3    37675    2828    2828   34847
         460    3.0e+05     37688   38056 38056.2    37648    2829    2829   34819
         461    3.0e+05     37688   38056 38069.7    37657    2828    2828   34829
         462    3.0e+05     37688   38056 38056.8    37658    2829    2829   34829
         463    3.0e+05     37688   38056 38067.9    37683    2828    2828   34855
         464    3.0e+05     37688   38056   38058    37661    2829    2829   34832
         465    3.0e+05     37688   38056 38067.9    37676    2828    2828   34848
         466    3.0e+05     37688   38056 38056.3    37623    2829    2829   34794
         467    3.0e+05     37688   38056 38068.6    37679    2828    2828   34851
         468    3.0e+05     37688 38055.3 38055.3    37601    2829    2829   34772
         469    3.0e+05     37688 38055.3 38067.5    37683    2828    2828   34855
         470    3.0e+05     37688 38055.3 38056.1    37655    2829    2829   34826
         471    3.0e+05     37688 38055.3 38067.5    37666    2828    2828   34838
         472    3.0e+05     37688 38055.3 38055.5    37669    2829    2829   34840
         473    3.0e+05     37688 38055.3 38070.3    37687    2828    2828   34859
         474    3.0e+05     37688 38055.3 38055.9    37643    2829    2829   34814
         475    3.0e+05     37688 38055.3 38067.9    37676    2828    2828   34848
         476    3.0e+05     37688 38055.3 38055.4    37627    2829    2829   34798
         477    3.0e+05     37688 38055.3 38067.2    37671    2828    2828   34843
         478    3.0e+05     37688 38055.3 38055.4    37638    2829    2829   34809
         479    3.0e+05     37688 38055.3 38067.7    37674    2828    2828   34846
         480    3.0e+05     37688 38054.4 38054.4    37656    2829    2829   34827
    *    481    3.0e+05     37689 38054.4 38067.5    37689    2828    2828   34861
         482    3.0e+05     37689 38054.4 38054.6    37663    2829    2829   34834
         483    3.0e+05     37689 38054.4   38066    37684    2828    2828   34856
         484    3.0e+05     37689 38054.4 38055.4    37667    2829    2829   34838
         485    3.0e+05     37689 38054.4 38065.4    37689    2828    2828   34861
         486    3.0e+05     37689 38054.4 38056.5    37628    2829    2829   34799
    *    487    3.0e+05     37696 38054.4 38064.8    37696    2828    2828   34868
         488    3.0e+05     37696 38054.4 38055.3    37658    2829    2829   34829
         489    3.0e+05     37696 38054.4 38065.5    37685    2828    2828   34857
         490    3.0e+05     37696 38054.4   38057    37659    2829    2829   34830
         491    3.0e+05     37696 38054.4 38068.7    37687    2828    2828   34859
         492    3.0e+05     37696 38053.9 38053.9    37632    2829    2829   34803
    *    493    3.0e+05     37700 38053.9 38065.5    37700    2828    2828   34872
         494    3.0e+05     37700 38053.9   38055    37648    2829    2829   34819
         495    3.0e+05     37700 38053.9 38065.9    37681    2828    2828   34853
         496    3.0e+05     37700 38053.9 38054.7    37662    2829    2829   34833
         497    3.0e+05     37700 38053.9 38064.2    37689    2828    2828   34861
         498    3.0e+05     37700 38053.9   38057    37666    2829    2829   34837
         499    3.0e+05     37700 38053.9 38064.9    37684    2828    2828   34856
         500    3.0e+05     37700 38053.9 38053.9    37675    2829    2829   34846
         501    3.0e+05     37700 38053.9 38066.3    37676    2828    2828   34848
         502    3.0e+05     37700 38053.9 38055.8    37671    2829    2829   34842
         503    3.0e+05     37700 38053.9 38064.9    37677    2828    2828   34849
         504    3.0e+05     37700 38053.4 38053.4    37687    2829    2829   34858
         505    3.0e+05     37700 38053.4 38064.6    37679    2828    2828   34851
         506    3.0e+05     37700 38053.4 38055.4    37670    2829    2829   34841
         507    3.0e+05     37700 38053.4 38064.1    37678    2828    2828   34850
         508    3.0e+05     37700 38053.4 38054.7    37657    2829    2829   34828
         509    3.0e+05     37700 38053.4 38065.8    37694    2828    2828   34866
         510    3.0e+05     37700 38053.4 38054.5    37678    2829    2829   34849
         511    3.0e+05     37700 38053.4 38065.1    37674    2828    2828   34846
         512    3.0e+05     37700 38052.6 38052.6    37673    2829    2829   34844
         513    3.0e+05     37700 38052.6 38063.6    37579    2828    2828   34751
         514    3.0e+05     37700 38052.6 38053.9    37653    2829    2829   34824
         515    3.0e+05     37700 38052.6 38065.8    37677    2828    2828   34849
         516    3.0e+05     37700 38052.6 38053.9    37670    2829    2829   34841
         517    3.0e+05     37700 38052.6 38064.2    37675    2828    2828   34847
         518    3.0e+05     37700 38052.6 38054.8    37654    2829    2829   34825
         519    3.0e+05     37700 38052.6 38064.1    37674    2828    2828   34846
         520    3.0e+05     37700 38052.6   38053    37644    2829    2829   34815
         521    3.0e+05     37700 38052.6 38066.2    37678    2828    2828   34850
         522    3.0e+05     37700 38052.6 38054.3    37667    2829    2829   34838
         523    3.0e+05     37700 38052.6   38064    37679    2828    2828   34851
         524    3.0e+05     37700 38052.6 38054.1    37666    2829    2829   34837
         525    3.0e+05     37700 38052.6 38064.5    37683    2828    2828   34855
         526    3.0e+05     37700 38052.6 38053.4    37677    2829    2829   34848
         527    3.0e+05     37700 38052.6 38065.1    37686    2828    2828   34858
         528    3.0e+05     37700 38052.6   38053    37668    2829    2829   34839
         529    3.0e+05     37700 38052.6 38065.2    37669    2828    2828   34841
         530    3.0e+05     37700 38052.6 38053.5    37674    2829    2829   34845
         531    3.0e+05     37700 38052.6 38065.5    37687    2828    2828   34859
         532    3.0e+05     37700 38052.6 38053.6    37673    2829    2829   34844
         533    3.0e+05     37700 38052.6 38065.4    37683    2828    2828   34855
         534    3.0e+05     37700 38052.6 38054.3    37683    2829    2829   34854
         535    3.0e+05     37700 38052.6   38065    37645    2828    2828   34817
         536    3.0e+05     37700 38052.6 38053.5    37653    2829    2829   34824
         537    3.0e+05     37700 38052.6   38064    37696    2828    2828   34868
               reducing step to 0.025
         538    3.0e+05     37700 37988.9 37988.9    37356    2829    2829   34527
         539    3.0e+05     37700 37965.9 37965.9    37268    2828    2828   34440
         540    3.0e+05     37700 37965.9 37977.6    37650    2828    2828   34822
         541    3.0e+05     37700 37952.3 37952.3    37597    2828    2828   34769
         542    3.0e+05     37700 37952.3 37967.2    37571    2829    2829   34742
         543    3.0e+05     37700 37950.2 37950.2    37628    2828    2828   34800
         544    3.0e+05     37700 37950.2   37962    37659    2828    2828   34831
         545    3.0e+05     37700 37946.7 37946.7    37381    2828    2828   34553
         546    3.0e+05     37700 37946.7 37959.5    37603    2828    2828   34775
         547    3.0e+05     37700 37946.7 37947.3    37682    2828    2828   34854
         548    3.0e+05     37700 37946.7 37957.1    37680    2828    2828   34852
         549    3.0e+05     37700 37945.2 37945.2    37695    2828    2828   34867
         550    3.0e+05     37700 37945.2 37956.3    37642    2828    2828   34814
    *    551    3.0e+05     37710 37944.6 37944.6    37710    2828    2828   34882
         552    3.0e+05     37710 37944.6 37955.9    37685    2828    2828   34857
         553    3.0e+05     37710 37942.6 37942.6    37668    2828    2828   34840
         554    3.0e+05     37710 37942.6 37955.9    37661    2828    2828   34833
    *    555    3.0e+05     37713 37941.7 37941.7    37713    2828    2828   34885
         556    3.0e+05     37713 37941.7   37955    37684    2828    2828   34856
         557    3.0e+05     37713 37941.7 37941.8    37697    2828    2828   34869
         558    3.0e+05     37713 37941.7 37954.6    37699    2828    2828   34871
         559    3.0e+05     37713 37941.4 37941.4    37705    2828    2828   34877
         560    3.0e+05     37713 37941.4 37953.8    37674    2828    2828   34846
         561    3.0e+05     37713 37940.8 37940.8    37700    2828    2828   34872
         562    3.0e+05     37713 37940.8 37954.1    37703    2828    2828   34875
         563    3.0e+05     37713 37940.8 37940.9    37690    2828    2828   34862
         564    3.0e+05     37713 37940.8 37953.2    37694    2828    2828   34866
         565    3.0e+05     37713 37940.8 37942.2    37698    2828    2828   34870
         566    3.0e+05     37713 37940.8 37951.7    37678    2828    2828   34850
         567    3.0e+05     37713 37940.8 37941.4    37703    2828    2828   34875
         568    3.0e+05     37713 37940.8 37952.5    37690    2828    2828   34862
    *    569    3.0e+05     37716 37939.8 37939.8    37716    2828    2828   34888
         570    3.0e+05     37716 37939.8 37952.8    37697    2828    2828   34869
         571    3.0e+05     37716 37939.8 37940.1    37708    2828    2828   34880
         572    3.0e+05     37716 37939.8 37952.4    37699    2828    2828   34871
    *    573    3.0e+05     37718 37939.4 37939.4    37718    2828    2828   34890
         574    3.0e+05     37718 37939.4 37951.3    37696    2828    2828   34868
         575    3.0e+05     37718 37939.3 37939.3    37696    2828    2828   34868
         576    3.0e+05     37718 37939.3 37952.4    37700    2828    2828   34872
         577    3.0e+05     37718 37939.2 37939.2    37708    2828    2828   34880
         578    3.0e+05     37718 37939.2 37950.9    37707    2828    2828   34879
         579    3.0e+05     37718 37938.6 37938.6    37702    2828    2828   34874
         580    3.0e+05     37718 37938.6 37951.4    37706    2828    2828   34878
         581    3.0e+05     37718 37938.6 37938.9    37680    2828    2828   34852
         582    3.0e+05     37718 37938.6 37951.2    37700    2828    2828   34872
         583    3.0e+05     37718 37938.6 37939.6    37712    2828    2828   34884
         584    3.0e+05     37718 37938.6 37951.1    37689    2828    2828   34861
         585    3.0e+05     37718 37938.6 37939.1    37710    2828    2828   34882
         586    3.0e+05     37718 37938.6 37950.4    37682    2828    2828   34854
         587    3.0e+05     37718 37938.6 37939.9    37711    2828    2828   34883
         588    3.0e+05     37718 37938.6 37950.5    37698    2828    2828   34870
         589    3.0e+05     37718 37938.6 37939.5    37705    2828    2828   34877
         590    3.0e+05     37718 37938.6 37950.4    37705    2828    2828   34877
         591    3.0e+05     37718 37938.6 37938.9    37692    2828    2828   34864
         592    3.0e+05     37718 37938.6 37951.1    37695    2828    2828   34867
         593    3.0e+05     37718 37938.5 37938.5    37707    2828    2828   34879
         594    3.0e+05     37718 37938.5 37950.7    37703    2828    2828   34875
         595    3.0e+05     37718 37938.4 37938.4    37707    2828    2828   34879
         596    3.0e+05     37718 37938.4   37951    37707    2828    2828   34879
         597    3.0e+05     37718 37938.3 37938.3    37716    2828    2828   34888
         598    3.0e+05     37718 37938.3 37949.6    37704    2828    2828   34876
         599    3.0e+05     37718 37938.3 37939.3    37709    2828    2828   34881
         600    3.0e+05     37718 37938.3 37951.6    37667    2828    2828   34839
         601    3.0e+05     37718 37937.8 37937.8    37709    2828    2828   34881
         602    3.0e+05     37718 37937.8 37950.2    37701    2828    2828   34873
         603    3.0e+05     37718 37937.8 37938.7    37701    2828    2828   34873
         604    3.0e+05     37718 37937.8 37950.4    37692    2828    2828   34864
         605    3.0e+05     37718 37937.8 37938.6    37717    2828    2828   34889
         606    3.0e+05     37718 37937.8   37950    37691    2828    2828   34863
         607    3.0e+05     37718 37937.8 37938.2    37677    2828    2828   34849
         608    3.0e+05     37718 37937.8 37950.3    37711    2828    2828   34883
         609    3.0e+05     37718 37937.8 37938.8    37695    2828    2828   34867
         610    3.0e+05     37718 37937.8 37949.7    37704    2828    2828   34876
         611    3.0e+05     37718 37937.8 37938.7    37713    2828    2828   34885
         612    3.0e+05     37718 37937.8 37948.9    37707    2828    2828   34879
         613    3.0e+05     37718 37937.8 37938.4    37698    2828    2828   34870
         614    3.0e+05     37718 37937.8 37949.2    37704    2828    2828   34876
         615    3.0e+05     37718 37937.8 37937.9    37717    2828    2828   34889
         616    3.0e+05     37718 37937.8   37949    37708    2828    2828   34880
         617    3.0e+05     37718 37937.3 37937.3    37702    2828    2828   34874
         618    3.0e+05     37718 37937.3 37948.6    37712    2828    2828   34884
         619    3.0e+05     37718 37937.3 37937.5    37705    2828    2828   34877
         620    3.0e+05     37718 37937.3 37949.6    37700    2828    2828   34872
         621    3.0e+05     37718 37937.3 37937.7    37714    2828    2828   34886
         622    3.0e+05     37718 37937.3 37949.7    37693    2828    2828   34865
         623    3.0e+05     37718 37937.3 37937.8    37711    2828    2828   34883
         624    3.0e+05     37718 37937.3 37949.3    37698    2828    2828   34870
         625    3.0e+05     37718 37936.8 37936.8    37695    2828    2828   34867
         626    3.0e+05     37718 37936.8   37949    37713    2828    2828   34885
         627    3.0e+05     37718 37936.8 37937.1    37696    2828    2828   34868
         628    3.0e+05     37718 37936.8 37949.3    37714    2828    2828   34886
         629    3.0e+05     37718 37936.8   37937    37709    2828    2828   34881
         630    3.0e+05     37718 37936.8 37950.8    37698    2828    2828   34870
         631    3.0e+05     37718 37936.8 37937.9    37718    2828    2828   34890
         632    3.0e+05     37718 37936.8   37950    37695    2828    2828   34867
         633    3.0e+05     37718 37936.8 37937.8    37709    2828    2828   34881
         634    3.0e+05     37718 37936.8 37948.7    37705    2828    2828   34877
         635    3.0e+05     37718 37936.8 37936.8    37697    2828    2828   34869
         636    3.0e+05     37718 37936.8 37949.3    37708    2828    2828   34880
         637    3.0e+05     37718 37936.8   37938    37697    2828    2828   34869
         638    3.0e+05     37718 37936.8 37947.7    37694    2828    2828   34866
         639    3.0e+05     37718 37936.8 37938.7    37710    2828    2828   34882
         640    3.0e+05     37718 37936.8 37948.2    37707    2828    2828   34879
         641    3.0e+05     37718 37936.8 37938.4    37703    2828    2828   34875
         642    3.0e+05     37718 37936.8 37947.9    37705    2828    2828   34877
         643    3.0e+05     37718 37936.8 37938.2    37713    2828    2828   34885
         644    3.0e+05     37718 37936.8 37947.2    37709    2828    2828   34881
         645    3.0e+05     37718 37936.8   37938    37712    2828    2828   34884
         646    3.0e+05     37718 37936.8   37948    37716    2828    2828   34888
         647    3.0e+05     37718 37936.8 37937.1    37717    2828    2828   34889
         648    3.0e+05     37718 37936.8 37948.3    37707    2828    2828   34879
         649    3.0e+05     37718 37936.8   37937    37700    2828    2828   34872
         650    3.0e+05     37718 37936.8 37947.2    37715    2828    2828   34887
         651    3.0e+05     37718 37936.8 37937.7    37705    2828    2828   34877
         652    3.0e+05     37718 37936.8 37948.3    37706    2828    2828   34878
         653    3.0e+05     37718 37936.8 37937.4    37694    2828    2828   34866
         654    3.0e+05     37718 37936.8 37948.6    37706    2828    2828   34878
         655    3.0e+05     37718 37936.8 37937.1    37699    2828    2828   34871
         656    3.0e+05     37718 37936.8 37949.1    37716    2828    2828   34888
         657    3.0e+05     37718 37936.8 37937.2    37704    2828    2828   34876
         658    3.0e+05     37718 37936.8 37947.2    37701    2828    2828   34873
         659    3.0e+05     37718 37936.8 37937.2    37697    2828    2828   34869
         660    3.0e+05     37718 37936.8 37947.6    37688    2828    2828   34860
               reducing step to 0.0125
         661    3.0e+05     37718 37914.3 37914.3    37386    2828    2828   34558
         662    3.0e+05     37718 37906.1 37906.1    37649    2828    2828   34821
         663    3.0e+05     37718 37906.1 37908.9    37661    2828    2828   34833
         664    3.0e+05     37718 37901.5 37901.5    37683    2828    2828   34855
         665    3.0e+05     37718 37901.5 37904.4    37659    2828    2828   34831
         666    3.0e+05     37718 37898.7 37898.7    37674    2828    2828   34846
         667    3.0e+05     37718 37898.7 37902.9    37625    2828    2828   34797
         668    3.0e+05     37718 37898.4 37898.4    37491    2829    2829   34662
         669    3.0e+05     37718 37898.4 37901.5    37686    2828    2828   34858
         670    3.0e+05     37718 37897.5 37897.5    37699    2828    2828   34871
         671    3.0e+05     37718 37897.5 37902.2    37703    2828    2828   34875
         672    3.0e+05     37718 37896.7 37896.7    37707    2828    2828   34879
         673    3.0e+05     37718 37896.7 37900.7    37690    2828    2828   34862
         674    3.0e+05     37718 37896.2 37896.2    37713    2828    2828   34885
         675    3.0e+05     37718 37896.2 37899.6    37699    2828    2828   34871
         676    3.0e+05     37718 37895.5 37895.5    37702    2828    2828   34874
         677    3.0e+05     37718 37895.5 37899.3    37695    2828    2828   34867
         678    3.0e+05     37718 37895.5 37895.6    37716    2828    2828   34888
         679    3.0e+05     37718 37895.5 37898.3    37701    2828    2828   34873
         680    3.0e+05     37718 37894.9 37894.9    37705    2828    2828   34877
         681    3.0e+05     37718 37894.9 37898.2    37711    2828    2828   34883
         682    3.0e+05     37718   37894   37894    37702    2828    2828   34874
         683    3.0e+05     37718   37894 37898.2    37689    2828    2828   34861
         684    3.0e+05     37718 37893.9 37893.9    37710    2828    2828   34882
         685    3.0e+05     37718 37893.9 37898.6    37702    2828    2828   34874
         686    3.0e+05     37718 37893.9 37894.8    37712    2828    2828   34884
         687    3.0e+05     37718 37893.9 37897.5    37700    2828    2828   34872
         688    3.0e+05     37718 37893.9 37894.4    37708    2828    2828   34880
         689    3.0e+05     37718 37893.9 37897.7    37697    2828    2828   34869
         690    3.0e+05     37718 37893.2 37893.2    37706    2828    2828   34878
         691    3.0e+05     37718 37893.2   37898    37692    2828    2828   34864
         692    3.0e+05     37718 37893.2 37893.4    37710    2828    2828   34882
         693    3.0e+05     37718 37893.2 37897.2    37702    2828    2828   34874
         694    3.0e+05     37718 37892.9 37892.9    37714    2828    2828   34886
         695    3.0e+05     37718 37892.9 37896.6    37695    2828    2828   34867
    *    696    3.0e+05     37721 37892.9 37893.8    37721    2828    2828   34893
         697    3.0e+05     37721 37892.9 37896.8    37703    2828    2828   34875
         698    3.0e+05     37721 37892.9 37893.6    37698    2828    2828   34870
         699    3.0e+05     37721 37892.9   37897    37705    2828    2828   34877
         700    3.0e+05     37721 37892.9   37894    37700    2828    2828   34872
         701    3.0e+05     37721 37892.9 37896.6    37684    2828    2828   34856
         702    3.0e+05     37721 37892.6 37892.6    37707    2828    2828   34879
         703    3.0e+05     37721 37892.6 37896.9    37713    2828    2828   34885
         704    3.0e+05     37721 37892.2 37892.2    37721    2828    2828   34893
         705    3.0e+05     37721 37892.2 37896.9    37712    2828    2828   34884
         706    3.0e+05     37721 37891.9 37891.9    37707    2828    2828   34879
         707    3.0e+05     37721 37891.9   37897    37701    2828    2828   34873
         708    3.0e+05     37721 37891.9 37891.9    37717    2828    2828   34889
         709    3.0e+05     37721 37891.9 37896.4    37698    2828    2828   34870
         710    3.0e+05     37721 37891.9 37892.2    37714    2828    2828   34886
         711    3.0e+05     37721 37891.9 37895.9    37716    2828    2828   34888
         712    3.0e+05     37721 37891.9 37892.2    37704    2828    2828   34876
         713    3.0e+05     37721 37891.9 37895.9    37699    2828    2828   34871
         714    3.0e+05     37721 37891.6 37891.6    37715    2828    2828   34887
         715    3.0e+05     37721 37891.6 37895.8    37704    2828    2828   34876
         716    3.0e+05     37721 37891.6 37892.1    37707    2828    2828   34879
         717    3.0e+05     37721 37891.6 37895.6    37708    2828    2828   34880
         718    3.0e+05     37721 37891.6   37892    37716    2828    2828   34888
         719    3.0e+05     37721 37891.6 37895.8    37704    2828    2828   34876
         720    3.0e+05     37721 37891.6 37891.6    37721    2828    2828   34893
         721    3.0e+05     37721 37891.6 37896.3    37646    2827    2827   34819
         722    3.0e+05     37721 37891.6 37891.7    37704    2828    2828   34876
         723    3.0e+05     37721 37891.6 37895.4    37701    2828    2828   34873
         724    3.0e+05     37721 37891.6 37892.3    37712    2828    2828   34884
         725    3.0e+05     37721 37891.6 37895.3    37709    2828    2828   34881
    *    726    3.0e+05     37724 37891.6 37891.7    37724    2828    2828   34896
         727    3.0e+05     37724 37891.6 37895.3    37711    2828    2828   34883
         728    3.0e+05     37724 37891.6 37891.6    37721    2828    2828   34893
         729    3.0e+05     37724 37891.6 37895.7    37711    2828    2828   34883
         730    3.0e+05     37724 37891.3 37891.3    37715    2828    2828   34887
         731    3.0e+05     37724 37891.3 37895.5    37703    2828    2828   34875
         732    3.0e+05     37724 37890.7 37890.7    37708    2828    2828   34880
         733    3.0e+05     37724 37890.7 37896.1    37714    2828    2828   34886
         734    3.0e+05     37724 37890.7 37890.9    37711    2828    2828   34883
         735    3.0e+05     37724 37890.7 37895.3    37722    2828    2828   34894
         736    3.0e+05     37724 37890.7 37890.8    37720    2828    2828   34892
         737    3.0e+05     37724 37890.7 37895.8    37705    2828    2828   34877
         738    3.0e+05     37724 37890.7 37891.1    37709    2828    2828   34881
         739    3.0e+05     37724 37890.7 37895.9    37703    2828    2828   34875
         740    3.0e+05     37724 37890.7 37890.9    37704    2828    2828   34876
         741    3.0e+05     37724 37890.7 37895.1    37723    2828    2828   34895
         742    3.0e+05     37724 37890.7 37890.7    37718    2828    2828   34890
         743    3.0e+05     37724 37890.7   37896    37709    2828    2828   34881
         744    3.0e+05     37724 37890.4 37890.4    37724    2828    2828   34896
         745    3.0e+05     37724 37890.4 37896.1    37701    2828    2828   34873
         746    3.0e+05     37724 37890.4 37890.7    37722    2828    2828   34894
         747    3.0e+05     37724 37890.4 37894.9    37711    2828    2828   34883
         748    3.0e+05     37724 37890.4 37890.9    37715    2828    2828   34887
         749    3.0e+05     37724 37890.4 37895.1    37717    2828    2828   34889
         750    3.0e+05     37724 37890.4 37890.8    37722    2828    2828   34894
         751    3.0e+05     37724 37890.4 37894.9    37713    2828    2828   34885
         752    3.0e+05     37724 37890.4 37890.6    37710    2828    2828   34882
         753    3.0e+05     37724 37890.4 37894.7    37713    2828    2828   34885
         754    3.0e+05     37724 37890.4 37891.2    37718    2828    2828   34890
         755    3.0e+05     37724 37890.4 37894.6    37715    2828    2828   34887
         756    3.0e+05     37724 37890.4 37891.2    37721    2828    2828   34893
         757    3.0e+05     37724 37890.4 37894.5    37702    2828    2828   34874
         758    3.0e+05     37724 37890.4 37891.1    37696    2828    2828   34868
         759    3.0e+05     37724 37890.4 37894.8    37707    2828    2828   34879
         760    3.0e+05     37724 37890.4 37890.9    37710    2828    2828   34882
         761    3.0e+05     37724 37890.4 37894.9    37697    2828    2828   34869
         762    3.0e+05     37724 37890.4   37891    37715    2828    2828   34887
         763    3.0e+05     37724 37890.4 37894.6    37708    2828    2828   34880
         764    3.0e+05     37724 37890.4   37891    37713    2828    2828   34885
         765    3.0e+05     37724 37890.4 37894.7    37720    2828    2828   34892
         766    3.0e+05     37724 37890.4 37890.7    37703    2828    2828   34875
         767    3.0e+05     37724 37890.4   37895    37705    2828    2828   34877
         768    3.0e+05     37724 37890.4 37890.6    37715    2828    2828   34887
         769    3.0e+05     37724 37890.4 37894.8    37708    2828    2828   34880
               reducing step to 0.00625
         770    3.0e+05     37724 37880.1 37880.1    37502    2828    2828   34674
         771    3.0e+05     37724 37875.9 37875.9    37698    2828    2828   34870
         772    3.0e+05     37724 37875.9 37878.6    37679    2828    2828   34851
         773    3.0e+05     37724 37873.2 37873.2    37696    2828    2828   34868
         774    3.0e+05     37724 37873.2 37877.2    37710    2828    2828   34882
         775    3.0e+05     37724 37872.2 37872.2    37685    2828    2828   34857
    *    776    3.0e+05     37729 37872.2   37877    37729    2828    2828   34901
         777    3.0e+05     37729 37871.4 37871.4    37693    2828    2828   34865
         778    3.0e+05     37729 37871.4   37875    37721    2828    2828   34893
         779    3.0e+05     37729 37870.5 37870.5    37726    2828    2828   34898
         780    3.0e+05     37729 37870.5 37875.3    37728    2828    2828   34900
         781    3.0e+05     37729 37870.2 37870.2    37696    2828    2828   34868
         782    3.0e+05     37729 37870.2   37874    37701    2828    2828   34873
         783    3.0e+05     37729 37869.9 37869.9    37702    2828    2828   34874
         784    3.0e+05     37729 37869.9 37874.3    37721    2828    2828   34893
         785    3.0e+05     37729 37869.4 37869.4    37687    2828    2828   34859
         786    3.0e+05     37729 37869.4 37874.2    37721    2828    2828   34893
         787    3.0e+05     37729 37868.9 37868.9    37691    2828    2828   34863
         788    3.0e+05     37729 37868.9 37873.8    37718    2828    2828   34890
         789    3.0e+05     37729 37868.9 37869.6    37719    2828    2828   34891
         790    3.0e+05     37729 37868.9   37873    37717    2828    2828   34889
         791    3.0e+05     37729 37868.9 37869.2    37709    2828    2828   34881
         792    3.0e+05     37729 37868.9 37873.2    37721    2828    2828   34893
         793    3.0e+05     37729 37868.9 37869.5    37714    2828    2828   34886
         794    3.0e+05     37729 37868.9 37872.8    37722    2828    2828   34894
         795    3.0e+05     37729 37868.9 37869.3    37717    2828    2828   34889
         796    3.0e+05     37729 37868.9 37872.5    37721    2828    2828   34893
         797    3.0e+05     37729 37868.5 37868.5    37717    2828    2828   34889
         798    3.0e+05     37729 37868.5 37872.5    37720    2828    2828   34892
         799    3.0e+05     37729 37868.5 37868.8    37704    2828    2828   34876
         800    3.0e+05     37729 37868.5 37871.9    37722    2828    2828   34894
         801    3.0e+05     37729 37868.5 37869.2    37708    2828    2828   34880
         802    3.0e+05     37729 37868.5 37872.2    37715    2828    2828   34887
         803    3.0e+05     37729 37868.5 37868.9    37722    2828    2828   34894
         804    3.0e+05     37729 37868.5 37871.8    37724    2828    2828   34896
         805    3.0e+05     37729 37868.5   37869    37721    2828    2828   34893
         806    3.0e+05     37729 37868.5 37872.1    37720    2828    2828   34892
         807    3.0e+05     37729 37868.5 37868.5    37725    2828    2828   34897
         808    3.0e+05     37729 37868.5 37871.8    37705    2828    2828   34877
         809    3.0e+05     37729 37868.5 37868.7    37680    2828    2828   34852
         810    3.0e+05     37729 37868.5 37871.4    37723    2828    2828   34895
         811    3.0e+05     37729 37868.5 37868.8    37716    2828    2828   34888
         812    3.0e+05     37729 37868.5 37871.7    37727    2828    2828   34899
         813    3.0e+05     37729 37868.5 37868.5    37714    2828    2828   34886
    *    814    3.0e+05     37735 37868.5 37871.3    37735    2828    2828   34907
         815    3.0e+05     37735 37868.5 37868.7    37722    2828    2828   34894
         816    3.0e+05     37735 37868.5 37871.4    37727    2828    2828   34899
         817    3.0e+05     37735 37868.4 37868.4    37725    2828    2828   34897
         818    3.0e+05     37735 37868.4 37871.2    37726    2828    2828   34898
         819    3.0e+05     37735 37868.4 37868.4    37721    2828    2828   34893
         820    3.0e+05     37735 37868.4 37871.4    37727    2828    2828   34899
         821    3.0e+05     37735 37868.2 37868.2    37720    2828    2828   34892
         822    3.0e+05     37735 37868.2 37871.3    37720    2828    2828   34892
         823    3.0e+05     37735 37868.2 37868.3    37722    2828    2828   34894
         824    3.0e+05     37735 37868.2   37871    37734    2828    2828   34906
         825    3.0e+05     37735 37868.2 37868.2    37723    2828    2828   34895
         826    3.0e+05     37735 37868.2 37870.9    37711    2828    2828   34883
         827    3.0e+05     37735 37868.2 37868.3    37714    2828    2828   34886
         828    3.0e+05     37735 37868.2 37871.1    37735    2828    2828   34907
         829    3.0e+05     37735 37868.2 37868.2    37719    2828    2828   34891
         830    3.0e+05     37735 37868.2 37870.9    37724    2828    2828   34896
         831    3.0e+05     37735   37868   37868    37720    2828    2828   34892
         832    3.0e+05     37735   37868 37870.8    37718    2828    2828   34890
         833    3.0e+05     37735   37868 37868.2    37702    2828    2828   34874
         834    3.0e+05     37735   37868 37871.1    37718    2828    2828   34890
         835    3.0e+05     37735 37867.7 37867.7    37716    2828    2828   34888
         836    3.0e+05     37735 37867.7 37870.8    37722    2828    2828   34894
         837    3.0e+05     37735 37867.7   37868    37719    2828    2828   34891
    *    838    3.0e+05     37737 37867.7 37870.7    37737    2828    2828   34909
         839    3.0e+05     37737 37867.7 37867.8    37727    2828    2828   34899
         840    3.0e+05     37737 37867.7 37870.6    37735    2828    2828   34907
         841    3.0e+05     37737 37867.7 37868.1    37723    2828    2828   34895
         842    3.0e+05     37737 37867.7 37870.6    37727    2828    2828   34899
         843    3.0e+05     37737 37867.7 37868.1    37709    2828    2828   34881
         844    3.0e+05     37737 37867.7 37870.7    37718    2828    2828   34890
         845    3.0e+05     37737 37867.7 37868.1    37711    2828    2828   34883
         846    3.0e+05     37737 37867.7 37870.5    37718    2828    2828   34890
         847    3.0e+05     37737 37867.6 37867.6    37724    2828    2828   34896
         848    3.0e+05     37737 37867.6 37870.6    37722    2828    2828   34894
         849    3.0e+05     37737 37867.6 37867.8    37699    2828    2828   34871
         850    3.0e+05     37737 37867.6 37870.9    37728    2828    2828   34900
         851    3.0e+05     37737 37867.6 37867.7    37716    2828    2828   34888
         852    3.0e+05     37737 37867.6 37870.5    37735    2828    2828   34907
         853    3.0e+05     37737 37867.6 37867.6    37710    2828    2828   34882
         854    3.0e+05     37737 37867.6 37870.8    37735    2828    2828   34907
         855    3.0e+05     37737 37867.4 37867.4    37710    2828    2828   34882
         856    3.0e+05     37737 37867.4 37870.7    37727    2828    2828   34899
         857    3.0e+05     37737 37867.4 37867.5    37717    2828    2828   34889
         858    3.0e+05     37737 37867.4 37870.6    37713    2828    2828   34885
         859    3.0e+05     37737 37867.4 37867.4    37715    2828    2828   34887
         860    3.0e+05     37737 37867.4 37870.5    37729    2828    2828   34901
         861    3.0e+05     37737 37867.4 37867.9    37710    2828    2828   34882
         862    3.0e+05     37737 37867.4 37870.3    37722    2828    2828   34894
         863    3.0e+05     37737 37867.4 37867.4    37720    2828    2828   34892
         864    3.0e+05     37737 37867.4 37870.7    37724    2828    2828   34896
         865    3.0e+05     37737 37867.4 37867.4    37717    2828    2828   34889
         866    3.0e+05     37737 37867.4 37870.6    37726    2828    2828   34898
         867    3.0e+05     37737 37867.4 37867.7    37711    2828    2828   34883
         868    3.0e+05     37737 37867.4 37870.3    37722    2828    2828   34894
         869    3.0e+05     37737 37867.4 37867.4    37719    2828    2828   34891
         870    3.0e+05     37737 37867.4 37870.6    37727    2828    2828   34899
         871    3.0e+05     37737 37867.4 37867.4    37720    2828    2828   34892
         872    3.0e+05     37737 37867.4 37870.2    37719    2828    2828   34891
         873    3.0e+05     37737 37867.4 37867.5    37719    2828    2828   34891
         874    3.0e+05     37737 37867.4 37870.5    37698    2828    2828   34870
         875    3.0e+05     37737 37867.4 37867.4    37723    2828    2828   34895
         876    3.0e+05     37737 37867.4 37870.5    37723    2828    2828   34895
         877    3.0e+05     37737 37867.3 37867.3    37722    2828    2828   34894
         878    3.0e+05     37737 37867.3 37870.7    37718    2828    2828   34890
         879    3.0e+05     37737 37867.1 37867.1    37705    2828    2828   34877
         880    3.0e+05     37737 37867.1 37870.4    37719    2828    2828   34891
         881    3.0e+05     37737 37867.1 37867.3    37706    2828    2828   34878
         882    3.0e+05     37737 37867.1 37870.2    37732    2828    2828   34904
         883    3.0e+05     37737 37867.1 37867.5    37707    2828    2828   34879
         884    3.0e+05     37737 37867.1 37870.2    37730    2828    2828   34902
         885    3.0e+05     37737 37867.1 37867.1    37715    2828    2828   34887
         886    3.0e+05     37737 37867.1 37870.4    37725    2828    2828   34897
         887    3.0e+05     37737 37867.1 37867.1    37722    2828    2828   34894
         888    3.0e+05     37737 37867.1 37870.2    37729    2828    2828   34901
         889    3.0e+05     37737 37867.1 37867.1    37721    2828    2828   34893
         890    3.0e+05     37737 37867.1 37870.2    37713    2828    2828   34885
         891    3.0e+05     37737 37867.1 37867.2    37711    2828    2828   34883
         892    3.0e+05     37737 37867.1 37870.7    37721    2828    2828   34893
         893    3.0e+05     37737 37867.1 37867.2    37707    2828    2828   34879
         894    3.0e+05     37737 37867.1 37870.4    37725    2828    2828   34897
         895    3.0e+05     37737 37867.1 37867.1    37707    2828    2828   34879
         896    3.0e+05     37737 37867.1 37870.2    37721    2828    2828   34893
         897    3.0e+05     37737 37867.1 37867.2    37712    2828    2828   34884
         898    3.0e+05     37737 37867.1 37870.3    37732    2828    2828   34904
         899    3.0e+05     37737 37867.1 37867.3    37707    2828    2828   34879
         900    3.0e+05     37737 37867.1 37870.1    37725    2828    2828   34897
         901    3.0e+05     37737 37867.1 37867.3    37718    2828    2828   34890
    *    902    3.0e+05     37740 37867.1 37870.3    37740    2828    2828   34912
         903    3.0e+05     37740 37867.1 37867.2    37719    2828    2828   34891
         904    3.0e+05     37740 37867.1 37870.1    37723    2828    2828   34895
         905    3.0e+05     37740 37867.1 37867.1    37717    2828    2828   34889
         906    3.0e+05     37740 37867.1   37870    37735    2828    2828   34907
         907    3.0e+05     37740 37867.1 37867.3    37714    2828    2828   34886
         908    3.0e+05     37740 37867.1   37870    37730    2828    2828   34902
         909    3.0e+05     37740   37867   37867    37713    2828    2828   34885
         910    3.0e+05     37740   37867   37870    37730    2828    2828   34902
         911    3.0e+05     37740   37867 37867.1    37709    2828    2828   34881
         912    3.0e+05     37740   37867 37869.8    37727    2828    2828   34899
         913    3.0e+05     37740   37867 37867.2    37709    2828    2828   34881
         914    3.0e+05     37740   37867 37870.2    37726    2828    2828   34898
         915    3.0e+05     37740   37867 37867.2    37718    2828    2828   34890
         916    3.0e+05     37740   37867 37870.4    37722    2828    2828   34894
         917    3.0e+05     37740   37867   37867    37718    2828    2828   34890
         918    3.0e+05     37740   37867 37870.2    37727    2828    2828   34899
         919    3.0e+05     37740   37867 37867.1    37716    2828    2828   34888
         920    3.0e+05     37740   37867 37870.2    37733    2828    2828   34905
         921    3.0e+05     37740 37866.8 37866.8    37695    2828    2828   34867
         922    3.0e+05     37740 37866.8 37869.8    37717    2828    2828   34889
         923    3.0e+05     37740 37866.8 37867.4    37711    2828    2828   34883
         924    3.0e+05     37740 37866.8   37870    37724    2828    2828   34896
         925    3.0e+05     37740 37866.6 37866.6    37710    2828    2828   34882
         926    3.0e+05     37740 37866.6 37870.2    37721    2828    2828   34893
         927    3.0e+05     37740 37866.6 37866.9    37719    2828    2828   34891
         928    3.0e+05     37740 37866.6 37869.9    37720    2828    2828   34892
         929    3.0e+05     37740 37866.6 37866.9    37699    2828    2828   34871
         930    3.0e+05     37740 37866.6 37870.1    37724    2828    2828   34896
         931    3.0e+05     37740 37866.6 37866.8    37721    2828    2828   34893
         932    3.0e+05     37740 37866.6 37869.8    37723    2828    2828   34895
         933    3.0e+05     37740 37866.6 37866.8    37716    2828    2828   34888
         934    3.0e+05     37740 37866.6 37870.1    37728    2828    2828   34900
         935    3.0e+05     37740 37866.6   37867    37716    2828    2828   34888
         936    3.0e+05     37740 37866.6 37869.7    37718    2828    2828   34890
         937    3.0e+05     37740 37866.6   37867    37718    2828    2828   34890
         938    3.0e+05     37740 37866.6   37870    37725    2828    2828   34897
         939    3.0e+05     37740 37866.6   37867    37717    2828    2828   34889
         940    3.0e+05     37740 37866.6 37869.7    37725    2828    2828   34897
         941    3.0e+05     37740 37866.6 37866.9    37716    2828    2828   34888
         942    3.0e+05     37740 37866.6 37869.9    37721    2828    2828   34893
         943    3.0e+05     37740 37866.6   37867    37710    2828    2828   34882
         944    3.0e+05     37740 37866.6 37869.9    37721    2828    2828   34893
         945    3.0e+05     37740 37866.6   37867    37713    2828    2828   34885
         946    3.0e+05     37740 37866.6 37869.8    37719    2828    2828   34891
         947    3.0e+05     37740 37866.6 37866.7    37717    2828    2828   34889
         948    3.0e+05     37740 37866.6 37869.7    37718    2828    2828   34890
         949    3.0e+05     37740 37866.6 37867.1    37716    2828    2828   34888
         950    3.0e+05     37740 37866.6 37869.9    37722    2828    2828   34894
               reducing step to 0.003125
         951    3.0e+05     37740 37862.1 37862.1    37673    2828    2828   34845
         952    3.0e+05     37740 37859.9 37859.9    37688    2828    2828   34860
         953    3.0e+05     37740 37859.9 37861.8    37715    2828    2828   34887
         954    3.0e+05     37740 37858.6 37858.6    37711    2828    2828   34883
         955    3.0e+05     37740 37858.6 37860.9    37708    2828    2828   34880
         956    3.0e+05     37740 37858.6 37858.6    37714    2828    2828   34886
         957    3.0e+05     37740 37858.6 37860.4    37708    2828    2828   34880
         958    3.0e+05     37740 37857.9 37857.9    37710    2828    2828   34882
         959    3.0e+05     37740 37857.9 37859.9    37725    2828    2828   34897
         960    3.0e+05     37740 37857.5 37857.5    37702    2828    2828   34874
         961    3.0e+05     37740 37857.5 37860.2    37714    2828    2828   34886
         962    3.0e+05     37740 37857.5 37857.6    37723    2828    2828   34895
         963    3.0e+05     37740 37857.5 37859.7    37699    2828    2828   34871
         964    3.0e+05     37740 37857.1 37857.1    37717    2828    2828   34889
         965    3.0e+05     37740 37857.1 37859.5    37650    2828    2828   34822
         966    3.0e+05     37740 37856.9 37856.9    37707    2828    2828   34879
         967    3.0e+05     37740 37856.9 37859.2    37690    2828    2828   34862
         968    3.0e+05     37740 37856.9   37857    37710    2828    2828   34882
         969    3.0e+05     37740 37856.9   37859    37710    2828    2828   34882
         970    3.0e+05     37740 37856.5 37856.5    37708    2828    2828   34880
         971    3.0e+05     37740 37856.5 37858.7    37719    2828    2828   34891
         972    3.0e+05     37740 37856.3 37856.3    37715    2828    2828   34887
         973    3.0e+05     37740 37856.3 37858.8    37719    2828    2828   34891
         974    3.0e+05     37740 37856.3 37856.4    37690    2828    2828   34862
         975    3.0e+05     37740 37856.3 37858.7    37714    2828    2828   34886
         976    3.0e+05     37740 37856.3 37856.6    37727    2828    2828   34899
         977    3.0e+05     37740 37856.3 37858.8    37717    2828    2828   34889
         978    3.0e+05     37740 37856.1 37856.1    37726    2828    2828   34898
         979    3.0e+05     37740 37856.1 37858.7    37716    2828    2828   34888
         980    3.0e+05     37740 37856.1 37856.2    37725    2828    2828   34897
         981    3.0e+05     37740 37856.1 37858.8    37715    2828    2828   34887
         982    3.0e+05     37740   37856   37856    37721    2828    2828   34893
         983    3.0e+05     37740   37856 37858.6    37721    2828    2828   34893
         984    3.0e+05     37740   37856 37856.2    37726    2828    2828   34898
         985    3.0e+05     37740   37856 37858.3    37714    2828    2828   34886
         986    3.0e+05     37740   37856 37856.1    37714    2828    2828   34886
         987    3.0e+05     37740   37856 37858.1    37719    2828    2828   34891
         988    3.0e+05     37740 37855.9 37855.9    37708    2828    2828   34880
         989    3.0e+05     37740 37855.9 37858.1    37726    2828    2828   34898
         990    3.0e+05     37740 37855.9 37855.9    37719    2828    2828   34891
         991    3.0e+05     37740 37855.9 37858.2    37724    2828    2828   34896
         992    3.0e+05     37740 37855.9 37855.9    37706    2828    2828   34878
         993    3.0e+05     37740 37855.9   37858    37724    2828    2828   34896
         994    3.0e+05     37740 37855.7 37855.7    37724    2828    2828   34896
         995    3.0e+05     37740 37855.7 37858.2    37720    2828    2828   34892
         996    3.0e+05     37740 37855.7 37855.8    37726    2828    2828   34898
         997    3.0e+05     37740 37855.7 37858.3    37724    2828    2828   34896
         998    3.0e+05     37740 37855.7 37855.7    37724    2828    2828   34896
         999    3.0e+05     37740 37855.7 37857.9    37704    2828    2828   34876
        1000    3.0e+05     37740 37855.7 37855.8    37725    2828    2828   34897
Total time used by klau is 1094.48
true_align (18772) and est_align (2828) DO NOT have the same number of elements.
method klau has a score of 8.44%
method klau used 1094.476 seconds.
maximum values in init align row is:  18771
maximum values in init align col is:  18766
 best   iter   pr-delta       obj  weight    card overlap
    *      1    3.6e-01   30784.5    2855    2855   29357
    *      2    1.5e-01     30999    2854    2854   29572
           3    7.1e-02     30955    2854    2854   29528
           4    3.4e-02     30898    2854    2854   29471
           5    1.7e-02     30840    2854    2854   29413
           6    8.7e-03     30825    2854    2854   29398
           7    4.6e-03     30830    2854    2854   29403
           8    2.5e-03     30813    2854    2854   29386
           9    1.4e-03     30827    2854    2854   29400
          10    7.7e-04     30827    2854    2854   29400
          11    4.4e-04     30825    2854    2854   29398
          12    2.5e-04     30824    2854    2854   29397
          13    1.5e-04     30824    2854    2854   29397
          14    8.9e-05     30824    2854    2854   29397
          15    5.4e-05     30824    2854    2854   29397
          16    3.3e-05     30824    2854    2854   29397
          17    2.0e-05     30824    2854    2854   29397
          18    1.2e-05     30824    2854    2854   29397
          19    7.8e-06     30824    2854    2854   29397
          20    4.9e-06     30824    2854    2854   29397
          21    3.1e-06     30824    2854    2854   29397
          22    2.0e-06     30824    2854    2854   29397
          23    1.3e-06     30824    2854    2854   29397
          24    8.1e-07     30824    2854    2854   29397
          25    5.2e-07     30824    2854    2854   29397
          26    3.4e-07     30824    2854    2854   29397
          27    2.2e-07     30824    2854    2854   29397
          28    1.4e-07     30824    2854    2854   29397
          29    9.2e-08     30824    2854    2854   29397
          30    6.0e-08     30824    2854    2854   29397
          31    3.9e-08     30824    2854    2854   29397
          32    2.6e-08     30824    2854    2854   29397
          33    1.7e-08     30824    2854    2854   29397
          34    1.1e-08     30824    2854    2854   29397
          35    7.3e-09     30824    2854    2854   29397
          36    4.8e-09     30824    2854    2854   29397
          37    3.2e-09     30824    2854    2854   29397
          38    2.1e-09     30824    2854    2854   29397
          39    1.4e-09     30824    2854    2854   29397
          40    9.1e-10     30824    2854    2854   29397
          41    6.0e-10     30824    2854    2854   29397
          42    4.0e-10     30824    2854    2854   29397
          43    2.6e-10     30824    2854    2854   29397
          44    1.7e-10     30824    2854    2854   29397
          45    1.1e-10     30824    2854    2854   29397
          46    7.6e-11     30824    2854    2854   29397
          47    5.0e-11     30824    2854    2854   29397
          48    3.3e-11     30824    2854    2854   29397
          49    2.2e-11     30824    2854    2854   29397
          50    1.5e-11     30824    2854    2854   29397
          51    9.7e-12     30824    2854    2854   29397
          52    6.4e-12     30824    2854    2854   29397
          53    4.3e-12     30824    2854    2854   29397
          54    2.8e-12     30824    2854    2854   29397
          55    1.9e-12     30824    2854    2854   29397
          56    1.3e-12     30824    2854    2854   29397
          57    8.3e-13     30824    2854    2854   29397
Total time used by isorank is 13.93
true_align (18772) and est_align (2860) DO NOT have the same number of elements.
method isorank has a score of 1.13%
method isorank used 13.928 seconds.
experiment results:
     method      score         time
0     final  15.299382  4046.908076
1  netalign   8.518006    54.338653
2      klau   8.438099  1094.476456
3   isorank   1.134669    13.928467
