num_init for this graph is 16
Generating initial alignment matrix using degree ...
mode is  degree
number of noisy edges are:  16
Average number of initial alignments for each node is 32
maximum values in init align row is:  63730
maximum values in init align col is:  63730
best   iter    obj_ma wght_ma card_ma over_ma    obj_mb wght_mb card_mb over_mb
  *a      1     78397    5427    5427   72970     78397    5427    5427   72970
          2     44798    4241    4241   40557     49098    4451    4451   44647
          3     59824    5251    5251   54573     43676    3372    3372   40304
          4     24766    4586    4586   20180     20379    3579    3579   16800
          5     75557    5367    5367   70190     74850    5110    5110   69740
  *a      6     84095    5400    5400   78695     83440    5234    5234   78206
  *a      7     84506    5292    5292   79214     83672    4970    4970   78702
          8     79386    5339    5339   74047     78343    4735    4735   73608
          9     84110    5340    5340   78770     77617    4555    4555   73062
         10     81585    5372    5372   76213     81299    5157    5157   76142
  *a     11     86677    5399    5399   81278     85715    5049    5049   80666
         12     85859    5397    5397   80462     85663    5202    5202   80461
  *a     13     86872    5403    5403   81469     86055    5115    5115   80940
         14     86082    5397    5397   80685     85774    5249    5249   80525
  *a     15     86994    5403    5403   81591     86583    5240    5240   81343
         16     86327    5399    5399   80928     86367    5328    5328   81039
  *a     17     87029    5403    5403   81626     86757    5292    5292   81465
         18     86521    5400    5400   81121     86385    5330    5330   81055
  *a     19     87034    5403    5403   81631     86830    5307    5307   81523
         20     86865    5402    5402   81463     86787    5355    5355   81432
  *a     21     87038    5403    5403   81635     86869    5325    5325   81544
  *a     22     87046    5403    5403   81643     86950    5355    5355   81595
  *a     23     87049    5403    5403   81646     86964    5357    5357   81607
         24     87047    5403    5403   81644     87007    5377    5377   81630
         25     87048    5403    5403   81645     86987    5365    5365   81622
         26     87044    5403    5403   81641     86988    5367    5367   81621
         27     87045    5403    5403   81642     86984    5365    5365   81619
         28     87046    5403    5403   81643     86991    5371    5371   81620
  *a     29     87050    5403    5403   81647     87008    5377    5377   81631
         30     87049    5403    5403   81646     87016    5380    5380   81636
         31     87050    5403    5403   81647     87030    5389    5389   81641
         32     87048    5403    5403   81645     87019    5384    5384   81635
         33     87050    5403    5403   81647     87018    5382    5382   81636
  *a     34     87052    5403    5403   81649     87017    5384    5384   81633
  *a     35     87053    5403    5403   81650     87032    5391    5391   81641
         36     87053    5403    5403   81650     87028    5388    5388   81640
         37     87053    5403    5403   81650     87029    5388    5388   81641
         38     87053    5403    5403   81650     87028    5388    5388   81640
         39     87053    5403    5403   81650     87030    5390    5390   81640
  *a     40     87054    5403    5403   81651     87028    5388    5388   81640
         41     87054    5403    5403   81651     87027    5387    5387   81640
         42     87054    5403    5403   81651     87027    5387    5387   81640
         43     87054    5403    5403   81651     87026    5386    5386   81640
         44     87054    5403    5403   81651     87030    5388    5388   81642
         45     87054    5403    5403   81651     87037    5393    5393   81644
         46     87054    5403    5403   81651     87015    5396    5396   81619
         47     87054    5403    5403   81651     87012    5394    5394   81618
         48     87054    5403    5403   81651     87041    5398    5398   81643
         49     87054    5403    5403   81651     87033    5392    5392   81641
         50     87054    5403    5403   81651     87031    5392    5392   81639
         51     87054    5403    5403   81651     87028    5390    5390   81638
         52     87054    5403    5403   81651     87037    5393    5393   81644
         53     87054    5403    5403   81651     87034    5392    5392   81642
         54     87054    5403    5403   81651     87034    5392    5392   81642
         55     87054    5403    5403   81651     87042    5397    5397   81645
         56     87054    5403    5403   81651     87042    5397    5397   81645
         57     87054    5403    5403   81651     87038    5394    5394   81644
         58     87054    5403    5403   81651     87042    5396    5396   81646
         59     87054    5403    5403   81651     87040    5395    5395   81645
         60     87054    5403    5403   81651     87043    5397    5397   81646
         61     87054    5403    5403   81651     87040    5396    5396   81644
         62     87054    5403    5403   81651     87038    5395    5395   81643
         63     87054    5403    5403   81651     87034    5393    5393   81641
         64     87054    5403    5403   81651     87028    5390    5390   81638
         65     87054    5403    5403   81651     87033    5392    5392   81641
         66     87054    5403    5403   81651     87029    5393    5393   81636
         67     87054    5403    5403   81651     87027    5393    5393   81634
         68     87054    5403    5403   81651     87030    5395    5395   81635
  *a     69     87055    5403    5403   81652     87029    5394    5394   81635
         70     87055    5403    5403   81652     87034    5394    5394   81640
         71     87055    5403    5403   81652     87036    5396    5396   81640
         72     87055    5403    5403   81652     87039    5396    5396   81643
         73     87055    5403    5403   81652     87045    5398    5398   81647
         74     87055    5403    5403   81652     87049    5400    5400   81649
         75     87055    5403    5403   81652     87046    5399    5399   81647
         76     87055    5403    5403   81652     87046    5399    5399   81647
         77     87055    5403    5403   81652     87048    5400    5400   81648
         78     87055    5403    5403   81652     87040    5398    5398   81642
         79     87055    5403    5403   81652     87044    5398    5398   81646
         80     87055    5403    5403   81652     87049    5400    5400   81649
         81     87055    5403    5403   81652     87047    5399    5399   81648
         82     87055    5403    5403   81652     87037    5397    5397   81640
         83     87055    5403    5403   81652     87047    5399    5399   81648
         84     87055    5403    5403   81652     87047    5399    5399   81648
         85     87055    5403    5403   81652     87049    5400    5400   81649
         86     87055    5403    5403   81652     87053    5402    5402   81651
         87     87055    5403    5403   81652     87051    5401    5401   81650
         88     87055    5403    5403   81652     87049    5400    5400   81649
         89     87055    5403    5403   81652     87051    5401    5401   81650
         90     87055    5403    5403   81652     87049    5400    5400   81649
         91     87055    5403    5403   81652     87047    5399    5399   81648
         92     87055    5403    5403   81652     87051    5401    5401   81650
         93     87055    5403    5403   81652     87049    5400    5400   81649
         94     87055    5403    5403   81652     87049    5400    5400   81649
         95     87055    5403    5403   81652     87053    5402    5402   81651
         96     87055    5403    5403   81652     87053    5402    5402   81651
         97     87055    5403    5403   81652     87051    5401    5401   81650
         98     87055    5403    5403   81652     87053    5402    5402   81651
         99     87055    5403    5403   81652     87053    5402    5402   81651
        100     87055    5403    5403   81652     87049    5400    5400   81649
Total time used by netalign is 361.02
true_align (63731) and est_align (5403) DO NOT have the same number of elements.
method netalign has a score of 5.14%
method netalign used 361.019 seconds.
maximum values in init align row is:  63730
maximum values in init align col is:  63730
 best   iter     norm-u     lower   upper     cur      obj  weight    card overlap
    *      1    0.0e+00     80459  102832  102832    80459    5426    5426   75033
           2    5.9e+04     80459  102832  108499    72607    5425    5425   67182
           3    8.5e+04     80459  102832  103254    62246    5431    5431   56815
           4    1.1e+05     80459  102832  104337    58055    5429    5429   52626
           5    1.4e+05     80459  102832  103202    51898    5431    5431   46467
           6    1.6e+05     80459  102832  103208    50320    5431    5431   44889
           7    1.8e+05     80459  102829  102829    44958    5431    5431   39527
           8    2.0e+05     80459  102636  102636    45787    5431    5431   40356
           9    2.2e+05     80459  102256  102256    43688    5430    5430   38258
          10    2.4e+05     80459  101971  101971    43830    5431    5431   38399
          11    2.6e+05     80459  101910  101910    43067    5431    5431   37636
          12    2.8e+05     80459  101615  101615    42271    5431    5431   36840
          13    2.9e+05     80459  101615  101685    40042    5431    5431   34611
          14    3.1e+05     80459  101141  101141    40955    5430    5430   35525
          15    3.3e+05     80459  101141  101348    39602    5429    5429   34173
          16    3.4e+05     80459  101028  101028    41252    5430    5430   35822
          17    3.6e+05     80459  101028  101236    39469    5430    5430   34039
          18    3.7e+05     80459  101028  101034    38578    5430    5430   33148
          19    3.9e+05     80459  101028  101063    38794    5429    5429   33365
          20    4.0e+05     80459  100681  100681    38475    5429    5429   33046
          21    4.1e+05     80459  100681  100975    38037    5430    5430   32607
          22    4.3e+05     80459  100538  100538    39217    5429    5429   33788
          23    4.4e+05     80459  100538  100861    37328    5429    5429   31899
          24    4.5e+05     80459  100389  100389    38649    5429    5429   33220
          25    4.6e+05     80459  100389  100556    37453    5429    5429   32024
          26    4.8e+05     80459  100312  100312    37972    5430    5430   32542
          27    4.9e+05     80459  100289  100289    37110    5429    5429   31681
          28    5.0e+05     80459  100213  100213    38078    5429    5429   32649
          29    5.1e+05     80459  100118  100118    37432    5427    5427   32005
          30    5.2e+05     80459  100081  100081    38294    5429    5429   32865
          31    5.3e+05     80459 99954.6 99954.6    37261    5430    5430   31831
          32    5.4e+05     80459 99954.6 99996.4    37159    5430    5430   31729
          33    5.5e+05     80459 99774.8 99774.8    37550    5429    5429   32121
          34    5.6e+05     80459 99669.1 99669.1    37463    5428    5428   32035
          35    5.7e+05     80459 99669.1 99763.9    38209    5429    5429   32780
          36    5.8e+05     80459 99518.3 99518.3    37605    5428    5428   32177
          37    5.9e+05     80459 99518.3 99707.1    38309    5427    5427   32882
          38    6.0e+05     80459 99451.1 99451.1    37409    5427    5427   31982
          39    6.1e+05     80459 99451.1 99607.8    38421    5427    5427   32994
          40    6.2e+05     80459 99341.1 99341.1    36854    5427    5427   31427
          41    6.3e+05     80459 99341.1 99501.1    39239    5427    5427   33812
          42    6.4e+05     80459 99205.6 99205.6    37534    5427    5427   32107
          43    6.4e+05     80459 99205.6 99221.3    37676    5428    5428   32248
          44    6.5e+05     80459 98998.3 98998.3    36348    5429    5429   30919
          45    6.6e+05     80459 98998.3 99174.1    37410    5428    5428   31982
          46    6.7e+05     80459 98977.6 98977.6    37655    5426    5426   32229
          47    6.8e+05     80459 98977.6 99059.5    38523    5428    5428   33095
          48    6.9e+05     80459 98932.5 98932.5    38030    5428    5428   32602
          49    6.9e+05     80459 98932.5 98979.8    38316    5427    5427   32889
          50    7.0e+05     80459 98716.9 98716.9    38444    5427    5427   33017
          51    7.1e+05     80459 98716.9 98812.3    37040    5427    5427   31613
          52    7.2e+05     80459 98539.9 98539.9    39570    5428    5428   34142
          53    7.2e+05     80459 98539.9   98569    37812    5427    5427   32385
          54    7.3e+05     80459 98539.9   98759    38585    5426    5426   33159
          55    7.4e+05     80459   98370   98370    37929    5426    5426   32503
          56    7.5e+05     80459   98370   98568    38108    5426    5426   32682
          57    7.5e+05     80459 98242.8 98242.8    38621    5428    5428   33193
          58    7.6e+05     80459 98242.8 98476.7    37235    5426    5426   31809
          59    7.7e+05     80459 98242.8 98356.7    38612    5429    5429   33183
          60    7.7e+05     80459 98186.7 98186.7    38362    5426    5426   32936
          61    7.8e+05     80459 98186.7 98342.9    39161    5426    5426   33735
          62    7.9e+05     80459 98104.8 98104.8    39723    5427    5427   34296
          63    7.9e+05     80459 98104.8 98200.6    39247    5424    5424   33823
          64    8.0e+05     80459 98104.8   98261    37301    5428    5428   31873
          65    8.1e+05     80459 98094.6 98094.6    38069    5426    5426   32643
          66    8.1e+05     80459 98006.4 98006.4    38337    5427    5427   32910
          67    8.2e+05     80459 98006.4 98048.3    39139    5426    5426   33713
          68    8.2e+05     80459 98006.4 98017.5    39543    5425    5425   34118
          69    8.3e+05     80459 97879.4 97879.4    38244    5424    5424   32820
          70    8.4e+05     80459 97879.4   97931    38912    5428    5428   33484
          71    8.4e+05     80459 97576.7 97576.7    38809    5423    5423   33386
          72    8.5e+05     80459 97576.7 97866.1    37878    5428    5428   32450
          73    8.5e+05     80459 97576.7 97623.6    40382    5422    5422   34960
          74    8.6e+05     80459 97576.7 97717.7    38644    5426    5426   33218
          75    8.7e+05     80459 97576.7 97668.5    38915    5427    5427   33488
          76    8.7e+05     80459 97576.7 97700.1    38323    5427    5427   32896
          77    8.8e+05     80459 97473.7 97473.7    38968    5424    5424   33544
          78    8.8e+05     80459 97473.7 97678.7    38537    5424    5424   33113
          79    8.9e+05     80459 97473.7 97586.9    39289    5427    5427   33862
          80    8.9e+05     80459 97397.8 97397.8    39574    5425    5425   34149
          81    9.0e+05     80459 97397.8 97525.1    39268    5425    5425   33843
          82    9.0e+05     80459 97350.7 97350.7    39635    5425    5425   34210
          83    9.1e+05     80459 97350.7 97408.2    38230    5426    5426   32804
          84    9.2e+05     80459 97350.7 97398.7    39103    5424    5424   33679
          85    9.2e+05     80459 97153.2 97153.2    40385    5422    5422   34963
          86    9.3e+05     80459 97148.2 97148.2    38748    5423    5423   33325
          87    9.3e+05     80459 97148.2 97419.7    39688    5424    5424   34264
          88    9.4e+05     80459 97058.8 97058.8    40469    5424    5424   35045
          89    9.4e+05     80459 97058.8 97328.6    38646    5424    5424   33222
          90    9.5e+05     80459 97058.8 97211.2    40503    5429    5429   35074
          91    9.5e+05     80459 97058.8 97092.8    40277    5423    5423   34854
          92    9.6e+05     80459 97058.8 97122.5    39447    5425    5425   34022
          93    9.6e+05     80459 97058.8 97209.8    38426    5425    5425   33001
          94    9.6e+05     80459 97058.8 97142.6    40022    5423    5423   34599
          95    9.7e+05     80459 96883.1 96883.1    39977    5425    5425   34552
          96    9.7e+05     80459 96883.1 97014.1    38912    5423    5423   33489
          97    9.8e+05     80459 96829.1 96829.1    40105    5423    5423   34682
          98    9.8e+05     80459 96829.1 96836.8    38859    5426    5426   33433
          99    9.9e+05     80459 96802.7 96802.7    38747    5426    5426   33321
         100    9.9e+05     80459 96802.7 96867.8    38831    5424    5424   33407
         101    1.0e+06     80459 96802.7 96876.9    39533    5421    5421   34112
         102    1.0e+06     80459 96802.7 96854.8    40136    5424    5424   34712
         103    1.0e+06     80459 96750.1 96750.1    40207    5424    5424   34783
         104    1.0e+06     80459 96750.1 96826.2    39350    5423    5423   33927
         105    1.0e+06     80459   96721   96721    39964    5424    5424   34540
         106    1.0e+06     80459   96721 96806.9    38994    5422    5422   33572
         107    1.0e+06     80459   96721 96755.8    40224    5425    5425   34799
         108    1.0e+06     80459 96657.9 96657.9    39974    5423    5423   34551
         109    1.0e+06     80459 96644.8 96644.8    41907    5422    5422   36485
         110    1.0e+06     80459 96513.2 96513.2    39169    5424    5424   33745
         111    1.0e+06     80459 96513.2 96759.5    40712    5427    5427   35285
         112    1.0e+06     80459 96430.1 96430.1    39873    5421    5421   34452
         113    1.0e+06     80459 96430.1 96712.5    40134    5424    5424   34710
         114    1.1e+06     80459 96422.1 96422.1    39577    5422    5422   34155
         115    1.1e+06     80459 96422.1 96465.6    41173    5423    5423   35750
         116    1.1e+06     80459 96422.1 96463.8    39638    5423    5423   34215
         117    1.1e+06     80459 96422.1 96482.4    40385    5425    5425   34960
         118    1.1e+06     80459 96358.5 96358.5    39954    5421    5421   34533
         119    1.1e+06     80459 96358.5 96493.5    40316    5427    5427   34889
         120    1.1e+06     80459 96358.5 96384.4    39457    5420    5420   34037
         121    1.1e+06     80459 96358.5 96509.4    41676    5423    5423   36253
         122    1.1e+06     80459 96342.8 96342.8    40671    5423    5423   35248
         123    1.1e+06     80459 96342.8 96488.7    40773    5423    5423   35350
         124    1.1e+06     80459 96109.9 96109.9    39745    5423    5423   34322
         125    1.1e+06     80459 96109.9 96519.9    40336    5423    5423   34913
         126    1.1e+06     80459 96087.9 96087.9    40274    5420    5420   34854
         127    1.1e+06     80459 96087.9 96455.1    39272    5423    5423   33849
         128    1.1e+06     80459 96087.9 96119.7    40268    5424    5424   34844
         129    1.1e+06     80459 96087.9 96329.5    40292    5420    5420   34872
         130    1.1e+06     80459 96087.9 96229.8    40373    5426    5426   34947
         131    1.1e+06     80459 96087.9 96142.6    41481    5422    5422   36059
         132    1.1e+06     80459 96087.9 96135.4    39657    5425    5425   34232
         133    1.1e+06     80459 96087.9 96131.3    40937    5418    5418   35519
         134    1.1e+06     80459 96074.2 96074.2    40102    5425    5425   34677
         135    1.1e+06     80459 96074.2 96087.2    41160    5421    5421   35739
         136    1.1e+06     80459 95916.2 95916.2    40935    5422    5422   35513
         137    1.1e+06     80459 95916.2 96199.9    41187    5426    5426   35761
         138    1.1e+06     80459 95916.2 95981.3    39434    5423    5423   34011
         139    1.1e+06     80459 95916.2 96208.3    40479    5423    5423   35056
         140    1.1e+06     80459 95913.4 95913.4    41350    5423    5423   35927
         141    1.2e+06     80459 95913.4 95954.3    40982    5420    5420   35562
         142    1.2e+06     80459 95913.4 95999.3    41423    5423    5423   36000
         143    1.2e+06     80459 95913.4 96098.7    40101    5422    5422   34679
         144    1.2e+06     80459 95913.4 96003.5    40180    5423    5423   34757
         145    1.2e+06     80459 95819.1 95819.1    40903    5421    5421   35482
         146    1.2e+06     80459 95819.1 96027.9    40117    5423    5423   34694
         147    1.2e+06     80459 95819.1 95969.8    41478    5422    5422   36056
         148    1.2e+06     80459 95819.1 95878.5    39732    5421    5421   34311
         149    1.2e+06     80459 95819.1 95906.3    41621    5421    5421   36200
         150    1.2e+06     80459 95819.1 95831.7    41010    5426    5426   35584
         151    1.2e+06     80459 95819.1   95874    41146    5425    5425   35721
         152    1.2e+06     80459 95748.2 95748.2    41392    5420    5420   35972
         153    1.2e+06     80459 95748.2 95832.4    41026    5423    5423   35603
         154    1.2e+06     80459 95748.2 95837.3    39710    5423    5423   34287
         155    1.2e+06     80459 95748.2   95863    41038    5423    5423   35615
         156    1.2e+06     80459 95718.8 95718.8    40866    5423    5423   35443
         157    1.2e+06     80459 95718.8 96006.7    41856    5423    5423   36433
         158    1.2e+06     80459 95692.2 95692.2    41255    5423    5423   35832
         159    1.2e+06     80459 95692.2 95863.9    40389    5426    5426   34963
         160    1.2e+06     80459 95678.4 95678.4    42329    5421    5421   36908
         161    1.2e+06     80459 95678.4 95732.3    42670    5422    5422   37248
         162    1.2e+06     80459 95615.1 95615.1    41032    5422    5422   35610
         163    1.2e+06     80459 95615.1 95898.2    41029    5422    5422   35607
         164    1.2e+06     80459 95615.1 95663.6    42022    5423    5423   36599
         165    1.2e+06     80459 95581.7 95581.7    42651    5423    5423   37228
         166    1.2e+06     80459 95581.7   95659    42330    5421    5421   36909
         167    1.2e+06     80459 95581.7 95629.1    41279    5420    5420   35859
         168    1.2e+06     80459 95581.7 95772.3    41219    5423    5423   35796
         169    1.2e+06     80459 95421.3 95421.3    41254    5422    5422   35832
         170    1.2e+06     80459 95421.3 95694.6    42245    5425    5425   36820
         171    1.2e+06     80459 95421.3 95579.9    42103    5424    5424   36679
         172    1.2e+06     80459 95421.3 95573.4    41927    5423    5423   36504
         173    1.2e+06     80459 95421.3 95634.5    42041    5420    5420   36621
         174    1.3e+06     80459 95421.3 95560.9    41327    5425    5425   35902
         175    1.3e+06     80459 95421.3 95516.1    40863    5418    5418   35445
         176    1.3e+06     80459 95421.3 95462.1    41947    5426    5426   36521
         177    1.3e+06     80459 95421.3   95516    41888    5422    5422   36466
         178    1.3e+06     80459 95411.9 95411.9    41890    5420    5420   36470
         179    1.3e+06     80459 95411.9 95504.4    40906    5425    5425   35481
         180    1.3e+06     80459 95411.9 95489.5    42758    5424    5424   37334
         181    1.3e+06     80459 95388.3 95388.3    41717    5422    5422   36295
         182    1.3e+06     80459 95388.3 95653.8    40994    5422    5422   35572
         183    1.3e+06     80459 95311.2 95311.2    42746    5420    5420   37326
         184    1.3e+06     80459 95311.2 95512.2    40898    5422    5422   35476
         185    1.3e+06     80459 95311.2 95552.4    40425    5420    5420   35005
         186    1.3e+06     80459 95311.2 95341.9    42169    5422    5422   36747
         187    1.3e+06     80459 95311.2 95317.3    41652    5421    5421   36231
         188    1.3e+06     80459 95311.2 95342.4    41255    5422    5422   35833
         189    1.3e+06     80459 95311.2 95523.8    40897    5422    5422   35475
         190    1.3e+06     80459 95311.2   95417    42907    5422    5422   37485
         191    1.3e+06     80459 95311.2 95363.1    43073    5421    5421   37652
         192    1.3e+06     80459 95311.2 95406.1    41470    5425    5425   36045
         193    1.3e+06     80459 95311.2 95367.8    41352    5421    5421   35931
         194    1.3e+06     80459 95311.2 95324.7    41556    5419    5419   36137
         195    1.3e+06     80459 95311.2 95421.7    41769    5423    5423   36346
         196    1.3e+06     80459 95311.2 95336.7    42547    5423    5423   37124
         197    1.3e+06     80459 95311.2 95351.1    42544    5419    5419   37125
         198    1.3e+06     80459 95311.2 95319.2    42698    5420    5420   37278
         199    1.3e+06     80459 95297.1 95297.1    42007    5420    5420   36587
         200    1.3e+06     80459 95297.1 95308.8    42641    5422    5422   37219
         201    1.3e+06     80459 95244.8 95244.8    43713    5419    5419   38294
         202    1.3e+06     80459 95244.8 95253.1    42857    5426    5426   37431
         203    1.3e+06     80459 95244.8 95311.1    42922    5423    5423   37499
         204    1.3e+06     80459 95244.8 95484.6    41272    5423    5423   35849
         205    1.3e+06     80459 95207.6 95207.6    42638    5419    5419   37219
         206    1.3e+06     80459 95134.8 95134.8    41543    5425    5425   36118
         207    1.3e+06     80459 95134.8 95309.5    42946    5423    5423   37523
         208    1.3e+06     80459 95047.4 95047.4    41937    5420    5420   36517
         209    1.3e+06     80459 95047.4 95430.1    41701    5421    5421   36280
         210    1.3e+06     80459 95034.1 95034.1    42104    5427    5427   36677
         211    1.3e+06     80459 95034.1 95295.1    42518    5421    5421   37097
         212    1.3e+06     80459 95034.1 95058.5    43617    5424    5424   38193
         213    1.3e+06     80459 95034.1 95169.3    42047    5419    5419   36628
         214    1.3e+06     80459 95034.1 95274.1    43509    5423    5423   38086
         215    1.3e+06     80459 95034.1 95096.3    43556    5424    5424   38132
         216    1.4e+06     80459 95034.1 95216.7    43348    5419    5419   37929
         217    1.4e+06     80459 95034.1 95049.3    43620    5421    5421   38199
         218    1.4e+06     80459 95034.1   95186    43135    5419    5419   37716
         219    1.4e+06     80459 95000.4 95000.4    43810    5418    5418   38392
         220    1.4e+06     80459 95000.4 95110.8    43498    5423    5423   38075
         221    1.4e+06     80459 95000.4 95219.7    43186    5419    5419   37767
         222    1.4e+06     80459 95000.4 95018.2    42581    5421    5421   37160
         223    1.4e+06     80459 95000.4 95167.8    43439    5424    5424   38015
         224    1.4e+06     80459 95000.4 95081.3    43117    5420    5420   37697
         225    1.4e+06     80459 95000.4 95097.9    42998    5422    5422   37576
         226    1.4e+06     80459 95000.4 95084.9    42060    5418    5418   36642
         227    1.4e+06     80459 95000.4 95128.2    44799    5423    5423   39376
         228    1.4e+06     80459 94911.5 94911.5    41620    5421    5421   36199
         229    1.4e+06     80459 94911.5 95256.7    42827    5422    5422   37405
         230    1.4e+06     80459 94911.5 94952.6    43708    5422    5422   38286
         231    1.4e+06     80459 94911.5   94967    43868    5422    5422   38446
         232    1.4e+06     80459 94911.5 94913.7    44114    5418    5418   38696
         233    1.4e+06     80459 94911.5   95091    43931    5421    5421   38510
         234    1.4e+06     80459 94911.5 94976.9    43590    5424    5424   38166
         235    1.4e+06     80459 94911.5 94977.9    43150    5420    5420   37730
         236    1.4e+06     80459 94911.5 95009.9    42960    5421    5421   37539
         237    1.4e+06     80459 94844.7 94844.7    43224    5423    5423   37801
         238    1.4e+06     80459 94844.7 94974.5    42574    5419    5419   37155
         239    1.4e+06     80459 94844.7 95015.3    43867    5422    5422   38445
         240    1.4e+06     80459 94844.7 94877.5    43349    5425    5425   37924
         241    1.4e+06     80459 94844.7 94981.3    43327    5416    5416   37911
         242    1.4e+06     80459 94844.7 94946.6    43414    5424    5424   37990
         243    1.4e+06     80459 94844.7 94993.1    43810    5419    5419   38391
         244    1.4e+06     80459 94844.7 94947.1    44456    5419    5419   39037
         245    1.4e+06     80459 94840.3 94840.3    42419    5422    5422   36997
         246    1.4e+06     80459 94840.3 94971.9    42747    5419    5419   37328
         247    1.4e+06     80459 94840.3 95009.2    43954    5422    5422   38532
         248    1.4e+06     80459 94840.3 94956.8    44410    5420    5420   38990
         249    1.4e+06     80459 94840.3 94874.9    44518    5424    5424   39094
         250    1.4e+06     80459 94840.3 94930.1    42487    5419    5419   37068
         251    1.4e+06     80459 94840.3 94899.3    43372    5423    5423   37949
         252    1.4e+06     80459 94840.3 94842.7    45199    5423    5423   39776
         253    1.4e+06     80459 94810.9 94810.9    43506    5417    5417   38089
         254    1.4e+06     80459 94810.9   94937    43863    5425    5425   38438
         255    1.4e+06     80459 94797.3 94797.3    43729    5420    5420   38309
         256    1.4e+06     80459 94797.3   94932    43679    5419    5419   38260
         257    1.4e+06     80459 94797.3 94824.7    45849    5416    5416   40433
         258    1.4e+06     80459 94742.1 94742.1    43830    5422    5422   38408
         259    1.4e+06     80459 94742.1   94971    43627    5422    5422   38205
         260    1.4e+06     80459 94713.1 94713.1    43526    5419    5419   38107
         261    1.4e+06     80459 94713.1 94816.4    43367    5423    5423   37944
         262    1.4e+06     80459 94713.1 94815.8    43866    5420    5420   38446
         263    1.4e+06     80459 94713.1 94779.7    44510    5425    5425   39085
         264    1.4e+06     80459 94713.1   94727    44126    5420    5420   38706
         265    1.4e+06     80459 94713.1 94743.7    43989    5423    5423   38566
         266    1.4e+06     80459 94669.2 94669.2    43955    5419    5419   38536
         267    1.4e+06     80459 94669.2 94872.3    43555    5422    5422   38133
         268    1.4e+06     80459 94669.2 94717.9    42649    5426    5426   37223
         269    1.5e+06     80459 94669.2 94793.6    43262    5423    5423   37839
         270    1.5e+06     80459 94669.2 94805.2    45605    5420    5420   40185
         271    1.5e+06     80459 94648.8 94648.8    45605    5422    5422   40183
         272    1.5e+06     80459 94648.8 94668.6    44239    5423    5423   38816
         273    1.5e+06     80459 94648.8 94817.6    44485    5420    5420   39065
         274    1.5e+06     80459 94648.8 94675.3    44085    5417    5417   38668
         275    1.5e+06     80459 94648.8 94830.9    43948    5423    5423   38525
         276    1.5e+06     80459   94623   94623    45306    5421    5421   39885
         277    1.5e+06     80459   94623 94784.2    45709    5422    5422   40287
         278    1.5e+06     80459 94494.2 94494.2    44558    5421    5421   39137
         279    1.5e+06     80459 94494.2 94786.2    44642    5421    5421   39221
         280    1.5e+06     80459 94494.2 94640.2    45174    5422    5422   39752
         281    1.5e+06     80459 94494.2 94699.3    46039    5422    5422   40617
         282    1.5e+06     80459 94494.2 94711.7    44996    5418    5418   39578
         283    1.5e+06     80459 94494.2   94626    44403    5423    5423   38980
         284    1.5e+06     80459 94494.2 94561.6    43567    5421    5421   38146
         285    1.5e+06     80459 94494.2 94737.8    45347    5422    5422   39925
         286    1.5e+06     80459 94494.2 94514.8    45437    5422    5422   40015
         287    1.5e+06     80459 94494.2 94632.7    46106    5420    5420   40686
         288    1.5e+06     80459 94494.2 94523.5    45450    5419    5419   40031
         289    1.5e+06     80459 94494.2 94612.9    43954    5422    5422   38532
         290    1.5e+06     80459 94494.2   94669    42960    5419    5419   37541
         291    1.5e+06     80459 94494.2 94707.9    44525    5419    5419   39106
         292    1.5e+06     80459 94494.2   94601    45315    5422    5422   39893
         293    1.5e+06     80459 94494.2 94652.1    45092    5424    5424   39668
         294    1.5e+06     80459 94494.2   94604    43827    5421    5421   38406
         295    1.5e+06     80459 94494.2 94663.6    46246    5424    5424   40822
         296    1.5e+06     80459 94336.2 94336.2    46213    5416    5416   40797
         297    1.5e+06     80459 94336.2 94659.2    45331    5419    5419   39912
         298    1.5e+06     80459 94336.2 94591.9    43965    5419    5419   38546
         299    1.5e+06     80459 94336.2 94716.7    45147    5422    5422   39725
         300    1.5e+06     80459 94336.2 94451.1    45187    5425    5425   39762
         301    1.5e+06     80459 94336.2 94733.9    44233    5419    5419   38814
         302    1.5e+06     80459 94336.2 94525.7    45883    5418    5418   40465
         303    1.5e+06     80459 94336.2 94473.1    44770    5420    5420   39350
         304    1.5e+06     80459 94336.2   94635    44853    5422    5422   39431
         305    1.5e+06     80459 94336.2 94526.2    44145    5420    5420   38725
         306    1.5e+06     80459 94336.2 94416.5    44953    5420    5420   39533
         307    1.5e+06     80459 94336.2 94470.2    44207    5421    5421   38786
         308    1.5e+06     80459 94336.2 94710.8    44660    5422    5422   39238
         309    1.5e+06     80459 94336.2 94477.8    45421    5420    5420   40001
         310    1.5e+06     80459 94336.2 94462.4    45322    5415    5415   39907
         311    1.5e+06     80459 94336.2   94488    44244    5425    5425   38819
         312    1.5e+06     80459 94336.2 94543.2    45019    5423    5423   39596
         313    1.5e+06     80459 94336.2   94471    46505    5419    5419   41086
         314    1.5e+06     80459 94336.2 94357.8    45739    5418    5418   40321
         315    1.5e+06     80459 94336.2 94654.8    45020    5423    5423   39597
         316    1.5e+06     80459 94336.2 94532.9    45013    5419    5419   39594
         317    1.5e+06     80459 94336.2 94346.3    44271    5423    5423   38848
         318    1.5e+06     80459 94336.2 94603.1    45001    5419    5419   39582
         319    1.5e+06     80459 94336.2   94353    46407    5423    5423   40984
         320    1.5e+06     80459 94336.2 94443.3    46010    5421    5421   40589
         321    1.5e+06     80459 94336.2 94391.6    45276    5422    5422   39854
               reducing step to 0.2
         322    1.5e+06     80459   91423   91423    60997    5418    5418   55579
         323    1.5e+06     80459 89975.9 89975.9    63057    5413    5413   57644
         324    1.5e+06     80459 89832.9 89832.9    59094    5416    5416   53678
         325    1.5e+06     80459 89821.5 89821.5    57224    5414    5414   51810
         326    1.5e+06     80459 89821.5 89839.1    56161    5418    5418   50743
         327    1.5e+06     80459 89632.9 89632.9    57853    5415    5415   52438
         328    1.5e+06     80459 89597.9 89597.9    57167    5412    5412   51755
         329    1.5e+06     80459 89493.5 89493.5    56672    5415    5415   51257
         330    1.5e+06     80459 89493.5 89623.2    55427    5411    5411   50016
         331    1.5e+06     80459 89493.5   89510    57112    5414    5414   51698
         332    1.5e+06     80459 89364.7 89364.7    59172    5413    5413   53759
         333    1.5e+06     80459 89291.2 89291.2    59014    5417    5417   53597
         334    1.5e+06     80459 89291.2 89400.3    56643    5415    5415   51228
         335    1.5e+06     80459 89291.2 89364.7    56096    5415    5415   50681
         336    1.5e+06     80459 89277.7 89277.7    58788    5414    5414   53374
         337    1.5e+06     80459 89186.8 89186.8    59725    5413    5413   54312
         338    1.5e+06     80459 89171.7 89171.7    60161    5412    5412   54749
         339    1.5e+06     80459 89171.7 89230.3    58491    5411    5411   53080
         340    1.5e+06     80459 89171.7 89200.1    57740    5416    5416   52324
         341    1.5e+06     80459 89165.2 89165.2    60024    5411    5411   54613
         342    1.5e+06     80459 89077.5 89077.5    60562    5417    5417   55145
         343    1.5e+06     80459 89077.5 89132.2    59426    5416    5416   54010
         344    1.5e+06     80459 89048.4 89048.4    61065    5412    5412   55653
         345    1.5e+06     80459 88995.3 88995.3    62783    5411    5411   57372
         346    1.5e+06     80459 88942.4 88942.4    60657    5408    5408   55249
         347    1.5e+06     80459 88942.4 89081.6    60395    5413    5413   54982
         348    1.5e+06     80459 88937.5 88937.5    60675    5411    5411   55264
         349    1.5e+06     80459 88937.5 89027.9    61589    5409    5409   56180
         350    1.5e+06     80459 88937.5 89001.7    62809    5414    5414   57395
         351    1.5e+06     80459 88895.3 88895.3    64419    5411    5411   59008
         352    1.5e+06     80459 88863.4 88863.4    62995    5410    5410   57585
         353    1.5e+06     80459 88863.4 88877.7    60230    5411    5411   54819
         354    1.5e+06     80459 88863.4 88983.3    60012    5411    5411   54601
         355    1.5e+06     80459 88863.4 88971.8    61426    5413    5413   56013
         356    1.5e+06     80459 88857.6 88857.6    63396    5411    5411   57985
         357    1.5e+06     80459 88745.9 88745.9    65068    5410    5410   59658
         358    1.5e+06     80459 88745.9 88751.7    62163    5411    5411   56752
         359    1.5e+06     80459 88745.9 88924.3    63218    5408    5408   57810
         360    1.5e+06     80459 88745.9 88837.3    62823    5413    5413   57410
         361    1.5e+06     80459 88745.9 88824.6    64313    5411    5411   58902
         362    1.5e+06     80459 88719.4 88719.4    65825    5412    5412   60413
         363    1.5e+06     80459 88714.5 88714.5    65450    5409    5409   60041
         364    1.5e+06     80459 88714.5 88777.7    63745    5413    5413   58332
         365    1.5e+06     80459 88714.5 88820.2    62641    5408    5408   57233
         366    1.5e+06     80459 88714.5 88830.6    63670    5409    5409   58261
         367    1.5e+06     80459 88714.5 88746.3    64592    5410    5410   59182
         368    1.6e+06     80459 88714.5 88731.9    66122    5412    5412   60710
         369    1.6e+06     80459 88694.7 88694.7    64487    5409    5409   59078
         370    1.6e+06     80459 88694.7 88754.1    65947    5414    5414   60533
         371    1.6e+06     80459 88658.6 88658.6    66417    5409    5409   61008
         372    1.6e+06     80459 88657.6 88657.6    65802    5408    5408   60394
         373    1.6e+06     80459 88657.6 88677.8    65516    5412    5412   60104
         374    1.6e+06     80459 88657.6 88682.8    66807    5407    5407   61400
         375    1.6e+06     80459 88555.5 88555.5    67813    5411    5411   62402
         376    1.6e+06     80459 88555.5   88624    67484    5413    5413   62071
         377    1.6e+06     80459 88555.5 88634.7    65185    5413    5413   59772
         378    1.6e+06     80459 88555.5 88584.7    66031    5410    5410   60621
         379    1.6e+06     80459 88555.5 88638.7    64021    5415    5415   58606
         380    1.6e+06     80459 88555.5 88663.8    66216    5405    5405   60811
         381    1.6e+06     80459 88555.5 88575.4    68360    5409    5409   62951
         382    1.6e+06     80459 88534.4 88534.4    67148    5409    5409   61739
         383    1.6e+06     80459 88534.4   88537    67044    5413    5413   61631
         384    1.6e+06     80459 88534.4   88590    68733    5412    5412   63321
         385    1.6e+06     80459 88494.6 88494.6    70656    5410    5410   65246
         386    1.6e+06     80459 88475.4 88475.4    66865    5410    5410   61455
         387    1.6e+06     80459 88475.4 88558.7    67152    5411    5411   61741
         388    1.6e+06     80459 88475.4 88498.9    69017    5406    5406   63611
         389    1.6e+06     80459 88438.7 88438.7    69281    5412    5412   63869
         390    1.6e+06     80459 88438.7 88555.7    64518    5409    5409   59109
         391    1.6e+06     80459 88438.7 88612.7    64450    5413    5413   59037
         392    1.6e+06     80459 88438.7 88553.1    67741    5411    5411   62330
         393    1.6e+06     80459 88438.7 88492.4    67723    5410    5410   62313
         394    1.6e+06     80459 88438.7 88460.8    70429    5411    5411   65018
the MATLAB function has been cancelled
