Permutation sanity check error is 2303.0.
Permutation sanity check error is 149681.0.
num_init for this graph is 12
Generating initial alignment matrix using degree ...
mode is  degree
number of noisy edges are:  12
Average number of initial alignments for each node is 24
maximum values in init align row is:  3889
maximum values in init align col is:  3889
Recovering sparse matrix L took 0.03 sec.
Time for degree: 0.03 sec
iteration 1
Time for iteration 1: 0.88 sec, diff = 0.29113
iteration 2
Time for iteration 2: 2.74 sec, diff = 0.01947
iteration 3
Time for iteration 3: 2.69 sec, diff = 0.00564
iteration 4
Time for iteration 4: 2.68 sec, diff = 0.00284
iteration 5
Time for iteration 5: 2.74 sec, diff = 0.00172
iteration 6
Time for iteration 6: 2.75 sec, diff = 0.00112
iteration 7
Time for iteration 7: 2.68 sec, diff = 0.00074
iteration 8
Time for iteration 8: 2.69 sec, diff = 0.00050
iteration 9
Time for iteration 9: 2.80 sec, diff = 0.00034
iteration 10
Time for iteration 10: 2.69 sec, diff = 0.00023
iteration 11
Time for iteration 11: 2.71 sec, diff = 0.00015
iteration 12
Time for iteration 12: 2.75 sec, diff = 0.00010
iteration 13
Time for iteration 13: 2.78 sec, diff = 0.00007
iteration 14
Time for iteration 14: 2.70 sec, diff = 0.00005
iteration 15
Time for iteration 15: 2.70 sec, diff = 0.00003
iteration 16
Time for iteration 16: 2.87 sec, diff = 0.00002
iteration 17
Time for iteration 17: 2.78 sec, diff = 0.00002
iteration 18
Time for iteration 18: 2.72 sec, diff = 0.00001
iteration 19
Time for iteration 19: 2.80 sec, diff = 0.00001
Total time used by final is 52.91 sec.
true_align and est_align have the same number of elements.
method final has a score of 39.02%
method final used 52.914 seconds.
maximum values in init align row is:  3889
maximum values in init align col is:  3889
best   iter    obj_ma wght_ma card_ma over_ma    obj_mb wght_mb card_mb over_mb
  *a      1     16331    1275    1275   15056     16331    1275    1275   15056
          2      2948     808     808    2140      3404     777     777    2627
          3      9864    1201    1201    8663      8156     924     924    7232
          4      3524    1014    1014    2510      3602     913     913    2689
          5     12164    1216    1216   10948     11441    1018    1018   10423
          6     15902    1268    1268   14634     14972    1250    1250   13722
  *b      7     16632    1258    1258   15374     16635    1187    1187   15448
          8      9624    1195    1195    8429      9865    1146    1146    8719
          9      6096     922     922    5174      5164     540     540    4624
         10     11514    1237    1237   10277     11485    1205    1205   10280
         11      9269    1070    1070    8199      8506     827     827    7679
         12      9451    1202    1202    8249      9594    1118    1118    8476
         13      5083     929     929    4154      4467     621     621    3846
         14      9383    1213    1213    8170      9551    1125    1125    8426
         15      6069     994     994    5075      5588     741     741    4847
         16     10201    1223    1223    8978     10325    1145    1145    9180
         17      6993    1022    1022    5971      6562     791     791    5771
         18     10616    1226    1226    9390     10612    1142    1142    9470
         19      8036    1061    1061    6975      7565     844     844    6721
         20     11452    1234    1234   10218     11541    1161    1161   10380
         21     10124    1124    1124    9000      9656     935     935    8721
         22     12038    1237    1237   10801     11914    1165    1165   10749
         23     13492    1195    1195   12297     12887    1048    1048   11839
         24     12712    1239    1239   11473     12665    1186    1186   11479
         25     16023    1249    1249   14774     15757    1126    1126   14631
         26     13820    1244    1244   12576     14346    1202    1202   13144
         27     15122    1253    1253   13869     14910    1150    1150   13760
         28     15763    1257    1257   14506     15597    1192    1192   14405
         29     15934    1257    1257   14677     15871    1236    1236   14635
         30     16359    1261    1261   15098     16327    1247    1247   15080
  *a     31     17164    1266    1266   15898     17138    1255    1255   15883
  *b     32     17182    1266    1266   15916     17249    1259    1259   15990
  *a     33     17270    1266    1266   16004     17258    1256    1256   16002
  *a     34     17512    1267    1267   16245     17505    1259    1259   16246
  *a     35     17522    1267    1267   16255     17509    1262    1262   16247
  *a     36     17524    1267    1267   16257     17499    1257    1257   16242
  *a     37     17525    1267    1267   16258     17514    1262    1262   16252
  *a     38     17528    1267    1267   16261     17524    1265    1265   16259
         39     17528    1267    1267   16261     17523    1264    1264   16259
         40     17528    1267    1267   16261     17526    1266    1266   16260
         41     17528    1267    1267   16261     17526    1266    1266   16260
         42     17528    1267    1267   16261     17525    1265    1265   16260
         43     17528    1267    1267   16261     17525    1265    1265   16260
         44     17528    1267    1267   16261     17525    1265    1265   16260
         45     17528    1267    1267   16261     17528    1267    1267   16261
         46     17528    1267    1267   16261     17526    1266    1266   16260
         47     17528    1267    1267   16261     17528    1267    1267   16261
         48     17528    1267    1267   16261     17526    1266    1266   16260
         49     17528    1267    1267   16261     17525    1265    1265   16260
         50     17528    1267    1267   16261     17525    1265    1265   16260
         51     17528    1267    1267   16261     17527    1266    1266   16261
         52     17528    1267    1267   16261     17528    1267    1267   16261
         53     17528    1267    1267   16261     17528    1267    1267   16261
         54     17528    1267    1267   16261     17526    1266    1266   16260
         55     17528    1267    1267   16261     17526    1266    1266   16260
         56     17528    1267    1267   16261     17526    1266    1266   16260
         57     17528    1267    1267   16261     17525    1265    1265   16260
         58     17528    1267    1267   16261     17526    1266    1266   16260
         59     17528    1267    1267   16261     17528    1267    1267   16261
         60     17528    1267    1267   16261     17528    1267    1267   16261
         61     17528    1267    1267   16261     17528    1267    1267   16261
         62     17528    1267    1267   16261     17528    1267    1267   16261
         63     17528    1267    1267   16261     17528    1267    1267   16261
         64     17528    1267    1267   16261     17526    1266    1266   16260
         65     17528    1267    1267   16261     17526    1266    1266   16260
         66     17528    1267    1267   16261     17526    1266    1266   16260
         67     17528    1267    1267   16261     17526    1266    1266   16260
         68     17528    1267    1267   16261     17526    1266    1266   16260
         69     17528    1267    1267   16261     17528    1267    1267   16261
         70     17528    1267    1267   16261     17528    1267    1267   16261
         71     17528    1267    1267   16261     17528    1267    1267   16261
         72     17528    1267    1267   16261     17528    1267    1267   16261
         73     17528    1267    1267   16261     17528    1267    1267   16261
         74     17528    1267    1267   16261     17528    1267    1267   16261
         75     17528    1267    1267   16261     17528    1267    1267   16261
         76     17528    1267    1267   16261     17528    1267    1267   16261
         77     17528    1267    1267   16261     17526    1266    1266   16260
         78     17528    1267    1267   16261     17526    1266    1266   16260
         79     17528    1267    1267   16261     17526    1266    1266   16260
         80     17526    1266    1266   16260     17526    1266    1266   16260
         81     17528    1267    1267   16261     17528    1267    1267   16261
         82     17528    1267    1267   16261     17528    1267    1267   16261
         83     17528    1267    1267   16261     17528    1267    1267   16261
         84     17528    1267    1267   16261     17528    1267    1267   16261
         85     17528    1267    1267   16261     17528    1267    1267   16261
         86     17528    1267    1267   16261     17526    1266    1266   16260
         87     17528    1267    1267   16261     17526    1266    1266   16260
         88     17528    1267    1267   16261     17526    1266    1266   16260
         89     17528    1267    1267   16261     17526    1266    1266   16260
         90     17528    1267    1267   16261     17528    1267    1267   16261
         91     17528    1267    1267   16261     17528    1267    1267   16261
         92     17528    1267    1267   16261     17528    1267    1267   16261
         93     17528    1267    1267   16261     17528    1267    1267   16261
         94     17528    1267    1267   16261     17528    1267    1267   16261
         95     17528    1267    1267   16261     17526    1266    1266   16260
         96     17528    1267    1267   16261     17526    1266    1266   16260
         97     17528    1267    1267   16261     17526    1266    1266   16260
         98     17528    1267    1267   16261     17526    1266    1266   16260
         99     17528    1267    1267   16261     17526    1266    1266   16260
        100     17528    1267    1267   16261     17528    1267    1267   16261
Total time used by netalign is 23.49
true_align (3890) and est_align (1267) DO NOT have the same number of elements.
method netalign has a score of 23.50%
method netalign used 23.495 seconds.
maximum values in init align row is:  3889
maximum values in init align col is:  3889
 best   iter     norm-u     lower   upper     cur      obj  weight    card overlap
    *      1    0.0e+00     16942 19315.5 19315.5    16942    1275    1275   15667
           2    1.2e+04     16942 19315.5   20739    15592    1275    1275   14317
           3    1.8e+04     16942 19315.5   19955    14664    1275    1275   13389
           4    2.4e+04     16942 19315.5   20099    13485    1275    1275   12210
           5    2.8e+04     16942 19315.5 20011.3    11454    1275    1275   10179
           6    3.3e+04     16942 19315.5 20100.8    11249    1275    1275    9974
           7    3.7e+04     16942 19315.5 20130.1    10030    1275    1275    8755
           8    4.2e+04     16942 19315.5 20069.1    10238    1275    1275    8963
           9    4.5e+04     16942 19315.5 20131.8     9237    1275    1275    7962
          10    4.9e+04     16942 19315.5 20048.6     9607    1275    1275    8332
          11    5.3e+04     16942 19315.5 20168.8     9171    1275    1275    7896
          12    5.7e+04     16942 19315.5 20020.8     9616    1275    1275    8341
          13    6.0e+04     16942 19315.5 20292.9     8554    1275    1275    7279
          14    6.3e+04     16942 19315.5 20044.4     9582    1275    1275    8307
          15    6.6e+04     16942 19315.5 20151.6     8241    1275    1275    6966
          16    6.9e+04     16942 19315.5 20107.1     8927    1275    1275    7652
          17    7.2e+04     16942 19315.5 20106.6     8102    1275    1275    6827
          18    7.5e+04     16942 19315.5 20137.2     8612    1275    1275    7337
          19    7.7e+04     16942 19315.5 20201.4     8334    1275    1275    7059
          20    8.0e+04     16942 19315.5 20081.3     8741    1275    1275    7466
          21    8.2e+04     16942 19315.5 20159.9     8078    1275    1275    6803
          22    8.5e+04     16942 19315.5   20073     8496    1275    1275    7221
          23    8.7e+04     16942 19315.5 20199.1     8116    1275    1275    6841
          24    9.0e+04     16942 19315.5 20018.3     8861    1275    1275    7586
          25    9.2e+04     16942 19315.5 20212.5     7727    1275    1275    6452
          26    9.4e+04     16942 19315.5 20072.8     8552    1275    1275    7277
               reducing step to 0.2
          27    9.5e+04     16942 19262.1 19262.1    10136    1275    1275    8861
          28    9.6e+04     16942 19149.3 19149.3     7608    1275    1275    6333
          29    9.7e+04     16942 19111.7 19111.7     8324    1275    1275    7049
          30    9.8e+04     16942 19006.9 19006.9     7254    1275    1275    5979
          31    9.9e+04     16942 19006.9 19034.1     8228    1275    1275    6953
          32    1.0e+05     16942 18933.6 18933.6     7815    1275    1275    6540
          33    1.0e+05     16942 18933.6 18952.8     8075    1275    1275    6800
          34    1.0e+05     16942   18879   18879     8454    1275    1275    7179
          35    1.0e+05     16942   18879 18896.2     8005    1275    1275    6730
          36    1.0e+05     16942 18823.6 18823.6     7997    1275    1275    6722
          37    1.0e+05     16942 18823.6 18838.3     8546    1275    1275    7271
          38    1.0e+05     16942 18821.2 18821.2     8139    1275    1275    6864
          39    1.1e+05     16942 18813.6 18813.6     9094    1275    1275    7819
          40    1.1e+05     16942 18757.6 18757.6     8262    1275    1275    6987
          41    1.1e+05     16942 18757.6 18769.2     8656    1275    1275    7381
          42    1.1e+05     16942 18746.4 18746.4     7942    1275    1275    6667
          43    1.1e+05     16942 18744.5 18744.5     8884    1275    1275    7609
          44    1.1e+05     16942 18668.2 18668.2     9126    1275    1275    7851
          45    1.1e+05     16942 18668.2 18699.7     8728    1275    1275    7453
          46    1.1e+05     16942 18668.2 18688.4     8803    1275    1275    7528
          47    1.1e+05     16942 18668.2 18680.3     9543    1275    1275    8268
          48    1.1e+05     16942 18616.6 18616.6     8756    1275    1275    7481
          49    1.1e+05     16942 18616.6 18684.5     8812    1275    1275    7537
          50    1.1e+05     16942 18579.6 18579.6     8719    1275    1275    7444
          51    1.1e+05     16942 18579.6 18640.9     8908    1275    1275    7633
          52    1.1e+05     16942 18548.9 18548.9     9227    1275    1275    7952
          53    1.1e+05     16942 18548.9 18612.5     9546    1275    1275    8271
          54    1.1e+05     16942 18548.2 18548.2     9093    1275    1275    7818
          55    1.1e+05     16942 18548.2 18623.2     9547    1275    1275    8272
          56    1.1e+05     16942   18532   18532     9441    1275    1275    8166
          57    1.1e+05     16942   18532 18566.5     9605    1275    1275    8330
          58    1.2e+05     16942 18524.1 18524.1     9265    1274    1274    7991
          59    1.2e+05     16942 18524.1 18595.3     9850    1275    1275    8575
          60    1.2e+05     16942 18486.8 18486.8     9360    1274    1274    8086
          61    1.2e+05     16942 18486.8 18571.9     9880    1275    1275    8605
          62    1.2e+05     16942 18486.8 18489.8     9459    1274    1274    8185
          63    1.2e+05     16942 18486.8 18584.4    10188    1274    1274    8914
          64    1.2e+05     16942 18471.5 18471.5     9538    1274    1274    8264
          65    1.2e+05     16942 18471.5 18600.5     9697    1274    1274    8423
          66    1.2e+05     16942 18420.1 18420.1     9521    1275    1275    8246
          67    1.2e+05     16942 18420.1 18565.7     9650    1275    1275    8375
          68    1.2e+05     16942 18420.1 18443.1    10352    1273    1273    9079
          69    1.2e+05     16942 18420.1 18527.6    10307    1274    1274    9033
          70    1.2e+05     16942 18411.2 18411.2    10040    1273    1273    8767
          71    1.2e+05     16942 18411.2 18551.1     9821    1274    1274    8547
          72    1.2e+05     16942 18383.2 18383.2     9895    1273    1273    8622
          73    1.2e+05     16942 18383.2 18530.8     9497    1275    1275    8222
          74    1.2e+05     16942 18383.2   18414     9872    1274    1274    8598
          75    1.2e+05     16942 18383.2 18470.2    11117    1274    1274    9843
          76    1.2e+05     16942 18362.4 18362.4    10242    1274    1274    8968
          77    1.2e+05     16942 18362.4 18546.4     9804    1275    1275    8529
          78    1.2e+05     16942 18332.4 18332.4    10872    1274    1274    9598
          79    1.2e+05     16942 18332.4 18482.5    10193    1274    1274    8919
          80    1.2e+05     16942 18332.4 18361.5    10466    1273    1273    9193
          81    1.2e+05     16942 18332.4 18459.2     9946    1274    1274    8672
          82    1.2e+05     16942 18332.4 18333.5    10276    1273    1273    9003
          83    1.2e+05     16942 18332.4 18427.8    10276    1275    1275    9001
          84    1.3e+05     16942 18332.4 18341.4    10450    1273    1273    9177
          85    1.3e+05     16942 18332.4 18408.6    10416    1271    1271    9145
          86    1.3e+05     16942   18331   18331     9903    1275    1275    8628
          87    1.3e+05     16942   18331 18459.7    10473    1273    1273    9200
          88    1.3e+05     16942 18279.6 18279.6    10662    1273    1273    9389
          89    1.3e+05     16942 18279.6 18469.5    10135    1274    1274    8861
          90    1.3e+05     16942   18276   18276    10262    1274    1274    8988
          91    1.3e+05     16942   18276 18409.9    10587    1273    1273    9314
          92    1.3e+05     16942   18276 18280.9    10387    1271    1271    9116
          93    1.3e+05     16942   18276   18364    10477    1273    1273    9204
          94    1.3e+05     16942   18276 18284.3    10389    1273    1273    9116
          95    1.3e+05     16942   18276 18355.3    10558    1272    1272    9286
          96    1.3e+05     16942 18270.2 18270.2    10381    1274    1274    9107
          97    1.3e+05     16942 18270.2 18378.1    10676    1273    1273    9403
          98    1.3e+05     16942 18263.3 18263.3    10251    1272    1272    8979
          99    1.3e+05     16942 18263.3 18456.3    10508    1273    1273    9235
         100    1.3e+05     16942 18244.1 18244.1    10972    1273    1273    9699
         101    1.3e+05     16942 18244.1 18384.2    10882    1272    1272    9610
         102    1.3e+05     16942 18240.8 18240.8    10679    1273    1273    9406
         103    1.3e+05     16942 18240.8 18374.1    10403    1275    1275    9128
         104    1.3e+05     16942 18240.8 18291.8     9949    1272    1272    8677
         105    1.3e+05     16942 18240.8 18391.2    10669    1271    1271    9398
         106    1.3e+05     16942 18197.6 18197.6    11571    1274    1274   10297
         107    1.3e+05     16942 18197.6 18360.8    10434    1273    1273    9161
         108    1.3e+05     16942 18197.6 18267.2    10399    1272    1272    9127
         109    1.3e+05     16942 18197.6 18380.2    10871    1273    1273    9598
         110    1.3e+05     16942 18185.5 18185.5    11407    1272    1272   10135
         111    1.3e+05     16942 18185.5 18332.5    11303    1274    1274   10029
         112    1.3e+05     16942 18185.5 18202.4    11025    1272    1272    9753
         113    1.3e+05     16942 18185.5 18313.4    10844    1273    1273    9571
         114    1.3e+05     16942 18185.5 18207.7    11114    1271    1271    9843
         115    1.4e+05     16942 18185.5 18283.2    11294    1274    1274   10020
         116    1.4e+05     16942 18185.5 18192.1    11254    1271    1271    9983
         117    1.4e+05     16942 18185.5 18291.9    10416    1273    1273    9143
         118    1.4e+05     16942 18185.5 18244.3    10832    1273    1273    9559
         119    1.4e+05     16942 18185.5 18281.6    11203    1274    1274    9929
         120    1.4e+05     16942 18185.5   18212    10855    1270    1270    9585
         121    1.4e+05     16942 18185.5 18306.7    10921    1272    1272    9649
         122    1.4e+05     16942 18184.9 18184.9    11584    1273    1273   10311
         123    1.4e+05     16942 18184.9   18291    11136    1271    1271    9865
         124    1.4e+05     16942 18166.8 18166.8    11576    1272    1272   10304
         125    1.4e+05     16942 18166.8 18259.4    10653    1273    1273    9380
         126    1.4e+05     16942 18166.8   18215    10863    1273    1273    9590
         127    1.4e+05     16942 18166.8 18212.3    10831    1274    1274    9557
         128    1.4e+05     16942 18166.8 18192.4    11082    1272    1272    9810
         129    1.4e+05     16942 18166.8   18214    10821    1273    1273    9548
         130    1.4e+05     16942 18166.8 18218.7    11302    1272    1272   10030
         131    1.4e+05     16942 18166.8 18195.6    11609    1274    1274   10335
         132    1.4e+05     16942 18161.1 18161.1    11796    1273    1273   10523
         133    1.4e+05     16942 18161.1 18211.8    11061    1270    1270    9791
         134    1.4e+05     16942 18161.1 18198.2    11082    1273    1273    9809
         135    1.4e+05     16942 18161.1 18237.9    11328    1272    1272   10056
         136    1.4e+05     16942 18161.1 18169.7    11776    1273    1273   10503
         137    1.4e+05     16942 18161.1 18184.9    11311    1270    1270   10041
         138    1.4e+05     16942 18161.1 18208.2    10654    1272    1272    9382
         139    1.4e+05     16942 18161.1 18284.9    11316    1275    1275   10041
         140    1.4e+05     16942 18144.9 18144.9    11245    1271    1271    9974
         141    1.4e+05     16942 18144.9 18286.7    11269    1273    1273    9996
         142    1.4e+05     16942 18134.5 18134.5    10941    1274    1274    9667
         143    1.4e+05     16942 18134.5 18273.1    11293    1271    1271   10022
         144    1.4e+05     16942 18112.2 18112.2    12326    1273    1273   11053
         145    1.4e+05     16942 18112.2 18192.4    10966    1271    1271    9695
         146    1.4e+05     16942 18112.2   18230    10677    1275    1275    9402
         147    1.4e+05     16942 18112.2 18223.9    11695    1271    1271   10424
         148    1.4e+05     16942 18107.8 18107.8    12682    1271    1271   11411
         149    1.4e+05     16942 18107.8 18161.7    11466    1274    1274   10192
         150    1.4e+05     16942 18107.8 18174.5    10582    1273    1273    9309
         151    1.4e+05     16942 18107.8 18232.9    11244    1272    1272    9972
         152    1.5e+05     16942 18107.8 18112.5    11578    1274    1274   10304
         153    1.5e+05     16942 18107.8 18210.6    11160    1271    1271    9889
         154    1.5e+05     16942 18107.8 18127.4    11284    1274    1274   10010
         155    1.5e+05     16942 18107.8 18204.3    10632    1272    1272    9360
         156    1.5e+05     16942 18107.8 18141.1    11334    1271    1271   10063
         157    1.5e+05     16942 18107.8 18216.3    11452    1271    1271   10181
         158    1.5e+05     16942 18101.7 18101.7    11660    1273    1273   10387
         159    1.5e+05     16942 18101.7 18128.9    11462    1272    1272   10190
         160    1.5e+05     16942 18101.7 18172.8    11027    1272    1272    9755
         161    1.5e+05     16942 18101.7 18154.8    11689    1272    1272   10417
         162    1.5e+05     16942 18101.7   18123    11113    1271    1271    9842
         163    1.5e+05     16942 18101.7 18226.5    11243    1274    1274    9969
         164    1.5e+05     16942 18101.7 18106.4    11898    1272    1272   10626
         165    1.5e+05     16942 18101.7   18180    11209    1271    1271    9938
         166    1.5e+05     16942 18101.7 18127.3    11281    1272    1272   10009
         167    1.5e+05     16942 18101.7 18163.3    12094    1272    1272   10822
         168    1.5e+05     16942 18101.7 18104.3    11646    1271    1271   10375
         169    1.5e+05     16942 18101.7 18231.8    11026    1273    1273    9753
         170    1.5e+05     16942 18097.3 18097.3    12295    1273    1273   11022
         171    1.5e+05     16942 18097.3 18123.4    12352    1271    1271   11081
         172    1.5e+05     16942 18097.3 18126.7    12229    1271    1271   10958
         173    1.5e+05     16942 18097.3 18123.2    11876    1270    1270   10606
         174    1.5e+05     16942 18097.3 18124.1    11053    1273    1273    9780
         175    1.5e+05     16942 18097.3 18199.8    11635    1272    1272   10363
         176    1.5e+05     16942 18047.6 18047.6    12625    1271    1271   11354
         177    1.5e+05     16942 18047.6 18147.2    11980    1270    1270   10710
         178    1.5e+05     16942 18047.6 18119.3    12476    1273    1273   11203
         179    1.5e+05     16942 18047.6 18143.1    12061    1271    1271   10790
         180    1.5e+05     16942 18047.6 18096.7    11445    1271    1271   10174
         181    1.5e+05     16942 18047.6 18173.3    11057    1272    1272    9785
         182    1.5e+05     16942 18047.6 18102.6    11402    1272    1272   10130
         183    1.5e+05     16942 18047.6 18126.2    11503    1273    1273   10230
         184    1.5e+05     16942 18047.6 18122.6    11839    1274    1274   10565
         185    1.5e+05     16942 18047.6 18145.1    12071    1272    1272   10799
         186    1.5e+05     16942 18047.6 18086.5    12109    1270    1270   10839
         187    1.5e+05     16942 18047.6 18079.3    11203    1272    1272    9931
         188    1.5e+05     16942 18047.6 18146.4    11737    1272    1272   10465
         189    1.5e+05     16942 18047.6 18104.8    10810    1272    1272    9538
         190    1.5e+05     16942 18047.6 18146.5    12032    1270    1270   10762
         191    1.5e+05     16942 18047.6 18096.2    12381    1269    1269   11112
         192    1.5e+05     16942 18047.6 18090.9    11545    1272    1272   10273
         193    1.5e+05     16942 18047.6 18227.1    11277    1272    1272   10005
         194    1.5e+05     16942 18047.6 18052.7    12604    1273    1273   11331
         195    1.5e+05     16942 18047.6 18134.3    11902    1272    1272   10630
         196    1.6e+05     16942 18047.6 18095.6    12245    1269    1269   10976
         197    1.6e+05     16942 18047.6 18102.9    13016    1271    1271   11745
         198    1.6e+05     16942 18027.5 18027.5    12780    1269    1269   11511
         199    1.6e+05     16942 18027.5 18148.7    11700    1272    1272   10428
         200    1.6e+05     16942 18027.5 18089.1    11581    1271    1271   10310
         201    1.6e+05     16942 18027.5 18158.4    12355    1274    1274   11081
         202    1.6e+05     16942 18027.5   18048    12823    1272    1272   11551
         203    1.6e+05     16942 18027.5   18129    11640    1271    1271   10369
         204    1.6e+05     16942 18027.5 18110.7    11387    1271    1271   10116
         205    1.6e+05     16942 18027.5 18105.2    11906    1273    1273   10633
         206    1.6e+05     16942 18027.5 18073.1    11740    1273    1273   10467
         207    1.6e+05     16942 18027.5 18157.7    12117    1271    1271   10846
         208    1.6e+05     16942 18027.5 18061.8    12074    1270    1270   10804
         209    1.6e+05     16942 18027.5 18157.6    11823    1273    1273   10550
         210    1.6e+05     16942 18027.5 18062.3    12292    1272    1272   11020
         211    1.6e+05     16942 18027.5 18145.2    12558    1270    1270   11288
         212    1.6e+05     16942 18027.5 18038.5    12140    1274    1274   10866
         213    1.6e+05     16942 18027.5 18184.4    11329    1272    1272   10057
         214    1.6e+05     16942 18027.5 18078.3    12529    1269    1269   11260
         215    1.6e+05     16942 18027.5 18062.6    13105    1270    1270   11835
         216    1.6e+05     16942 18027.5 18028.4    11423    1270    1270   10153
         217    1.6e+05     16942 18027.5 18251.1    11291    1273    1273   10018
         218    1.6e+05     16942 18027.5 18058.8    11853    1272    1272   10581
         219    1.6e+05     16942 18027.5 18129.7    12112    1272    1272   10840
         220    1.6e+05     16942 18027.5 18045.4    12627    1269    1269   11358
         221    1.6e+05     16942 18027.5 18152.8    12120    1272    1272   10848
         222    1.6e+05     16942 18027.5 18069.6    11625    1272    1272   10353
         223    1.6e+05     16942 18027.5 18150.2    11427    1273    1273   10154
               reducing step to 0.1
         224    1.6e+05     16942 17892.5 17892.5    14613    1270    1270   13343
         225    1.6e+05     16942 17792.6 17792.6    16087    1269    1269   14818
         226    1.6e+05     16942   17777   17777    16643    1270    1270   15373
    *    227    1.6e+05     17297 17770.6 17770.6    17297    1268    1268   16029
    *    228    1.6e+05     17388 17770.6 17777.1    17388    1267    1267   16121
    *    229    1.6e+05     17423 17756.8 17756.8    17423    1267    1267   16156
         230    1.6e+05     17423 17756.8 17757.2    17229    1267    1267   15962
         231    1.6e+05     17423 17756.8 17757.7    17299    1267    1267   16032
    *    232    1.6e+05     17569 17756.8 17769.2    17569    1267    1267   16302
    *    233    1.6e+05     17592 17754.2 17754.2    17592    1267    1267   16325
         234    1.6e+05     17592 17752.6 17752.6    17567    1268    1268   16299
         235    1.6e+05     17592 17751.2 17751.2    17587    1267    1267   16320
    *    236    1.6e+05     17597 17751.2 17752.2    17597    1267    1267   16330
    *    237    1.6e+05     17618 17749.5 17749.5    17618    1267    1267   16351
         238    1.6e+05     17618 17749.5 17749.9    17563    1267    1267   16296
         239    1.6e+05     17618   17748   17748    17602    1267    1267   16335
         240    1.6e+05     17618   17748 17748.8    17606    1267    1267   16339
         241    1.6e+05     17618 17746.9 17746.9    17584    1267    1267   16317
         242    1.6e+05     17618 17746.9   17750    17495    1267    1267   16228
         243    1.6e+05     17618 17746.9 17754.1    17346    1267    1267   16079
         244    1.6e+05     17618 17746.9 17747.4    17494    1267    1267   16227
         245    1.6e+05     17618 17745.2 17745.2    17558    1267    1267   16291
         246    1.6e+05     17618 17745.2 17747.3    17590    1267    1267   16323
    *    247    1.6e+05     17619   17745   17745    17619    1267    1267   16352
         248    1.6e+05     17619   17745   17746    17618    1267    1267   16351
         249    1.6e+05     17619   17745 17745.2    17600    1267    1267   16333
         250    1.6e+05     17619 17744.5 17744.5    17613    1267    1267   16346
         251    1.6e+05     17619 17744.1 17744.1    17543    1267    1267   16276
    *    252    1.6e+05     17626 17744.1 17744.4    17626    1267    1267   16359
         253    1.6e+05     17626 17743.6 17743.6    17602    1267    1267   16335
    *    254    1.6e+05     17645 17743.6 17744.8    17645    1267    1267   16378
         255    1.6e+05     17645 17742.2 17742.2    17631    1267    1267   16364
    *    256    1.6e+05     17648 17742.2 17743.8    17648    1267    1267   16381
         257    1.6e+05     17648 17741.9 17741.9    17621    1267    1267   16354
         258    1.6e+05     17648 17741.9 17742.6    17621    1267    1267   16354
         259    1.6e+05     17648 17740.2 17740.2    17612    1267    1267   16345
         260    1.6e+05     17648 17740.2 17740.9    17619    1267    1267   16352
         261    1.6e+05     17648 17740.2   17741    17611    1267    1267   16344
         262    1.6e+05     17648 17740.2 17741.6    17633    1267    1267   16366
         263    1.6e+05     17648 17740.2 17740.8    17617    1267    1267   16350
         264    1.6e+05     17648 17740.2 17741.2    17602    1267    1267   16335
         265    1.6e+05     17648 17739.9 17739.9    17641    1267    1267   16374
         266    1.6e+05     17648 17739.9 17740.6    17556    1267    1267   16289
         267    1.6e+05     17648 17739.2 17739.2    17608    1267    1267   16341
         268    1.6e+05     17648 17739.2 17739.4    17648    1267    1267   16381
         269    1.6e+05     17648 17739.2 17739.7    17596    1267    1267   16329
         270    1.6e+05     17648 17738.3 17738.3    17595    1267    1267   16328
         271    1.6e+05     17648 17738.3 17739.3    17634    1267    1267   16367
    *    272    1.6e+05     17655 17738.3 17738.7    17655    1267    1267   16388
         273    1.6e+05     17655 17738.3 17738.7    17626    1267    1267   16359
         274    1.6e+05     17655 17738.3 17755.8    17652    1267    1267   16385
         275    1.6e+05     17655 17737.6 17737.6    17633    1267    1267   16366
         276    1.6e+05     17655 17737.6 17738.9    17636    1267    1267   16369
         277    1.6e+05     17655 17737.5 17737.5    17630    1267    1267   16363
    *    278    1.6e+05     17658 17737.5 17738.9    17658    1267    1267   16391
         279    1.6e+05     17658 17737.5 17737.5    17651    1267    1267   16384
    *    280    1.6e+05     17662 17737.5   17738    17662    1267    1267   16395
         281    1.6e+05     17662 17737.5 17737.8    17638    1267    1267   16371
    *    282    1.6e+05     17667 17737.3 17737.3    17667    1267    1267   16400
         283    1.6e+05     17667 17737.3 17738.1    17597    1267    1267   16330
         284    1.6e+05     17667 17737.3 17739.1    17646    1267    1267   16379
         285    1.6e+05     17667 17737.3 17737.8    17615    1267    1267   16348
         286    1.6e+05     17667 17736.5 17736.5    17636    1267    1267   16369
         287    1.6e+05     17667 17736.5 17737.2    17588    1267    1267   16321
         288    1.6e+05     17667 17735.8 17735.8    17651    1267    1267   16384
         289    1.6e+05     17667 17735.8 17736.7    17634    1267    1267   16367
         290    1.6e+05     17667 17735.8 17735.8    17660    1267    1267   16393
         291    1.6e+05     17667 17735.5 17735.5    17642    1267    1267   16375
         292    1.6e+05     17667 17735.5 17736.2    17624    1267    1267   16357
         293    1.6e+05     17667 17735.5 17735.9    17632    1267    1267   16365
         294    1.6e+05     17667 17735.5 17736.7    17635    1267    1267   16368
         295    1.6e+05     17667 17734.6 17734.6    17636    1267    1267   16369
         296    1.6e+05     17667 17734.6 17735.7    17661    1267    1267   16394
         297    1.6e+05     17667 17734.6 17735.4    17633    1267    1267   16366
         298    1.6e+05     17667 17734.6 17734.8    17543    1267    1267   16276
         299    1.6e+05     17667 17734.6   17735    17646    1267    1267   16379
         300    1.6e+05     17667 17734.6 17735.9    17544    1267    1267   16277
         301    1.6e+05     17667 17734.6 17734.8    17622    1267    1267   16355
         302    1.6e+05     17667 17734.6 17735.2    17658    1267    1267   16391
         303    1.6e+05     17667 17734.6 17735.1    17616    1267    1267   16349
         304    1.6e+05     17667 17734.1 17734.1    17636    1267    1267   16369
         305    1.6e+05     17667 17734.1 17749.8    17541    1267    1267   16274
         306    1.6e+05     17667 17734.1 17735.2    17433    1267    1267   16166
         307    1.6e+05     17667 17734.1 17740.4    17430    1267    1267   16163
         308    1.6e+05     17667 17734.1 17737.6    17167    1267    1267   15900
         309    1.6e+05     17667 17734.1 17748.4    17410    1268    1268   16142
         310    1.6e+05     17667 17734.1 17736.9    17463    1267    1267   16196
         311    1.6e+05     17667 17734.1 17734.4    17628    1267    1267   16361
         312    1.6e+05     17667 17734.1 17734.2    17543    1267    1267   16276
         313    1.6e+05     17667 17734.1   17735    17636    1267    1267   16369
         314    1.6e+05     17667 17733.1 17733.1    17642    1267    1267   16375
    *    315    1.6e+05     17673 17733.1 17733.6    17673    1267    1267   16406
         316    1.6e+05     17673 17733.1 17733.5    17658    1267    1267   16391
         317    1.6e+05     17673 17733.1 17733.1    17164    1267    1267   15897
         318    1.6e+05     17673 17733.1 17740.8    17401    1267    1267   16134
         319    1.6e+05     17673 17733.1 17738.3    16861    1267    1267   15594
         320    1.6e+05     17673 17733.1 17755.3    16978    1267    1267   15711
         321    1.6e+05     17673 17733.1 17736.7    17021    1267    1267   15754
         322    1.6e+05     17673 17733.1 17736.5    16821    1267    1267   15554
         323    1.6e+05     17673 17733.1   17741    16597    1267    1267   15330
         324    1.6e+05     17673 17733.1 17740.9    16664    1267    1267   15397
         325    1.6e+05     17673 17733.1 17743.7    16110    1268    1268   14842
         326    1.6e+05     17673 17733.1 17756.3    16024    1267    1267   14757
         327    1.6e+05     17673 17733.1 17748.5    15523    1269    1269   14254
         328    1.6e+05     17673 17733.1 17760.1    15632    1267    1267   14365
         329    1.6e+05     17673 17733.1   17757    15831    1269    1269   14562
         330    1.6e+05     17673 17733.1 17745.3    15553    1267    1267   14286
         331    1.6e+05     17673 17733.1 17754.2    15824    1268    1268   14556
         332    1.6e+05     17673 17733.1 17746.2    16697    1268    1268   15429
         333    1.6e+05     17673 17733.1 17739.6    15994    1268    1268   14726
         334    1.6e+05     17673 17733.1 17749.7    16218    1267    1267   14951
         335    1.6e+05     17673 17733.1 17753.3    16996    1268    1268   15728
         336    1.6e+05     17673 17733.1 17736.5    16829    1268    1268   15561
         337    1.6e+05     17673 17733.1 17743.4    16630    1267    1267   15363
         338    1.6e+05     17673 17733.1 17738.9    17309    1269    1269   16040
         339    1.6e+05     17673 17733.1 17748.3    16994    1267    1267   15727
               reducing step to 0.05
         340    1.6e+05     17673 17726.2 17726.2    17475    1267    1267   16208
         341    1.6e+05     17673   17713   17713    17636    1267    1267   16369
         342    1.6e+05     17673   17713 17713.7    17627    1267    1267   16360
         343    1.6e+05     17673 17712.8 17712.8    17663    1267    1267   16396
    *    344    1.6e+05     17674 17712.8 17713.1    17674    1267    1267   16407
         345    1.6e+05     17674 17712.3 17712.3    17673    1267    1267   16406
    *    346    1.6e+05     17682 17712.3 17713.2    17682    1267    1267   16415
         347    1.6e+05     17682 17712.3 17712.8    17655    1267    1267   16388
         348    1.6e+05     17682 17712.3 17713.5    17642    1267    1267   16375
         349    1.6e+05     17682 17712.3 17712.8    17653    1267    1267   16386
         350    1.6e+05     17682 17712.3 17713.3    17560    1267    1267   16293
         351    1.6e+05     17682 17712.3 17712.4    17497    1267    1267   16230
         352    1.6e+05     17682 17712.3 17713.6    17651    1267    1267   16384
         353    1.6e+05     17682 17712.3 17712.4    17621    1268    1268   16353
         354    1.6e+05     17682 17712.3   17713    17678    1267    1267   16411
         355    1.6e+05     17682 17712.2 17712.2    17676    1267    1267   16409
         356    1.6e+05     17682 17712.2 17712.8    17653    1267    1267   16386
         357    1.6e+05     17682 17712.2 17712.4    17676    1267    1267   16409
         358    1.6e+05     17682 17712.2 17712.9    17678    1267    1267   16411
         359    1.6e+05     17682   17712   17712    17637    1267    1267   16370
         360    1.6e+05     17682   17712 17713.1    17674    1267    1267   16407
         361    1.6e+05     17682 17711.7 17711.7    17680    1267    1267   16413
         362    1.6e+05     17682 17711.7 17713.1    17676    1267    1267   16409
         363    1.6e+05     17682 17711.6 17711.6    17681    1267    1267   16414
         364    1.6e+05     17682 17711.6 17712.6    17677    1267    1267   16410
         365    1.6e+05     17682 17711.6 17711.7    17678    1267    1267   16411
         366    1.6e+05     17682 17711.6 17712.6    17673    1267    1267   16406
         367    1.6e+05     17682 17711.6 17711.7    17678    1267    1267   16411
         368    1.6e+05     17682 17711.6 17712.4    17665    1267    1267   16398
         369    1.6e+05     17682 17711.4 17711.4    17680    1267    1267   16413
         370    1.6e+05     17682 17711.4 17712.4    17619    1267    1267   16352
         371    1.6e+05     17682 17711.4 17711.4    17681    1267    1267   16414
         372    1.6e+05     17682 17711.4 17712.4    17677    1267    1267   16410
         373    1.6e+05     17682 17711.4 17711.5    17667    1267    1267   16400
         374    1.6e+05     17682 17711.4 17712.2    17671    1267    1267   16404
         375    1.6e+05     17682 17711.4 17711.5    17662    1267    1267   16395
         376    1.6e+05     17682 17711.4 17712.5    17673    1267    1267   16406
         377    1.6e+05     17682 17711.4 17711.4    17682    1267    1267   16415
         378    1.6e+05     17682 17711.4 17712.5    17672    1267    1267   16405
         379    1.6e+05     17682 17711.4 17711.4    17656    1267    1267   16389
         380    1.6e+05     17682 17711.4 17712.5    17664    1267    1267   16397
         381    1.6e+05     17682 17711.4 17711.7    17681    1267    1267   16414
         382    1.6e+05     17682 17711.4 17712.5    17668    1267    1267   16401
         383    1.6e+05     17682 17711.4 17711.6    17678    1267    1267   16411
         384    1.6e+05     17682 17711.4 17712.6    17652    1267    1267   16385
         385    1.6e+05     17682 17711.3 17711.3    17678    1267    1267   16411
         386    1.6e+05     17682 17711.3 17712.1    17668    1267    1267   16401
         387    1.6e+05     17682 17711.3 17711.6    17677    1267    1267   16410
         388    1.6e+05     17682 17711.3 17712.4    17671    1267    1267   16404
         389    1.6e+05     17682 17711.3 17711.3    17681    1267    1267   16414
         390    1.6e+05     17682 17711.3 17712.2    17671    1267    1267   16404
         391    1.6e+05     17682 17711.3 17711.4    17677    1267    1267   16410
         392    1.6e+05     17682 17711.3 17712.1    17668    1267    1267   16401
         393    1.6e+05     17682 17711.3 17711.3    17678    1267    1267   16411
         394    1.6e+05     17682 17711.3 17712.4    17666    1267    1267   16399
         395    1.6e+05     17682 17711.2 17711.2    17678    1267    1267   16411
         396    1.6e+05     17682 17711.2 17712.5    17669    1267    1267   16402
         397    1.6e+05     17682 17711.2 17711.4    17664    1267    1267   16397
         398    1.6e+05     17682 17711.2 17712.1    17671    1267    1267   16404
         399    1.6e+05     17682 17711.2 17711.2    17679    1267    1267   16412
         400    1.6e+05     17682 17711.2 17711.8    17676    1267    1267   16409
         401    1.6e+05     17682   17711   17711    17677    1267    1267   16410
         402    1.6e+05     17682   17711 17712.1    17670    1267    1267   16403
         403    1.6e+05     17682   17711   17711    17677    1267    1267   16410
         404    1.6e+05     17682   17711 17712.1    17641    1267    1267   16374
         405    1.6e+05     17682   17711   17711    17680    1267    1267   16413
         406    1.6e+05     17682   17711 17712.1    17672    1267    1267   16405
         407    1.6e+05     17682 17710.9 17710.9    17677    1267    1267   16410
         408    1.6e+05     17682 17710.9 17712.2    17675    1267    1267   16408
         409    1.6e+05     17682 17710.8 17710.8    17676    1267    1267   16409
         410    1.6e+05     17682 17710.8 17711.8    17673    1267    1267   16406
         411    1.6e+05     17682 17710.7 17710.7    17674    1267    1267   16407
         412    1.6e+05     17682 17710.7 17711.7    17674    1267    1267   16407
         413    1.6e+05     17682 17710.7 17710.7    17677    1267    1267   16410
         414    1.6e+05     17682 17710.7 17711.8    17676    1267    1267   16409
         415    1.6e+05     17682 17710.7 17710.7    17666    1267    1267   16399
         416    1.6e+05     17682 17710.7 17711.8    17674    1267    1267   16407
         417    1.6e+05     17682 17710.6 17710.6    17679    1267    1267   16412
         418    1.6e+05     17682 17710.6 17711.9    17670    1267    1267   16403
         419    1.6e+05     17682 17710.6 17710.6    17677    1267    1267   16410
         420    1.6e+05     17682 17710.6 17711.9    17670    1267    1267   16403
         421    1.6e+05     17682 17710.4 17710.4    17679    1267    1267   16412
         422    1.6e+05     17682 17710.4 17711.9    17672    1267    1267   16405
         423    1.6e+05     17682 17710.3 17710.3    17682    1267    1267   16415
         424    1.6e+05     17682 17710.3 17711.8    17676    1267    1267   16409
    *    425    1.6e+05     17683 17710.3 17710.7    17683    1267    1267   16416
         426    1.6e+05     17683 17710.3 17711.8    17670    1267    1267   16403
         427    1.6e+05     17683 17710.3 17710.6    17679    1267    1267   16412
         428    1.6e+05     17683 17710.3 17711.5    17675    1267    1267   16408
         429    1.6e+05     17683 17710.3 17710.7    17676    1267    1267   16409
         430    1.6e+05     17683 17710.3 17711.4    17671    1267    1267   16404
         431    1.6e+05     17683 17710.3 17710.7    17677    1267    1267   16410
         432    1.6e+05     17683 17710.3 17711.9    17672    1267    1267   16405
         433    1.6e+05     17683 17710.3 17710.6    17678    1267    1267   16411
         434    1.6e+05     17683 17710.3 17711.9    17676    1267    1267   16409
         435    1.6e+05     17683 17710.3 17710.7    17679    1267    1267   16412
         436    1.6e+05     17683 17710.3 17711.9    17676    1267    1267   16409
         437    1.6e+05     17683 17710.3 17710.7    17679    1267    1267   16412
         438    1.6e+05     17683 17710.3 17711.9    17579    1267    1267   16312
         439    1.6e+05     17683 17710.3 17710.9    17611    1267    1267   16344
         440    1.6e+05     17683 17710.3 17711.8    17677    1267    1267   16410
         441    1.6e+05     17683 17710.3 17711.1    17663    1268    1268   16395
         442    1.6e+05     17683 17710.3 17711.7    17675    1267    1267   16408
         443    1.6e+05     17683 17710.3   17711    17676    1267    1267   16409
         444    1.6e+05     17683 17710.3 17711.5    17677    1267    1267   16410
         445    1.6e+05     17683 17710.3 17710.7    17678    1267    1267   16411
         446    1.6e+05     17683 17710.3 17711.8    17676    1267    1267   16409
         447    1.6e+05     17683 17710.3 17710.6    17679    1267    1267   16412
         448    1.6e+05     17683 17710.3 17711.7    17653    1267    1267   16386
               reducing step to 0.025
         449    1.6e+05     17683 17706.3 17706.3    17610    1267    1267   16343
         450    1.6e+05     17683 17702.1 17702.1    17412    1267    1267   16145
         451    1.6e+05     17683 17702.1 17703.7    17648    1267    1267   16381
         452    1.6e+05     17683   17702   17702    17681    1267    1267   16414
         453    1.6e+05     17683   17702 17703.4    17612    1267    1267   16345
    *    454    1.6e+05     17684 17701.8 17701.8    17684    1267    1267   16417
         455    1.6e+05     17684 17701.8 17703.5    17676    1267    1267   16409
         456    1.6e+05     17684 17701.7 17701.7    17684    1267    1267   16417
         457    1.6e+05     17684 17701.7 17703.4    17676    1267    1267   16409
         458    1.6e+05     17684 17701.6 17701.6    17682    1267    1267   16415
         459    1.6e+05     17684 17701.6 17703.1    17679    1267    1267   16412
    *    460    1.6e+05     17685 17701.5 17701.5    17685    1267    1267   16418
         461    1.6e+05     17685 17701.5 17703.4    17677    1267    1267   16410
         462    1.6e+05     17685 17701.5 17701.6    17683    1267    1267   16416
         463    1.6e+05     17685 17701.5 17703.2    17681    1267    1267   16414
         464    1.6e+05     17685 17701.5 17701.5    17683    1267    1267   16416
         465    1.6e+05     17685 17701.5   17703    17676    1267    1267   16409
         466    1.6e+05     17685 17701.5 17701.5    17660    1267    1267   16393
         467    1.6e+05     17685 17701.5 17702.9    17680    1267    1267   16413
         468    1.6e+05     17685 17701.5 17701.6    17683    1267    1267   16416
         469    1.6e+05     17685 17701.5   17703    17678    1267    1267   16411
         470    1.6e+05     17685 17701.4 17701.4    17684    1267    1267   16417
         471    1.6e+05     17685 17701.4   17703    17678    1267    1267   16411
         472    1.6e+05     17685 17701.4 17701.6    17684    1267    1267   16417
         473    1.6e+05     17685 17701.4 17703.2    17677    1267    1267   16410
         474    1.6e+05     17685 17701.4 17701.5    17683    1267    1267   16416
         475    1.6e+05     17685 17701.4 17703.1    17675    1267    1267   16408
         476    1.6e+05     17685 17701.3 17701.3    17681    1267    1267   16414
         477    1.6e+05     17685 17701.3 17703.1    17677    1267    1267   16410
         478    1.6e+05     17685 17701.3 17701.4    17679    1267    1267   16412
         479    1.6e+05     17685 17701.3   17703    17678    1267    1267   16411
         480    1.6e+05     17685 17701.3 17701.4    17683    1267    1267   16416
         481    1.6e+05     17685 17701.3   17703    17677    1267    1267   16410
         482    1.6e+05     17685 17701.3 17701.3    17682    1267    1267   16415
         483    1.6e+05     17685 17701.3   17703    17677    1267    1267   16410
         484    1.6e+05     17685 17701.3 17701.4    17679    1267    1267   16412
         485    1.6e+05     17685 17701.3 17702.9    17677    1267    1267   16410
         486    1.6e+05     17685 17701.3 17701.5    17679    1267    1267   16412
         487    1.6e+05     17685 17701.3 17702.8    17676    1267    1267   16409
         488    1.6e+05     17685 17701.3 17701.3    17679    1267    1267   16412
         489    1.6e+05     17685 17701.3 17702.9    17676    1267    1267   16409
         490    1.6e+05     17685 17701.3 17701.4    17682    1267    1267   16415
         491    1.6e+05     17685 17701.3 17702.9    17674    1267    1267   16407
         492    1.6e+05     17685 17701.2 17701.2    17680    1267    1267   16413
         493    1.6e+05     17685 17701.2 17702.9    17675    1267    1267   16408
         494    1.6e+05     17685 17701.2 17701.4    17681    1267    1267   16414
         495    1.6e+05     17685 17701.2 17702.8    17676    1267    1267   16409
         496    1.6e+05     17685 17701.2 17701.2    17680    1267    1267   16413
         497    1.6e+05     17685 17701.2 17702.9    17676    1267    1267   16409
         498    1.6e+05     17685 17701.2 17701.3    17682    1267    1267   16415
         499    1.6e+05     17685 17701.2 17702.9    17675    1267    1267   16408
         500    1.6e+05     17685 17701.2 17701.3    17682    1267    1267   16415
         501    1.6e+05     17685 17701.2   17703    17674    1267    1267   16407
         502    1.6e+05     17685 17701.2 17701.3    17681    1267    1267   16414
         503    1.6e+05     17685 17701.2 17702.9    17674    1267    1267   16407
         504    1.6e+05     17685 17701.2 17701.3    17681    1267    1267   16414
         505    1.6e+05     17685 17701.2 17702.9    17674    1267    1267   16407
         506    1.6e+05     17685 17701.2 17701.3    17681    1267    1267   16414
         507    1.6e+05     17685 17701.2 17702.8    17677    1267    1267   16410
         508    1.6e+05     17685 17701.2 17701.3    17680    1267    1267   16413
         509    1.6e+05     17685 17701.2 17702.9    17676    1267    1267   16409
         510    1.6e+05     17685 17701.2 17701.2    17681    1267    1267   16414
         511    1.6e+05     17685 17701.2 17702.8    17678    1267    1267   16411
         512    1.6e+05     17685 17701.1 17701.1    17673    1267    1267   16406
         513    1.6e+05     17685 17701.1   17703    17674    1267    1267   16407
         514    1.6e+05     17685 17701.1 17701.2    17681    1267    1267   16414
         515    1.6e+05     17685 17701.1 17702.8    17676    1267    1267   16409
         516    1.6e+05     17685 17701.1 17701.2    17681    1267    1267   16414
         517    1.6e+05     17685 17701.1 17702.8    17676    1267    1267   16409
         518    1.6e+05     17685 17701.1 17701.1    17680    1267    1267   16413
         519    1.6e+05     17685 17701.1 17702.8    17678    1267    1267   16411
         520    1.6e+05     17685 17701.1 17701.2    17682    1267    1267   16415
         521    1.6e+05     17685 17701.1 17702.9    17678    1267    1267   16411
         522    1.6e+05     17685 17701.1 17701.2    17679    1267    1267   16412
         523    1.6e+05     17685 17701.1 17702.8    17677    1267    1267   16410
         524    1.6e+05     17685 17701.1 17701.2    17680    1267    1267   16413
         525    1.6e+05     17685 17701.1 17702.7    17673    1267    1267   16406
         526    1.6e+05     17685 17701.1 17701.1    17681    1267    1267   16414
         527    1.6e+05     17685 17701.1 17702.8    17677    1267    1267   16410
         528    1.6e+05     17685 17701.1 17701.2    17681    1267    1267   16414
         529    1.6e+05     17685 17701.1 17702.7    17676    1267    1267   16409
         530    1.6e+05     17685 17701.1 17701.2    17679    1267    1267   16412
         531    1.6e+05     17685 17701.1 17702.7    17677    1267    1267   16410
         532    1.6e+05     17685 17701.1 17701.2    17679    1267    1267   16412
         533    1.6e+05     17685 17701.1 17702.7    17678    1267    1267   16411
         534    1.6e+05     17685 17701.1 17701.2    17681    1267    1267   16414
         535    1.6e+05     17685 17701.1 17702.7    17678    1267    1267   16411
         536    1.6e+05     17685 17701.1 17701.2    17680    1267    1267   16413
         537    1.6e+05     17685 17701.1 17702.7    17678    1267    1267   16411
               reducing step to 0.0125
         538    1.6e+05     17685 17699.6 17699.6    17641    1267    1267   16374
         539    1.6e+05     17685 17697.8 17697.8    17675    1267    1267   16408
         540    1.6e+05     17685 17697.8 17697.9    17672    1267    1267   16405
    *    541    1.6e+05     17688 17697.6 17697.6    17688    1267    1267   16421
         542    1.6e+05     17688 17697.6 17697.8    17677    1267    1267   16410
         543    1.6e+05     17688 17697.6 17697.6    17684    1267    1267   16417
         544    1.6e+05     17688 17697.6 17697.8    17674    1267    1267   16407
         545    1.6e+05     17688 17697.6 17697.6    17687    1267    1267   16420
         546    1.6e+05     17688 17697.6 17697.8    17679    1267    1267   16412
         547    1.6e+05     17688 17697.4 17697.4    17686    1267    1267   16419
         548    1.6e+05     17688 17697.4 17697.7    17676    1267    1267   16409
         549    1.6e+05     17688 17697.4 17697.5    17684    1267    1267   16417
         550    1.6e+05     17688 17697.4 17697.7    17678    1267    1267   16411
         551    1.6e+05     17688 17697.4 17697.4    17675    1267    1267   16408
         552    1.6e+05     17688 17697.4 17697.6    17675    1267    1267   16408
         553    1.6e+05     17688 17697.4 17697.4    17680    1267    1267   16413
         554    1.6e+05     17688 17697.4 17697.6    17679    1267    1267   16412
         555    1.6e+05     17688 17697.4 17697.5    17684    1267    1267   16417
         556    1.6e+05     17688 17697.4 17697.6    17678    1267    1267   16411
         557    1.6e+05     17688 17697.4 17697.4    17687    1267    1267   16420
         558    1.6e+05     17688 17697.4 17697.6    17679    1267    1267   16412
         559    1.6e+05     17688 17697.4 17697.5    17688    1267    1267   16421
         560    1.6e+05     17688 17697.4 17697.6    17677    1267    1267   16410
         561    1.6e+05     17688 17697.4 17697.4    17687    1267    1267   16420
         562    1.6e+05     17688 17697.4 17697.6    17675    1267    1267   16408
         563    1.6e+05     17688 17697.4 17697.4    17686    1267    1267   16419
         564    1.6e+05     17688 17697.4 17697.6    17676    1267    1267   16409
         565    1.6e+05     17688 17697.4 17697.4    17685    1267    1267   16418
         566    1.6e+05     17688 17697.4 17697.5    17678    1267    1267   16411
         567    1.6e+05     17688 17697.4 17697.4    17687    1267    1267   16420
         568    1.6e+05     17688 17697.4 17697.5    17678    1267    1267   16411
         569    1.6e+05     17688 17697.3 17697.3    17687    1267    1267   16420
         570    1.6e+05     17688 17697.3 17697.5    17677    1267    1267   16410
         571    1.6e+05     17688 17697.3 17697.4    17686    1267    1267   16419
         572    1.6e+05     17688 17697.3 17697.5    17675    1267    1267   16408
         573    1.6e+05     17688 17697.3 17697.3    17687    1267    1267   16420
         574    1.6e+05     17688 17697.3 17697.5    17677    1267    1267   16410
         575    1.6e+05     17688 17697.3 17697.4    17687    1267    1267   16420
         576    1.6e+05     17688 17697.3 17697.5    17676    1267    1267   16409
         577    1.6e+05     17688 17697.3 17697.3    17687    1267    1267   16420
         578    1.6e+05     17688 17697.3 17697.5    17677    1267    1267   16410
         579    1.6e+05     17688 17697.3 17697.4    17687    1267    1267   16420
         580    1.6e+05     17688 17697.3 17697.5    17676    1267    1267   16409
         581    1.6e+05     17688 17697.3 17697.4    17680    1267    1267   16413
         582    1.6e+05     17688 17697.3 17697.5    17678    1267    1267   16411
         583    1.6e+05     17688 17697.3 17697.4    17686    1267    1267   16419
         584    1.6e+05     17688 17697.3 17697.5    17675    1267    1267   16408
         585    1.6e+05     17688 17697.3 17697.3    17683    1267    1267   16416
         586    1.6e+05     17688 17697.3 17697.5    17678    1267    1267   16411
         587    1.6e+05     17688 17697.3 17697.4    17687    1267    1267   16420
         588    1.6e+05     17688 17697.3 17697.5    17675    1267    1267   16408
         589    1.6e+05     17688 17697.3 17697.3    17686    1267    1267   16419
         590    1.6e+05     17688 17697.3 17697.5    17678    1267    1267   16411
         591    1.6e+05     17688 17697.3 17697.3    17687    1267    1267   16420
         592    1.6e+05     17688 17697.3 17697.5    17675    1267    1267   16408
         593    1.6e+05     17688 17697.3 17697.3    17687    1267    1267   16420
         594    1.6e+05     17688 17697.3 17697.5    17677    1267    1267   16410
         595    1.6e+05     17688 17697.3 17697.4    17686    1267    1267   16419
         596    1.6e+05     17688 17697.3 17697.5    17674    1267    1267   16407
         597    1.6e+05     17688 17697.3 17697.3    17687    1267    1267   16420
         598    1.6e+05     17688 17697.3 17697.5    17678    1267    1267   16411
         599    1.6e+05     17688 17697.3 17697.3    17686    1267    1267   16419
         600    1.6e+05     17688 17697.3 17697.4    17676    1267    1267   16409
         601    1.6e+05     17688 17697.3 17697.3    17686    1267    1267   16419
         602    1.6e+05     17688 17697.3 17697.4    17678    1267    1267   16411
         603    1.6e+05     17688 17697.3 17697.3    17687    1267    1267   16420
         604    1.6e+05     17688 17697.3 17697.4    17677    1267    1267   16410
         605    1.6e+05     17688 17697.3 17697.3    17686    1267    1267   16419
         606    1.6e+05     17688 17697.3 17697.4    17678    1267    1267   16411
         607    1.6e+05     17688 17697.3 17697.3    17687    1267    1267   16420
         608    1.6e+05     17688 17697.3 17697.4    17677    1267    1267   16410
         609    1.6e+05     17688 17697.3 17697.3    17687    1267    1267   16420
         610    1.6e+05     17688 17697.3 17697.4    17678    1267    1267   16411
         611    1.6e+05     17688 17697.3 17697.3    17686    1267    1267   16419
         612    1.6e+05     17688 17697.3 17697.4    17676    1267    1267   16409
         613    1.6e+05     17688 17697.3 17697.3    17685    1267    1267   16418
         614    1.6e+05     17688 17697.3 17697.5    17677    1267    1267   16410
         615    1.6e+05     17688 17697.3 17697.5    17685    1267    1267   16418
         616    1.6e+05     17688 17697.3 17697.4    17674    1267    1267   16407
         617    1.6e+05     17688 17697.3 17697.5    17685    1267    1267   16418
         618    1.6e+05     17688 17697.3 17697.4    17677    1267    1267   16410
         619    1.6e+05     17688 17697.3 17697.3    17685    1267    1267   16418
         620    1.6e+05     17688 17697.3 17697.4    17674    1267    1267   16407
         621    1.6e+05     17688 17697.2 17697.2    17686    1267    1267   16419
         622    1.6e+05     17688 17697.2 17697.4    17677    1267    1267   16410
         623    1.6e+05     17688 17697.2 17697.3    17686    1267    1267   16419
         624    1.6e+05     17688 17697.2 17697.5    17674    1267    1267   16407
         625    1.6e+05     17688 17697.2 17697.3    17687    1267    1267   16420
         626    1.6e+05     17688 17697.2 17697.4    17677    1267    1267   16410
         627    1.6e+05     17688 17697.2 17697.3    17684    1267    1267   16417
         628    1.6e+05     17688 17697.2 17697.3    17674    1267    1267   16407
         629    1.6e+05     17688 17697.2 17697.2    17684    1267    1267   16417
         630    1.6e+05     17688 17697.2 17697.4    17677    1267    1267   16410
         631    1.6e+05     17688 17697.2 17697.3    17687    1267    1267   16420
         632    1.6e+05     17688 17697.2 17697.3    17675    1267    1267   16408
         633    1.6e+05     17688 17697.2 17697.2    17686    1267    1267   16419
         634    1.6e+05     17688 17697.2 17697.4    17677    1267    1267   16410
         635    1.6e+05     17688 17697.2 17697.3    17685    1267    1267   16418
         636    1.6e+05     17688 17697.2 17697.3    17674    1267    1267   16407
         637    1.6e+05     17688 17697.2 17697.4    17686    1267    1267   16419
         638    1.6e+05     17688 17697.2 17697.4    17676    1267    1267   16409
         639    1.6e+05     17688 17697.2 17697.3    17686    1267    1267   16419
         640    1.6e+05     17688 17697.2 17697.3    17676    1267    1267   16409
         641    1.6e+05     17688 17697.2 17697.2    17685    1267    1267   16418
         642    1.6e+05     17688 17697.2 17697.3    17678    1267    1267   16411
         643    1.6e+05     17688 17697.2 17697.3    17685    1267    1267   16418
         644    1.6e+05     17688 17697.2 17697.3    17677    1267    1267   16410
         645    1.6e+05     17688 17697.2 17697.2    17686    1267    1267   16419
         646    1.6e+05     17688 17697.2 17697.4    17678    1267    1267   16411
               reducing step to 0.00625
         647    1.6e+05     17688 17696.4 17696.4    17662    1267    1267   16395
         648    1.6e+05     17688 17695.4 17695.4    17676    1267    1267   16409
         649    1.6e+05     17688 17695.1 17695.1    17678    1267    1267   16411
         650    1.6e+05     17688 17695.1 17695.1    17683    1267    1267   16416
         651    1.6e+05     17688 17695.1 17695.3    17684    1267    1267   16417
         652    1.6e+05     17688 17695.1 17695.1    17679    1267    1267   16412
         653    1.6e+05     17688 17695.1 17695.4    17676    1267    1267   16409
         654    1.6e+05     17688 17695.1 17695.1    17685    1267    1267   16418
         655    1.6e+05     17688 17695.1 17695.4    17680    1267    1267   16413
         656    1.6e+05     17688 17695.1 17695.1    17685    1267    1267   16418
         657    1.6e+05     17688 17695.1 17695.4    17681    1267    1267   16414
         658    1.6e+05     17688 17695.1 17695.1    17684    1267    1267   16417
         659    1.6e+05     17688 17695.1 17695.4    17684    1267    1267   16417
         660    1.6e+05     17688 17695.1 17695.1    17687    1267    1267   16420
         661    1.6e+05     17688 17695.1 17695.4    17682    1267    1267   16415
         662    1.6e+05     17688 17695.1 17695.1    17685    1267    1267   16418
         663    1.6e+05     17688 17695.1 17695.3    17682    1267    1267   16415
         664    1.6e+05     17688 17695.1 17695.1    17685    1267    1267   16418
         665    1.6e+05     17688 17695.1 17695.3    17681    1267    1267   16414
         666    1.6e+05     17688 17695.1 17695.1    17686    1267    1267   16419
         667    1.6e+05     17688 17695.1 17695.3    17679    1267    1267   16412
         668    1.6e+05     17688 17695.1 17695.1    17687    1267    1267   16420
         669    1.6e+05     17688 17695.1 17695.3    17682    1267    1267   16415
         670    1.6e+05     17688 17695.1 17695.1    17687    1267    1267   16420
         671    1.6e+05     17688 17695.1 17695.3    17682    1267    1267   16415
         672    1.6e+05     17688 17695.1 17695.1    17686    1267    1267   16419
         673    1.6e+05     17688 17695.1 17695.3    17681    1267    1267   16414
         674    1.6e+05     17688 17695.1 17695.1    17685    1267    1267   16418
               reducing step to 0.003125
         675    1.6e+05     17688 17694.8 17694.8    17665    1267    1267   16398
         676    1.6e+05     17688 17694.3 17694.3    17675    1267    1267   16408
         677    1.6e+05     17688 17694.3 17694.5    17680    1267    1267   16413
         678    1.6e+05     17688 17694.3 17694.3    17684    1267    1267   16417
         679    1.6e+05     17688 17694.3 17694.4    17682    1267    1267   16415
         680    1.6e+05     17688 17694.2 17694.2    17684    1267    1267   16417
         681    1.6e+05     17688 17694.2 17694.4    17681    1267    1267   16414
         682    1.6e+05     17688 17694.2 17694.2    17686    1267    1267   16419
         683    1.6e+05     17688 17694.2 17694.4    17682    1267    1267   16415
         684    1.6e+05     17688 17694.2 17694.2    17687    1267    1267   16420
         685    1.6e+05     17688 17694.2 17694.4    17683    1267    1267   16416
         686    1.6e+05     17688 17694.2 17694.2    17687    1267    1267   16420
         687    1.6e+05     17688 17694.2 17694.4    17682    1267    1267   16415
         688    1.6e+05     17688 17694.2 17694.2    17687    1267    1267   16420
         689    1.6e+05     17688 17694.2 17694.4    17680    1267    1267   16413
         690    1.6e+05     17688 17694.2 17694.2    17687    1267    1267   16420
         691    1.6e+05     17688 17694.2 17694.4    17678    1267    1267   16411
         692    1.6e+05     17688 17694.2 17694.2    17684    1267    1267   16417
         693    1.6e+05     17688 17694.2 17694.4    17680    1267    1267   16413
         694    1.6e+05     17688 17694.2 17694.2    17687    1267    1267   16420
         695    1.6e+05     17688 17694.2 17694.4    17681    1267    1267   16414
         696    1.6e+05     17688 17694.2 17694.2    17686    1267    1267   16419
         697    1.6e+05     17688 17694.2 17694.4    17682    1267    1267   16415
         698    1.6e+05     17688 17694.2 17694.2    17687    1267    1267   16420
         699    1.6e+05     17688 17694.2 17694.4    17680    1267    1267   16413
         700    1.6e+05     17688 17694.2 17694.2    17686    1267    1267   16419
         701    1.6e+05     17688 17694.2 17694.4    17681    1267    1267   16414
         702    1.6e+05     17688 17694.2 17694.2    17685    1267    1267   16418
         703    1.6e+05     17688 17694.2 17694.4    17679    1267    1267   16412
         704    1.6e+05     17688 17694.2 17694.2    17685    1267    1267   16418
         705    1.6e+05     17688 17694.2 17694.4    17680    1267    1267   16413
         706    1.6e+05     17688 17694.2 17694.2    17686    1267    1267   16419
         707    1.6e+05     17688 17694.2 17694.4    17680    1267    1267   16413
         708    1.6e+05     17688 17694.2 17694.2    17686    1267    1267   16419
         709    1.6e+05     17688 17694.2 17694.4    17681    1267    1267   16414
         710    1.6e+05     17688 17694.2 17694.2    17686    1267    1267   16419
         711    1.6e+05     17688 17694.2 17694.4    17680    1267    1267   16413
         712    1.6e+05     17688 17694.2 17694.2    17686    1267    1267   16419
         713    1.6e+05     17688 17694.2 17694.4    17679    1267    1267   16412
         714    1.6e+05     17688 17694.2 17694.2    17685    1267    1267   16418
         715    1.6e+05     17688 17694.2 17694.4    17680    1267    1267   16413
         716    1.6e+05     17688 17694.2 17694.2    17685    1267    1267   16418
         717    1.6e+05     17688 17694.2 17694.4    17679    1267    1267   16412
               reducing step to 0.0015625
         718    1.6e+05     17688 17694.1 17694.1    17669    1267    1267   16402
         719    1.6e+05     17688 17693.8 17693.8    17680    1267    1267   16413
         720    1.6e+05     17688 17693.8 17693.9    17676    1267    1267   16409
         721    1.6e+05     17688 17693.8 17693.8    17688    1267    1267   16421
         722    1.6e+05     17688 17693.8 17693.9    17680    1267    1267   16413
         723    1.6e+05     17688 17693.8 17693.8    17686    1267    1267   16419
         724    1.6e+05     17688 17693.8 17693.9    17682    1267    1267   16415
         725    1.6e+05     17688 17693.8 17693.8    17685    1267    1267   16418
         726    1.6e+05     17688 17693.8 17693.9    17682    1267    1267   16415
         727    1.6e+05     17688 17693.8 17693.8    17684    1267    1267   16417
         728    1.6e+05     17688 17693.8 17693.9    17682    1267    1267   16415
         729    1.6e+05     17688 17693.8 17693.8    17684    1267    1267   16417
         730    1.6e+05     17688 17693.8 17693.9    17683    1267    1267   16416
         731    1.6e+05     17688 17693.8 17693.8    17685    1267    1267   16418
         732    1.6e+05     17688 17693.8 17693.9    17682    1267    1267   16415
         733    1.6e+05     17688 17693.8 17693.8    17686    1267    1267   16419
         734    1.6e+05     17688 17693.8 17693.9    17682    1267    1267   16415
         735    1.6e+05     17688 17693.8 17693.8    17684    1267    1267   16417
         736    1.6e+05     17688 17693.8 17693.9    17680    1267    1267   16413
         737    1.6e+05     17688 17693.8 17693.8    17685    1267    1267   16418
         738    1.6e+05     17688 17693.8 17693.9    17681    1267    1267   16414
         739    1.6e+05     17688 17693.8 17693.8    17686    1267    1267   16419
         740    1.6e+05     17688 17693.8 17693.9    17681    1267    1267   16414
         741    1.6e+05     17688 17693.8 17693.8    17685    1267    1267   16418
         742    1.6e+05     17688 17693.8 17693.9    17682    1267    1267   16415
         743    1.6e+05     17688 17693.8 17693.8    17685    1267    1267   16418
         744    1.6e+05     17688 17693.8 17693.8    17681    1267    1267   16414
         745    1.6e+05     17688 17693.8 17693.8    17685    1267    1267   16418
         746    1.6e+05     17688 17693.8 17693.8    17681    1267    1267   16414
         747    1.6e+05     17688 17693.8 17693.8    17685    1267    1267   16418
         748    1.6e+05     17688 17693.8 17693.8    17681    1267    1267   16414
         749    1.6e+05     17688 17693.8 17693.8    17685    1267    1267   16418
         750    1.6e+05     17688 17693.8 17693.8    17681    1267    1267   16414
         751    1.6e+05     17688 17693.8 17693.8    17684    1267    1267   16417
         752    1.6e+05     17688 17693.8 17693.8    17678    1267    1267   16411
         753    1.6e+05     17688 17693.8 17693.8    17685    1267    1267   16418
         754    1.6e+05     17688 17693.8 17693.8    17673    1267    1267   16406
         755    1.6e+05     17688 17693.8 17693.8    17685    1267    1267   16418
         756    1.6e+05     17688 17693.8 17693.8    17681    1267    1267   16414
         757    1.6e+05     17688 17693.8 17693.8    17685    1267    1267   16418
         758    1.6e+05     17688 17693.8 17693.8    17681    1267    1267   16414
         759    1.6e+05     17688 17693.8 17693.8    17685    1267    1267   16418
         760    1.6e+05     17688 17693.8 17693.8    17681    1267    1267   16414
         761    1.6e+05     17688 17693.8 17693.8    17685    1267    1267   16418
         762    1.6e+05     17688 17693.8 17693.8    17681    1267    1267   16414
         763    1.6e+05     17688 17693.8 17693.8    17685    1267    1267   16418
         764    1.6e+05     17688 17693.8 17693.8    17681    1267    1267   16414
         765    1.6e+05     17688 17693.8 17693.8    17683    1267    1267   16416
         766    1.6e+05     17688 17693.8 17693.8    17681    1267    1267   16414
         767    1.6e+05     17688 17693.8 17693.8    17683    1267    1267   16416
         768    1.6e+05     17688 17693.8 17693.8    17681    1267    1267   16414
         769    1.6e+05     17688 17693.8 17693.8    17684    1267    1267   16417
         770    1.6e+05     17688 17693.8 17693.8    17681    1267    1267   16414
         771    1.6e+05     17688 17693.8 17693.8    17684    1267    1267   16417
         772    1.6e+05     17688 17693.8 17693.8    17681    1267    1267   16414
         773    1.6e+05     17688 17693.8 17693.8    17684    1267    1267   16417
         774    1.6e+05     17688 17693.8 17693.8    17681    1267    1267   16414
         775    1.6e+05     17688 17693.8 17693.8    17683    1267    1267   16416
         776    1.6e+05     17688 17693.8 17693.8    17681    1267    1267   16414
         777    1.6e+05     17688 17693.8 17693.8    17684    1267    1267   16417
         778    1.6e+05     17688 17693.8 17693.8    17681    1267    1267   16414
         779    1.6e+05     17688 17693.8 17693.8    17684    1267    1267   16417
         780    1.6e+05     17688 17693.8 17693.8    17681    1267    1267   16414
         781    1.6e+05     17688 17693.8 17693.8    17684    1267    1267   16417
         782    1.6e+05     17688 17693.8 17693.8    17681    1267    1267   16414
         783    1.6e+05     17688 17693.8 17693.8    17685    1267    1267   16418
         784    1.6e+05     17688 17693.8 17693.8    17680    1267    1267   16413
         785    1.6e+05     17688 17693.8 17693.8    17685    1267    1267   16418
         786    1.6e+05     17688 17693.8 17693.8    17680    1267    1267   16413
         787    1.6e+05     17688 17693.8 17693.8    17685    1267    1267   16418
         788    1.6e+05     17688 17693.8 17693.8    17679    1267    1267   16412
         789    1.6e+05     17688 17693.8 17693.8    17684    1267    1267   16417
         790    1.6e+05     17688 17693.8 17693.8    17680    1267    1267   16413
         791    1.6e+05     17688 17693.8 17693.8    17682    1267    1267   16415
         792    1.6e+05     17688 17693.8 17693.8    17680    1267    1267   16413
         793    1.6e+05     17688 17693.8 17693.8    17684    1267    1267   16417
         794    1.6e+05     17688 17693.8 17693.8    17680    1267    1267   16413
         795    1.6e+05     17688 17693.8 17693.8    17685    1267    1267   16418
         796    1.6e+05     17688 17693.8 17693.8    17679    1267    1267   16412
         797    1.6e+05     17688 17693.8 17693.8    17685    1267    1267   16418
         798    1.6e+05     17688 17693.8 17693.8    17677    1267    1267   16410
         799    1.6e+05     17688 17693.8 17693.8    17685    1267    1267   16418
         800    1.6e+05     17688 17693.8 17693.8    17679    1267    1267   16412
         801    1.6e+05     17688 17693.8 17693.8    17685    1267    1267   16418
         802    1.6e+05     17688 17693.8 17693.8    17680    1267    1267   16413
         803    1.6e+05     17688 17693.8 17693.8    17685    1267    1267   16418
         804    1.6e+05     17688 17693.8 17693.8    17680    1267    1267   16413
         805    1.6e+05     17688 17693.8 17693.8    17685    1267    1267   16418
         806    1.6e+05     17688 17693.8 17693.8    17680    1267    1267   16413
         807    1.6e+05     17688 17693.8 17693.8    17685    1267    1267   16418
         808    1.6e+05     17688 17693.8 17693.8    17680    1267    1267   16413
               reducing step to 0.00078125
         809    1.6e+05     17688 17693.7 17693.7    17675    1267    1267   16408
         810    1.6e+05     17688 17693.6 17693.6    17684    1267    1267   16417
         811    1.6e+05     17688 17693.6 17693.6    17682    1267    1267   16415
         812    1.6e+05     17688 17693.6 17693.6    17688    1267    1267   16421
         813    1.6e+05     17688 17693.6 17693.6    17680    1267    1267   16413
         814    1.6e+05     17688 17693.6 17693.6    17686    1267    1267   16419
         815    1.6e+05     17688 17693.6 17693.6    17681    1267    1267   16414
         816    1.6e+05     17688 17693.6 17693.6    17687    1267    1267   16420
         817    1.6e+05     17688 17693.6 17693.6    17680    1267    1267   16413
         818    1.6e+05     17688 17693.6 17693.6    17686    1267    1267   16419
         819    1.6e+05     17688 17693.6 17693.6    17681    1267    1267   16414
         820    1.6e+05     17688 17693.6 17693.6    17687    1267    1267   16420
         821    1.6e+05     17688 17693.6 17693.6    17680    1267    1267   16413
         822    1.6e+05     17688 17693.6 17693.6    17685    1267    1267   16418
         823    1.6e+05     17688 17693.6 17693.6    17681    1267    1267   16414
         824    1.6e+05     17688 17693.6 17693.6    17685    1267    1267   16418
         825    1.6e+05     17688 17693.6 17693.6    17678    1267    1267   16411
         826    1.6e+05     17688 17693.6 17693.6    17686    1267    1267   16419
         827    1.6e+05     17688 17693.6 17693.6    17680    1267    1267   16413
         828    1.6e+05     17688 17693.6 17693.6    17687    1267    1267   16420
         829    1.6e+05     17688 17693.6 17693.6    17679    1267    1267   16412
         830    1.6e+05     17688 17693.6 17693.6    17687    1267    1267   16420
         831    1.6e+05     17688 17693.6 17693.6    17682    1267    1267   16415
         832    1.6e+05     17688 17693.6 17693.6    17686    1267    1267   16419
         833    1.6e+05     17688 17693.6 17693.6    17678    1267    1267   16411
         834    1.6e+05     17688 17693.6 17693.6    17687    1267    1267   16420
         835    1.6e+05     17688 17693.6 17693.6    17680    1267    1267   16413
         836    1.6e+05     17688 17693.6 17693.6    17686    1267    1267   16419
         837    1.6e+05     17688 17693.6 17693.6    17678    1267    1267   16411
         838    1.6e+05     17688 17693.6 17693.6    17687    1267    1267   16420
         839    1.6e+05     17688 17693.6 17693.6    17679    1267    1267   16412
         840    1.6e+05     17688 17693.6 17693.6    17686    1267    1267   16419
         841    1.6e+05     17688 17693.6 17693.6    17679    1267    1267   16412
         842    1.6e+05     17688 17693.6 17693.6    17687    1267    1267   16420
         843    1.6e+05     17688 17693.6 17693.6    17680    1267    1267   16413
         844    1.6e+05     17688 17693.6 17693.6    17684    1267    1267   16417
         845    1.6e+05     17688 17693.6 17693.6    17679    1267    1267   16412
         846    1.6e+05     17688 17693.6 17693.6    17687    1267    1267   16420
         847    1.6e+05     17688 17693.6 17693.6    17680    1267    1267   16413
         848    1.6e+05     17688 17693.6 17693.6    17686    1267    1267   16419
         849    1.6e+05     17688 17693.6 17693.6    17677    1267    1267   16410
         850    1.6e+05     17688 17693.6 17693.6    17687    1267    1267   16420
         851    1.6e+05     17688 17693.6 17693.6    17680    1267    1267   16413
         852    1.6e+05     17688 17693.6 17693.6    17683    1267    1267   16416
         853    1.6e+05     17688 17693.6 17693.6    17678    1267    1267   16411
         854    1.6e+05     17688 17693.6 17693.6    17687    1267    1267   16420
         855    1.6e+05     17688 17693.6 17693.6    17678    1267    1267   16411
         856    1.6e+05     17688 17693.6 17693.6    17686    1267    1267   16419
         857    1.6e+05     17688 17693.6 17693.6    17677    1267    1267   16410
         858    1.6e+05     17688 17693.6 17693.6    17687    1267    1267   16420
         859    1.6e+05     17688 17693.6 17693.6    17679    1267    1267   16412
         860    1.6e+05     17688 17693.6 17693.6    17686    1267    1267   16419
         861    1.6e+05     17688 17693.6 17693.6    17678    1267    1267   16411
         862    1.6e+05     17688 17693.6 17693.6    17686    1267    1267   16419
         863    1.6e+05     17688 17693.6 17693.6    17679    1267    1267   16412
         864    1.6e+05     17688 17693.6 17693.6    17685    1267    1267   16418
         865    1.6e+05     17688 17693.6 17693.6    17678    1267    1267   16411
         866    1.6e+05     17688 17693.6 17693.6    17687    1267    1267   16420
         867    1.6e+05     17688 17693.6 17693.6    17679    1267    1267   16412
         868    1.6e+05     17688 17693.6 17693.6    17686    1267    1267   16419
         869    1.6e+05     17688 17693.6 17693.6    17679    1267    1267   16412
         870    1.6e+05     17688 17693.6 17693.6    17687    1267    1267   16420
         871    1.6e+05     17688 17693.6 17693.6    17680    1267    1267   16413
         872    1.6e+05     17688 17693.6 17693.6    17686    1267    1267   16419
         873    1.6e+05     17688 17693.6 17693.6    17679    1267    1267   16412
         874    1.6e+05     17688 17693.6 17693.6    17687    1267    1267   16420
         875    1.6e+05     17688 17693.6 17693.6    17679    1267    1267   16412
               reducing step to 0.000390625
         876    1.6e+05     17688 17693.5 17693.5    17675    1267    1267   16408
         877    1.6e+05     17688 17693.5 17693.5    17684    1267    1267   16417
         878    1.6e+05     17688 17693.5 17693.5    17682    1267    1267   16415
    *    879    1.6e+05     17691 17693.5 17693.5    17691    1267    1267   16424
         880    1.6e+05     17691 17693.5 17693.5    17687    1267    1267   16420
         881    1.6e+05     17691 17693.5 17693.5    17685    1267    1267   16418
         882    1.6e+05     17691 17693.5 17693.5    17684    1267    1267   16417
         883    1.6e+05     17691 17693.5 17693.5    17685    1267    1267   16418
         884    1.6e+05     17691 17693.5 17693.5    17685    1267    1267   16418
         885    1.6e+05     17691 17693.5 17693.5    17686    1267    1267   16419
         886    1.6e+05     17691 17693.5 17693.5    17682    1267    1267   16415
         887    1.6e+05     17691 17693.5 17693.5    17685    1267    1267   16418
         888    1.6e+05     17691 17693.5 17693.5    17685    1267    1267   16418
         889    1.6e+05     17691 17693.5 17693.5    17684    1267    1267   16417
         890    1.6e+05     17691 17693.5 17693.5    17684    1267    1267   16417
         891    1.6e+05     17691 17693.5 17693.5    17685    1267    1267   16418
         892    1.6e+05     17691 17693.5 17693.5    17683    1267    1267   16416
         893    1.6e+05     17691 17693.5 17693.5    17685    1267    1267   16418
         894    1.6e+05     17691 17693.5 17693.5    17684    1267    1267   16417
         895    1.6e+05     17691 17693.5 17693.5    17684    1267    1267   16417
         896    1.6e+05     17691 17693.5 17693.5    17684    1267    1267   16417
         897    1.6e+05     17691 17693.4 17693.4    17683    1267    1267   16416
         898    1.6e+05     17691 17693.4 17693.5    17684    1267    1267   16417
         899    1.6e+05     17691 17693.4 17693.5    17685    1267    1267   16418
         900    1.6e+05     17691 17693.4 17693.5    17680    1267    1267   16413
         901    1.6e+05     17691 17693.4 17693.5    17684    1267    1267   16417
         902    1.6e+05     17691 17693.4 17693.5    17682    1267    1267   16415
         903    1.6e+05     17691 17693.4 17693.4    17682    1267    1267   16415
         904    1.6e+05     17691 17693.4 17693.5    17682    1267    1267   16415
         905    1.6e+05     17691 17693.4 17693.4    17683    1267    1267   16416
         906    1.6e+05     17691 17693.4 17693.5    17681    1267    1267   16414
         907    1.6e+05     17691 17693.4 17693.4    17683    1267    1267   16416
         908    1.6e+05     17691 17693.4 17693.5    17682    1267    1267   16415
         909    1.6e+05     17691 17693.4 17693.4    17683    1267    1267   16416
         910    1.6e+05     17691 17693.4 17693.5    17682    1267    1267   16415
         911    1.6e+05     17691 17693.4 17693.4    17683    1267    1267   16416
         912    1.6e+05     17691 17693.4 17693.5    17682    1267    1267   16415
         913    1.6e+05     17691 17693.4 17693.4    17681    1267    1267   16414
         914    1.6e+05     17691 17693.4 17693.5    17682    1267    1267   16415
         915    1.6e+05     17691 17693.4 17693.5    17682    1267    1267   16415
         916    1.6e+05     17691 17693.4 17693.5    17681    1267    1267   16414
         917    1.6e+05     17691 17693.4 17693.5    17681    1267    1267   16414
         918    1.6e+05     17691 17693.4 17693.5    17682    1267    1267   16415
         919    1.6e+05     17691 17693.4 17693.5    17681    1267    1267   16414
         920    1.6e+05     17691 17693.4 17693.5    17682    1267    1267   16415
         921    1.6e+05     17691 17693.4 17693.5    17681    1267    1267   16414
         922    1.6e+05     17691 17693.4 17693.5    17682    1267    1267   16415
         923    1.6e+05     17691 17693.4 17693.4    17681    1267    1267   16414
         924    1.6e+05     17691 17693.4 17693.5    17682    1267    1267   16415
         925    1.6e+05     17691 17693.4 17693.5    17679    1267    1267   16412
         926    1.6e+05     17691 17693.4 17693.5    17682    1267    1267   16415
         927    1.6e+05     17691 17693.4 17693.4    17681    1267    1267   16414
         928    1.6e+05     17691 17693.4 17693.5    17682    1267    1267   16415
         929    1.6e+05     17691 17693.4 17693.4    17681    1267    1267   16414
         930    1.6e+05     17691 17693.4 17693.5    17682    1267    1267   16415
         931    1.6e+05     17691 17693.4 17693.4    17681    1267    1267   16414
         932    1.6e+05     17691 17693.4 17693.5    17682    1267    1267   16415
         933    1.6e+05     17691 17693.4 17693.4    17681    1267    1267   16414
         934    1.6e+05     17691 17693.4 17693.5    17682    1267    1267   16415
               reducing step to 0.000195313
         935    1.6e+05     17691 17693.4 17693.4    17679    1267    1267   16412
         936    1.6e+05     17691 17693.4 17693.4    17688    1267    1267   16421
         937    1.6e+05     17691 17693.4 17693.4    17681    1267    1267   16414
         938    1.6e+05     17691 17693.4 17693.4    17686    1267    1267   16419
         939    1.6e+05     17691 17693.4 17693.4    17682    1267    1267   16415
         940    1.6e+05     17691 17693.4 17693.4    17684    1267    1267   16417
         941    1.6e+05     17691 17693.4 17693.4    17683    1267    1267   16416
         942    1.6e+05     17691 17693.4 17693.4    17685    1267    1267   16418
         943    1.6e+05     17691 17693.4 17693.4    17682    1267    1267   16415
         944    1.6e+05     17691 17693.4 17693.4    17685    1267    1267   16418
         945    1.6e+05     17691 17693.4 17693.4    17681    1267    1267   16414
         946    1.6e+05     17691 17693.4 17693.4    17685    1267    1267   16418
         947    1.6e+05     17691 17693.4 17693.4    17682    1267    1267   16415
         948    1.6e+05     17691 17693.4 17693.4    17685    1267    1267   16418
         949    1.6e+05     17691 17693.4 17693.4    17683    1267    1267   16416
         950    1.6e+05     17691 17693.4 17693.4    17685    1267    1267   16418
         951    1.6e+05     17691 17693.4 17693.4    17682    1267    1267   16415
         952    1.6e+05     17691 17693.4 17693.4    17685    1267    1267   16418
         953    1.6e+05     17691 17693.4 17693.4    17682    1267    1267   16415
         954    1.6e+05     17691 17693.4 17693.4    17685    1267    1267   16418
         955    1.6e+05     17691 17693.4 17693.4    17682    1267    1267   16415
         956    1.6e+05     17691 17693.4 17693.4    17685    1267    1267   16418
         957    1.6e+05     17691 17693.4 17693.4    17681    1267    1267   16414
         958    1.6e+05     17691 17693.4 17693.4    17685    1267    1267   16418
         959    1.6e+05     17691 17693.4 17693.4    17681    1267    1267   16414
         960    1.6e+05     17691 17693.4 17693.4    17684    1267    1267   16417
         961    1.6e+05     17691 17693.4 17693.4    17681    1267    1267   16414
         962    1.6e+05     17691 17693.4 17693.4    17684    1267    1267   16417
         963    1.6e+05     17691 17693.4 17693.4    17681    1267    1267   16414
         964    1.6e+05     17691 17693.4 17693.4    17684    1267    1267   16417
         965    1.6e+05     17691 17693.4 17693.4    17680    1267    1267   16413
         966    1.6e+05     17691 17693.4 17693.4    17684    1267    1267   16417
         967    1.6e+05     17691 17693.4 17693.4    17681    1267    1267   16414
         968    1.6e+05     17691 17693.4 17693.4    17683    1267    1267   16416
         969    1.6e+05     17691 17693.4 17693.4    17681    1267    1267   16414
         970    1.6e+05     17691 17693.4 17693.4    17683    1267    1267   16416
         971    1.6e+05     17691 17693.4 17693.4    17681    1267    1267   16414
         972    1.6e+05     17691 17693.4 17693.4    17684    1267    1267   16417
         973    1.6e+05     17691 17693.4 17693.4    17680    1267    1267   16413
         974    1.6e+05     17691 17693.4 17693.4    17684    1267    1267   16417
         975    1.6e+05     17691 17693.4 17693.4    17680    1267    1267   16413
         976    1.6e+05     17691 17693.4 17693.4    17684    1267    1267   16417
         977    1.6e+05     17691 17693.4 17693.4    17680    1267    1267   16413
         978    1.6e+05     17691 17693.4 17693.4    17684    1267    1267   16417
         979    1.6e+05     17691 17693.4 17693.4    17679    1267    1267   16412
         980    1.6e+05     17691 17693.4 17693.4    17684    1267    1267   16417
         981    1.6e+05     17691 17693.4 17693.4    17679    1267    1267   16412
         982    1.6e+05     17691 17693.4 17693.4    17684    1267    1267   16417
         983    1.6e+05     17691 17693.4 17693.4    17679    1267    1267   16412
         984    1.6e+05     17691 17693.4 17693.4    17684    1267    1267   16417
         985    1.6e+05     17691 17693.4 17693.4    17680    1267    1267   16413
         986    1.6e+05     17691 17693.4 17693.4    17684    1267    1267   16417
         987    1.6e+05     17691 17693.4 17693.4    17679    1267    1267   16412
         988    1.6e+05     17691 17693.4 17693.4    17684    1267    1267   16417
         989    1.6e+05     17691 17693.4 17693.4    17681    1267    1267   16414
         990    1.6e+05     17691 17693.4 17693.4    17683    1267    1267   16416
         991    1.6e+05     17691 17693.4 17693.4    17681    1267    1267   16414
         992    1.6e+05     17691 17693.4 17693.4    17683    1267    1267   16416
         993    1.6e+05     17691 17693.4 17693.4    17680    1267    1267   16413
         994    1.6e+05     17691 17693.4 17693.4    17683    1267    1267   16416
         995    1.6e+05     17691 17693.4 17693.4    17680    1267    1267   16413
         996    1.6e+05     17691 17693.4 17693.4    17684    1267    1267   16417
         997    1.6e+05     17691 17693.4 17693.4    17679    1267    1267   16412
         998    1.6e+05     17691 17693.4 17693.4    17684    1267    1267   16417
         999    1.6e+05     17691 17693.4 17693.4    17680    1267    1267   16413
        1000    1.6e+05     17691 17693.4 17693.4    17684    1267    1267   16417
Total time used by klau is 479.29
true_align (3890) and est_align (1267) DO NOT have the same number of elements.
method klau has a score of 23.52%
method klau used 479.292 seconds.
maximum values in init align row is:  3889
maximum values in init align col is:  3889
 best   iter   pr-delta       obj  weight    card overlap
    *      1    6.1e-01   12602.5    1275    1275   11965
    *      2    1.9e-01   13542.5    1275    1275   12905
           3    6.5e-02   13426.5    1275    1275   12789
           4    2.4e-02   13452.5    1275    1275   12815
           5    9.0e-03   13422.5    1275    1275   12785
           6    3.5e-03   13454.5    1275    1275   12817
           7    1.4e-03   13440.5    1275    1275   12803
           8    5.9e-04   13455.5    1275    1275   12818
           9    2.5e-04   13440.5    1275    1275   12803
          10    1.1e-04   13441.5    1275    1275   12804
          11    5.1e-05   13440.5    1275    1275   12803
          12    2.5e-05   13441.5    1275    1275   12804
          13    1.3e-05   13441.5    1275    1275   12804
          14    7.1e-06   13441.5    1275    1275   12804
          15    4.0e-06   13441.5    1275    1275   12804
          16    2.4e-06   13441.5    1275    1275   12804
          17    1.5e-06   13441.5    1275    1275   12804
          18    9.4e-07   13441.5    1275    1275   12804
          19    6.0e-07   13441.5    1275    1275   12804
          20    3.8e-07   13441.5    1275    1275   12804
          21    2.5e-07   13441.5    1275    1275   12804
          22    1.6e-07   13441.5    1275    1275   12804
          23    1.1e-07   13441.5    1275    1275   12804
          24    6.9e-08   13441.5    1275    1275   12804
          25    4.5e-08   13441.5    1275    1275   12804
          26    3.0e-08   13441.5    1275    1275   12804
          27    2.0e-08   13441.5    1275    1275   12804
          28    1.3e-08   13441.5    1275    1275   12804
          29    8.5e-09   13441.5    1275    1275   12804
          30    5.6e-09   13441.5    1275    1275   12804
          31    3.7e-09   13441.5    1275    1275   12804
          32    2.4e-09   13441.5    1275    1275   12804
          33    1.6e-09   13441.5    1275    1275   12804
          34    1.1e-09   13441.5    1275    1275   12804
          35    7.1e-10   13441.5    1275    1275   12804
          36    4.7e-10   13441.5    1275    1275   12804
          37    3.1e-10   13441.5    1275    1275   12804
          38    2.1e-10   13441.5    1275    1275   12804
          39    1.4e-10   13441.5    1275    1275   12804
          40    9.1e-11   13441.5    1275    1275   12804
          41    6.1e-11   13441.5    1275    1275   12804
          42    4.0e-11   13441.5    1275    1275   12804
          43    2.7e-11   13441.5    1275    1275   12804
          44    1.8e-11   13441.5    1275    1275   12804
          45    1.2e-11   13441.5    1275    1275   12804
          46    7.9e-12   13441.5    1275    1275   12804
          47    5.2e-12   13441.5    1275    1275   12804
          48    3.5e-12   13441.5    1275    1275   12804
          49    2.3e-12   13441.5    1275    1275   12804
          50    1.5e-12   13441.5    1275    1275   12804
          51    1.0e-12   13441.5    1275    1275   12804
          52    6.8e-13   13441.5    1275    1275   12804
Total time used by isorank is 6.10
true_align (3890) and est_align (1275) DO NOT have the same number of elements.
method isorank has a score of 7.40%
method isorank used 6.095 seconds.
experiment results:
     method      score        time
0     final  39.023136   52.913948
1  netalign  23.496144   23.494625
2      klau  23.521851  479.291870
3   isorank   7.403599    6.095008
