Permutation sanity check error is 703.0.
Permutation sanity check error is 151341.0.
num_init for this graph is 12
Generating initial alignment matrix using degree ...
mode is  degree
number of noisy edges are:  12
Average number of initial alignments for each node is 24
maximum values in init align row is:  3889
maximum values in init align col is:  3887
Recovering sparse matrix L took 0.03 sec.
Time for degree: 0.04 sec
iteration 1
Time for iteration 1: 0.91 sec, diff = 0.29127
iteration 2
Time for iteration 2: 2.76 sec, diff = 0.02053
iteration 3
Time for iteration 3: 2.79 sec, diff = 0.00626
iteration 4
Time for iteration 4: 2.79 sec, diff = 0.00314
iteration 5
Time for iteration 5: 2.79 sec, diff = 0.00189
iteration 6
Time for iteration 6: 2.79 sec, diff = 0.00121
iteration 7
Time for iteration 7: 2.76 sec, diff = 0.00080
iteration 8
Time for iteration 8: 2.76 sec, diff = 0.00053
iteration 9
Time for iteration 9: 2.76 sec, diff = 0.00036
iteration 10
Time for iteration 10: 2.78 sec, diff = 0.00024
iteration 11
Time for iteration 11: 2.77 sec, diff = 0.00016
iteration 12
Time for iteration 12: 2.79 sec, diff = 0.00011
iteration 13
Time for iteration 13: 2.77 sec, diff = 0.00008
iteration 14
Time for iteration 14: 2.77 sec, diff = 0.00005
iteration 15
Time for iteration 15: 2.76 sec, diff = 0.00003
iteration 16
Time for iteration 16: 2.76 sec, diff = 0.00002
iteration 17
Time for iteration 17: 2.76 sec, diff = 0.00002
iteration 18
Time for iteration 18: 2.76 sec, diff = 0.00001
iteration 19
Time for iteration 19: 2.80 sec, diff = 0.00001
Total time used by final is 53.55 sec.
true_align and est_align have the same number of elements.
method final has a score of 40.85%
method final used 53.549 seconds.
maximum values in init align row is:  3889
maximum values in init align col is:  3887
best   iter    obj_ma wght_ma card_ma over_ma    obj_mb wght_mb card_mb over_mb
  *a      1     16606    1292    1292   15314     16606    1292    1292   15314
          2      3104     825     825    2279      3246     781     781    2465
          3     10253    1214    1214    9039      8966     964     964    8002
          4      4104    1064    1064    3040      4600     987     987    3613
          5     12792    1230    1230   11562     11878    1040    1040   10838
          6     16224    1281    1281   14943     15787    1260    1260   14527
  *b      7     16937    1271    1271   15666     16994    1196    1196   15798
          8      9054    1212    1212    7842      9440    1141    1141    8299
          9      6151     960     960    5191      4669     527     527    4142
         10     11538    1256    1256   10282     11833    1220    1220   10613
         11      9045    1074    1074    7971      8812     839     839    7973
         12      9309    1215    1215    8094      9524    1115    1115    8409
         13      5160     945     945    4215      4172     594     594    3578
         14      9500    1232    1232    8268      9527    1139    1139    8388
         15      6378    1020    1020    5358      5741     741     741    5000
         16      9933    1234    1234    8699     10219    1146    1146    9073
         17      6981    1040    1040    5941      6312     763     763    5549
         18     10735    1243    1243    9492     10604    1149    1149    9455
         19      8321    1088    1088    7233      7515     843     843    6672
         20     11547    1249    1249   10298     11380    1160    1160   10220
         21     10571    1148    1148    9423     10111     944     944    9167
         22     11979    1252    1252   10727     12090    1182    1182   10908
         23     12943    1203    1203   11740     12263    1036    1036   11227
         24     12873    1259    1259   11614     12646    1187    1187   11459
         25     15991    1265    1265   14726     15630    1125    1125   14505
         26     14162    1266    1266   12896     14526    1204    1204   13322
         27     15895    1272    1272   14623     15643    1156    1156   14487
         28     16240    1270    1270   14970     15868    1193    1193   14675
         29     16561    1274    1274   15287     16316    1236    1236   15080
         30     16777    1279    1279   15498     16765    1270    1270   15495
  *a     31     17610    1284    1284   16326     17602    1279    1279   16323
  *a     32     17717    1284    1284   16433     17708    1280    1280   16428
  *a     33     17726    1284    1284   16442     17711    1278    1278   16433
  *b     34     17733    1284    1284   16449     17946    1275    1275   16671
  *a     35     17975    1285    1285   16690     17941    1270    1270   16671
  *a     36     17977    1285    1285   16692     17945    1271    1271   16674
  *a     37     17978    1285    1285   16693     17962    1277    1277   16685
         38     17978    1285    1285   16693     17973    1282    1282   16691
         39     17978    1285    1285   16693     17975    1283    1283   16692
         40     17978    1285    1285   16693     17977    1284    1284   16693
         41     17978    1285    1285   16693     17976    1283    1283   16693
         42     17978    1285    1285   16693     17977    1284    1284   16693
         43     17978    1285    1285   16693     17977    1284    1284   16693
         44     17978    1285    1285   16693     17978    1285    1285   16693
         45     17978    1285    1285   16693     17978    1285    1285   16693
         46     17978    1285    1285   16693     17978    1285    1285   16693
         47     17978    1285    1285   16693     17978    1285    1285   16693
         48     17978    1285    1285   16693     17977    1284    1284   16693
         49     17978    1285    1285   16693     17977    1284    1284   16693
         50     17978    1285    1285   16693     17977    1284    1284   16693
         51     17978    1285    1285   16693     17978    1285    1285   16693
         52     17978    1285    1285   16693     17978    1285    1285   16693
         53     17978    1285    1285   16693     17978    1285    1285   16693
         54     17978    1285    1285   16693     17978    1285    1285   16693
         55     17978    1285    1285   16693     17978    1285    1285   16693
         56     17978    1285    1285   16693     17978    1285    1285   16693
         57     17978    1285    1285   16693     17978    1285    1285   16693
         58     17978    1285    1285   16693     17978    1285    1285   16693
         59     17978    1285    1285   16693     17978    1285    1285   16693
         60     17978    1285    1285   16693     17978    1285    1285   16693
         61     17978    1285    1285   16693     17978    1285    1285   16693
         62     17978    1285    1285   16693     17978    1285    1285   16693
         63     17978    1285    1285   16693     17978    1285    1285   16693
         64     17978    1285    1285   16693     17978    1285    1285   16693
         65     17978    1285    1285   16693     17978    1285    1285   16693
         66     17978    1285    1285   16693     17978    1285    1285   16693
         67     17978    1285    1285   16693     17978    1285    1285   16693
         68     17978    1285    1285   16693     17977    1284    1284   16693
         69     17978    1285    1285   16693     17977    1284    1284   16693
         70     17978    1285    1285   16693     17977    1284    1284   16693
         71     17978    1285    1285   16693     17977    1284    1284   16693
         72     17978    1285    1285   16693     17978    1285    1285   16693
         73     17978    1285    1285   16693     17978    1285    1285   16693
         74     17978    1285    1285   16693     17978    1285    1285   16693
         75     17978    1285    1285   16693     17978    1285    1285   16693
         76     17978    1285    1285   16693     17978    1285    1285   16693
         77     17978    1285    1285   16693     17978    1285    1285   16693
         78     17978    1285    1285   16693     17977    1284    1284   16693
         79     17978    1285    1285   16693     17976    1283    1283   16693
         80     17978    1285    1285   16693     17977    1284    1284   16693
         81     17978    1285    1285   16693     17977    1284    1284   16693
         82     17978    1285    1285   16693     17977    1284    1284   16693
         83     17978    1285    1285   16693     17978    1285    1285   16693
         84     17978    1285    1285   16693     17978    1285    1285   16693
         85     17978    1285    1285   16693     17978    1285    1285   16693
         86     17978    1285    1285   16693     17978    1285    1285   16693
         87     17978    1285    1285   16693     17977    1284    1284   16693
         88     17978    1285    1285   16693     17977    1284    1284   16693
         89     17978    1285    1285   16693     17977    1284    1284   16693
         90     17978    1285    1285   16693     17977    1284    1284   16693
         91     17978    1285    1285   16693     17977    1284    1284   16693
         92     17978    1285    1285   16693     17978    1285    1285   16693
         93     17978    1285    1285   16693     17978    1285    1285   16693
         94     17978    1285    1285   16693     17978    1285    1285   16693
         95     17978    1285    1285   16693     17978    1285    1285   16693
         96     17978    1285    1285   16693     17977    1284    1284   16693
         97     17978    1285    1285   16693     17977    1284    1284   16693
         98     17978    1285    1285   16693     17977    1284    1284   16693
         99     17978    1285    1285   16693     17977    1284    1284   16693
        100     17978    1285    1285   16693     17977    1284    1284   16693
Total time used by netalign is 22.35
true_align (3890) and est_align (1285) DO NOT have the same number of elements.
method netalign has a score of 23.47%
method netalign used 22.355 seconds.
maximum values in init align row is:  3889
maximum values in init align col is:  3887
 best   iter     norm-u     lower   upper     cur      obj  weight    card overlap
    *      1    0.0e+00     17286 19663.5 19663.5    17286    1292    1292   15994
           2    1.2e+04     17286 19663.5 21013.2    16026    1292    1292   14734
           3    1.8e+04     17286 19663.5 20242.1    14893    1292    1292   13601
           4    2.4e+04     17286 19663.5   20390    13401    1292    1292   12109
           5    2.9e+04     17286 19663.5 20331.3    12036    1292    1292   10744
           6    3.4e+04     17286 19663.5 20390.5    11301    1292    1292   10009
           7    3.9e+04     17286 19663.5 20370.1    10824    1292    1292    9532
           8    4.3e+04     17286 19663.5 20339.1    10475    1292    1292    9183
           9    4.7e+04     17286 19663.5 20390.8     9300    1292    1292    8008
          10    5.1e+04     17286 19663.5 20413.1     9645    1292    1292    8353
          11    5.4e+04     17286 19663.5 20395.1     8813    1292    1292    7521
          12    5.8e+04     17286 19663.5 20430.3     9522    1292    1292    8230
          13    6.1e+04     17286 19663.5 20422.7     8822    1292    1292    7530
          14    6.5e+04     17286 19663.5   20421     9359    1292    1292    8067
          15    6.8e+04     17286 19663.5   20435     8917    1292    1292    7625
          16    7.1e+04     17286 19663.5 20373.5     9183    1292    1292    7891
          17    7.3e+04     17286 19663.5 20408.3     8660    1292    1292    7368
          18    7.7e+04     17286 19663.5 20414.4     9171    1292    1292    7879
          19    7.9e+04     17286 19663.5 20416.4     8404    1292    1292    7112
          20    8.2e+04     17286 19663.5 20392.9     8334    1292    1292    7042
          21    8.4e+04     17286 19663.5 20381.8     8653    1292    1292    7361
          22    8.7e+04     17286 19663.5 20359.7     8678    1292    1292    7386
          23    8.9e+04     17286 19663.5 20493.5     8602    1292    1292    7310
          24    9.2e+04     17286 19663.5 20281.6     8504    1292    1292    7212
          25    9.4e+04     17286 19663.5 20494.6     8125    1292    1292    6833
          26    9.6e+04     17286 19663.5 20245.5     8072    1292    1292    6780
               reducing step to 0.2
          27    9.7e+04     17286 19547.8 19547.8    10011    1292    1292    8719
          28    9.8e+04     17286 19459.4 19459.4     8055    1292    1292    6763
          29    9.9e+04     17286 19459.4 19461.5     8537    1292    1292    7245
          30    1.0e+05     17286 19224.7 19224.7     8359    1292    1292    7067
          31    1.0e+05     17286 19224.7 19387.9     7995    1292    1292    6703
          32    1.0e+05     17286 19155.5 19155.5     8882    1292    1292    7590
          33    1.0e+05     17286 19155.5 19262.5     7727    1292    1292    6435
          34    1.0e+05     17286 19135.2 19135.2     9007    1292    1292    7715
          35    1.0e+05     17286 19131.8 19131.8     8287    1292    1292    6995
          36    1.0e+05     17286 19131.8 19160.9     8697    1292    1292    7405
          37    1.1e+05     17286 19085.6 19085.6     8805    1292    1292    7513
          38    1.1e+05     17286 19085.6 19116.2     8787    1292    1292    7495
          39    1.1e+05     17286 19024.5 19024.5     8737    1292    1292    7445
          40    1.1e+05     17286 19024.5 19074.8     8610    1292    1292    7318
          41    1.1e+05     17286 19001.3 19001.3     8414    1292    1292    7122
          42    1.1e+05     17286 19001.3 19038.3     8974    1292    1292    7682
          43    1.1e+05     17286 18949.6 18949.6     8949    1292    1292    7657
          44    1.1e+05     17286 18949.6 18997.3     9084    1292    1292    7792
          45    1.1e+05     17286 18924.5 18924.5     9502    1292    1292    8210
          46    1.1e+05     17286 18924.5 18970.6     8693    1292    1292    7401
          47    1.1e+05     17286 18924.5 18959.8     9339    1292    1292    8047
          48    1.1e+05     17286 18914.3 18914.3     9114    1292    1292    7822
          49    1.1e+05     17286 18900.3 18900.3     9276    1292    1292    7984
          50    1.1e+05     17286 18842.2 18842.2     9679    1292    1292    8387
          51    1.1e+05     17286 18842.2   18898     9272    1292    1292    7980
          52    1.1e+05     17286 18842.2 18891.7     9312    1292    1292    8020
          53    1.1e+05     17286 18836.1 18836.1     9860    1292    1292    8568
          54    1.2e+05     17286 18835.8 18835.8     9045    1292    1292    7753
          55    1.2e+05     17286 18835.8 18871.5     9302    1292    1292    8010
          56    1.2e+05     17286 18812.9 18812.9     9958    1292    1292    8666
          57    1.2e+05     17286 18809.7 18809.7     9749    1292    1292    8457
          58    1.2e+05     17286 18809.7 18834.4     9762    1292    1292    8470
          59    1.2e+05     17286 18809.7 18835.8    10035    1292    1292    8743
          60    1.2e+05     17286 18773.1 18773.1     9798    1292    1292    8506
          61    1.2e+05     17286 18773.1   18823    10067    1292    1292    8775
          62    1.2e+05     17286 18764.2 18764.2     9875    1292    1292    8583
          63    1.2e+05     17286 18764.2 18790.9     9949    1292    1292    8657
          64    1.2e+05     17286 18729.3 18729.3     9798    1292    1292    8506
          65    1.2e+05     17286 18729.3 18792.5     9946    1292    1292    8654
          66    1.2e+05     17286 18729.3   18732    10202    1292    1292    8910
          67    1.2e+05     17286 18729.3 18801.6    10137    1292    1292    8845
          68    1.2e+05     17286 18692.5 18692.5     9797    1292    1292    8505
          69    1.2e+05     17286 18692.5 18765.4     9729    1292    1292    8437
          70    1.2e+05     17286 18692.5 18700.8    10693    1292    1292    9401
          71    1.2e+05     17286 18692.5 18726.9    10128    1292    1292    8836
          72    1.2e+05     17286 18692.5 18700.3     9992    1292    1292    8700
          73    1.2e+05     17286 18692.5 18746.3    10627    1292    1292    9335
          74    1.2e+05     17286 18690.8 18690.8    10560    1292    1292    9268
          75    1.2e+05     17286 18684.5 18684.5    11193    1292    1292    9901
          76    1.2e+05     17286 18680.6 18680.6    10145    1292    1292    8853
          77    1.2e+05     17286 18675.6 18675.6    10685    1292    1292    9393
          78    1.3e+05     17286 18657.1 18657.1    10152    1292    1292    8860
          79    1.3e+05     17286 18657.1 18740.7    10211    1292    1292    8919
          80    1.3e+05     17286 18650.2 18650.2    10681    1292    1292    9389
          81    1.3e+05     17286 18650.2 18654.4    10192    1292    1292    8900
          82    1.3e+05     17286 18639.2 18639.2    10430    1292    1292    9138
          83    1.3e+05     17286 18639.2 18651.7    10276    1292    1292    8984
          84    1.3e+05     17286 18639.2 18657.3    10719    1292    1292    9427
          85    1.3e+05     17286 18624.6 18624.6    10919    1292    1292    9627
          86    1.3e+05     17286 18597.3 18597.3    10919    1292    1292    9627
          87    1.3e+05     17286 18597.3 18662.5    10490    1292    1292    9198
          88    1.3e+05     17286 18597.3 18643.8    10574    1292    1292    9282
          89    1.3e+05     17286 18597.3 18602.6    11188    1292    1292    9896
          90    1.3e+05     17286 18597.3 18623.5    10734    1292    1292    9442
          91    1.3e+05     17286 18597.3 18639.7    10441    1292    1292    9149
          92    1.3e+05     17286 18597.3 18632.6    10415    1292    1292    9123
          93    1.3e+05     17286 18597.3 18626.2    11141    1292    1292    9849
          94    1.3e+05     17286 18597.3 18618.9    11236    1292    1292    9944
          95    1.3e+05     17286 18564.9 18564.9    10936    1292    1292    9644
          96    1.3e+05     17286 18564.9 18673.9    10472    1292    1292    9180
          97    1.3e+05     17286 18558.7 18558.7    11095    1292    1292    9803
          98    1.3e+05     17286 18558.7 18644.3    11048    1292    1292    9756
          99    1.3e+05     17286 18558.7 18596.1    10511    1292    1292    9219
         100    1.3e+05     17286 18558.7 18650.1    10777    1292    1292    9485
         101    1.3e+05     17286 18558.7 18592.1    10853    1291    1291    9562
         102    1.3e+05     17286 18558.7 18675.2    11627    1292    1292   10335
         103    1.3e+05     17286 18529.3 18529.3    11414    1292    1292   10122
         104    1.3e+05     17286 18529.3 18701.6    10726    1292    1292    9434
         105    1.3e+05     17286 18529.3 18538.1    10415    1290    1290    9125
         106    1.3e+05     17286 18529.3 18706.7    10968    1292    1292    9676
         107    1.3e+05     17286 18499.7 18499.7    11971    1290    1290   10681
         108    1.3e+05     17286 18499.7 18569.3    11626    1292    1292   10334
         109    1.4e+05     17286 18499.7 18561.4    11130    1291    1291    9839
         110    1.4e+05     17286 18499.7 18635.5    11395    1292    1292   10103
         111    1.4e+05     17286   18495   18495    11393    1291    1291   10102
         112    1.4e+05     17286   18495 18614.4    10436    1291    1291    9145
         113    1.4e+05     17286   18495 18544.2    10986    1291    1291    9695
         114    1.4e+05     17286   18495 18623.9    11758    1292    1292   10466
         115    1.4e+05     17286 18475.4 18475.4    10893    1291    1291    9602
         116    1.4e+05     17286 18475.4 18655.6    10769    1291    1291    9478
         117    1.4e+05     17286 18475.4 18504.7    12612    1291    1291   11321
         118    1.4e+05     17286 18475.4 18542.7    12149    1292    1292   10857
         119    1.4e+05     17286 18475.4 18504.9    11105    1292    1292    9813
         120    1.4e+05     17286 18475.4 18653.6    10314    1291    1291    9023
         121    1.4e+05     17286 18475.4 18494.9    11448    1291    1291   10157
         122    1.4e+05     17286 18475.4 18544.4    11706    1292    1292   10414
         123    1.4e+05     17286 18475.4 18481.2    11671    1291    1291   10380
         124    1.4e+05     17286 18475.4 18588.7    11386    1292    1292   10094
         125    1.4e+05     17286 18475.4   18485    11335    1292    1292   10043
         126    1.4e+05     17286 18475.4   18614    11232    1291    1291    9941
         127    1.4e+05     17286 18448.4 18448.4    11631    1290    1290   10341
         128    1.4e+05     17286 18448.4 18612.3    11482    1292    1292   10190
         129    1.4e+05     17286 18448.4 18458.8    11687    1291    1291   10396
         130    1.4e+05     17286 18448.4 18586.9    11690    1292    1292   10398
         131    1.4e+05     17286 18448.4 18450.7    11249    1291    1291    9958
         132    1.4e+05     17286 18448.4   18579    10863    1291    1291    9572
         133    1.4e+05     17286 18448.4 18491.8    11505    1291    1291   10214
         134    1.4e+05     17286 18448.4 18551.6    11401    1292    1292   10109
         135    1.4e+05     17286 18448.4 18459.5    12179    1291    1291   10888
         136    1.4e+05     17286 18448.4   18510    11902    1291    1291   10611
         137    1.4e+05     17286 18448.4 18481.6    11317    1291    1291   10026
         138    1.4e+05     17286 18448.4 18573.8    11959    1291    1291   10668
         139    1.4e+05     17286   18396   18396    12469    1291    1291   11178
         140    1.4e+05     17286   18396 18577.2    11938    1292    1292   10646
         141    1.4e+05     17286   18396 18420.6    11927    1291    1291   10636
         142    1.4e+05     17286   18396 18497.4    11846    1292    1292   10554
         143    1.4e+05     17286   18396 18468.3    11344    1291    1291   10053
         144    1.4e+05     17286   18396 18575.5    11254    1292    1292    9962
         145    1.4e+05     17286   18396 18447.3    12194    1292    1292   10902
         146    1.5e+05     17286   18396 18489.1    11701    1291    1291   10410
         147    1.5e+05     17286   18396 18445.5    11746    1291    1291   10455
         148    1.5e+05     17286   18396 18504.1    11499    1292    1292   10207
         149    1.5e+05     17286   18396 18417.3    12079    1291    1291   10788
         150    1.5e+05     17286   18396 18469.5    11801    1291    1291   10510
         151    1.5e+05     17286   18396 18468.9    11674    1291    1291   10383
         152    1.5e+05     17286   18396 18508.9    11559    1291    1291   10268
         153    1.5e+05     17286   18396 18416.3    12092    1291    1291   10801
         154    1.5e+05     17286   18396 18492.8    12505    1291    1291   11214
         155    1.5e+05     17286   18396 18406.9    12012    1292    1292   10720
         156    1.5e+05     17286   18396 18588.9    11908    1289    1289   10619
         157    1.5e+05     17286   18396   18397    12209    1291    1291   10918
         158    1.5e+05     17286   18396 18513.7    12271    1291    1291   10980
         159    1.5e+05     17286   18396 18404.8    12321    1291    1291   11030
         160    1.5e+05     17286   18396 18494.7    11285    1290    1290    9995
         161    1.5e+05     17286   18396 18441.8    11709    1292    1292   10417
         162    1.5e+05     17286   18396 18456.8    11950    1292    1292   10658
         163    1.5e+05     17286   18396 18399.1    11762    1289    1289   10473
         164    1.5e+05     17286   18396 18484.5    11662    1292    1292   10370
               reducing step to 0.1
         165    1.5e+05     17286 18228.5 18228.5    13925    1290    1290   12635
         166    1.5e+05     17286 18135.2 18135.2    15840    1291    1291   14549
         167    1.5e+05     17286 18103.3 18103.3    15882    1290    1290   14592
         168    1.5e+05     17286 18103.3 18122.3    16958    1291    1291   15667
         169    1.5e+05     17286 18078.8 18078.8    17208    1288    1288   15920
         170    1.5e+05     17286 18078.8 18081.5    17227    1287    1287   15940
         171    1.5e+05     17286 18070.3 18070.3    17250    1288    1288   15962
    *    172    1.5e+05     17362 18070.3 18087.5    17362    1287    1287   16075
    *    173    1.5e+05     17547 18065.4 18065.4    17547    1288    1288   16259
         174    1.5e+05     17547 18060.7 18060.7    16985    1286    1286   15699
         175    1.5e+05     17547 18060.7 18066.8    17109    1288    1288   15821
         176    1.5e+05     17547 18060.7 18064.1    17027    1288    1288   15739
         177    1.5e+05     17547 18060.7 18100.2    17190    1287    1287   15903
         178    1.5e+05     17547 18056.5 18056.5    17473    1288    1288   16185
         179    1.5e+05     17547 18056.5 18056.7    17368    1286    1286   16082
    *    180    1.5e+05     17716 18054.2 18054.2    17716    1287    1287   16429
    *    181    1.5e+05     17717 18054.2 18069.7    17717    1287    1287   16430
         182    1.5e+05     17717 18049.5 18049.5    17545    1287    1287   16258
         183    1.5e+05     17717 18049.5   18052    17665    1286    1286   16379
         184    1.5e+05     17717 18048.2 18048.2    17498    1286    1286   16212
         185    1.5e+05     17717 18048.2 18050.2    17369    1286    1286   16083
         186    1.5e+05     17717 18048.2 18049.8    17083    1287    1287   15796
         187    1.5e+05     17717 18048.2 18082.1    16784    1287    1287   15497
         188    1.5e+05     17717 18048.2 18052.8    17019    1289    1289   15730
         189    1.5e+05     17717 18048.2 18053.3    17076    1287    1287   15789
         190    1.5e+05     17717 18048.2 18050.7    16757    1288    1288   15469
         191    1.5e+05     17717 18048.2 18074.4    15929    1288    1288   14641
         192    1.5e+05     17717 18048.2 18058.5    16149    1287    1287   14862
         193    1.5e+05     17717 18048.2 18058.5    15815    1288    1288   14527
         194    1.5e+05     17717 18048.2 18068.6    16020    1287    1287   14733
         195    1.5e+05     17717 18048.2 18075.6    15445    1289    1289   14156
         196    1.5e+05     17717 18048.2 18067.9    15148    1289    1289   13859
         197    1.5e+05     17717 18048.2 18081.7    15582    1291    1291   14291
         198    1.5e+05     17717 18048.2 18073.2    16336    1289    1289   15047
         199    1.5e+05     17717 18048.2 18062.3    17569    1287    1287   16282
         200    1.5e+05     17717 18042.3 18042.3    17426    1287    1287   16139
         201    1.5e+05     17717 18042.3 18042.5    17527    1287    1287   16240
         202    1.5e+05     17717 18040.2 18040.2    17148    1287    1287   15861
         203    1.5e+05     17717 18040.2 18049.2    17109    1287    1287   15822
         204    1.5e+05     17717 18040.2 18043.7    17003    1287    1287   15716
         205    1.5e+05     17717 18040.2 18058.4    17481    1286    1286   16195
         206    1.5e+05     17717 18037.9 18037.9    17685    1286    1286   16399
    *    207    1.5e+05     17721 18037.9 18040.6    17721    1287    1287   16434
    *    208    1.5e+05     17880 18037.9 18039.5    17880    1285    1285   16595
         209    1.5e+05     17880 18036.3 18036.3    17866    1286    1286   16580
         210    1.5e+05     17880 18036.3 18038.3    17673    1286    1286   16387
         211    1.5e+05     17880 18036.3 18037.1    17147    1286    1286   15861
         212    1.5e+05     17880 18036.3 18041.8    16982    1287    1287   15695
         213    1.5e+05     17880 18036.3 18047.5    16645    1288    1288   15357
         214    1.5e+05     17880 18036.3 18054.8    16573    1289    1289   15284
         215    1.5e+05     17880 18036.3   18042    16496    1288    1288   15208
         216    1.5e+05     17880 18036.3 18064.1    15562    1288    1288   14274
         217    1.5e+05     17880 18036.3 18053.1    15865    1287    1287   14578
         218    1.5e+05     17880 18036.3 18064.2    16046    1288    1288   14758
         219    1.5e+05     17880 18036.3 18047.5    15752    1286    1286   14466
         220    1.5e+05     17880 18036.3   18053    16198    1287    1287   14911
         221    1.5e+05     17880 18036.3 18048.4    15813    1288    1288   14525
         222    1.5e+05     17880 18036.3 18080.7    15971    1287    1287   14684
         223    1.5e+05     17880 18036.3 18043.5    16906    1290    1290   15616
         224    1.5e+05     17880 18036.3 18040.5    17162    1289    1289   15873
         225    1.5e+05     17880 18036.3 18054.5    17544    1287    1287   16257
         226    1.5e+05     17880   18034   18034    17770    1287    1287   16483
         227    1.5e+05     17880 18032.2 18032.2    17811    1287    1287   16524
         228    1.5e+05     17880 18032.2 18033.2    17586    1286    1286   16300
         229    1.5e+05     17880 18032.2   18034    17641    1285    1285   16356
    *    230    1.5e+05     17896   18031   18031    17896    1285    1285   16611
         231    1.5e+05     17896   18031 18031.1    17862    1285    1285   16577
         232    1.5e+05     17896   18031 18032.2    17616    1285    1285   16331
         233    1.5e+05     17896   18031 18031.6    17858    1287    1287   16571
    *    234    1.5e+05     17924   18031 18031.8    17924    1285    1285   16639
         235    1.5e+05     17924 18030.3 18030.3    17905    1285    1285   16620
         236    1.5e+05     17924 18030.3 18030.7    17913    1285    1285   16628
         237    1.5e+05     17924 18029.3 18029.3    17889    1285    1285   16604
         238    1.5e+05     17924 18029.3 18030.6    17905    1285    1285   16620
         239    1.5e+05     17924 18029.3 18030.3    17898    1286    1286   16612
         240    1.5e+05     17924 18029.3 18029.5    17900    1286    1286   16614
         241    1.5e+05     17924 18028.9 18028.9    17619    1286    1286   16333
         242    1.5e+05     17924 18028.5 18028.5    17795    1285    1285   16510
         243    1.5e+05     17924 18028.5 18030.3    17264    1286    1286   15978
         244    1.5e+05     17924 18028.5 18030.8    17027    1287    1287   15740
         245    1.5e+05     17924 18028.5 18058.4    16803    1286    1286   15517
         246    1.5e+05     17924 18028.5 18043.4    16388    1288    1288   15100
         247    1.5e+05     17924 18028.5 18038.6    16470    1285    1285   15185
         248    1.5e+05     17924 18028.5   18051    16719    1288    1288   15431
         249    1.5e+05     17924 18028.5 18032.2    17109    1285    1285   15824
         250    1.5e+05     17924 18028.5 18030.4    17273    1287    1287   15986
         251    1.5e+05     17924 18028.5 18054.5    17010    1287    1287   15723
         252    1.5e+05     17924 18028.5   18029    17242    1288    1288   15954
         253    1.5e+05     17924 18025.7 18025.7    17373    1287    1287   16086
         254    1.5e+05     17924 18025.7 18028.1    16984    1286    1286   15698
         255    1.5e+05     17924 18025.7   18032    16825    1286    1286   15539
         256    1.5e+05     17924 18025.7 18034.3    16663    1286    1286   15377
         257    1.5e+05     17924 18025.7 18060.8    16720    1288    1288   15432
         258    1.5e+05     17924 18025.7   18036    17061    1288    1288   15773
         259    1.5e+05     17924 18025.7 18049.7    17026    1288    1288   15738
         260    1.5e+05     17924 18025.7   18030    17606    1287    1287   16319
         261    1.5e+05     17924 18025.7 18027.4    17790    1286    1286   16504
         262    1.5e+05     17924 18025.7 18026.3    17864    1285    1285   16579
    *    263    1.5e+05     17940 18025.2 18025.2    17940    1285    1285   16655
         264    1.5e+05     17940 18025.2   18026    17841    1286    1286   16555
         265    1.5e+05     17940 18025.2 18025.8    17937    1285    1285   16652
         266    1.5e+05     17940 18025.2 18025.4    17764    1285    1285   16479
         267    1.5e+05     17940 18025.2 18026.2    17452    1285    1285   16167
         268    1.5e+05     17940 18025.2 18027.9    16909    1285    1285   15624
         269    1.5e+05     17940 18025.2 18030.8    16702    1288    1288   15414
         270    1.5e+05     17940 18025.2 18045.2    16778    1287    1287   15491
         271    1.5e+05     17940 18025.2   18029    16692    1287    1287   15405
         272    1.5e+05     17940 18025.2 18037.4    16049    1288    1288   14761
         273    1.5e+05     17940 18025.2 18031.5    16548    1287    1287   15261
         274    1.5e+05     17940 18025.2 18035.5    16452    1290    1290   15162
         275    1.5e+05     17940 18025.2 18051.1    16228    1286    1286   14942
         276    1.5e+05     17940 18025.2 18038.1    16534    1287    1287   15247
         277    1.5e+05     17940 18025.2 18032.8    17061    1286    1286   15775
         278    1.5e+05     17940 18025.2 18049.9    16755    1287    1287   15468
         279    1.5e+05     17940 18025.2 18036.2    16726    1288    1288   15438
         280    1.5e+05     17940 18025.2   18041    17182    1286    1286   15896
         281    1.5e+05     17940   18025   18025    17705    1288    1288   16417
         282    1.5e+05     17940   18025   18027    17867    1287    1287   16580
         283    1.5e+05     17940 18023.9 18023.9    17827    1287    1287   16540
         284    1.5e+05     17940 18023.9 18026.5    17651    1286    1286   16365
         285    1.5e+05     17940 18023.9 18026.1    16983    1286    1286   15697
         286    1.5e+05     17940 18023.9 18029.4    17471    1287    1287   16184
         287    1.5e+05     17940 18023.9   18044    17252    1285    1285   15967
         288    1.5e+05     17940 18023.9 18028.6    17214    1286    1286   15928
         289    1.5e+05     17940 18023.9 18042.1    17051    1285    1285   15766
         290    1.5e+05     17940 18023.9 18027.9    17104    1287    1287   15817
         291    1.5e+05     17940 18023.9 18029.8    16060    1287    1287   14773
         292    1.5e+05     17940 18023.9 18055.4    16269    1287    1287   14982
         293    1.5e+05     17940 18023.9 18054.2    16891    1288    1288   15603
         294    1.5e+05     17940 18023.9 18029.2    17120    1285    1285   15835
         295    1.5e+05     17940 18023.9 18055.5    17265    1287    1287   15978
         296    1.5e+05     17940 18023.9 18026.1    17424    1287    1287   16137
         297    1.5e+05     17940 18023.9 18027.8    17436    1286    1286   16150
         298    1.5e+05     17940 18023.9 18024.6    17805    1285    1285   16520
         299    1.5e+05     17940 18023.6 18023.6    17812    1285    1285   16527
         300    1.5e+05     17940 18023.4 18023.4    17934    1285    1285   16649
         301    1.5e+05     17940 18023.4 18025.9    17887    1286    1286   16601
         302    1.5e+05     17940 18022.8 18022.8    17448    1286    1286   16162
         303    1.5e+05     17940 18022.8 18028.8    16877    1285    1285   15592
         304    1.5e+05     17940 18022.8 18023.9    17384    1286    1286   16098
         305    1.5e+05     17940 18022.8 18026.8    17578    1286    1286   16292
         306    1.5e+05     17940 18022.8 18023.6    17518    1286    1286   16232
         307    1.5e+05     17940 18022.8 18026.6    17646    1287    1287   16359
         308    1.5e+05     17940 18022.8   18024    17442    1286    1286   16156
         309    1.5e+05     17940 18022.8 18026.3    17257    1286    1286   15971
         310    1.5e+05     17940 18022.8 18027.8    17031    1287    1287   15744
         311    1.5e+05     17940 18022.8 18028.7    16908    1287    1287   15621
         312    1.5e+05     17940 18022.8 18027.8    17024    1288    1288   15736
         313    1.5e+05     17940 18022.8 18045.5    17432    1288    1288   16144
         314    1.5e+05     17940 18022.8   18025    17222    1286    1286   15936
         315    1.5e+05     17940 18022.8 18029.8    17626    1286    1286   16340
         316    1.5e+05     17940 18022.8 18023.9    17824    1287    1287   16537
         317    1.5e+05     17940 18022.8 18024.5    17809    1286    1286   16523
         318    1.5e+05     17940 18022.8 18024.2    17661    1285    1285   16376
         319    1.5e+05     17940 18022.8 18025.3    17729    1285    1285   16444
         320    1.5e+05     17940 18022.8 18023.5    17605    1286    1286   16319
         321    1.5e+05     17940 18022.8 18027.7    17657    1287    1287   16370
         322    1.5e+05     17940 18022.8 18025.4    17830    1285    1285   16545
         323    1.5e+05     17940 18022.8 18023.6    17805    1285    1285   16520
    *    324    1.5e+05     17960 18022.8   18024    17960    1285    1285   16675
         325    1.5e+05     17960 18022.8   18023    17956    1285    1285   16671
         326    1.5e+05     17960 18022.5 18022.5    17949    1285    1285   16664
         327    1.5e+05     17960 18022.5   18023    17958    1285    1285   16673
         328    1.5e+05     17960 18022.1 18022.1    17957    1285    1285   16672
    *    329    1.5e+05     17962 18022.1 18022.7    17962    1285    1285   16677
    *    330    1.5e+05     17965 18021.9 18021.9    17965    1285    1285   16680
         331    1.5e+05     17965 18021.9 18022.5    17961    1285    1285   16676
         332    1.5e+05     17965 18021.9   18022    17964    1285    1285   16679
         333    1.5e+05     17965 18021.9 18022.1    17959    1285    1285   16674
         334    1.5e+05     17965 18021.9 18022.1    17960    1285    1285   16675
         335    1.5e+05     17965 18021.9 18022.8    17962    1285    1285   16677
         336    1.5e+05     17965 18021.9   18022    17964    1285    1285   16679
         337    1.5e+05     17965 18021.9 18023.3    17962    1285    1285   16677
         338    1.5e+05     17965 18021.9 18022.6    17963    1285    1285   16678
         339    1.5e+05     17965 18021.9 18022.9    17962    1285    1285   16677
         340    1.5e+05     17965 18021.9 18022.3    17960    1285    1285   16675
         341    1.5e+05     17965 18021.7 18021.7    17963    1285    1285   16678
         342    1.5e+05     17965 18021.7 18021.8    17960    1285    1285   16675
         343    1.5e+05     17965 18021.7 18022.8    17961    1285    1285   16676
         344    1.5e+05     17965 18021.3 18021.3    17961    1285    1285   16676
    *    345    1.5e+05     17967 18021.3 18022.5    17967    1285    1285   16682
         346    1.5e+05     17967 18021.3 18021.9    17962    1285    1285   16677
         347    1.5e+05     17967 18021.3 18022.2    17963    1285    1285   16678
    *    348    1.5e+05     17968 18021.3 18022.3    17968    1285    1285   16683
         349    1.5e+05     17968 18021.3 18022.2    17960    1285    1285   16675
         350    1.5e+05     17968 18021.3 18021.9    17962    1285    1285   16677
         351    1.5e+05     17968 18021.3 18023.2    17963    1285    1285   16678
         352    1.5e+05     17968 18021.3 18022.4    17958    1285    1285   16673
         353    1.5e+05     17968 18021.3 18022.2    17950    1285    1285   16665
         354    1.5e+05     17968 18021.3 18022.1    17951    1285    1285   16666
         355    1.5e+05     17968 18021.3 18021.9    17959    1285    1285   16674
         356    1.5e+05     17968 18021.3 18021.8    17966    1285    1285   16681
         357    1.5e+05     17968 18021.3 18022.4    17958    1285    1285   16673
         358    1.5e+05     17968 18021.3 18021.7    17963    1285    1285   16678
         359    1.5e+05     17968 18021.3 18022.1    17960    1285    1285   16675
         360    1.5e+05     17968 18021.3 18022.1    17966    1285    1285   16681
         361    1.5e+05     17968 18021.3 18022.1    17952    1285    1285   16667
         362    1.5e+05     17968 18021.3 18022.2    17966    1285    1285   16681
         363    1.5e+05     17968 18021.3 18022.5    17964    1285    1285   16679
         364    1.5e+05     17968 18021.2 18021.2    17962    1285    1285   16677
         365    1.5e+05     17968 18021.2   18022    17960    1285    1285   16675
         366    1.5e+05     17968 18021.2   18022    17966    1285    1285   16681
         367    1.5e+05     17968 18021.2   18022    17954    1285    1285   16669
         368    1.5e+05     17968 18021.2 18021.6    17966    1285    1285   16681
         369    1.5e+05     17968 18021.2 18022.1    17962    1285    1285   16677
         370    1.5e+05     17968 18021.2 18021.3    17961    1285    1285   16676
         371    1.5e+05     17968 18021.2 18021.7    17957    1285    1285   16672
         372    1.5e+05     17968 18021.2   18022    17965    1285    1285   16680
         373    1.5e+05     17968 18021.2   18023    17964    1285    1285   16679
         374    1.5e+05     17968 18021.2 18021.4    17962    1285    1285   16677
         375    1.5e+05     17968 18021.2 18021.9    17964    1285    1285   16679
         376    1.5e+05     17968 18021.2 18021.2    17964    1285    1285   16679
         377    1.5e+05     17968 18021.2 18022.4    17956    1285    1285   16671
         378    1.5e+05     17968 18020.9 18020.9    17966    1285    1285   16681
         379    1.5e+05     17968 18020.9 18021.6    17962    1285    1285   16677
    *    380    1.5e+05     17969 18020.9 18021.1    17969    1285    1285   16684
         381    1.5e+05     17969 18020.9 18022.4    17967    1285    1285   16682
         382    1.5e+05     17969 18020.8 18020.8    17966    1285    1285   16681
         383    1.5e+05     17969 18020.8 18021.8    17965    1285    1285   16680
         384    1.5e+05     17969 18020.6 18020.6    17966    1285    1285   16681
         385    1.5e+05     17969 18020.6 18022.5    17968    1285    1285   16683
         386    1.5e+05     17969 18020.6 18020.8    17965    1285    1285   16680
         387    1.5e+05     17969 18020.6 18021.8    17967    1285    1285   16682
         388    1.5e+05     17969 18020.6 18020.8    17964    1285    1285   16679
         389    1.5e+05     17969 18020.6   18022    17969    1285    1285   16684
         390    1.5e+05     17969 18020.6 18020.8    17967    1285    1285   16682
         391    1.5e+05     17969 18020.6 18022.2    17953    1285    1285   16668
         392    1.5e+05     17969 18020.6 18020.7    17967    1285    1285   16682
         393    1.5e+05     17969 18020.6 18022.2    17965    1285    1285   16680
         394    1.5e+05     17969 18020.6 18021.2    17968    1285    1285   16683
         395    1.5e+05     17969 18020.6 18022.6    17966    1285    1285   16681
         396    1.5e+05     17969 18020.5 18020.5    17968    1285    1285   16683
    *    397    1.5e+05     17970 18020.5 18022.2    17970    1285    1285   16685
         398    1.5e+05     17970 18020.3 18020.3    17969    1285    1285   16684
         399    1.5e+05     17970 18020.3 18022.3    17970    1285    1285   16685
         400    1.5e+05     17970 18020.3 18020.8    17965    1285    1285   16680
         401    1.5e+05     17970 18020.3   18022    17967    1285    1285   16682
         402    1.5e+05     17970 18020.3 18020.4    17967    1285    1285   16682
    *    403    1.5e+05     17973 18020.3   18022    17973    1285    1285   16688
         404    1.5e+05     17973 18020.2 18020.2    17964    1285    1285   16679
         405    1.5e+05     17973 18020.2 18022.2    17969    1285    1285   16684
         406    1.5e+05     17973 18020.2 18020.4    17963    1285    1285   16678
         407    1.5e+05     17973 18020.2 18021.8    17953    1285    1285   16668
         408    1.5e+05     17973 18020.2 18020.4    17958    1285    1285   16673
         409    1.5e+05     17973 18020.2 18021.8    17957    1285    1285   16672
         410    1.5e+05     17973 18020.2 18020.5    17946    1285    1285   16661
         411    1.5e+05     17973 18020.2 18021.6    17969    1285    1285   16684
         412    1.5e+05     17973 18020.2 18020.5    17967    1285    1285   16682
         413    1.5e+05     17973 18020.2 18021.6    17967    1285    1285   16682
         414    1.5e+05     17973 18020.2 18020.6    17965    1285    1285   16680
         415    1.5e+05     17973 18020.2 18021.3    17966    1285    1285   16681
         416    1.5e+05     17973 18020.2 18020.4    17966    1285    1285   16681
         417    1.5e+05     17973 18020.2 18021.3    17968    1285    1285   16683
         418    1.5e+05     17973 18020.2 18020.9    17969    1285    1285   16684
         419    1.5e+05     17973 18020.2 18021.4    17968    1285    1285   16683
         420    1.5e+05     17973 18020.2 18020.8    17967    1285    1285   16682
         421    1.5e+05     17973 18020.2 18021.5    17969    1285    1285   16684
         422    1.5e+05     17973 18020.2   18021    17969    1285    1285   16684
         423    1.5e+05     17973 18020.2 18021.6    17967    1285    1285   16682
         424    1.5e+05     17973 18020.2 18020.7    17969    1285    1285   16684
         425    1.5e+05     17973 18020.2 18021.7    17964    1285    1285   16679
         426    1.5e+05     17973 18020.2   18021    17954    1285    1285   16669
         427    1.5e+05     17973 18020.2 18021.5    17965    1285    1285   16680
         428    1.5e+05     17973 18020.2   18021    17965    1285    1285   16680
         429    1.5e+05     17973 18020.2 18022.1    17950    1285    1285   16665
               reducing step to 0.05
         430    1.5e+05     17973 18009.9 18009.9    17910    1285    1285   16625
         431    1.5e+05     17973 18000.6 18000.6    17879    1285    1285   16594
         432    1.5e+05     17973 18000.6 18001.7    17970    1285    1285   16685
         433    1.5e+05     17973 18000.6 18001.7    17821    1285    1285   16536
         434    1.5e+05     17973 18000.6 18001.5    17963    1285    1285   16678
         435    1.5e+05     17973 18000.6 18001.4    17955    1285    1285   16670
    *    436    1.5e+05     17976 18000.6 18001.4    17976    1285    1285   16691
         437    1.5e+05     17976 18000.6 18001.3    17972    1285    1285   16687
    *    438    1.5e+05     17977 18000.6 18001.2    17977    1285    1285   16692
         439    1.5e+05     17977 18000.6 18001.2    17977    1285    1285   16692
    *    440    1.5e+05     17978 18000.6 18001.2    17978    1285    1285   16693
         441    1.5e+05     17978 18000.6 18000.9    17978    1285    1285   16693
    *    442    1.5e+05     17982 18000.6 18000.9    17982    1285    1285   16697
         443    1.5e+05     17982 18000.6 18001.1    17976    1285    1285   16691
         444    1.5e+05     17982 18000.6 18000.9    17982    1285    1285   16697
         445    1.5e+05     17982 18000.6 18000.8    17979    1285    1285   16694
         446    1.5e+05     17982 18000.6   18001    17981    1285    1285   16696
         447    1.5e+05     17982 18000.6 18000.9    17977    1285    1285   16692
         448    1.5e+05     17982 18000.6 18000.8    17982    1285    1285   16697
         449    1.5e+05     17982 18000.6 18000.7    17977    1285    1285   16692
         450    1.5e+05     17982 18000.6 18000.9    17982    1285    1285   16697
         451    1.5e+05     17982 18000.6 18000.9    17976    1285    1285   16691
         452    1.5e+05     17982 18000.6 18000.6    17981    1285    1285   16696
         453    1.5e+05     17982 18000.6 18000.7    17979    1285    1285   16694
         454    1.5e+05     17982 18000.6 18000.8    17980    1285    1285   16695
         455    1.5e+05     17982 18000.6 18000.8    17978    1285    1285   16693
         456    1.5e+05     17982 18000.6 18000.6    17978    1285    1285   16693
         457    1.5e+05     17982 18000.6 18000.6    17979    1285    1285   16694
         458    1.5e+05     17982 18000.6 18000.7    17975    1285    1285   16690
         459    1.5e+05     17982 18000.6 18000.9    17974    1285    1285   16689
         460    1.5e+05     17982 18000.6 18000.7    17977    1285    1285   16692
         461    1.5e+05     17982 18000.6 18000.6    17980    1285    1285   16695
         462    1.5e+05     17982 18000.6 18000.6    17980    1285    1285   16695
         463    1.5e+05     17982 18000.6 18000.8    17975    1285    1285   16690
         464    1.5e+05     17982 18000.4 18000.4    17980    1285    1285   16695
         465    1.5e+05     17982 18000.4 18000.7    17979    1285    1285   16694
         466    1.5e+05     17982 18000.4 18000.6    17981    1285    1285   16696
         467    1.5e+05     17982 18000.4 18001.1    17979    1285    1285   16694
         468    1.5e+05     17982 18000.4 18000.6    17981    1285    1285   16696
         469    1.5e+05     17982 18000.4 18000.8    17980    1285    1285   16695
         470    1.5e+05     17982 18000.4 18000.7    17981    1285    1285   16696
         471    1.5e+05     17982 18000.4 18001.1    17979    1285    1285   16694
         472    1.5e+05     17982 18000.4 18000.6    17981    1285    1285   16696
         473    1.5e+05     17982 18000.4 18000.8    17980    1285    1285   16695
         474    1.5e+05     17982 18000.4 18000.7    17981    1285    1285   16696
         475    1.5e+05     17982 18000.4 18001.1    17977    1285    1285   16692
         476    1.5e+05     17982 18000.4 18000.6    17981    1285    1285   16696
         477    1.5e+05     17982 18000.4 18000.8    17979    1285    1285   16694
         478    1.5e+05     17982 18000.4 18000.7    17976    1285    1285   16691
         479    1.5e+05     17982 18000.4 18000.9    17978    1285    1285   16693
         480    1.5e+05     17982 18000.4 18000.5    17980    1285    1285   16695
         481    1.5e+05     17982 18000.4 18000.7    17980    1285    1285   16695
         482    1.5e+05     17982 18000.4 18000.7    17980    1285    1285   16695
         483    1.5e+05     17982 18000.4   18001    17979    1285    1285   16694
         484    1.5e+05     17982 18000.4 18000.6    17980    1285    1285   16695
         485    1.5e+05     17982 18000.4 18000.7    17980    1285    1285   16695
         486    1.5e+05     17982 18000.4 18000.7    17980    1285    1285   16695
         487    1.5e+05     17982 18000.4   18001    17979    1285    1285   16694
         488    1.5e+05     17982 18000.4 18000.6    17980    1285    1285   16695
         489    1.5e+05     17982 18000.4 18000.7    17980    1285    1285   16695
               reducing step to 0.025
         490    1.5e+05     17982 17997.4 17997.4    17953    1285    1285   16668
         491    1.5e+05     17982 17994.1 17994.1    17963    1285    1285   16678
         492    1.5e+05     17982 17994.1 17994.4    17971    1285    1285   16686
         493    1.5e+05     17982 17993.8 17993.8    17972    1285    1285   16687
    *    494    1.5e+05     17983 17993.8 17994.2    17983    1285    1285   16698
         495    1.5e+05     17983 17993.8 17993.9    17972    1285    1285   16687
         496    1.5e+05     17983 17993.8 17994.2    17983    1285    1285   16698
         497    1.5e+05     17983 17993.8 17993.8    17971    1285    1285   16686
         498    1.5e+05     17983 17993.8 17994.1    17980    1285    1285   16695
         499    1.5e+05     17983 17993.7 17993.7    17972    1285    1285   16687
         500    1.5e+05     17983 17993.7 17994.1    17981    1285    1285   16696
         501    1.5e+05     17983 17993.7 17993.7    17975    1285    1285   16690
         502    1.5e+05     17983 17993.7   17994    17983    1285    1285   16698
         503    1.5e+05     17983 17993.7 17993.8    17976    1285    1285   16691
         504    1.5e+05     17983 17993.7   17994    17982    1285    1285   16697
         505    1.5e+05     17983 17993.6 17993.6    17976    1285    1285   16691
    *    506    1.5e+05     17984 17993.6 17993.9    17984    1285    1285   16699
         507    1.5e+05     17984 17993.6 17993.7    17976    1285    1285   16691
         508    1.5e+05     17984 17993.6 17993.9    17983    1285    1285   16698
         509    1.5e+05     17984 17993.6 17993.7    17977    1285    1285   16692
    *    510    1.5e+05     17985 17993.6 17993.9    17985    1285    1285   16700
         511    1.5e+05     17985 17993.6 17993.6    17978    1285    1285   16693
         512    1.5e+05     17985 17993.6 17993.9    17983    1285    1285   16698
         513    1.5e+05     17985 17993.6 17993.6    17978    1285    1285   16693
         514    1.5e+05     17985 17993.6 17993.9    17984    1285    1285   16699
         515    1.5e+05     17985 17993.6 17993.6    17978    1285    1285   16693
         516    1.5e+05     17985 17993.6 17993.8    17985    1285    1285   16700
         517    1.5e+05     17985 17993.6 17993.6    17963    1285    1285   16678
         518    1.5e+05     17985 17993.6 17993.8    17985    1285    1285   16700
         519    1.5e+05     17985 17993.5 17993.5    17979    1285    1285   16694
         520    1.5e+05     17985 17993.5 17993.8    17985    1285    1285   16700
         521    1.5e+05     17985 17993.5 17993.6    17979    1285    1285   16694
         522    1.5e+05     17985 17993.5 17993.8    17984    1285    1285   16699
         523    1.5e+05     17985 17993.5 17993.5    17979    1285    1285   16694
         524    1.5e+05     17985 17993.5 17993.8    17985    1285    1285   16700
         525    1.5e+05     17985 17993.5 17993.6    17978    1285    1285   16693
         526    1.5e+05     17985 17993.5 17993.7    17985    1285    1285   16700
         527    1.5e+05     17985 17993.5 17993.6    17979    1285    1285   16694
         528    1.5e+05     17985 17993.5 17993.9    17985    1285    1285   16700
         529    1.5e+05     17985 17993.5 17993.6    17979    1285    1285   16694
         530    1.5e+05     17985 17993.5 17993.9    17985    1285    1285   16700
         531    1.5e+05     17985 17993.5 17993.6    17979    1285    1285   16694
         532    1.5e+05     17985 17993.5 17993.9    17985    1285    1285   16700
         533    1.5e+05     17985 17993.5 17993.6    17979    1285    1285   16694
         534    1.5e+05     17985 17993.5 17993.9    17985    1285    1285   16700
         535    1.5e+05     17985 17993.5 17993.6    17979    1285    1285   16694
         536    1.5e+05     17985 17993.5 17993.9    17985    1285    1285   16700
         537    1.5e+05     17985 17993.5 17993.6    17979    1285    1285   16694
         538    1.5e+05     17985 17993.5 17993.9    17985    1285    1285   16700
         539    1.5e+05     17985 17993.5 17993.5    17978    1285    1285   16693
         540    1.5e+05     17985 17993.5 17993.9    17985    1285    1285   16700
         541    1.5e+05     17985 17993.5 17993.6    17979    1285    1285   16694
         542    1.5e+05     17985 17993.5 17993.9    17983    1285    1285   16698
         543    1.5e+05     17985 17993.5 17993.5    17979    1285    1285   16694
         544    1.5e+05     17985 17993.5 17993.9    17984    1285    1285   16699
         545    1.5e+05     17985 17993.5 17993.5    17979    1285    1285   16694
         546    1.5e+05     17985 17993.5 17993.9    17984    1285    1285   16699
         547    1.5e+05     17985 17993.5 17993.5    17979    1285    1285   16694
         548    1.5e+05     17985 17993.5 17993.9    17984    1285    1285   16699
         549    1.5e+05     17985 17993.5 17993.5    17979    1285    1285   16694
         550    1.5e+05     17985 17993.5 17993.9    17984    1285    1285   16699
         551    1.5e+05     17985 17993.5 17993.5    17979    1285    1285   16694
         552    1.5e+05     17985 17993.5 17993.9    17984    1285    1285   16699
         553    1.5e+05     17985 17993.5 17993.5    17979    1285    1285   16694
         554    1.5e+05     17985 17993.5 17993.9    17984    1285    1285   16699
         555    1.5e+05     17985 17993.5 17993.5    17979    1285    1285   16694
         556    1.5e+05     17985 17993.5 17993.9    17984    1285    1285   16699
         557    1.5e+05     17985 17993.5 17993.5    17979    1285    1285   16694
         558    1.5e+05     17985 17993.5 17993.9    17983    1285    1285   16698
         559    1.5e+05     17985 17993.5 17993.5    17979    1285    1285   16694
         560    1.5e+05     17985 17993.5 17993.9    17983    1285    1285   16698
         561    1.5e+05     17985 17993.5 17993.5    17979    1285    1285   16694
         562    1.5e+05     17985 17993.5 17993.9    17984    1285    1285   16699
         563    1.5e+05     17985 17993.5 17993.5    17979    1285    1285   16694
         564    1.5e+05     17985 17993.5 17993.9    17984    1285    1285   16699
         565    1.5e+05     17985 17993.5 17993.5    17979    1285    1285   16694
         566    1.5e+05     17985 17993.5 17993.9    17983    1285    1285   16698
         567    1.5e+05     17985 17993.5 17993.5    17979    1285    1285   16694
         568    1.5e+05     17985 17993.5 17993.9    17984    1285    1285   16699
               reducing step to 0.0125
         569    1.5e+05     17985 17992.3 17992.3    17952    1285    1285   16667
         570    1.5e+05     17985 17990.6 17990.6    17972    1285    1285   16687
         571    1.5e+05     17985 17990.6   17991    17972    1285    1285   16687
         572    1.5e+05     17985 17990.5 17990.5    17970    1285    1285   16685
         573    1.5e+05     17985 17990.5 17990.9    17981    1285    1285   16696
         574    1.5e+05     17985 17990.4 17990.4    17975    1285    1285   16690
         575    1.5e+05     17985 17990.4 17990.8    17981    1285    1285   16696
         576    1.5e+05     17985 17990.3 17990.3    17972    1285    1285   16687
         577    1.5e+05     17985 17990.3 17990.9    17981    1285    1285   16696
         578    1.5e+05     17985 17990.3 17990.4    17976    1285    1285   16691
         579    1.5e+05     17985 17990.3 17990.8    17978    1285    1285   16693
         580    1.5e+05     17985 17990.3 17990.3    17975    1285    1285   16690
         581    1.5e+05     17985 17990.3 17990.7    17977    1285    1285   16692
         582    1.5e+05     17985 17990.3 17990.3    17978    1285    1285   16693
         583    1.5e+05     17985 17990.3 17990.7    17979    1285    1285   16694
         584    1.5e+05     17985 17990.2 17990.2    17978    1285    1285   16693
         585    1.5e+05     17985 17990.2 17990.8    17980    1285    1285   16695
         586    1.5e+05     17985 17990.2 17990.3    17966    1285    1285   16681
         587    1.5e+05     17985 17990.2 17990.7    17979    1285    1285   16694
         588    1.5e+05     17985 17990.2 17990.2    17978    1285    1285   16693
         589    1.5e+05     17985 17990.2 17990.7    17981    1285    1285   16696
         590    1.5e+05     17985 17990.2 17990.2    17978    1285    1285   16693
         591    1.5e+05     17985 17990.2 17990.7    17982    1285    1285   16697
         592    1.5e+05     17985 17990.2 17990.3    17978    1285    1285   16693
         593    1.5e+05     17985 17990.2 17990.7    17981    1285    1285   16696
         594    1.5e+05     17985 17990.2 17990.2    17980    1285    1285   16695
         595    1.5e+05     17985 17990.2 17990.7    17980    1285    1285   16695
         596    1.5e+05     17985 17990.2 17990.2    17980    1285    1285   16695
         597    1.5e+05     17985 17990.2 17990.7    17981    1285    1285   16696
         598    1.5e+05     17985 17990.2 17990.2    17980    1285    1285   16695
         599    1.5e+05     17985 17990.2 17990.6    17983    1285    1285   16698
         600    1.5e+05     17985 17990.2 17990.2    17980    1285    1285   16695
         601    1.5e+05     17985 17990.2 17990.7    17982    1285    1285   16697
         602    1.5e+05     17985 17990.2 17990.3    17981    1285    1285   16696
         603    1.5e+05     17985 17990.2 17990.6    17980    1285    1285   16695
         604    1.5e+05     17985 17990.1 17990.1    17981    1285    1285   16696
         605    1.5e+05     17985 17990.1 17990.7    17982    1285    1285   16697
         606    1.5e+05     17985 17990.1 17990.2    17979    1285    1285   16694
         607    1.5e+05     17985 17990.1 17990.6    17982    1285    1285   16697
         608    1.5e+05     17985 17990.1 17990.2    17981    1285    1285   16696
         609    1.5e+05     17985 17990.1 17990.7    17982    1285    1285   16697
         610    1.5e+05     17985 17990.1 17990.2    17981    1285    1285   16696
         611    1.5e+05     17985 17990.1 17990.7    17982    1285    1285   16697
         612    1.5e+05     17985 17990.1 17990.2    17981    1285    1285   16696
         613    1.5e+05     17985 17990.1 17990.7    17982    1285    1285   16697
         614    1.5e+05     17985 17990.1 17990.2    17981    1285    1285   16696
         615    1.5e+05     17985 17990.1 17990.7    17982    1285    1285   16697
         616    1.5e+05     17985 17990.1 17990.2    17981    1285    1285   16696
         617    1.5e+05     17985 17990.1 17990.7    17982    1285    1285   16697
         618    1.5e+05     17985 17990.1 17990.2    17981    1285    1285   16696
         619    1.5e+05     17985 17990.1 17990.6    17982    1285    1285   16697
         620    1.5e+05     17985 17990.1 17990.2    17981    1285    1285   16696
         621    1.5e+05     17985 17990.1 17990.7    17982    1285    1285   16697
         622    1.5e+05     17985 17990.1 17990.2    17981    1285    1285   16696
         623    1.5e+05     17985 17990.1 17990.6    17982    1285    1285   16697
         624    1.5e+05     17985 17990.1 17990.2    17981    1285    1285   16696
         625    1.5e+05     17985 17990.1 17990.7    17982    1285    1285   16697
         626    1.5e+05     17985 17990.1 17990.2    17980    1285    1285   16695
         627    1.5e+05     17985 17990.1 17990.6    17982    1285    1285   16697
         628    1.5e+05     17985 17990.1 17990.2    17981    1285    1285   16696
         629    1.5e+05     17985 17990.1 17990.7    17982    1285    1285   16697
               reducing step to 0.00625
         630    1.5e+05     17985 17989.7 17989.7    17944    1285    1285   16659
         631    1.5e+05     17985   17989   17989    17977    1285    1285   16692
         632    1.5e+05     17985 17988.4 17988.4    17978    1285    1285   16693
         633    1.5e+05     17985 17988.4 17988.8    17974    1285    1285   16689
         634    1.5e+05     17985 17988.4 17988.8    17981    1285    1285   16696
         635    1.5e+05     17985 17988.4 17988.7    17978    1285    1285   16693
         636    1.5e+05     17985 17988.4 17988.9    17980    1285    1285   16695
         637    1.5e+05     17985 17988.4 17988.7    17977    1285    1285   16692
         638    1.5e+05     17985 17988.4 17988.9    17980    1285    1285   16695
         639    1.5e+05     17985 17988.4 17988.7    17978    1285    1285   16693
         640    1.5e+05     17985 17988.4 17988.9    17979    1285    1285   16694
         641    1.5e+05     17985 17988.4 17988.7    17976    1285    1285   16691
         642    1.5e+05     17985 17988.4 17988.9    17980    1285    1285   16695
         643    1.5e+05     17985 17988.4 17988.7    17978    1285    1285   16693
         644    1.5e+05     17985 17988.4 17988.9    17980    1285    1285   16695
         645    1.5e+05     17985 17988.4 17988.7    17977    1285    1285   16692
         646    1.5e+05     17985 17988.4 17988.9    17979    1285    1285   16694
         647    1.5e+05     17985 17988.4 17988.7    17978    1285    1285   16693
         648    1.5e+05     17985 17988.4 17988.8    17980    1285    1285   16695
         649    1.5e+05     17985 17988.4 17988.7    17980    1285    1285   16695
         650    1.5e+05     17985 17988.4 17988.8    17981    1285    1285   16696
         651    1.5e+05     17985 17988.4 17988.7    17980    1285    1285   16695
         652    1.5e+05     17985 17988.4 17988.8    17981    1285    1285   16696
         653    1.5e+05     17985 17988.4 17988.7    17980    1285    1285   16695
         654    1.5e+05     17985 17988.4 17988.8    17982    1285    1285   16697
         655    1.5e+05     17985 17988.4 17988.7    17980    1285    1285   16695
         656    1.5e+05     17985 17988.4 17988.8    17983    1285    1285   16698
         657    1.5e+05     17985 17988.4 17988.7    17980    1285    1285   16695
               reducing step to 0.003125
         658    1.5e+05     17985 17988.4 17988.4    17969    1285    1285   16684
         659    1.5e+05     17985 17988.2 17988.2    17973    1285    1285   16688
         660    1.5e+05     17985 17988.2 17988.2    17980    1285    1285   16695
         661    1.5e+05     17985 17988.1 17988.1    17977    1285    1285   16692
         662    1.5e+05     17985 17988.1 17988.2    17979    1285    1285   16694
         663    1.5e+05     17985 17988.1 17988.1    17978    1285    1285   16693
         664    1.5e+05     17985 17988.1 17988.2    17980    1285    1285   16695
         665    1.5e+05     17985   17988   17988    17977    1285    1285   16692
         666    1.5e+05     17985   17988 17988.2    17979    1285    1285   16694
         667    1.5e+05     17985   17988 17988.1    17974    1285    1285   16689
         668    1.5e+05     17985   17988 17988.1    17981    1285    1285   16696
         669    1.5e+05     17985   17988   17988    17976    1285    1285   16691
         670    1.5e+05     17985   17988 17988.1    17980    1285    1285   16695
         671    1.5e+05     17985   17988 17988.1    17977    1285    1285   16692
         672    1.5e+05     17985   17988 17988.1    17980    1285    1285   16695
         673    1.5e+05     17985   17988   17988    17978    1285    1285   16693
         674    1.5e+05     17985   17988 17988.1    17981    1285    1285   16696
         675    1.5e+05     17985   17988   17988    17977    1285    1285   16692
         676    1.5e+05     17985   17988 17988.1    17982    1285    1285   16697
         677    1.5e+05     17985   17988   17988    17978    1285    1285   16693
         678    1.5e+05     17985   17988 17988.1    17983    1285    1285   16698
         679    1.5e+05     17985   17988   17988    17979    1285    1285   16694
         680    1.5e+05     17985   17988 17988.1    17983    1285    1285   16698
         681    1.5e+05     17985   17988   17988    17979    1285    1285   16694
         682    1.5e+05     17985   17988 17988.1    17981    1285    1285   16696
         683    1.5e+05     17985   17988   17988    17977    1285    1285   16692
         684    1.5e+05     17985   17988 17988.1    17981    1285    1285   16696
         685    1.5e+05     17985   17988   17988    17979    1285    1285   16694
         686    1.5e+05     17985   17988 17988.1    17982    1285    1285   16697
         687    1.5e+05     17985   17988   17988    17978    1285    1285   16693
         688    1.5e+05     17985   17988 17988.1    17982    1285    1285   16697
         689    1.5e+05     17985   17988   17988    17978    1285    1285   16693
         690    1.5e+05     17985   17988 17988.1    17982    1285    1285   16697
         691    1.5e+05     17985   17988   17988    17980    1285    1285   16695
         692    1.5e+05     17985   17988 17988.1    17983    1285    1285   16698
         693    1.5e+05     17985   17988   17988    17980    1285    1285   16695
         694    1.5e+05     17985   17988 17988.1    17983    1285    1285   16698
         695    1.5e+05     17985   17988   17988    17981    1285    1285   16696
         696    1.5e+05     17985   17988 17988.1    17981    1285    1285   16696
         697    1.5e+05     17985   17988   17988    17981    1285    1285   16696
         698    1.5e+05     17985   17988 17988.1    17981    1285    1285   16696
         699    1.5e+05     17985   17988   17988    17980    1285    1285   16695
         700    1.5e+05     17985   17988 17988.1    17983    1285    1285   16698
         701    1.5e+05     17985   17988   17988    17979    1285    1285   16694
         702    1.5e+05     17985   17988 17988.1    17983    1285    1285   16698
         703    1.5e+05     17985   17988   17988    17980    1285    1285   16695
         704    1.5e+05     17985   17988 17988.1    17983    1285    1285   16698
         705    1.5e+05     17985   17988   17988    17981    1285    1285   16696
         706    1.5e+05     17985   17988 17988.1    17983    1285    1285   16698
         707    1.5e+05     17985   17988   17988    17981    1285    1285   16696
         708    1.5e+05     17985   17988 17988.1    17983    1285    1285   16698
         709    1.5e+05     17985   17988   17988    17979    1285    1285   16694
         710    1.5e+05     17985   17988 17988.1    17983    1285    1285   16698
         711    1.5e+05     17985   17988   17988    17979    1285    1285   16694
         712    1.5e+05     17985   17988 17988.1    17983    1285    1285   16698
         713    1.5e+05     17985   17988   17988    17981    1285    1285   16696
         714    1.5e+05     17985   17988 17988.1    17983    1285    1285   16698
         715    1.5e+05     17985   17988   17988    17980    1285    1285   16695
         716    1.5e+05     17985   17988 17988.1    17983    1285    1285   16698
         717    1.5e+05     17985   17988   17988    17979    1285    1285   16694
         718    1.5e+05     17985   17988 17988.1    17983    1285    1285   16698
         719    1.5e+05     17985   17988   17988    17981    1285    1285   16696
         720    1.5e+05     17985   17988 17988.1    17983    1285    1285   16698
         721    1.5e+05     17985   17988   17988    17981    1285    1285   16696
         722    1.5e+05     17985   17988 17988.1    17983    1285    1285   16698
               reducing step to 0.0015625
         723    1.5e+05     17985 17987.9 17987.9    17977    1285    1285   16692
         724    1.5e+05     17985 17987.8 17987.8    17980    1285    1285   16695
         725    1.5e+05     17985 17987.8 17987.8    17982    1285    1285   16697
         726    1.5e+05     17985 17987.7 17987.7    17978    1285    1285   16693
         727    1.5e+05     17985 17987.7 17987.8    17982    1285    1285   16697
         728    1.5e+05     17985 17987.7 17987.7    17979    1285    1285   16694
         729    1.5e+05     17985 17987.7 17987.8    17983    1285    1285   16698
         730    1.5e+05     17985 17987.7 17987.7    17977    1285    1285   16692
         731    1.5e+05     17985 17987.7 17987.8    17983    1285    1285   16698
         732    1.5e+05     17985 17987.7 17987.7    17977    1285    1285   16692
         733    1.5e+05     17985 17987.7 17987.8    17982    1285    1285   16697
         734    1.5e+05     17985 17987.7 17987.7    17979    1285    1285   16694
         735    1.5e+05     17985 17987.7 17987.7    17982    1285    1285   16697
         736    1.5e+05     17985 17987.7 17987.7    17980    1285    1285   16695
         737    1.5e+05     17985 17987.7 17987.7    17982    1285    1285   16697
         738    1.5e+05     17985 17987.7 17987.7    17980    1285    1285   16695
         739    1.5e+05     17985 17987.7 17987.7    17982    1285    1285   16697
         740    1.5e+05     17985 17987.7 17987.7    17980    1285    1285   16695
         741    1.5e+05     17985 17987.7 17987.7    17981    1285    1285   16696
         742    1.5e+05     17985 17987.7 17987.7    17979    1285    1285   16694
         743    1.5e+05     17985 17987.7 17987.7    17981    1285    1285   16696
         744    1.5e+05     17985 17987.7 17987.7    17978    1285    1285   16693
         745    1.5e+05     17985 17987.7 17987.7    17981    1285    1285   16696
         746    1.5e+05     17985 17987.7 17987.7    17979    1285    1285   16694
         747    1.5e+05     17985 17987.7 17987.7    17982    1285    1285   16697
         748    1.5e+05     17985 17987.7 17987.7    17979    1285    1285   16694
         749    1.5e+05     17985 17987.7 17987.7    17982    1285    1285   16697
         750    1.5e+05     17985 17987.7 17987.7    17980    1285    1285   16695
         751    1.5e+05     17985 17987.7 17987.7    17981    1285    1285   16696
         752    1.5e+05     17985 17987.7 17987.7    17980    1285    1285   16695
         753    1.5e+05     17985 17987.7 17987.7    17981    1285    1285   16696
         754    1.5e+05     17985 17987.7 17987.7    17979    1285    1285   16694
         755    1.5e+05     17985 17987.7 17987.7    17981    1285    1285   16696
         756    1.5e+05     17985 17987.7 17987.7    17980    1285    1285   16695
         757    1.5e+05     17985 17987.7 17987.7    17983    1285    1285   16698
         758    1.5e+05     17985 17987.7 17987.7    17980    1285    1285   16695
         759    1.5e+05     17985 17987.7 17987.7    17983    1285    1285   16698
         760    1.5e+05     17985 17987.7 17987.7    17980    1285    1285   16695
         761    1.5e+05     17985 17987.7 17987.7    17978    1285    1285   16693
         762    1.5e+05     17985 17987.7 17987.7    17981    1285    1285   16696
         763    1.5e+05     17985 17987.7 17987.7    17981    1285    1285   16696
         764    1.5e+05     17985 17987.7 17987.7    17981    1285    1285   16696
         765    1.5e+05     17985 17987.7 17987.7    17981    1285    1285   16696
         766    1.5e+05     17985 17987.7 17987.7    17982    1285    1285   16697
         767    1.5e+05     17985 17987.7 17987.7    17980    1285    1285   16695
         768    1.5e+05     17985 17987.7 17987.7    17982    1285    1285   16697
         769    1.5e+05     17985 17987.7 17987.7    17981    1285    1285   16696
         770    1.5e+05     17985 17987.7 17987.7    17982    1285    1285   16697
         771    1.5e+05     17985 17987.7 17987.7    17981    1285    1285   16696
         772    1.5e+05     17985 17987.7 17987.7    17982    1285    1285   16697
         773    1.5e+05     17985 17987.7 17987.7    17982    1285    1285   16697
         774    1.5e+05     17985 17987.7 17987.7    17982    1285    1285   16697
         775    1.5e+05     17985 17987.7 17987.7    17982    1285    1285   16697
         776    1.5e+05     17985 17987.7 17987.7    17982    1285    1285   16697
         777    1.5e+05     17985 17987.7 17987.7    17981    1285    1285   16696
         778    1.5e+05     17985 17987.7 17987.7    17982    1285    1285   16697
         779    1.5e+05     17985 17987.7 17987.7    17982    1285    1285   16697
         780    1.5e+05     17985 17987.7 17987.7    17982    1285    1285   16697
         781    1.5e+05     17985 17987.7 17987.7    17982    1285    1285   16697
         782    1.5e+05     17985 17987.7 17987.7    17982    1285    1285   16697
         783    1.5e+05     17985 17987.7 17987.7    17982    1285    1285   16697
         784    1.5e+05     17985 17987.7 17987.7    17982    1285    1285   16697
         785    1.5e+05     17985 17987.7 17987.7    17981    1285    1285   16696
         786    1.5e+05     17985 17987.7 17987.7    17982    1285    1285   16697
         787    1.5e+05     17985 17987.7 17987.7    17980    1285    1285   16695
         788    1.5e+05     17985 17987.7 17987.7    17981    1285    1285   16696
         789    1.5e+05     17985 17987.7 17987.7    17982    1285    1285   16697
         790    1.5e+05     17985 17987.7 17987.7    17982    1285    1285   16697
         791    1.5e+05     17985 17987.7 17987.7    17982    1285    1285   16697
         792    1.5e+05     17985 17987.7 17987.7    17982    1285    1285   16697
         793    1.5e+05     17985 17987.7 17987.7    17981    1285    1285   16696
               reducing step to 0.00078125
         794    1.5e+05     17985 17987.6 17987.6    17978    1285    1285   16693
         795    1.5e+05     17985 17987.6 17987.6    17982    1285    1285   16697
         796    1.5e+05     17985 17987.6 17987.6    17980    1285    1285   16695
         797    1.5e+05     17985 17987.5 17987.5    17978    1285    1285   16693
         798    1.5e+05     17985 17987.5 17987.6    17981    1285    1285   16696
         799    1.5e+05     17985 17987.5 17987.5    17978    1285    1285   16693
         800    1.5e+05     17985 17987.5 17987.6    17980    1285    1285   16695
         801    1.5e+05     17985 17987.5 17987.5    17977    1285    1285   16692
         802    1.5e+05     17985 17987.5 17987.6    17978    1285    1285   16693
         803    1.5e+05     17985 17987.5 17987.5    17978    1285    1285   16693
         804    1.5e+05     17985 17987.5 17987.6    17980    1285    1285   16695
         805    1.5e+05     17985 17987.5 17987.5    17979    1285    1285   16694
         806    1.5e+05     17985 17987.5 17987.6    17978    1285    1285   16693
         807    1.5e+05     17985 17987.5 17987.5    17978    1285    1285   16693
         808    1.5e+05     17985 17987.5 17987.6    17982    1285    1285   16697
         809    1.5e+05     17985 17987.5 17987.5    17979    1285    1285   16694
         810    1.5e+05     17985 17987.5 17987.6    17981    1285    1285   16696
         811    1.5e+05     17985 17987.5 17987.5    17980    1285    1285   16695
         812    1.5e+05     17985 17987.5 17987.6    17981    1285    1285   16696
         813    1.5e+05     17985 17987.5 17987.5    17980    1285    1285   16695
         814    1.5e+05     17985 17987.5 17987.5    17979    1285    1285   16694
         815    1.5e+05     17985 17987.5 17987.5    17981    1285    1285   16696
         816    1.5e+05     17985 17987.5 17987.5    17980    1285    1285   16695
         817    1.5e+05     17985 17987.5 17987.5    17981    1285    1285   16696
         818    1.5e+05     17985 17987.5 17987.5    17980    1285    1285   16695
         819    1.5e+05     17985 17987.5 17987.5    17981    1285    1285   16696
         820    1.5e+05     17985 17987.5 17987.6    17980    1285    1285   16695
         821    1.5e+05     17985 17987.5 17987.5    17981    1285    1285   16696
         822    1.5e+05     17985 17987.5 17987.5    17981    1285    1285   16696
         823    1.5e+05     17985 17987.5 17987.5    17981    1285    1285   16696
         824    1.5e+05     17985 17987.5 17987.5    17980    1285    1285   16695
         825    1.5e+05     17985 17987.5 17987.5    17982    1285    1285   16697
         826    1.5e+05     17985 17987.5 17987.5    17981    1285    1285   16696
         827    1.5e+05     17985 17987.5 17987.5    17982    1285    1285   16697
         828    1.5e+05     17985 17987.5 17987.5    17981    1285    1285   16696
         829    1.5e+05     17985 17987.5 17987.5    17982    1285    1285   16697
         830    1.5e+05     17985 17987.5 17987.5    17982    1285    1285   16697
         831    1.5e+05     17985 17987.5 17987.5    17982    1285    1285   16697
         832    1.5e+05     17985 17987.5 17987.5    17982    1285    1285   16697
         833    1.5e+05     17985 17987.5 17987.5    17982    1285    1285   16697
         834    1.5e+05     17985 17987.5 17987.5    17981    1285    1285   16696
         835    1.5e+05     17985 17987.5 17987.5    17982    1285    1285   16697
         836    1.5e+05     17985 17987.5 17987.5    17982    1285    1285   16697
         837    1.5e+05     17985 17987.5 17987.5    17982    1285    1285   16697
         838    1.5e+05     17985 17987.5 17987.5    17982    1285    1285   16697
         839    1.5e+05     17985 17987.5 17987.5    17982    1285    1285   16697
         840    1.5e+05     17985 17987.5 17987.5    17980    1285    1285   16695
         841    1.5e+05     17985 17987.5 17987.5    17982    1285    1285   16697
         842    1.5e+05     17985 17987.5 17987.5    17981    1285    1285   16696
         843    1.5e+05     17985 17987.5 17987.5    17982    1285    1285   16697
         844    1.5e+05     17985 17987.5 17987.5    17982    1285    1285   16697
         845    1.5e+05     17985 17987.5 17987.5    17982    1285    1285   16697
         846    1.5e+05     17985 17987.5 17987.5    17982    1285    1285   16697
         847    1.5e+05     17985 17987.5 17987.5    17982    1285    1285   16697
         848    1.5e+05     17985 17987.5 17987.5    17982    1285    1285   16697
         849    1.5e+05     17985 17987.5 17987.5    17982    1285    1285   16697
         850    1.5e+05     17985 17987.5 17987.5    17982    1285    1285   16697
               reducing step to 0.000390625
         851    1.5e+05     17985 17987.5 17987.5    17978    1285    1285   16693
         852    1.5e+05     17985 17987.5 17987.5    17980    1285    1285   16695
         853    1.5e+05     17985 17987.4 17987.4    17982    1285    1285   16697
         854    1.5e+05     17985 17987.4 17987.4    17978    1285    1285   16693
         855    1.5e+05     17985 17987.4 17987.5    17981    1285    1285   16696
         856    1.5e+05     17985 17987.4 17987.4    17978    1285    1285   16693
         857    1.5e+05     17985 17987.4 17987.5    17980    1285    1285   16695
         858    1.5e+05     17985 17987.4 17987.4    17980    1285    1285   16695
         859    1.5e+05     17985 17987.4 17987.5    17979    1285    1285   16694
         860    1.5e+05     17985 17987.4 17987.4    17977    1285    1285   16692
         861    1.5e+05     17985 17987.4 17987.5    17979    1285    1285   16694
         862    1.5e+05     17985 17987.4 17987.4    17980    1285    1285   16695
         863    1.5e+05     17985 17987.4 17987.5    17980    1285    1285   16695
         864    1.5e+05     17985 17987.4 17987.4    17980    1285    1285   16695
         865    1.5e+05     17985 17987.4 17987.5    17981    1285    1285   16696
         866    1.5e+05     17985 17987.4 17987.4    17980    1285    1285   16695
         867    1.5e+05     17985 17987.4 17987.5    17980    1285    1285   16695
         868    1.5e+05     17985 17987.4 17987.4    17980    1285    1285   16695
         869    1.5e+05     17985 17987.4 17987.5    17980    1285    1285   16695
         870    1.5e+05     17985 17987.4 17987.4    17980    1285    1285   16695
         871    1.5e+05     17985 17987.4 17987.5    17981    1285    1285   16696
         872    1.5e+05     17985 17987.4 17987.4    17980    1285    1285   16695
         873    1.5e+05     17985 17987.4 17987.5    17981    1285    1285   16696
         874    1.5e+05     17985 17987.4 17987.4    17979    1285    1285   16694
         875    1.5e+05     17985 17987.4 17987.5    17980    1285    1285   16695
         876    1.5e+05     17985 17987.4 17987.4    17979    1285    1285   16694
         877    1.5e+05     17985 17987.4 17987.5    17980    1285    1285   16695
         878    1.5e+05     17985 17987.4 17987.4    17980    1285    1285   16695
               reducing step to 0.000195313
         879    1.5e+05     17985 17987.4 17987.4    17981    1285    1285   16696
         880    1.5e+05     17985 17987.4 17987.4    17979    1285    1285   16694
         881    1.5e+05     17985 17987.4 17987.4    17984    1285    1285   16699
         882    1.5e+05     17985 17987.4 17987.4    17977    1285    1285   16692
         883    1.5e+05     17985 17987.4 17987.4    17984    1285    1285   16699
         884    1.5e+05     17985 17987.4 17987.4    17976    1285    1285   16691
         885    1.5e+05     17985 17987.4 17987.4    17984    1285    1285   16699
         886    1.5e+05     17985 17987.4 17987.4    17976    1285    1285   16691
         887    1.5e+05     17985 17987.4 17987.4    17985    1285    1285   16700
         888    1.5e+05     17985 17987.4 17987.4    17976    1285    1285   16691
         889    1.5e+05     17985 17987.4 17987.4    17984    1285    1285   16699
         890    1.5e+05     17985 17987.4 17987.4    17978    1285    1285   16693
         891    1.5e+05     17985 17987.4 17987.4    17984    1285    1285   16699
         892    1.5e+05     17985 17987.4 17987.4    17978    1285    1285   16693
         893    1.5e+05     17985 17987.4 17987.4    17984    1285    1285   16699
         894    1.5e+05     17985 17987.4 17987.4    17978    1285    1285   16693
         895    1.5e+05     17985 17987.4 17987.4    17985    1285    1285   16700
         896    1.5e+05     17985 17987.4 17987.4    17978    1285    1285   16693
         897    1.5e+05     17985 17987.4 17987.4    17985    1285    1285   16700
         898    1.5e+05     17985 17987.4 17987.4    17978    1285    1285   16693
         899    1.5e+05     17985 17987.4 17987.4    17985    1285    1285   16700
         900    1.5e+05     17985 17987.4 17987.4    17978    1285    1285   16693
         901    1.5e+05     17985 17987.4 17987.4    17985    1285    1285   16700
         902    1.5e+05     17985 17987.4 17987.4    17978    1285    1285   16693
         903    1.5e+05     17985 17987.4 17987.4    17985    1285    1285   16700
         904    1.5e+05     17985 17987.4 17987.4    17977    1285    1285   16692
         905    1.5e+05     17985 17987.4 17987.4    17985    1285    1285   16700
         906    1.5e+05     17985 17987.4 17987.4    17978    1285    1285   16693
         907    1.5e+05     17985 17987.4 17987.4    17985    1285    1285   16700
         908    1.5e+05     17985 17987.4 17987.4    17978    1285    1285   16693
         909    1.5e+05     17985 17987.4 17987.4    17985    1285    1285   16700
         910    1.5e+05     17985 17987.4 17987.4    17978    1285    1285   16693
         911    1.5e+05     17985 17987.4 17987.4    17985    1285    1285   16700
         912    1.5e+05     17985 17987.4 17987.4    17978    1285    1285   16693
         913    1.5e+05     17985 17987.4 17987.4    17985    1285    1285   16700
         914    1.5e+05     17985 17987.4 17987.4    17979    1285    1285   16694
         915    1.5e+05     17985 17987.4 17987.4    17985    1285    1285   16700
         916    1.5e+05     17985 17987.4 17987.4    17980    1285    1285   16695
         917    1.5e+05     17985 17987.4 17987.4    17985    1285    1285   16700
         918    1.5e+05     17985 17987.4 17987.4    17980    1285    1285   16695
         919    1.5e+05     17985 17987.4 17987.4    17985    1285    1285   16700
         920    1.5e+05     17985 17987.4 17987.4    17979    1285    1285   16694
         921    1.5e+05     17985 17987.4 17987.4    17985    1285    1285   16700
         922    1.5e+05     17985 17987.4 17987.4    17979    1285    1285   16694
         923    1.5e+05     17985 17987.4 17987.4    17985    1285    1285   16700
         924    1.5e+05     17985 17987.4 17987.4    17979    1285    1285   16694
         925    1.5e+05     17985 17987.4 17987.4    17985    1285    1285   16700
         926    1.5e+05     17985 17987.4 17987.4    17979    1285    1285   16694
         927    1.5e+05     17985 17987.4 17987.4    17985    1285    1285   16700
         928    1.5e+05     17985 17987.4 17987.4    17979    1285    1285   16694
         929    1.5e+05     17985 17987.4 17987.4    17985    1285    1285   16700
         930    1.5e+05     17985 17987.4 17987.4    17979    1285    1285   16694
         931    1.5e+05     17985 17987.4 17987.4    17985    1285    1285   16700
         932    1.5e+05     17985 17987.4 17987.4    17979    1285    1285   16694
         933    1.5e+05     17985 17987.4 17987.4    17985    1285    1285   16700
         934    1.5e+05     17985 17987.4 17987.4    17979    1285    1285   16694
         935    1.5e+05     17985 17987.4 17987.4    17984    1285    1285   16699
         936    1.5e+05     17985 17987.4 17987.4    17979    1285    1285   16694
         937    1.5e+05     17985 17987.4 17987.4    17983    1285    1285   16698
         938    1.5e+05     17985 17987.4 17987.4    17979    1285    1285   16694
         939    1.5e+05     17985 17987.4 17987.4    17983    1285    1285   16698
         940    1.5e+05     17985 17987.4 17987.4    17979    1285    1285   16694
         941    1.5e+05     17985 17987.4 17987.4    17983    1285    1285   16698
         942    1.5e+05     17985 17987.4 17987.4    17979    1285    1285   16694
         943    1.5e+05     17985 17987.4 17987.4    17985    1285    1285   16700
         944    1.5e+05     17985 17987.4 17987.4    17979    1285    1285   16694
         945    1.5e+05     17985 17987.4 17987.4    17985    1285    1285   16700
         946    1.5e+05     17985 17987.4 17987.4    17979    1285    1285   16694
         947    1.5e+05     17985 17987.4 17987.4    17984    1285    1285   16699
         948    1.5e+05     17985 17987.4 17987.4    17979    1285    1285   16694
         949    1.5e+05     17985 17987.4 17987.4    17983    1285    1285   16698
         950    1.5e+05     17985 17987.4 17987.4    17979    1285    1285   16694
         951    1.5e+05     17985 17987.4 17987.4    17983    1285    1285   16698
         952    1.5e+05     17985 17987.4 17987.4    17979    1285    1285   16694
         953    1.5e+05     17985 17987.4 17987.4    17983    1285    1285   16698
         954    1.5e+05     17985 17987.4 17987.4    17979    1285    1285   16694
         955    1.5e+05     17985 17987.4 17987.4    17983    1285    1285   16698
         956    1.5e+05     17985 17987.4 17987.4    17979    1285    1285   16694
         957    1.5e+05     17985 17987.4 17987.4    17984    1285    1285   16699
         958    1.5e+05     17985 17987.4 17987.4    17979    1285    1285   16694
         959    1.5e+05     17985 17987.4 17987.4    17983    1285    1285   16698
         960    1.5e+05     17985 17987.4 17987.4    17979    1285    1285   16694
         961    1.5e+05     17985 17987.4 17987.4    17983    1285    1285   16698
         962    1.5e+05     17985 17987.4 17987.4    17979    1285    1285   16694
         963    1.5e+05     17985 17987.4 17987.4    17984    1285    1285   16699
         964    1.5e+05     17985 17987.4 17987.4    17980    1285    1285   16695
         965    1.5e+05     17985 17987.4 17987.4    17983    1285    1285   16698
         966    1.5e+05     17985 17987.4 17987.4    17980    1285    1285   16695
         967    1.5e+05     17985 17987.4 17987.4    17984    1285    1285   16699
         968    1.5e+05     17985 17987.4 17987.4    17980    1285    1285   16695
         969    1.5e+05     17985 17987.4 17987.4    17984    1285    1285   16699
         970    1.5e+05     17985 17987.4 17987.4    17979    1285    1285   16694
         971    1.5e+05     17985 17987.4 17987.4    17985    1285    1285   16700
         972    1.5e+05     17985 17987.4 17987.4    17979    1285    1285   16694
         973    1.5e+05     17985 17987.4 17987.4    17985    1285    1285   16700
         974    1.5e+05     17985 17987.4 17987.4    17979    1285    1285   16694
         975    1.5e+05     17985 17987.4 17987.4    17983    1285    1285   16698
         976    1.5e+05     17985 17987.4 17987.4    17979    1285    1285   16694
         977    1.5e+05     17985 17987.4 17987.4    17985    1285    1285   16700
               reducing step to 9.76563e-05
         978    1.5e+05     17985 17987.4 17987.4    17980    1285    1285   16695
         979    1.5e+05     17985 17987.4 17987.4    17981    1285    1285   16696
         980    1.5e+05     17985 17987.4 17987.4    17983    1285    1285   16698
         981    1.5e+05     17985 17987.4 17987.4    17979    1285    1285   16694
         982    1.5e+05     17985 17987.4 17987.4    17981    1285    1285   16696
         983    1.5e+05     17985 17987.4 17987.4    17980    1285    1285   16695
         984    1.5e+05     17985 17987.4 17987.4    17982    1285    1285   16697
         985    1.5e+05     17985 17987.4 17987.4    17978    1285    1285   16693
         986    1.5e+05     17985 17987.4 17987.4    17981    1285    1285   16696
         987    1.5e+05     17985 17987.4 17987.4    17980    1285    1285   16695
         988    1.5e+05     17985 17987.4 17987.4    17981    1285    1285   16696
         989    1.5e+05     17985 17987.4 17987.4    17979    1285    1285   16694
         990    1.5e+05     17985 17987.4 17987.4    17982    1285    1285   16697
         991    1.5e+05     17985 17987.4 17987.4    17980    1285    1285   16695
         992    1.5e+05     17985 17987.4 17987.4    17982    1285    1285   16697
         993    1.5e+05     17985 17987.4 17987.4    17980    1285    1285   16695
         994    1.5e+05     17985 17987.4 17987.4    17983    1285    1285   16698
         995    1.5e+05     17985 17987.4 17987.4    17981    1285    1285   16696
         996    1.5e+05     17985 17987.4 17987.4    17983    1285    1285   16698
         997    1.5e+05     17985 17987.4 17987.4    17981    1285    1285   16696
         998    1.5e+05     17985 17987.4 17987.4    17983    1285    1285   16698
         999    1.5e+05     17985 17987.4 17987.4    17981    1285    1285   16696
        1000    1.5e+05     17985 17987.4 17987.4    17983    1285    1285   16698
Total time used by klau is 492.16
true_align (3890) and est_align (1285) DO NOT have the same number of elements.
method klau has a score of 23.42%
method klau used 492.155 seconds.
maximum values in init align row is:  3889
maximum values in init align col is:  3887
 best   iter   pr-delta       obj  weight    card overlap
    *      1    6.1e-01     12910    1292    1292   12264
    *      2    1.9e-01     13751    1292    1292   13105
           3    6.6e-02     13692    1292    1292   13046
           4    2.5e-02     13733    1292    1292   13087
           5    9.3e-03     13708    1292    1292   13062
           6    3.7e-03     13721    1292    1292   13075
           7    1.5e-03     13721    1292    1292   13075
           8    6.1e-04     13721    1292    1292   13075
           9    2.6e-04     13721    1292    1292   13075
          10    1.1e-04     13721    1292    1292   13075
          11    5.1e-05     13721    1292    1292   13075
          12    2.4e-05     13721    1292    1292   13075
          13    1.2e-05     13721    1292    1292   13075
          14    6.5e-06     13721    1292    1292   13075
          15    3.6e-06     13721    1292    1292   13075
          16    2.1e-06     13721    1292    1292   13075
          17    1.2e-06     13721    1292    1292   13075
          18    7.6e-07     13721    1292    1292   13075
          19    4.7e-07     13721    1292    1292   13075
          20    3.0e-07     13721    1292    1292   13075
          21    1.9e-07     13721    1292    1292   13075
          22    1.2e-07     13721    1292    1292   13075
          23    7.9e-08     13721    1292    1292   13075
          24    5.1e-08     13721    1292    1292   13075
          25    3.3e-08     13721    1292    1292   13075
          26    2.2e-08     13721    1292    1292   13075
          27    1.4e-08     13721    1292    1292   13075
          28    9.3e-09     13721    1292    1292   13075
          29    6.1e-09     13721    1292    1292   13075
          30    4.0e-09     13721    1292    1292   13075
          31    2.6e-09     13721    1292    1292   13075
          32    1.7e-09     13721    1292    1292   13075
          33    1.2e-09     13721    1292    1292   13075
          34    7.6e-10     13721    1292    1292   13075
          35    5.0e-10     13721    1292    1292   13075
          36    3.3e-10     13721    1292    1292   13075
          37    2.2e-10     13721    1292    1292   13075
          38    1.5e-10     13721    1292    1292   13075
          39    9.7e-11     13721    1292    1292   13075
          40    6.4e-11     13721    1292    1292   13075
          41    4.3e-11     13721    1292    1292   13075
          42    2.8e-11     13721    1292    1292   13075
          43    1.9e-11     13721    1292    1292   13075
          44    1.2e-11     13721    1292    1292   13075
          45    8.3e-12     13721    1292    1292   13075
          46    5.5e-12     13721    1292    1292   13075
          47    3.7e-12     13721    1292    1292   13075
          48    2.4e-12     13721    1292    1292   13075
          49    1.6e-12     13721    1292    1292   13075
          50    1.1e-12     13721    1292    1292   13075
          51    7.2e-13     13721    1292    1292   13075
Total time used by isorank is 6.43
true_align (3890) and est_align (1292) DO NOT have the same number of elements.
method isorank has a score of 9.07%
method isorank used 6.429 seconds.
experiment results:
     method      score        time
0     final  40.848329   53.548680
1  netalign  23.470437   22.354802
2      klau  23.419023  492.155456
3   isorank   9.074550    6.428876
