Permutation sanity check error is 764.0.
Permutation sanity check error is 151342.0.
num_init for this graph is 12
Generating initial alignment matrix using degree ...
mode is  degree
number of noisy edges are:  12
Average number of initial alignments for each node is 24
maximum values in init align row is:  3889
maximum values in init align col is:  3889
Recovering sparse matrix L took 0.03 sec.
Time for degree: 0.03 sec
iteration 1
Time for iteration 1: 0.90 sec, diff = 0.29103
iteration 2
Time for iteration 2: 2.64 sec, diff = 0.02161
iteration 3
Time for iteration 3: 2.79 sec, diff = 0.00690
iteration 4
Time for iteration 4: 2.69 sec, diff = 0.00334
iteration 5
Time for iteration 5: 2.75 sec, diff = 0.00186
iteration 6
Time for iteration 6: 2.80 sec, diff = 0.00110
iteration 7
Time for iteration 7: 2.68 sec, diff = 0.00068
iteration 8
Time for iteration 8: 2.68 sec, diff = 0.00043
iteration 9
Time for iteration 9: 2.71 sec, diff = 0.00028
iteration 10
Time for iteration 10: 2.71 sec, diff = 0.00019
iteration 11
Time for iteration 11: 2.72 sec, diff = 0.00012
iteration 12
Time for iteration 12: 2.70 sec, diff = 0.00008
iteration 13
Time for iteration 13: 2.77 sec, diff = 0.00006
iteration 14
Time for iteration 14: 2.69 sec, diff = 0.00004
iteration 15
Time for iteration 15: 2.69 sec, diff = 0.00003
iteration 16
Time for iteration 16: 2.77 sec, diff = 0.00002
iteration 17
Time for iteration 17: 2.69 sec, diff = 0.00001
iteration 18
Time for iteration 18: 2.68 sec, diff = 0.00001
Total time used by final is 49.73 sec.
true_align and est_align have the same number of elements.
method final has a score of 40.21%
method final used 49.735 seconds.
maximum values in init align row is:  3889
maximum values in init align col is:  3889
best   iter    obj_ma wght_ma card_ma over_ma    obj_mb wght_mb card_mb over_mb
  *a      1     16764    1281    1281   15483     16764    1281    1281   15483
          2      3222     829     829    2393      3523     783     783    2740
          3      9878    1201    1201    8677      8809     937     937    7872
          4      4138    1055    1055    3083      4316     967     967    3349
          5     12518    1220    1220   11298     12641    1035    1035   11606
          6     15820    1267    1267   14553     15814    1255    1255   14559
  *b      7     17030    1260    1260   15770     17070    1192    1192   15878
          8      9483    1197    1197    8286      9546    1139    1139    8407
          9      6182     930     930    5252      4833     542     542    4291
         10     11882    1245    1245   10637     12157    1205    1205   10952
         11      9674    1081    1081    8593      9197     860     860    8337
         12      9848    1206    1206    8642      9738    1093    1093    8645
         13      5187     930     930    4257      4280     601     601    3679
         14     10107    1222    1222    8885      9985    1131    1131    8854
         15      6755    1021    1021    5734      5726     744     744    4982
         16     10503    1225    1225    9278     10270    1113    1113    9157
         17      7400    1042    1042    6358      6603     779     779    5824
         18     10843    1232    1232    9611     11064    1132    1132    9932
         19      8789    1094    1094    7695      7802     853     853    6949
         20     11810    1238    1238   10572     11755    1160    1160   10595
         21     10560    1133    1133    9427     10434     966     966    9468
         22     12203    1238    1238   10965     12130    1167    1167   10963
         23     13778    1206    1206   12572     13022    1055    1055   11967
         24     12813    1243    1243   11570     12725    1175    1175   11550
         25     16134    1252    1252   14882     15980    1148    1148   14832
         26     14342    1252    1252   13090     14729    1201    1201   13528
         27     15695    1258    1258   14437     15465    1165    1165   14300
         28     15931    1260    1260   14671     15630    1206    1206   14424
         29     15956    1264    1264   14692     15867    1235    1235   14632
         30     16179    1265    1265   14914     16170    1261    1261   14909
  *a     31     17551    1272    1272   16279     17545    1265    1265   16280
  *a     32     17722    1273    1273   16449     17707    1267    1267   16440
  *a     33     17734    1272    1272   16462     17713    1263    1263   16450
  *a     34     17736    1272    1272   16464     17722    1265    1265   16457
  *a     35     17743    1273    1273   16470     17720    1265    1265   16455
  *a     36     17745    1273    1273   16472     17725    1265    1265   16460
         37     17743    1272    1272   16471     17738    1269    1269   16469
  *a     38     17748    1273    1273   16475     17740    1269    1269   16471
         39     17748    1273    1273   16475     17742    1270    1270   16472
  *a     40     17749    1273    1273   16476     17745    1271    1271   16474
         41     17749    1273    1273   16476     17745    1271    1271   16474
         42     17748    1273    1273   16475     17749    1273    1273   16476
         43     17748    1273    1273   16475     17749    1273    1273   16476
         44     17748    1273    1273   16475     17749    1273    1273   16476
         45     17748    1273    1273   16475     17749    1273    1273   16476
         46     17748    1273    1273   16475     17749    1273    1273   16476
         47     17749    1273    1273   16476     17749    1273    1273   16476
         48     17749    1273    1273   16476     17749    1273    1273   16476
         49     17749    1273    1273   16476     17749    1273    1273   16476
         50     17749    1273    1273   16476     17749    1273    1273   16476
         51     17749    1273    1273   16476     17749    1273    1273   16476
         52     17749    1273    1273   16476     17749    1273    1273   16476
         53     17749    1273    1273   16476     17749    1273    1273   16476
         54     17749    1273    1273   16476     17749    1273    1273   16476
         55     17749    1273    1273   16476     17749    1273    1273   16476
         56     17749    1273    1273   16476     17749    1273    1273   16476
         57     17749    1273    1273   16476     17749    1273    1273   16476
         58     17749    1273    1273   16476     17749    1273    1273   16476
         59     17749    1273    1273   16476     17749    1273    1273   16476
         60     17749    1273    1273   16476     17749    1273    1273   16476
         61     17749    1273    1273   16476     17749    1273    1273   16476
         62     17749    1273    1273   16476     17749    1273    1273   16476
         63     17749    1273    1273   16476     17749    1273    1273   16476
         64     17749    1273    1273   16476     17749    1273    1273   16476
         65     17749    1273    1273   16476     17749    1273    1273   16476
         66     17749    1273    1273   16476     17749    1273    1273   16476
         67     17749    1273    1273   16476     17749    1273    1273   16476
         68     17749    1273    1273   16476     17747    1272    1272   16475
         69     17749    1273    1273   16476     17747    1272    1272   16475
         70     17749    1273    1273   16476     17747    1272    1272   16475
         71     17749    1273    1273   16476     17747    1272    1272   16475
         72     17749    1273    1273   16476     17747    1272    1272   16475
         73     17749    1273    1273   16476     17747    1272    1272   16475
         74     17749    1273    1273   16476     17749    1273    1273   16476
         75     17749    1273    1273   16476     17749    1273    1273   16476
         76     17749    1273    1273   16476     17749    1273    1273   16476
         77     17749    1273    1273   16476     17749    1273    1273   16476
         78     17749    1273    1273   16476     17749    1273    1273   16476
         79     17749    1273    1273   16476     17749    1273    1273   16476
         80     17749    1273    1273   16476     17749    1273    1273   16476
         81     17749    1273    1273   16476     17749    1273    1273   16476
         82     17749    1273    1273   16476     17749    1273    1273   16476
         83     17749    1273    1273   16476     17749    1273    1273   16476
         84     17749    1273    1273   16476     17749    1273    1273   16476
         85     17749    1273    1273   16476     17749    1273    1273   16476
         86     17749    1273    1273   16476     17749    1273    1273   16476
         87     17749    1273    1273   16476     17749    1273    1273   16476
         88     17749    1273    1273   16476     17749    1273    1273   16476
         89     17749    1273    1273   16476     17749    1273    1273   16476
         90     17749    1273    1273   16476     17749    1273    1273   16476
         91     17749    1273    1273   16476     17749    1273    1273   16476
         92     17749    1273    1273   16476     17749    1273    1273   16476
         93     17749    1273    1273   16476     17749    1273    1273   16476
         94     17749    1273    1273   16476     17749    1273    1273   16476
         95     17749    1273    1273   16476     17749    1273    1273   16476
         96     17749    1273    1273   16476     17749    1273    1273   16476
         97     17749    1273    1273   16476     17749    1273    1273   16476
         98     17749    1273    1273   16476     17749    1273    1273   16476
         99     17749    1273    1273   16476     17749    1273    1273   16476
        100     17749    1273    1273   16476     17749    1273    1273   16476
Total time used by netalign is 22.82
true_align (3890) and est_align (1273) DO NOT have the same number of elements.
method netalign has a score of 23.39%
method netalign used 22.816 seconds.
maximum values in init align row is:  3889
maximum values in init align col is:  3889
 best   iter     norm-u     lower   upper     cur      obj  weight    card overlap
    *      1    0.0e+00     17287 19709.5 19709.5    17287    1281    1281   16006
           2    1.2e+04     17287 19709.5 21145.6    16102    1281    1281   14821
           3    1.8e+04     17287 19709.5 20350.4    14723    1281    1281   13442
           4    2.4e+04     17287 19709.5 20432.8    14223    1281    1281   12942
           5    2.9e+04     17287 19709.5 20315.5    12130    1281    1281   10849
           6    3.4e+04     17287 19709.5 20437.7    11510    1281    1281   10229
           7    3.8e+04     17287 19709.5 20500.7    10277    1281    1281    8996
           8    4.3e+04     17287 19709.5   20466    10108    1281    1281    8827
           9    4.6e+04     17287 19709.5   20429     9836    1281    1281    8555
          10    5.0e+04     17287 19709.5   20476     9473    1281    1281    8192
          11    5.4e+04     17287 19709.5 20406.4     9380    1281    1281    8099
          12    5.8e+04     17287 19709.5 20423.6     9250    1281    1281    7969
          13    6.1e+04     17287 19709.5 20465.4     9281    1281    1281    8000
          14    6.4e+04     17287 19709.5 20397.4     9176    1281    1281    7895
          15    6.7e+04     17287 19709.5 20420.2     8595    1281    1281    7314
          16    7.0e+04     17287 19709.5 20489.9     8830    1281    1281    7549
          17    7.3e+04     17287 19709.5 20411.6     8576    1281    1281    7295
          18    7.6e+04     17287 19709.5 20439.4     9090    1281    1281    7809
          19    7.9e+04     17287 19709.5 20387.7     8439    1281    1281    7158
          20    8.2e+04     17287 19709.5 20464.9     8408    1281    1281    7127
          21    8.4e+04     17287 19709.5   20345     8411    1281    1281    7130
          22    8.7e+04     17287 19709.5 20501.7     8539    1281    1281    7258
          23    8.9e+04     17287 19709.5   20423     8269    1281    1281    6988
          24    9.1e+04     17287 19709.5 20504.7     8281    1281    1281    7000
          25    9.4e+04     17287 19709.5 20433.3     8122    1281    1281    6841
          26    9.6e+04     17287 19709.5 20491.2     8519    1281    1281    7238
               reducing step to 0.2
          27    9.7e+04     17287 19650.8 19650.8     9960    1281    1281    8679
          28    9.8e+04     17287 19454.2 19454.2     7960    1281    1281    6679
          29    9.9e+04     17287 19454.2 19464.2     8620    1281    1281    7339
          30    1.0e+05     17287 19379.5 19379.5     8272    1281    1281    6991
          31    1.0e+05     17287 19348.3 19348.3     8234    1281    1281    6953
          32    1.0e+05     17287 19279.9 19279.9     8755    1281    1281    7474
          33    1.0e+05     17287   19259   19259     8437    1281    1281    7156
          34    1.0e+05     17287 19197.1 19197.1     8618    1280    1280    7338
          35    1.0e+05     17287 19158.8 19158.8     8569    1281    1281    7288
          36    1.0e+05     17287 19158.8 19186.7     8408    1281    1281    7127
          37    1.1e+05     17287 19116.3 19116.3     8971    1281    1281    7690
          38    1.1e+05     17287 19116.3 19122.2     8275    1281    1281    6994
          39    1.1e+05     17287 19106.9 19106.9     8994    1281    1281    7713
          40    1.1e+05     17287 19077.4 19077.4     8579    1281    1281    7298
          41    1.1e+05     17287 19077.4 19077.7     8763    1279    1279    7484
          42    1.1e+05     17287 19040.7 19040.7     8938    1281    1281    7657
          43    1.1e+05     17287 19040.7 19049.6     9423    1280    1280    8143
          44    1.1e+05     17287 19038.2 19038.2     8924    1280    1280    7644
          45    1.1e+05     17287 19029.3 19029.3     9401    1280    1280    8121
          46    1.1e+05     17287 18977.7 18977.7     9521    1280    1280    8241
          47    1.1e+05     17287 18977.7 18983.5     9304    1280    1280    8024
          48    1.1e+05     17287   18938   18938     9025    1281    1281    7744
          49    1.1e+05     17287   18938 18970.5     9428    1281    1281    8147
          50    1.1e+05     17287 18937.7 18937.7     9162    1281    1281    7881
          51    1.1e+05     17287 18937.7 18953.2     9775    1281    1281    8494
          52    1.1e+05     17287   18865   18865     9887    1280    1280    8607
          53    1.2e+05     17287   18865 18961.7     9357    1280    1280    8077
          54    1.2e+05     17287   18865 18888.4     9270    1280    1280    7990
          55    1.2e+05     17287   18865 18910.5    10142    1281    1281    8861
          56    1.2e+05     17287   18865 18873.7     9704    1280    1280    8424
          57    1.2e+05     17287   18865   18898     9784    1280    1280    8504
          58    1.2e+05     17287 18860.6 18860.6    10080    1280    1280    8800
          59    1.2e+05     17287 18860.6 18886.2    10479    1281    1281    9198
          60    1.2e+05     17287 18817.2 18817.2     9774    1280    1280    8494
          61    1.2e+05     17287 18817.2 18967.7     9948    1280    1280    8668
          62    1.2e+05     17287 18779.5 18779.5     9686    1280    1280    8406
          63    1.2e+05     17287 18779.5 18946.6     9874    1280    1280    8594
          64    1.2e+05     17287 18774.8 18774.8     9857    1281    1281    8576
          65    1.2e+05     17287 18774.8 18895.1    10273    1279    1279    8994
          66    1.2e+05     17287 18774.8 18789.5    10236    1279    1279    8957
          67    1.2e+05     17287 18774.8 18877.1    10440    1280    1280    9160
          68    1.2e+05     17287 18769.7 18769.7     9921    1281    1281    8640
          69    1.2e+05     17287 18769.7 18877.3     9849    1280    1280    8569
          70    1.2e+05     17287 18742.2 18742.2    10810    1280    1280    9530
          71    1.2e+05     17287 18742.2 18871.6    10730    1281    1281    9449
          72    1.2e+05     17287 18728.3 18728.3     9651    1279    1279    8372
          73    1.2e+05     17287 18728.3 18863.2    10134    1280    1280    8854
          74    1.2e+05     17287 18671.6 18671.6    10014    1281    1281    8733
          75    1.2e+05     17287 18671.6 18857.8     9921    1280    1280    8641
          76    1.2e+05     17287 18671.6 18703.3    10272    1280    1280    8992
          77    1.3e+05     17287 18671.6 18797.6    11219    1279    1279    9940
          78    1.3e+05     17287 18664.8 18664.8    10765    1279    1279    9486
          79    1.3e+05     17287 18664.8 18792.9    10300    1280    1280    9020
          80    1.3e+05     17287 18656.5 18656.5    10876    1280    1280    9596
          81    1.3e+05     17287 18656.5 18778.1    11195    1278    1278    9917
          82    1.3e+05     17287 18656.5 18658.1    11282    1281    1281   10001
          83    1.3e+05     17287 18656.5 18749.4    10178    1279    1279    8899
          84    1.3e+05     17287 18652.4 18652.4    11135    1278    1278    9857
          85    1.3e+05     17287 18652.4 18719.3    11218    1280    1280    9938
          86    1.3e+05     17287 18603.9 18603.9    11270    1280    1280    9990
          87    1.3e+05     17287 18603.9 18780.3    10272    1280    1280    8992
          88    1.3e+05     17287 18603.9 18638.2    10968    1280    1280    9688
          89    1.3e+05     17287 18603.9   18723    11153    1281    1281    9872
          90    1.3e+05     17287 18603.9 18609.6    10412    1279    1279    9133
          91    1.3e+05     17287 18603.9 18771.3    10282    1280    1280    9002
          92    1.3e+05     17287 18603.9 18616.4    10961    1280    1280    9681
          93    1.3e+05     17287 18603.9 18738.5    11384    1279    1279   10105
          94    1.3e+05     17287 18584.2 18584.2    10948    1279    1279    9669
          95    1.3e+05     17287 18584.2 18734.7    10425    1279    1279    9146
          96    1.3e+05     17287 18584.2 18599.7    10639    1279    1279    9360
          97    1.3e+05     17287 18584.2 18664.7    11084    1280    1280    9804
          98    1.3e+05     17287 18581.3 18581.3    11313    1279    1279   10034
          99    1.3e+05     17287 18581.3 18669.8    10684    1281    1281    9403
         100    1.3e+05     17287 18581.3   18619    10768    1279    1279    9489
         101    1.3e+05     17287 18581.3 18647.9    11158    1279    1279    9879
         102    1.3e+05     17287 18563.5 18563.5    11183    1278    1278    9905
         103    1.3e+05     17287 18563.5 18681.2    11032    1279    1279    9753
         104    1.3e+05     17287 18563.5 18601.1    10818    1279    1279    9539
         105    1.3e+05     17287 18563.5 18671.4    11714    1280    1280   10434
         106    1.3e+05     17287 18522.8 18522.8    11077    1279    1279    9798
         107    1.3e+05     17287 18522.8 18720.9    10408    1279    1279    9129
         108    1.4e+05     17287 18522.8 18547.6    11002    1280    1280    9722
         109    1.4e+05     17287 18522.8 18650.1    12043    1279    1279   10764
         110    1.4e+05     17287 18514.6 18514.6    11264    1279    1279    9985
         111    1.4e+05     17287 18514.6 18668.8    11239    1278    1278    9961
         112    1.4e+05     17287 18514.6 18556.8    11534    1278    1278   10256
         113    1.4e+05     17287 18514.6 18614.9    11632    1278    1278   10354
         114    1.4e+05     17287 18514.6 18547.3    10712    1279    1279    9433
         115    1.4e+05     17287 18514.6 18695.6    11606    1279    1279   10327
         116    1.4e+05     17287 18507.4 18507.4    11600    1279    1279   10321
         117    1.4e+05     17287 18507.4 18653.1    11535    1279    1279   10256
         118    1.4e+05     17287 18507.4 18518.9    11937    1279    1279   10658
         119    1.4e+05     17287 18507.4 18591.5    11119    1279    1279    9840
         120    1.4e+05     17287 18507.4 18572.7    11555    1279    1279   10276
         121    1.4e+05     17287 18507.4 18541.4    11885    1280    1280   10605
         122    1.4e+05     17287 18507.4   18509    11770    1279    1279   10491
         123    1.4e+05     17287 18507.4 18626.9    10649    1280    1280    9369
         124    1.4e+05     17287 18507.4 18525.7    11370    1278    1278   10092
         125    1.4e+05     17287 18507.4 18616.6    10907    1280    1280    9627
         126    1.4e+05     17287   18483   18483    11532    1279    1279   10253
         127    1.4e+05     17287   18483 18615.1    10957    1279    1279    9678
         128    1.4e+05     17287   18483 18557.9    11317    1280    1280   10037
         129    1.4e+05     17287   18483 18604.2    11677    1278    1278   10399
         130    1.4e+05     17287   18466   18466    11955    1277    1277   10678
         131    1.4e+05     17287   18466 18580.6    11057    1280    1280    9777
         132    1.4e+05     17287   18466 18537.1    11523    1280    1280   10243
         133    1.4e+05     17287   18466 18539.9    12130    1280    1280   10850
         134    1.4e+05     17287   18466 18489.8    12017    1278    1278   10739
         135    1.4e+05     17287   18466 18542.5    12039    1278    1278   10761
         136    1.4e+05     17287   18466   18494    11850    1279    1279   10571
         137    1.4e+05     17287   18466 18572.4    11668    1279    1279   10389
         138    1.4e+05     17287   18466 18467.4    11254    1278    1278    9976
         139    1.4e+05     17287   18466 18684.3    11190    1279    1279    9911
         140    1.4e+05     17287   18466 18471.5    12849    1279    1279   11570
         141    1.4e+05     17287   18466   18534    12730    1278    1278   11452
         142    1.4e+05     17287   18466 18504.7    12002    1279    1279   10723
         143    1.4e+05     17287   18466   18616    11571    1278    1278   10293
         144    1.5e+05     17287   18466   18503    12006    1279    1279   10727
         145    1.5e+05     17287   18466 18555.3    11865    1279    1279   10586
         146    1.5e+05     17287 18454.2 18454.2    11373    1278    1278   10095
         147    1.5e+05     17287 18454.2 18571.2    11371    1281    1281   10090
         148    1.5e+05     17287 18454.2 18464.1    12096    1278    1278   10818
         149    1.5e+05     17287 18454.2 18492.4    11709    1279    1279   10430
         150    1.5e+05     17287 18454.2 18494.1    12257    1279    1279   10978
         151    1.5e+05     17287 18454.2 18495.2    11720    1278    1278   10442
         152    1.5e+05     17287 18454.2 18509.4    11359    1279    1279   10080
         153    1.5e+05     17287 18454.2   18569    11543    1280    1280   10263
         154    1.5e+05     17287 18420.6 18420.6    12412    1279    1279   11133
         155    1.5e+05     17287 18420.6 18471.3    11583    1278    1278   10305
         156    1.5e+05     17287 18420.6 18513.8    11527    1280    1280   10247
         157    1.5e+05     17287 18420.6 18491.3    11942    1278    1278   10664
         158    1.5e+05     17287 18419.1 18419.1    12507    1279    1279   11228
         159    1.5e+05     17287 18419.1 18517.4    11640    1278    1278   10362
         160    1.5e+05     17287 18419.1 18505.2    11459    1278    1278   10181
         161    1.5e+05     17287 18419.1 18510.7    12143    1279    1279   10864
         162    1.5e+05     17287 18419.1 18442.4    11765    1279    1279   10486
         163    1.5e+05     17287 18419.1 18579.1    11878    1279    1279   10599
         164    1.5e+05     17287 18419.1 18461.2    12281    1279    1279   11002
         165    1.5e+05     17287 18419.1 18516.3    12719    1277    1277   11442
         166    1.5e+05     17287 18419.1 18446.5    12404    1279    1279   11125
         167    1.5e+05     17287 18419.1   18572    11686    1278    1278   10408
         168    1.5e+05     17287 18419.1 18462.3    12265    1278    1278   10987
         169    1.5e+05     17287 18419.1 18489.1    13018    1280    1280   11738
         170    1.5e+05     17287 18419.1 18422.4    12447    1277    1277   11170
         171    1.5e+05     17287 18419.1 18481.3    11907    1280    1280   10627
         172    1.5e+05     17287 18419.1 18465.5    12392    1279    1279   11113
         173    1.5e+05     17287 18419.1 18554.7    11688    1278    1278   10410
         174    1.5e+05     17287 18419.1 18447.6    11656    1277    1277   10379
         175    1.5e+05     17287 18419.1 18526.9    11680    1280    1280   10400
         176    1.5e+05     17287 18419.1 18438.1    12301    1277    1277   11024
         177    1.5e+05     17287 18419.1 18463.6    12879    1279    1279   11600
         178    1.5e+05     17287 18419.1 18457.4    12292    1278    1278   11014
         179    1.5e+05     17287 18419.1 18489.3    11556    1280    1280   10276
         180    1.5e+05     17287 18419.1   18477    12385    1279    1279   11106
         181    1.5e+05     17287 18419.1 18427.4    13177    1277    1277   11900
         182    1.5e+05     17287 18398.2 18398.2    12190    1279    1279   10911
         183    1.5e+05     17287 18398.2 18512.5    11984    1280    1280   10704
         184    1.5e+05     17287 18398.2 18414.3    12394    1278    1278   11116
         185    1.5e+05     17287 18398.2 18488.2    11961    1279    1279   10682
         186    1.5e+05     17287 18398.2 18454.3    12913    1276    1276   11637
         187    1.6e+05     17287 18398.2 18439.3    13234    1278    1278   11956
         188    1.6e+05     17287 18377.8 18377.8    11781    1277    1277   10504
         189    1.6e+05     17287 18377.8 18559.3    11838    1278    1278   10560
         190    1.6e+05     17287 18377.8 18424.3    12390    1277    1277   11113
         191    1.6e+05     17287 18377.8 18499.6    11653    1279    1279   10374
         192    1.6e+05     17287 18377.8 18453.2    12429    1278    1278   11151
         193    1.6e+05     17287 18377.8 18407.9    12470    1277    1277   11193
         194    1.6e+05     17287 18377.8 18416.3    11438    1277    1277   10161
         195    1.6e+05     17287 18377.8 18488.3    12766    1278    1278   11488
         196    1.6e+05     17287 18354.9 18354.9    12458    1278    1278   11180
         197    1.6e+05     17287 18354.9 18522.8    12317    1280    1280   11037
         198    1.6e+05     17287 18354.9 18411.8    12371    1278    1278   11093
         199    1.6e+05     17287 18354.9 18518.6    12016    1278    1278   10738
         200    1.6e+05     17287 18354.9 18413.3    12823    1278    1278   11545
         201    1.6e+05     17287 18354.9 18413.2    12535    1278    1278   11257
         202    1.6e+05     17287 18354.9 18414.6    12944    1278    1278   11666
         203    1.6e+05     17287 18354.9 18412.8    12602    1279    1279   11323
         204    1.6e+05     17287 18354.9 18448.7    11929    1279    1279   10650
         205    1.6e+05     17287 18354.9 18454.3    12656    1278    1278   11378
         206    1.6e+05     17287 18354.9 18404.1    12822    1279    1279   11543
         207    1.6e+05     17287 18354.9 18488.1    12627    1278    1278   11349
         208    1.6e+05     17287 18354.9 18373.6    12644    1277    1277   11367
         209    1.6e+05     17287 18354.9 18473.3    11970    1276    1276   10694
         210    1.6e+05     17287 18354.9   18417    12051    1279    1279   10772
         211    1.6e+05     17287 18354.9 18459.6    12884    1277    1277   11607
         212    1.6e+05     17287 18354.9 18366.3    13255    1275    1275   11980
         213    1.6e+05     17287 18354.9 18437.5    12465    1279    1279   11186
         214    1.6e+05     17287 18354.9 18422.5    11953    1277    1277   10676
         215    1.6e+05     17287 18354.9 18482.1    11930    1279    1279   10651
         216    1.6e+05     17287 18354.9 18383.7    12918    1278    1278   11640
         217    1.6e+05     17287 18354.9   18439    12639    1278    1278   11361
         218    1.6e+05     17287 18354.9 18387.8    12295    1278    1278   11017
         219    1.6e+05     17287 18354.9 18472.9    11648    1279    1279   10369
         220    1.6e+05     17287 18354.9 18422.5    12541    1280    1280   11261
         221    1.6e+05     17287 18354.9 18390.9    13291    1279    1279   12012
               reducing step to 0.1
         222    1.6e+05     17287 18197.9 18197.9    14654    1275    1275   13379
         223    1.6e+05     17287 18144.2 18144.2    15169    1273    1273   13896
         224    1.6e+05     17287 18131.1 18131.1    16430    1275    1275   15155
         225    1.6e+05     17287   18113   18113    16846    1273    1273   15573
         226    1.6e+05     17287 18106.8 18106.8    17033    1275    1275   15758
    *    227    1.6e+05     17448 18106.8 18119.4    17448    1275    1275   16173
    *    228    1.6e+05     17835 18103.4 18103.4    17835    1273    1273   16562
         229    1.6e+05     17835 18086.9 18086.9    17814    1275    1275   16539
    *    230    1.6e+05     17934 18086.8 18086.8    17934    1273    1273   16661
    *    231    1.6e+05     17950 18086.8 18088.3    17950    1273    1273   16677
         232    1.6e+05     17950 18084.9 18084.9    17941    1273    1273   16668
         233    1.6e+05     17950 18084.9 18087.2    17916    1274    1274   16642
         234    1.6e+05     17950 18084.1 18084.1    17842    1273    1273   16569
         235    1.6e+05     17950 18084.1 18085.3    17940    1274    1274   16666
         236    1.6e+05     17950 18082.1 18082.1    17937    1273    1273   16664
         237    1.6e+05     17950 18082.1 18083.2    17913    1273    1273   16640
         238    1.6e+05     17950   18081   18081    17832    1273    1273   16559
         239    1.6e+05     17950 18080.8 18080.8    17946    1273    1273   16673
         240    1.6e+05     17950 18079.5 18079.5    17909    1274    1274   16635
    *    241    1.6e+05     17976 18079.5 18081.7    17976    1273    1273   16703
         242    1.6e+05     17976 18079.4 18079.4    17964    1274    1274   16690
    *    243    1.6e+05     17980 18079.4 18081.1    17980    1273    1273   16707
         244    1.6e+05     17980 18077.5 18077.5    17971    1273    1273   16698
    *    245    1.6e+05     17985 18077.5   18081    17985    1273    1273   16712
         246    1.6e+05     17985 18077.5 18077.8    17879    1273    1273   16606
         247    1.6e+05     17985 18077.5 18080.5    17895    1273    1273   16622
         248    1.6e+05     17985 18077.2 18077.2    17936    1273    1273   16663
         249    1.6e+05     17985 18077.2 18077.9    17891    1273    1273   16618
         250    1.6e+05     17985 18076.7 18076.7    17955    1273    1273   16682
         251    1.6e+05     17985 18076.7 18097.4    17922    1273    1273   16649
         252    1.6e+05     17985 18076.2 18076.2    17939    1273    1273   16666
         253    1.6e+05     17985 18076.2 18078.4    17956    1273    1273   16683
         254    1.6e+05     17985 18076.2 18076.4    17864    1273    1273   16591
         255    1.6e+05     17985 18076.2 18078.8    17960    1273    1273   16687
         256    1.6e+05     17985 18075.7 18075.7    17912    1273    1273   16639
    *    257    1.6e+05     17987 18075.7 18076.9    17987    1273    1273   16714
         258    1.6e+05     17987 18074.8 18074.8    17676    1273    1273   16403
         259    1.6e+05     17987 18074.8 18086.1    17701    1273    1273   16428
         260    1.6e+05     17987 18074.8 18076.5    17347    1274    1274   16073
         261    1.6e+05     17987 18074.8 18084.7    17532    1273    1273   16259
         262    1.6e+05     17987 18074.8 18080.4    17292    1273    1273   16019
         263    1.6e+05     17987 18074.8 18083.2    17364    1273    1273   16091
         264    1.6e+05     17987 18074.8 18077.4    17274    1273    1273   16001
         265    1.6e+05     17987 18074.8 18080.3    17345    1275    1275   16070
         266    1.6e+05     17987 18074.8 18096.7    17338    1274    1274   16064
         267    1.6e+05     17987 18074.8   18078    17465    1273    1273   16192
         268    1.6e+05     17987 18074.8 18085.2    17299    1273    1273   16026
         269    1.6e+05     17987 18074.8 18083.2    17372    1273    1273   16099
         270    1.6e+05     17987 18074.8 18097.7    17640    1275    1275   16365
         271    1.6e+05     17987 18074.8   18099    17852    1274    1274   16578
         272    1.6e+05     17987 18074.7 18074.7    17877    1273    1273   16604
         273    1.6e+05     17987 18074.7 18075.9    17958    1273    1273   16685
         274    1.6e+05     17987 18074.7 18093.9    17944    1274    1274   16670
         275    1.6e+05     17987 18074.7 18074.9    17954    1273    1273   16681
    *    276    1.6e+05     17994 18074.7 18093.3    17994    1273    1273   16721
         277    1.6e+05     17994 18072.7 18072.7    17983    1273    1273   16710
         278    1.6e+05     17994 18072.6 18072.6    17943    1274    1274   16669
         279    1.6e+05     17994 18072.6   18073    17933    1273    1273   16660
         280    1.6e+05     17994 18072.6 18072.7    17967    1273    1273   16694
         281    1.6e+05     17994 18072.6 18073.4    17959    1273    1273   16686
    *    282    1.6e+05     17998 18072.6 18093.2    17998    1273    1273   16725
         283    1.6e+05     17998 18072.6 18074.3    17976    1273    1273   16703
    *    284    1.6e+05     18000 18072.6 18093.5    18000    1273    1273   16727
         285    1.6e+05     18000 18072.6 18073.6    17973    1273    1273   16700
         286    1.6e+05     18000 18072.6 18092.8    17978    1273    1273   16705
         287    1.6e+05     18000 18072.6 18073.1    17987    1273    1273   16714
         288    1.6e+05     18000 18072.6 18073.2    17952    1273    1273   16679
         289    1.6e+05     18000 18072.6 18074.4    17970    1273    1273   16697
         290    1.6e+05     18000 18072.6 18073.2    17973    1273    1273   16700
         291    1.6e+05     18000 18072.3 18072.3    17992    1273    1273   16719
         292    1.6e+05     18000   18072   18072    17976    1273    1273   16703
    *    293    1.6e+05     18003   18072 18072.5    18003    1273    1273   16730
         294    1.6e+05     18003   18072 18072.1    17987    1273    1273   16714
    *    295    1.6e+05     18004   18072 18072.6    18004    1273    1273   16731
         296    1.6e+05     18004 18071.5 18071.5    17995    1273    1273   16722
         297    1.6e+05     18004 18071.5   18072    18004    1273    1273   16731
         298    1.6e+05     18004 18070.7 18070.7    17999    1273    1273   16726
    *    299    1.6e+05     18008 18070.7 18073.3    18008    1273    1273   16735
         300    1.6e+05     18008 18070.7 18071.4    18002    1273    1273   16729
         301    1.6e+05     18008 18070.7 18072.9    18002    1273    1273   16729
         302    1.6e+05     18008 18070.7 18071.1    18002    1273    1273   16729
         303    1.6e+05     18008 18070.7 18072.6    18006    1273    1273   16733
         304    1.6e+05     18008 18070.7 18070.8    18003    1273    1273   16730
         305    1.6e+05     18008 18070.7 18071.9    18005    1273    1273   16732
         306    1.6e+05     18008 18070.7 18070.8    17988    1273    1273   16715
         307    1.6e+05     18008 18070.7 18072.3    17990    1273    1273   16717
         308    1.6e+05     18008 18070.7 18070.8    18005    1273    1273   16732
         309    1.6e+05     18008 18070.7 18072.4    18004    1273    1273   16731
         310    1.6e+05     18008 18070.7 18071.3    18005    1273    1273   16732
         311    1.6e+05     18008 18070.7 18072.1    17992    1273    1273   16719
         312    1.6e+05     18008 18070.7 18070.7    18003    1273    1273   16730
         313    1.6e+05     18008 18070.7 18072.6    17836    1273    1273   16563
         314    1.6e+05     18008 18070.4 18070.4    17971    1273    1273   16698
         315    1.6e+05     18008 18070.4 18071.8    17580    1273    1273   16307
         316    1.6e+05     18008 18070.4 18086.5    17587    1275    1275   16312
         317    1.6e+05     18008 18070.4 18073.7    17870    1273    1273   16597
         318    1.6e+05     18008 18070.4 18089.6    17967    1273    1273   16694
         319    1.6e+05     18008 18070.4 18071.3    17983    1273    1273   16710
         320    1.6e+05     18008 18070.4 18089.4    17786    1273    1273   16513
         321    1.6e+05     18008 18070.4 18074.5    17621    1273    1273   16348
         322    1.6e+05     18008 18070.4 18092.6    17379    1273    1273   16106
         323    1.6e+05     18008 18070.4 18076.1    17676    1274    1274   16402
         324    1.6e+05     18008 18070.4 18092.6    17846    1273    1273   16573
         325    1.6e+05     18008 18070.4 18072.8    17981    1273    1273   16708
         326    1.6e+05     18008 18070.4 18071.5    17985    1273    1273   16712
         327    1.6e+05     18008 18070.4 18071.1    17962    1273    1273   16689
         328    1.6e+05     18008 18070.4 18071.4    17893    1273    1273   16620
         329    1.6e+05     18008 18070.4   18071    17991    1273    1273   16718
         330    1.6e+05     18008 18070.4 18070.7    17983    1273    1273   16710
    *    331    1.6e+05     18013 18070.4 18071.6    18013    1273    1273   16740
         332    1.6e+05     18013 18070.4 18070.6    17999    1273    1273   16726
         333    1.6e+05     18013 18070.4 18070.8    17998    1273    1273   16725
         334    1.6e+05     18013 18070.4 18070.4    17967    1273    1273   16694
         335    1.6e+05     18013 18070.4 18071.4    18009    1273    1273   16736
         336    1.6e+05     18013 18070.3 18070.3    17912    1273    1273   16639
         337    1.6e+05     18013 18070.3 18070.5    17985    1273    1273   16712
         338    1.6e+05     18013 18069.9 18069.9    17783    1273    1273   16510
         339    1.6e+05     18013 18069.9 18070.5    17978    1273    1273   16705
         340    1.6e+05     18013 18069.9 18070.7    17937    1274    1274   16663
         341    1.6e+05     18013 18069.4 18069.4    18006    1273    1273   16733
         342    1.6e+05     18013 18069.4 18070.3    18003    1273    1273   16730
         343    1.6e+05     18013 18068.9 18068.9    17986    1274    1274   16712
    *    344    1.6e+05     18014 18068.9 18070.7    18014    1273    1273   16741
         345    1.6e+05     18014 18068.9 18069.8    18007    1273    1273   16734
         346    1.6e+05     18014 18068.9 18069.4    18006    1273    1273   16733
         347    1.6e+05     18014 18068.9 18069.4    18011    1273    1273   16738
         348    1.6e+05     18014 18068.9 18070.5    18014    1273    1273   16741
         349    1.6e+05     18014 18068.9 18069.4    18008    1273    1273   16735
         350    1.6e+05     18014 18068.9 18071.3    17988    1273    1273   16715
         351    1.6e+05     18014 18068.9 18069.4    18009    1273    1273   16736
         352    1.6e+05     18014 18068.9   18070    17996    1273    1273   16723
         353    1.6e+05     18014 18068.9 18069.4    18011    1273    1273   16738
         354    1.6e+05     18014 18068.9 18070.3    17988    1273    1273   16715
         355    1.6e+05     18014 18068.9 18069.7    18005    1273    1273   16732
         356    1.6e+05     18014 18068.9 18070.6    17686    1273    1273   16413
         357    1.6e+05     18014 18068.9 18070.4    17758    1273    1273   16485
         358    1.6e+05     18014 18068.9 18071.4    17386    1273    1273   16113
         359    1.6e+05     18014 18068.9 18074.7    17348    1273    1273   16075
         360    1.6e+05     18014 18068.9 18094.8    17236    1274    1274   15962
         361    1.6e+05     18014 18068.9 18074.3    17030    1274    1274   15756
         362    1.6e+05     18014 18068.9   18076    17339    1273    1273   16066
         363    1.6e+05     18014 18068.9 18074.4    16584    1275    1275   15309
         364    1.6e+05     18014 18068.9 18117.5    15712    1275    1275   14437
         365    1.6e+05     18014 18068.9 18097.7    15766    1276    1276   14490
         366    1.6e+05     18014 18068.9 18084.7    16454    1273    1273   15181
         367    1.6e+05     18014 18068.9 18100.9    16684    1275    1275   15409
         368    1.6e+05     18014 18068.9 18077.8    17139    1274    1274   15865
               reducing step to 0.05
         369    1.6e+05     18014 18062.6 18062.6    17823    1273    1273   16550
         370    1.6e+05     18014 18052.4 18052.4    17896    1273    1273   16623
         371    1.6e+05     18014 18051.8 18051.8    17970    1273    1273   16697
         372    1.6e+05     18014 18051.8 18051.8    17942    1273    1273   16669
         373    1.6e+05     18014 18051.8   18052    18000    1273    1273   16727
         374    1.6e+05     18014 18051.1 18051.1    17988    1273    1273   16715
         375    1.6e+05     18014 18051.1 18051.5    18004    1273    1273   16731
         376    1.6e+05     18014 18051.1 18051.5    18011    1273    1273   16738
         377    1.6e+05     18014 18051.1 18051.8    18009    1273    1273   16736
    *    378    1.6e+05     18017 18051.1 18051.2    18017    1273    1273   16744
         379    1.6e+05     18017 18051.1 18051.8    17993    1273    1273   16720
    *    380    1.6e+05     18022 18051.1 18051.1    18022    1273    1273   16749
         381    1.6e+05     18022 18051.1 18051.7    18012    1273    1273   16739
         382    1.6e+05     18022 18050.8 18050.8    18020    1273    1273   16747
         383    1.6e+05     18022 18050.8 18051.6    18012    1273    1273   16739
         384    1.6e+05     18022 18050.8 18050.9    18020    1273    1273   16747
         385    1.6e+05     18022 18050.8 18051.5    18017    1273    1273   16744
         386    1.6e+05     18022 18050.6 18050.6    18022    1273    1273   16749
         387    1.6e+05     18022 18050.6 18051.3    18016    1273    1273   16743
         388    1.6e+05     18022 18050.3 18050.3    18019    1273    1273   16746
         389    1.6e+05     18022 18050.3 18051.3    18019    1273    1273   16746
         390    1.6e+05     18022 18050.3 18050.6    18022    1273    1273   16749
         391    1.6e+05     18022 18050.3 18051.2    17985    1273    1273   16712
         392    1.6e+05     18022 18050.3 18050.5    18022    1273    1273   16749
         393    1.6e+05     18022 18050.3 18051.1    18018    1273    1273   16745
         394    1.6e+05     18022 18050.3 18050.9    18020    1273    1273   16747
         395    1.6e+05     18022 18050.3 18050.9    18017    1273    1273   16744
         396    1.6e+05     18022 18050.3 18050.5    18019    1273    1273   16746
         397    1.6e+05     18022 18050.3 18050.6    18016    1273    1273   16743
         398    1.6e+05     18022 18050.3 18050.5    18021    1273    1273   16748
         399    1.6e+05     18022 18050.3 18050.6    18016    1273    1273   16743
    *    400    1.6e+05     18024 18050.3 18050.5    18024    1273    1273   16751
         401    1.6e+05     18024 18050.3 18050.7    18015    1273    1273   16742
         402    1.6e+05     18024 18050.3 18050.5    18022    1273    1273   16749
         403    1.6e+05     18024 18050.3 18050.5    18002    1273    1273   16729
         404    1.6e+05     18024 18050.3 18050.3    18018    1273    1273   16745
         405    1.6e+05     18024 18050.3 18050.4    18016    1273    1273   16743
         406    1.6e+05     18024 18050.3 18050.3    18020    1273    1273   16747
         407    1.6e+05     18024 18050.3 18050.3    18021    1273    1273   16748
         408    1.6e+05     18024 18050.1 18050.1    18022    1273    1273   16749
         409    1.6e+05     18024 18050.1 18050.8    18021    1273    1273   16748
         410    1.6e+05     18024 18050.1 18050.1    18022    1273    1273   16749
         411    1.6e+05     18024 18050.1 18050.6    18019    1273    1273   16746
         412    1.6e+05     18024 18049.9 18049.9    18023    1273    1273   16750
         413    1.6e+05     18024 18049.9 18050.7    18013    1273    1273   16740
         414    1.6e+05     18024 18049.9 18050.2    18023    1273    1273   16750
         415    1.6e+05     18024 18049.9 18050.7    18018    1273    1273   16745
         416    1.6e+05     18024 18049.9 18050.1    18024    1273    1273   16751
         417    1.6e+05     18024 18049.9 18050.7    18018    1273    1273   16745
         418    1.6e+05     18024 18049.9 18050.1    18023    1273    1273   16750
         419    1.6e+05     18024 18049.9 18050.7    18018    1273    1273   16745
         420    1.6e+05     18024 18049.9 18049.9    18024    1273    1273   16751
         421    1.6e+05     18024 18049.9 18050.6    18018    1273    1273   16745
         422    1.6e+05     18024 18049.9 18050.2    18023    1273    1273   16750
         423    1.6e+05     18024 18049.9 18050.6    18016    1273    1273   16743
         424    1.6e+05     18024 18049.9 18049.9    18020    1273    1273   16747
         425    1.6e+05     18024 18049.9 18051.1    18015    1273    1273   16742
         426    1.6e+05     18024 18049.9 18049.9    18024    1273    1273   16751
         427    1.6e+05     18024 18049.9 18050.7    18017    1273    1273   16744
         428    1.6e+05     18024 18049.8 18049.8    18022    1273    1273   16749
         429    1.6e+05     18024 18049.8 18050.9    18020    1273    1273   16747
         430    1.6e+05     18024 18049.8 18049.9    18023    1273    1273   16750
         431    1.6e+05     18024 18049.8 18050.7    18019    1273    1273   16746
         432    1.6e+05     18024 18049.8 18050.2    18024    1273    1273   16751
         433    1.6e+05     18024 18049.8 18050.5    18020    1273    1273   16747
         434    1.6e+05     18024 18049.8 18050.3    18024    1273    1273   16751
         435    1.6e+05     18024 18049.8 18050.6    18006    1273    1273   16733
         436    1.6e+05     18024 18049.8 18050.2    18024    1273    1273   16751
         437    1.6e+05     18024 18049.8 18050.4    18018    1273    1273   16745
         438    1.6e+05     18024 18049.8 18050.1    18007    1273    1273   16734
         439    1.6e+05     18024 18049.8 18050.5    18014    1273    1273   16741
    *    440    1.6e+05     18025 18049.8 18050.1    18025    1273    1273   16752
         441    1.6e+05     18025 18049.8 18050.5    18018    1273    1273   16745
         442    1.6e+05     18025 18049.8 18050.2    18024    1273    1273   16751
         443    1.6e+05     18025 18049.8 18050.4    18016    1273    1273   16743
         444    1.6e+05     18025 18049.8 18050.1    18024    1273    1273   16751
         445    1.6e+05     18025 18049.8 18050.3    18018    1273    1273   16745
         446    1.6e+05     18025 18049.8 18050.2    18024    1273    1273   16751
         447    1.6e+05     18025 18049.8 18050.5    18015    1273    1273   16742
         448    1.6e+05     18025 18049.8 18049.9    18025    1273    1273   16752
         449    1.6e+05     18025 18049.8 18050.4    17923    1273    1273   16650
         450    1.6e+05     18025 18049.8 18049.9    18024    1273    1273   16751
         451    1.6e+05     18025 18049.8 18050.5    18017    1273    1273   16744
         452    1.6e+05     18025 18049.8 18049.9    18025    1273    1273   16752
         453    1.6e+05     18025 18049.8 18050.4    18013    1273    1273   16740
               reducing step to 0.025
         454    1.6e+05     18025 18045.7 18045.7    17967    1273    1273   16694
         455    1.6e+05     18025 18041.7 18041.7    17990    1273    1273   16717
         456    1.6e+05     18025 18041.7 18042.3    18017    1273    1273   16744
         457    1.6e+05     18025 18041.7 18041.7    18020    1273    1273   16747
         458    1.6e+05     18025 18041.7   18042    18021    1273    1273   16748
         459    1.6e+05     18025 18041.7 18041.9    18022    1273    1273   16749
         460    1.6e+05     18025 18041.7   18042    18016    1273    1273   16743
    *    461    1.6e+05     18026 18041.7 18041.8    18026    1273    1273   16753
         462    1.6e+05     18026 18041.7 18041.9    18023    1273    1273   16750
         463    1.6e+05     18026 18041.7 18041.8    18024    1273    1273   16751
         464    1.6e+05     18026 18041.7 18041.9    18022    1273    1273   16749
         465    1.6e+05     18026 18041.7 18041.7    18023    1273    1273   16750
         466    1.6e+05     18026 18041.7 18041.9    18019    1273    1273   16746
         467    1.6e+05     18026 18041.7 18041.8    18025    1273    1273   16752
         468    1.6e+05     18026 18041.7   18042    18017    1273    1273   16744
         469    1.6e+05     18026 18041.7 18041.7    18026    1273    1273   16753
         470    1.6e+05     18026 18041.7   18042    18020    1273    1273   16747
         471    1.6e+05     18026 18041.7 18041.7    18024    1273    1273   16751
         472    1.6e+05     18026 18041.7 18041.9    18021    1273    1273   16748
         473    1.6e+05     18026 18041.6 18041.6    18026    1273    1273   16753
         474    1.6e+05     18026 18041.6 18041.8    18021    1273    1273   16748
         475    1.6e+05     18026 18041.6 18041.7    18026    1273    1273   16753
         476    1.6e+05     18026 18041.6 18041.8    18022    1273    1273   16749
    *    477    1.6e+05     18027 18041.6 18041.6    18027    1273    1273   16754
         478    1.6e+05     18027 18041.6 18041.8    18022    1273    1273   16749
         479    1.6e+05     18027 18041.6 18041.6    18027    1273    1273   16754
         480    1.6e+05     18027 18041.6 18041.7    18021    1273    1273   16748
    *    481    1.6e+05     18028 18041.6 18041.6    18028    1273    1273   16755
         482    1.6e+05     18028 18041.6 18041.8    18022    1273    1273   16749
         483    1.6e+05     18028 18041.6 18041.7    18027    1273    1273   16754
         484    1.6e+05     18028 18041.6 18041.7    18023    1273    1273   16750
         485    1.6e+05     18028 18041.6 18041.6    18027    1273    1273   16754
         486    1.6e+05     18028 18041.6 18041.6    18022    1273    1273   16749
         487    1.6e+05     18028 18041.6 18041.7    18025    1273    1273   16752
         488    1.6e+05     18028 18041.6 18041.6    18023    1273    1273   16750
         489    1.6e+05     18028 18041.5 18041.5    18028    1273    1273   16755
         490    1.6e+05     18028 18041.5 18041.6    18023    1273    1273   16750
         491    1.6e+05     18028 18041.5 18041.6    18025    1273    1273   16752
         492    1.6e+05     18028 18041.5 18041.5    18024    1273    1273   16751
         493    1.6e+05     18028 18041.5 18041.5    18028    1273    1273   16755
         494    1.6e+05     18028 18041.5 18041.6    18024    1273    1273   16751
         495    1.6e+05     18028 18041.5 18041.6    18027    1273    1273   16754
         496    1.6e+05     18028 18041.5 18041.5    18021    1273    1273   16748
         497    1.6e+05     18028 18041.5 18041.6    18028    1273    1273   16755
         498    1.6e+05     18028 18041.5 18041.5    18022    1273    1273   16749
         499    1.6e+05     18028 18041.5 18041.5    18027    1273    1273   16754
         500    1.6e+05     18028 18041.5 18041.5    18023    1273    1273   16750
         501    1.6e+05     18028 18041.5 18041.5    18028    1273    1273   16755
         502    1.6e+05     18028 18041.5 18041.6    18023    1273    1273   16750
         503    1.6e+05     18028 18041.5 18041.6    18028    1273    1273   16755
         504    1.6e+05     18028 18041.5 18041.6    18024    1273    1273   16751
         505    1.6e+05     18028 18041.5 18041.5    18028    1273    1273   16755
         506    1.6e+05     18028 18041.5 18041.6    18023    1273    1273   16750
         507    1.6e+05     18028 18041.5 18041.6    18026    1273    1273   16753
         508    1.6e+05     18028 18041.5 18041.5    18024    1273    1273   16751
         509    1.6e+05     18028 18041.5 18041.5    18027    1273    1273   16754
         510    1.6e+05     18028 18041.5 18041.5    18023    1273    1273   16750
         511    1.6e+05     18028 18041.5 18041.6    18027    1273    1273   16754
         512    1.6e+05     18028 18041.5 18041.5    18023    1273    1273   16750
         513    1.6e+05     18028 18041.5 18041.5    18028    1273    1273   16755
         514    1.6e+05     18028 18041.5 18041.5    18023    1273    1273   16750
         515    1.6e+05     18028 18041.5 18041.6    18028    1273    1273   16755
         516    1.6e+05     18028 18041.5 18041.5    18023    1273    1273   16750
         517    1.6e+05     18028 18041.5 18041.5    18027    1273    1273   16754
               reducing step to 0.0125
         518    1.6e+05     18028 18039.6 18039.6    18002    1273    1273   16729
         519    1.6e+05     18028 18037.9 18037.9    18018    1273    1273   16745
         520    1.6e+05     18028 18037.9 18038.3    18020    1273    1273   16747
         521    1.6e+05     18028 18037.7 18037.7    18023    1273    1273   16750
         522    1.6e+05     18028 18037.7 18038.3    18018    1273    1273   16745
         523    1.6e+05     18028 18037.7 18037.7    18026    1273    1273   16753
         524    1.6e+05     18028 18037.7 18038.3    18017    1273    1273   16744
         525    1.6e+05     18028 18037.6 18037.6    18025    1273    1273   16752
         526    1.6e+05     18028 18037.6 18038.2    18021    1273    1273   16748
         527    1.6e+05     18028 18037.6 18037.6    18023    1273    1273   16750
         528    1.6e+05     18028 18037.6 18038.2    18019    1273    1273   16746
         529    1.6e+05     18028 18037.6 18037.6    18024    1273    1273   16751
         530    1.6e+05     18028 18037.6 18038.2    18019    1273    1273   16746
         531    1.6e+05     18028 18037.5 18037.5    18024    1273    1273   16751
         532    1.6e+05     18028 18037.5 18038.2    18020    1273    1273   16747
         533    1.6e+05     18028 18037.5 18037.6    18025    1273    1273   16752
         534    1.6e+05     18028 18037.5 18038.2    18021    1273    1273   16748
         535    1.6e+05     18028 18037.5 18037.6    18024    1273    1273   16751
         536    1.6e+05     18028 18037.5 18038.2    18021    1273    1273   16748
         537    1.6e+05     18028 18037.5 18037.6    18025    1273    1273   16752
         538    1.6e+05     18028 18037.5 18038.3    18021    1273    1273   16748
         539    1.6e+05     18028 18037.5 18037.6    18025    1273    1273   16752
         540    1.6e+05     18028 18037.5 18038.2    18021    1273    1273   16748
         541    1.6e+05     18028 18037.5 18037.5    18025    1273    1273   16752
         542    1.6e+05     18028 18037.5 18038.2    18021    1273    1273   16748
         543    1.6e+05     18028 18037.5 18037.5    18025    1273    1273   16752
         544    1.6e+05     18028 18037.5 18038.2    18020    1273    1273   16747
         545    1.6e+05     18028 18037.5 18037.5    18025    1273    1273   16752
         546    1.6e+05     18028 18037.5 18038.2    18021    1273    1273   16748
         547    1.6e+05     18028 18037.5 18037.5    18025    1273    1273   16752
         548    1.6e+05     18028 18037.5 18038.2    18022    1273    1273   16749
         549    1.6e+05     18028 18037.5 18037.5    18025    1273    1273   16752
         550    1.6e+05     18028 18037.5 18038.2    18022    1273    1273   16749
         551    1.6e+05     18028 18037.4 18037.4    18025    1273    1273   16752
         552    1.6e+05     18028 18037.4 18038.1    18022    1273    1273   16749
         553    1.6e+05     18028 18037.4 18037.5    18025    1273    1273   16752
         554    1.6e+05     18028 18037.4 18038.1    18022    1273    1273   16749
         555    1.6e+05     18028 18037.4 18037.5    18025    1273    1273   16752
         556    1.6e+05     18028 18037.4 18038.1    18021    1273    1273   16748
         557    1.6e+05     18028 18037.4 18037.4    18026    1273    1273   16753
         558    1.6e+05     18028 18037.4 18038.2    18021    1273    1273   16748
         559    1.6e+05     18028 18037.4 18037.4    18025    1273    1273   16752
         560    1.6e+05     18028 18037.4 18038.2    18022    1273    1273   16749
         561    1.6e+05     18028 18037.4 18037.4    18024    1273    1273   16751
         562    1.6e+05     18028 18037.4 18038.2    18022    1273    1273   16749
         563    1.6e+05     18028 18037.4 18037.4    18026    1273    1273   16753
         564    1.6e+05     18028 18037.4 18038.1    18022    1273    1273   16749
         565    1.6e+05     18028 18037.4 18037.4    18026    1273    1273   16753
         566    1.6e+05     18028 18037.4 18038.1    18022    1273    1273   16749
         567    1.6e+05     18028 18037.4 18037.4    18026    1273    1273   16753
         568    1.6e+05     18028 18037.4 18038.1    18022    1273    1273   16749
         569    1.6e+05     18028 18037.4 18037.4    18025    1273    1273   16752
         570    1.6e+05     18028 18037.4 18038.1    18022    1273    1273   16749
         571    1.6e+05     18028 18037.4 18037.4    18025    1273    1273   16752
         572    1.6e+05     18028 18037.4 18038.1    18021    1273    1273   16748
         573    1.6e+05     18028 18037.4 18037.4    18025    1273    1273   16752
         574    1.6e+05     18028 18037.4 18038.1    18022    1273    1273   16749
         575    1.6e+05     18028 18037.4 18037.4    18025    1273    1273   16752
         576    1.6e+05     18028 18037.4 18038.1    18022    1273    1273   16749
         577    1.6e+05     18028 18037.4 18037.4    18026    1273    1273   16753
         578    1.6e+05     18028 18037.4 18038.1    18021    1273    1273   16748
         579    1.6e+05     18028 18037.4 18037.4    18026    1273    1273   16753
         580    1.6e+05     18028 18037.4 18038.1    18021    1273    1273   16748
         581    1.6e+05     18028 18037.4 18037.4    18025    1273    1273   16752
         582    1.6e+05     18028 18037.4 18038.1    18022    1273    1273   16749
         583    1.6e+05     18028 18037.4 18037.4    18026    1273    1273   16753
         584    1.6e+05     18028 18037.4 18038.1    18022    1273    1273   16749
         585    1.6e+05     18028 18037.4 18037.4    18026    1273    1273   16753
         586    1.6e+05     18028 18037.4 18038.1    18022    1273    1273   16749
         587    1.6e+05     18028 18037.4 18037.4    18026    1273    1273   16753
         588    1.6e+05     18028 18037.4 18038.1    18022    1273    1273   16749
         589    1.6e+05     18028 18037.4 18037.4    18026    1273    1273   16753
         590    1.6e+05     18028 18037.4 18038.1    18022    1273    1273   16749
         591    1.6e+05     18028 18037.4 18037.4    18026    1273    1273   16753
         592    1.6e+05     18028 18037.4 18038.1    18022    1273    1273   16749
         593    1.6e+05     18028 18037.4 18037.4    18025    1273    1273   16752
         594    1.6e+05     18028 18037.4 18038.1    18022    1273    1273   16749
         595    1.6e+05     18028 18037.4 18037.4    18026    1273    1273   16753
         596    1.6e+05     18028 18037.4 18038.1    18022    1273    1273   16749
         597    1.6e+05     18028 18037.4 18037.4    18026    1273    1273   16753
         598    1.6e+05     18028 18037.4 18038.1    18021    1273    1273   16748
         599    1.6e+05     18028 18037.4 18037.4    18025    1273    1273   16752
         600    1.6e+05     18028 18037.4 18038.1    18021    1273    1273   16748
         601    1.6e+05     18028 18037.4 18037.4    18025    1273    1273   16752
         602    1.6e+05     18028 18037.4 18038.1    18021    1273    1273   16748
         603    1.6e+05     18028 18037.4 18037.4    18025    1273    1273   16752
         604    1.6e+05     18028 18037.4 18038.1    18022    1273    1273   16749
         605    1.6e+05     18028 18037.4 18037.5    18025    1273    1273   16752
         606    1.6e+05     18028 18037.4 18038.1    18022    1273    1273   16749
         607    1.6e+05     18028 18037.4 18037.4    18025    1273    1273   16752
         608    1.6e+05     18028 18037.4 18038.1    18022    1273    1273   16749
         609    1.6e+05     18028 18037.4 18037.5    18025    1273    1273   16752
         610    1.6e+05     18028 18037.4 18038.1    18021    1273    1273   16748
         611    1.6e+05     18028 18037.4 18037.4    18025    1273    1273   16752
         612    1.6e+05     18028 18037.4 18038.1    18022    1273    1273   16749
         613    1.6e+05     18028 18037.4 18037.4    18026    1273    1273   16753
         614    1.6e+05     18028 18037.4 18038.1    18022    1273    1273   16749
         615    1.6e+05     18028 18037.4 18037.4    18026    1273    1273   16753
         616    1.6e+05     18028 18037.4 18038.1    18022    1273    1273   16749
         617    1.6e+05     18028 18037.4 18037.4    18024    1273    1273   16751
         618    1.6e+05     18028 18037.4 18038.1    18022    1273    1273   16749
         619    1.6e+05     18028 18037.4 18037.4    18026    1273    1273   16753
         620    1.6e+05     18028 18037.4 18038.1    18021    1273    1273   16748
         621    1.6e+05     18028 18037.4 18037.4    18026    1273    1273   16753
         622    1.6e+05     18028 18037.4 18038.1    18021    1273    1273   16748
         623    1.6e+05     18028 18037.4 18037.4    18026    1273    1273   16753
         624    1.6e+05     18028 18037.4 18038.1    18021    1273    1273   16748
         625    1.6e+05     18028 18037.4 18037.4    18026    1273    1273   16753
         626    1.6e+05     18028 18037.4 18038.1    18021    1273    1273   16748
         627    1.6e+05     18028 18037.4 18037.4    18026    1273    1273   16753
         628    1.6e+05     18028 18037.4 18038.1    18021    1273    1273   16748
               reducing step to 0.00625
         629    1.6e+05     18028 18036.8 18036.8    18008    1273    1273   16735
         630    1.6e+05     18028 18035.9 18035.9    18019    1273    1273   16746
         631    1.6e+05     18028 18035.6 18035.6    18021    1273    1273   16748
         632    1.6e+05     18028 18035.6 18035.7    18021    1273    1273   16748
         633    1.6e+05     18028 18035.6 18035.8    18022    1273    1273   16749
         634    1.6e+05     18028 18035.6 18035.8    18024    1273    1273   16751
         635    1.6e+05     18028 18035.6 18035.9    17960    1273    1273   16687
         636    1.6e+05     18028 18035.6 18035.7    18021    1273    1273   16748
         637    1.6e+05     18028 18035.6 18035.9    18023    1273    1273   16750
         638    1.6e+05     18028 18035.6 18035.7    18024    1273    1273   16751
         639    1.6e+05     18028 18035.6 18035.9    18025    1273    1273   16752
         640    1.6e+05     18028 18035.6 18035.7    18023    1273    1273   16750
         641    1.6e+05     18028 18035.6 18035.9    18023    1273    1273   16750
         642    1.6e+05     18028 18035.6 18035.7    18024    1273    1273   16751
         643    1.6e+05     18028 18035.6 18035.9    18022    1273    1273   16749
         644    1.6e+05     18028 18035.6 18035.8    18022    1273    1273   16749
         645    1.6e+05     18028 18035.6 18035.9    18021    1273    1273   16748
         646    1.6e+05     18028 18035.6 18035.8    18025    1273    1273   16752
         647    1.6e+05     18028 18035.6 18035.9    18022    1273    1273   16749
         648    1.6e+05     18028 18035.6 18035.7    18023    1273    1273   16750
         649    1.6e+05     18028 18035.6 18035.9    18024    1273    1273   16751
         650    1.6e+05     18028 18035.6 18035.7    18024    1273    1273   16751
         651    1.6e+05     18028 18035.6 18035.9    18023    1273    1273   16750
         652    1.6e+05     18028 18035.6 18035.7    18025    1273    1273   16752
         653    1.6e+05     18028 18035.6 18035.8    18025    1273    1273   16752
         654    1.6e+05     18028 18035.6 18035.7    18026    1273    1273   16753
         655    1.6e+05     18028 18035.6 18035.8    18024    1273    1273   16751
         656    1.6e+05     18028 18035.6 18035.7    18026    1273    1273   16753
               reducing step to 0.003125
         657    1.6e+05     18028 18035.3 18035.3    18006    1273    1273   16733
         658    1.6e+05     18028 18034.9 18034.9    18023    1273    1273   16750
         659    1.6e+05     18028 18034.9   18035    18020    1273    1273   16747
         660    1.6e+05     18028 18034.8 18034.8    18025    1273    1273   16752
         661    1.6e+05     18028 18034.8   18035    18020    1273    1273   16747
         662    1.6e+05     18028 18034.8 18034.8    18028    1273    1273   16755
         663    1.6e+05     18028 18034.8   18035    18022    1273    1273   16749
         664    1.6e+05     18028 18034.8 18034.8    18026    1273    1273   16753
         665    1.6e+05     18028 18034.8   18035    18024    1273    1273   16751
         666    1.6e+05     18028 18034.8 18034.8    18025    1273    1273   16752
         667    1.6e+05     18028 18034.8   18035    18023    1273    1273   16750
         668    1.6e+05     18028 18034.8 18034.8    18025    1273    1273   16752
         669    1.6e+05     18028 18034.8   18035    18022    1273    1273   16749
         670    1.6e+05     18028 18034.8 18034.8    18024    1273    1273   16751
         671    1.6e+05     18028 18034.8   18035    18023    1273    1273   16750
         672    1.6e+05     18028 18034.8 18034.8    18025    1273    1273   16752
         673    1.6e+05     18028 18034.8   18035    18020    1273    1273   16747
         674    1.6e+05     18028 18034.8 18034.8    18025    1273    1273   16752
         675    1.6e+05     18028 18034.8   18035    18021    1273    1273   16748
         676    1.6e+05     18028 18034.8 18034.8    18025    1273    1273   16752
         677    1.6e+05     18028 18034.8   18035    18021    1273    1273   16748
         678    1.6e+05     18028 18034.8 18034.8    18025    1273    1273   16752
         679    1.6e+05     18028 18034.8   18035    18021    1273    1273   16748
         680    1.6e+05     18028 18034.8 18034.8    18025    1273    1273   16752
         681    1.6e+05     18028 18034.8   18035    18022    1273    1273   16749
         682    1.6e+05     18028 18034.8 18034.8    18025    1273    1273   16752
         683    1.6e+05     18028 18034.8   18035    18022    1273    1273   16749
         684    1.6e+05     18028 18034.8 18034.8    18026    1273    1273   16753
         685    1.6e+05     18028 18034.8   18035    18020    1273    1273   16747
         686    1.6e+05     18028 18034.8 18034.8    18026    1273    1273   16753
         687    1.6e+05     18028 18034.8   18035    18022    1273    1273   16749
         688    1.6e+05     18028 18034.8 18034.8    18026    1273    1273   16753
         689    1.6e+05     18028 18034.8   18035    18022    1273    1273   16749
         690    1.6e+05     18028 18034.8 18034.8    18026    1273    1273   16753
         691    1.6e+05     18028 18034.8   18035    18021    1273    1273   16748
         692    1.6e+05     18028 18034.8 18034.8    18026    1273    1273   16753
         693    1.6e+05     18028 18034.8   18035    18021    1273    1273   16748
         694    1.6e+05     18028 18034.8 18034.8    18026    1273    1273   16753
         695    1.6e+05     18028 18034.8   18035    18021    1273    1273   16748
         696    1.6e+05     18028 18034.8 18034.8    18026    1273    1273   16753
         697    1.6e+05     18028 18034.8   18035    18021    1273    1273   16748
         698    1.6e+05     18028 18034.8 18034.8    18026    1273    1273   16753
         699    1.6e+05     18028 18034.8   18035    18022    1273    1273   16749
         700    1.6e+05     18028 18034.8 18034.8    18026    1273    1273   16753
         701    1.6e+05     18028 18034.8   18035    18022    1273    1273   16749
         702    1.6e+05     18028 18034.8 18034.8    18026    1273    1273   16753
         703    1.6e+05     18028 18034.8   18035    18021    1273    1273   16748
         704    1.6e+05     18028 18034.8 18034.8    18026    1273    1273   16753
         705    1.6e+05     18028 18034.8   18035    18021    1273    1273   16748
         706    1.6e+05     18028 18034.8 18034.8    18026    1273    1273   16753
         707    1.6e+05     18028 18034.8   18035    18021    1273    1273   16748
         708    1.6e+05     18028 18034.8 18034.8    18026    1273    1273   16753
         709    1.6e+05     18028 18034.8   18035    18021    1273    1273   16748
         710    1.6e+05     18028 18034.8 18034.8    18026    1273    1273   16753
         711    1.6e+05     18028 18034.8   18035    18022    1273    1273   16749
         712    1.6e+05     18028 18034.8 18034.8    18026    1273    1273   16753
         713    1.6e+05     18028 18034.8   18035    18022    1273    1273   16749
         714    1.6e+05     18028 18034.8 18034.8    18026    1273    1273   16753
         715    1.6e+05     18028 18034.8   18035    18022    1273    1273   16749
         716    1.6e+05     18028 18034.8 18034.8    18026    1273    1273   16753
         717    1.6e+05     18028 18034.8   18035    18022    1273    1273   16749
         718    1.6e+05     18028 18034.8 18034.8    18026    1273    1273   16753
         719    1.6e+05     18028 18034.8   18035    18022    1273    1273   16749
         720    1.6e+05     18028 18034.8 18034.8    18026    1273    1273   16753
         721    1.6e+05     18028 18034.8   18035    18022    1273    1273   16749
         722    1.6e+05     18028 18034.8 18034.8    18026    1273    1273   16753
         723    1.6e+05     18028 18034.8   18035    18022    1273    1273   16749
         724    1.6e+05     18028 18034.8 18034.8    18026    1273    1273   16753
         725    1.6e+05     18028 18034.8   18035    18022    1273    1273   16749
         726    1.6e+05     18028 18034.8 18034.8    18026    1273    1273   16753
         727    1.6e+05     18028 18034.8   18035    18022    1273    1273   16749
         728    1.6e+05     18028 18034.8 18034.8    18026    1273    1273   16753
         729    1.6e+05     18028 18034.8   18035    18022    1273    1273   16749
               reducing step to 0.0015625
         730    1.6e+05     18028 18034.7 18034.7    18018    1273    1273   16745
         731    1.6e+05     18028 18034.5 18034.5    18006    1273    1273   16733
         732    1.6e+05     18028 18034.5 18034.5    18023    1273    1273   16750
         733    1.6e+05     18028 18034.4 18034.4    17968    1273    1273   16695
         734    1.6e+05     18028 18034.4 18034.5    18022    1273    1273   16749
         735    1.6e+05     18028 18034.4 18034.4    18025    1273    1273   16752
         736    1.6e+05     18028 18034.4 18034.5    18025    1273    1273   16752
         737    1.6e+05     18028 18034.4 18034.4    18025    1273    1273   16752
         738    1.6e+05     18028 18034.4 18034.5    18026    1273    1273   16753
         739    1.6e+05     18028 18034.4 18034.4    18027    1273    1273   16754
         740    1.6e+05     18028 18034.4 18034.5    18024    1273    1273   16751
         741    1.6e+05     18028 18034.4 18034.4    18024    1273    1273   16751
         742    1.6e+05     18028 18034.4 18034.5    18023    1273    1273   16750
         743    1.6e+05     18028 18034.4 18034.4    18024    1273    1273   16751
         744    1.6e+05     18028 18034.4 18034.5    18023    1273    1273   16750
         745    1.6e+05     18028 18034.4 18034.4    18025    1273    1273   16752
         746    1.6e+05     18028 18034.4 18034.5    18023    1273    1273   16750
         747    1.6e+05     18028 18034.4 18034.4    18023    1273    1273   16750
         748    1.6e+05     18028 18034.4 18034.5    18024    1273    1273   16751
         749    1.6e+05     18028 18034.4 18034.4    18024    1273    1273   16751
         750    1.6e+05     18028 18034.4 18034.5    18024    1273    1273   16751
         751    1.6e+05     18028 18034.4 18034.4    18024    1273    1273   16751
         752    1.6e+05     18028 18034.4 18034.5    18024    1273    1273   16751
         753    1.6e+05     18028 18034.4 18034.4    18024    1273    1273   16751
         754    1.6e+05     18028 18034.4 18034.5    18024    1273    1273   16751
         755    1.6e+05     18028 18034.4 18034.4    18025    1273    1273   16752
         756    1.6e+05     18028 18034.4 18034.5    18023    1273    1273   16750
         757    1.6e+05     18028 18034.4 18034.4    18025    1273    1273   16752
         758    1.6e+05     18028 18034.4 18034.5    18024    1273    1273   16751
         759    1.6e+05     18028 18034.4 18034.4    18025    1273    1273   16752
         760    1.6e+05     18028 18034.4 18034.5    18024    1273    1273   16751
         761    1.6e+05     18028 18034.4 18034.4    18025    1273    1273   16752
         762    1.6e+05     18028 18034.4 18034.5    18024    1273    1273   16751
         763    1.6e+05     18028 18034.4 18034.4    18025    1273    1273   16752
         764    1.6e+05     18028 18034.4 18034.5    18024    1273    1273   16751
         765    1.6e+05     18028 18034.4 18034.4    18025    1273    1273   16752
         766    1.6e+05     18028 18034.4 18034.5    18024    1273    1273   16751
         767    1.6e+05     18028 18034.4 18034.4    18025    1273    1273   16752
         768    1.6e+05     18028 18034.4 18034.5    18024    1273    1273   16751
         769    1.6e+05     18028 18034.4 18034.4    18025    1273    1273   16752
         770    1.6e+05     18028 18034.4 18034.5    18024    1273    1273   16751
         771    1.6e+05     18028 18034.4 18034.4    18025    1273    1273   16752
         772    1.6e+05     18028 18034.4 18034.5    18024    1273    1273   16751
         773    1.6e+05     18028 18034.4 18034.4    18025    1273    1273   16752
         774    1.6e+05     18028 18034.4 18034.5    18024    1273    1273   16751
         775    1.6e+05     18028 18034.4 18034.4    18025    1273    1273   16752
         776    1.6e+05     18028 18034.4 18034.5    18024    1273    1273   16751
         777    1.6e+05     18028 18034.4 18034.4    18025    1273    1273   16752
         778    1.6e+05     18028 18034.4 18034.5    18024    1273    1273   16751
         779    1.6e+05     18028 18034.4 18034.4    18025    1273    1273   16752
         780    1.6e+05     18028 18034.4 18034.5    18024    1273    1273   16751
         781    1.6e+05     18028 18034.4 18034.4    18025    1273    1273   16752
         782    1.6e+05     18028 18034.4 18034.5    18024    1273    1273   16751
         783    1.6e+05     18028 18034.4 18034.4    18025    1273    1273   16752
         784    1.6e+05     18028 18034.4 18034.5    18024    1273    1273   16751
         785    1.6e+05     18028 18034.4 18034.4    18025    1273    1273   16752
         786    1.6e+05     18028 18034.4 18034.5    18024    1273    1273   16751
         787    1.6e+05     18028 18034.4 18034.4    18025    1273    1273   16752
         788    1.6e+05     18028 18034.4 18034.5    18024    1273    1273   16751
         789    1.6e+05     18028 18034.4 18034.4    18025    1273    1273   16752
         790    1.6e+05     18028 18034.4 18034.5    18024    1273    1273   16751
         791    1.6e+05     18028 18034.4 18034.4    18025    1273    1273   16752
         792    1.6e+05     18028 18034.4 18034.5    18024    1273    1273   16751
               reducing step to 0.00078125
         793    1.6e+05     18028 18034.3 18034.3    18021    1273    1273   16748
         794    1.6e+05     18028 18034.2 18034.2    18020    1273    1273   16747
         795    1.6e+05     18028 18034.2 18034.2    18028    1273    1273   16755
         796    1.6e+05     18028 18034.2 18034.2    18022    1273    1273   16749
         797    1.6e+05     18028 18034.2 18034.3    18028    1273    1273   16755
         798    1.6e+05     18028 18034.2 18034.2    18026    1273    1273   16753
         799    1.6e+05     18028 18034.2 18034.2    18027    1273    1273   16754
         800    1.6e+05     18028 18034.2 18034.2    18023    1273    1273   16750
         801    1.6e+05     18028 18034.2 18034.3    18026    1273    1273   16753
         802    1.6e+05     18028 18034.2 18034.2    18022    1273    1273   16749
         803    1.6e+05     18028 18034.2 18034.3    18027    1273    1273   16754
         804    1.6e+05     18028 18034.2 18034.2    18021    1273    1273   16748
         805    1.6e+05     18028 18034.2 18034.3    18027    1273    1273   16754
         806    1.6e+05     18028 18034.2 18034.2    18021    1273    1273   16748
         807    1.6e+05     18028 18034.2 18034.3    18027    1273    1273   16754
         808    1.6e+05     18028 18034.2 18034.2    18021    1273    1273   16748
         809    1.6e+05     18028 18034.2 18034.3    18027    1273    1273   16754
         810    1.6e+05     18028 18034.2 18034.2    18020    1273    1273   16747
         811    1.6e+05     18028 18034.2 18034.3    18027    1273    1273   16754
         812    1.6e+05     18028 18034.2 18034.2    18021    1273    1273   16748
         813    1.6e+05     18028 18034.2 18034.3    18027    1273    1273   16754
         814    1.6e+05     18028 18034.2 18034.2    18021    1273    1273   16748
         815    1.6e+05     18028 18034.2 18034.3    18027    1273    1273   16754
         816    1.6e+05     18028 18034.2 18034.2    18021    1273    1273   16748
         817    1.6e+05     18028 18034.2 18034.3    18027    1273    1273   16754
         818    1.6e+05     18028 18034.2 18034.2    18022    1273    1273   16749
         819    1.6e+05     18028 18034.2 18034.3    18026    1273    1273   16753
         820    1.6e+05     18028 18034.2 18034.2    18022    1273    1273   16749
         821    1.6e+05     18028 18034.2 18034.2    18027    1273    1273   16754
         822    1.6e+05     18028 18034.2 18034.2    18022    1273    1273   16749
         823    1.6e+05     18028 18034.2 18034.2    18027    1273    1273   16754
         824    1.6e+05     18028 18034.2 18034.2    18022    1273    1273   16749
         825    1.6e+05     18028 18034.2 18034.2    18027    1273    1273   16754
         826    1.6e+05     18028 18034.2 18034.2    18022    1273    1273   16749
         827    1.6e+05     18028 18034.2 18034.2    18027    1273    1273   16754
         828    1.6e+05     18028 18034.2 18034.2    18022    1273    1273   16749
         829    1.6e+05     18028 18034.2 18034.2    18027    1273    1273   16754
         830    1.6e+05     18028 18034.2 18034.2    18022    1273    1273   16749
         831    1.6e+05     18028 18034.2 18034.2    18027    1273    1273   16754
         832    1.6e+05     18028 18034.2 18034.2    18022    1273    1273   16749
         833    1.6e+05     18028 18034.2 18034.2    18027    1273    1273   16754
         834    1.6e+05     18028 18034.2 18034.2    18022    1273    1273   16749
         835    1.6e+05     18028 18034.2 18034.2    18027    1273    1273   16754
         836    1.6e+05     18028 18034.2 18034.2    18022    1273    1273   16749
         837    1.6e+05     18028 18034.2 18034.2    18027    1273    1273   16754
         838    1.6e+05     18028 18034.2 18034.2    18022    1273    1273   16749
         839    1.6e+05     18028 18034.2 18034.2    18027    1273    1273   16754
         840    1.6e+05     18028 18034.2 18034.2    18022    1273    1273   16749
         841    1.6e+05     18028 18034.2 18034.2    18027    1273    1273   16754
         842    1.6e+05     18028 18034.2 18034.2    18022    1273    1273   16749
         843    1.6e+05     18028 18034.2 18034.2    18027    1273    1273   16754
         844    1.6e+05     18028 18034.2 18034.2    18022    1273    1273   16749
         845    1.6e+05     18028 18034.2 18034.2    18027    1273    1273   16754
         846    1.6e+05     18028 18034.2 18034.2    18022    1273    1273   16749
         847    1.6e+05     18028 18034.2 18034.2    18027    1273    1273   16754
         848    1.6e+05     18028 18034.2 18034.2    18022    1273    1273   16749
         849    1.6e+05     18028 18034.2 18034.2    18027    1273    1273   16754
         850    1.6e+05     18028 18034.2 18034.2    18022    1273    1273   16749
         851    1.6e+05     18028 18034.2 18034.2    18027    1273    1273   16754
         852    1.6e+05     18028 18034.2 18034.2    18022    1273    1273   16749
         853    1.6e+05     18028 18034.2 18034.2    18027    1273    1273   16754
               reducing step to 0.000390625
         854    1.6e+05     18028 18034.2 18034.2    18025    1273    1273   16752
         855    1.6e+05     18028 18034.1 18034.1    18020    1273    1273   16747
         856    1.6e+05     18028 18034.1 18034.1    18028    1273    1273   16755
         857    1.6e+05     18028 18034.1 18034.1    18026    1273    1273   16753
         858    1.6e+05     18028 18034.1 18034.1    18027    1273    1273   16754
         859    1.6e+05     18028 18034.1 18034.1    18024    1273    1273   16751
         860    1.6e+05     18028 18034.1 18034.1    18027    1273    1273   16754
         861    1.6e+05     18028 18034.1 18034.1    18025    1273    1273   16752
         862    1.6e+05     18028 18034.1 18034.1    18026    1273    1273   16753
         863    1.6e+05     18028 18034.1 18034.1    18023    1273    1273   16750
         864    1.6e+05     18028 18034.1 18034.1    18027    1273    1273   16754
         865    1.6e+05     18028 18034.1 18034.1    18024    1273    1273   16751
         866    1.6e+05     18028 18034.1 18034.1    18026    1273    1273   16753
         867    1.6e+05     18028 18034.1 18034.1    18023    1273    1273   16750
         868    1.6e+05     18028 18034.1 18034.1    18026    1273    1273   16753
         869    1.6e+05     18028 18034.1 18034.1    18024    1273    1273   16751
         870    1.6e+05     18028 18034.1 18034.1    18027    1273    1273   16754
         871    1.6e+05     18028 18034.1 18034.1    18023    1273    1273   16750
         872    1.6e+05     18028 18034.1 18034.1    18027    1273    1273   16754
         873    1.6e+05     18028 18034.1 18034.1    18023    1273    1273   16750
         874    1.6e+05     18028 18034.1 18034.1    18027    1273    1273   16754
         875    1.6e+05     18028 18034.1 18034.1    18023    1273    1273   16750
         876    1.6e+05     18028 18034.1 18034.1    18027    1273    1273   16754
         877    1.6e+05     18028 18034.1 18034.1    18023    1273    1273   16750
         878    1.6e+05     18028 18034.1 18034.1    18027    1273    1273   16754
         879    1.6e+05     18028 18034.1 18034.1    18024    1273    1273   16751
         880    1.6e+05     18028 18034.1 18034.1    18026    1273    1273   16753
         881    1.6e+05     18028 18034.1 18034.1    18024    1273    1273   16751
               reducing step to 0.000195313
         882    1.6e+05     18028 18034.1 18034.1    18024    1273    1273   16751
         883    1.6e+05     18028 18034.1 18034.1    18027    1273    1273   16754
         884    1.6e+05     18028 18034.1 18034.1    18025    1273    1273   16752
         885    1.6e+05     18028 18034.1 18034.1    18022    1273    1273   16749
         886    1.6e+05     18028 18034.1 18034.1    18025    1273    1273   16752
         887    1.6e+05     18028 18034.1 18034.1    18025    1273    1273   16752
         888    1.6e+05     18028 18034.1 18034.1    18025    1273    1273   16752
         889    1.6e+05     18028 18034.1 18034.1    18024    1273    1273   16751
         890    1.6e+05     18028 18034.1 18034.1    18027    1273    1273   16754
         891    1.6e+05     18028 18034.1 18034.1    18024    1273    1273   16751
         892    1.6e+05     18028 18034.1 18034.1    18026    1273    1273   16753
         893    1.6e+05     18028   18034   18034    18022    1273    1273   16749
         894    1.6e+05     18028   18034 18034.1    18027    1273    1273   16754
         895    1.6e+05     18028   18034   18034    18022    1273    1273   16749
         896    1.6e+05     18028   18034 18034.1    18027    1273    1273   16754
         897    1.6e+05     18028   18034   18034    18023    1273    1273   16750
         898    1.6e+05     18028   18034 18034.1    18027    1273    1273   16754
         899    1.6e+05     18028   18034   18034    18022    1273    1273   16749
         900    1.6e+05     18028   18034 18034.1    18027    1273    1273   16754
         901    1.6e+05     18028   18034   18034    18022    1273    1273   16749
         902    1.6e+05     18028   18034 18034.1    18027    1273    1273   16754
         903    1.6e+05     18028   18034   18034    18022    1273    1273   16749
         904    1.6e+05     18028   18034 18034.1    18027    1273    1273   16754
         905    1.6e+05     18028   18034   18034    18022    1273    1273   16749
         906    1.6e+05     18028   18034 18034.1    18027    1273    1273   16754
         907    1.6e+05     18028   18034   18034    18022    1273    1273   16749
         908    1.6e+05     18028   18034 18034.1    18027    1273    1273   16754
         909    1.6e+05     18028   18034   18034    18023    1273    1273   16750
         910    1.6e+05     18028   18034 18034.1    18026    1273    1273   16753
         911    1.6e+05     18028   18034   18034    18023    1273    1273   16750
         912    1.6e+05     18028   18034 18034.1    18027    1273    1273   16754
         913    1.6e+05     18028   18034   18034    18023    1273    1273   16750
         914    1.6e+05     18028   18034 18034.1    18027    1273    1273   16754
         915    1.6e+05     18028   18034   18034    18023    1273    1273   16750
         916    1.6e+05     18028   18034 18034.1    18027    1273    1273   16754
         917    1.6e+05     18028   18034   18034    18023    1273    1273   16750
         918    1.6e+05     18028   18034 18034.1    18027    1273    1273   16754
         919    1.6e+05     18028   18034   18034    18023    1273    1273   16750
         920    1.6e+05     18028   18034 18034.1    18027    1273    1273   16754
         921    1.6e+05     18028   18034   18034    18023    1273    1273   16750
         922    1.6e+05     18028   18034 18034.1    18027    1273    1273   16754
         923    1.6e+05     18028   18034   18034    18023    1273    1273   16750
         924    1.6e+05     18028   18034 18034.1    18027    1273    1273   16754
         925    1.6e+05     18028   18034   18034    18023    1273    1273   16750
         926    1.6e+05     18028   18034 18034.1    18027    1273    1273   16754
         927    1.6e+05     18028   18034   18034    18023    1273    1273   16750
         928    1.6e+05     18028   18034 18034.1    18027    1273    1273   16754
         929    1.6e+05     18028   18034   18034    18023    1273    1273   16750
         930    1.6e+05     18028   18034 18034.1    18027    1273    1273   16754
         931    1.6e+05     18028   18034   18034    18023    1273    1273   16750
         932    1.6e+05     18028   18034 18034.1    18027    1273    1273   16754
         933    1.6e+05     18028   18034   18034    18023    1273    1273   16750
         934    1.6e+05     18028   18034 18034.1    18027    1273    1273   16754
         935    1.6e+05     18028   18034   18034    18023    1273    1273   16750
         936    1.6e+05     18028   18034 18034.1    18027    1273    1273   16754
         937    1.6e+05     18028   18034   18034    18023    1273    1273   16750
         938    1.6e+05     18028   18034 18034.1    18027    1273    1273   16754
         939    1.6e+05     18028   18034   18034    18023    1273    1273   16750
         940    1.6e+05     18028   18034 18034.1    18027    1273    1273   16754
         941    1.6e+05     18028   18034   18034    18023    1273    1273   16750
         942    1.6e+05     18028   18034 18034.1    18027    1273    1273   16754
         943    1.6e+05     18028   18034   18034    18023    1273    1273   16750
         944    1.6e+05     18028   18034 18034.1    18027    1273    1273   16754
         945    1.6e+05     18028   18034   18034    18023    1273    1273   16750
         946    1.6e+05     18028   18034 18034.1    18027    1273    1273   16754
         947    1.6e+05     18028   18034   18034    18023    1273    1273   16750
         948    1.6e+05     18028   18034 18034.1    18027    1273    1273   16754
         949    1.6e+05     18028   18034   18034    18023    1273    1273   16750
         950    1.6e+05     18028   18034 18034.1    18027    1273    1273   16754
         951    1.6e+05     18028   18034   18034    18023    1273    1273   16750
         952    1.6e+05     18028   18034 18034.1    18027    1273    1273   16754
               reducing step to 9.76563e-05
         953    1.6e+05     18028   18034   18034    18027    1273    1273   16754
    *    954    1.6e+05     18031   18034   18034    18031    1273    1273   16758
         955    1.6e+05     18031   18034   18034    18027    1273    1273   16754
         956    1.6e+05     18031   18034   18034    18027    1273    1273   16754
         957    1.6e+05     18031   18034   18034    18024    1273    1273   16751
         958    1.6e+05     18031   18034   18034    18028    1273    1273   16755
         959    1.6e+05     18031   18034   18034    18024    1273    1273   16751
         960    1.6e+05     18031   18034   18034    18028    1273    1273   16755
         961    1.6e+05     18031   18034   18034    18025    1273    1273   16752
         962    1.6e+05     18031   18034   18034    18025    1273    1273   16752
         963    1.6e+05     18031   18034   18034    18025    1273    1273   16752
         964    1.6e+05     18031   18034   18034    18026    1273    1273   16753
         965    1.6e+05     18031   18034   18034    18025    1273    1273   16752
         966    1.6e+05     18031   18034   18034    18024    1273    1273   16751
         967    1.6e+05     18031   18034   18034    18024    1273    1273   16751
         968    1.6e+05     18031   18034   18034    18025    1273    1273   16752
         969    1.6e+05     18031   18034   18034    18025    1273    1273   16752
         970    1.6e+05     18031   18034   18034    18024    1273    1273   16751
         971    1.6e+05     18031   18034   18034    18026    1273    1273   16753
         972    1.6e+05     18031   18034   18034    18025    1273    1273   16752
         973    1.6e+05     18031   18034   18034    18026    1273    1273   16753
         974    1.6e+05     18031   18034   18034    18025    1273    1273   16752
         975    1.6e+05     18031   18034   18034    18026    1273    1273   16753
         976    1.6e+05     18031   18034   18034    18025    1273    1273   16752
         977    1.6e+05     18031   18034   18034    18026    1273    1273   16753
         978    1.6e+05     18031   18034   18034    18026    1273    1273   16753
         979    1.6e+05     18031   18034   18034    18025    1273    1273   16752
         980    1.6e+05     18031   18034   18034    18026    1273    1273   16753
         981    1.6e+05     18031   18034   18034    18026    1273    1273   16753
         982    1.6e+05     18031   18034   18034    18026    1273    1273   16753
         983    1.6e+05     18031   18034   18034    18026    1273    1273   16753
         984    1.6e+05     18031   18034   18034    18026    1273    1273   16753
         985    1.6e+05     18031   18034   18034    18026    1273    1273   16753
         986    1.6e+05     18031   18034   18034    18026    1273    1273   16753
         987    1.6e+05     18031   18034   18034    18026    1273    1273   16753
         988    1.6e+05     18031   18034   18034    18026    1273    1273   16753
         989    1.6e+05     18031   18034   18034    18026    1273    1273   16753
         990    1.6e+05     18031   18034   18034    18026    1273    1273   16753
         991    1.6e+05     18031   18034   18034    18026    1273    1273   16753
         992    1.6e+05     18031   18034   18034    18026    1273    1273   16753
         993    1.6e+05     18031   18034   18034    18026    1273    1273   16753
         994    1.6e+05     18031   18034   18034    18026    1273    1273   16753
         995    1.6e+05     18031   18034   18034    18026    1273    1273   16753
         996    1.6e+05     18031   18034   18034    18026    1273    1273   16753
         997    1.6e+05     18031   18034   18034    18026    1273    1273   16753
         998    1.6e+05     18031   18034   18034    18026    1273    1273   16753
         999    1.6e+05     18031   18034   18034    18026    1273    1273   16753
        1000    1.6e+05     18031   18034   18034    18026    1273    1273   16753
Total time used by klau is 483.56
true_align (3890) and est_align (1273) DO NOT have the same number of elements.
method klau has a score of 23.42%
method klau used 483.563 seconds.
maximum values in init align row is:  3889
maximum values in init align col is:  3889
 best   iter   pr-delta       obj  weight    card overlap
    *      1    6.2e-01   13312.5    1281    1281   12672
    *      2    1.9e-01     14052    1280    1280   13412
           3    6.5e-02     14020    1280    1280   13380
    *      4    2.4e-02     14089    1280    1280   13449
    *      5    9.0e-03     14104    1280    1280   13464
    *      6    3.5e-03     14135    1280    1280   13495
           7    1.4e-03     14135    1280    1280   13495
           8    5.6e-04     14135    1280    1280   13495
           9    2.3e-04     14135    1280    1280   13495
    *     10    9.6e-05     14139    1280    1280   13499
          11    4.1e-05     14139    1280    1280   13499
          12    1.8e-05     14139    1280    1280   13499
          13    8.3e-06     14139    1280    1280   13499
          14    4.1e-06     14139    1280    1280   13499
          15    2.1e-06     14139    1280    1280   13499
          16    1.1e-06     14139    1280    1280   13499
          17    6.2e-07     14139    1280    1280   13499
          18    3.6e-07     14139    1280    1280   13499
          19    2.2e-07     14139    1280    1280   13499
          20    1.4e-07     14139    1280    1280   13499
          21    8.5e-08     14139    1280    1280   13499
          22    5.4e-08     14139    1280    1280   13499
          23    3.4e-08     14139    1280    1280   13499
          24    2.2e-08     14139    1280    1280   13499
          25    1.4e-08     14139    1280    1280   13499
          26    9.3e-09     14139    1280    1280   13499
          27    6.0e-09     14139    1280    1280   13499
          28    3.9e-09     14139    1280    1280   13499
          29    2.6e-09     14139    1280    1280   13499
          30    1.7e-09     14139    1280    1280   13499
          31    1.1e-09     14139    1280    1280   13499
          32    7.3e-10     14139    1280    1280   13499
          33    4.8e-10     14139    1280    1280   13499
          34    3.2e-10     14139    1280    1280   13499
          35    2.1e-10     14139    1280    1280   13499
          36    1.4e-10     14139    1280    1280   13499
          37    9.1e-11     14139    1280    1280   13499
          38    6.0e-11     14139    1280    1280   13499
          39    4.0e-11     14139    1280    1280   13499
          40    2.6e-11     14139    1280    1280   13499
          41    1.8e-11     14139    1280    1280   13499
          42    1.2e-11     14139    1280    1280   13499
          43    7.7e-12     14139    1280    1280   13499
          44    5.1e-12     14139    1280    1280   13499
          45    3.4e-12     14139    1280    1280   13499
          46    2.3e-12     14139    1280    1280   13499
          47    1.5e-12     14139    1280    1280   13499
          48    1.0e-12     14139    1280    1280   13499
Total time used by isorank is 5.73
true_align (3890) and est_align (1281) DO NOT have the same number of elements.
method isorank has a score of 12.34%
method isorank used 5.726 seconds.
experiment results:
     method      score        time
0     final  40.205656   49.734986
1  netalign  23.393316   22.816264
2      klau  23.419023  483.563384
3   isorank  12.339332    5.726201
