Permutation sanity check error is 3094.0.
Permutation sanity check error is 148946.0.
num_init for this graph is 12
Generating initial alignment matrix using degree ...
mode is  degree
number of noisy edges are:  12
Average number of initial alignments for each node is 24
maximum values in init align row is:  3889
maximum values in init align col is:  3887
Recovering sparse matrix L took 0.03 sec.
Time for degree: 0.04 sec
iteration 1
Time for iteration 1: 0.89 sec, diff = 0.29118
iteration 2
Time for iteration 2: 2.63 sec, diff = 0.02023
iteration 3
Time for iteration 3: 2.84 sec, diff = 0.00561
iteration 4
Time for iteration 4: 2.69 sec, diff = 0.00247
iteration 5
Time for iteration 5: 2.69 sec, diff = 0.00132
iteration 6
Time for iteration 6: 2.79 sec, diff = 0.00078
iteration 7
Time for iteration 7: 2.67 sec, diff = 0.00049
iteration 8
Time for iteration 8: 2.68 sec, diff = 0.00032
iteration 9
Time for iteration 9: 2.69 sec, diff = 0.00021
iteration 10
Time for iteration 10: 2.80 sec, diff = 0.00015
iteration 11
Time for iteration 11: 2.67 sec, diff = 0.00010
iteration 12
Time for iteration 12: 2.70 sec, diff = 0.00007
iteration 13
Time for iteration 13: 2.78 sec, diff = 0.00005
iteration 14
Time for iteration 14: 2.67 sec, diff = 0.00004
iteration 15
Time for iteration 15: 2.70 sec, diff = 0.00003
iteration 16
Time for iteration 16: 2.74 sec, diff = 0.00002
iteration 17
Time for iteration 17: 2.80 sec, diff = 0.00001
iteration 18
Time for iteration 18: 2.67 sec, diff = 0.00001
Total time used by final is 49.84 sec.
true_align and est_align have the same number of elements.
method final has a score of 39.23%
method final used 49.843 seconds.
maximum values in init align row is:  3889
maximum values in init align col is:  3887
best   iter    obj_ma wght_ma card_ma over_ma    obj_mb wght_mb card_mb over_mb
  *a      1     15913    1275    1275   14638     15913    1275    1275   14638
          2      2776     802     802    1974      3360     769     769    2591
          3     10049    1206    1206    8843      8593     945     945    7648
          4      4434    1065    1065    3369      4854    1000    1000    3854
          5     12278    1214    1214   11064     12186    1033    1033   11153
          6     15330    1266    1266   14064     14931    1247    1247   13684
  *a      7     16315    1256    1256   15059     16180    1168    1168   15012
          8      8557    1190    1190    7367      8840    1110    1110    7730
          9      6072     945     945    5127      4711     544     544    4167
         10     11401    1240    1240   10161     11222    1195    1195   10027
         11      8673    1057    1057    7616      8350     846     846    7504
         12      9142    1200    1200    7942      9252    1097    1097    8155
         13      4851     928     928    3923      3769     579     579    3190
         14      9345    1211    1211    8134      9419    1129    1129    8290
         15      6146     998     998    5148      5481     741     741    4740
         16      9881    1223    1223    8658     10249    1125    1125    9124
         17      6657    1019    1019    5638      6183     773     773    5410
         18     10388    1228    1228    9160     10761    1150    1150    9611
         19      8133    1072    1072    7061      7309     840     840    6469
         20     11418    1238    1238   10180     11077    1156    1156    9921
         21      9975    1125    1125    8850      9402     939     939    8463
         22     11921    1240    1240   10681     11759    1168    1168   10591
         23     12595    1191    1191   11404     12525    1041    1041   11484
         24     12748    1246    1246   11502     12524    1184    1184   11340
         25     15389    1247    1247   14142     15262    1123    1123   14139
         26     13676    1246    1246   12430     14051    1183    1183   12868
         27     15167    1251    1251   13916     14822    1141    1141   13681
         28     15165    1253    1253   13912     15163    1166    1166   13997
         29     15223    1257    1257   13966     15381    1228    1228   14153
         30     15636    1260    1260   14376     15611    1252    1252   14359
  *a     31     17073    1267    1267   15806     17065    1264    1264   15801
  *a     32     17093    1267    1267   15826     17081    1260    1260   15821
  *a     33     17350    1268    1268   16082     17314    1255    1255   16059
         34     17349    1268    1268   16081     17316    1254    1254   16062
  *a     35     17351    1268    1268   16083     17333    1260    1260   16073
         36     17351    1268    1268   16083     17336    1261    1261   16075
  *a     37     17354    1268    1268   16086     17340    1262    1262   16078
  *a     38     17355    1268    1268   16087     17349    1265    1265   16084
         39     17355    1268    1268   16087     17347    1264    1264   16083
         40     17355    1268    1268   16087     17348    1264    1264   16084
  *a     41     17357    1268    1268   16089     17353    1266    1266   16087
         42     17357    1268    1268   16089     17357    1268    1268   16089
  *a     43     17358    1268    1268   16090     17357    1268    1268   16089
         44     17358    1268    1268   16090     17358    1268    1268   16090
         45     17358    1268    1268   16090     17358    1268    1268   16090
         46     17358    1268    1268   16090     17358    1268    1268   16090
         47     17358    1268    1268   16090     17358    1268    1268   16090
         48     17358    1268    1268   16090     17358    1268    1268   16090
         49     17358    1268    1268   16090     17358    1268    1268   16090
         50     17358    1268    1268   16090     17357    1267    1267   16090
         51     17358    1268    1268   16090     17358    1268    1268   16090
         52     17358    1268    1268   16090     17358    1268    1268   16090
         53     17358    1268    1268   16090     17358    1268    1268   16090
         54     17358    1268    1268   16090     17358    1268    1268   16090
         55     17358    1268    1268   16090     17358    1268    1268   16090
         56     17358    1268    1268   16090     17358    1268    1268   16090
         57     17358    1268    1268   16090     17358    1268    1268   16090
         58     17358    1268    1268   16090     17358    1268    1268   16090
         59     17358    1268    1268   16090     17358    1268    1268   16090
         60     17358    1268    1268   16090     17358    1268    1268   16090
         61     17358    1268    1268   16090     17358    1268    1268   16090
         62     17358    1268    1268   16090     17358    1268    1268   16090
         63     17358    1268    1268   16090     17358    1268    1268   16090
         64     17358    1268    1268   16090     17358    1268    1268   16090
         65     17358    1268    1268   16090     17358    1268    1268   16090
         66     17358    1268    1268   16090     17358    1268    1268   16090
         67     17358    1268    1268   16090     17358    1268    1268   16090
         68     17358    1268    1268   16090     17358    1268    1268   16090
         69     17358    1268    1268   16090     17358    1268    1268   16090
         70     17358    1268    1268   16090     17358    1268    1268   16090
         71     17358    1268    1268   16090     17358    1268    1268   16090
         72     17358    1268    1268   16090     17358    1268    1268   16090
         73     17358    1268    1268   16090     17358    1268    1268   16090
         74     17358    1268    1268   16090     17358    1268    1268   16090
         75     17358    1268    1268   16090     17358    1268    1268   16090
         76     17358    1268    1268   16090     17357    1267    1267   16090
         77     17358    1268    1268   16090     17357    1267    1267   16090
         78     17358    1268    1268   16090     17358    1268    1268   16090
         79     17358    1268    1268   16090     17358    1268    1268   16090
         80     17358    1268    1268   16090     17358    1268    1268   16090
         81     17358    1268    1268   16090     17358    1268    1268   16090
         82     17358    1268    1268   16090     17358    1268    1268   16090
         83     17358    1268    1268   16090     17358    1268    1268   16090
         84     17358    1268    1268   16090     17358    1268    1268   16090
         85     17358    1268    1268   16090     17358    1268    1268   16090
         86     17358    1268    1268   16090     17358    1268    1268   16090
         87     17358    1268    1268   16090     17357    1267    1267   16090
         88     17358    1268    1268   16090     17357    1267    1267   16090
         89     17358    1268    1268   16090     17357    1267    1267   16090
         90     17358    1268    1268   16090     17357    1267    1267   16090
         91     17358    1268    1268   16090     17357    1267    1267   16090
         92     17358    1268    1268   16090     17358    1268    1268   16090
         93     17358    1268    1268   16090     17358    1268    1268   16090
         94     17358    1268    1268   16090     17358    1268    1268   16090
         95     17358    1268    1268   16090     17358    1268    1268   16090
         96     17358    1268    1268   16090     17358    1268    1268   16090
         97     17358    1268    1268   16090     17358    1268    1268   16090
         98     17358    1268    1268   16090     17357    1267    1267   16090
         99     17358    1268    1268   16090     17357    1267    1267   16090
        100     17358    1268    1268   16090     17357    1267    1267   16090
Total time used by netalign is 22.51
true_align (3890) and est_align (1268) DO NOT have the same number of elements.
method netalign has a score of 23.57%
method netalign used 22.508 seconds.
maximum values in init align row is:  3889
maximum values in init align col is:  3887
 best   iter     norm-u     lower   upper     cur      obj  weight    card overlap
    *      1    0.0e+00     16651   18976   18976    16651    1275    1275   15376
           2    1.1e+04     16651   18976   20349    15484    1275    1275   14209
           3    1.7e+04     16651   18976 19603.2    13848    1275    1275   12573
           4    2.3e+04     16651   18976 19720.9    13710    1275    1275   12435
           5    2.8e+04     16651   18976   19647    10540    1275    1275    9265
           6    3.3e+04     16651   18976 19843.2    10623    1275    1275    9348
           7    3.7e+04     16651   18976 19836.5     9540    1275    1275    8265
           8    4.1e+04     16651   18976 19756.4     9719    1275    1275    8444
           9    4.5e+04     16651   18976 19821.1     8866    1275    1275    7591
          10    4.9e+04     16651   18976 19733.8     9631    1275    1275    8356
          11    5.3e+04     16651   18976 19843.5     8555    1275    1275    7280
          12    5.6e+04     16651   18976 19696.1     8846    1275    1275    7571
          13    6.0e+04     16651   18976 19738.1     8644    1275    1275    7369
          14    6.3e+04     16651   18976 19736.2     8817    1275    1275    7542
          15    6.6e+04     16651   18976 19746.7     8181    1275    1275    6906
          16    6.9e+04     16651   18976   19722     8820    1275    1275    7545
          17    7.2e+04     16651   18976 19865.4     8305    1275    1275    7030
          18    7.5e+04     16651   18976 19727.4     8362    1275    1275    7087
          19    7.7e+04     16651   18976 19858.3     7989    1275    1275    6714
          20    8.0e+04     16651   18976 19689.3     8348    1275    1275    7073
          21    8.2e+04     16651   18976 19850.7     7781    1275    1275    6506
          22    8.5e+04     16651   18976 19706.9     8830    1275    1275    7555
          23    8.7e+04     16651   18976 19805.7     7437    1275    1275    6162
          24    9.0e+04     16651   18976 19765.1     8112    1275    1275    6837
          25    9.2e+04     16651   18976 19843.6     7857    1275    1275    6582
          26    9.4e+04     16651   18976 19713.9     8085    1275    1275    6810
               reducing step to 0.2
          27    9.5e+04     16651   18976 18976.1     8539    1275    1275    7264
          28    9.6e+04     16651 18889.9 18889.9     7940    1275    1275    6665
          29    9.7e+04     16651 18797.1 18797.1     7353    1275    1275    6078
          30    9.8e+04     16651 18702.6 18702.6     7614    1275    1275    6339
          31    9.9e+04     16651 18682.5 18682.5     7961    1275    1275    6686
          32    1.0e+05     16651 18616.6 18616.6     8233    1275    1275    6958
          33    1.0e+05     16651 18616.6 18617.1     7370    1275    1275    6095
          34    1.0e+05     16651 18616.6 18635.1     8234    1275    1275    6959
          35    1.0e+05     16651 18538.5 18538.5     7926    1275    1275    6651
          36    1.0e+05     16651 18538.5 18551.3     8023    1275    1275    6748
          37    1.0e+05     16651 18536.2 18536.2     8358    1275    1275    7083
          38    1.0e+05     16651 18498.7 18498.7     8195    1275    1275    6920
          39    1.0e+05     16651 18493.8 18493.8     8475    1275    1275    7200
          40    1.1e+05     16651 18420.7 18420.7     8947    1275    1275    7672
          41    1.1e+05     16651 18420.7 18463.9     7575    1275    1275    6300
          42    1.1e+05     16651 18420.7 18421.5     8846    1275    1275    7571
          43    1.1e+05     16651 18362.7 18362.7     8021    1275    1275    6746
          44    1.1e+05     16651 18362.7 18406.9     8853    1275    1275    7578
          45    1.1e+05     16651 18326.7 18326.7     8717    1275    1275    7442
          46    1.1e+05     16651 18326.7 18415.4     8499    1275    1275    7224
          47    1.1e+05     16651 18326.7 18345.4     8659    1275    1275    7384
          48    1.1e+05     16651 18326.7 18347.6     8701    1275    1275    7426
          49    1.1e+05     16651 18323.3 18323.3     8187    1275    1275    6912
          50    1.1e+05     16651 18320.3 18320.3     9210    1275    1275    7935
          51    1.1e+05     16651 18245.8 18245.8     8553    1275    1275    7278
          52    1.1e+05     16651 18245.8 18328.6     9100    1275    1275    7825
          53    1.1e+05     16651 18242.2 18242.2     8793    1275    1275    7518
          54    1.1e+05     16651 18242.2 18301.9     8869    1275    1275    7594
          55    1.1e+05     16651 18228.8 18228.8     9065    1275    1275    7790
          56    1.1e+05     16651 18228.8 18313.1     8729    1275    1275    7454
          57    1.1e+05     16651 18228.8   18255     9270    1275    1275    7995
          58    1.2e+05     16651 18224.2 18224.2     9180    1275    1275    7905
          59    1.2e+05     16651 18224.2 18234.7     9052    1275    1275    7777
          60    1.2e+05     16651 18224.2 18241.7     9493    1275    1275    8218
          61    1.2e+05     16651 18165.2 18165.2     9455    1275    1275    8180
          62    1.2e+05     16651 18165.2 18280.5     9128    1275    1275    7853
          63    1.2e+05     16651   18165   18165     9407    1275    1275    8132
          64    1.2e+05     16651   18165 18175.7     9451    1275    1275    8176
          65    1.2e+05     16651 18133.8 18133.8     8910    1275    1275    7635
          66    1.2e+05     16651 18133.8 18206.7     9461    1275    1275    8186
          67    1.2e+05     16651 18133.8 18154.9     9659    1275    1275    8384
          68    1.2e+05     16651 18133.8 18160.3     9828    1275    1275    8553
          69    1.2e+05     16651 18133.8   18143     9079    1275    1275    7804
          70    1.2e+05     16651 18133.8   18192     9731    1275    1275    8456
          71    1.2e+05     16651 18094.2 18094.2     9726    1275    1275    8451
          72    1.2e+05     16651 18094.2 18168.9     9337    1275    1275    8062
          73    1.2e+05     16651 18094.2 18135.8     9970    1275    1275    8695
          74    1.2e+05     16651 18094.2   18095    10127    1275    1275    8852
          75    1.2e+05     16651 18094.2 18108.8     9135    1275    1275    7860
          76    1.2e+05     16651 18094.2 18181.1    10042    1275    1275    8767
          77    1.2e+05     16651   18035   18035    10258    1275    1275    8983
          78    1.2e+05     16651   18035 18176.7    10225    1275    1275    8950
          79    1.2e+05     16651   18035 18054.1     9824    1275    1275    8549
          80    1.2e+05     16651   18035 18130.5    10009    1275    1275    8734
          81    1.2e+05     16651   18035 18048.3     9576    1275    1275    8301
          82    1.2e+05     16651   18035 18155.8    10398    1275    1275    9123
          83    1.2e+05     16651 18000.7 18000.7     9440    1275    1275    8165
          84    1.2e+05     16651 18000.7 18198.3     9842    1275    1275    8567
          85    1.3e+05     16651 18000.7   18004    10147    1275    1275    8872
          86    1.3e+05     16651 18000.7 18130.5    10087    1275    1275    8812
          87    1.3e+05     16651 18000.7 18028.1     9879    1275    1275    8604
          88    1.3e+05     16651 18000.7 18087.1    10177    1275    1275    8902
          89    1.3e+05     16651 17998.6 17998.6    10362    1275    1275    9087
          90    1.3e+05     16651 17998.6 18070.4    10467    1275    1275    9192
          91    1.3e+05     16651 17998.6 18008.1    10317    1275    1275    9042
          92    1.3e+05     16651 17998.6 18107.1    10472    1275    1275    9197
          93    1.3e+05     16651 17989.9 17989.9    10184    1275    1275    8909
          94    1.3e+05     16651 17989.9 18098.2    10240    1275    1275    8965
          95    1.3e+05     16651 17960.3 17960.3    10560    1275    1275    9285
          96    1.3e+05     16651 17960.3 18059.7    10209    1275    1275    8934
          97    1.3e+05     16651 17960.3 17997.9    10714    1275    1275    9439
          98    1.3e+05     16651 17960.3 18060.1    10693    1275    1275    9418
          99    1.3e+05     16651 17960.3 17986.1    10432    1275    1275    9157
         100    1.3e+05     16651 17960.3 18105.6    10284    1275    1275    9009
         101    1.3e+05     16651 17928.7 17928.7    10467    1275    1275    9192
         102    1.3e+05     16651 17928.7 18102.6    10064    1275    1275    8789
         103    1.3e+05     16651 17918.7 17918.7    10711    1274    1274    9437
         104    1.3e+05     16651 17918.7 18060.3     9729    1275    1275    8454
         105    1.3e+05     16651 17918.7 17936.2    10638    1274    1274    9364
         106    1.3e+05     16651 17918.7 17997.6    10711    1275    1275    9436
         107    1.3e+05     16651 17918.7 17958.9    10336    1274    1274    9062
         108    1.3e+05     16651 17918.7 18046.7    10004    1275    1275    8729
         109    1.3e+05     16651 17916.2 17916.2    10307    1275    1275    9032
         110    1.3e+05     16651 17916.2 18034.2    10696    1275    1275    9421
         111    1.3e+05     16651 17900.4 17900.4    11006    1274    1274    9732
         112    1.3e+05     16651 17900.4 17986.4    10654    1274    1274    9380
         113    1.3e+05     16651 17900.4   17939    10039    1275    1275    8764
         114    1.3e+05     16651 17900.4 18049.6    10444    1275    1275    9169
         115    1.3e+05     16651   17893   17893    10968    1274    1274    9694
         116    1.3e+05     16651   17893 17989.7    10996    1273    1273    9723
         117    1.3e+05     16651   17893 17905.4    10745    1274    1274    9471
         118    1.4e+05     16651   17893 18036.1    10591    1275    1275    9316
         119    1.4e+05     16651   17893 17911.1    10392    1273    1273    9119
         120    1.4e+05     16651   17893 17989.3    10800    1274    1274    9526
         121    1.4e+05     16651 17867.1 17867.1    11028    1274    1274    9754
         122    1.4e+05     16651 17867.1 18011.9    10255    1275    1275    8980
         123    1.4e+05     16651 17867.1 17883.8    10642    1274    1274    9368
         124    1.4e+05     16651 17867.1 17939.6    10748    1275    1275    9473
         125    1.4e+05     16651 17867.1 17910.8    11208    1274    1274    9934
         126    1.4e+05     16651 17867.1 17977.4    10513    1275    1275    9238
         127    1.4e+05     16651 17867.1 17883.4    11360    1274    1274   10086
         128    1.4e+05     16651 17867.1 17981.5    10408    1275    1275    9133
         129    1.4e+05     16651 17867.1 17891.1    11172    1273    1273    9899
         130    1.4e+05     16651 17867.1 17955.5    11311    1275    1275   10036
         131    1.4e+05     16651 17854.7 17854.7    10929    1274    1274    9655
         132    1.4e+05     16651 17854.7 17977.6    10470    1275    1275    9195
         133    1.4e+05     16651 17854.7 17877.4    11551    1274    1274   10277
         134    1.4e+05     16651 17854.7 17910.2    11395    1275    1275   10120
         135    1.4e+05     16651   17848   17848    10445    1272    1272    9173
         136    1.4e+05     16651   17848 18067.7    10248    1275    1275    8973
         137    1.4e+05     16651 17814.9 17814.9    11274    1274    1274   10000
         138    1.4e+05     16651 17814.9 17896.1    11551    1274    1274   10277
         139    1.4e+05     16651 17814.9 17861.9    11039    1274    1274    9765
         140    1.4e+05     16651 17814.9 17933.3    10338    1275    1275    9063
         141    1.4e+05     16651 17814.9 17880.9    10414    1274    1274    9140
         142    1.4e+05     16651 17814.9   17899    11217    1274    1274    9943
         143    1.4e+05     16651 17814.9 17842.3    10475    1274    1274    9201
         144    1.4e+05     16651 17814.9 17954.1    10459    1274    1274    9185
         145    1.4e+05     16651 17814.9 17874.9    11636    1273    1273   10363
         146    1.4e+05     16651 17814.9 17863.4    11363    1273    1273   10090
         147    1.4e+05     16651 17814.9 17882.1    10937    1274    1274    9663
         148    1.4e+05     16651 17814.9 17889.3    10764    1275    1275    9489
         149    1.4e+05     16651 17814.9 17903.3    10749    1274    1274    9475
         150    1.4e+05     16651 17814.9 17851.4    11216    1274    1274    9942
         151    1.4e+05     16651 17814.9 17843.9    10762    1274    1274    9488
         152    1.4e+05     16651 17814.9 17877.6    11035    1273    1273    9762
         153    1.4e+05     16651 17814.9 17856.1    10729    1274    1274    9455
         154    1.4e+05     16651 17814.9 17908.3    10924    1275    1275    9649
         155    1.4e+05     16651 17814.9 17828.7    11012    1274    1274    9738
         156    1.5e+05     16651 17814.9 17935.4    10828    1275    1275    9553
         157    1.5e+05     16651 17806.8 17806.8    11110    1272    1272    9838
         158    1.5e+05     16651 17806.8 17898.6    10895    1274    1274    9621
         159    1.5e+05     16651 17806.8 17827.9    11212    1273    1273    9939
         160    1.5e+05     16651 17806.8 17891.7    10679    1274    1274    9405
         161    1.5e+05     16651 17806.8 17836.6    10652    1275    1275    9377
         162    1.5e+05     16651 17806.8 17900.5    10780    1273    1273    9507
         163    1.5e+05     16651 17806.8 17824.3    11498    1271    1271   10227
         164    1.5e+05     16651 17806.8   17859    12034    1273    1273   10761
         165    1.5e+05     16651 17802.9 17802.9    11322    1272    1272   10050
         166    1.5e+05     16651 17802.9 17941.5    10750    1275    1275    9475
         167    1.5e+05     16651 17802.9 17811.1    11268    1274    1274    9994
         168    1.5e+05     16651 17802.9 17863.4    10780    1273    1273    9507
         169    1.5e+05     16651 17802.9 17810.1    11419    1275    1275   10144
         170    1.5e+05     16651 17802.9 17831.9    10795    1274    1274    9521
         171    1.5e+05     16651 17802.9 17868.8    11103    1273    1273    9830
         172    1.5e+05     16651 17798.9 17798.9    11295    1274    1274   10021
         173    1.5e+05     16651 17798.9 17838.5    11064    1273    1273    9791
         174    1.5e+05     16651 17798.9 17845.8    11403    1275    1275   10128
         175    1.5e+05     16651 17796.4 17796.4    10950    1271    1271    9679
         176    1.5e+05     16651 17796.4 17916.2    11167    1274    1274    9893
         177    1.5e+05     16651   17779   17779    11222    1274    1274    9948
         178    1.5e+05     16651   17779 17864.8    11282    1273    1273   10009
         179    1.5e+05     16651   17779 17815.3    11298    1275    1275   10023
         180    1.5e+05     16651   17779 17814.4    11187    1273    1273    9914
         181    1.5e+05     16651   17779 17826.3    11806    1274    1274   10532
         182    1.5e+05     16651   17779 17805.4    11160    1275    1275    9885
         183    1.5e+05     16651   17779 17844.3    11134    1273    1273    9861
         184    1.5e+05     16651   17779 17814.5    11850    1273    1273   10577
         185    1.5e+05     16651   17779 17817.9    11982    1273    1273   10709
         186    1.5e+05     16651   17779 17789.7    11700    1272    1272   10428
         187    1.5e+05     16651   17779 17818.3    11821    1273    1273   10548
         188    1.5e+05     16651 17768.2 17768.2    10925    1272    1272    9653
         189    1.5e+05     16651 17768.2 17876.7    10895    1274    1274    9621
         190    1.5e+05     16651 17768.2 17774.7    12327    1272    1272   11055
         191    1.5e+05     16651 17739.5 17739.5    11988    1273    1273   10715
         192    1.5e+05     16651 17739.5 17834.6    11531    1274    1274   10257
         193    1.5e+05     16651 17739.5 17790.3    11867    1273    1273   10594
         194    1.5e+05     16651 17739.5   17825    11181    1274    1274    9907
         195    1.5e+05     16651 17739.5 17800.9    12263    1273    1273   10990
         196    1.5e+05     16651 17739.5 17827.6    12001    1272    1272   10729
         197    1.5e+05     16651 17739.5 17761.7    11426    1273    1273   10153
         198    1.6e+05     16651 17739.5   17873    11213    1274    1274    9939
         199    1.6e+05     16651 17739.5 17771.4    12083    1273    1273   10810
         200    1.6e+05     16651 17739.5 17803.8    12004    1272    1272   10732
         201    1.6e+05     16651 17739.5 17796.5    11307    1272    1272   10035
         202    1.6e+05     16651 17739.5 17862.1    11311    1272    1272   10039
         203    1.6e+05     16651 17739.5 17776.2    11557    1272    1272   10285
         204    1.6e+05     16651 17739.5 17829.4    11651    1274    1274   10377
         205    1.6e+05     16651 17739.5 17785.1    12184    1273    1273   10911
         206    1.6e+05     16651 17739.5 17865.2    11796    1273    1273   10523
         207    1.6e+05     16651 17739.5 17771.6    12371    1272    1272   11099
         208    1.6e+05     16651 17739.5 17801.3    12030    1274    1274   10756
         209    1.6e+05     16651 17739.5 17773.4    11953    1274    1274   10679
         210    1.6e+05     16651 17739.5 17794.4    11701    1273    1273   10428
         211    1.6e+05     16651 17739.5 17753.7    11326    1272    1272   10054
         212    1.6e+05     16651 17739.5 17902.4    10939    1273    1273    9666
         213    1.6e+05     16651 17739.5 17763.4    12171    1272    1272   10899
         214    1.6e+05     16651 17739.5 17784.8    12809    1274    1274   11535
         215    1.6e+05     16651 17721.5 17721.5    12215    1272    1272   10943
         216    1.6e+05     16651 17721.5 17873.1    11523    1272    1272   10251
         217    1.6e+05     16651 17721.5   17759    11921    1272    1272   10649
         218    1.6e+05     16651 17721.5 17815.2    11578    1275    1275   10303
         219    1.6e+05     16651 17721.5 17751.7    12111    1273    1273   10838
         220    1.6e+05     16651 17721.5 17827.1    11473    1274    1274   10199
         221    1.6e+05     16651 17721.5 17786.8    11548    1272    1272   10276
         222    1.6e+05     16651 17721.5 17816.4    11670    1273    1273   10397
         223    1.6e+05     16651 17721.5   17791    11888    1272    1272   10616
         224    1.6e+05     16651 17721.5 17805.1    12198    1272    1272   10926
         225    1.6e+05     16651 17721.5 17730.3    12087    1275    1275   10812
         226    1.6e+05     16651 17721.5 17833.7    11264    1274    1274    9990
         227    1.6e+05     16651 17721.5 17804.1    11756    1272    1272   10484
         228    1.6e+05     16651 17721.5 17822.8    12503    1272    1272   11231
         229    1.6e+05     16651 17691.2 17691.2    12339    1271    1271   11068
         230    1.6e+05     16651 17691.2   17744    11221    1273    1273    9948
         231    1.6e+05     16651 17691.2 17835.7    11142    1272    1272    9870
         232    1.6e+05     16651 17691.2 17795.9    11895    1272    1272   10623
         233    1.6e+05     16651 17691.2 17721.3    12697    1274    1274   11423
         234    1.6e+05     16651 17691.2 17735.7    11995    1273    1273   10722
         235    1.6e+05     16651 17691.2 17755.5    11143    1273    1273    9870
         236    1.6e+05     16651 17691.2 17834.3    11301    1272    1272   10029
         237    1.6e+05     16651 17691.2 17757.3    12035    1271    1271   10764
         238    1.6e+05     16651 17691.2 17795.4    12621    1274    1274   11347
         239    1.6e+05     16651 17691.2 17697.5    12354    1273    1273   11081
         240    1.6e+05     16651 17691.2 17818.7    11652    1271    1271   10381
         241    1.6e+05     16651 17691.2 17761.4    11723    1271    1271   10452
         242    1.6e+05     16651 17691.2 17863.2    11788    1273    1273   10515
         243    1.6e+05     16651 17691.2 17715.8    12833    1272    1272   11561
         244    1.6e+05     16651 17691.2   17777    11918    1272    1272   10646
         245    1.6e+05     16651 17691.2 17760.7    12105    1272    1272   10833
         246    1.6e+05     16651 17691.2 17780.7    11464    1273    1273   10191
         247    1.6e+05     16651 17691.2 17804.1    11539    1273    1273   10266
         248    1.6e+05     16651 17691.2 17733.1    12447    1272    1272   11175
         249    1.6e+05     16651 17691.2 17696.3    12185    1271    1271   10914
         250    1.7e+05     16651 17691.2 17757.4    12516    1274    1274   11242
         251    1.7e+05     16651 17691.2 17743.2    12348    1274    1274   11074
         252    1.7e+05     16651 17691.2 17781.2    11681    1274    1274   10407
         253    1.7e+05     16651 17691.2 17725.4    12317    1273    1273   11044
         254    1.7e+05     16651 17691.2 17727.3    12100    1271    1271   10829
               reducing step to 0.1
         255    1.7e+05     16651 17567.3 17567.3    13467    1272    1272   12195
         256    1.7e+05     16651 17476.6 17476.6    15245    1271    1271   13974
         257    1.7e+05     16651 17452.1 17452.1    16427    1270    1270   15157
         258    1.7e+05     16651 17451.1 17451.1    16420    1270    1270   15150
         259    1.7e+05     16651 17438.6 17438.6    16389    1269    1269   15120
         260    1.7e+05     16651 17438.6 17439.3    16588    1269    1269   15319
         261    1.7e+05     16651 17430.7 17430.7    16252    1270    1270   14982
    *    262    1.7e+05     16761 17430.7 17441.7    16761    1269    1269   15492
    *    263    1.7e+05     17011 17430.7 17434.5    17011    1269    1269   15742
         264    1.7e+05     17011 17430.7   17464    16967    1270    1270   15697
    *    265    1.7e+05     17166 17425.8 17425.8    17166    1268    1268   15898
    *    266    1.7e+05     17225 17425.8 17442.4    17225    1269    1269   15956
         267    1.7e+05     17225   17422   17422    16505    1268    1268   15237
         268    1.7e+05     17225   17422 17448.3    16313    1268    1268   15045
         269    1.7e+05     17225   17422 17426.5    16247    1268    1268   14979
         270    1.7e+05     17225   17422 17432.7    15906    1269    1269   14637
         271    1.7e+05     17225   17422 17430.4    16140    1269    1269   14871
         272    1.7e+05     17225   17422 17437.6    15792    1269    1269   14523
         273    1.7e+05     17225   17422 17442.3    15613    1270    1270   14343
         274    1.7e+05     17225   17422 17432.4    16349    1269    1269   15080
         275    1.7e+05     17225   17422 17422.1    16421    1270    1270   15151
         276    1.7e+05     17225   17422 17442.9    16991    1269    1269   15722
         277    1.7e+05     17225 17419.4 17419.4    17096    1268    1268   15828
         278    1.7e+05     17225 17419.4   17422    16827    1269    1269   15558
         279    1.7e+05     17225 17419.4 17420.5    16814    1268    1268   15546
         280    1.7e+05     17225 17419.4 17445.6    16908    1270    1270   15638
         281    1.7e+05     17225 17419.4 17442.2    16822    1269    1269   15553
         282    1.7e+05     17225 17419.4 17421.5    16872    1268    1268   15604
         283    1.7e+05     17225 17419.4 17437.6    16928    1269    1269   15659
         284    1.7e+05     17225 17419.4 17420.8    16957    1270    1270   15687
         285    1.7e+05     17225 17417.3 17417.3    16902    1268    1268   15634
         286    1.7e+05     17225 17417.3 17419.3    16762    1269    1269   15493
         287    1.7e+05     17225 17417.3 17418.9    16814    1269    1269   15545
         288    1.7e+05     17225 17417.3 17419.4    16333    1268    1268   15065
         289    1.7e+05     17225 17417.3 17440.4    16108    1268    1268   14840
         290    1.7e+05     17225 17417.3 17419.2    16080    1269    1269   14811
         291    1.7e+05     17225 17417.3 17424.9    16387    1269    1269   15118
         292    1.7e+05     17225 17417.3 17434.8    16872    1268    1268   15604
         293    1.7e+05     17225 17417.3 17441.8    16642    1268    1268   15374
         294    1.7e+05     17225 17417.3 17419.5    16697    1268    1268   15429
         295    1.7e+05     17225 17417.3 17419.8    16991    1269    1269   15722
         296    1.7e+05     17225 17415.9 17415.9    17067    1269    1269   15798
         297    1.7e+05     17225 17415.9 17418.3    16985    1269    1269   15716
         298    1.7e+05     17225 17415.9 17430.7    16959    1268    1268   15691
         299    1.7e+05     17225 17414.9 17414.9    17120    1269    1269   15851
    *    300    1.7e+05     17253 17414.1 17414.1    17253    1268    1268   15985
    *    301    1.7e+05     17271 17414.1   17416    17271    1268    1268   16003
         302    1.7e+05     17271   17414   17414    17027    1268    1268   15759
         303    1.7e+05     17271   17414 17416.5    17060    1269    1269   15791
         304    1.7e+05     17271   17414 17414.7    16608    1268    1268   15340
         305    1.7e+05     17271   17414 17431.5    16046    1271    1271   14775
         306    1.7e+05     17271   17414 17434.9    16506    1268    1268   15238
         307    1.7e+05     17271   17414 17420.6    16633    1270    1270   15363
         308    1.7e+05     17271   17414   17429    16321    1269    1269   15052
         309    1.7e+05     17271   17414   17419    16363    1269    1269   15094
         310    1.7e+05     17271   17414 17433.6    16274    1268    1268   15006
         311    1.7e+05     17271   17414 17417.7    16357    1268    1268   15089
         312    1.7e+05     17271   17414 17421.6    16597    1268    1268   15329
         313    1.7e+05     17271   17414 17416.3    16927    1268    1268   15659
         314    1.7e+05     17271   17414 17432.1    16689    1268    1268   15421
         315    1.7e+05     17271   17414 17415.3    16934    1268    1268   15666
         316    1.7e+05     17271   17414 17433.2    17029    1269    1269   15760
         317    1.7e+05     17271 17410.6 17410.6    17078    1267    1267   15811
         318    1.7e+05     17271 17410.6 17415.3    17113    1268    1268   15845
         319    1.7e+05     17271 17410.4 17410.4    17155    1268    1268   15887
         320    1.7e+05     17271 17410.4 17415.7    17268    1268    1268   16000
         321    1.7e+05     17271 17408.8 17408.8    17180    1269    1269   15911
    *    322    1.7e+05     17319 17408.8 17416.7    17319    1268    1268   16051
         323    1.7e+05     17319 17408.8 17408.9    17247    1268    1268   15979
         324    1.7e+05     17319 17408.8 17437.8    17261    1268    1268   15993
    *    325    1.7e+05     17332 17408.3 17408.3    17332    1268    1268   16064
         326    1.7e+05     17332 17408.3 17414.1    17332    1268    1268   16064
         327    1.7e+05     17332 17408.3   17409    17259    1268    1268   15991
         328    1.7e+05     17332 17408.3   17414    17308    1268    1268   16040
         329    1.7e+05     17332 17408.3 17409.7    17307    1268    1268   16039
         330    1.7e+05     17332 17408.3 17413.4    17190    1268    1268   15922
         331    1.7e+05     17332 17408.3 17410.9    17295    1268    1268   16027
         332    1.7e+05     17332 17408.3 17431.7    17320    1268    1268   16052
    *    333    1.7e+05     17333 17408.3 17409.5    17333    1268    1268   16065
         334    1.7e+05     17333 17408.3 17413.7    17310    1268    1268   16042
    *    335    1.7e+05     17347 17408.3 17409.1    17347    1268    1268   16079
         336    1.7e+05     17347 17408.3 17414.3    17328    1268    1268   16060
         337    1.7e+05     17347 17408.3 17409.1    17340    1268    1268   16072
         338    1.7e+05     17347 17408.3 17412.8    17334    1268    1268   16066
         339    1.7e+05     17347 17408.3 17409.2    17323    1268    1268   16055
         340    1.7e+05     17347 17408.3 17413.4    17314    1268    1268   16046
         341    1.7e+05     17347 17408.3 17409.1    17335    1268    1268   16067
         342    1.7e+05     17347 17408.3 17413.7    17340    1268    1268   16072
         343    1.7e+05     17347 17408.3 17409.2    17329    1268    1268   16061
         344    1.7e+05     17347 17408.3 17412.7    17339    1268    1268   16071
         345    1.7e+05     17347 17408.3   17409    17338    1268    1268   16070
         346    1.7e+05     17347 17408.3 17412.9    17338    1268    1268   16070
         347    1.7e+05     17347 17408.3 17408.3    17346    1268    1268   16078
         348    1.7e+05     17347 17408.3 17412.2    17333    1268    1268   16065
         349    1.7e+05     17347 17407.9 17407.9    17346    1268    1268   16078
         350    1.7e+05     17347 17407.9 17411.7    17314    1269    1269   16045
         351    1.7e+05     17347 17407.9 17408.2    17342    1268    1268   16074
         352    1.7e+05     17347 17407.9 17411.1    17299    1268    1268   16031
         353    1.7e+05     17347 17407.9 17408.6    17319    1268    1268   16051
         354    1.7e+05     17347 17407.9 17411.2    17332    1268    1268   16064
         355    1.7e+05     17347 17407.9 17408.4    17311    1268    1268   16043
         356    1.7e+05     17347 17407.9 17411.5    17342    1268    1268   16074
         357    1.7e+05     17347 17407.7 17407.7    17346    1268    1268   16078
         358    1.7e+05     17347 17407.7   17412    17339    1268    1268   16071
         359    1.7e+05     17347 17407.5 17407.5    17344    1268    1268   16076
         360    1.7e+05     17347 17407.5 17411.7    17316    1268    1268   16048
         361    1.7e+05     17347 17406.9 17406.9    17343    1268    1268   16075
         362    1.7e+05     17347 17406.9 17411.9    17333    1268    1268   16065
         363    1.7e+05     17347 17406.9 17408.2    17142    1268    1268   15874
         364    1.7e+05     17347 17406.9   17413    16707    1268    1268   15439
         365    1.7e+05     17347 17406.9 17412.2    16689    1269    1269   15420
         366    1.7e+05     17347 17406.9 17429.8    16684    1269    1269   15415
         367    1.7e+05     17347 17406.9 17409.2    16665    1268    1268   15397
         368    1.7e+05     17347 17406.9 17414.3    16798    1269    1269   15529
         369    1.7e+05     17347 17406.9 17424.5    16964    1268    1268   15696
         370    1.7e+05     17347 17406.9 17414.1    16610    1270    1270   15340
         371    1.7e+05     17347 17406.9 17440.5    16851    1268    1268   15583
         372    1.7e+05     17347 17406.9 17412.3    16998    1268    1268   15730
         373    1.7e+05     17347 17406.9 17407.9    17299    1268    1268   16031
         374    1.7e+05     17347 17406.9 17427.1    17279    1268    1268   16011
         375    1.7e+05     17347 17406.9 17408.3    17337    1268    1268   16069
         376    1.7e+05     17347 17406.9 17411.1    17324    1268    1268   16056
         377    1.7e+05     17347 17406.9 17408.3    17343    1268    1268   16075
         378    1.7e+05     17347 17406.9 17411.5    17332    1268    1268   16064
         379    1.7e+05     17347 17406.9 17407.9    17346    1268    1268   16078
         380    1.7e+05     17347 17406.9 17410.9    17330    1268    1268   16062
         381    1.7e+05     17347 17406.9 17407.9    17322    1268    1268   16054
         382    1.7e+05     17347 17406.9 17410.4    17335    1268    1268   16067
         383    1.7e+05     17347 17406.9 17407.9    17257    1269    1269   15988
         384    1.7e+05     17347 17406.9 17410.4    17269    1268    1268   16001
         385    1.7e+05     17347 17406.9   17408    17254    1268    1268   15986
         386    1.7e+05     17347 17406.9 17410.1    17300    1268    1268   16032
               reducing step to 0.05
         387    1.7e+05     17347 17393.3 17393.3    17215    1268    1268   15947
         388    1.7e+05     17347 17384.6 17384.6    17179    1268    1268   15911
         389    1.7e+05     17347 17384.6 17387.8    17222    1268    1268   15954
         390    1.7e+05     17347 17384.6 17386.3    17080    1268    1268   15812
         391    1.7e+05     17347 17384.6 17385.8    17342    1268    1268   16074
         392    1.7e+05     17347 17384.6 17386.3    17261    1268    1268   15993
         393    1.7e+05     17347 17384.6 17387.1    17204    1269    1269   15935
         394    1.7e+05     17347 17384.6 17386.6    17333    1268    1268   16065
         395    1.7e+05     17347 17384.6 17386.9    17267    1268    1268   15999
         396    1.7e+05     17347 17384.6 17386.1    17336    1268    1268   16068
         397    1.7e+05     17347 17384.6 17386.9    17253    1268    1268   15985
         398    1.7e+05     17347 17384.6   17386    17191    1268    1268   15923
         399    1.7e+05     17347 17384.6 17391.7    17218    1269    1269   15949
         400    1.7e+05     17347 17384.6 17386.1    17236    1268    1268   15968
         401    1.7e+05     17347 17384.6 17386.7    17344    1268    1268   16076
    *    402    1.7e+05     17352 17384.6   17386    17352    1268    1268   16084
         403    1.7e+05     17352 17384.6 17386.4    17343    1268    1268   16075
    *    404    1.7e+05     17356 17384.6 17385.9    17356    1268    1268   16088
         405    1.7e+05     17356 17384.6 17386.4    17350    1268    1268   16082
         406    1.7e+05     17356 17384.6   17386    17354    1268    1268   16086
         407    1.7e+05     17356 17384.6 17386.4    17354    1268    1268   16086
         408    1.7e+05     17356 17384.6 17385.8    17355    1268    1268   16087
         409    1.7e+05     17356 17384.6 17386.3    17356    1268    1268   16088
         410    1.7e+05     17356 17384.6 17385.7    17356    1268    1268   16088
         411    1.7e+05     17356 17384.6 17386.4    17354    1268    1268   16086
    *    412    1.7e+05     17357 17384.6 17385.7    17357    1268    1268   16089
         413    1.7e+05     17357 17384.6 17386.3    17356    1268    1268   16088
               reducing step to 0.025
         414    1.7e+05     17357 17379.4 17379.4    17247    1268    1268   15979
         415    1.7e+05     17357 17375.7 17375.7    17351    1268    1268   16083
         416    1.7e+05     17357 17375.7 17378.1    16769    1268    1268   15501
         417    1.7e+05     17357 17375.7 17376.8    17090    1268    1268   15822
         418    1.7e+05     17357 17375.7 17378.8    17210    1268    1268   15942
         419    1.7e+05     17357 17375.4 17375.4    17289    1269    1269   16020
         420    1.7e+05     17357 17375.4 17378.5    17208    1268    1268   15940
         421    1.7e+05     17357 17375.3 17375.3    17337    1268    1268   16069
         422    1.7e+05     17357 17375.3 17378.1    17352    1268    1268   16084
         423    1.7e+05     17357 17375.2 17375.2    17355    1268    1268   16087
         424    1.7e+05     17357 17375.2 17378.1    17354    1268    1268   16086
         425    1.7e+05     17357 17375.2 17375.3    17356    1268    1268   16088
         426    1.7e+05     17357 17375.2 17378.2    17357    1268    1268   16089
    *    427    1.7e+05     17358 17375.2 17375.2    17358    1268    1268   16090
         428    1.7e+05     17358 17375.2 17378.2    17351    1268    1268   16083
         429    1.7e+05     17358 17375.2 17375.2    17355    1268    1268   16087
         430    1.7e+05     17358 17375.2 17378.1    17349    1268    1268   16081
         431    1.7e+05     17358 17375.2 17375.3    17343    1268    1268   16075
         432    1.7e+05     17358 17375.2 17377.9    17356    1268    1268   16088
         433    1.7e+05     17358 17375.1 17375.1    17353    1268    1268   16085
         434    1.7e+05     17358 17375.1   17378    17356    1268    1268   16088
         435    1.7e+05     17358 17375.1 17375.1    17355    1268    1268   16087
         436    1.7e+05     17358 17375.1 17378.1    17354    1268    1268   16086
         437    1.7e+05     17358   17375   17375    17352    1268    1268   16084
         438    1.7e+05     17358   17375   17378    17356    1268    1268   16088
         439    1.7e+05     17358   17375 17375.1    17357    1268    1268   16089
         440    1.7e+05     17358   17375 17377.8    17353    1268    1268   16085
         441    1.7e+05     17358   17375   17375    17354    1268    1268   16086
         442    1.7e+05     17358   17375 17377.9    17344    1268    1268   16076
         443    1.7e+05     17358   17375   17375    17354    1268    1268   16086
         444    1.7e+05     17358   17375 17377.9    17354    1268    1268   16086
         445    1.7e+05     17358 17374.9 17374.9    17353    1268    1268   16085
         446    1.7e+05     17358 17374.9   17378    17356    1268    1268   16088
         447    1.7e+05     17358 17374.9   17375    17353    1268    1268   16085
         448    1.7e+05     17358 17374.9 17377.9    17358    1268    1268   16090
         449    1.7e+05     17358 17374.9 17374.9    17350    1268    1268   16082
         450    1.7e+05     17358 17374.9   17378    17356    1268    1268   16088
         451    1.7e+05     17358 17374.8 17374.8    17352    1268    1268   16084
         452    1.7e+05     17358 17374.8 17377.9    17356    1268    1268   16088
         453    1.7e+05     17358 17374.8 17374.8    17356    1268    1268   16088
         454    1.7e+05     17358 17374.8 17377.9    17356    1268    1268   16088
         455    1.7e+05     17358 17374.8 17374.8    17353    1268    1268   16085
         456    1.7e+05     17358 17374.8 17377.8    17356    1268    1268   16088
         457    1.7e+05     17358 17374.8 17374.9    17354    1268    1268   16086
         458    1.7e+05     17358 17374.8 17377.8    17354    1268    1268   16086
         459    1.7e+05     17358 17374.8 17374.8    17351    1268    1268   16083
         460    1.7e+05     17358 17374.8 17377.7    17355    1268    1268   16087
         461    1.7e+05     17358 17374.8 17374.8    17352    1268    1268   16084
         462    1.7e+05     17358 17374.8 17377.7    17357    1268    1268   16089
         463    1.7e+05     17358 17374.8 17374.8    17356    1268    1268   16088
         464    1.7e+05     17358 17374.8 17377.6    17356    1268    1268   16088
         465    1.7e+05     17358 17374.7 17374.7    17356    1268    1268   16088
         466    1.7e+05     17358 17374.7 17377.7    17356    1268    1268   16088
         467    1.7e+05     17358 17374.7 17374.8    17354    1268    1268   16086
         468    1.7e+05     17358 17374.7 17377.6    17356    1268    1268   16088
         469    1.7e+05     17358 17374.7 17374.8    17350    1268    1268   16082
         470    1.7e+05     17358 17374.7 17377.6    17356    1268    1268   16088
         471    1.7e+05     17358 17374.7 17374.8    17356    1268    1268   16088
         472    1.7e+05     17358 17374.7 17377.6    17357    1268    1268   16089
         473    1.7e+05     17358 17374.7 17374.8    17353    1268    1268   16085
         474    1.7e+05     17358 17374.7 17377.6    17356    1268    1268   16088
         475    1.7e+05     17358 17374.7 17374.8    17355    1268    1268   16087
         476    1.7e+05     17358 17374.7 17377.6    17344    1268    1268   16076
         477    1.7e+05     17358 17374.7 17374.7    17349    1268    1268   16081
         478    1.7e+05     17358 17374.7 17377.6    17356    1268    1268   16088
         479    1.7e+05     17358 17374.7 17374.8    17355    1268    1268   16087
         480    1.7e+05     17358 17374.7 17377.6    17355    1268    1268   16087
         481    1.7e+05     17358 17374.7 17374.8    17356    1268    1268   16088
         482    1.7e+05     17358 17374.7 17377.6    17355    1268    1268   16087
         483    1.7e+05     17358 17374.7 17374.8    17354    1268    1268   16086
         484    1.7e+05     17358 17374.7 17377.5    17356    1268    1268   16088
         485    1.7e+05     17358 17374.7 17374.8    17356    1268    1268   16088
         486    1.7e+05     17358 17374.7 17377.5    17355    1268    1268   16087
         487    1.7e+05     17358 17374.7 17374.8    17356    1268    1268   16088
         488    1.7e+05     17358 17374.7 17377.5    17355    1268    1268   16087
         489    1.7e+05     17358 17374.7 17374.8    17355    1268    1268   16087
         490    1.7e+05     17358 17374.7 17377.6    17340    1268    1268   16072
               reducing step to 0.0125
         491    1.7e+05     17358 17373.5 17373.5    17313    1268    1268   16045
         492    1.7e+05     17358 17371.1 17371.1    17357    1268    1268   16089
         493    1.7e+05     17358 17371.1 17371.4    17356    1268    1268   16088
         494    1.7e+05     17358 17370.9 17370.9    17357    1268    1268   16089
         495    1.7e+05     17358 17370.9 17371.4    17357    1268    1268   16089
    *    496    1.7e+05     17359 17370.9 17370.9    17359    1268    1268   16091
         497    1.7e+05     17359 17370.9 17371.4    17348    1268    1268   16080
    *    498    1.7e+05     17362 17370.8 17370.8    17362    1268    1268   16094
         499    1.7e+05     17362 17370.8 17371.3    17354    1268    1268   16086
         500    1.7e+05     17362 17370.8 17370.8    17360    1268    1268   16092
         501    1.7e+05     17362 17370.8 17371.3    17357    1268    1268   16089
         502    1.7e+05     17362 17370.8 17370.8    17355    1268    1268   16087
         503    1.7e+05     17362 17370.8 17371.2    17340    1268    1268   16072
         504    1.7e+05     17362 17370.7 17370.7    17361    1268    1268   16093
         505    1.7e+05     17362 17370.7 17371.2    17359    1268    1268   16091
         506    1.7e+05     17362 17370.6 17370.6    17360    1268    1268   16092
         507    1.7e+05     17362 17370.6 17371.2    17356    1268    1268   16088
         508    1.7e+05     17362 17370.6 17370.7    17360    1268    1268   16092
         509    1.7e+05     17362 17370.6 17371.1    17358    1268    1268   16090
         510    1.7e+05     17362 17370.6 17370.7    17359    1268    1268   16091
         511    1.7e+05     17362 17370.6 17371.1    17354    1268    1268   16086
         512    1.7e+05     17362 17370.6 17370.7    17358    1268    1268   16090
         513    1.7e+05     17362 17370.6 17371.1    17357    1268    1268   16089
         514    1.7e+05     17362 17370.6 17370.7    17357    1268    1268   16089
         515    1.7e+05     17362 17370.6 17371.1    17358    1268    1268   16090
         516    1.7e+05     17362 17370.6 17370.6    17360    1268    1268   16092
         517    1.7e+05     17362 17370.6 17371.2    17356    1268    1268   16088
         518    1.7e+05     17362 17370.6 17370.6    17358    1268    1268   16090
         519    1.7e+05     17362 17370.6 17371.1    17354    1268    1268   16086
         520    1.7e+05     17362 17370.6 17370.6    17359    1268    1268   16091
         521    1.7e+05     17362 17370.6 17371.1    17355    1268    1268   16087
         522    1.7e+05     17362 17370.6 17370.6    17359    1268    1268   16091
         523    1.7e+05     17362 17370.6 17371.1    17355    1268    1268   16087
         524    1.7e+05     17362 17370.6 17370.6    17359    1268    1268   16091
         525    1.7e+05     17362 17370.6 17371.1    17357    1268    1268   16089
         526    1.7e+05     17362 17370.6 17370.6    17358    1268    1268   16090
         527    1.7e+05     17362 17370.6 17371.1    17353    1268    1268   16085
         528    1.7e+05     17362 17370.6 17370.6    17358    1268    1268   16090
         529    1.7e+05     17362 17370.6 17371.1    17356    1268    1268   16088
         530    1.7e+05     17362 17370.6 17370.6    17358    1268    1268   16090
         531    1.7e+05     17362 17370.6 17371.1    17357    1268    1268   16089
         532    1.7e+05     17362 17370.6 17370.6    17356    1268    1268   16088
         533    1.7e+05     17362 17370.6 17371.1    17355    1268    1268   16087
         534    1.7e+05     17362 17370.6 17370.6    17358    1268    1268   16090
         535    1.7e+05     17362 17370.6 17371.1    17355    1268    1268   16087
         536    1.7e+05     17362 17370.6 17370.6    17358    1268    1268   16090
         537    1.7e+05     17362 17370.6 17371.1    17356    1268    1268   16088
         538    1.7e+05     17362 17370.6 17370.6    17359    1268    1268   16091
         539    1.7e+05     17362 17370.6 17371.1    17356    1268    1268   16088
         540    1.7e+05     17362 17370.6 17370.6    17356    1268    1268   16088
         541    1.7e+05     17362 17370.6   17371    17357    1268    1268   16089
         542    1.7e+05     17362 17370.6 17370.6    17357    1268    1268   16089
         543    1.7e+05     17362 17370.6   17371    17356    1268    1268   16088
         544    1.7e+05     17362 17370.6 17370.7    17357    1268    1268   16089
         545    1.7e+05     17362 17370.6   17371    17357    1268    1268   16089
         546    1.7e+05     17362 17370.6 17370.6    17357    1268    1268   16089
         547    1.7e+05     17362 17370.6   17371    17354    1268    1268   16086
         548    1.7e+05     17362 17370.6 17370.6    17357    1268    1268   16089
         549    1.7e+05     17362 17370.6   17371    17356    1268    1268   16088
         550    1.7e+05     17362 17370.6 17370.6    17357    1268    1268   16089
         551    1.7e+05     17362 17370.6   17371    17354    1268    1268   16086
         552    1.7e+05     17362 17370.6 17370.6    17357    1268    1268   16089
         553    1.7e+05     17362 17370.6   17371    17354    1268    1268   16086
               reducing step to 0.00625
         554    1.7e+05     17362 17369.9 17369.9    17333    1268    1268   16065
         555    1.7e+05     17362 17369.2 17369.2    17347    1268    1268   16079
         556    1.7e+05     17362 17368.7 17368.7    17357    1268    1268   16089
         557    1.7e+05     17362 17368.7 17368.8    17357    1268    1268   16089
         558    1.7e+05     17362 17368.7 17369.1    17360    1268    1268   16092
    *    559    1.7e+05     17363 17368.7 17368.8    17363    1268    1268   16095
         560    1.7e+05     17363 17368.7 17369.2    17360    1268    1268   16092
         561    1.7e+05     17363 17368.7 17368.8    17359    1268    1268   16091
         562    1.7e+05     17363 17368.7 17369.2    17359    1268    1268   16091
         563    1.7e+05     17363 17368.7 17368.8    17357    1268    1268   16089
         564    1.7e+05     17363 17368.7 17369.2    17356    1268    1268   16088
         565    1.7e+05     17363 17368.7 17368.8    17359    1268    1268   16091
         566    1.7e+05     17363 17368.7 17369.2    17360    1268    1268   16092
         567    1.7e+05     17363 17368.7 17368.8    17359    1268    1268   16091
         568    1.7e+05     17363 17368.7 17369.2    17359    1268    1268   16091
         569    1.7e+05     17363 17368.7 17368.8    17360    1268    1268   16092
         570    1.7e+05     17363 17368.7 17369.2    17361    1268    1268   16093
         571    1.7e+05     17363 17368.7 17368.8    17359    1268    1268   16091
         572    1.7e+05     17363 17368.7 17369.2    17358    1268    1268   16090
         573    1.7e+05     17363 17368.7 17368.8    17359    1268    1268   16091
         574    1.7e+05     17363 17368.7 17369.1    17361    1268    1268   16093
         575    1.7e+05     17363 17368.7 17368.8    17360    1268    1268   16092
         576    1.7e+05     17363 17368.7 17369.2    17359    1268    1268   16091
         577    1.7e+05     17363 17368.7 17368.7    17361    1268    1268   16093
         578    1.7e+05     17363 17368.7 17369.1    17360    1268    1268   16092
         579    1.7e+05     17363 17368.7 17368.7    17361    1268    1268   16093
         580    1.7e+05     17363 17368.7 17369.1    17358    1268    1268   16090
         581    1.7e+05     17363 17368.7 17368.8    17360    1268    1268   16092
         582    1.7e+05     17363 17368.7 17369.1    17360    1268    1268   16092
         583    1.7e+05     17363 17368.7 17368.7    17358    1268    1268   16090
         584    1.7e+05     17363 17368.7 17369.1    17361    1268    1268   16093
         585    1.7e+05     17363 17368.7 17368.7    17354    1268    1268   16086
         586    1.7e+05     17363 17368.7 17369.1    17357    1268    1268   16089
         587    1.7e+05     17363 17368.7 17368.8    17362    1268    1268   16094
         588    1.7e+05     17363 17368.7 17369.1    17358    1268    1268   16090
         589    1.7e+05     17363 17368.7 17368.7    17359    1268    1268   16091
         590    1.7e+05     17363 17368.7 17369.1    17358    1268    1268   16090
         591    1.7e+05     17363 17368.7 17368.7    17358    1268    1268   16090
         592    1.7e+05     17363 17368.7 17369.1    17358    1268    1268   16090
         593    1.7e+05     17363 17368.7 17368.7    17359    1268    1268   16091
         594    1.7e+05     17363 17368.7 17369.1    17356    1268    1268   16088
         595    1.7e+05     17363 17368.7 17368.7    17359    1268    1268   16091
         596    1.7e+05     17363 17368.7 17369.1    17356    1268    1268   16088
         597    1.7e+05     17363 17368.7 17368.7    17359    1268    1268   16091
         598    1.7e+05     17363 17368.7 17369.1    17355    1268    1268   16087
         599    1.7e+05     17363 17368.7 17368.7    17358    1268    1268   16090
         600    1.7e+05     17363 17368.7 17369.1    17355    1268    1268   16087
         601    1.7e+05     17363 17368.7 17368.7    17358    1268    1268   16090
         602    1.7e+05     17363 17368.7 17369.1    17356    1268    1268   16088
         603    1.7e+05     17363 17368.7 17368.7    17358    1268    1268   16090
         604    1.7e+05     17363 17368.7 17369.1    17358    1268    1268   16090
         605    1.7e+05     17363 17368.7 17368.7    17359    1268    1268   16091
         606    1.7e+05     17363 17368.7 17369.1    17358    1268    1268   16090
         607    1.7e+05     17363 17368.7 17368.7    17359    1268    1268   16091
         608    1.7e+05     17363 17368.7 17369.1    17357    1268    1268   16089
         609    1.7e+05     17363 17368.7 17368.7    17359    1268    1268   16091
         610    1.7e+05     17363 17368.7 17369.1    17357    1268    1268   16089
         611    1.7e+05     17363 17368.7 17368.7    17359    1268    1268   16091
         612    1.7e+05     17363 17368.7 17369.1    17356    1268    1268   16088
         613    1.7e+05     17363 17368.7 17368.7    17359    1268    1268   16091
         614    1.7e+05     17363 17368.7 17369.1    17356    1268    1268   16088
         615    1.7e+05     17363 17368.7 17368.7    17358    1268    1268   16090
         616    1.7e+05     17363 17368.7 17369.1    17356    1268    1268   16088
         617    1.7e+05     17363 17368.7 17368.7    17360    1268    1268   16092
         618    1.7e+05     17363 17368.7 17369.1    17356    1268    1268   16088
         619    1.7e+05     17363 17368.7 17368.7    17357    1268    1268   16089
         620    1.7e+05     17363 17368.7 17369.1    17354    1268    1268   16086
         621    1.7e+05     17363 17368.7 17368.7    17358    1268    1268   16090
         622    1.7e+05     17363 17368.7 17369.1    17355    1268    1268   16087
         623    1.7e+05     17363 17368.7 17368.7    17358    1268    1268   16090
         624    1.7e+05     17363 17368.7 17369.1    17355    1268    1268   16087
         625    1.7e+05     17363 17368.7 17368.7    17359    1268    1268   16091
         626    1.7e+05     17363 17368.7 17369.1    17358    1268    1268   16090
         627    1.7e+05     17363 17368.7 17368.7    17357    1268    1268   16089
         628    1.7e+05     17363 17368.7   17369    17356    1268    1268   16088
         629    1.7e+05     17363 17368.7 17368.7    17359    1268    1268   16091
         630    1.7e+05     17363 17368.7   17369    17356    1268    1268   16088
         631    1.7e+05     17363 17368.7 17368.7    17357    1268    1268   16089
         632    1.7e+05     17363 17368.7   17369    17355    1268    1268   16087
         633    1.7e+05     17363 17368.7 17368.7    17358    1268    1268   16090
         634    1.7e+05     17363 17368.7   17369    17356    1268    1268   16088
         635    1.7e+05     17363 17368.7 17368.7    17359    1268    1268   16091
         636    1.7e+05     17363 17368.7   17369    17354    1268    1268   16086
         637    1.7e+05     17363 17368.7 17368.7    17358    1268    1268   16090
         638    1.7e+05     17363 17368.7 17369.1    17353    1268    1268   16085
         639    1.7e+05     17363 17368.7 17368.7    17358    1268    1268   16090
         640    1.7e+05     17363 17368.7 17369.1    17356    1268    1268   16088
         641    1.7e+05     17363 17368.7 17368.7    17359    1268    1268   16091
         642    1.7e+05     17363 17368.7 17369.1    17355    1268    1268   16087
         643    1.7e+05     17363 17368.7 17368.7    17358    1268    1268   16090
         644    1.7e+05     17363 17368.7 17369.1    17354    1268    1268   16086
         645    1.7e+05     17363 17368.7 17368.7    17359    1268    1268   16091
         646    1.7e+05     17363 17368.7 17369.1    17355    1268    1268   16087
         647    1.7e+05     17363 17368.7 17368.7    17358    1268    1268   16090
         648    1.7e+05     17363 17368.7   17369    17357    1268    1268   16089
         649    1.7e+05     17363 17368.7 17368.7    17359    1268    1268   16091
         650    1.7e+05     17363 17368.7   17369    17357    1268    1268   16089
         651    1.7e+05     17363 17368.7 17368.7    17357    1268    1268   16089
         652    1.7e+05     17363 17368.7   17369    17358    1268    1268   16090
         653    1.7e+05     17363 17368.7 17368.7    17360    1268    1268   16092
         654    1.7e+05     17363 17368.7   17369    17358    1268    1268   16090
         655    1.7e+05     17363 17368.7 17368.7    17359    1268    1268   16091
         656    1.7e+05     17363 17368.7   17369    17357    1268    1268   16089
         657    1.7e+05     17363 17368.7 17368.7    17358    1268    1268   16090
         658    1.7e+05     17363 17368.7 17369.1    17355    1268    1268   16087
         659    1.7e+05     17363 17368.7 17368.7    17358    1268    1268   16090
         660    1.7e+05     17363 17368.7   17369    17356    1268    1268   16088
         661    1.7e+05     17363 17368.7 17368.7    17358    1268    1268   16090
         662    1.7e+05     17363 17368.7   17369    17355    1268    1268   16087
         663    1.7e+05     17363 17368.7 17368.7    17356    1268    1268   16088
         664    1.7e+05     17363 17368.7   17369    17356    1268    1268   16088
         665    1.7e+05     17363 17368.7 17368.7    17358    1268    1268   16090
         666    1.7e+05     17363 17368.7   17369    17354    1268    1268   16086
         667    1.7e+05     17363 17368.7 17368.7    17357    1268    1268   16089
         668    1.7e+05     17363 17368.7   17369    17353    1268    1268   16085
         669    1.7e+05     17363 17368.6 17368.6    17358    1268    1268   16090
         670    1.7e+05     17363 17368.6   17369    17354    1268    1268   16086
         671    1.7e+05     17363 17368.6 17368.6    17358    1268    1268   16090
         672    1.7e+05     17363 17368.6   17369    17355    1268    1268   16087
         673    1.7e+05     17363 17368.6 17368.7    17357    1268    1268   16089
         674    1.7e+05     17363 17368.6   17369    17356    1268    1268   16088
         675    1.7e+05     17363 17368.6 17368.7    17357    1268    1268   16089
         676    1.7e+05     17363 17368.6   17369    17355    1268    1268   16087
         677    1.7e+05     17363 17368.6 17368.7    17359    1268    1268   16091
         678    1.7e+05     17363 17368.6   17369    17354    1268    1268   16086
         679    1.7e+05     17363 17368.6 17368.7    17357    1268    1268   16089
         680    1.7e+05     17363 17368.6   17369    17352    1268    1268   16084
         681    1.7e+05     17363 17368.6 17368.6    17357    1268    1268   16089
         682    1.7e+05     17363 17368.6   17369    17356    1268    1268   16088
         683    1.7e+05     17363 17368.6 17368.7    17357    1268    1268   16089
         684    1.7e+05     17363 17368.6   17369    17356    1268    1268   16088
         685    1.7e+05     17363 17368.6 17368.7    17355    1268    1268   16087
         686    1.7e+05     17363 17368.6   17369    17355    1268    1268   16087
         687    1.7e+05     17363 17368.6 17368.6    17358    1268    1268   16090
         688    1.7e+05     17363 17368.6   17369    17357    1268    1268   16089
         689    1.7e+05     17363 17368.6 17368.6    17357    1268    1268   16089
         690    1.7e+05     17363 17368.6   17369    17357    1268    1268   16089
         691    1.7e+05     17363 17368.6 17368.6    17358    1268    1268   16090
         692    1.7e+05     17363 17368.6   17369    17355    1268    1268   16087
         693    1.7e+05     17363 17368.6 17368.6    17358    1268    1268   16090
         694    1.7e+05     17363 17368.6   17369    17355    1268    1268   16087
         695    1.7e+05     17363 17368.6 17368.6    17357    1268    1268   16089
         696    1.7e+05     17363 17368.6   17369    17355    1268    1268   16087
         697    1.7e+05     17363 17368.6 17368.6    17358    1268    1268   16090
         698    1.7e+05     17363 17368.6   17369    17355    1268    1268   16087
         699    1.7e+05     17363 17368.6 17368.6    17357    1268    1268   16089
         700    1.7e+05     17363 17368.6   17369    17355    1268    1268   16087
         701    1.7e+05     17363 17368.6 17368.6    17357    1268    1268   16089
         702    1.7e+05     17363 17368.6   17369    17356    1268    1268   16088
         703    1.7e+05     17363 17368.6 17368.6    17351    1268    1268   16083
         704    1.7e+05     17363 17368.6   17369    17356    1268    1268   16088
         705    1.7e+05     17363 17368.6 17368.6    17357    1268    1268   16089
         706    1.7e+05     17363 17368.6   17369    17353    1268    1268   16085
         707    1.7e+05     17363 17368.6 17368.6    17356    1268    1268   16088
         708    1.7e+05     17363 17368.6   17369    17339    1268    1268   16071
         709    1.7e+05     17363 17368.6 17368.7    17359    1268    1268   16091
         710    1.7e+05     17363 17368.6   17369    17358    1268    1268   16090
         711    1.7e+05     17363 17368.6 17368.6    17358    1268    1268   16090
         712    1.7e+05     17363 17368.6   17369    17354    1268    1268   16086
         713    1.7e+05     17363 17368.6 17368.6    17357    1268    1268   16089
         714    1.7e+05     17363 17368.6   17369    17356    1268    1268   16088
         715    1.7e+05     17363 17368.6 17368.6    17357    1268    1268   16089
         716    1.7e+05     17363 17368.6   17369    17356    1268    1268   16088
         717    1.7e+05     17363 17368.6 17368.6    17358    1268    1268   16090
         718    1.7e+05     17363 17368.6   17369    17355    1268    1268   16087
         719    1.7e+05     17363 17368.6 17368.6    17355    1268    1268   16087
         720    1.7e+05     17363 17368.6   17369    17355    1268    1268   16087
         721    1.7e+05     17363 17368.6 17368.6    17358    1268    1268   16090
         722    1.7e+05     17363 17368.6   17369    17354    1268    1268   16086
         723    1.7e+05     17363 17368.6 17368.6    17357    1268    1268   16089
         724    1.7e+05     17363 17368.6   17369    17355    1268    1268   16087
         725    1.7e+05     17363 17368.6 17368.6    17358    1268    1268   16090
         726    1.7e+05     17363 17368.6   17369    17355    1268    1268   16087
         727    1.7e+05     17363 17368.6 17368.6    17356    1268    1268   16088
         728    1.7e+05     17363 17368.6   17369    17357    1268    1268   16089
         729    1.7e+05     17363 17368.6 17368.6    17356    1268    1268   16088
         730    1.7e+05     17363 17368.6   17369    17358    1268    1268   16090
         731    1.7e+05     17363 17368.6 17368.6    17356    1268    1268   16088
         732    1.7e+05     17363 17368.6   17369    17356    1268    1268   16088
         733    1.7e+05     17363 17368.6 17368.7    17355    1268    1268   16087
         734    1.7e+05     17363 17368.6   17369    17357    1268    1268   16089
         735    1.7e+05     17363 17368.6 17368.6    17355    1268    1268   16087
         736    1.7e+05     17363 17368.6   17369    17358    1268    1268   16090
         737    1.7e+05     17363 17368.6 17368.6    17357    1268    1268   16089
         738    1.7e+05     17363 17368.6   17369    17356    1268    1268   16088
         739    1.7e+05     17363 17368.6 17368.6    17356    1268    1268   16088
         740    1.7e+05     17363 17368.6   17369    17356    1268    1268   16088
         741    1.7e+05     17363 17368.6 17368.6    17356    1268    1268   16088
         742    1.7e+05     17363 17368.6   17369    17357    1268    1268   16089
         743    1.7e+05     17363 17368.6 17368.6    17354    1268    1268   16086
         744    1.7e+05     17363 17368.6   17369    17357    1268    1268   16089
         745    1.7e+05     17363 17368.6 17368.6    17359    1268    1268   16091
         746    1.7e+05     17363 17368.6   17369    17358    1268    1268   16090
         747    1.7e+05     17363 17368.6 17368.6    17356    1268    1268   16088
         748    1.7e+05     17363 17368.6   17369    17356    1268    1268   16088
         749    1.7e+05     17363 17368.6 17368.6    17358    1268    1268   16090
         750    1.7e+05     17363 17368.6   17369    17356    1268    1268   16088
         751    1.7e+05     17363 17368.6 17368.6    17357    1268    1268   16089
         752    1.7e+05     17363 17368.6   17369    17358    1268    1268   16090
         753    1.7e+05     17363 17368.6 17368.6    17357    1268    1268   16089
         754    1.7e+05     17363 17368.6   17369    17357    1268    1268   16089
         755    1.7e+05     17363 17368.6 17368.6    17357    1268    1268   16089
         756    1.7e+05     17363 17368.6   17369    17356    1268    1268   16088
         757    1.7e+05     17363 17368.6 17368.6    17354    1268    1268   16086
         758    1.7e+05     17363 17368.6   17369    17358    1268    1268   16090
         759    1.7e+05     17363 17368.6 17368.6    17356    1268    1268   16088
         760    1.7e+05     17363 17368.6   17369    17357    1268    1268   16089
         761    1.7e+05     17363 17368.6 17368.6    17353    1268    1268   16085
         762    1.7e+05     17363 17368.6   17369    17356    1268    1268   16088
         763    1.7e+05     17363 17368.6 17368.6    17353    1268    1268   16085
         764    1.7e+05     17363 17368.6   17369    17357    1268    1268   16089
         765    1.7e+05     17363 17368.6 17368.6    17352    1268    1268   16084
         766    1.7e+05     17363 17368.6 17368.9    17357    1268    1268   16089
         767    1.7e+05     17363 17368.6 17368.6    17355    1268    1268   16087
         768    1.7e+05     17363 17368.6   17369    17357    1268    1268   16089
         769    1.7e+05     17363 17368.6 17368.6    17354    1268    1268   16086
         770    1.7e+05     17363 17368.6   17369    17357    1268    1268   16089
         771    1.7e+05     17363 17368.6 17368.6    17356    1268    1268   16088
         772    1.7e+05     17363 17368.6   17369    17356    1268    1268   16088
         773    1.7e+05     17363 17368.6 17368.6    17355    1268    1268   16087
         774    1.7e+05     17363 17368.6   17369    17356    1268    1268   16088
         775    1.7e+05     17363 17368.6 17368.6    17357    1268    1268   16089
         776    1.7e+05     17363 17368.6   17369    17357    1268    1268   16089
               reducing step to 0.003125
         777    1.7e+05     17363 17368.3 17368.3    17346    1268    1268   16078
         778    1.7e+05     17363   17368   17368    17354    1268    1268   16086
         779    1.7e+05     17363   17368 17368.1    17354    1268    1268   16086
         780    1.7e+05     17363   17368   17368    17356    1268    1268   16088
         781    1.7e+05     17363   17368 17368.1    17359    1268    1268   16091
         782    1.7e+05     17363 17367.9 17367.9    17357    1268    1268   16089
         783    1.7e+05     17363 17367.9 17368.1    17357    1268    1268   16089
         784    1.7e+05     17363 17367.9 17367.9    17359    1268    1268   16091
         785    1.7e+05     17363 17367.9 17368.1    17357    1268    1268   16089
         786    1.7e+05     17363 17367.9 17367.9    17356    1268    1268   16088
         787    1.7e+05     17363 17367.9 17368.1    17358    1268    1268   16090
         788    1.7e+05     17363 17367.9 17367.9    17360    1268    1268   16092
         789    1.7e+05     17363 17367.9 17368.1    17359    1268    1268   16091
         790    1.7e+05     17363 17367.9 17367.9    17356    1268    1268   16088
         791    1.7e+05     17363 17367.9 17368.1    17357    1268    1268   16089
         792    1.7e+05     17363 17367.9 17367.9    17357    1268    1268   16089
         793    1.7e+05     17363 17367.9 17368.1    17357    1268    1268   16089
         794    1.7e+05     17363 17367.9 17367.9    17358    1268    1268   16090
         795    1.7e+05     17363 17367.9 17368.1    17358    1268    1268   16090
         796    1.7e+05     17363 17367.9 17367.9    17359    1268    1268   16091
         797    1.7e+05     17363 17367.9 17368.1    17357    1268    1268   16089
         798    1.7e+05     17363 17367.9 17367.9    17359    1268    1268   16091
         799    1.7e+05     17363 17367.9   17368    17359    1268    1268   16091
         800    1.7e+05     17363 17367.9 17367.9    17357    1268    1268   16089
         801    1.7e+05     17363 17367.9   17368    17357    1268    1268   16089
         802    1.7e+05     17363 17367.9 17367.9    17357    1268    1268   16089
         803    1.7e+05     17363 17367.9 17368.1    17357    1268    1268   16089
         804    1.7e+05     17363 17367.9 17367.9    17358    1268    1268   16090
         805    1.7e+05     17363 17367.9 17368.1    17355    1268    1268   16087
         806    1.7e+05     17363 17367.9 17367.9    17358    1268    1268   16090
         807    1.7e+05     17363 17367.9 17368.1    17355    1268    1268   16087
         808    1.7e+05     17363 17367.9 17367.9    17357    1268    1268   16089
         809    1.7e+05     17363 17367.9 17368.1    17354    1268    1268   16086
         810    1.7e+05     17363 17367.9 17367.9    17357    1268    1268   16089
         811    1.7e+05     17363 17367.9 17368.1    17355    1268    1268   16087
         812    1.7e+05     17363 17367.9 17367.9    17356    1268    1268   16088
         813    1.7e+05     17363 17367.9 17368.1    17355    1268    1268   16087
         814    1.7e+05     17363 17367.9 17367.9    17357    1268    1268   16089
         815    1.7e+05     17363 17367.9 17368.1    17349    1268    1268   16081
         816    1.7e+05     17363 17367.9 17367.9    17357    1268    1268   16089
         817    1.7e+05     17363 17367.9 17368.1    17356    1268    1268   16088
         818    1.7e+05     17363 17367.9 17367.9    17358    1268    1268   16090
         819    1.7e+05     17363 17367.9   17368    17356    1268    1268   16088
         820    1.7e+05     17363 17367.9 17367.9    17356    1268    1268   16088
         821    1.7e+05     17363 17367.9   17368    17353    1268    1268   16085
         822    1.7e+05     17363 17367.9 17367.9    17358    1268    1268   16090
         823    1.7e+05     17363 17367.9   17368    17356    1268    1268   16088
         824    1.7e+05     17363 17367.9 17367.9    17357    1268    1268   16089
         825    1.7e+05     17363 17367.9   17368    17355    1268    1268   16087
         826    1.7e+05     17363 17367.9 17367.9    17358    1268    1268   16090
         827    1.7e+05     17363 17367.9   17368    17357    1268    1268   16089
         828    1.7e+05     17363 17367.9 17367.9    17358    1268    1268   16090
         829    1.7e+05     17363 17367.9 17368.1    17354    1268    1268   16086
         830    1.7e+05     17363 17367.9 17367.9    17357    1268    1268   16089
         831    1.7e+05     17363 17367.9 17368.1    17356    1268    1268   16088
         832    1.7e+05     17363 17367.9 17367.9    17356    1268    1268   16088
         833    1.7e+05     17363 17367.9 17368.1    17354    1268    1268   16086
         834    1.7e+05     17363 17367.9 17367.9    17356    1268    1268   16088
         835    1.7e+05     17363 17367.9 17368.1    17355    1268    1268   16087
         836    1.7e+05     17363 17367.9 17367.9    17358    1268    1268   16090
         837    1.7e+05     17363 17367.9   17368    17355    1268    1268   16087
         838    1.7e+05     17363 17367.9 17367.9    17358    1268    1268   16090
         839    1.7e+05     17363 17367.9   17368    17354    1268    1268   16086
         840    1.7e+05     17363 17367.9 17367.9    17359    1268    1268   16091
         841    1.7e+05     17363 17367.9   17368    17357    1268    1268   16089
         842    1.7e+05     17363 17367.9 17367.9    17358    1268    1268   16090
         843    1.7e+05     17363 17367.9   17368    17357    1268    1268   16089
         844    1.7e+05     17363 17367.9 17367.9    17357    1268    1268   16089
         845    1.7e+05     17363 17367.9   17368    17356    1268    1268   16088
         846    1.7e+05     17363 17367.9 17367.9    17357    1268    1268   16089
         847    1.7e+05     17363 17367.9   17368    17356    1268    1268   16088
         848    1.7e+05     17363 17367.9 17367.9    17356    1268    1268   16088
         849    1.7e+05     17363 17367.9   17368    17355    1268    1268   16087
         850    1.7e+05     17363 17367.9 17367.9    17355    1268    1268   16087
         851    1.7e+05     17363 17367.9   17368    17356    1268    1268   16088
         852    1.7e+05     17363 17367.9 17367.9    17355    1268    1268   16087
         853    1.7e+05     17363 17367.9   17368    17355    1268    1268   16087
         854    1.7e+05     17363 17367.9 17367.9    17355    1268    1268   16087
         855    1.7e+05     17363 17367.9   17368    17355    1268    1268   16087
         856    1.7e+05     17363 17367.9 17367.9    17356    1268    1268   16088
         857    1.7e+05     17363 17367.9   17368    17355    1268    1268   16087
         858    1.7e+05     17363 17367.9 17367.9    17356    1268    1268   16088
         859    1.7e+05     17363 17367.9   17368    17355    1268    1268   16087
         860    1.7e+05     17363 17367.9 17367.9    17355    1268    1268   16087
         861    1.7e+05     17363 17367.9   17368    17354    1268    1268   16086
         862    1.7e+05     17363 17367.9 17367.9    17355    1268    1268   16087
         863    1.7e+05     17363 17367.9   17368    17355    1268    1268   16087
         864    1.7e+05     17363 17367.9 17367.9    17355    1268    1268   16087
         865    1.7e+05     17363 17367.9   17368    17355    1268    1268   16087
         866    1.7e+05     17363 17367.9 17367.9    17357    1268    1268   16089
         867    1.7e+05     17363 17367.9   17368    17357    1268    1268   16089
         868    1.7e+05     17363 17367.9 17367.9    17358    1268    1268   16090
         869    1.7e+05     17363 17367.9   17368    17354    1268    1268   16086
         870    1.7e+05     17363 17367.9 17367.9    17355    1268    1268   16087
         871    1.7e+05     17363 17367.9   17368    17357    1268    1268   16089
         872    1.7e+05     17363 17367.9 17367.9    17358    1268    1268   16090
         873    1.7e+05     17363 17367.9   17368    17355    1268    1268   16087
         874    1.7e+05     17363 17367.9 17367.9    17355    1268    1268   16087
         875    1.7e+05     17363 17367.9   17368    17354    1268    1268   16086
         876    1.7e+05     17363 17367.9 17367.9    17355    1268    1268   16087
         877    1.7e+05     17363 17367.9   17368    17355    1268    1268   16087
         878    1.7e+05     17363 17367.9 17367.9    17355    1268    1268   16087
         879    1.7e+05     17363 17367.9   17368    17356    1268    1268   16088
         880    1.7e+05     17363 17367.9 17367.9    17356    1268    1268   16088
         881    1.7e+05     17363 17367.9   17368    17355    1268    1268   16087
         882    1.7e+05     17363 17367.9 17367.9    17355    1268    1268   16087
         883    1.7e+05     17363 17367.9   17368    17356    1268    1268   16088
         884    1.7e+05     17363 17367.9 17367.9    17354    1268    1268   16086
         885    1.7e+05     17363 17367.9   17368    17354    1268    1268   16086
         886    1.7e+05     17363 17367.9 17367.9    17356    1268    1268   16088
         887    1.7e+05     17363 17367.9   17368    17357    1268    1268   16089
         888    1.7e+05     17363 17367.9 17367.9    17357    1268    1268   16089
         889    1.7e+05     17363 17367.9   17368    17355    1268    1268   16087
         890    1.7e+05     17363 17367.9 17367.9    17357    1268    1268   16089
         891    1.7e+05     17363 17367.9   17368    17355    1268    1268   16087
         892    1.7e+05     17363 17367.9 17367.9    17357    1268    1268   16089
         893    1.7e+05     17363 17367.9   17368    17355    1268    1268   16087
         894    1.7e+05     17363 17367.9 17367.9    17357    1268    1268   16089
         895    1.7e+05     17363 17367.9   17368    17357    1268    1268   16089
         896    1.7e+05     17363 17367.9 17367.9    17357    1268    1268   16089
         897    1.7e+05     17363 17367.9   17368    17356    1268    1268   16088
         898    1.7e+05     17363 17367.9 17367.9    17358    1268    1268   16090
         899    1.7e+05     17363 17367.9   17368    17357    1268    1268   16089
         900    1.7e+05     17363 17367.9 17367.9    17355    1268    1268   16087
         901    1.7e+05     17363 17367.9   17368    17354    1268    1268   16086
         902    1.7e+05     17363 17367.9 17367.9    17356    1268    1268   16088
         903    1.7e+05     17363 17367.9   17368    17355    1268    1268   16087
         904    1.7e+05     17363 17367.9 17367.9    17355    1268    1268   16087
         905    1.7e+05     17363 17367.9   17368    17352    1268    1268   16084
         906    1.7e+05     17363 17367.9 17367.9    17356    1268    1268   16088
         907    1.7e+05     17363 17367.9   17368    17356    1268    1268   16088
         908    1.7e+05     17363 17367.9 17367.9    17355    1268    1268   16087
         909    1.7e+05     17363 17367.9   17368    17355    1268    1268   16087
         910    1.7e+05     17363 17367.9 17367.9    17354    1268    1268   16086
         911    1.7e+05     17363 17367.9   17368    17356    1268    1268   16088
         912    1.7e+05     17363 17367.9 17367.9    17354    1268    1268   16086
         913    1.7e+05     17363 17367.9   17368    17355    1268    1268   16087
         914    1.7e+05     17363 17367.9 17367.9    17354    1268    1268   16086
         915    1.7e+05     17363 17367.9   17368    17356    1268    1268   16088
         916    1.7e+05     17363 17367.9 17367.9    17356    1268    1268   16088
         917    1.7e+05     17363 17367.9   17368    17355    1268    1268   16087
               reducing step to 0.0015625
         918    1.7e+05     17363 17367.7 17367.7    17351    1268    1268   16083
         919    1.7e+05     17363 17367.6 17367.6    17355    1268    1268   16087
         920    1.7e+05     17363 17367.6 17367.6    17354    1268    1268   16086
         921    1.7e+05     17363 17367.5 17367.5    17358    1268    1268   16090
         922    1.7e+05     17363 17367.5 17367.6    17360    1268    1268   16092
         923    1.7e+05     17363 17367.5 17367.5    17358    1268    1268   16090
         924    1.7e+05     17363 17367.5 17367.6    17359    1268    1268   16091
         925    1.7e+05     17363 17367.5 17367.5    17359    1268    1268   16091
         926    1.7e+05     17363 17367.5 17367.6    17360    1268    1268   16092
         927    1.7e+05     17363 17367.5 17367.5    17358    1268    1268   16090
         928    1.7e+05     17363 17367.5 17367.6    17358    1268    1268   16090
         929    1.7e+05     17363 17367.5 17367.5    17358    1268    1268   16090
         930    1.7e+05     17363 17367.5 17367.6    17360    1268    1268   16092
         931    1.7e+05     17363 17367.5 17367.5    17356    1268    1268   16088
         932    1.7e+05     17363 17367.5 17367.6    17355    1268    1268   16087
         933    1.7e+05     17363 17367.5 17367.5    17356    1268    1268   16088
         934    1.7e+05     17363 17367.5 17367.6    17359    1268    1268   16091
         935    1.7e+05     17363 17367.5 17367.5    17356    1268    1268   16088
         936    1.7e+05     17363 17367.5 17367.6    17358    1268    1268   16090
         937    1.7e+05     17363 17367.5 17367.5    17360    1268    1268   16092
         938    1.7e+05     17363 17367.5 17367.6    17360    1268    1268   16092
         939    1.7e+05     17363 17367.5 17367.5    17358    1268    1268   16090
         940    1.7e+05     17363 17367.5 17367.6    17356    1268    1268   16088
         941    1.7e+05     17363 17367.5 17367.5    17356    1268    1268   16088
         942    1.7e+05     17363 17367.5 17367.6    17358    1268    1268   16090
         943    1.7e+05     17363 17367.5 17367.5    17357    1268    1268   16089
         944    1.7e+05     17363 17367.5 17367.6    17357    1268    1268   16089
         945    1.7e+05     17363 17367.5 17367.5    17357    1268    1268   16089
         946    1.7e+05     17363 17367.5 17367.6    17358    1268    1268   16090
         947    1.7e+05     17363 17367.5 17367.5    17357    1268    1268   16089
         948    1.7e+05     17363 17367.5 17367.6    17355    1268    1268   16087
         949    1.7e+05     17363 17367.5 17367.5    17357    1268    1268   16089
         950    1.7e+05     17363 17367.5 17367.6    17357    1268    1268   16089
         951    1.7e+05     17363 17367.5 17367.5    17359    1268    1268   16091
         952    1.7e+05     17363 17367.5 17367.6    17357    1268    1268   16089
         953    1.7e+05     17363 17367.5 17367.5    17356    1268    1268   16088
         954    1.7e+05     17363 17367.5 17367.6    17357    1268    1268   16089
         955    1.7e+05     17363 17367.5 17367.5    17356    1268    1268   16088
         956    1.7e+05     17363 17367.5 17367.6    17356    1268    1268   16088
         957    1.7e+05     17363 17367.5 17367.5    17358    1268    1268   16090
         958    1.7e+05     17363 17367.5 17367.6    17355    1268    1268   16087
         959    1.7e+05     17363 17367.5 17367.5    17357    1268    1268   16089
         960    1.7e+05     17363 17367.5 17367.6    17355    1268    1268   16087
         961    1.7e+05     17363 17367.5 17367.5    17358    1268    1268   16090
         962    1.7e+05     17363 17367.5 17367.6    17355    1268    1268   16087
         963    1.7e+05     17363 17367.5 17367.5    17357    1268    1268   16089
         964    1.7e+05     17363 17367.5 17367.6    17354    1268    1268   16086
         965    1.7e+05     17363 17367.5 17367.5    17358    1268    1268   16090
         966    1.7e+05     17363 17367.5 17367.6    17356    1268    1268   16088
         967    1.7e+05     17363 17367.5 17367.5    17358    1268    1268   16090
         968    1.7e+05     17363 17367.5 17367.6    17355    1268    1268   16087
         969    1.7e+05     17363 17367.5 17367.5    17358    1268    1268   16090
         970    1.7e+05     17363 17367.5 17367.6    17357    1268    1268   16089
         971    1.7e+05     17363 17367.5 17367.5    17357    1268    1268   16089
         972    1.7e+05     17363 17367.5 17367.6    17354    1268    1268   16086
         973    1.7e+05     17363 17367.5 17367.5    17357    1268    1268   16089
         974    1.7e+05     17363 17367.5 17367.6    17351    1268    1268   16083
         975    1.7e+05     17363 17367.5 17367.5    17355    1268    1268   16087
         976    1.7e+05     17363 17367.5 17367.6    17355    1268    1268   16087
         977    1.7e+05     17363 17367.5 17367.5    17358    1268    1268   16090
         978    1.7e+05     17363 17367.5 17367.6    17356    1268    1268   16088
         979    1.7e+05     17363 17367.5 17367.5    17357    1268    1268   16089
         980    1.7e+05     17363 17367.5 17367.6    17353    1268    1268   16085
         981    1.7e+05     17363 17367.5 17367.5    17356    1268    1268   16088
         982    1.7e+05     17363 17367.5 17367.6    17353    1268    1268   16085
         983    1.7e+05     17363 17367.5 17367.5    17358    1268    1268   16090
         984    1.7e+05     17363 17367.5 17367.6    17354    1268    1268   16086
         985    1.7e+05     17363 17367.5 17367.5    17357    1268    1268   16089
         986    1.7e+05     17363 17367.5 17367.6    17354    1268    1268   16086
         987    1.7e+05     17363 17367.5 17367.5    17357    1268    1268   16089
         988    1.7e+05     17363 17367.5 17367.6    17354    1268    1268   16086
         989    1.7e+05     17363 17367.5 17367.5    17356    1268    1268   16088
         990    1.7e+05     17363 17367.5 17367.6    17356    1268    1268   16088
         991    1.7e+05     17363 17367.5 17367.5    17357    1268    1268   16089
         992    1.7e+05     17363 17367.5 17367.6    17355    1268    1268   16087
         993    1.7e+05     17363 17367.5 17367.5    17357    1268    1268   16089
         994    1.7e+05     17363 17367.5 17367.6    17355    1268    1268   16087
         995    1.7e+05     17363 17367.5 17367.5    17357    1268    1268   16089
         996    1.7e+05     17363 17367.5 17367.6    17356    1268    1268   16088
         997    1.7e+05     17363 17367.5 17367.5    17358    1268    1268   16090
         998    1.7e+05     17363 17367.5 17367.6    17356    1268    1268   16088
         999    1.7e+05     17363 17367.5 17367.5    17357    1268    1268   16089
        1000    1.7e+05     17363 17367.5 17367.6    17355    1268    1268   16087
Total time used by klau is 485.20
true_align (3890) and est_align (1268) DO NOT have the same number of elements.
method klau has a score of 23.55%
method klau used 485.201 seconds.
maximum values in init align row is:  3889
maximum values in init align col is:  3887
 best   iter   pr-delta       obj  weight    card overlap
    *      1    6.2e-01   12245.5    1275    1275   11608
    *      2    1.9e-01   13307.5    1275    1275   12670
           3    6.6e-02   13222.5    1275    1275   12585
           4    2.4e-02   13269.5    1275    1275   12632
           5    9.2e-03   13298.5    1275    1275   12661
    *      6    3.6e-03   13321.5    1275    1275   12684
           7    1.4e-03   13321.5    1275    1275   12684
    *      8    5.9e-04   13322.5    1275    1275   12685
           9    2.4e-04   13322.5    1275    1275   12685
          10    1.1e-04   13322.5    1275    1275   12685
          11    4.6e-05   13322.5    1275    1275   12685
          12    2.2e-05   13322.5    1275    1275   12685
          13    1.1e-05   13322.5    1275    1275   12685
          14    5.5e-06   13322.5    1275    1275   12685
          15    3.0e-06   13322.5    1275    1275   12685
          16    1.7e-06   13322.5    1275    1275   12685
          17    1.0e-06   13322.5    1275    1275   12685
          18    6.2e-07   13322.5    1275    1275   12685
          19    3.9e-07   13322.5    1275    1275   12685
          20    2.4e-07   13322.5    1275    1275   12685
          21    1.6e-07   13322.5    1275    1275   12685
          22    1.0e-07   13322.5    1275    1275   12685
          23    6.6e-08   13322.5    1275    1275   12685
          24    4.3e-08   13322.5    1275    1275   12685
          25    2.8e-08   13322.5    1275    1275   12685
          26    1.9e-08   13322.5    1275    1275   12685
          27    1.2e-08   13322.5    1275    1275   12685
          28    8.0e-09   13322.5    1275    1275   12685
          29    5.3e-09   13322.5    1275    1275   12685
          30    3.5e-09   13322.5    1275    1275   12685
          31    2.3e-09   13322.5    1275    1275   12685
          32    1.5e-09   13322.5    1275    1275   12685
          33    1.0e-09   13322.5    1275    1275   12685
          34    6.7e-10   13322.5    1275    1275   12685
          35    4.5e-10   13322.5    1275    1275   12685
          36    3.0e-10   13322.5    1275    1275   12685
          37    2.0e-10   13322.5    1275    1275   12685
          38    1.3e-10   13322.5    1275    1275   12685
          39    8.7e-11   13322.5    1275    1275   12685
          40    5.7e-11   13322.5    1275    1275   12685
          41    3.8e-11   13322.5    1275    1275   12685
          42    2.5e-11   13322.5    1275    1275   12685
          43    1.7e-11   13322.5    1275    1275   12685
          44    1.1e-11   13322.5    1275    1275   12685
          45    7.5e-12   13322.5    1275    1275   12685
          46    5.0e-12   13322.5    1275    1275   12685
          47    3.3e-12   13322.5    1275    1275   12685
          48    2.2e-12   13322.5    1275    1275   12685
          49    1.5e-12   13322.5    1275    1275   12685
          50    9.8e-13   13322.5    1275    1275   12685
Total time used by isorank is 6.02
true_align (3890) and est_align (1275) DO NOT have the same number of elements.
method isorank has a score of 11.88%
method isorank used 6.020 seconds.
experiment results:
     method      score        time
0     final  39.228792   49.843418
1  netalign  23.573265   22.507657
2      klau  23.547558  485.201308
3   isorank  11.876607    6.020399
