Permutation sanity check error is 2254.0.
Permutation sanity check error is 149878.0.
num_init for this graph is 12
Generating initial alignment matrix using degree ...
mode is  degree
number of noisy edges are:  12
Average number of initial alignments for each node is 24
maximum values in init align row is:  3889
maximum values in init align col is:  3886
Recovering sparse matrix L took 0.03 sec.
Time for degree: 0.04 sec
iteration 1
Time for iteration 1: 0.87 sec, diff = 0.29133
iteration 2
Time for iteration 2: 2.62 sec, diff = 0.02308
iteration 3
Time for iteration 3: 2.71 sec, diff = 0.00992
iteration 4
Time for iteration 4: 2.67 sec, diff = 0.00718
iteration 5
Time for iteration 5: 2.67 sec, diff = 0.00596
iteration 6
Time for iteration 6: 2.67 sec, diff = 0.00518
iteration 7
Time for iteration 7: 2.67 sec, diff = 0.00458
iteration 8
Time for iteration 8: 2.67 sec, diff = 0.00409
iteration 9
Time for iteration 9: 2.66 sec, diff = 0.00366
iteration 10
Time for iteration 10: 2.67 sec, diff = 0.00329
iteration 11
Time for iteration 11: 2.67 sec, diff = 0.00295
iteration 12
Time for iteration 12: 2.67 sec, diff = 0.00266
iteration 13
Time for iteration 13: 2.66 sec, diff = 0.00239
iteration 14
Time for iteration 14: 2.67 sec, diff = 0.00215
iteration 15
Time for iteration 15: 2.67 sec, diff = 0.00193
iteration 16
Time for iteration 16: 2.67 sec, diff = 0.00174
iteration 17
Time for iteration 17: 2.68 sec, diff = 0.00157
iteration 18
Time for iteration 18: 2.69 sec, diff = 0.00141
iteration 19
Time for iteration 19: 2.69 sec, diff = 0.00127
iteration 20
Time for iteration 20: 2.70 sec, diff = 0.00114
iteration 21
Time for iteration 21: 2.69 sec, diff = 0.00103
iteration 22
Time for iteration 22: 2.71 sec, diff = 0.00093
iteration 23
Time for iteration 23: 2.69 sec, diff = 0.00083
iteration 24
Time for iteration 24: 2.67 sec, diff = 0.00075
iteration 25
Time for iteration 25: 2.67 sec, diff = 0.00067
iteration 26
Time for iteration 26: 2.67 sec, diff = 0.00061
iteration 27
Time for iteration 27: 2.67 sec, diff = 0.00055
iteration 28
Time for iteration 28: 2.68 sec, diff = 0.00049
iteration 29
Time for iteration 29: 2.67 sec, diff = 0.00044
iteration 30
Time for iteration 30: 2.69 sec, diff = 0.00040
iteration 31
Time for iteration 31: 2.69 sec, diff = 0.00036
iteration 32
Time for iteration 32: 2.67 sec, diff = 0.00032
iteration 33
Time for iteration 33: 2.66 sec, diff = 0.00029
iteration 34
Time for iteration 34: 2.67 sec, diff = 0.00026
iteration 35
Time for iteration 35: 2.67 sec, diff = 0.00024
iteration 36
Time for iteration 36: 2.71 sec, diff = 0.00021
iteration 37
Time for iteration 37: 2.67 sec, diff = 0.00019
iteration 38
Time for iteration 38: 2.67 sec, diff = 0.00017
iteration 39
Time for iteration 39: 2.67 sec, diff = 0.00015
iteration 40
Time for iteration 40: 2.68 sec, diff = 0.00014
iteration 41
Time for iteration 41: 2.68 sec, diff = 0.00012
iteration 42
Time for iteration 42: 2.68 sec, diff = 0.00011
iteration 43
Time for iteration 43: 2.67 sec, diff = 0.00010
iteration 44
Time for iteration 44: 2.67 sec, diff = 0.00009
iteration 45
Time for iteration 45: 2.68 sec, diff = 0.00008
iteration 46
Time for iteration 46: 2.67 sec, diff = 0.00007
iteration 47
Time for iteration 47: 2.67 sec, diff = 0.00007
iteration 48
Time for iteration 48: 2.67 sec, diff = 0.00006
iteration 49
Time for iteration 49: 2.68 sec, diff = 0.00005
iteration 50
Time for iteration 50: 2.67 sec, diff = 0.00005
Total time used by final is 134.60 sec.
true_align and est_align have the same number of elements.
method final has a score of 40.18%
method final used 134.604 seconds.
maximum values in init align row is:  3889
maximum values in init align col is:  3886
best   iter    obj_ma wght_ma card_ma over_ma    obj_mb wght_mb card_mb over_mb
  *a      1     16382    1281    1281   15101     16382    1281    1281   15101
          2      2973     801     801    2172      3471     795     795    2676
          3      9340    1198    1198    8142      9573     969     969    8604
          4      3556    1032    1032    2524      4242     969     969    3273
          5     12433    1223    1223   11210     12509    1056    1056   11453
          6     15571    1272    1272   14299     15643    1262    1262   14381
  *b      7     16703    1264    1264   15439     16813    1203    1203   15610
          8      9353    1207    1207    8146      9826    1143    1143    8683
          9      6799     962     962    5837      5183     571     571    4612
         10     11704    1247    1247   10457     11962    1211    1211   10751
         11      9500    1084    1084    8416      8972     870     870    8102
         12      9688    1210    1210    8478      9806    1113    1113    8693
         13      5283     934     934    4349      4506     651     651    3855
         14      9832    1223    1223    8609      9872    1130    1130    8742
         15      6528    1017    1017    5511      5831     782     782    5049
         16     10523    1233    1233    9290     10515    1139    1139    9376
         17      7444    1044    1044    6400      6548     814     814    5734
         18     10802    1231    1231    9571     10683    1143    1143    9540
         19      8595    1084    1084    7511      7749     873     873    6876
         20     11431    1240    1240   10191     11210    1168    1168   10042
         21     10962    1141    1141    9821     10180     971     971    9209
         22     12160    1244    1244   10916     11859    1177    1177   10682
         23     12988    1195    1195   11793     12876    1072    1072   11804
         24     12522    1247    1247   11275     12633    1197    1197   11436
         25     15887    1252    1252   14635     15495    1127    1127   14368
         26     14096    1253    1253   12843     13867    1210    1210   12657
         27     15276    1258    1258   14018     15159    1170    1170   13989
         28     15521    1262    1262   14259     15604    1202    1202   14402
         29     15696    1265    1265   14431     15737    1240    1240   14497
         30     16064    1268    1268   14796     16041    1258    1258   14783
  *a     31     16996    1273    1273   15723     16986    1266    1266   15720
  *a     32     17472    1275    1275   16197     17449    1266    1266   16183
  *a     33     17483    1275    1275   16208     17469    1268    1268   16201
  *a     34     17487    1275    1275   16212     17479    1270    1270   16209
  *a     35     17488    1275    1275   16213     17470    1267    1267   16203
  *a     36     17490    1275    1275   16215     17477    1269    1269   16208
         37     17490    1275    1275   16215     17473    1268    1268   16205
         38     17490    1275    1275   16215     17482    1273    1273   16209
         39     17490    1275    1275   16215     17481    1272    1272   16209
         40     17490    1275    1275   16215     17484    1273    1273   16211
         41     17490    1275    1275   16215     17489    1274    1274   16215
         42     17490    1275    1275   16215     17490    1275    1275   16215
         43     17490    1275    1275   16215     17490    1275    1275   16215
         44     17490    1275    1275   16215     17490    1275    1275   16215
         45     17490    1275    1275   16215     17490    1275    1275   16215
         46     17490    1275    1275   16215     17490    1275    1275   16215
         47     17490    1275    1275   16215     17490    1275    1275   16215
         48     17490    1275    1275   16215     17490    1275    1275   16215
         49     17490    1275    1275   16215     17490    1275    1275   16215
         50     17490    1275    1275   16215     17490    1275    1275   16215
         51     17490    1275    1275   16215     17490    1275    1275   16215
         52     17490    1275    1275   16215     17490    1275    1275   16215
         53     17490    1275    1275   16215     17490    1275    1275   16215
         54     17490    1275    1275   16215     17490    1275    1275   16215
         55     17490    1275    1275   16215     17490    1275    1275   16215
         56     17490    1275    1275   16215     17490    1275    1275   16215
         57     17490    1275    1275   16215     17490    1275    1275   16215
         58     17490    1275    1275   16215     17490    1275    1275   16215
         59     17490    1275    1275   16215     17490    1275    1275   16215
         60     17490    1275    1275   16215     17490    1275    1275   16215
         61     17490    1275    1275   16215     17490    1275    1275   16215
         62     17490    1275    1275   16215     17490    1275    1275   16215
         63     17490    1275    1275   16215     17490    1275    1275   16215
         64     17490    1275    1275   16215     17490    1275    1275   16215
         65     17490    1275    1275   16215     17490    1275    1275   16215
         66     17490    1275    1275   16215     17490    1275    1275   16215
         67     17490    1275    1275   16215     17490    1275    1275   16215
         68     17490    1275    1275   16215     17490    1275    1275   16215
         69     17490    1275    1275   16215     17490    1275    1275   16215
         70     17490    1275    1275   16215     17490    1275    1275   16215
         71     17490    1275    1275   16215     17490    1275    1275   16215
         72     17490    1275    1275   16215     17490    1275    1275   16215
         73     17490    1275    1275   16215     17490    1275    1275   16215
         74     17490    1275    1275   16215     17490    1275    1275   16215
         75     17490    1275    1275   16215     17490    1275    1275   16215
         76     17490    1275    1275   16215     17490    1275    1275   16215
         77     17490    1275    1275   16215     17490    1275    1275   16215
         78     17490    1275    1275   16215     17490    1275    1275   16215
         79     17490    1275    1275   16215     17490    1275    1275   16215
         80     17490    1275    1275   16215     17490    1275    1275   16215
         81     17490    1275    1275   16215     17490    1275    1275   16215
         82     17490    1275    1275   16215     17490    1275    1275   16215
         83     17490    1275    1275   16215     17490    1275    1275   16215
         84     17490    1275    1275   16215     17490    1275    1275   16215
         85     17490    1275    1275   16215     17490    1275    1275   16215
         86     17490    1275    1275   16215     17490    1275    1275   16215
         87     17490    1275    1275   16215     17490    1275    1275   16215
         88     17490    1275    1275   16215     17490    1275    1275   16215
         89     17490    1275    1275   16215     17490    1275    1275   16215
         90     17490    1275    1275   16215     17490    1275    1275   16215
         91     17490    1275    1275   16215     17490    1275    1275   16215
         92     17490    1275    1275   16215     17490    1275    1275   16215
         93     17490    1275    1275   16215     17490    1275    1275   16215
         94     17490    1275    1275   16215     17490    1275    1275   16215
         95     17490    1275    1275   16215     17490    1275    1275   16215
         96     17490    1275    1275   16215     17490    1275    1275   16215
         97     17490    1275    1275   16215     17490    1275    1275   16215
         98     17490    1275    1275   16215     17490    1275    1275   16215
         99     17490    1275    1275   16215     17490    1275    1275   16215
        100     17490    1275    1275   16215     17490    1275    1275   16215
Total time used by netalign is 21.80
true_align (3890) and est_align (1275) DO NOT have the same number of elements.
method netalign has a score of 23.55%
method netalign used 21.797 seconds.
maximum values in init align row is:  3889
maximum values in init align col is:  3886
 best   iter     norm-u     lower   upper     cur      obj  weight    card overlap
    *      1    0.0e+00     16918 19264.5 19264.5    16918    1281    1281   15637
           2    1.2e+04     16918 19264.5 20789.5    15468    1281    1281   14187
           3    1.7e+04     16918 19264.5 19883.1    14001    1281    1281   12720
           4    2.3e+04     16918 19264.5 20130.7    14057    1281    1281   12776
           5    2.8e+04     16918 19264.5 19921.5    12263    1281    1281   10982
           6    3.3e+04     16918 19264.5 20030.2    11116    1281    1281    9835
           7    3.7e+04     16918 19264.5 20002.7    10437    1281    1281    9156
           8    4.1e+04     16918 19264.5 19960.3     9931    1281    1281    8650
           9    4.5e+04     16918 19264.5   20021     9387    1281    1281    8106
          10    4.9e+04     16918 19264.5 20119.6     9525    1281    1281    8244
          11    5.2e+04     16918 19264.5 19984.1     9189    1281    1281    7908
          12    5.6e+04     16918 19264.5 20052.8     9016    1281    1281    7735
          13    5.9e+04     16918 19264.5 19965.9     8738    1281    1281    7457
          14    6.2e+04     16918 19264.5 19993.5     9087    1281    1281    7806
          15    6.6e+04     16918 19264.5   20064     8907    1281    1281    7626
          16    6.9e+04     16918 19264.5 20084.6     8927    1281    1281    7646
          17    7.1e+04     16918 19264.5 19941.2     8457    1281    1281    7176
          18    7.4e+04     16918 19264.5 20029.4     8339    1281    1281    7058
          19    7.7e+04     16918 19264.5 20014.2     8099    1281    1281    6818
          20    8.0e+04     16918 19264.5 19992.7     8539    1281    1281    7258
          21    8.2e+04     16918 19264.5 20103.8     8103    1281    1281    6822
          22    8.5e+04     16918 19264.5 19994.5     8877    1281    1281    7596
          23    8.7e+04     16918 19264.5 20128.5     8002    1281    1281    6721
          24    8.9e+04     16918 19264.5 20055.9     8502    1281    1281    7221
          25    9.1e+04     16918 19264.5 20071.2     7877    1281    1281    6596
          26    9.4e+04     16918 19264.5 20037.4     8240    1281    1281    6959
               reducing step to 0.2
          27    9.5e+04     16918   19198   19198     9715    1281    1281    8434
          28    9.6e+04     16918   19088   19088     7813    1281    1281    6532
          29    9.7e+04     16918   19088 19091.5     8398    1281    1281    7117
          30    9.8e+04     16918 18918.5 18918.5     7877    1281    1281    6596
          31    9.8e+04     16918 18918.5 18980.5     8051    1281    1281    6770
          32    9.9e+04     16918 18835.1 18835.1     7940    1281    1281    6659
          33    1.0e+05     16918 18835.1 18864.3     8184    1281    1281    6903
          34    1.0e+05     16918 18823.8 18823.8     8414    1281    1281    7133
          35    1.0e+05     16918 18823.8   18825     8268    1281    1281    6987
          36    1.0e+05     16918 18767.1 18767.1     8621    1281    1281    7340
          37    1.0e+05     16918 18721.6 18721.6     8172    1281    1281    6891
          38    1.0e+05     16918 18721.6 18756.1     8428    1281    1281    7147
          39    1.0e+05     16918 18651.5 18651.5     8455    1281    1281    7174
          40    1.1e+05     16918 18651.5 18714.2     8631    1281    1281    7350
          41    1.1e+05     16918 18634.7 18634.7     9012    1281    1281    7731
          42    1.1e+05     16918 18634.7 18650.6     8378    1281    1281    7097
          43    1.1e+05     16918 18634.7 18652.1     8823    1281    1281    7542
          44    1.1e+05     16918 18569.4 18569.4     8566    1281    1281    7285
          45    1.1e+05     16918 18569.4 18658.4     8211    1281    1281    6930
          46    1.1e+05     16918 18548.3 18548.3     9344    1281    1281    8063
          47    1.1e+05     16918 18548.3 18590.2     8464    1281    1281    7183
          48    1.1e+05     16918 18548.3 18595.4     9459    1281    1281    8178
          49    1.1e+05     16918 18538.5 18538.5     9038    1281    1281    7757
          50    1.1e+05     16918 18538.5 18593.7     8837    1281    1281    7556
          51    1.1e+05     16918 18505.6 18505.6     9525    1281    1281    8244
          52    1.1e+05     16918 18505.6 18528.6     9526    1281    1281    8245
          53    1.1e+05     16918 18505.6 18519.7     9294    1281    1281    8013
          54    1.1e+05     16918 18505.6   18519     9358    1281    1281    8077
          55    1.1e+05     16918   18488   18488     9452    1281    1281    8171
          56    1.1e+05     16918   18488 18516.1     8715    1281    1281    7434
          57    1.1e+05     16918 18480.7 18480.7     9692    1281    1281    8411
          58    1.1e+05     16918 18445.2 18445.2     9586    1281    1281    8305
          59    1.2e+05     16918 18445.2 18476.2     9395    1281    1281    8114
          60    1.2e+05     16918 18425.7 18425.7     9775    1281    1281    8494
          61    1.2e+05     16918 18425.7 18457.8     9573    1281    1281    8292
          62    1.2e+05     16918 18425.7 18462.6     9597    1281    1281    8316
          63    1.2e+05     16918 18420.1 18420.1    10572    1281    1281    9291
          64    1.2e+05     16918 18399.3 18399.3     9526    1281    1281    8245
          65    1.2e+05     16918 18399.3   18507     9912    1281    1281    8631
          66    1.2e+05     16918 18345.2 18345.2     9613    1281    1281    8332
          67    1.2e+05     16918 18345.2 18479.8     9830    1281    1281    8549
          68    1.2e+05     16918 18345.2 18409.6     9545    1281    1281    8264
          69    1.2e+05     16918 18345.2 18461.1    10041    1281    1281    8760
          70    1.2e+05     16918 18345.2 18365.6    10167    1281    1281    8886
          71    1.2e+05     16918 18345.2 18480.4     9840    1281    1281    8559
          72    1.2e+05     16918 18345.2 18369.6     9900    1281    1281    8619
          73    1.2e+05     16918 18345.2 18433.7    10000    1281    1281    8719
          74    1.2e+05     16918 18319.9 18319.9    10402    1281    1281    9121
          75    1.2e+05     16918 18319.9 18412.5    10344    1281    1281    9063
          76    1.2e+05     16918 18319.9 18320.9    10110    1281    1281    8829
          77    1.2e+05     16918 18319.9 18413.3    10311    1281    1281    9030
          78    1.2e+05     16918 18319.9 18331.9    10440    1281    1281    9159
          79    1.2e+05     16918 18319.9 18396.4    10077    1281    1281    8796
          80    1.2e+05     16918 18319.9 18328.4    10213    1281    1281    8932
          81    1.2e+05     16918 18319.9   18424    10732    1281    1281    9451
          82    1.2e+05     16918 18271.5 18271.5    10848    1281    1281    9567
          83    1.2e+05     16918 18271.5 18433.6    10459    1281    1281    9178
          84    1.2e+05     16918 18271.5 18282.3    10066    1281    1281    8785
          85    1.3e+05     16918 18271.5 18394.6    10348    1281    1281    9067
          86    1.3e+05     16918 18271.5 18272.8    10372    1280    1280    9092
          87    1.3e+05     16918 18271.5 18375.6     9933    1281    1281    8652
          88    1.3e+05     16918 18271.5 18296.2    10769    1281    1281    9488
          89    1.3e+05     16918 18271.5 18416.1    10481    1280    1280    9201
          90    1.3e+05     16918 18248.5 18248.5    10537    1281    1281    9256
          91    1.3e+05     16918 18248.5 18421.5    10444    1281    1281    9163
          92    1.3e+05     16918 18228.8 18228.8    11045    1280    1280    9765
          93    1.3e+05     16918 18228.8   18341    10827    1281    1281    9546
          94    1.3e+05     16918 18228.8 18231.5    10479    1281    1281    9198
          95    1.3e+05     16918 18228.8 18372.2    10731    1281    1281    9450
          96    1.3e+05     16918 18218.1 18218.1    10450    1280    1280    9170
          97    1.3e+05     16918 18218.1 18352.3    10399    1280    1280    9119
          98    1.3e+05     16918 18207.7 18207.7    10753    1281    1281    9472
          99    1.3e+05     16918 18207.7 18295.4    10693    1280    1280    9413
         100    1.3e+05     16918 18207.7 18228.2    11032    1281    1281    9751
         101    1.3e+05     16918 18207.7 18345.1    11068    1281    1281    9787
         102    1.3e+05     16918 18205.5 18205.5    10432    1281    1281    9151
         103    1.3e+05     16918 18205.5 18354.8    10657    1280    1280    9377
         104    1.3e+05     16918 18194.2 18194.2    11119    1281    1281    9838
         105    1.3e+05     16918 18194.2 18317.9    10528    1281    1281    9247
         106    1.3e+05     16918 18194.2 18195.1    10588    1281    1281    9307
         107    1.3e+05     16918 18194.2 18301.8    11587    1281    1281   10306
         108    1.3e+05     16918 18160.2 18160.2    10955    1280    1280    9675
         109    1.3e+05     16918 18160.2 18315.2    10464    1281    1281    9183
         110    1.3e+05     16918 18160.2 18169.9    10815    1281    1281    9534
         111    1.3e+05     16918 18160.2 18286.5    11171    1281    1281    9890
         112    1.3e+05     16918 18160.2 18184.6    10656    1281    1281    9375
         113    1.3e+05     16918 18160.2 18327.9    10828    1281    1281    9547
         114    1.3e+05     16918 18159.5 18159.5    11275    1280    1280    9995
         115    1.3e+05     16918 18159.5 18333.6    11210    1280    1280    9930
         116    1.3e+05     16918 18158.4 18158.4    10833    1281    1281    9552
         117    1.3e+05     16918 18158.4 18313.1    10930    1281    1281    9649
         118    1.3e+05     16918 18133.8 18133.8    11777    1281    1281   10496
         119    1.4e+05     16918 18133.8 18224.6    11489    1280    1280   10209
         120    1.4e+05     16918 18133.8 18177.4    11015    1281    1281    9734
         121    1.4e+05     16918 18133.8 18248.1    10884    1281    1281    9603
         122    1.4e+05     16918 18133.8 18167.5    11490    1281    1281   10209
         123    1.4e+05     16918 18133.8 18205.4    11665    1280    1280   10385
         124    1.4e+05     16918 18133.8 18162.2    10857    1280    1280    9577
         125    1.4e+05     16918 18133.8 18260.1    11192    1281    1281    9911
         126    1.4e+05     16918 18132.9 18132.9    10909    1280    1280    9629
         127    1.4e+05     16918 18132.9 18310.9    10882    1281    1281    9601
         128    1.4e+05     16918 18118.2 18118.2    11251    1281    1281    9970
         129    1.4e+05     16918 18118.2 18238.2    10674    1281    1281    9393
         130    1.4e+05     16918 18118.2 18140.2    10792    1280    1280    9512
         131    1.4e+05     16918 18118.2 18183.9    11068    1280    1280    9788
         132    1.4e+05     16918 18118.2 18148.7    11458    1281    1281   10177
         133    1.4e+05     16918 18118.2 18190.2    12352    1280    1280   11072
         134    1.4e+05     16918 18086.5 18086.5    11758    1280    1280   10478
         135    1.4e+05     16918 18086.5 18267.5    10684    1280    1280    9404
         136    1.4e+05     16918 18086.5   18134    11189    1280    1280    9909
         137    1.4e+05     16918 18086.5 18206.5    11011    1281    1281    9730
         138    1.4e+05     16918 18086.5 18089.3    12194    1281    1281   10913
         139    1.4e+05     16918 18086.5 18164.7    10704    1280    1280    9424
         140    1.4e+05     16918 18086.5 18166.3    11163    1280    1280    9883
         141    1.4e+05     16918 18086.5   18132    11030    1281    1281    9749
         142    1.4e+05     16918 18086.5 18143.3    11342    1280    1280   10062
         143    1.4e+05     16918 18086.5 18131.9    10528    1280    1280    9248
         144    1.4e+05     16918 18086.5 18173.1    10963    1281    1281    9682
         145    1.4e+05     16918 18086.5 18124.4    11508    1280    1280   10228
         146    1.4e+05     16918 18086.5 18122.8    12108    1280    1280   10828
         147    1.4e+05     16918 18086.5 18106.7    11948    1280    1280   10668
         148    1.4e+05     16918 18086.5   18108    10375    1281    1281    9094
         149    1.4e+05     16918 18086.5 18245.7    11432    1280    1280   10152
         150    1.4e+05     16918   18067   18067    11770    1279    1279   10491
         151    1.4e+05     16918   18067 18186.9    11310    1280    1280   10030
         152    1.4e+05     16918   18067 18083.1    11434    1281    1281   10153
         153    1.4e+05     16918   18067 18180.4    11804    1281    1281   10523
         154    1.4e+05     16918   18067 18085.8    11522    1280    1280   10242
         155    1.4e+05     16918   18067 18171.1    11669    1281    1281   10388
         156    1.4e+05     16918   18067 18069.9    10862    1280    1280    9582
         157    1.5e+05     16918   18067 18234.1    11431    1280    1280   10151
         158    1.5e+05     16918   18067 18075.2    11913    1281    1281   10632
         159    1.5e+05     16918   18067 18152.3    11440    1281    1281   10159
         160    1.5e+05     16918   18067 18090.7    11593    1279    1279   10314
         161    1.5e+05     16918   18067 18116.9    11223    1280    1280    9943
         162    1.5e+05     16918   18067   18136    11313    1280    1280   10033
         163    1.5e+05     16918   18067   18130    11701    1281    1281   10420
         164    1.5e+05     16918 18048.5 18048.5    11864    1279    1279   10585
         165    1.5e+05     16918 18048.5 18120.5    11339    1280    1280   10059
         166    1.5e+05     16918 18048.5 18102.3    11382    1280    1280   10102
         167    1.5e+05     16918 18048.5 18147.3    11794    1281    1281   10513
         168    1.5e+05     16918 18048.5 18074.1    11744    1280    1280   10464
         169    1.5e+05     16918 18048.5 18135.4    11099    1279    1279    9820
         170    1.5e+05     16918 18048.5 18093.8    11437    1280    1280   10157
         171    1.5e+05     16918 18048.5   18145    11589    1280    1280   10309
         172    1.5e+05     16918 18048.5 18053.4    11413    1280    1280   10133
         173    1.5e+05     16918 18048.5 18193.7    11560    1279    1279   10281
         174    1.5e+05     16918 18048.5 18063.8    11824    1279    1279   10545
         175    1.5e+05     16918 18048.5 18169.6    11740    1281    1281   10459
         176    1.5e+05     16918 18041.9 18041.9    11948    1280    1280   10668
         177    1.5e+05     16918 18041.9 18208.5    10953    1281    1281    9672
         178    1.5e+05     16918 18041.9 18052.8    12049    1280    1280   10769
         179    1.5e+05     16918 18041.9 18081.2    11814    1280    1280   10534
         180    1.5e+05     16918 18041.9 18069.8    12062    1280    1280   10782
         181    1.5e+05     16918 18041.9 18084.1    12427    1280    1280   11147
         182    1.5e+05     16918 18041.9 18055.7    12266    1280    1280   10986
         183    1.5e+05     16918 18041.9 18143.8    11870    1279    1279   10591
         184    1.5e+05     16918 18032.9 18032.9    11902    1280    1280   10622
         185    1.5e+05     16918 18032.9 18089.5    11860    1279    1279   10581
         186    1.5e+05     16918 18032.9   18076    11243    1280    1280    9963
         187    1.5e+05     16918 18032.9 18098.3    11881    1281    1281   10600
         188    1.5e+05     16918   18025   18025    12014    1281    1281   10733
         189    1.5e+05     16918   18025 18101.1    12330    1281    1281   11049
         190    1.5e+05     16918   18025 18061.1    11822    1280    1280   10542
         191    1.5e+05     16918   18025 18062.1    12689    1279    1279   11410
         192    1.5e+05     16918   18025 18030.5    12099    1280    1280   10819
         193    1.5e+05     16918   18025 18119.5    11847    1280    1280   10567
         194    1.5e+05     16918 18014.7 18014.7    12767    1279    1279   11488
         195    1.5e+05     16918 18014.7 18050.7    12473    1279    1279   11194
         196    1.5e+05     16918 18011.9 18011.9    11260    1280    1280    9980
         197    1.5e+05     16918 18011.9 18184.3    11037    1281    1281    9756
         198    1.5e+05     16918 18011.9 18067.3    11957    1279    1279   10678
         199    1.5e+05     16918 18011.9 18098.7    11619    1280    1280   10339
         200    1.5e+05     16918 18011.9   18048    12079    1280    1280   10799
         201    1.6e+05     16918 18011.9 18092.1    12336    1280    1280   11056
         202    1.6e+05     16918 18011.9 18015.2    12555    1280    1280   11275
         203    1.6e+05     16918 18011.9 18156.3    11852    1280    1280   10572
         204    1.6e+05     16918 18011.9   18025    12195    1279    1279   10916
         205    1.6e+05     16918 18011.9 18099.7    11606    1280    1280   10326
         206    1.6e+05     16918 18011.9 18062.9    11975    1277    1277   10698
         207    1.6e+05     16918 18011.9   18133    11913    1279    1279   10634
         208    1.6e+05     16918 18003.9 18003.9    12593    1281    1281   11312
         209    1.6e+05     16918 18003.9 18068.4    12268    1278    1278   10990
         210    1.6e+05     16918 18003.9 18029.8    12779    1280    1280   11499
         211    1.6e+05     16918 18003.9 18017.4    12455    1277    1277   11178
         212    1.6e+05     16918 18003.9 18068.9    11472    1279    1279   10193
         213    1.6e+05     16918 18003.9 18061.9    11598    1280    1280   10318
         214    1.6e+05     16918 18003.9 18015.2    12173    1280    1280   10893
         215    1.6e+05     16918 18003.9 18048.8    12321    1280    1280   11041
         216    1.6e+05     16918 18003.9 18008.2    11574    1279    1279   10295
         217    1.6e+05     16918 18003.9 18130.1    11688    1281    1281   10407
         218    1.6e+05     16918 18003.9   18044    12033    1279    1279   10754
         219    1.6e+05     16918 18003.9 18109.2    12384    1279    1279   11105
         220    1.6e+05     16918 17985.6 17985.6    13264    1278    1278   11986
         221    1.6e+05     16918 17985.6 18096.9    12266    1280    1280   10986
         222    1.6e+05     16918 17985.6 18018.2    12274    1280    1280   10994
         223    1.6e+05     16918 17985.6 18103.4    11713    1280    1280   10433
         224    1.6e+05     16918 17985.6 17997.2    11972    1279    1279   10693
         225    1.6e+05     16918 17985.6 18122.8    12552    1281    1281   11271
         226    1.6e+05     16918 17985.6 18010.3    11746    1278    1278   10468
         227    1.6e+05     16918 17985.6 18075.9    11804    1279    1279   10525
         228    1.6e+05     16918 17985.6 18050.2    12281    1280    1280   11001
         229    1.6e+05     16918 17985.6 18054.5    12691    1279    1279   11412
         230    1.6e+05     16918 17985.6 18000.8    12252    1280    1280   10972
         231    1.6e+05     16918 17985.6 18081.1    12137    1280    1280   10857
         232    1.6e+05     16918 17985.6   17993    12291    1280    1280   11011
         233    1.6e+05     16918 17985.6   18096    12505    1279    1279   11226
         234    1.6e+05     16918 17985.6 18028.7    12334    1279    1279   11055
         235    1.6e+05     16918 17985.6 18055.4    13283    1278    1278   12005
         236    1.6e+05     16918 17949.1 17949.1    13482    1278    1278   12204
         237    1.6e+05     16918 17949.1 18034.4    12368    1280    1280   11088
         238    1.6e+05     16918 17949.1 18038.4    12188    1280    1280   10908
         239    1.6e+05     16918 17949.1 18126.4    11463    1279    1279   10184
         240    1.6e+05     16918 17949.1 18011.9    12299    1278    1278   11021
         241    1.6e+05     16918 17949.1 17988.7    12404    1280    1280   11124
         242    1.6e+05     16918 17949.1 18025.9    11508    1280    1280   10228
         243    1.6e+05     16918 17949.1 18051.5    11907    1279    1279   10628
         244    1.6e+05     16918 17949.1 18000.2    11838    1281    1281   10557
         245    1.6e+05     16918 17949.1 18037.8    12341    1279    1279   11062
         246    1.6e+05     16918 17949.1 18019.5    12385    1278    1278   11107
         247    1.6e+05     16918 17949.1 18029.4    12200    1281    1281   10919
         248    1.6e+05     16918 17949.1 18048.9    12322    1279    1279   11043
         249    1.6e+05     16918 17949.1 18032.1    12231    1279    1279   10952
         250    1.6e+05     16918 17949.1 18026.6    12287    1279    1279   11008
         251    1.6e+05     16918 17949.1 18020.5    12794    1279    1279   11515
         252    1.6e+05     16918 17949.1 18010.2    12415    1278    1278   11137
         253    1.6e+05     16918 17949.1 18085.2    11490    1277    1277   10213
         254    1.6e+05     16918 17949.1 18044.7    12196    1280    1280   10916
         255    1.7e+05     16918 17949.1 18038.1    12376    1279    1279   11097
         256    1.7e+05     16918 17949.1 17990.3    12440    1280    1280   11160
         257    1.7e+05     16918 17949.1 18069.3    11609    1278    1278   10331
         258    1.7e+05     16918 17949.1 18031.6    11314    1278    1278   10036
         259    1.7e+05     16918 17949.1 18021.6    11966    1280    1280   10686
         260    1.7e+05     16918 17949.1 17993.5    12397    1280    1280   11117
         261    1.7e+05     16918 17949.1 18062.4    11977    1280    1280   10697
               reducing step to 0.1
         262    1.7e+05     16918 17834.4 17834.4    14418    1279    1279   13139
         263    1.7e+05     16918 17760.5 17760.5    15664    1278    1278   14386
         264    1.7e+05     16918 17746.6 17746.6    16390    1276    1276   15114
         265    1.7e+05     16918 17723.4 17723.4    16376    1276    1276   15100
    *    266    1.7e+05     17280 17720.9 17720.9    17280    1276    1276   16004
         267    1.7e+05     17280 17711.7 17711.7    17188    1276    1276   15912
         268    1.7e+05     17280 17711.7 17739.9    17184    1276    1276   15908
         269    1.7e+05     17280 17709.2 17709.2    17150    1277    1277   15873
    *    270    1.7e+05     17338 17709.2 17709.2    17338    1277    1277   16061
         271    1.7e+05     17338 17707.2 17707.2    17163    1276    1276   15887
         272    1.7e+05     17338 17707.2   17729    16663    1277    1277   15386
         273    1.7e+05     17338 17707.2 17709.5    17224    1278    1278   15946
         274    1.7e+05     17338 17707.2 17716.6    17336    1277    1277   16059
    *    275    1.7e+05     17408 17707.2 17720.4    17408    1276    1276   16132
    *    276    1.7e+05     17531 17706.2 17706.2    17531    1276    1276   16255
    *    277    1.7e+05     17571 17706.2 17717.7    17571    1276    1276   16295
         278    1.7e+05     17571 17702.1 17702.1    17528    1276    1276   16252
         279    1.7e+05     17571 17702.1   17716    17559    1276    1276   16283
         280    1.7e+05     17571 17701.6 17701.6    17538    1276    1276   16262
         281    1.7e+05     17571 17701.6   17716    17550    1276    1276   16274
         282    1.7e+05     17571 17701.1 17701.1    17515    1276    1276   16239
         283    1.7e+05     17571 17701.1 17714.8    17567    1275    1275   16292
         284    1.7e+05     17571 17701.1 17701.2    17428    1276    1276   16152
    *    285    1.7e+05     17591 17701.1 17715.4    17591    1275    1275   16316
         286    1.7e+05     17591 17700.8 17700.8    17100    1276    1276   15824
         287    1.7e+05     17591 17700.8 17716.4    17172    1276    1276   15896
         288    1.7e+05     17591 17700.8 17701.5    17325    1275    1275   16050
         289    1.7e+05     17591 17700.8 17715.1    17557    1275    1275   16282
         290    1.7e+05     17591 17700.2 17700.2    17368    1275    1275   16093
         291    1.7e+05     17591 17700.2   17713    17590    1275    1275   16315
         292    1.7e+05     17591 17700.2 17701.4    17520    1275    1275   16245
         293    1.7e+05     17591 17700.2 17711.6    17555    1276    1276   16279
         294    1.7e+05     17591 17700.2 17700.3    17582    1275    1275   16307
    *    295    1.7e+05     17595 17700.2 17712.5    17595    1275    1275   16320
         296    1.7e+05     17595 17700.2 17700.4    17594    1275    1275   16319
    *    297    1.7e+05     17616 17700.2 17711.8    17616    1275    1275   16341
         298    1.7e+05     17616 17700.2 17700.9    17562    1275    1275   16287
         299    1.7e+05     17616 17700.2 17711.9    17301    1275    1275   16026
         300    1.7e+05     17616 17700.2 17717.9    17447    1275    1275   16172
         301    1.7e+05     17616 17700.2 17712.4    17561    1275    1275   16286
         302    1.7e+05     17616 17699.6 17699.6    17578    1275    1275   16303
         303    1.7e+05     17616 17699.6 17711.5    17607    1275    1275   16332
         304    1.7e+05     17616 17699.2 17699.2    17566    1275    1275   16291
         305    1.7e+05     17616 17699.2   17712    17584    1275    1275   16309
         306    1.7e+05     17616 17699.1 17699.1    17448    1275    1275   16173
         307    1.7e+05     17616 17699.1 17711.2    17403    1276    1276   16127
         308    1.7e+05     17616 17699.1 17700.1    17519    1276    1276   16243
         309    1.7e+05     17616 17699.1 17712.1    17120    1275    1275   15845
         310    1.7e+05     17616 17699.1 17705.3    17393    1275    1275   16118
         311    1.7e+05     17616 17699.1 17712.5    17480    1276    1276   16204
         312    1.7e+05     17616   17698   17698    17426    1275    1275   16151
         313    1.7e+05     17616   17698   17711    17610    1275    1275   16335
         314    1.7e+05     17616   17698 17698.2    17495    1275    1275   16220
    *    315    1.7e+05     17618   17698   17711    17618    1275    1275   16343
         316    1.7e+05     17618   17698 17698.7    17575    1276    1276   16299
         317    1.7e+05     17618   17698 17710.3    17591    1275    1275   16316
         318    1.7e+05     17618   17698 17698.6    17590    1276    1276   16314
         319    1.7e+05     17618   17698 17710.5    17585    1276    1276   16309
         320    1.7e+05     17618   17698 17698.1    17565    1275    1275   16290
    *    321    1.7e+05     17619   17698 17711.4    17619    1275    1275   16344
         322    1.7e+05     17619   17698 17698.2    17602    1275    1275   16327
    *    323    1.7e+05     17624   17698 17710.6    17624    1275    1275   16349
         324    1.7e+05     17624 17697.9 17697.9    17482    1276    1276   16206
         325    1.7e+05     17624 17697.9 17711.2    17623    1275    1275   16348
         326    1.7e+05     17624 17697.8 17697.8    17606    1275    1275   16331
         327    1.7e+05     17624 17697.8 17710.6    17612    1275    1275   16337
         328    1.7e+05     17624 17697.5 17697.5    17580    1275    1275   16305
         329    1.7e+05     17624 17697.5 17710.6    17615    1275    1275   16340
         330    1.7e+05     17624 17697.5 17698.8    17598    1275    1275   16323
         331    1.7e+05     17624 17697.5 17710.1    17621    1275    1275   16346
         332    1.7e+05     17624 17697.5 17697.5    17593    1275    1275   16318
         333    1.7e+05     17624 17697.5 17709.4    17624    1275    1275   16349
         334    1.7e+05     17624 17697.5 17697.5    17592    1275    1275   16317
    *    335    1.7e+05     17627 17697.5 17709.6    17627    1275    1275   16352
         336    1.7e+05     17627 17697.5 17697.9    17601    1275    1275   16326
         337    1.7e+05     17627 17697.5 17709.4    17614    1275    1275   16339
         338    1.7e+05     17627 17697.5 17697.8    17582    1275    1275   16307
         339    1.7e+05     17627 17697.5 17709.8    17613    1275    1275   16338
         340    1.7e+05     17627 17697.5 17697.6    17591    1275    1275   16316
         341    1.7e+05     17627 17697.5   17710    17607    1275    1275   16332
         342    1.7e+05     17627 17696.3 17696.3    17158    1275    1275   15883
         343    1.7e+05     17627 17696.3 17716.9    17092    1275    1275   15817
         344    1.7e+05     17627 17696.3 17700.9    17228    1276    1276   15952
         345    1.7e+05     17627 17696.3 17702.7    17154    1275    1275   15879
         346    1.7e+05     17627 17696.3 17699.7    17273    1275    1275   15998
         347    1.7e+05     17627 17696.3 17709.6    17476    1275    1275   16201
         348    1.7e+05     17627 17696.3 17699.4    17562    1276    1276   16286
         349    1.7e+05     17627 17696.3 17707.7    17566    1275    1275   16291
         350    1.7e+05     17627 17696.3 17697.6    17601    1275    1275   16326
         351    1.7e+05     17627 17696.3   17708    17617    1275    1275   16342
         352    1.7e+05     17627 17696.3 17698.3    17606    1275    1275   16331
         353    1.7e+05     17627 17696.3 17707.5    17627    1275    1275   16352
         354    1.7e+05     17627 17696.3   17698    17604    1275    1275   16329
         355    1.7e+05     17627 17696.3 17707.1    17623    1275    1275   16348
         356    1.7e+05     17627 17696.3 17697.5    17603    1275    1275   16328
         357    1.7e+05     17627 17696.3 17706.8    17625    1275    1275   16350
         358    1.7e+05     17627 17696.3 17698.3    17587    1275    1275   16312
         359    1.7e+05     17627 17696.3 17706.8    17617    1275    1275   16342
         360    1.7e+05     17627 17696.3   17698    17565    1275    1275   16290
         361    1.7e+05     17627 17696.3 17707.3    17479    1275    1275   16204
         362    1.7e+05     17627 17696.3 17698.1    17548    1275    1275   16273
         363    1.7e+05     17627 17696.3 17707.4    17526    1275    1275   16251
         364    1.7e+05     17627 17696.3 17698.5    17586    1275    1275   16311
         365    1.7e+05     17627 17696.3 17706.4    17626    1275    1275   16351
         366    1.7e+05     17627 17696.3 17697.8    17607    1275    1275   16332
         367    1.7e+05     17627 17696.3 17706.4    17623    1275    1275   16348
               reducing step to 0.05
         368    1.7e+05     17627 17679.9 17679.9    17461    1275    1275   16186
         369    1.7e+05     17627 17670.8 17670.8    17215    1275    1275   15940
         370    1.7e+05     17627 17670.8 17671.9    17269    1275    1275   15994
         371    1.7e+05     17627 17670.8 17672.6    17377    1275    1275   16102
         372    1.7e+05     17627 17670.8 17673.3    17456    1275    1275   16181
         373    1.7e+05     17627 17670.8 17672.3    17569    1275    1275   16294
         374    1.7e+05     17627 17670.8 17672.6    17600    1275    1275   16325
         375    1.7e+05     17627 17670.8 17672.1    17604    1275    1275   16329
         376    1.7e+05     17627 17670.8   17672    17623    1275    1275   16348
    *    377    1.7e+05     17636 17670.8 17671.6    17636    1275    1275   16361
         378    1.7e+05     17636 17670.8 17671.6    17629    1275    1275   16354
    *    379    1.7e+05     17638 17670.8   17672    17638    1275    1275   16363
         380    1.7e+05     17638 17670.8 17672.1    17629    1275    1275   16354
         381    1.7e+05     17638 17670.8 17672.1    17636    1275    1275   16361
         382    1.7e+05     17638 17670.8 17671.9    17632    1275    1275   16357
         383    1.7e+05     17638 17670.8 17672.5    17633    1275    1275   16358
         384    1.7e+05     17638 17670.8 17671.6    17631    1275    1275   16356
    *    385    1.7e+05     17639 17670.8 17671.8    17639    1275    1275   16364
         386    1.7e+05     17639 17670.8 17671.6    17632    1275    1275   16357
    *    387    1.7e+05     17640 17670.8 17672.2    17640    1275    1275   16365
         388    1.7e+05     17640 17670.8 17671.6    17630    1275    1275   16355
         389    1.7e+05     17640 17670.8 17671.8    17638    1275    1275   16363
         390    1.7e+05     17640 17670.8 17671.6    17631    1275    1275   16356
         391    1.7e+05     17640 17670.8   17672    17633    1275    1275   16358
         392    1.7e+05     17640 17670.8 17671.5    17631    1275    1275   16356
    *    393    1.7e+05     17642 17670.8 17671.5    17642    1275    1275   16367
         394    1.7e+05     17642 17670.8 17671.4    17633    1275    1275   16358
               reducing step to 0.025
         395    1.7e+05     17642 17664.4 17664.4    17573    1275    1275   16298
         396    1.7e+05     17642 17661.2 17661.2    17623    1275    1275   16348
         397    1.7e+05     17642 17661.2 17662.6    17621    1275    1275   16346
         398    1.7e+05     17642 17661.2 17661.3    17635    1275    1275   16360
         399    1.7e+05     17642 17661.2 17662.2    17632    1275    1275   16357
         400    1.7e+05     17642 17661.2 17661.2    17636    1275    1275   16361
         401    1.7e+05     17642 17661.2 17662.4    17636    1275    1275   16361
         402    1.7e+05     17642   17661   17661    17638    1275    1275   16363
         403    1.7e+05     17642   17661 17662.2    17637    1275    1275   16362
         404    1.7e+05     17642 17660.9 17660.9    17641    1275    1275   16366
         405    1.7e+05     17642 17660.9 17662.1    17631    1275    1275   16356
         406    1.7e+05     17642 17660.9 17661.1    17638    1275    1275   16363
         407    1.7e+05     17642 17660.9 17662.1    17633    1275    1275   16358
         408    1.7e+05     17642 17660.9 17660.9    17638    1275    1275   16363
         409    1.7e+05     17642 17660.9   17662    17632    1275    1275   16357
         410    1.7e+05     17642 17660.9 17660.9    17639    1275    1275   16364
         411    1.7e+05     17642 17660.9 17661.8    17632    1275    1275   16357
         412    1.7e+05     17642 17660.8 17660.8    17640    1275    1275   16365
         413    1.7e+05     17642 17660.8 17661.8    17631    1275    1275   16356
         414    1.7e+05     17642 17660.8 17660.8    17635    1275    1275   16360
         415    1.7e+05     17642 17660.8 17661.8    17631    1275    1275   16356
         416    1.7e+05     17642 17660.7 17660.7    17632    1275    1275   16357
         417    1.7e+05     17642 17660.7 17661.8    17633    1275    1275   16358
         418    1.7e+05     17642 17660.5 17660.5    17637    1275    1275   16362
         419    1.7e+05     17642 17660.5 17661.8    17635    1275    1275   16360
         420    1.7e+05     17642 17660.5 17660.6    17637    1275    1275   16362
         421    1.7e+05     17642 17660.5 17661.8    17636    1275    1275   16361
         422    1.7e+05     17642 17660.5 17660.7    17634    1275    1275   16359
         423    1.7e+05     17642 17660.5 17661.8    17636    1275    1275   16361
         424    1.7e+05     17642 17660.5 17660.7    17448    1275    1275   16173
         425    1.7e+05     17642 17660.5 17662.3    17611    1275    1275   16336
         426    1.7e+05     17642 17660.5 17660.5    17619    1275    1275   16344
         427    1.7e+05     17642 17660.5 17661.7    17628    1275    1275   16353
         428    1.7e+05     17642 17660.5 17660.6    17637    1275    1275   16362
         429    1.7e+05     17642 17660.5 17661.8    17633    1275    1275   16358
         430    1.7e+05     17642 17660.5 17660.6    17634    1275    1275   16359
         431    1.7e+05     17642 17660.5 17661.7    17634    1275    1275   16359
         432    1.7e+05     17642 17660.5 17660.5    17621    1276    1276   16345
         433    1.7e+05     17642 17660.5 17661.7    17635    1275    1275   16360
         434    1.7e+05     17642 17660.5 17660.6    17636    1275    1275   16361
         435    1.7e+05     17642 17660.5 17661.6    17633    1275    1275   16358
         436    1.7e+05     17642 17660.4 17660.4    17639    1275    1275   16364
         437    1.7e+05     17642 17660.4 17661.6    17636    1275    1275   16361
         438    1.7e+05     17642 17660.4 17660.5    17638    1275    1275   16363
         439    1.7e+05     17642 17660.4 17661.5    17635    1275    1275   16360
         440    1.7e+05     17642 17660.4 17660.4    17635    1275    1275   16360
         441    1.7e+05     17642 17660.4 17661.6    17636    1275    1275   16361
         442    1.7e+05     17642 17660.3 17660.3    17625    1275    1275   16350
         443    1.7e+05     17642 17660.3 17661.6    17636    1275    1275   16361
         444    1.7e+05     17642 17660.3 17660.3    17625    1275    1275   16350
         445    1.7e+05     17642 17660.3 17661.6    17635    1275    1275   16360
         446    1.7e+05     17642 17660.3 17660.3    17636    1275    1275   16361
         447    1.7e+05     17642 17660.3 17661.5    17636    1275    1275   16361
         448    1.7e+05     17642 17660.3 17660.3    17639    1275    1275   16364
         449    1.7e+05     17642 17660.3 17661.6    17636    1275    1275   16361
         450    1.7e+05     17642 17660.3 17660.3    17637    1275    1275   16362
         451    1.7e+05     17642 17660.3 17661.4    17635    1275    1275   16360
         452    1.7e+05     17642 17660.3 17660.3    17637    1275    1275   16362
         453    1.7e+05     17642 17660.3 17661.6    17633    1275    1275   16358
         454    1.7e+05     17642 17660.3 17660.5    17635    1275    1275   16360
         455    1.7e+05     17642 17660.3 17661.4    17635    1275    1275   16360
         456    1.7e+05     17642 17660.2 17660.2    17637    1275    1275   16362
         457    1.7e+05     17642 17660.2 17661.3    17636    1275    1275   16361
         458    1.7e+05     17642 17660.2 17660.3    17641    1275    1275   16366
         459    1.7e+05     17642 17660.2 17661.4    17636    1275    1275   16361
         460    1.7e+05     17642 17660.2 17660.3    17642    1275    1275   16367
         461    1.7e+05     17642 17660.2 17661.5    17635    1275    1275   16360
         462    1.7e+05     17642 17660.2 17660.3    17640    1275    1275   16365
         463    1.7e+05     17642 17660.2 17661.4    17635    1275    1275   16360
         464    1.7e+05     17642 17660.2 17660.3    17640    1275    1275   16365
         465    1.7e+05     17642 17660.2 17661.4    17635    1275    1275   16360
         466    1.7e+05     17642 17660.2 17660.3    17640    1275    1275   16365
         467    1.7e+05     17642 17660.2 17661.3    17635    1275    1275   16360
         468    1.7e+05     17642 17660.2 17660.3    17638    1275    1275   16363
         469    1.7e+05     17642 17660.2 17661.4    17633    1275    1275   16358
         470    1.7e+05     17642 17660.2 17660.3    17632    1275    1275   16357
         471    1.7e+05     17642 17660.2 17661.5    17631    1275    1275   16356
         472    1.7e+05     17642 17660.2 17660.2    17639    1275    1275   16364
         473    1.7e+05     17642 17660.2 17661.3    17624    1275    1275   16349
         474    1.7e+05     17642 17660.2 17660.2    17636    1275    1275   16361
         475    1.7e+05     17642 17660.2 17661.3    17637    1275    1275   16362
         476    1.7e+05     17642 17660.2 17660.2    17639    1275    1275   16364
         477    1.7e+05     17642 17660.2 17661.3    17633    1275    1275   16358
         478    1.7e+05     17642 17660.2 17660.5    17638    1275    1275   16363
         479    1.7e+05     17642 17660.2 17661.2    17634    1275    1275   16359
         480    1.7e+05     17642 17660.1 17660.1    17637    1275    1275   16362
         481    1.7e+05     17642 17660.1 17661.3    17635    1275    1275   16360
         482    1.7e+05     17642 17660.1 17660.4    17637    1275    1275   16362
         483    1.7e+05     17642 17660.1 17661.2    17630    1275    1275   16355
         484    1.7e+05     17642 17660.1 17660.1    17637    1275    1275   16362
         485    1.7e+05     17642 17660.1 17661.3    17629    1275    1275   16354
         486    1.7e+05     17642 17660.1 17660.4    17637    1275    1275   16362
         487    1.7e+05     17642 17660.1 17661.2    17632    1275    1275   16357
         488    1.7e+05     17642 17660.1 17660.3    17637    1275    1275   16362
         489    1.7e+05     17642 17660.1 17661.2    17633    1275    1275   16358
         490    1.7e+05     17642 17660.1 17660.3    17636    1275    1275   16361
         491    1.7e+05     17642 17660.1 17661.2    17632    1275    1275   16357
         492    1.7e+05     17642 17660.1 17660.2    17637    1275    1275   16362
         493    1.7e+05     17642 17660.1 17661.3    17633    1275    1275   16358
         494    1.7e+05     17642   17660   17660    17639    1275    1275   16364
         495    1.7e+05     17642   17660 17661.3    17634    1275    1275   16359
         496    1.7e+05     17642   17660 17660.2    17638    1275    1275   16363
         497    1.7e+05     17642   17660 17661.3    17634    1275    1275   16359
         498    1.7e+05     17642   17660   17660    17639    1275    1275   16364
         499    1.7e+05     17642   17660 17661.2    17633    1275    1275   16358
         500    1.7e+05     17642   17660   17660    17638    1275    1275   16363
         501    1.7e+05     17642   17660 17661.2    17635    1275    1275   16360
         502    1.7e+05     17642   17660 17660.1    17635    1275    1275   16360
         503    1.7e+05     17642   17660 17661.1    17636    1275    1275   16361
         504    1.7e+05     17642   17660 17660.1    17636    1275    1275   16361
         505    1.7e+05     17642   17660 17661.3    17634    1275    1275   16359
         506    1.7e+05     17642   17660 17660.1    17635    1275    1275   16360
         507    1.7e+05     17642   17660 17661.2    17636    1275    1275   16361
         508    1.7e+05     17642   17660 17660.1    17636    1275    1275   16361
         509    1.7e+05     17642   17660 17661.2    17634    1275    1275   16359
         510    1.7e+05     17642   17660   17660    17636    1275    1275   16361
         511    1.7e+05     17642   17660 17661.2    17635    1275    1275   16360
         512    1.7e+05     17642   17660   17660    17636    1275    1275   16361
         513    1.7e+05     17642   17660 17661.2    17635    1275    1275   16360
         514    1.7e+05     17642   17660   17660    17635    1275    1275   16360
         515    1.7e+05     17642   17660 17661.2    17634    1275    1275   16359
         516    1.7e+05     17642 17659.9 17659.9    17634    1275    1275   16359
         517    1.7e+05     17642 17659.9 17661.1    17634    1275    1275   16359
         518    1.7e+05     17642 17659.9 17659.9    17636    1275    1275   16361
         519    1.7e+05     17642 17659.9 17661.1    17634    1275    1275   16359
         520    1.7e+05     17642 17659.9 17659.9    17639    1275    1275   16364
         521    1.7e+05     17642 17659.9 17661.2    17634    1275    1275   16359
         522    1.7e+05     17642 17659.9 17659.9    17638    1275    1275   16363
         523    1.7e+05     17642 17659.9   17661    17635    1275    1275   16360
         524    1.7e+05     17642 17659.8 17659.8    17637    1275    1275   16362
         525    1.7e+05     17642 17659.8 17661.4    17634    1275    1275   16359
         526    1.7e+05     17642 17659.8 17659.8    17639    1275    1275   16364
         527    1.7e+05     17642 17659.8 17661.1    17634    1275    1275   16359
         528    1.7e+05     17642 17659.8   17660    17639    1275    1275   16364
         529    1.7e+05     17642 17659.8 17661.1    17632    1275    1275   16357
         530    1.7e+05     17642 17659.8   17660    17638    1275    1275   16363
         531    1.7e+05     17642 17659.8   17661    17633    1275    1275   16358
         532    1.7e+05     17642 17659.8   17660    17638    1275    1275   16363
         533    1.7e+05     17642 17659.8   17661    17630    1275    1275   16355
         534    1.7e+05     17642 17659.8 17659.8    17639    1275    1275   16364
         535    1.7e+05     17642 17659.8 17661.1    17629    1275    1275   16354
         536    1.7e+05     17642 17659.8 17660.2    17636    1275    1275   16361
         537    1.7e+05     17642 17659.8   17661    17630    1275    1275   16355
         538    1.7e+05     17642 17659.8   17660    17639    1275    1275   16364
         539    1.7e+05     17642 17659.8 17661.1    17632    1275    1275   16357
         540    1.7e+05     17642 17659.8 17660.1    17642    1275    1275   16367
         541    1.7e+05     17642 17659.8   17661    17630    1275    1275   16355
    *    542    1.7e+05     17643 17659.7 17659.7    17643    1275    1275   16368
         543    1.7e+05     17643 17659.7   17661    17633    1275    1275   16358
    *    544    1.7e+05     17644 17659.7 17659.7    17644    1275    1275   16369
         545    1.7e+05     17644 17659.7   17661    17632    1275    1275   16357
         546    1.7e+05     17644 17659.7 17659.8    17644    1275    1275   16369
         547    1.7e+05     17644 17659.7 17660.9    17633    1275    1275   16358
         548    1.7e+05     17644 17659.7 17659.7    17644    1275    1275   16369
         549    1.7e+05     17644 17659.7   17661    17634    1275    1275   16359
         550    1.7e+05     17644 17659.7 17659.8    17644    1275    1275   16369
         551    1.7e+05     17644 17659.7 17660.9    17636    1275    1275   16361
         552    1.7e+05     17644 17659.7 17659.7    17644    1275    1275   16369
         553    1.7e+05     17644 17659.7 17660.9    17632    1275    1275   16357
         554    1.7e+05     17644 17659.7 17659.8    17641    1275    1275   16366
         555    1.7e+05     17644 17659.7   17661    17631    1275    1275   16356
         556    1.7e+05     17644 17659.7 17659.9    17642    1275    1275   16367
         557    1.7e+05     17644 17659.7   17661    17613    1275    1275   16338
         558    1.7e+05     17644 17659.7   17660    17641    1275    1275   16366
         559    1.7e+05     17644 17659.7   17661    17628    1275    1275   16353
         560    1.7e+05     17644 17659.7 17660.1    17639    1275    1275   16364
         561    1.7e+05     17644 17659.7 17660.9    17631    1275    1275   16356
         562    1.7e+05     17644 17659.7 17659.9    17639    1275    1275   16364
         563    1.7e+05     17644 17659.7 17660.9    17633    1275    1275   16358
         564    1.7e+05     17644 17659.7   17660    17639    1275    1275   16364
         565    1.7e+05     17644 17659.7   17661    17632    1275    1275   16357
         566    1.7e+05     17644 17659.7 17660.1    17639    1275    1275   16364
         567    1.7e+05     17644 17659.7   17661    17633    1275    1275   16358
         568    1.7e+05     17644 17659.7 17660.2    17639    1275    1275   16364
         569    1.7e+05     17644 17659.7   17661    17632    1275    1275   16357
         570    1.7e+05     17644 17659.7 17660.1    17630    1275    1275   16355
         571    1.7e+05     17644 17659.7   17661    17633    1275    1275   16358
         572    1.7e+05     17644 17659.7 17660.1    17639    1275    1275   16364
         573    1.7e+05     17644 17659.7   17661    17630    1275    1275   16355
               reducing step to 0.0125
         574    1.7e+05     17644 17657.3 17657.3    17595    1275    1275   16320
         575    1.7e+05     17644 17655.7 17655.7    17596    1275    1275   16321
         576    1.7e+05     17644 17655.7   17656    17626    1275    1275   16351
         577    1.7e+05     17644 17655.4 17655.4    17636    1275    1275   16361
         578    1.7e+05     17644 17655.4 17656.5    17633    1275    1275   16358
         579    1.7e+05     17644 17655.3 17655.3    17638    1275    1275   16363
         580    1.7e+05     17644 17655.3 17656.4    17630    1275    1275   16355
         581    1.7e+05     17644 17655.3 17655.3    17637    1275    1275   16362
         582    1.7e+05     17644 17655.3 17656.4    17633    1275    1275   16358
         583    1.7e+05     17644 17655.3 17655.3    17639    1275    1275   16364
         584    1.7e+05     17644 17655.3 17656.4    17635    1275    1275   16360
         585    1.7e+05     17644 17655.2 17655.2    17637    1275    1275   16362
         586    1.7e+05     17644 17655.2 17656.3    17634    1275    1275   16359
         587    1.7e+05     17644 17655.2 17655.2    17640    1275    1275   16365
         588    1.7e+05     17644 17655.2 17656.3    17634    1275    1275   16359
         589    1.7e+05     17644 17655.2 17655.2    17639    1275    1275   16364
         590    1.7e+05     17644 17655.2 17656.2    17635    1275    1275   16360
         591    1.7e+05     17644 17655.2 17655.2    17637    1275    1275   16362
         592    1.7e+05     17644 17655.2 17656.3    17635    1275    1275   16360
         593    1.7e+05     17644 17655.2 17655.2    17642    1275    1275   16367
         594    1.7e+05     17644 17655.2 17656.2    17636    1275    1275   16361
         595    1.7e+05     17644 17655.1 17655.1    17643    1275    1275   16368
         596    1.7e+05     17644 17655.1 17656.3    17635    1275    1275   16360
         597    1.7e+05     17644 17655.1 17655.1    17643    1275    1275   16368
         598    1.7e+05     17644 17655.1 17656.2    17637    1275    1275   16362
         599    1.7e+05     17644 17655.1 17655.1    17643    1275    1275   16368
         600    1.7e+05     17644 17655.1 17656.2    17636    1275    1275   16361
         601    1.7e+05     17644 17655.1 17655.2    17642    1275    1275   16367
         602    1.7e+05     17644 17655.1 17656.2    17637    1275    1275   16362
         603    1.7e+05     17644 17655.1 17655.1    17641    1275    1275   16366
         604    1.7e+05     17644 17655.1 17656.2    17635    1275    1275   16360
         605    1.7e+05     17644 17655.1 17655.1    17639    1275    1275   16364
         606    1.7e+05     17644 17655.1 17656.2    17636    1275    1275   16361
         607    1.7e+05     17644 17655.1 17655.1    17641    1275    1275   16366
         608    1.7e+05     17644 17655.1 17656.2    17636    1275    1275   16361
         609    1.7e+05     17644 17655.1 17655.1    17642    1275    1275   16367
         610    1.7e+05     17644 17655.1 17656.2    17637    1275    1275   16362
         611    1.7e+05     17644 17655.1 17655.1    17642    1275    1275   16367
         612    1.7e+05     17644 17655.1 17656.2    17636    1275    1275   16361
         613    1.7e+05     17644 17655.1 17655.1    17642    1275    1275   16367
         614    1.7e+05     17644 17655.1 17656.2    17637    1275    1275   16362
         615    1.7e+05     17644 17655.1 17655.2    17643    1275    1275   16368
         616    1.7e+05     17644 17655.1 17656.2    17635    1275    1275   16360
         617    1.7e+05     17644 17655.1 17655.1    17643    1275    1275   16368
         618    1.7e+05     17644 17655.1 17656.2    17637    1275    1275   16362
         619    1.7e+05     17644   17655   17655    17643    1275    1275   16368
         620    1.7e+05     17644   17655 17656.1    17636    1275    1275   16361
         621    1.7e+05     17644   17655 17655.1    17642    1275    1275   16367
         622    1.7e+05     17644   17655 17656.1    17637    1275    1275   16362
         623    1.7e+05     17644   17655 17655.1    17644    1275    1275   16369
         624    1.7e+05     17644   17655 17656.1    17636    1275    1275   16361
         625    1.7e+05     17644   17655 17655.1    17641    1275    1275   16366
         626    1.7e+05     17644   17655   17656    17637    1275    1275   16362
         627    1.7e+05     17644   17655   17655    17643    1275    1275   16368
         628    1.7e+05     17644   17655 17656.1    17635    1275    1275   16360
         629    1.7e+05     17644   17655 17655.1    17644    1275    1275   16369
         630    1.7e+05     17644   17655   17656    17637    1275    1275   16362
         631    1.7e+05     17644   17655 17655.1    17644    1275    1275   16369
         632    1.7e+05     17644   17655 17656.1    17636    1275    1275   16361
         633    1.7e+05     17644   17655 17655.1    17642    1275    1275   16367
         634    1.7e+05     17644   17655   17656    17637    1275    1275   16362
         635    1.7e+05     17644   17655 17655.1    17642    1275    1275   16367
         636    1.7e+05     17644   17655 17656.1    17635    1275    1275   16360
         637    1.7e+05     17644   17655 17655.1    17642    1275    1275   16367
         638    1.7e+05     17644   17655   17656    17637    1275    1275   16362
         639    1.7e+05     17644   17655 17655.1    17641    1275    1275   16366
         640    1.7e+05     17644   17655   17656    17636    1275    1275   16361
         641    1.7e+05     17644   17655 17655.1    17641    1275    1275   16366
         642    1.7e+05     17644   17655   17656    17637    1275    1275   16362
         643    1.7e+05     17644   17655 17655.1    17643    1275    1275   16368
         644    1.7e+05     17644   17655   17656    17636    1275    1275   16361
               reducing step to 0.00625
         645    1.7e+05     17644 17654.3 17654.3    17619    1275    1275   16344
         646    1.7e+05     17644 17653.3 17653.3    17621    1275    1275   16346
         647    1.7e+05     17644   17653   17653    17614    1275    1275   16339
         648    1.7e+05     17644 17652.9 17652.9    17613    1275    1275   16338
         649    1.7e+05     17644 17652.9 17653.3    17641    1275    1275   16366
         650    1.7e+05     17644 17652.9 17652.9    17644    1275    1275   16369
         651    1.7e+05     17644 17652.9 17653.2    17644    1275    1275   16369
         652    1.7e+05     17644 17652.9 17652.9    17643    1275    1275   16368
    *    653    1.7e+05     17646 17652.9 17653.2    17646    1275    1275   16371
         654    1.7e+05     17646 17652.9 17652.9    17645    1275    1275   16370
         655    1.7e+05     17646 17652.9 17653.2    17643    1275    1275   16368
         656    1.7e+05     17646 17652.9 17652.9    17645    1275    1275   16370
         657    1.7e+05     17646 17652.9 17653.2    17644    1275    1275   16369
         658    1.7e+05     17646 17652.9 17652.9    17643    1275    1275   16368
         659    1.7e+05     17646 17652.9 17653.2    17644    1275    1275   16369
         660    1.7e+05     17646 17652.9 17652.9    17644    1275    1275   16369
         661    1.7e+05     17646 17652.9 17653.2    17644    1275    1275   16369
         662    1.7e+05     17646 17652.9 17652.9    17644    1275    1275   16369
         663    1.7e+05     17646 17652.9 17653.2    17642    1275    1275   16367
         664    1.7e+05     17646 17652.9 17652.9    17642    1275    1275   16367
         665    1.7e+05     17646 17652.9 17653.2    17644    1275    1275   16369
         666    1.7e+05     17646 17652.9 17652.9    17642    1275    1275   16367
         667    1.7e+05     17646 17652.9 17653.2    17643    1275    1275   16368
         668    1.7e+05     17646 17652.9 17652.9    17642    1275    1275   16367
         669    1.7e+05     17646 17652.9 17653.2    17643    1275    1275   16368
         670    1.7e+05     17646 17652.9 17652.9    17643    1275    1275   16368
         671    1.7e+05     17646 17652.9 17653.2    17644    1275    1275   16369
         672    1.7e+05     17646 17652.8 17652.8    17643    1275    1275   16368
         673    1.7e+05     17646 17652.8 17653.2    17644    1275    1275   16369
         674    1.7e+05     17646 17652.8 17652.8    17643    1275    1275   16368
         675    1.7e+05     17646 17652.8 17653.2    17643    1275    1275   16368
         676    1.7e+05     17646 17652.8 17652.8    17643    1275    1275   16368
         677    1.7e+05     17646 17652.8 17653.2    17643    1275    1275   16368
         678    1.7e+05     17646 17652.8 17652.8    17641    1275    1275   16366
         679    1.7e+05     17646 17652.8 17653.2    17642    1275    1275   16367
         680    1.7e+05     17646 17652.8 17652.8    17642    1275    1275   16367
         681    1.7e+05     17646 17652.8 17653.2    17642    1275    1275   16367
         682    1.7e+05     17646 17652.8 17652.8    17641    1275    1275   16366
         683    1.7e+05     17646 17652.8 17653.2    17643    1275    1275   16368
         684    1.7e+05     17646 17652.8 17652.8    17643    1275    1275   16368
         685    1.7e+05     17646 17652.8 17653.2    17642    1275    1275   16367
         686    1.7e+05     17646 17652.8 17652.8    17644    1275    1275   16369
         687    1.7e+05     17646 17652.8 17653.2    17642    1275    1275   16367
         688    1.7e+05     17646 17652.8 17652.8    17643    1275    1275   16368
         689    1.7e+05     17646 17652.8 17653.2    17643    1275    1275   16368
         690    1.7e+05     17646 17652.8 17652.8    17643    1275    1275   16368
         691    1.7e+05     17646 17652.8 17653.2    17641    1275    1275   16366
         692    1.7e+05     17646 17652.8 17652.8    17642    1275    1275   16367
         693    1.7e+05     17646 17652.8 17653.2    17641    1275    1275   16366
         694    1.7e+05     17646 17652.8 17652.8    17642    1275    1275   16367
         695    1.7e+05     17646 17652.8 17653.2    17641    1275    1275   16366
         696    1.7e+05     17646 17652.8 17652.8    17644    1275    1275   16369
         697    1.7e+05     17646 17652.8 17653.2    17642    1275    1275   16367
         698    1.7e+05     17646 17652.8 17652.8    17646    1275    1275   16371
         699    1.7e+05     17646 17652.8 17653.2    17643    1275    1275   16368
         700    1.7e+05     17646 17652.8 17652.8    17644    1275    1275   16369
         701    1.7e+05     17646 17652.8 17653.2    17643    1275    1275   16368
         702    1.7e+05     17646 17652.8 17652.8    17643    1275    1275   16368
         703    1.7e+05     17646 17652.8 17653.2    17644    1275    1275   16369
         704    1.7e+05     17646 17652.8 17652.8    17644    1275    1275   16369
         705    1.7e+05     17646 17652.8 17653.2    17643    1275    1275   16368
         706    1.7e+05     17646 17652.8 17652.8    17644    1275    1275   16369
         707    1.7e+05     17646 17652.8 17653.2    17642    1275    1275   16367
         708    1.7e+05     17646 17652.8 17652.8    17644    1275    1275   16369
         709    1.7e+05     17646 17652.8 17653.2    17643    1275    1275   16368
               reducing step to 0.003125
         710    1.7e+05     17646 17652.6 17652.6    17624    1275    1275   16349
         711    1.7e+05     17646 17652.3 17652.3    17641    1275    1275   16366
         712    1.7e+05     17646 17652.3 17652.4    17634    1275    1275   16359
         713    1.7e+05     17646 17652.2 17652.2    17643    1275    1275   16368
         714    1.7e+05     17646 17652.2 17652.3    17638    1275    1275   16363
         715    1.7e+05     17646 17652.2 17652.2    17645    1275    1275   16370
         716    1.7e+05     17646 17652.2 17652.3    17639    1275    1275   16364
         717    1.7e+05     17646 17652.2 17652.2    17643    1275    1275   16368
         718    1.7e+05     17646 17652.2 17652.3    17638    1275    1275   16363
         719    1.7e+05     17646 17652.2 17652.2    17645    1275    1275   16370
         720    1.7e+05     17646 17652.2 17652.3    17640    1275    1275   16365
         721    1.7e+05     17646 17652.2 17652.2    17643    1275    1275   16368
         722    1.7e+05     17646 17652.2 17652.3    17641    1275    1275   16366
         723    1.7e+05     17646 17652.2 17652.2    17643    1275    1275   16368
         724    1.7e+05     17646 17652.2 17652.3    17641    1275    1275   16366
         725    1.7e+05     17646 17652.2 17652.2    17644    1275    1275   16369
         726    1.7e+05     17646 17652.2 17652.3    17637    1275    1275   16362
         727    1.7e+05     17646 17652.2 17652.2    17646    1275    1275   16371
         728    1.7e+05     17646 17652.2 17652.3    17638    1275    1275   16363
         729    1.7e+05     17646 17652.2 17652.2    17645    1275    1275   16370
         730    1.7e+05     17646 17652.2 17652.3    17641    1275    1275   16366
         731    1.7e+05     17646 17652.1 17652.1    17644    1275    1275   16369
         732    1.7e+05     17646 17652.1 17652.3    17639    1275    1275   16364
         733    1.7e+05     17646 17652.1 17652.1    17646    1275    1275   16371
         734    1.7e+05     17646 17652.1 17652.3    17642    1275    1275   16367
         735    1.7e+05     17646 17652.1 17652.1    17646    1275    1275   16371
         736    1.7e+05     17646 17652.1 17652.3    17640    1275    1275   16365
         737    1.7e+05     17646 17652.1 17652.1    17645    1275    1275   16370
         738    1.7e+05     17646 17652.1 17652.3    17642    1275    1275   16367
         739    1.7e+05     17646 17652.1 17652.1    17643    1275    1275   16368
         740    1.7e+05     17646 17652.1 17652.3    17641    1275    1275   16366
         741    1.7e+05     17646 17652.1 17652.1    17644    1275    1275   16369
         742    1.7e+05     17646 17652.1 17652.3    17642    1275    1275   16367
         743    1.7e+05     17646 17652.1 17652.1    17645    1275    1275   16370
         744    1.7e+05     17646 17652.1 17652.3    17641    1275    1275   16366
         745    1.7e+05     17646 17652.1 17652.1    17645    1275    1275   16370
         746    1.7e+05     17646 17652.1 17652.3    17640    1275    1275   16365
         747    1.7e+05     17646 17652.1 17652.1    17645    1275    1275   16370
         748    1.7e+05     17646 17652.1 17652.3    17640    1275    1275   16365
         749    1.7e+05     17646 17652.1 17652.1    17646    1275    1275   16371
         750    1.7e+05     17646 17652.1 17652.3    17640    1275    1275   16365
         751    1.7e+05     17646 17652.1 17652.1    17646    1275    1275   16371
         752    1.7e+05     17646 17652.1 17652.3    17641    1275    1275   16366
         753    1.7e+05     17646 17652.1 17652.1    17646    1275    1275   16371
         754    1.7e+05     17646 17652.1 17652.3    17641    1275    1275   16366
         755    1.7e+05     17646 17652.1 17652.1    17645    1275    1275   16370
         756    1.7e+05     17646 17652.1 17652.3    17639    1275    1275   16364
         757    1.7e+05     17646 17652.1 17652.1    17644    1275    1275   16369
         758    1.7e+05     17646 17652.1 17652.3    17640    1275    1275   16365
         759    1.7e+05     17646 17652.1 17652.1    17644    1275    1275   16369
         760    1.7e+05     17646 17652.1 17652.3    17640    1275    1275   16365
         761    1.7e+05     17646 17652.1 17652.1    17646    1275    1275   16371
         762    1.7e+05     17646 17652.1 17652.3    17639    1275    1275   16364
         763    1.7e+05     17646 17652.1 17652.1    17646    1275    1275   16371
         764    1.7e+05     17646 17652.1 17652.3    17640    1275    1275   16365
         765    1.7e+05     17646 17652.1 17652.1    17645    1275    1275   16370
         766    1.7e+05     17646 17652.1 17652.3    17641    1275    1275   16366
         767    1.7e+05     17646 17652.1 17652.1    17645    1275    1275   16370
         768    1.7e+05     17646 17652.1 17652.3    17640    1275    1275   16365
         769    1.7e+05     17646 17652.1 17652.1    17645    1275    1275   16370
         770    1.7e+05     17646 17652.1 17652.3    17642    1275    1275   16367
         771    1.7e+05     17646 17652.1 17652.1    17646    1275    1275   16371
         772    1.7e+05     17646 17652.1 17652.3    17641    1275    1275   16366
         773    1.7e+05     17646 17652.1 17652.1    17646    1275    1275   16371
         774    1.7e+05     17646 17652.1 17652.3    17640    1275    1275   16365
         775    1.7e+05     17646 17652.1 17652.1    17646    1275    1275   16371
         776    1.7e+05     17646 17652.1 17652.3    17637    1275    1275   16362
         777    1.7e+05     17646 17652.1 17652.1    17644    1275    1275   16369
         778    1.7e+05     17646 17652.1 17652.3    17640    1275    1275   16365
         779    1.7e+05     17646 17652.1 17652.1    17645    1275    1275   16370
         780    1.7e+05     17646 17652.1 17652.3    17640    1275    1275   16365
         781    1.7e+05     17646 17652.1 17652.1    17645    1275    1275   16370
         782    1.7e+05     17646 17652.1 17652.3    17640    1275    1275   16365
         783    1.7e+05     17646 17652.1 17652.1    17646    1275    1275   16371
         784    1.7e+05     17646 17652.1 17652.3    17637    1275    1275   16362
         785    1.7e+05     17646 17652.1 17652.1    17641    1275    1275   16366
         786    1.7e+05     17646 17652.1 17652.3    17641    1275    1275   16366
         787    1.7e+05     17646 17652.1 17652.1    17645    1275    1275   16370
         788    1.7e+05     17646 17652.1 17652.3    17641    1275    1275   16366
         789    1.7e+05     17646 17652.1 17652.1    17644    1275    1275   16369
         790    1.7e+05     17646 17652.1 17652.3    17641    1275    1275   16366
         791    1.7e+05     17646 17652.1 17652.1    17645    1275    1275   16370
         792    1.7e+05     17646 17652.1 17652.3    17640    1275    1275   16365
         793    1.7e+05     17646 17652.1 17652.1    17644    1275    1275   16369
         794    1.7e+05     17646 17652.1 17652.3    17641    1275    1275   16366
         795    1.7e+05     17646 17652.1 17652.1    17644    1275    1275   16369
         796    1.7e+05     17646 17652.1 17652.3    17639    1275    1275   16364
         797    1.7e+05     17646 17652.1 17652.1    17644    1275    1275   16369
         798    1.7e+05     17646 17652.1 17652.3    17641    1275    1275   16366
         799    1.7e+05     17646 17652.1 17652.1    17645    1275    1275   16370
         800    1.7e+05     17646 17652.1 17652.3    17641    1275    1275   16366
         801    1.7e+05     17646 17652.1 17652.1    17646    1275    1275   16371
         802    1.7e+05     17646 17652.1 17652.3    17639    1275    1275   16364
         803    1.7e+05     17646 17652.1 17652.1    17646    1275    1275   16371
         804    1.7e+05     17646 17652.1 17652.3    17636    1275    1275   16361
         805    1.7e+05     17646 17652.1 17652.1    17642    1275    1275   16367
         806    1.7e+05     17646 17652.1 17652.3    17641    1275    1275   16366
         807    1.7e+05     17646 17652.1 17652.1    17643    1275    1275   16368
         808    1.7e+05     17646 17652.1 17652.3    17636    1275    1275   16361
         809    1.7e+05     17646 17652.1 17652.1    17646    1275    1275   16371
         810    1.7e+05     17646 17652.1 17652.3    17641    1275    1275   16366
         811    1.7e+05     17646 17652.1 17652.1    17645    1275    1275   16370
         812    1.7e+05     17646 17652.1 17652.3    17638    1275    1275   16363
         813    1.7e+05     17646 17652.1 17652.1    17646    1275    1275   16371
         814    1.7e+05     17646 17652.1 17652.3    17641    1275    1275   16366
         815    1.7e+05     17646 17652.1 17652.1    17646    1275    1275   16371
         816    1.7e+05     17646 17652.1 17652.3    17641    1275    1275   16366
         817    1.7e+05     17646 17652.1 17652.1    17645    1275    1275   16370
         818    1.7e+05     17646 17652.1 17652.3    17642    1275    1275   16367
         819    1.7e+05     17646 17652.1 17652.1    17645    1275    1275   16370
         820    1.7e+05     17646 17652.1 17652.3    17639    1275    1275   16364
         821    1.7e+05     17646 17652.1 17652.1    17644    1275    1275   16369
         822    1.7e+05     17646 17652.1 17652.3    17641    1275    1275   16366
         823    1.7e+05     17646 17652.1 17652.1    17644    1275    1275   16369
         824    1.7e+05     17646 17652.1 17652.3    17641    1275    1275   16366
         825    1.7e+05     17646 17652.1 17652.1    17644    1275    1275   16369
         826    1.7e+05     17646 17652.1 17652.2    17642    1275    1275   16367
         827    1.7e+05     17646 17652.1 17652.1    17643    1275    1275   16368
         828    1.7e+05     17646 17652.1 17652.3    17639    1275    1275   16364
         829    1.7e+05     17646 17652.1 17652.1    17645    1275    1275   16370
         830    1.7e+05     17646 17652.1 17652.2    17637    1275    1275   16362
         831    1.7e+05     17646 17652.1 17652.1    17645    1275    1275   16370
         832    1.7e+05     17646 17652.1 17652.3    17638    1275    1275   16363
         833    1.7e+05     17646 17652.1 17652.1    17644    1275    1275   16369
         834    1.7e+05     17646 17652.1 17652.3    17637    1275    1275   16362
         835    1.7e+05     17646 17652.1 17652.1    17644    1275    1275   16369
         836    1.7e+05     17646 17652.1 17652.3    17636    1275    1275   16361
         837    1.7e+05     17646 17652.1 17652.1    17644    1275    1275   16369
         838    1.7e+05     17646 17652.1 17652.3    17637    1275    1275   16362
         839    1.7e+05     17646 17652.1 17652.1    17643    1275    1275   16368
         840    1.7e+05     17646 17652.1 17652.3    17637    1275    1275   16362
               reducing step to 0.0015625
         841    1.7e+05     17646   17652   17652    17637    1275    1275   16362
         842    1.7e+05     17646 17651.8 17651.8    17644    1275    1275   16369
         843    1.7e+05     17646 17651.8 17651.9    17642    1275    1275   16367
         844    1.7e+05     17646 17651.8 17651.8    17645    1275    1275   16370
         845    1.7e+05     17646 17651.8 17651.8    17639    1275    1275   16364
         846    1.7e+05     17646 17651.8 17651.8    17643    1275    1275   16368
         847    1.7e+05     17646 17651.8 17651.8    17640    1275    1275   16365
         848    1.7e+05     17646 17651.8 17651.8    17644    1275    1275   16369
         849    1.7e+05     17646 17651.8 17651.8    17642    1275    1275   16367
    *    850    1.7e+05     17647 17651.8 17651.8    17647    1275    1275   16372
         851    1.7e+05     17647 17651.8 17651.8    17642    1275    1275   16367
         852    1.7e+05     17647 17651.8 17651.8    17646    1275    1275   16371
         853    1.7e+05     17647 17651.8 17651.8    17642    1275    1275   16367
         854    1.7e+05     17647 17651.8 17651.8    17646    1275    1275   16371
         855    1.7e+05     17647 17651.8 17651.8    17640    1275    1275   16365
         856    1.7e+05     17647 17651.8 17651.8    17645    1275    1275   16370
         857    1.7e+05     17647 17651.8 17651.8    17642    1275    1275   16367
         858    1.7e+05     17647 17651.8 17651.8    17645    1275    1275   16370
         859    1.7e+05     17647 17651.8 17651.8    17641    1275    1275   16366
         860    1.7e+05     17647 17651.8 17651.8    17646    1275    1275   16371
         861    1.7e+05     17647 17651.8 17651.8    17641    1275    1275   16366
         862    1.7e+05     17647 17651.8 17651.8    17647    1275    1275   16372
         863    1.7e+05     17647 17651.8 17651.8    17642    1275    1275   16367
         864    1.7e+05     17647 17651.7 17651.7    17647    1275    1275   16372
         865    1.7e+05     17647 17651.7 17651.8    17642    1275    1275   16367
         866    1.7e+05     17647 17651.7 17651.7    17647    1275    1275   16372
         867    1.7e+05     17647 17651.7 17651.8    17641    1275    1275   16366
         868    1.7e+05     17647 17651.7 17651.7    17646    1275    1275   16371
         869    1.7e+05     17647 17651.7 17651.8    17643    1275    1275   16368
         870    1.7e+05     17647 17651.7 17651.7    17645    1275    1275   16370
         871    1.7e+05     17647 17651.7 17651.8    17642    1275    1275   16367
         872    1.7e+05     17647 17651.7 17651.7    17646    1275    1275   16371
         873    1.7e+05     17647 17651.7 17651.8    17641    1275    1275   16366
         874    1.7e+05     17647 17651.7 17651.8    17646    1275    1275   16371
         875    1.7e+05     17647 17651.7 17651.8    17642    1275    1275   16367
         876    1.7e+05     17647 17651.7 17651.7    17645    1275    1275   16370
         877    1.7e+05     17647 17651.7 17651.8    17643    1275    1275   16368
         878    1.7e+05     17647 17651.7 17651.7    17646    1275    1275   16371
         879    1.7e+05     17647 17651.7 17651.8    17642    1275    1275   16367
         880    1.7e+05     17647 17651.7 17651.7    17645    1275    1275   16370
         881    1.7e+05     17647 17651.7 17651.8    17642    1275    1275   16367
         882    1.7e+05     17647 17651.7 17651.7    17647    1275    1275   16372
         883    1.7e+05     17647 17651.7 17651.8    17640    1275    1275   16365
         884    1.7e+05     17647 17651.7 17651.7    17647    1275    1275   16372
         885    1.7e+05     17647 17651.7 17651.8    17642    1275    1275   16367
         886    1.7e+05     17647 17651.7 17651.7    17646    1275    1275   16371
         887    1.7e+05     17647 17651.7 17651.8    17641    1275    1275   16366
         888    1.7e+05     17647 17651.7 17651.7    17647    1275    1275   16372
         889    1.7e+05     17647 17651.7 17651.8    17642    1275    1275   16367
         890    1.7e+05     17647 17651.7 17651.7    17647    1275    1275   16372
         891    1.7e+05     17647 17651.7 17651.8    17639    1275    1275   16364
         892    1.7e+05     17647 17651.7 17651.7    17647    1275    1275   16372
         893    1.7e+05     17647 17651.7 17651.8    17640    1275    1275   16365
         894    1.7e+05     17647 17651.7 17651.7    17647    1275    1275   16372
         895    1.7e+05     17647 17651.7 17651.8    17638    1275    1275   16363
         896    1.7e+05     17647 17651.7 17651.7    17647    1275    1275   16372
         897    1.7e+05     17647 17651.7 17651.8    17641    1275    1275   16366
         898    1.7e+05     17647 17651.7 17651.7    17646    1275    1275   16371
         899    1.7e+05     17647 17651.7 17651.8    17640    1275    1275   16365
         900    1.7e+05     17647 17651.7 17651.7    17646    1275    1275   16371
         901    1.7e+05     17647 17651.7 17651.8    17642    1275    1275   16367
         902    1.7e+05     17647 17651.7 17651.7    17647    1275    1275   16372
         903    1.7e+05     17647 17651.7 17651.8    17641    1275    1275   16366
         904    1.7e+05     17647 17651.7 17651.7    17646    1275    1275   16371
         905    1.7e+05     17647 17651.7 17651.8    17641    1275    1275   16366
         906    1.7e+05     17647 17651.7 17651.7    17647    1275    1275   16372
         907    1.7e+05     17647 17651.7 17651.8    17641    1275    1275   16366
         908    1.7e+05     17647 17651.7 17651.7    17647    1275    1275   16372
         909    1.7e+05     17647 17651.7 17651.8    17643    1275    1275   16368
         910    1.7e+05     17647 17651.7 17651.7    17646    1275    1275   16371
         911    1.7e+05     17647 17651.7 17651.8    17638    1275    1275   16363
         912    1.7e+05     17647 17651.7 17651.7    17647    1275    1275   16372
         913    1.7e+05     17647 17651.7 17651.8    17638    1275    1275   16363
         914    1.7e+05     17647 17651.7 17651.7    17642    1275    1275   16367
         915    1.7e+05     17647 17651.7 17651.8    17640    1275    1275   16365
         916    1.7e+05     17647 17651.7 17651.7    17646    1275    1275   16371
         917    1.7e+05     17647 17651.7 17651.8    17643    1275    1275   16368
         918    1.7e+05     17647 17651.7 17651.7    17646    1275    1275   16371
         919    1.7e+05     17647 17651.7 17651.8    17641    1275    1275   16366
         920    1.7e+05     17647 17651.7 17651.7    17647    1275    1275   16372
         921    1.7e+05     17647 17651.7 17651.8    17643    1275    1275   16368
         922    1.7e+05     17647 17651.7 17651.7    17646    1275    1275   16371
         923    1.7e+05     17647 17651.7 17651.8    17640    1275    1275   16365
         924    1.7e+05     17647 17651.7 17651.7    17646    1275    1275   16371
         925    1.7e+05     17647 17651.7 17651.8    17640    1275    1275   16365
         926    1.7e+05     17647 17651.7 17651.7    17642    1275    1275   16367
         927    1.7e+05     17647 17651.7 17651.8    17641    1275    1275   16366
         928    1.7e+05     17647 17651.7 17651.7    17646    1275    1275   16371
         929    1.7e+05     17647 17651.7 17651.8    17643    1275    1275   16368
         930    1.7e+05     17647 17651.7 17651.7    17646    1275    1275   16371
         931    1.7e+05     17647 17651.7 17651.8    17642    1275    1275   16367
         932    1.7e+05     17647 17651.7 17651.7    17646    1275    1275   16371
         933    1.7e+05     17647 17651.7 17651.8    17641    1275    1275   16366
         934    1.7e+05     17647 17651.7 17651.7    17647    1275    1275   16372
         935    1.7e+05     17647 17651.7 17651.8    17636    1275    1275   16361
         936    1.7e+05     17647 17651.7 17651.7    17645    1275    1275   16370
         937    1.7e+05     17647 17651.7 17651.8    17639    1275    1275   16364
         938    1.7e+05     17647 17651.7 17651.7    17645    1275    1275   16370
         939    1.7e+05     17647 17651.7 17651.8    17638    1275    1275   16363
         940    1.7e+05     17647 17651.7 17651.7    17647    1275    1275   16372
         941    1.7e+05     17647 17651.7 17651.8    17639    1275    1275   16364
               reducing step to 0.00078125
         942    1.7e+05     17647 17651.7 17651.7    17636    1275    1275   16361
         943    1.7e+05     17647 17651.6 17651.6    17643    1275    1275   16368
         944    1.7e+05     17647 17651.6 17651.6    17642    1275    1275   16367
         945    1.7e+05     17647 17651.6 17651.6    17645    1275    1275   16370
         946    1.7e+05     17647 17651.6 17651.6    17642    1275    1275   16367
         947    1.7e+05     17647 17651.6 17651.6    17646    1275    1275   16371
         948    1.7e+05     17647 17651.6 17651.6    17641    1275    1275   16366
         949    1.7e+05     17647 17651.5 17651.5    17647    1275    1275   16372
         950    1.7e+05     17647 17651.5 17651.6    17640    1275    1275   16365
         951    1.7e+05     17647 17651.5 17651.5    17647    1275    1275   16372
         952    1.7e+05     17647 17651.5 17651.6    17641    1275    1275   16366
         953    1.7e+05     17647 17651.5 17651.5    17647    1275    1275   16372
         954    1.7e+05     17647 17651.5 17651.6    17641    1275    1275   16366
         955    1.7e+05     17647 17651.5 17651.5    17646    1275    1275   16371
         956    1.7e+05     17647 17651.5 17651.6    17640    1275    1275   16365
         957    1.7e+05     17647 17651.5 17651.5    17646    1275    1275   16371
         958    1.7e+05     17647 17651.5 17651.6    17642    1275    1275   16367
    *    959    1.7e+05     17648 17651.5 17651.5    17648    1275    1275   16373
         960    1.7e+05     17648 17651.5 17651.6    17642    1275    1275   16367
         961    1.7e+05     17648 17651.5 17651.5    17648    1275    1275   16373
         962    1.7e+05     17648 17651.5 17651.6    17643    1275    1275   16368
         963    1.7e+05     17648 17651.5 17651.5    17647    1275    1275   16372
         964    1.7e+05     17648 17651.5 17651.6    17641    1275    1275   16366
         965    1.7e+05     17648 17651.5 17651.5    17647    1275    1275   16372
         966    1.7e+05     17648 17651.5 17651.6    17643    1275    1275   16368
         967    1.7e+05     17648 17651.5 17651.5    17648    1275    1275   16373
         968    1.7e+05     17648 17651.5 17651.6    17641    1275    1275   16366
         969    1.7e+05     17648 17651.5 17651.5    17646    1275    1275   16371
         970    1.7e+05     17648 17651.5 17651.6    17643    1275    1275   16368
         971    1.7e+05     17648 17651.5 17651.5    17648    1275    1275   16373
         972    1.7e+05     17648 17651.5 17651.6    17642    1275    1275   16367
         973    1.7e+05     17648 17651.5 17651.5    17647    1275    1275   16372
         974    1.7e+05     17648 17651.5 17651.6    17642    1275    1275   16367
         975    1.7e+05     17648 17651.5 17651.5    17647    1275    1275   16372
         976    1.7e+05     17648 17651.5 17651.6    17642    1275    1275   16367
         977    1.7e+05     17648 17651.5 17651.5    17646    1275    1275   16371
         978    1.7e+05     17648 17651.5 17651.6    17643    1275    1275   16368
         979    1.7e+05     17648 17651.5 17651.5    17647    1275    1275   16372
         980    1.7e+05     17648 17651.5 17651.6    17640    1275    1275   16365
         981    1.7e+05     17648 17651.5 17651.5    17648    1275    1275   16373
         982    1.7e+05     17648 17651.5 17651.6    17642    1275    1275   16367
         983    1.7e+05     17648 17651.5 17651.5    17647    1275    1275   16372
         984    1.7e+05     17648 17651.5 17651.6    17641    1275    1275   16366
         985    1.7e+05     17648 17651.5 17651.5    17648    1275    1275   16373
         986    1.7e+05     17648 17651.5 17651.6    17642    1275    1275   16367
         987    1.7e+05     17648 17651.5 17651.5    17647    1275    1275   16372
         988    1.7e+05     17648 17651.5 17651.6    17641    1275    1275   16366
         989    1.7e+05     17648 17651.5 17651.5    17647    1275    1275   16372
         990    1.7e+05     17648 17651.5 17651.6    17643    1275    1275   16368
         991    1.7e+05     17648 17651.5 17651.5    17648    1275    1275   16373
         992    1.7e+05     17648 17651.5 17651.6    17641    1275    1275   16366
         993    1.7e+05     17648 17651.5 17651.5    17647    1275    1275   16372
         994    1.7e+05     17648 17651.5 17651.6    17643    1275    1275   16368
         995    1.7e+05     17648 17651.5 17651.5    17647    1275    1275   16372
         996    1.7e+05     17648 17651.5 17651.6    17639    1275    1275   16364
         997    1.7e+05     17648 17651.5 17651.5    17648    1275    1275   16373
         998    1.7e+05     17648 17651.5 17651.6    17641    1275    1275   16366
         999    1.7e+05     17648 17651.5 17651.5    17647    1275    1275   16372
        1000    1.7e+05     17648 17651.5 17651.6    17641    1275    1275   16366
Total time used by klau is 464.35
true_align (3890) and est_align (1275) DO NOT have the same number of elements.
method klau has a score of 23.55%
method klau used 464.352 seconds.
maximum values in init align row is:  3889
maximum values in init align col is:  3886
 best   iter   pr-delta       obj  weight    card overlap
    *      1    6.2e-01   12162.5    1281    1281   11522
    *      2    1.9e-01   13349.5    1281    1281   12709
    *      3    6.5e-02   13379.5    1281    1281   12739
    *      4    2.4e-02   13402.5    1281    1281   12762
           5    9.2e-03   13393.5    1281    1281   12753
           6    3.6e-03   13388.5    1281    1281   12748
           7    1.5e-03   13390.5    1281    1281   12750
           8    6.0e-04   13390.5    1281    1281   12750
           9    2.5e-04   13390.5    1281    1281   12750
          10    1.1e-04   13390.5    1281    1281   12750
          11    4.9e-05   13390.5    1281    1281   12750
          12    2.4e-05   13390.5    1281    1281   12750
          13    1.2e-05   13390.5    1281    1281   12750
          14    6.1e-06   13390.5    1281    1281   12750
          15    3.3e-06   13390.5    1281    1281   12750
          16    1.9e-06   13390.5    1281    1281   12750
          17    1.1e-06   13390.5    1281    1281   12750
          18    6.9e-07   13390.5    1281    1281   12750
          19    4.2e-07   13390.5    1281    1281   12750
          20    2.7e-07   13390.5    1281    1281   12750
          21    1.7e-07   13390.5    1281    1281   12750
          22    1.1e-07   13390.5    1281    1281   12750
          23    7.0e-08   13390.5    1281    1281   12750
          24    4.5e-08   13390.5    1281    1281   12750
          25    2.9e-08   13390.5    1281    1281   12750
          26    1.9e-08   13390.5    1281    1281   12750
          27    1.2e-08   13390.5    1281    1281   12750
          28    8.1e-09   13390.5    1281    1281   12750
          29    5.3e-09   13390.5    1281    1281   12750
          30    3.5e-09   13390.5    1281    1281   12750
          31    2.3e-09   13390.5    1281    1281   12750
          32    1.5e-09   13390.5    1281    1281   12750
          33    9.9e-10   13390.5    1281    1281   12750
          34    6.6e-10   13390.5    1281    1281   12750
          35    4.3e-10   13390.5    1281    1281   12750
          36    2.9e-10   13390.5    1281    1281   12750
          37    1.9e-10   13390.5    1281    1281   12750
          38    1.3e-10   13390.5    1281    1281   12750
          39    8.3e-11   13390.5    1281    1281   12750
          40    5.5e-11   13390.5    1281    1281   12750
          41    3.6e-11   13390.5    1281    1281   12750
          42    2.4e-11   13390.5    1281    1281   12750
          43    1.6e-11   13390.5    1281    1281   12750
          44    1.1e-11   13390.5    1281    1281   12750
          45    7.0e-12   13390.5    1281    1281   12750
          46    4.7e-12   13390.5    1281    1281   12750
          47    3.1e-12   13390.5    1281    1281   12750
          48    2.1e-12   13390.5    1281    1281   12750
          49    1.4e-12   13390.5    1281    1281   12750
          50    9.1e-13   13390.5    1281    1281   12750
Total time used by isorank is 5.75
true_align (3890) and est_align (1281) DO NOT have the same number of elements.
method isorank has a score of 10.64%
method isorank used 5.747 seconds.
experiment results:
     method      score        time
0     final  40.179949  134.604102
1  netalign  23.547558   21.797128
2      klau  23.547558  464.351851
3   isorank  10.642674    5.747079
