Permutation sanity check error is 1539.0.
Permutation sanity check error is 150461.0.
num_init for this graph is 12
Generating initial alignment matrix using degree ...
mode is  degree
number of noisy edges are:  12
Average number of initial alignments for each node is 24
maximum values in init align row is:  3889
maximum values in init align col is:  3889
Recovering sparse matrix L took 0.03 sec.
Time for degree: 0.03 sec
iteration 1
Time for iteration 1: 0.92 sec, diff = 0.29117
iteration 2
Time for iteration 2: 2.66 sec, diff = 0.02076
iteration 3
Time for iteration 3: 2.84 sec, diff = 0.00687
iteration 4
Time for iteration 4: 2.72 sec, diff = 0.00364
iteration 5
Time for iteration 5: 2.77 sec, diff = 0.00222
iteration 6
Time for iteration 6: 2.91 sec, diff = 0.00142
iteration 7
Time for iteration 7: 2.74 sec, diff = 0.00093
iteration 8
Time for iteration 8: 2.71 sec, diff = 0.00062
iteration 9
Time for iteration 9: 2.71 sec, diff = 0.00041
iteration 10
Time for iteration 10: 2.84 sec, diff = 0.00028
iteration 11
Time for iteration 11: 2.70 sec, diff = 0.00019
iteration 12
Time for iteration 12: 2.73 sec, diff = 0.00013
iteration 13
Time for iteration 13: 2.95 sec, diff = 0.00008
iteration 14
Time for iteration 14: 2.72 sec, diff = 0.00006
iteration 15
Time for iteration 15: 2.73 sec, diff = 0.00004
iteration 16
Time for iteration 16: 2.77 sec, diff = 0.00003
iteration 17
Time for iteration 17: 2.86 sec, diff = 0.00002
iteration 18
Time for iteration 18: 2.72 sec, diff = 0.00001
iteration 19
Time for iteration 19: 2.71 sec, diff = 0.00001
Total time used by final is 53.50 sec.
true_align and est_align have the same number of elements.
method final has a score of 39.00%
method final used 53.495 seconds.
maximum values in init align row is:  3889
maximum values in init align col is:  3889
best   iter    obj_ma wght_ma card_ma over_ma    obj_mb wght_mb card_mb over_mb
  *a      1     16423    1287    1287   15136     16423    1287    1287   15136
          2      3032     800     800    2232      3460     775     775    2685
          3     10228    1210    1210    9018      9024     956     956    8068
          4      3823    1049    1049    2774      4052     924     924    3128
          5     12361    1223    1223   11138     12194    1074    1074   11120
          6     15427    1274    1274   14153     15561    1259    1259   14302
  *a      7     16772    1268    1268   15504     16771    1212    1212   15559
          8      9883    1210    1210    8673      9824    1157    1157    8667
          9      6238     944     944    5294      4877     544     544    4333
         10     11767    1250    1250   10517     11667    1212    1212   10455
         11      9502    1094    1094    8408      8767     866     866    7901
         12      9774    1218    1218    8556      9588    1099    1099    8489
         13      5170     942     942    4228      4435     640     640    3795
         14      9708    1223    1223    8485      9530    1120    1120    8410
         15      6730    1025    1025    5705      5580     751     751    4829
         16     10123    1230    1230    8893     10269    1127    1127    9142
         17      7306    1042    1042    6264      6136     783     783    5353
         18     10900    1239    1239    9661     10515    1139    1139    9376
         19      8390    1081    1081    7309      7398     852     852    6546
         20     11482    1245    1245   10237     11279    1159    1159   10120
         21     10466    1136    1136    9330     10010     972     972    9038
         22     11893    1250    1250   10643     12029    1177    1177   10852
         23     13607    1202    1202   12405     13091    1060    1060   12031
         24     12581    1253    1253   11328     12626    1176    1176   11450
         25     15830    1260    1260   14570     15915    1144    1144   14771
         26     13853    1257    1257   12596     14152    1193    1193   12959
         27     15490    1264    1264   14226     15242    1170    1170   14072
         28     15740    1265    1265   14475     15611    1207    1207   14404
         29     15539    1266    1266   14273     15489    1245    1245   14244
         30     15812    1268    1268   14544     15787    1257    1257   14530
  *a     31     16944    1275    1275   15669     16925    1265    1265   15660
  *a     32     17388    1277    1277   16111     17352    1259    1259   16093
  *a     33     17638    1278    1278   16360     17607    1264    1264   16343
  *a     34     17642    1278    1278   16364     17623    1269    1269   16354
  *a     35     17648    1278    1278   16370     17637    1273    1273   16364
  *a     36     17650    1278    1278   16372     17641    1273    1273   16368
         37     17650    1278    1278   16372     17638    1271    1271   16367
         38     17650    1278    1278   16372     17642    1273    1273   16369
         39     17650    1278    1278   16372     17647    1276    1276   16371
  *a     40     17651    1278    1278   16373     17648    1277    1277   16371
         41     17651    1278    1278   16373     17651    1278    1278   16373
         42     17651    1278    1278   16373     17651    1278    1278   16373
         43     17651    1278    1278   16373     17650    1277    1277   16373
         44     17651    1278    1278   16373     17650    1277    1277   16373
         45     17651    1278    1278   16373     17650    1277    1277   16373
         46     17651    1278    1278   16373     17650    1277    1277   16373
         47     17651    1278    1278   16373     17650    1277    1277   16373
         48     17651    1278    1278   16373     17650    1277    1277   16373
         49     17651    1278    1278   16373     17651    1278    1278   16373
         50     17651    1278    1278   16373     17650    1277    1277   16373
         51     17651    1278    1278   16373     17650    1277    1277   16373
         52     17651    1278    1278   16373     17651    1278    1278   16373
         53     17651    1278    1278   16373     17651    1278    1278   16373
         54     17651    1278    1278   16373     17651    1278    1278   16373
         55     17651    1278    1278   16373     17651    1278    1278   16373
         56     17651    1278    1278   16373     17651    1278    1278   16373
         57     17651    1278    1278   16373     17651    1278    1278   16373
         58     17651    1278    1278   16373     17651    1278    1278   16373
         59     17651    1278    1278   16373     17651    1278    1278   16373
         60     17651    1278    1278   16373     17651    1278    1278   16373
         61     17651    1278    1278   16373     17651    1278    1278   16373
         62     17651    1278    1278   16373     17651    1278    1278   16373
         63     17651    1278    1278   16373     17651    1278    1278   16373
         64     17651    1278    1278   16373     17651    1278    1278   16373
         65     17651    1278    1278   16373     17651    1278    1278   16373
         66     17651    1278    1278   16373     17651    1278    1278   16373
         67     17651    1278    1278   16373     17651    1278    1278   16373
         68     17651    1278    1278   16373     17651    1278    1278   16373
         69     17651    1278    1278   16373     17651    1278    1278   16373
         70     17651    1278    1278   16373     17651    1278    1278   16373
         71     17651    1278    1278   16373     17651    1278    1278   16373
         72     17651    1278    1278   16373     17651    1278    1278   16373
         73     17651    1278    1278   16373     17651    1278    1278   16373
         74     17651    1278    1278   16373     17651    1278    1278   16373
         75     17651    1278    1278   16373     17651    1278    1278   16373
         76     17651    1278    1278   16373     17651    1278    1278   16373
         77     17651    1278    1278   16373     17651    1278    1278   16373
         78     17651    1278    1278   16373     17651    1278    1278   16373
         79     17651    1278    1278   16373     17651    1278    1278   16373
         80     17651    1278    1278   16373     17651    1278    1278   16373
         81     17651    1278    1278   16373     17651    1278    1278   16373
         82     17651    1278    1278   16373     17651    1278    1278   16373
         83     17651    1278    1278   16373     17651    1278    1278   16373
         84     17651    1278    1278   16373     17651    1278    1278   16373
         85     17651    1278    1278   16373     17651    1278    1278   16373
         86     17651    1278    1278   16373     17651    1278    1278   16373
         87     17651    1278    1278   16373     17651    1278    1278   16373
         88     17651    1278    1278   16373     17651    1278    1278   16373
         89     17651    1278    1278   16373     17651    1278    1278   16373
         90     17651    1278    1278   16373     17651    1278    1278   16373
         91     17651    1278    1278   16373     17651    1278    1278   16373
         92     17651    1278    1278   16373     17651    1278    1278   16373
         93     17651    1278    1278   16373     17651    1278    1278   16373
         94     17651    1278    1278   16373     17651    1278    1278   16373
         95     17651    1278    1278   16373     17651    1278    1278   16373
         96     17651    1278    1278   16373     17651    1278    1278   16373
         97     17651    1278    1278   16373     17651    1278    1278   16373
         98     17651    1278    1278   16373     17651    1278    1278   16373
         99     17651    1278    1278   16373     17651    1278    1278   16373
        100     17651    1278    1278   16373     17651    1278    1278   16373
Total time used by netalign is 23.31
true_align (3890) and est_align (1278) DO NOT have the same number of elements.
method netalign has a score of 23.57%
method netalign used 23.307 seconds.
maximum values in init align row is:  3889
maximum values in init align col is:  3889
 best   iter     norm-u     lower   upper     cur      obj  weight    card overlap
    *      1    0.0e+00     17079 19465.5 19465.5    17079    1287    1287   15792
           2    1.2e+04     17079 19465.5 20809.2    15719    1287    1287   14432
           3    1.8e+04     17079 19465.5 20084.1    14771    1287    1287   13484
           4    2.4e+04     17079 19465.5 20162.7    13832    1287    1287   12545
           5    2.9e+04     17079 19465.5 20193.6    11720    1287    1287   10433
           6    3.4e+04     17079 19465.5   20251    10714    1287    1287    9427
           7    3.9e+04     17079 19465.5 20269.9    10244    1287    1287    8957
           8    4.3e+04     17079 19465.5 20192.9    10154    1287    1287    8867
           9    4.7e+04     17079 19465.5 20307.7     9634    1287    1287    8347
          10    5.1e+04     17079 19465.5 20195.2     9787    1287    1287    8500
          11    5.4e+04     17079 19465.5 20310.5     8465    1287    1287    7178
          12    5.8e+04     17079 19465.5   20134     9535    1287    1287    8248
          13    6.1e+04     17079 19465.5 20325.4     8655    1287    1287    7368
          14    6.5e+04     17079 19465.5 20166.5     9007    1287    1287    7720
          15    6.8e+04     17079 19465.5 20337.7     8413    1287    1287    7126
          16    7.1e+04     17079 19465.5 20180.7     9365    1287    1287    8078
          17    7.4e+04     17079 19465.5 20319.5     8432    1286    1286    7146
          18    7.6e+04     17079 19465.5 20159.4     8686    1287    1287    7399
          19    7.9e+04     17079 19465.5 20268.2     8370    1287    1287    7083
          20    8.2e+04     17079 19465.5 20232.7     8474    1287    1287    7187
          21    8.4e+04     17079 19465.5 20204.4     7981    1287    1287    6694
          22    8.7e+04     17079 19465.5 20197.3     8407    1287    1287    7120
          23    8.9e+04     17079 19465.5 20232.5     7960    1287    1287    6673
          24    9.2e+04     17079 19465.5 20167.2     8503    1287    1287    7216
          25    9.4e+04     17079 19465.5   20205     8061    1287    1287    6774
          26    9.6e+04     17079 19465.5 20216.7     8365    1287    1287    7078
               reducing step to 0.2
          27    9.7e+04     17079 19388.5 19388.5     9068    1287    1287    7781
          28    9.8e+04     17079 19295.6 19295.6     7657    1286    1286    6371
          29    9.9e+04     17079 19222.5 19222.5     8807    1287    1287    7520
          30    1.0e+05     17079 19149.7 19149.7     7887    1286    1286    6601
          31    1.0e+05     17079   19120   19120     8570    1286    1286    7284
          32    1.0e+05     17079 19083.7 19083.7     7902    1287    1287    6615
          33    1.0e+05     17079 19071.8 19071.8     7751    1287    1287    6464
          34    1.0e+05     17079 19008.3 19008.3     8579    1286    1286    7293
          35    1.0e+05     17079 18983.6 18983.6     8268    1286    1286    6982
          36    1.0e+05     17079 18948.5 18948.5     8265    1286    1286    6979
          37    1.1e+05     17079 18948.5 18962.8     8354    1287    1287    7067
          38    1.1e+05     17079 18923.5 18923.5     8711    1286    1286    7425
          39    1.1e+05     17079 18917.5 18917.5     8379    1287    1287    7092
          40    1.1e+05     17079 18871.7 18871.7     8569    1286    1286    7283
          41    1.1e+05     17079 18858.8 18858.8     8980    1286    1286    7694
          42    1.1e+05     17079 18836.4 18836.4     8449    1286    1286    7163
          43    1.1e+05     17079 18836.4 18849.8     9014    1286    1286    7728
          44    1.1e+05     17079 18810.3 18810.3     8462    1287    1287    7175
          45    1.1e+05     17079 18802.8 18802.8     8695    1286    1286    7409
          46    1.1e+05     17079 18768.7 18768.7     8967    1286    1286    7681
          47    1.1e+05     17079 18768.7 18782.5     8376    1286    1286    7090
          48    1.1e+05     17079 18764.2 18764.2     9325    1285    1285    8040
          49    1.1e+05     17079 18732.1 18732.1     8585    1286    1286    7299
          50    1.1e+05     17079 18732.1 18744.7     9408    1286    1286    8122
          51    1.1e+05     17079 18688.9 18688.9     9205    1286    1286    7919
          52    1.1e+05     17079 18688.9 18725.2     8731    1286    1286    7445
          53    1.2e+05     17079 18688.9 18693.8     9958    1286    1286    8672
          54    1.2e+05     17079 18666.9 18666.9     8967    1286    1286    7681
          55    1.2e+05     17079 18666.9 18694.8     9109    1285    1285    7824
          56    1.2e+05     17079 18616.1 18616.1     9736    1286    1286    8450
          57    1.2e+05     17079 18616.1   18675     9344    1285    1285    8059
          58    1.2e+05     17079 18616.1 18660.9     9263    1285    1285    7978
          59    1.2e+05     17079 18616.1 18644.1    10000    1286    1286    8714
          60    1.2e+05     17079 18591.4 18591.4     9186    1285    1285    7901
          61    1.2e+05     17079 18591.4 18662.1     9629    1284    1284    8345
          62    1.2e+05     17079 18564.6 18564.6    10162    1286    1286    8876
          63    1.2e+05     17079 18564.6 18621.7     9271    1286    1286    7985
          64    1.2e+05     17079 18564.6 18606.3     9278    1285    1285    7993
          65    1.2e+05     17079 18564.6 18626.6    10080    1287    1287    8793
          66    1.2e+05     17079 18539.1 18539.1    10169    1286    1286    8883
          67    1.2e+05     17079 18539.1   18585     9546    1285    1285    8261
          68    1.2e+05     17079 18539.1 18573.9     9691    1286    1286    8405
          69    1.2e+05     17079 18539.1 18570.4    10294    1285    1285    9009
          70    1.2e+05     17079 18512.8 18512.8     9540    1285    1285    8255
          71    1.2e+05     17079 18512.8 18594.8     9823    1285    1285    8538
          72    1.2e+05     17079 18471.9 18471.9    10312    1285    1285    9027
          73    1.2e+05     17079 18471.9 18552.7     9740    1284    1284    8456
          74    1.2e+05     17079 18471.9 18536.6     9963    1284    1284    8679
          75    1.2e+05     17079 18471.9 18546.5    10443    1285    1285    9158
          76    1.2e+05     17079 18471.9 18519.2    10198    1285    1285    8913
          77    1.2e+05     17079 18471.9 18519.9    10053    1285    1285    8768
          78    1.3e+05     17079 18471.9 18536.2    10030    1285    1285    8745
          79    1.3e+05     17079 18471.9 18504.7    10231    1283    1283    8948
          80    1.3e+05     17079 18451.3 18451.3     9733    1285    1285    8448
          81    1.3e+05     17079 18451.3 18557.7    10193    1286    1286    8907
          82    1.3e+05     17079 18411.5 18411.5    10348    1285    1285    9063
          83    1.3e+05     17079 18411.5 18542.3    10334    1285    1285    9049
          84    1.3e+05     17079 18411.5 18432.5    10014    1285    1285    8729
          85    1.3e+05     17079 18411.5   18512    10206    1284    1284    8922
          86    1.3e+05     17079 18411.5 18428.9    10625    1284    1284    9341
          87    1.3e+05     17079 18411.5 18469.4    10436    1284    1284    9152
          88    1.3e+05     17079 18411.5 18464.5    10612    1284    1284    9328
          89    1.3e+05     17079 18411.5 18451.1    10075    1285    1285    8790
          90    1.3e+05     17079 18411.5   18487    10582    1286    1286    9296
          91    1.3e+05     17079 18411.5 18430.7    10935    1283    1283    9652
          92    1.3e+05     17079 18411.5 18429.4    10895    1285    1285    9610
          93    1.3e+05     17079 18411.5 18429.1     9662    1285    1285    8377
          94    1.3e+05     17079 18411.5 18497.8    10355    1286    1286    9069
          95    1.3e+05     17079 18409.1 18409.1    11173    1285    1285    9888
          96    1.3e+05     17079 18409.1 18453.6    10290    1284    1284    9006
          97    1.3e+05     17079 18395.7 18395.7    10199    1286    1286    8913
          98    1.3e+05     17079 18395.7 18453.1    10532    1284    1284    9248
          99    1.3e+05     17079   18359   18359    11486    1285    1285   10201
         100    1.3e+05     17079   18359 18415.3    10794    1283    1283    9511
         101    1.3e+05     17079   18359   18397    10506    1284    1284    9222
         102    1.3e+05     17079   18359 18460.7    10373    1285    1285    9088
         103    1.3e+05     17079   18359 18378.9    10984    1286    1286    9698
         104    1.3e+05     17079   18359 18454.5    10653    1283    1283    9370
         105    1.3e+05     17079   18359 18383.9    10780    1285    1285    9495
         106    1.3e+05     17079   18359 18464.2    10654    1285    1285    9369
         107    1.3e+05     17079   18359   18362    11247    1283    1283    9964
         108    1.3e+05     17079   18359 18448.2    10510    1285    1285    9225
         109    1.3e+05     17079   18359 18389.5    10301    1285    1285    9016
         110    1.4e+05     17079   18359 18478.8    11193    1283    1283    9910
         111    1.4e+05     17079 18306.8 18306.8    10678    1284    1284    9394
         112    1.4e+05     17079 18306.8 18508.3    10597    1282    1282    9315
         113    1.4e+05     17079 18306.8 18324.9    11456    1285    1285   10171
         114    1.4e+05     17079 18306.8 18380.9    11170    1284    1284    9886
         115    1.4e+05     17079 18306.8   18327    10625    1283    1283    9342
         116    1.4e+05     17079 18306.8 18433.3    10478    1285    1285    9193
         117    1.4e+05     17079 18306.8   18314    10948    1285    1285    9663
         118    1.4e+05     17079 18306.8 18465.8    10558    1284    1284    9274
         119    1.4e+05     17079 18306.8 18332.6    12136    1285    1285   10851
         120    1.4e+05     17079 18306.8 18357.3    11405    1283    1283   10122
         121    1.4e+05     17079 18306.8 18332.6    11084    1284    1284    9800
         122    1.4e+05     17079 18306.8 18470.8    10626    1284    1284    9342
         123    1.4e+05     17079   18286   18286    11496    1286    1286   10210
         124    1.4e+05     17079   18286 18401.6    11060    1285    1285    9775
         125    1.4e+05     17079   18286 18295.3    11410    1284    1284   10126
         126    1.4e+05     17079   18286 18393.7    10326    1284    1284    9042
         127    1.4e+05     17079   18286 18297.6    11245    1285    1285    9960
         128    1.4e+05     17079   18286 18366.8    11305    1283    1283   10022
         129    1.4e+05     17079   18286 18301.3    12042    1283    1283   10759
         130    1.4e+05     17079   18286 18365.2    11304    1283    1283   10021
         131    1.4e+05     17079   18286 18317.9    11096    1283    1283    9813
         132    1.4e+05     17079   18286 18411.1    10709    1286    1286    9423
         133    1.4e+05     17079 18285.9 18285.9    11320    1283    1283   10037
         134    1.4e+05     17079 18285.9   18440    11007    1283    1283    9724
         135    1.4e+05     17079   18275   18275    12031    1282    1282   10749
         136    1.4e+05     17079   18275   18313    11581    1284    1284   10297
         137    1.4e+05     17079   18275 18296.5    11453    1282    1282   10171
         138    1.4e+05     17079   18275 18414.8    11408    1286    1286   10122
         139    1.4e+05     17079 18252.7 18252.7    11422    1283    1283   10139
         140    1.4e+05     17079 18252.7 18412.4    10910    1284    1284    9626
         141    1.4e+05     17079 18252.7 18285.2    11716    1285    1285   10431
         142    1.4e+05     17079 18252.7 18282.2    12163    1284    1284   10879
         143    1.4e+05     17079 18252.7 18268.2    11574    1282    1282   10292
         144    1.4e+05     17079 18252.7 18408.9    11571    1283    1283   10288
         145    1.4e+05     17079 18244.9 18244.9    11651    1283    1283   10368
         146    1.5e+05     17079 18244.9 18352.8    11191    1283    1283    9908
         147    1.5e+05     17079 18244.9 18283.4    11496    1284    1284   10212
         148    1.5e+05     17079 18244.9   18296    11130    1284    1284    9846
         149    1.5e+05     17079 18244.9   18314    11247    1284    1284    9963
         150    1.5e+05     17079 18222.3 18222.3    11656    1284    1284   10372
         151    1.5e+05     17079 18222.3 18307.6    11116    1283    1283    9833
         152    1.5e+05     17079 18222.3 18262.5    11081    1285    1285    9796
         153    1.5e+05     17079 18222.3   18331    11354    1284    1284   10070
         154    1.5e+05     17079 18222.3 18241.1    10860    1283    1283    9577
         155    1.5e+05     17079 18222.3 18376.5    11385    1283    1283   10102
         156    1.5e+05     17079 18222.3 18228.3    12225    1283    1283   10942
         157    1.5e+05     17079 18222.3 18351.5    12246    1285    1285   10961
         158    1.5e+05     17079 18221.3 18221.3    11674    1283    1283   10391
         159    1.5e+05     17079 18221.3 18347.4    11528    1283    1283   10245
         160    1.5e+05     17079   18219   18219    12349    1283    1283   11066
         161    1.5e+05     17079   18219   18262    11703    1284    1284   10419
         162    1.5e+05     17079   18219 18261.8    11200    1282    1282    9918
         163    1.5e+05     17079   18219   18322    10918    1283    1283    9635
         164    1.5e+05     17079   18219 18280.4    11061    1284    1284    9777
         165    1.5e+05     17079   18219 18251.2    11558    1284    1284   10274
         166    1.5e+05     17079   18219 18270.3    11601    1282    1282   10319
         167    1.5e+05     17079   18219 18260.6    11749    1284    1284   10465
         168    1.5e+05     17079   18219 18253.4    11634    1285    1285   10349
         169    1.5e+05     17079   18219 18250.7    12089    1283    1283   10806
         170    1.5e+05     17079   18219 18251.6    11672    1282    1282   10390
         171    1.5e+05     17079   18219 18322.2    11758    1284    1284   10474
         172    1.5e+05     17079 18197.3 18197.3    11771    1283    1283   10488
         173    1.5e+05     17079 18197.3 18300.9    11535    1284    1284   10251
         174    1.5e+05     17079 18197.3 18245.6    11946    1284    1284   10662
         175    1.5e+05     17079 18197.3 18252.2    11664    1282    1282   10382
         176    1.5e+05     17079 18197.3 18299.8    11983    1283    1283   10700
         177    1.5e+05     17079 18194.2 18194.2    12536    1284    1284   11252
         178    1.5e+05     17079 18194.2 18216.2    11305    1283    1283   10022
         179    1.5e+05     17079 18194.2 18352.3    11127    1283    1283    9844
         180    1.5e+05     17079 18174.5 18174.5    12570    1283    1283   11287
         181    1.5e+05     17079 18174.5 18233.3    12631    1285    1285   11346
         182    1.5e+05     17079 18174.5 18203.9    11838    1283    1283   10555
         183    1.5e+05     17079 18174.5 18264.8    11702    1284    1284   10418
         184    1.5e+05     17079 18174.5 18240.8    11805    1283    1283   10522
         185    1.5e+05     17079 18174.5 18298.8    11899    1283    1283   10616
         186    1.5e+05     17079 18174.5 18183.3    12405    1285    1285   11120
         187    1.5e+05     17079 18174.5 18266.2    11879    1283    1283   10596
         188    1.6e+05     17079 18174.5 18231.7    11383    1282    1282   10101
         189    1.6e+05     17079 18174.5 18332.7    11595    1285    1285   10310
         190    1.6e+05     17079 18174.5 18190.5    12402    1284    1284   11118
         191    1.6e+05     17079 18174.5 18278.5    12095    1283    1283   10812
         192    1.6e+05     17079 18174.5 18194.5    12087    1284    1284   10803
         193    1.6e+05     17079 18174.5 18298.2    11275    1285    1285    9990
         194    1.6e+05     17079 18174.5 18222.8    11829    1283    1283   10546
         195    1.6e+05     17079 18174.5 18241.5    12314    1283    1283   11031
         196    1.6e+05     17079 18174.5 18192.5    12506    1283    1283   11223
         197    1.6e+05     17079 18174.5   18242    12747    1283    1283   11464
         198    1.6e+05     17079 18174.5 18177.1    12101    1284    1284   10817
         199    1.6e+05     17079 18174.5 18259.4    11181    1284    1284    9897
         200    1.6e+05     17079 18174.5 18206.6    11743    1284    1284   10459
         201    1.6e+05     17079 18174.5 18226.8    12396    1282    1282   11114
         202    1.6e+05     17079 18174.5 18183.5    12591    1282    1282   11309
         203    1.6e+05     17079 18174.5 18218.5    11973    1283    1283   10690
         204    1.6e+05     17079 18174.5 18207.2    11324    1282    1282   10042
         205    1.6e+05     17079 18174.5 18297.8    11513    1283    1283   10230
               reducing step to 0.1
         206    1.6e+05     17079 18009.5 18009.5    14663    1283    1283   13380
         207    1.6e+05     17079 17926.7 17926.7    16173    1281    1281   14892
         208    1.6e+05     17079 17906.3 17906.3    16802    1281    1281   15521
         209    1.6e+05     17079 17895.8 17895.8    16759    1281    1281   15478
         210    1.6e+05     17079 17888.7 17888.7    17052    1283    1283   15769
         211    1.6e+05     17079 17888.7 17896.5    16945    1281    1281   15664
    *    212    1.6e+05     17388 17878.9 17878.9    17388    1280    1280   16108
         213    1.6e+05     17388 17875.5 17875.5    17255    1278    1278   15977
    *    214    1.6e+05     17430 17874.1 17874.1    17430    1279    1279   16151
    *    215    1.6e+05     17469   17874   17874    17469    1278    1278   16191
    *    216    1.6e+05     17491 17870.3 17870.3    17491    1279    1279   16212
         217    1.6e+05     17491 17870.3 17871.1    17458    1278    1278   16180
    *    218    1.6e+05     17632 17869.2 17869.2    17632    1279    1279   16353
         219    1.6e+05     17632 17868.7 17868.7    17624    1278    1278   16346
         220    1.6e+05     17632 17867.5 17867.5    17490    1279    1279   16211
         221    1.6e+05     17632 17867.5   17868    17471    1279    1279   16192
         222    1.6e+05     17632 17867.5 17868.6    17056    1278    1278   15778
         223    1.6e+05     17632 17867.5 17871.2    17360    1279    1279   16081
         224    1.6e+05     17632 17867.5 17869.3    17527    1280    1280   16247
         225    1.6e+05     17632 17867.5 17879.2    17256    1278    1278   15978
         226    1.6e+05     17632 17867.5   17873    16990    1279    1279   15711
         227    1.6e+05     17632 17867.5 17872.8    16457    1278    1278   15179
         228    1.6e+05     17632 17867.5 17902.7    16328    1280    1280   15048
         229    1.6e+05     17632 17867.5 17886.1    17107    1280    1280   15827
         230    1.6e+05     17632 17867.5 17867.6    17403    1281    1281   16122
    *    231    1.6e+05     17646 17864.4 17864.4    17646    1278    1278   16368
    *    232    1.6e+05     17668   17863   17863    17668    1278    1278   16390
         233    1.6e+05     17668 17862.8 17862.8    17661    1279    1279   16382
    *    234    1.6e+05     17672 17862.2 17862.2    17672    1278    1278   16394
    *    235    1.6e+05     17684 17861.8 17861.8    17684    1278    1278   16406
         236    1.6e+05     17684 17860.3 17860.3    17333    1278    1278   16055
         237    1.6e+05     17684 17860.3 17863.7    17031    1278    1278   15753
         238    1.6e+05     17684 17860.3 17868.6    16993    1279    1279   15714
         239    1.6e+05     17684 17860.3   17872    17081    1278    1278   15803
         240    1.6e+05     17684 17859.5 17859.5    16901    1280    1280   15621
         241    1.6e+05     17684 17859.5 17864.4    16461    1279    1279   15182
         242    1.6e+05     17684 17859.5 17869.7    16020    1280    1280   14740
         243    1.6e+05     17684 17859.5 17888.7    15938    1280    1280   14658
         244    1.6e+05     17684 17859.5 17870.6    16024    1281    1281   14743
         245    1.6e+05     17684 17859.5   17864    16243    1278    1278   14965
         246    1.6e+05     17684 17859.5 17888.4    16163    1281    1281   14882
         247    1.6e+05     17684 17859.5 17891.3    16421    1279    1279   15142
         248    1.6e+05     17684 17859.5 17865.9    16977    1282    1282   15695
         249    1.6e+05     17684 17859.5 17862.5    16517    1279    1279   15238
         250    1.6e+05     17684 17859.5 17878.1    16093    1279    1279   14814
         251    1.6e+05     17684 17859.5 17870.4    16789    1281    1281   15508
         252    1.6e+05     17684 17859.5 17875.1    16531    1281    1281   15250
         253    1.6e+05     17684 17859.5 17861.9    16677    1279    1279   15398
         254    1.6e+05     17684 17859.5 17862.8    16897    1279    1279   15618
         255    1.6e+05     17684 17859.5 17860.6    17006    1278    1278   15728
         256    1.6e+05     17684 17859.5   17861    17246    1280    1280   15966
         257    1.6e+05     17684 17859.5 17859.9    16656    1280    1280   15376
         258    1.6e+05     17684 17859.5 17868.9    16502    1279    1279   15223
         259    1.6e+05     17684 17858.8 17858.8    17475    1279    1279   16196
         260    1.6e+05     17684 17858.8 17875.5    17672    1278    1278   16394
         261    1.6e+05     17684 17856.2 17856.2    17519    1278    1278   16241
    *    262    1.6e+05     17689 17856.2 17857.9    17689    1278    1278   16411
         263    1.6e+05     17689 17856.1 17856.1    17528    1278    1278   16250
         264    1.6e+05     17689 17854.9 17854.9    17302    1278    1278   16024
         265    1.6e+05     17689 17854.9 17856.2    17682    1278    1278   16404
         266    1.6e+05     17689 17854.9 17855.1    17579    1279    1279   16300
    *    267    1.6e+05     17728 17854.9 17857.1    17728    1278    1278   16450
    *    268    1.6e+05     17750 17854.9 17856.7    17750    1278    1278   16472
         269    1.6e+05     17750   17854   17854    17665    1278    1278   16387
         270    1.6e+05     17750   17854 17855.8    17738    1278    1278   16460
         271    1.6e+05     17750   17854 17854.6    17749    1278    1278   16471
         272    1.6e+05     17750   17854 17854.5    17744    1278    1278   16466
    *    273    1.6e+05     17764   17854   17854    17764    1278    1278   16486
         274    1.6e+05     17764 17852.8 17852.8    17752    1278    1278   16474
         275    1.6e+05     17764 17852.8 17854.1    17758    1278    1278   16480
         276    1.6e+05     17764 17852.8 17852.9    17761    1278    1278   16483
         277    1.6e+05     17764 17852.8 17852.9    17757    1278    1278   16479
         278    1.6e+05     17764 17852.4 17852.4    17761    1278    1278   16483
         279    1.6e+05     17764 17852.4 17855.1    17745    1278    1278   16467
         280    1.6e+05     17764 17852.4 17852.6    17744    1278    1278   16466
         281    1.6e+05     17764 17852.4 17852.8    17743    1278    1278   16465
         282    1.6e+05     17764 17851.9 17851.9    17736    1278    1278   16458
         283    1.6e+05     17764 17851.9 17852.9    17690    1278    1278   16412
         284    1.6e+05     17764 17851.9 17852.7    17580    1278    1278   16302
         285    1.6e+05     17764 17851.9 17853.8    17724    1278    1278   16446
         286    1.6e+05     17764 17851.9 17852.8    17719    1278    1278   16441
         287    1.6e+05     17764 17851.9 17853.1    17764    1278    1278   16486
         288    1.6e+05     17764 17851.9 17852.5    17755    1278    1278   16477
    *    289    1.6e+05     17773 17851.9 17852.8    17773    1278    1278   16495
         290    1.6e+05     17773 17851.9 17852.7    17773    1278    1278   16495
    *    291    1.6e+05     17778 17851.9 17853.5    17778    1278    1278   16500
         292    1.6e+05     17778 17851.9 17851.9    17738    1278    1278   16460
         293    1.6e+05     17778 17851.5 17851.5    17754    1278    1278   16476
         294    1.6e+05     17778 17851.5 17851.9    17731    1278    1278   16453
         295    1.6e+05     17778 17851.5 17852.2    17640    1278    1278   16362
         296    1.6e+05     17778 17851.5 17851.6    17747    1278    1278   16469
         297    1.6e+05     17778 17851.5 17852.9    17764    1278    1278   16486
         298    1.6e+05     17778 17851.5 17852.4    17771    1278    1278   16493
         299    1.6e+05     17778 17851.5 17851.6    17778    1278    1278   16500
         300    1.6e+05     17778 17851.5 17852.3    17759    1278    1278   16481
         301    1.6e+05     17778 17851.5   17852    17471    1278    1278   16193
         302    1.6e+05     17778 17851.5 17853.4    17660    1279    1279   16381
         303    1.6e+05     17778 17851.5 17852.5    17651    1278    1278   16373
         304    1.6e+05     17778 17850.2 17850.2    17673    1279    1279   16394
         305    1.6e+05     17778 17850.2 17866.8    17697    1278    1278   16419
         306    1.6e+05     17778 17850.2 17850.4    17613    1278    1278   16335
         307    1.6e+05     17778 17850.2   17869    17671    1278    1278   16393
         308    1.6e+05     17778 17849.2 17849.2    17735    1278    1278   16457
         309    1.6e+05     17778 17849.2 17851.2    17771    1278    1278   16493
         310    1.6e+05     17778 17849.2 17849.7    17759    1278    1278   16481
         311    1.6e+05     17778 17849.2 17850.5    17643    1278    1278   16365
         312    1.6e+05     17778 17849.2 17849.7    17756    1278    1278   16478
         313    1.6e+05     17778 17849.2 17851.4    17774    1278    1278   16496
         314    1.6e+05     17778 17849.2 17849.5    17768    1278    1278   16490
         315    1.6e+05     17778 17849.2 17851.6    17773    1278    1278   16495
         316    1.6e+05     17778 17849.2 17849.6    17770    1278    1278   16492
         317    1.6e+05     17778 17849.2 17851.5    17772    1278    1278   16494
    *    318    1.6e+05     17780 17849.2 17849.8    17780    1278    1278   16502
         319    1.6e+05     17780 17849.2 17852.1    17776    1278    1278   16498
         320    1.6e+05     17780 17849.1 17849.1    17778    1278    1278   16500
    *    321    1.6e+05     17782 17849.1 17851.9    17782    1278    1278   16504
         322    1.6e+05     17782 17849.1 17849.2    17779    1278    1278   16501
         323    1.6e+05     17782 17849.1 17850.8    17782    1278    1278   16504
         324    1.6e+05     17782 17848.6 17848.6    17775    1278    1278   16497
         325    1.6e+05     17782 17848.6 17850.8    17770    1278    1278   16492
         326    1.6e+05     17782 17848.6 17848.9    17769    1278    1278   16491
         327    1.6e+05     17782 17848.6 17850.5    17777    1278    1278   16499
         328    1.6e+05     17782 17848.6 17848.6    17779    1278    1278   16501
         329    1.6e+05     17782 17848.6 17850.7    17781    1278    1278   16503
         330    1.6e+05     17782 17848.6   17850    17760    1278    1278   16482
         331    1.6e+05     17782 17848.6 17850.5    17778    1278    1278   16500
         332    1.6e+05     17782 17848.6   17849    17774    1278    1278   16496
         333    1.6e+05     17782 17848.6   17850    17782    1278    1278   16504
         334    1.6e+05     17782 17848.6   17850    17770    1278    1278   16492
         335    1.6e+05     17782 17848.6 17851.6    17778    1278    1278   16500
         336    1.6e+05     17782 17848.6   17850    17766    1278    1278   16488
         337    1.6e+05     17782 17848.6   17850    17775    1278    1278   16497
         338    1.6e+05     17782 17848.6   17850    17757    1278    1278   16479
         339    1.6e+05     17782 17848.6   17850    17779    1278    1278   16501
         340    1.6e+05     17782 17848.6 17849.5    17772    1278    1278   16494
    *    341    1.6e+05     17783 17848.6 17849.8    17783    1278    1278   16505
         342    1.6e+05     17783 17848.3 17848.3    17770    1278    1278   16492
    *    343    1.6e+05     17788 17848.3 17849.8    17788    1278    1278   16510
         344    1.6e+05     17788 17848.3 17848.8    17773    1278    1278   16495
         345    1.6e+05     17788 17848.3 17849.6    17766    1278    1278   16488
         346    1.6e+05     17788 17848.3 17848.6    17760    1278    1278   16482
         347    1.6e+05     17788 17848.3 17849.6    17782    1278    1278   16504
         348    1.6e+05     17788 17848.3 17848.6    17776    1278    1278   16498
         349    1.6e+05     17788 17848.3 17849.5    17784    1278    1278   16506
         350    1.6e+05     17788 17848.3 17848.5    17772    1278    1278   16494
         351    1.6e+05     17788 17848.3 17850.3    17787    1278    1278   16509
         352    1.6e+05     17788 17848.3 17848.9    17776    1278    1278   16498
         353    1.6e+05     17788 17848.3 17849.6    17787    1278    1278   16509
         354    1.6e+05     17788 17848.3 17848.8    17769    1278    1278   16491
         355    1.6e+05     17788 17848.3 17849.6    17778    1278    1278   16500
         356    1.6e+05     17788 17847.8 17847.8    17783    1278    1278   16505
         357    1.6e+05     17788 17847.8 17849.1    17771    1278    1278   16493
         358    1.6e+05     17788 17847.8 17848.5    17780    1278    1278   16502
         359    1.6e+05     17788 17847.8   17848    17787    1278    1278   16509
         360    1.6e+05     17788 17847.8 17849.1    17778    1278    1278   16500
    *    361    1.6e+05     17790 17847.4 17847.4    17790    1278    1278   16512
         362    1.6e+05     17790 17847.4 17849.8    17771    1278    1278   16493
         363    1.6e+05     17790 17847.4 17847.7    17780    1278    1278   16502
         364    1.6e+05     17790 17847.4 17849.7    17743    1278    1278   16465
         365    1.6e+05     17790 17847.4 17847.7    17788    1278    1278   16510
         366    1.6e+05     17790 17847.4 17849.4    17759    1278    1278   16481
         367    1.6e+05     17790 17847.4 17848.2    17777    1278    1278   16499
         368    1.6e+05     17790 17847.4 17848.9    17775    1278    1278   16497
         369    1.6e+05     17790 17847.4 17847.8    17762    1278    1278   16484
         370    1.6e+05     17790 17847.4   17848    17740    1278    1278   16462
         371    1.6e+05     17790   17847   17847    17783    1278    1278   16505
         372    1.6e+05     17790   17847 17848.1    17666    1278    1278   16388
         373    1.6e+05     17790 17846.9 17846.9    17729    1278    1278   16451
         374    1.6e+05     17790 17846.9 17848.4    17757    1278    1278   16479
         375    1.6e+05     17790 17846.4 17846.4    17782    1278    1278   16504
         376    1.6e+05     17790 17846.4 17847.9    17775    1278    1278   16497
         377    1.6e+05     17790 17846.4   17847    17761    1279    1279   16482
         378    1.6e+05     17790 17846.4   17850    17756    1278    1278   16478
    *    379    1.6e+05     17794 17846.4 17847.7    17794    1278    1278   16516
         380    1.6e+05     17794 17846.4 17847.3    17775    1278    1278   16497
         381    1.6e+05     17794 17846.4 17849.2    17790    1278    1278   16512
         382    1.6e+05     17794 17846.4   17847    17759    1278    1278   16481
         383    1.6e+05     17794 17846.4 17849.5    17779    1278    1278   16501
         384    1.6e+05     17794 17846.4 17847.2    17775    1278    1278   16497
         385    1.6e+05     17794 17846.4 17848.8    17772    1278    1278   16494
         386    1.6e+05     17794 17846.3 17846.3    17781    1278    1278   16503
         387    1.6e+05     17794 17846.3 17848.9    17793    1278    1278   16515
         388    1.6e+05     17794 17846.3 17846.5    17777    1278    1278   16499
         389    1.6e+05     17794 17846.3 17847.5    17793    1278    1278   16515
         390    1.6e+05     17794 17846.3   17847    17762    1278    1278   16484
         391    1.6e+05     17794 17846.3 17847.3    17774    1278    1278   16496
         392    1.6e+05     17794 17846.3 17846.7    17765    1278    1278   16487
         393    1.6e+05     17794 17846.3 17847.2    17793    1278    1278   16515
         394    1.6e+05     17794 17846.3 17847.1    17777    1278    1278   16499
         395    1.6e+05     17794 17846.3 17847.4    17789    1278    1278   16511
         396    1.6e+05     17794 17846.3 17846.8    17781    1278    1278   16503
         397    1.6e+05     17794 17846.3 17847.3    17794    1278    1278   16516
         398    1.6e+05     17794 17846.3 17847.1    17779    1278    1278   16501
         399    1.6e+05     17794 17846.3   17847    17787    1278    1278   16509
         400    1.6e+05     17794 17846.3   17847    17779    1278    1278   16501
         401    1.6e+05     17794 17846.3 17847.8    17791    1278    1278   16513
         402    1.6e+05     17794 17846.3 17846.5    17772    1278    1278   16494
         403    1.6e+05     17794 17846.3 17848.2    17791    1278    1278   16513
         404    1.6e+05     17794 17846.3 17846.4    17772    1278    1278   16494
         405    1.6e+05     17794 17846.3 17847.7    17791    1278    1278   16513
         406    1.6e+05     17794 17846.3 17846.4    17779    1278    1278   16501
         407    1.6e+05     17794 17846.3 17847.5    17789    1278    1278   16511
         408    1.6e+05     17794 17846.3 17846.5    17777    1278    1278   16499
         409    1.6e+05     17794 17846.3 17847.2    17794    1278    1278   16516
         410    1.6e+05     17794 17846.1 17846.1    17778    1278    1278   16500
         411    1.6e+05     17794 17846.1 17846.6    17787    1278    1278   16509
         412    1.6e+05     17794   17846   17846    17779    1278    1278   16501
         413    1.6e+05     17794   17846 17846.5    17792    1278    1278   16514
         414    1.6e+05     17794   17846 17846.2    17778    1278    1278   16500
         415    1.6e+05     17794   17846 17846.6    17772    1278    1278   16494
         416    1.6e+05     17794   17846 17846.4    17779    1278    1278   16501
         417    1.6e+05     17794   17846 17846.3    17791    1278    1278   16513
         418    1.6e+05     17794   17846 17846.2    17784    1278    1278   16506
         419    1.6e+05     17794   17846 17847.2    17789    1278    1278   16511
         420    1.6e+05     17794   17846 17846.3    17784    1278    1278   16506
         421    1.6e+05     17794   17846 17846.2    17786    1278    1278   16508
         422    1.6e+05     17794 17845.9 17845.9    17781    1278    1278   16503
         423    1.6e+05     17794 17845.9   17846    17792    1278    1278   16514
         424    1.6e+05     17794 17845.9 17846.3    17781    1278    1278   16503
         425    1.6e+05     17794 17845.9 17845.9    17780    1278    1278   16502
         426    1.6e+05     17794 17845.4 17845.4    17782    1278    1278   16504
         427    1.6e+05     17794 17845.4 17845.9    17790    1278    1278   16512
         428    1.6e+05     17794 17845.4 17845.6    17785    1278    1278   16507
         429    1.6e+05     17794 17845.4 17846.1    17793    1278    1278   16515
         430    1.6e+05     17794 17845.4 17845.9    17779    1278    1278   16501
         431    1.6e+05     17794 17845.4 17845.8    17793    1278    1278   16515
         432    1.6e+05     17794 17845.4 17845.9    17780    1278    1278   16502
         433    1.6e+05     17794 17845.4 17846.2    17790    1278    1278   16512
         434    1.6e+05     17794 17845.4 17845.8    17782    1278    1278   16504
         435    1.6e+05     17794 17845.4 17846.3    17792    1278    1278   16514
         436    1.6e+05     17794 17845.3 17845.3    17778    1278    1278   16500
         437    1.6e+05     17794 17845.3 17846.5    17788    1278    1278   16510
         438    1.6e+05     17794 17845.3   17846    17783    1278    1278   16505
         439    1.6e+05     17794 17845.3 17847.1    17787    1278    1278   16509
         440    1.6e+05     17794 17845.3 17845.4    17781    1278    1278   16503
         441    1.6e+05     17794 17845.3   17846    17770    1278    1278   16492
         442    1.6e+05     17794 17845.3 17845.9    17785    1278    1278   16507
         443    1.6e+05     17794 17845.3 17846.7    17775    1278    1278   16497
         444    1.6e+05     17794 17845.3 17845.4    17784    1278    1278   16506
         445    1.6e+05     17794 17845.3 17846.3    17771    1278    1278   16493
         446    1.6e+05     17794 17845.2 17845.2    17778    1278    1278   16500
         447    1.6e+05     17794 17845.2 17846.3    17777    1278    1278   16499
         448    1.6e+05     17794 17845.2 17845.4    17784    1278    1278   16506
         449    1.6e+05     17794 17845.2 17846.1    17787    1278    1278   16509
         450    1.6e+05     17794 17845.1 17845.1    17782    1278    1278   16504
         451    1.6e+05     17794 17845.1 17846.1    17791    1278    1278   16513
         452    1.6e+05     17794 17845.1 17845.1    17784    1278    1278   16506
         453    1.6e+05     17794 17845.1 17846.3    17788    1278    1278   16510
         454    1.6e+05     17794 17845.1 17845.3    17782    1278    1278   16504
         455    1.6e+05     17794 17845.1 17846.1    17788    1278    1278   16510
         456    1.6e+05     17794 17844.8 17844.8    17782    1278    1278   16504
         457    1.6e+05     17794 17844.8   17846    17789    1278    1278   16511
         458    1.6e+05     17794 17844.8 17845.1    17784    1278    1278   16506
         459    1.6e+05     17794 17844.8 17846.2    17793    1278    1278   16515
         460    1.6e+05     17794 17844.8 17845.3    17785    1278    1278   16507
         461    1.6e+05     17794 17844.8 17846.2    17780    1278    1278   16502
         462    1.6e+05     17794 17844.8 17845.3    17777    1278    1278   16499
         463    1.6e+05     17794 17844.8 17847.2    17789    1278    1278   16511
         464    1.6e+05     17794 17844.8 17845.6    17783    1278    1278   16505
         465    1.6e+05     17794 17844.8 17846.3    17793    1278    1278   16515
         466    1.6e+05     17794 17844.8 17845.2    17777    1278    1278   16499
         467    1.6e+05     17794 17844.8   17847    17791    1278    1278   16513
         468    1.6e+05     17794 17844.8 17845.8    17781    1278    1278   16503
    *    469    1.6e+05     17795 17844.8 17846.1    17795    1278    1278   16517
         470    1.6e+05     17795 17844.8 17845.5    17778    1278    1278   16500
         471    1.6e+05     17795 17844.8 17846.1    17794    1278    1278   16516
         472    1.6e+05     17795 17844.8 17845.3    17778    1278    1278   16500
         473    1.6e+05     17795 17844.8 17846.7    17790    1278    1278   16512
         474    1.6e+05     17795 17844.7 17844.7    17781    1278    1278   16503
         475    1.6e+05     17795 17844.7 17848.7    17787    1278    1278   16509
         476    1.6e+05     17795 17844.7 17845.8    17771    1278    1278   16493
         477    1.6e+05     17795 17844.7 17847.4    17786    1278    1278   16508
         478    1.6e+05     17795 17844.7 17845.2    17784    1278    1278   16506
         479    1.6e+05     17795 17844.7 17846.8    17783    1278    1278   16505
         480    1.6e+05     17795 17844.6 17844.6    17783    1278    1278   16505
         481    1.6e+05     17795 17844.6 17846.4    17794    1278    1278   16516
         482    1.6e+05     17795 17844.6 17845.2    17782    1278    1278   16504
         483    1.6e+05     17795 17844.6 17846.4    17793    1278    1278   16515
         484    1.6e+05     17795 17844.6 17845.1    17782    1278    1278   16504
         485    1.6e+05     17795 17844.6   17846    17793    1278    1278   16515
         486    1.6e+05     17795 17844.6   17845    17773    1278    1278   16495
         487    1.6e+05     17795 17844.6   17846    17792    1278    1278   16514
         488    1.6e+05     17795 17844.6 17845.1    17782    1278    1278   16504
         489    1.6e+05     17795 17844.6 17845.5    17794    1278    1278   16516
         490    1.6e+05     17795 17844.6 17845.1    17773    1278    1278   16495
         491    1.6e+05     17795 17844.6 17845.6    17793    1278    1278   16515
         492    1.6e+05     17795 17844.6   17845    17787    1278    1278   16509
         493    1.6e+05     17795 17844.6   17846    17793    1278    1278   16515
         494    1.6e+05     17795 17844.6 17844.9    17786    1278    1278   16508
         495    1.6e+05     17795 17844.6 17845.9    17792    1278    1278   16514
         496    1.6e+05     17795 17844.6   17845    17784    1278    1278   16506
         497    1.6e+05     17795 17844.6 17845.8    17792    1278    1278   16514
         498    1.6e+05     17795 17844.6 17844.8    17786    1278    1278   16508
         499    1.6e+05     17795 17844.6 17845.5    17792    1278    1278   16514
         500    1.6e+05     17795 17844.6 17844.9    17783    1278    1278   16505
         501    1.6e+05     17795 17844.6 17845.3    17793    1278    1278   16515
         502    1.6e+05     17795 17844.6 17845.4    17786    1278    1278   16508
         503    1.6e+05     17795 17844.6 17845.6    17795    1278    1278   16517
         504    1.6e+05     17795 17844.5 17844.5    17782    1278    1278   16504
         505    1.6e+05     17795 17844.5 17846.2    17793    1278    1278   16515
         506    1.6e+05     17795 17844.5 17844.8    17784    1278    1278   16506
    *    507    1.6e+05     17796 17844.5 17845.5    17796    1278    1278   16518
         508    1.6e+05     17796 17844.5 17844.5    17784    1278    1278   16506
         509    1.6e+05     17796 17844.5 17845.5    17789    1278    1278   16511
         510    1.6e+05     17796 17844.3 17844.3    17734    1278    1278   16456
         511    1.6e+05     17796 17844.3 17845.3    17743    1278    1278   16465
         512    1.6e+05     17796 17844.1 17844.1    17696    1278    1278   16418
         513    1.6e+05     17796 17844.1   17846    17478    1278    1278   16200
         514    1.6e+05     17796 17844.1 17845.9    17202    1278    1278   15924
         515    1.6e+05     17796 17844.1 17850.8    15622    1280    1280   14342
         516    1.6e+05     17796 17844.1 17886.7    15383    1280    1280   14103
         517    1.6e+05     17796 17844.1 17877.7    16153    1280    1280   14873
         518    1.6e+05     17796 17844.1 17861.3    15901    1280    1280   14621
         519    1.6e+05     17796 17844.1 17860.5    16014    1278    1278   14736
         520    1.6e+05     17796 17844.1 17873.7    16368    1282    1282   15086
         521    1.6e+05     17796 17844.1   17853    17013    1279    1279   15734
         522    1.6e+05     17796 17844.1 17866.9    17318    1279    1279   16039
         523    1.6e+05     17796 17844.1 17848.7    17704    1279    1279   16425
         524    1.6e+05     17796 17844.1 17845.7    17704    1279    1279   16425
         525    1.6e+05     17796 17844.1 17848.5    17513    1278    1278   16235
         526    1.6e+05     17796 17844.1 17846.9    17413    1278    1278   16135
         527    1.6e+05     17796 17844.1 17849.1    17691    1279    1279   16412
         528    1.6e+05     17796 17844.1 17845.6    17761    1278    1278   16483
         529    1.6e+05     17796 17844.1 17847.8    17764    1278    1278   16486
         530    1.6e+05     17796 17844.1 17844.9    17786    1278    1278   16508
         531    1.6e+05     17796 17844.1   17847    17646    1278    1278   16368
         532    1.6e+05     17796 17844.1 17845.7    17686    1278    1278   16408
    *    533    1.6e+05     17797 17844.1 17847.9    17797    1278    1278   16519
         534    1.6e+05     17797 17844.1 17845.3    17783    1278    1278   16505
         535    1.6e+05     17797 17844.1 17846.3    17775    1278    1278   16497
         536    1.6e+05     17797 17844.1 17845.3    17783    1278    1278   16505
         537    1.6e+05     17797 17844.1 17847.9    17772    1278    1278   16494
               reducing step to 0.05
         538    1.6e+05     17797 17831.9 17831.9    17605    1278    1278   16327
         539    1.6e+05     17797 17823.4 17823.4    17788    1278    1278   16510
         540    1.6e+05     17797 17823.4 17826.5    17618    1278    1278   16340
         541    1.6e+05     17797 17823.4 17825.9    17702    1279    1279   16423
         542    1.6e+05     17797 17823.4 17826.3    17786    1278    1278   16508
         543    1.6e+05     17797 17823.4 17825.3    17790    1278    1278   16512
         544    1.6e+05     17797 17823.4   17826    17785    1278    1278   16507
         545    1.6e+05     17797 17823.4   17825    17796    1278    1278   16518
         546    1.6e+05     17797 17823.4 17826.1    17788    1278    1278   16510
    *    547    1.6e+05     17798 17823.4 17825.2    17798    1278    1278   16520
         548    1.6e+05     17798 17823.4   17826    17790    1278    1278   16512
    *    549    1.6e+05     17800 17823.4 17825.3    17800    1278    1278   16522
         550    1.6e+05     17800 17823.4 17826.1    17791    1278    1278   16513
         551    1.6e+05     17800 17823.4 17825.1    17777    1278    1278   16499
         552    1.6e+05     17800 17823.4 17825.9    17791    1278    1278   16513
         553    1.6e+05     17800 17823.4 17825.1    17799    1278    1278   16521
         554    1.6e+05     17800 17823.4   17826    17791    1278    1278   16513
         555    1.6e+05     17800 17823.4   17825    17792    1278    1278   16514
         556    1.6e+05     17800 17823.4 17825.9    17791    1278    1278   16513
         557    1.6e+05     17800 17823.4 17824.8    17773    1278    1278   16495
         558    1.6e+05     17800 17823.4 17825.9    17790    1278    1278   16512
         559    1.6e+05     17800 17823.4 17824.8    17796    1278    1278   16518
         560    1.6e+05     17800 17823.4   17826    17793    1278    1278   16515
         561    1.6e+05     17800 17823.4 17825.2    17795    1278    1278   16517
         562    1.6e+05     17800 17823.4 17825.9    17787    1278    1278   16509
         563    1.6e+05     17800 17823.4 17824.6    17786    1278    1278   16508
         564    1.6e+05     17800 17823.4 17825.8    17794    1278    1278   16516
               reducing step to 0.025
         565    1.6e+05     17800   17819   17819    17762    1278    1278   16484
         566    1.6e+05     17800 17815.7 17815.7    17736    1278    1278   16458
         567    1.6e+05     17800 17815.7 17817.6    17795    1278    1278   16517
         568    1.6e+05     17800 17815.7 17815.8    17661    1278    1278   16383
         569    1.6e+05     17800 17815.7   17817    17798    1278    1278   16520
         570    1.6e+05     17800 17815.7 17815.9    17793    1278    1278   16515
         571    1.6e+05     17800 17815.7 17817.4    17796    1278    1278   16518
         572    1.6e+05     17800 17815.7 17815.7    17794    1278    1278   16516
         573    1.6e+05     17800 17815.7 17817.4    17798    1278    1278   16520
         574    1.6e+05     17800 17815.7 17815.7    17788    1278    1278   16510
         575    1.6e+05     17800 17815.7 17817.3    17797    1278    1278   16519
         576    1.6e+05     17800 17815.6 17815.6    17792    1278    1278   16514
         577    1.6e+05     17800 17815.6 17817.4    17796    1278    1278   16518
         578    1.6e+05     17800 17815.6 17815.7    17792    1278    1278   16514
         579    1.6e+05     17800 17815.6 17817.2    17798    1278    1278   16520
         580    1.6e+05     17800 17815.6 17815.6    17792    1278    1278   16514
         581    1.6e+05     17800 17815.6 17817.2    17797    1278    1278   16519
         582    1.6e+05     17800 17815.6 17815.8    17794    1278    1278   16516
         583    1.6e+05     17800 17815.6 17817.2    17798    1278    1278   16520
         584    1.6e+05     17800 17815.6 17815.7    17792    1278    1278   16514
         585    1.6e+05     17800 17815.6 17817.2    17798    1278    1278   16520
         586    1.6e+05     17800 17815.6 17815.7    17792    1278    1278   16514
         587    1.6e+05     17800 17815.6 17817.1    17799    1278    1278   16521
         588    1.6e+05     17800 17815.6 17815.6    17793    1278    1278   16515
         589    1.6e+05     17800 17815.6 17817.1    17798    1278    1278   16520
         590    1.6e+05     17800 17815.6 17815.6    17793    1278    1278   16515
         591    1.6e+05     17800 17815.6 17817.1    17798    1278    1278   16520
         592    1.6e+05     17800 17815.5 17815.5    17793    1278    1278   16515
         593    1.6e+05     17800 17815.5 17817.1    17798    1278    1278   16520
         594    1.6e+05     17800 17815.5 17815.6    17793    1278    1278   16515
         595    1.6e+05     17800 17815.5 17817.1    17798    1278    1278   16520
         596    1.6e+05     17800 17815.5 17815.5    17793    1278    1278   16515
         597    1.6e+05     17800 17815.5 17817.1    17798    1278    1278   16520
         598    1.6e+05     17800 17815.5 17815.6    17793    1278    1278   16515
         599    1.6e+05     17800 17815.5 17817.1    17798    1278    1278   16520
         600    1.6e+05     17800 17815.5 17815.5    17793    1278    1278   16515
         601    1.6e+05     17800 17815.5 17817.1    17798    1278    1278   16520
         602    1.6e+05     17800 17815.5 17815.6    17793    1278    1278   16515
         603    1.6e+05     17800 17815.5 17817.1    17797    1278    1278   16519
         604    1.6e+05     17800 17815.5 17815.5    17793    1278    1278   16515
         605    1.6e+05     17800 17815.5 17817.1    17797    1278    1278   16519
         606    1.6e+05     17800 17815.5 17815.6    17793    1278    1278   16515
         607    1.6e+05     17800 17815.5   17817    17798    1278    1278   16520
         608    1.6e+05     17800 17815.5 17815.5    17793    1278    1278   16515
         609    1.6e+05     17800 17815.5   17817    17798    1278    1278   16520
         610    1.6e+05     17800 17815.5 17815.5    17793    1278    1278   16515
         611    1.6e+05     17800 17815.5 17816.9    17798    1278    1278   16520
         612    1.6e+05     17800 17815.4 17815.4    17793    1278    1278   16515
         613    1.6e+05     17800 17815.4   17817    17798    1278    1278   16520
         614    1.6e+05     17800 17815.4 17815.5    17793    1278    1278   16515
         615    1.6e+05     17800 17815.4 17816.9    17798    1278    1278   16520
         616    1.6e+05     17800 17815.4 17815.4    17793    1278    1278   16515
         617    1.6e+05     17800 17815.4   17817    17798    1278    1278   16520
         618    1.6e+05     17800 17815.4 17815.5    17793    1278    1278   16515
         619    1.6e+05     17800 17815.4 17816.9    17798    1278    1278   16520
         620    1.6e+05     17800 17815.4 17815.4    17793    1278    1278   16515
         621    1.6e+05     17800 17815.4   17817    17798    1278    1278   16520
         622    1.6e+05     17800 17815.4 17815.5    17793    1278    1278   16515
         623    1.6e+05     17800 17815.4 17816.9    17798    1278    1278   16520
         624    1.6e+05     17800 17815.4 17815.4    17793    1278    1278   16515
         625    1.6e+05     17800 17815.4   17817    17798    1278    1278   16520
         626    1.6e+05     17800 17815.4 17815.5    17793    1278    1278   16515
         627    1.6e+05     17800 17815.4 17816.9    17798    1278    1278   16520
         628    1.6e+05     17800 17815.4 17815.4    17793    1278    1278   16515
         629    1.6e+05     17800 17815.4   17817    17798    1278    1278   16520
         630    1.6e+05     17800 17815.4 17815.5    17793    1278    1278   16515
         631    1.6e+05     17800 17815.4 17816.9    17798    1278    1278   16520
         632    1.6e+05     17800 17815.4 17815.4    17793    1278    1278   16515
         633    1.6e+05     17800 17815.4   17817    17798    1278    1278   16520
         634    1.6e+05     17800 17815.4 17815.5    17793    1278    1278   16515
         635    1.6e+05     17800 17815.4 17816.9    17798    1278    1278   16520
         636    1.6e+05     17800 17815.4 17815.4    17792    1278    1278   16514
         637    1.6e+05     17800 17815.4   17817    17796    1278    1278   16518
               reducing step to 0.0125
         638    1.6e+05     17800 17813.4 17813.4    17767    1278    1278   16489
         639    1.6e+05     17800 17811.4 17811.4    17790    1278    1278   16512
         640    1.6e+05     17800 17811.4 17812.7    17800    1278    1278   16522
         641    1.6e+05     17800 17811.3 17811.3    17796    1278    1278   16518
         642    1.6e+05     17800 17811.3 17812.7    17798    1278    1278   16520
         643    1.6e+05     17800 17811.3 17811.4    17794    1278    1278   16516
         644    1.6e+05     17800 17811.3 17812.7    17799    1278    1278   16521
         645    1.6e+05     17800 17811.3 17811.3    17796    1278    1278   16518
         646    1.6e+05     17800 17811.3 17812.6    17798    1278    1278   16520
         647    1.6e+05     17800 17811.3 17811.3    17794    1278    1278   16516
         648    1.6e+05     17800 17811.3 17812.5    17800    1278    1278   16522
         649    1.6e+05     17800 17811.2 17811.2    17793    1278    1278   16515
         650    1.6e+05     17800 17811.2 17812.5    17798    1278    1278   16520
         651    1.6e+05     17800 17811.2 17811.3    17793    1278    1278   16515
         652    1.6e+05     17800 17811.2 17812.5    17798    1278    1278   16520
         653    1.6e+05     17800 17811.2 17811.2    17793    1278    1278   16515
         654    1.6e+05     17800 17811.2 17812.5    17797    1278    1278   16519
         655    1.6e+05     17800 17811.2 17811.3    17794    1278    1278   16516
         656    1.6e+05     17800 17811.2 17812.5    17798    1278    1278   16520
         657    1.6e+05     17800 17811.2 17811.3    17794    1278    1278   16516
         658    1.6e+05     17800 17811.2 17812.5    17798    1278    1278   16520
         659    1.6e+05     17800 17811.2 17811.3    17794    1278    1278   16516
         660    1.6e+05     17800 17811.2 17812.5    17799    1278    1278   16521
         661    1.6e+05     17800 17811.2 17811.2    17794    1278    1278   16516
         662    1.6e+05     17800 17811.2 17812.5    17798    1278    1278   16520
         663    1.6e+05     17800 17811.2 17811.2    17794    1278    1278   16516
         664    1.6e+05     17800 17811.2 17812.4    17799    1278    1278   16521
         665    1.6e+05     17800 17811.2 17811.2    17794    1278    1278   16516
         666    1.6e+05     17800 17811.2 17812.5    17798    1278    1278   16520
         667    1.6e+05     17800 17811.2 17811.2    17794    1278    1278   16516
         668    1.6e+05     17800 17811.2 17812.4    17798    1278    1278   16520
         669    1.6e+05     17800 17811.2 17811.2    17794    1278    1278   16516
         670    1.6e+05     17800 17811.2 17812.4    17798    1278    1278   16520
         671    1.6e+05     17800 17811.2 17811.2    17794    1278    1278   16516
         672    1.6e+05     17800 17811.2 17812.4    17799    1278    1278   16521
         673    1.6e+05     17800 17811.2 17811.2    17794    1278    1278   16516
         674    1.6e+05     17800 17811.2 17812.4    17798    1278    1278   16520
         675    1.6e+05     17800 17811.2 17811.2    17794    1278    1278   16516
         676    1.6e+05     17800 17811.2 17812.4    17799    1278    1278   16521
         677    1.6e+05     17800 17811.2 17811.2    17794    1278    1278   16516
         678    1.6e+05     17800 17811.2 17812.4    17798    1278    1278   16520
         679    1.6e+05     17800 17811.2 17811.2    17794    1278    1278   16516
         680    1.6e+05     17800 17811.2 17812.4    17799    1278    1278   16521
         681    1.6e+05     17800 17811.2 17811.2    17794    1278    1278   16516
         682    1.6e+05     17800 17811.2 17812.4    17798    1278    1278   16520
         683    1.6e+05     17800 17811.2 17811.2    17794    1278    1278   16516
         684    1.6e+05     17800 17811.2 17812.4    17799    1278    1278   16521
         685    1.6e+05     17800 17811.2 17811.2    17794    1278    1278   16516
         686    1.6e+05     17800 17811.2 17812.4    17798    1278    1278   16520
         687    1.6e+05     17800 17811.2 17811.2    17794    1278    1278   16516
         688    1.6e+05     17800 17811.2 17812.4    17799    1278    1278   16521
         689    1.6e+05     17800 17811.2 17811.2    17794    1278    1278   16516
         690    1.6e+05     17800 17811.2 17812.4    17798    1278    1278   16520
         691    1.6e+05     17800 17811.2 17811.2    17794    1278    1278   16516
         692    1.6e+05     17800 17811.2 17812.4    17799    1278    1278   16521
         693    1.6e+05     17800 17811.2 17811.2    17794    1278    1278   16516
         694    1.6e+05     17800 17811.2 17812.4    17798    1278    1278   16520
         695    1.6e+05     17800 17811.2 17811.2    17794    1278    1278   16516
         696    1.6e+05     17800 17811.2 17812.4    17799    1278    1278   16521
         697    1.6e+05     17800 17811.2 17811.2    17794    1278    1278   16516
         698    1.6e+05     17800 17811.2 17812.4    17798    1278    1278   16520
               reducing step to 0.00625
         699    1.6e+05     17800 17810.8 17810.8    17771    1278    1278   16493
         700    1.6e+05     17800 17809.7 17809.7    17795    1278    1278   16517
    *    701    1.6e+05     17802 17809.3 17809.3    17802    1278    1278   16524
         702    1.6e+05     17802 17809.3 17809.5    17795    1278    1278   16517
         703    1.6e+05     17802 17809.3 17809.6    17802    1278    1278   16524
         704    1.6e+05     17802 17809.3 17809.5    17793    1278    1278   16515
         705    1.6e+05     17802 17809.3 17809.6    17802    1278    1278   16524
         706    1.6e+05     17802 17809.3 17809.5    17792    1278    1278   16514
    *    707    1.6e+05     17804 17809.3 17809.6    17804    1278    1278   16526
         708    1.6e+05     17804 17809.3 17809.5    17791    1278    1278   16513
    *    709    1.6e+05     17805 17809.3 17809.6    17805    1278    1278   16527
         710    1.6e+05     17805 17809.3 17809.4    17792    1278    1278   16514
         711    1.6e+05     17805 17809.3 17809.6    17804    1278    1278   16526
         712    1.6e+05     17805 17809.3 17809.5    17792    1278    1278   16514
         713    1.6e+05     17805 17809.3 17809.6    17801    1278    1278   16523
         714    1.6e+05     17805 17809.3 17809.4    17791    1278    1278   16513
         715    1.6e+05     17805 17809.3 17809.6    17801    1278    1278   16523
         716    1.6e+05     17805 17809.3 17809.4    17791    1278    1278   16513
         717    1.6e+05     17805 17809.3 17809.6    17803    1278    1278   16525
         718    1.6e+05     17805 17809.3 17809.4    17790    1278    1278   16512
         719    1.6e+05     17805 17809.3 17809.6    17802    1278    1278   16524
         720    1.6e+05     17805 17809.3 17809.4    17791    1278    1278   16513
         721    1.6e+05     17805 17809.3 17809.6    17803    1278    1278   16525
         722    1.6e+05     17805 17809.3 17809.4    17791    1278    1278   16513
         723    1.6e+05     17805 17809.3 17809.5    17803    1278    1278   16525
         724    1.6e+05     17805 17809.3 17809.4    17790    1278    1278   16512
         725    1.6e+05     17805 17809.3 17809.5    17790    1278    1278   16512
         726    1.6e+05     17805 17809.3 17809.4    17791    1278    1278   16513
               reducing step to 0.003125
         727    1.6e+05     17805 17809.1 17809.1    17793    1278    1278   16515
         728    1.6e+05     17805 17808.8 17808.8    17797    1278    1278   16519
         729    1.6e+05     17805 17808.8 17808.8    17800    1278    1278   16522
         730    1.6e+05     17805 17808.8 17808.8    17796    1278    1278   16518
         731    1.6e+05     17805 17808.8 17808.8    17802    1278    1278   16524
         732    1.6e+05     17805 17808.8 17808.8    17795    1278    1278   16517
         733    1.6e+05     17805 17808.8 17808.9    17802    1278    1278   16524
         734    1.6e+05     17805 17808.8 17808.8    17794    1278    1278   16516
         735    1.6e+05     17805 17808.8 17808.8    17802    1278    1278   16524
         736    1.6e+05     17805 17808.8 17808.8    17795    1278    1278   16517
         737    1.6e+05     17805 17808.8 17808.8    17802    1278    1278   16524
         738    1.6e+05     17805 17808.7 17808.7    17796    1278    1278   16518
         739    1.6e+05     17805 17808.7 17808.8    17801    1278    1278   16523
         740    1.6e+05     17805 17808.7 17808.7    17796    1278    1278   16518
         741    1.6e+05     17805 17808.7 17808.8    17801    1278    1278   16523
         742    1.6e+05     17805 17808.7 17808.7    17796    1278    1278   16518
         743    1.6e+05     17805 17808.7 17808.8    17801    1278    1278   16523
         744    1.6e+05     17805 17808.7 17808.7    17796    1278    1278   16518
         745    1.6e+05     17805 17808.7 17808.8    17801    1278    1278   16523
         746    1.6e+05     17805 17808.7 17808.7    17795    1278    1278   16517
         747    1.6e+05     17805 17808.7 17808.8    17802    1278    1278   16524
         748    1.6e+05     17805 17808.7 17808.7    17796    1278    1278   16518
         749    1.6e+05     17805 17808.7 17808.8    17801    1278    1278   16523
         750    1.6e+05     17805 17808.7 17808.7    17795    1278    1278   16517
         751    1.6e+05     17805 17808.7 17808.8    17801    1278    1278   16523
         752    1.6e+05     17805 17808.7 17808.7    17795    1278    1278   16517
         753    1.6e+05     17805 17808.7 17808.8    17801    1278    1278   16523
         754    1.6e+05     17805 17808.7 17808.7    17795    1278    1278   16517
         755    1.6e+05     17805 17808.7 17808.8    17801    1278    1278   16523
         756    1.6e+05     17805 17808.7 17808.7    17795    1278    1278   16517
         757    1.6e+05     17805 17808.7 17808.8    17801    1278    1278   16523
         758    1.6e+05     17805 17808.7 17808.7    17795    1278    1278   16517
         759    1.6e+05     17805 17808.7 17808.8    17801    1278    1278   16523
         760    1.6e+05     17805 17808.7 17808.7    17795    1278    1278   16517
         761    1.6e+05     17805 17808.7 17808.8    17801    1278    1278   16523
         762    1.6e+05     17805 17808.7 17808.7    17795    1278    1278   16517
         763    1.6e+05     17805 17808.7 17808.8    17801    1278    1278   16523
         764    1.6e+05     17805 17808.7 17808.7    17795    1278    1278   16517
         765    1.6e+05     17805 17808.7 17808.8    17801    1278    1278   16523
         766    1.6e+05     17805 17808.7 17808.7    17795    1278    1278   16517
         767    1.6e+05     17805 17808.7 17808.8    17801    1278    1278   16523
         768    1.6e+05     17805 17808.7 17808.7    17795    1278    1278   16517
         769    1.6e+05     17805 17808.7 17808.8    17801    1278    1278   16523
         770    1.6e+05     17805 17808.7 17808.7    17795    1278    1278   16517
         771    1.6e+05     17805 17808.7 17808.8    17801    1278    1278   16523
         772    1.6e+05     17805 17808.7 17808.7    17795    1278    1278   16517
         773    1.6e+05     17805 17808.7 17808.8    17801    1278    1278   16523
         774    1.6e+05     17805 17808.7 17808.7    17795    1278    1278   16517
         775    1.6e+05     17805 17808.7 17808.8    17801    1278    1278   16523
         776    1.6e+05     17805 17808.7 17808.7    17795    1278    1278   16517
         777    1.6e+05     17805 17808.7 17808.8    17801    1278    1278   16523
         778    1.6e+05     17805 17808.7 17808.7    17795    1278    1278   16517
         779    1.6e+05     17805 17808.7 17808.8    17801    1278    1278   16523
         780    1.6e+05     17805 17808.7 17808.7    17795    1278    1278   16517
         781    1.6e+05     17805 17808.7 17808.8    17801    1278    1278   16523
         782    1.6e+05     17805 17808.7 17808.7    17795    1278    1278   16517
         783    1.6e+05     17805 17808.7 17808.8    17801    1278    1278   16523
         784    1.6e+05     17805 17808.7 17808.7    17795    1278    1278   16517
         785    1.6e+05     17805 17808.7 17808.8    17801    1278    1278   16523
         786    1.6e+05     17805 17808.7 17808.7    17795    1278    1278   16517
         787    1.6e+05     17805 17808.7 17808.8    17801    1278    1278   16523
         788    1.6e+05     17805 17808.7 17808.7    17795    1278    1278   16517
         789    1.6e+05     17805 17808.7 17808.8    17801    1278    1278   16523
         790    1.6e+05     17805 17808.7 17808.7    17795    1278    1278   16517
         791    1.6e+05     17805 17808.7 17808.8    17801    1278    1278   16523
         792    1.6e+05     17805 17808.7 17808.7    17795    1278    1278   16517
         793    1.6e+05     17805 17808.7 17808.8    17801    1278    1278   16523
         794    1.6e+05     17805 17808.7 17808.7    17795    1278    1278   16517
         795    1.6e+05     17805 17808.7 17808.8    17801    1278    1278   16523
               reducing step to 0.0015625
         796    1.6e+05     17805 17808.6 17808.6    17796    1278    1278   16518
         797    1.6e+05     17805 17808.4 17808.4    17790    1278    1278   16512
         798    1.6e+05     17805 17808.4 17808.4    17803    1278    1278   16525
         799    1.6e+05     17805 17808.4 17808.4    17798    1278    1278   16520
         800    1.6e+05     17805 17808.4 17808.4    17800    1278    1278   16522
         801    1.6e+05     17805 17808.4 17808.4    17798    1278    1278   16520
         802    1.6e+05     17805 17808.4 17808.4    17798    1278    1278   16520
         803    1.6e+05     17805 17808.4 17808.4    17797    1278    1278   16519
         804    1.6e+05     17805 17808.4 17808.4    17799    1278    1278   16521
         805    1.6e+05     17805 17808.4 17808.4    17796    1278    1278   16518
         806    1.6e+05     17805 17808.4 17808.4    17800    1278    1278   16522
         807    1.6e+05     17805 17808.4 17808.4    17797    1278    1278   16519
         808    1.6e+05     17805 17808.4 17808.4    17800    1278    1278   16522
         809    1.6e+05     17805 17808.4 17808.4    17797    1278    1278   16519
         810    1.6e+05     17805 17808.4 17808.4    17800    1278    1278   16522
         811    1.6e+05     17805 17808.4 17808.4    17793    1278    1278   16515
         812    1.6e+05     17805 17808.4 17808.4    17799    1278    1278   16521
         813    1.6e+05     17805 17808.4 17808.4    17797    1278    1278   16519
         814    1.6e+05     17805 17808.4 17808.4    17799    1278    1278   16521
         815    1.6e+05     17805 17808.4 17808.4    17797    1278    1278   16519
         816    1.6e+05     17805 17808.4 17808.4    17799    1278    1278   16521
         817    1.6e+05     17805 17808.4 17808.4    17797    1278    1278   16519
         818    1.6e+05     17805 17808.4 17808.4    17799    1278    1278   16521
         819    1.6e+05     17805 17808.4 17808.4    17797    1278    1278   16519
         820    1.6e+05     17805 17808.4 17808.4    17799    1278    1278   16521
         821    1.6e+05     17805 17808.4 17808.4    17797    1278    1278   16519
         822    1.6e+05     17805 17808.4 17808.4    17799    1278    1278   16521
         823    1.6e+05     17805 17808.4 17808.4    17797    1278    1278   16519
         824    1.6e+05     17805 17808.4 17808.4    17799    1278    1278   16521
         825    1.6e+05     17805 17808.4 17808.4    17797    1278    1278   16519
         826    1.6e+05     17805 17808.4 17808.4    17799    1278    1278   16521
         827    1.6e+05     17805 17808.4 17808.4    17797    1278    1278   16519
         828    1.6e+05     17805 17808.4 17808.4    17799    1278    1278   16521
         829    1.6e+05     17805 17808.4 17808.4    17797    1278    1278   16519
         830    1.6e+05     17805 17808.4 17808.4    17799    1278    1278   16521
         831    1.6e+05     17805 17808.4 17808.4    17797    1278    1278   16519
         832    1.6e+05     17805 17808.4 17808.4    17799    1278    1278   16521
         833    1.6e+05     17805 17808.4 17808.4    17797    1278    1278   16519
         834    1.6e+05     17805 17808.4 17808.4    17799    1278    1278   16521
         835    1.6e+05     17805 17808.4 17808.4    17797    1278    1278   16519
         836    1.6e+05     17805 17808.4 17808.4    17799    1278    1278   16521
         837    1.6e+05     17805 17808.4 17808.4    17797    1278    1278   16519
         838    1.6e+05     17805 17808.4 17808.4    17799    1278    1278   16521
         839    1.6e+05     17805 17808.4 17808.4    17797    1278    1278   16519
         840    1.6e+05     17805 17808.4 17808.4    17799    1278    1278   16521
         841    1.6e+05     17805 17808.4 17808.4    17797    1278    1278   16519
         842    1.6e+05     17805 17808.4 17808.4    17799    1278    1278   16521
         843    1.6e+05     17805 17808.4 17808.4    17797    1278    1278   16519
         844    1.6e+05     17805 17808.4 17808.4    17799    1278    1278   16521
         845    1.6e+05     17805 17808.4 17808.4    17797    1278    1278   16519
         846    1.6e+05     17805 17808.4 17808.4    17799    1278    1278   16521
         847    1.6e+05     17805 17808.4 17808.4    17797    1278    1278   16519
         848    1.6e+05     17805 17808.4 17808.4    17799    1278    1278   16521
         849    1.6e+05     17805 17808.4 17808.4    17797    1278    1278   16519
         850    1.6e+05     17805 17808.4 17808.4    17799    1278    1278   16521
         851    1.6e+05     17805 17808.4 17808.4    17797    1278    1278   16519
         852    1.6e+05     17805 17808.4 17808.4    17799    1278    1278   16521
         853    1.6e+05     17805 17808.4 17808.4    17797    1278    1278   16519
         854    1.6e+05     17805 17808.4 17808.4    17799    1278    1278   16521
         855    1.6e+05     17805 17808.4 17808.4    17797    1278    1278   16519
         856    1.6e+05     17805 17808.4 17808.4    17799    1278    1278   16521
         857    1.6e+05     17805 17808.4 17808.4    17797    1278    1278   16519
         858    1.6e+05     17805 17808.4 17808.4    17799    1278    1278   16521
         859    1.6e+05     17805 17808.4 17808.4    17797    1278    1278   16519
         860    1.6e+05     17805 17808.4 17808.4    17799    1278    1278   16521
               reducing step to 0.00078125
         861    1.6e+05     17805 17808.3 17808.3    17796    1278    1278   16518
         862    1.6e+05     17805 17808.2 17808.2    17801    1278    1278   16523
         863    1.6e+05     17805 17808.2 17808.2    17800    1278    1278   16522
         864    1.6e+05     17805 17808.2 17808.2    17800    1278    1278   16522
         865    1.6e+05     17805 17808.2 17808.2    17795    1278    1278   16517
         866    1.6e+05     17805 17808.2 17808.2    17801    1278    1278   16523
         867    1.6e+05     17805 17808.2 17808.2    17793    1278    1278   16515
         868    1.6e+05     17805 17808.2 17808.2    17801    1278    1278   16523
         869    1.6e+05     17805 17808.2 17808.2    17794    1278    1278   16516
         870    1.6e+05     17805 17808.2 17808.2    17800    1278    1278   16522
         871    1.6e+05     17805 17808.2 17808.2    17792    1278    1278   16514
         872    1.6e+05     17805 17808.2 17808.2    17801    1278    1278   16523
         873    1.6e+05     17805 17808.2 17808.2    17793    1278    1278   16515
         874    1.6e+05     17805 17808.2 17808.2    17800    1278    1278   16522
         875    1.6e+05     17805 17808.2 17808.2    17792    1278    1278   16514
         876    1.6e+05     17805 17808.2 17808.2    17800    1278    1278   16522
         877    1.6e+05     17805 17808.2 17808.2    17793    1278    1278   16515
         878    1.6e+05     17805 17808.2 17808.2    17800    1278    1278   16522
         879    1.6e+05     17805 17808.2 17808.2    17793    1278    1278   16515
         880    1.6e+05     17805 17808.2 17808.2    17800    1278    1278   16522
         881    1.6e+05     17805 17808.2 17808.2    17792    1278    1278   16514
         882    1.6e+05     17805 17808.2 17808.2    17800    1278    1278   16522
         883    1.6e+05     17805 17808.2 17808.2    17792    1278    1278   16514
         884    1.6e+05     17805 17808.2 17808.2    17800    1278    1278   16522
         885    1.6e+05     17805 17808.2 17808.2    17792    1278    1278   16514
         886    1.6e+05     17805 17808.2 17808.2    17800    1278    1278   16522
         887    1.6e+05     17805 17808.2 17808.2    17792    1278    1278   16514
         888    1.6e+05     17805 17808.2 17808.2    17800    1278    1278   16522
         889    1.6e+05     17805 17808.2 17808.2    17792    1278    1278   16514
         890    1.6e+05     17805 17808.2 17808.2    17800    1278    1278   16522
         891    1.6e+05     17805 17808.2 17808.2    17792    1278    1278   16514
         892    1.6e+05     17805 17808.2 17808.2    17800    1278    1278   16522
         893    1.6e+05     17805 17808.2 17808.2    17792    1278    1278   16514
         894    1.6e+05     17805 17808.2 17808.2    17800    1278    1278   16522
         895    1.6e+05     17805 17808.2 17808.2    17792    1278    1278   16514
         896    1.6e+05     17805 17808.2 17808.2    17800    1278    1278   16522
         897    1.6e+05     17805 17808.2 17808.2    17792    1278    1278   16514
         898    1.6e+05     17805 17808.2 17808.2    17800    1278    1278   16522
         899    1.6e+05     17805 17808.2 17808.2    17792    1278    1278   16514
         900    1.6e+05     17805 17808.2 17808.2    17800    1278    1278   16522
         901    1.6e+05     17805 17808.2 17808.2    17792    1278    1278   16514
         902    1.6e+05     17805 17808.2 17808.2    17800    1278    1278   16522
         903    1.6e+05     17805 17808.2 17808.2    17792    1278    1278   16514
         904    1.6e+05     17805 17808.2 17808.2    17800    1278    1278   16522
         905    1.6e+05     17805 17808.2 17808.2    17792    1278    1278   16514
         906    1.6e+05     17805 17808.2 17808.2    17800    1278    1278   16522
         907    1.6e+05     17805 17808.2 17808.2    17792    1278    1278   16514
         908    1.6e+05     17805 17808.2 17808.2    17800    1278    1278   16522
         909    1.6e+05     17805 17808.2 17808.2    17792    1278    1278   16514
         910    1.6e+05     17805 17808.2 17808.2    17800    1278    1278   16522
         911    1.6e+05     17805 17808.2 17808.2    17792    1278    1278   16514
         912    1.6e+05     17805 17808.2 17808.2    17800    1278    1278   16522
         913    1.6e+05     17805 17808.2 17808.2    17792    1278    1278   16514
         914    1.6e+05     17805 17808.2 17808.2    17800    1278    1278   16522
         915    1.6e+05     17805 17808.2 17808.2    17792    1278    1278   16514
         916    1.6e+05     17805 17808.2 17808.2    17800    1278    1278   16522
         917    1.6e+05     17805 17808.2 17808.2    17792    1278    1278   16514
         918    1.6e+05     17805 17808.2 17808.2    17800    1278    1278   16522
         919    1.6e+05     17805 17808.2 17808.2    17792    1278    1278   16514
         920    1.6e+05     17805 17808.2 17808.2    17800    1278    1278   16522
         921    1.6e+05     17805 17808.2 17808.2    17792    1278    1278   16514
         922    1.6e+05     17805 17808.2 17808.2    17800    1278    1278   16522
         923    1.6e+05     17805 17808.2 17808.2    17792    1278    1278   16514
               reducing step to 0.000390625
         924    1.6e+05     17805 17808.2 17808.2    17791    1278    1278   16513
         925    1.6e+05     17805 17808.1 17808.1    17803    1278    1278   16525
         926    1.6e+05     17805 17808.1 17808.1    17804    1278    1278   16526
         927    1.6e+05     17805 17808.1 17808.1    17796    1278    1278   16518
         928    1.6e+05     17805 17808.1 17808.1    17803    1278    1278   16525
         929    1.6e+05     17805 17808.1 17808.1    17797    1278    1278   16519
         930    1.6e+05     17805 17808.1 17808.1    17804    1278    1278   16526
         931    1.6e+05     17805 17808.1 17808.1    17796    1278    1278   16518
         932    1.6e+05     17805 17808.1 17808.1    17804    1278    1278   16526
         933    1.6e+05     17805 17808.1 17808.1    17798    1278    1278   16520
         934    1.6e+05     17805 17808.1 17808.1    17804    1278    1278   16526
         935    1.6e+05     17805 17808.1 17808.1    17799    1278    1278   16521
         936    1.6e+05     17805 17808.1 17808.1    17805    1278    1278   16527
         937    1.6e+05     17805 17808.1 17808.1    17798    1278    1278   16520
         938    1.6e+05     17805 17808.1 17808.1    17804    1278    1278   16526
         939    1.6e+05     17805 17808.1 17808.1    17797    1278    1278   16519
         940    1.6e+05     17805 17808.1 17808.1    17803    1278    1278   16525
         941    1.6e+05     17805 17808.1 17808.1    17797    1278    1278   16519
         942    1.6e+05     17805 17808.1 17808.1    17804    1278    1278   16526
         943    1.6e+05     17805 17808.1 17808.1    17797    1278    1278   16519
         944    1.6e+05     17805 17808.1 17808.1    17803    1278    1278   16525
         945    1.6e+05     17805 17808.1 17808.1    17797    1278    1278   16519
         946    1.6e+05     17805 17808.1 17808.1    17802    1278    1278   16524
         947    1.6e+05     17805 17808.1 17808.1    17797    1278    1278   16519
         948    1.6e+05     17805 17808.1 17808.1    17802    1278    1278   16524
         949    1.6e+05     17805 17808.1 17808.1    17797    1278    1278   16519
         950    1.6e+05     17805 17808.1 17808.1    17802    1278    1278   16524
         951    1.6e+05     17805 17808.1 17808.1    17797    1278    1278   16519
               reducing step to 0.000195313
         952    1.6e+05     17805 17808.1 17808.1    17797    1278    1278   16519
         953    1.6e+05     17805 17808.1 17808.1    17804    1278    1278   16526
         954    1.6e+05     17805 17808.1 17808.1    17801    1278    1278   16523
         955    1.6e+05     17805 17808.1 17808.1    17801    1278    1278   16523
         956    1.6e+05     17805 17808.1 17808.1    17801    1278    1278   16523
         957    1.6e+05     17805 17808.1 17808.1    17800    1278    1278   16522
         958    1.6e+05     17805 17808.1 17808.1    17801    1278    1278   16523
         959    1.6e+05     17805 17808.1 17808.1    17800    1278    1278   16522
         960    1.6e+05     17805 17808.1 17808.1    17801    1278    1278   16523
         961    1.6e+05     17805 17808.1 17808.1    17800    1278    1278   16522
         962    1.6e+05     17805 17808.1 17808.1    17801    1278    1278   16523
         963    1.6e+05     17805 17808.1 17808.1    17800    1278    1278   16522
         964    1.6e+05     17805 17808.1 17808.1    17801    1278    1278   16523
         965    1.6e+05     17805 17808.1 17808.1    17799    1278    1278   16521
         966    1.6e+05     17805 17808.1 17808.1    17801    1278    1278   16523
         967    1.6e+05     17805 17808.1 17808.1    17799    1278    1278   16521
         968    1.6e+05     17805 17808.1 17808.1    17801    1278    1278   16523
         969    1.6e+05     17805 17808.1 17808.1    17799    1278    1278   16521
         970    1.6e+05     17805 17808.1 17808.1    17801    1278    1278   16523
         971    1.6e+05     17805 17808.1 17808.1    17799    1278    1278   16521
         972    1.6e+05     17805 17808.1 17808.1    17801    1278    1278   16523
         973    1.6e+05     17805 17808.1 17808.1    17799    1278    1278   16521
         974    1.6e+05     17805 17808.1 17808.1    17801    1278    1278   16523
         975    1.6e+05     17805 17808.1 17808.1    17799    1278    1278   16521
         976    1.6e+05     17805 17808.1 17808.1    17801    1278    1278   16523
         977    1.6e+05     17805 17808.1 17808.1    17799    1278    1278   16521
         978    1.6e+05     17805 17808.1 17808.1    17801    1278    1278   16523
         979    1.6e+05     17805 17808.1 17808.1    17799    1278    1278   16521
         980    1.6e+05     17805 17808.1 17808.1    17801    1278    1278   16523
         981    1.6e+05     17805 17808.1 17808.1    17799    1278    1278   16521
         982    1.6e+05     17805 17808.1 17808.1    17801    1278    1278   16523
         983    1.6e+05     17805 17808.1 17808.1    17799    1278    1278   16521
         984    1.6e+05     17805 17808.1 17808.1    17801    1278    1278   16523
         985    1.6e+05     17805 17808.1 17808.1    17799    1278    1278   16521
         986    1.6e+05     17805 17808.1 17808.1    17801    1278    1278   16523
         987    1.6e+05     17805 17808.1 17808.1    17799    1278    1278   16521
         988    1.6e+05     17805 17808.1 17808.1    17801    1278    1278   16523
         989    1.6e+05     17805 17808.1 17808.1    17799    1278    1278   16521
         990    1.6e+05     17805 17808.1 17808.1    17801    1278    1278   16523
         991    1.6e+05     17805 17808.1 17808.1    17799    1278    1278   16521
         992    1.6e+05     17805 17808.1 17808.1    17801    1278    1278   16523
         993    1.6e+05     17805 17808.1 17808.1    17799    1278    1278   16521
         994    1.6e+05     17805 17808.1 17808.1    17801    1278    1278   16523
         995    1.6e+05     17805 17808.1 17808.1    17799    1278    1278   16521
         996    1.6e+05     17805 17808.1 17808.1    17801    1278    1278   16523
         997    1.6e+05     17805 17808.1 17808.1    17799    1278    1278   16521
         998    1.6e+05     17805 17808.1 17808.1    17801    1278    1278   16523
         999    1.6e+05     17805 17808.1 17808.1    17799    1278    1278   16521
        1000    1.6e+05     17805 17808.1 17808.1    17801    1278    1278   16523
Total time used by klau is 487.74
true_align (3890) and est_align (1278) DO NOT have the same number of elements.
method klau has a score of 23.60%
method klau used 487.738 seconds.
maximum values in init align row is:  3889
maximum values in init align col is:  3889
 best   iter   pr-delta       obj  weight    card overlap
    *      1    6.2e-01   12851.5    1287    1287   12208
    *      2    1.9e-01   13788.5    1287    1287   13145
           3    6.5e-02   13679.5    1287    1287   13036
           4    2.4e-02   13766.5    1287    1287   13123
           5    9.1e-03   13763.5    1287    1287   13120
           6    3.6e-03   13766.5    1287    1287   13123
           7    1.4e-03   13765.5    1287    1287   13122
           8    5.8e-04   13766.5    1287    1287   13123
           9    2.4e-04   13766.5    1287    1287   13123
          10    1.0e-04   13766.5    1287    1287   13123
          11    4.5e-05   13766.5    1287    1287   13123
          12    2.1e-05   13766.5    1287    1287   13123
          13    9.8e-06   13766.5    1287    1287   13123
          14    5.0e-06   13766.5    1287    1287   13123
          15    2.7e-06   13766.5    1287    1287   13123
          16    1.5e-06   13766.5    1287    1287   13123
          17    8.7e-07   13766.5    1287    1287   13123
          18    5.3e-07   13766.5    1287    1287   13123
          19    3.2e-07   13766.5    1287    1287   13123
          20    2.0e-07   13766.5    1287    1287   13123
          21    1.3e-07   13766.5    1287    1287   13123
          22    8.3e-08   13766.5    1287    1287   13123
          23    5.4e-08   13766.5    1287    1287   13123
          24    3.5e-08   13766.5    1287    1287   13123
          25    2.3e-08   13766.5    1287    1287   13123
          26    1.5e-08   13766.5    1287    1287   13123
          27    9.7e-09   13766.5    1287    1287   13123
          28    6.3e-09   13766.5    1287    1287   13123
          29    4.2e-09   13766.5    1287    1287   13123
          30    2.7e-09   13766.5    1287    1287   13123
          31    1.8e-09   13766.5    1287    1287   13123
          32    1.2e-09   13766.5    1287    1287   13123
          33    7.9e-10   13766.5    1287    1287   13123
          34    5.2e-10   13766.5    1287    1287   13123
          35    3.5e-10   13766.5    1287    1287   13123
          36    2.3e-10   13766.5    1287    1287   13123
          37    1.5e-10   13766.5    1287    1287   13123
          38    1.0e-10   13766.5    1287    1287   13123
          39    6.7e-11   13766.5    1287    1287   13123
          40    4.4e-11   13766.5    1287    1287   13123
          41    2.9e-11   13766.5    1287    1287   13123
          42    1.9e-11   13766.5    1287    1287   13123
          43    1.3e-11   13766.5    1287    1287   13123
          44    8.6e-12   13766.5    1287    1287   13123
          45    5.7e-12   13766.5    1287    1287   13123
          46    3.8e-12   13766.5    1287    1287   13123
          47    2.5e-12   13766.5    1287    1287   13123
          48    1.7e-12   13766.5    1287    1287   13123
          49    1.1e-12   13766.5    1287    1287   13123
          50    7.4e-13   13766.5    1287    1287   13123
Total time used by isorank is 5.94
true_align (3890) and est_align (1287) DO NOT have the same number of elements.
method isorank has a score of 7.25%
method isorank used 5.938 seconds.
experiment results:
     method      score        time
0     final  38.997429   53.495405
1  netalign  23.573265   23.306998
2      klau  23.598972  487.737898
3   isorank   7.249357    5.937735
