Permutation sanity check error is 2230.0.
Permutation sanity check error is 149866.0.
num_init for this graph is 12
Generating initial alignment matrix using degree ...
mode is  degree
number of noisy edges are:  12
Average number of initial alignments for each node is 24
maximum values in init align row is:  3889
maximum values in init align col is:  3884
Recovering sparse matrix L took 0.03 sec.
Time for degree: 0.03 sec
iteration 1
Time for iteration 1: 0.87 sec, diff = 0.29117
iteration 2
Time for iteration 2: 2.68 sec, diff = 0.02115
iteration 3
Time for iteration 3: 2.73 sec, diff = 0.00616
iteration 4
Time for iteration 4: 2.69 sec, diff = 0.00280
iteration 5
Time for iteration 5: 2.79 sec, diff = 0.00152
iteration 6
Time for iteration 6: 2.70 sec, diff = 0.00090
iteration 7
Time for iteration 7: 2.70 sec, diff = 0.00056
iteration 8
Time for iteration 8: 2.79 sec, diff = 0.00036
iteration 9
Time for iteration 9: 2.68 sec, diff = 0.00024
iteration 10
Time for iteration 10: 2.74 sec, diff = 0.00016
iteration 11
Time for iteration 11: 2.74 sec, diff = 0.00011
iteration 12
Time for iteration 12: 2.68 sec, diff = 0.00007
iteration 13
Time for iteration 13: 2.69 sec, diff = 0.00005
iteration 14
Time for iteration 14: 2.75 sec, diff = 0.00004
iteration 15
Time for iteration 15: 2.68 sec, diff = 0.00002
iteration 16
Time for iteration 16: 2.76 sec, diff = 0.00002
iteration 17
Time for iteration 17: 2.68 sec, diff = 0.00001
iteration 18
Time for iteration 18: 2.68 sec, diff = 0.00001
Total time used by final is 49.74 sec.
true_align and est_align have the same number of elements.
method final has a score of 41.03%
method final used 49.736 seconds.
maximum values in init align row is:  3889
maximum values in init align col is:  3884
best   iter    obj_ma wght_ma card_ma over_ma    obj_mb wght_mb card_mb over_mb
  *a      1     16311    1286    1286   15025     16311    1286    1286   15025
          2      2935     798     798    2137      3522     811     811    2711
          3     10195    1211    1211    8984      9193     985     985    8208
          4      4199    1069    1069    3130      4647    1004    1004    3643
          5     12510    1218    1218   11292     12247    1044    1044   11203
          6     15387    1271    1271   14116     15622    1252    1252   14370
  *b      7     16532    1261    1261   15271     16636    1180    1180   15456
          8      8720    1199    1199    7521      9242    1142    1142    8100
          9      6192     935     935    5257      4253     506     506    3747
         10     11260    1248    1248   10012     11400    1218    1218   10182
         11      8882    1062    1062    7820      8352     812     812    7540
         12      9346    1211    1211    8135      9288    1123    1123    8165
         13      4907     922     922    3985      3891     571     571    3320
         14      9426    1226    1226    8200      9130    1133    1133    7997
         15      6288    1012    1012    5276      5363     719     719    4644
         16      9936    1230    1230    8706      9999    1138    1138    8861
         17      7001    1035    1035    5966      6258     763     763    5495
         18     10222    1230    1230    8992     10522    1148    1148    9374
         19      8394    1082    1082    7312      7192     823     823    6369
         20     11553    1243    1243   10310     11408    1164    1164   10244
         21     10891    1142    1142    9749      9593     927     927    8666
         22     11974    1243    1243   10731     11908    1173    1173   10735
         23     12931    1199    1199   11732     12531    1045    1045   11486
         24     12729    1248    1248   11481     12555    1185    1185   11370
         25     15675    1254    1254   14421     15432    1125    1125   14307
         26     13907    1254    1254   12653     13955    1188    1188   12767
         27     15389    1260    1260   14129     15201    1157    1157   14044
         28     15806    1261    1261   14545     15495    1190    1190   14305
         29     15823    1263    1263   14560     15633    1245    1245   14388
         30     16048    1264    1264   14784     16023    1252    1252   14771
  *a     31     17204    1271    1271   15933     17180    1259    1259   15921
  *a     32     17417    1272    1272   16145     17380    1258    1258   16122
  *a     33     17670    1273    1273   16397     17630    1258    1258   16372
  *a     34     17673    1273    1273   16400     17644    1259    1259   16385
  *a     35     17679    1273    1273   16406     17662    1265    1265   16397
  *a     36     17680    1273    1273   16407     17656    1263    1263   16393
         37     17679    1273    1273   16406     17668    1268    1268   16400
  *a     38     17684    1273    1273   16411     17671    1268    1268   16403
         39     17684    1273    1273   16411     17675    1270    1270   16405
         40     17684    1273    1273   16411     17675    1270    1270   16405
         41     17684    1273    1273   16411     17679    1272    1272   16407
         42     17684    1273    1273   16411     17679    1272    1272   16407
         43     17684    1273    1273   16411     17680    1272    1272   16408
         44     17684    1273    1273   16411     17684    1273    1273   16411
         45     17684    1273    1273   16411     17684    1273    1273   16411
         46     17684    1273    1273   16411     17684    1273    1273   16411
         47     17684    1273    1273   16411     17684    1273    1273   16411
         48     17684    1273    1273   16411     17684    1273    1273   16411
         49     17684    1273    1273   16411     17684    1273    1273   16411
         50     17684    1273    1273   16411     17684    1273    1273   16411
         51     17684    1273    1273   16411     17684    1273    1273   16411
         52     17684    1273    1273   16411     17684    1273    1273   16411
         53     17684    1273    1273   16411     17684    1273    1273   16411
         54     17684    1273    1273   16411     17684    1273    1273   16411
         55     17684    1273    1273   16411     17684    1273    1273   16411
         56     17684    1273    1273   16411     17684    1273    1273   16411
         57     17684    1273    1273   16411     17684    1273    1273   16411
         58     17684    1273    1273   16411     17684    1273    1273   16411
         59     17684    1273    1273   16411     17684    1273    1273   16411
         60     17684    1273    1273   16411     17684    1273    1273   16411
         61     17684    1273    1273   16411     17682    1272    1272   16410
         62     17684    1273    1273   16411     17682    1272    1272   16410
         63     17684    1273    1273   16411     17682    1272    1272   16410
         64     17684    1273    1273   16411     17684    1273    1273   16411
         65     17684    1273    1273   16411     17684    1273    1273   16411
         66     17684    1273    1273   16411     17684    1273    1273   16411
         67     17684    1273    1273   16411     17684    1273    1273   16411
         68     17684    1273    1273   16411     17684    1273    1273   16411
         69     17684    1273    1273   16411     17684    1273    1273   16411
         70     17684    1273    1273   16411     17684    1273    1273   16411
         71     17684    1273    1273   16411     17684    1273    1273   16411
         72     17684    1273    1273   16411     17684    1273    1273   16411
         73     17684    1273    1273   16411     17684    1273    1273   16411
         74     17684    1273    1273   16411     17684    1273    1273   16411
         75     17684    1273    1273   16411     17684    1273    1273   16411
         76     17684    1273    1273   16411     17684    1273    1273   16411
         77     17684    1273    1273   16411     17684    1273    1273   16411
         78     17684    1273    1273   16411     17684    1273    1273   16411
         79     17684    1273    1273   16411     17684    1273    1273   16411
         80     17684    1273    1273   16411     17678    1271    1271   16407
         81     17684    1273    1273   16411     17678    1271    1271   16407
         82     17684    1273    1273   16411     17678    1271    1271   16407
         83     17684    1273    1273   16411     17681    1272    1272   16409
         84     17684    1273    1273   16411     17684    1273    1273   16411
         85     17684    1273    1273   16411     17684    1273    1273   16411
         86     17684    1273    1273   16411     17684    1273    1273   16411
         87     17684    1273    1273   16411     17684    1273    1273   16411
         88     17684    1273    1273   16411     17684    1273    1273   16411
         89     17684    1273    1273   16411     17684    1273    1273   16411
         90     17684    1273    1273   16411     17684    1273    1273   16411
         91     17684    1273    1273   16411     17684    1273    1273   16411
         92     17684    1273    1273   16411     17684    1273    1273   16411
         93     17684    1273    1273   16411     17684    1273    1273   16411
         94     17684    1273    1273   16411     17684    1273    1273   16411
         95     17684    1273    1273   16411     17684    1273    1273   16411
         96     17684    1273    1273   16411     17684    1273    1273   16411
         97     17684    1273    1273   16411     17684    1273    1273   16411
         98     17684    1273    1273   16411     17684    1273    1273   16411
         99     17684    1273    1273   16411     17684    1273    1273   16411
        100     17684    1273    1273   16411     17684    1273    1273   16411
Total time used by netalign is 22.64
true_align (3890) and est_align (1273) DO NOT have the same number of elements.
method netalign has a score of 23.44%
method netalign used 22.640 seconds.
maximum values in init align row is:  3889
maximum values in init align col is:  3884
 best   iter     norm-u     lower   upper     cur      obj  weight    card overlap
    *      1    0.0e+00     16846 19266.5 19266.5    16846    1286    1286   15560
           2    1.2e+04     16846 19266.5   20707    15597    1286    1286   14311
           3    1.8e+04     16846 19266.5 19930.9    14041    1286    1286   12755
           4    2.4e+04     16846 19266.5 20065.9    13827    1285    1285   12542
           5    2.8e+04     16846 19266.5 19932.6    11284    1285    1285    9999
           6    3.3e+04     16846 19266.5 20118.5    11001    1285    1285    9716
           7    3.8e+04     16846 19266.5   20013     8871    1285    1285    7586
           8    4.2e+04     16846 19266.5 20108.3    10467    1286    1286    9181
           9    4.6e+04     16846 19266.5 20028.4     8981    1285    1285    7696
          10    5.0e+04     16846 19266.5   20094     9260    1285    1285    7975
          11    5.3e+04     16846 19266.5 20092.7     8913    1284    1284    7629
          12    5.7e+04     16846 19266.5 20026.1     9219    1285    1285    7934
          13    6.0e+04     16846 19266.5 20165.9     8446    1284    1284    7162
          14    6.4e+04     16846 19266.5   20003     9352    1285    1285    8067
          15    6.7e+04     16846 19266.5 20125.2     8163    1285    1285    6878
          16    7.0e+04     16846 19266.5 20006.3     8837    1286    1286    7551
          17    7.3e+04     16846 19266.5 20109.4     8189    1284    1284    6905
          18    7.6e+04     16846 19266.5 19979.4     8894    1285    1285    7609
          19    7.8e+04     16846 19266.5   20134     7932    1285    1285    6647
          20    8.1e+04     16846 19266.5 19986.9     8480    1285    1285    7195
          21    8.3e+04     16846 19266.5 20083.5     8021    1285    1285    6736
          22    8.6e+04     16846 19266.5 19952.9     8311    1285    1285    7026
          23    8.8e+04     16846 19266.5 20135.8     7631    1284    1284    6347
          24    9.1e+04     16846 19266.5 19996.4     8519    1285    1285    7234
          25    9.3e+04     16846 19266.5 20116.4     7854    1285    1285    6569
          26    9.5e+04     16846 19266.5 20027.4     8079    1284    1284    6795
               reducing step to 0.2
          27    9.6e+04     16846 19219.3 19219.3    10153    1283    1283    8870
          28    9.7e+04     16846 19133.1 19133.1     7419    1285    1285    6134
          29    9.8e+04     16846 19101.7 19101.7     7689    1284    1284    6405
          30    9.9e+04     16846 18959.1 18959.1     7985    1283    1283    6702
          31    1.0e+05     16846 18959.1 19000.9     7970    1285    1285    6685
          32    1.0e+05     16846   18857   18857     7934    1284    1284    6650
          33    1.0e+05     16846   18857 18910.5     7720    1285    1285    6435
          34    1.0e+05     16846 18854.3 18854.3     8532    1282    1282    7250
          35    1.0e+05     16846 18854.3 18855.3     7828    1285    1285    6543
          36    1.0e+05     16846 18800.7 18800.7     8331    1284    1284    7047
          37    1.0e+05     16846 18800.7 18821.5     8235    1283    1283    6952
          38    1.1e+05     16846 18745.2 18745.2     8466    1283    1283    7183
          39    1.1e+05     16846 18745.2 18759.9     8278    1286    1286    6992
          40    1.1e+05     16846 18732.5 18732.5     8587    1283    1283    7304
          41    1.1e+05     16846 18672.1 18672.1     7956    1284    1284    6672
          42    1.1e+05     16846 18672.1 18708.1     8993    1282    1282    7711
          43    1.1e+05     16846   18633   18633     8538    1283    1283    7255
          44    1.1e+05     16846   18633 18678.4     8475    1283    1283    7192
          45    1.1e+05     16846   18633 18639.4     8864    1283    1283    7581
          46    1.1e+05     16846   18633 18652.5     8697    1282    1282    7415
          47    1.1e+05     16846 18614.7 18614.7     8773    1282    1282    7491
          48    1.1e+05     16846 18606.8 18606.8     8303    1285    1285    7018
          49    1.1e+05     16846 18591.1 18591.1     9483    1282    1282    8201
          50    1.1e+05     16846 18566.9 18566.9     9106    1283    1283    7823
          51    1.1e+05     16846 18566.9 18601.9     9170    1283    1283    7887
          52    1.1e+05     16846 18542.5 18542.5     9228    1282    1282    7946
          53    1.1e+05     16846 18526.9 18526.9     8681    1283    1283    7398
          54    1.1e+05     16846 18526.9 18544.4     9506    1283    1283    8223
          55    1.1e+05     16846 18478.6 18478.6     9063    1283    1283    7780
          56    1.2e+05     16846 18478.6   18563     9324    1282    1282    8042
          57    1.2e+05     16846 18452.3 18452.3    10147    1282    1282    8865
          58    1.2e+05     16846 18452.3 18458.4     9371    1284    1284    8087
          59    1.2e+05     16846 18452.3 18497.7     9388    1281    1281    8107
          60    1.2e+05     16846 18452.3 18455.4     9565    1281    1281    8284
          61    1.2e+05     16846 18452.3   18516     9512    1283    1283    8229
          62    1.2e+05     16846 18445.2 18445.2     9704    1282    1282    8422
          63    1.2e+05     16846 18445.2 18469.6     9932    1281    1281    8651
          64    1.2e+05     16846 18431.5 18431.5     9550    1281    1281    8269
          65    1.2e+05     16846 18431.5 18495.9    10019    1283    1283    8736
          66    1.2e+05     16846 18417.5 18417.5    10638    1282    1282    9356
          67    1.2e+05     16846 18417.5 18459.9     9920    1282    1282    8638
          68    1.2e+05     16846 18417.5 18420.8     9074    1279    1279    7795
          69    1.2e+05     16846 18417.5 18496.6    10487    1283    1283    9204
          70    1.2e+05     16846 18358.3 18358.3    10003    1282    1282    8721
          71    1.2e+05     16846 18358.3 18547.2     9425    1281    1281    8144
          72    1.2e+05     16846 18358.3 18369.8    10844    1284    1284    9560
          73    1.2e+05     16846 18358.3 18447.7    10549    1283    1283    9266
          74    1.2e+05     16846 18358.3 18363.7     9467    1280    1280    8187
          75    1.2e+05     16846 18358.3 18482.1    10294    1283    1283    9011
          76    1.2e+05     16846 18307.9 18307.9    10218    1280    1280    8938
          77    1.2e+05     16846 18307.9 18463.3     9650    1284    1284    8366
          78    1.2e+05     16846 18307.9 18356.2     9821    1281    1281    8540
          79    1.2e+05     16846 18307.9 18427.1    10317    1282    1282    9035
          80    1.2e+05     16846 18307.9 18311.6    10689    1281    1281    9408
          81    1.3e+05     16846 18307.9 18456.2    10301    1282    1282    9019
          82    1.3e+05     16846 18307.9 18317.1    10622    1280    1280    9342
          83    1.3e+05     16846 18307.9 18452.5    10179    1281    1281    8898
          84    1.3e+05     16846 18298.4 18298.4    10140    1281    1281    8859
          85    1.3e+05     16846 18298.4 18391.8    10425    1282    1282    9143
          86    1.3e+05     16846 18298.4 18305.6    11102    1281    1281    9821
          87    1.3e+05     16846 18298.4   18375    10870    1283    1283    9587
          88    1.3e+05     16846 18298.4 18300.9     9867    1279    1279    8588
          89    1.3e+05     16846 18298.4 18434.9    10410    1283    1283    9127
          90    1.3e+05     16846 18242.8 18242.8    11054    1278    1278    9776
          91    1.3e+05     16846 18242.8 18404.4    10242    1282    1282    8960
          92    1.3e+05     16846 18242.8 18280.2    10599    1281    1281    9318
          93    1.3e+05     16846 18242.8 18372.9    10503    1280    1280    9223
          94    1.3e+05     16846 18242.8 18249.2    10571    1280    1280    9291
          95    1.3e+05     16846 18242.8 18405.6    10686    1282    1282    9404
          96    1.3e+05     16846 18230.6 18230.6    10282    1281    1281    9001
          97    1.3e+05     16846 18230.6 18405.3     9973    1281    1281    8692
          98    1.3e+05     16846   18219   18219    10527    1282    1282    9245
          99    1.3e+05     16846   18219 18334.9    10674    1281    1281    9393
         100    1.3e+05     16846   18219 18243.7    10328    1282    1282    9046
         101    1.3e+05     16846   18219 18390.9    10221    1281    1281    8940
         102    1.3e+05     16846   18219 18228.5    10972    1281    1281    9691
         103    1.3e+05     16846   18219 18303.3    10351    1282    1282    9069
         104    1.3e+05     16846   18219 18281.8    10547    1280    1280    9267
         105    1.3e+05     16846   18219 18306.8    10677    1278    1278    9399
         106    1.3e+05     16846   18219 18248.5    10733    1282    1282    9451
         107    1.3e+05     16846   18219 18336.3    11168    1279    1279    9889
         108    1.3e+05     16846 18181.7 18181.7    11048    1279    1279    9769
         109    1.3e+05     16846 18181.7 18320.5    10453    1283    1283    9170
         110    1.3e+05     16846 18181.7 18227.4    11239    1280    1280    9959
         111    1.3e+05     16846 18181.7 18312.4    10922    1279    1279    9643
         112    1.3e+05     16846 18181.7 18223.9    11018    1282    1282    9736
         113    1.4e+05     16846 18181.7   18314    11130    1282    1282    9848
         114    1.4e+05     16846 18181.7 18199.6    10791    1278    1278    9513
         115    1.4e+05     16846 18181.7   18323    11032    1281    1281    9751
         116    1.4e+05     16846 18161.3 18161.3    11957    1280    1280   10677
         117    1.4e+05     16846 18161.3 18339.2    10982    1281    1281    9701
         118    1.4e+05     16846 18161.3 18199.6    10271    1281    1281    8990
         119    1.4e+05     16846 18161.3 18330.8    10630    1281    1281    9349
         120    1.4e+05     16846 18161.3 18172.4    10818    1279    1279    9539
         121    1.4e+05     16846 18161.3 18360.3    10723    1283    1283    9440
         122    1.4e+05     16846 18125.6 18125.6    11377    1280    1280   10097
         123    1.4e+05     16846 18125.6 18268.2    11183    1281    1281    9902
         124    1.4e+05     16846 18125.6 18182.9    10888    1281    1281    9607
         125    1.4e+05     16846 18125.6 18324.1    10487    1283    1283    9204
         126    1.4e+05     16846 18125.6 18155.3    11496    1278    1278   10218
         127    1.4e+05     16846 18125.6 18153.5    12004    1283    1283   10721
         128    1.4e+05     16846 18125.6 18162.3    10684    1279    1279    9405
         129    1.4e+05     16846 18125.6 18269.4    10912    1281    1281    9631
         130    1.4e+05     16846 18125.6 18149.9    11138    1278    1278    9860
         131    1.4e+05     16846 18125.6 18247.3    11471    1281    1281   10190
         132    1.4e+05     16846 18125.6 18163.8    11379    1277    1277   10102
         133    1.4e+05     16846 18125.6 18244.3    11372    1283    1283   10089
         134    1.4e+05     16846 18125.4 18125.4    10772    1281    1281    9491
         135    1.4e+05     16846 18125.4 18245.5    10936    1281    1281    9655
         136    1.4e+05     16846 18125.4 18154.6    11830    1280    1280   10550
         137    1.4e+05     16846 18125.4 18188.3    12040    1282    1282   10758
         138    1.4e+05     16846 18125.4 18141.7    10977    1278    1278    9699
         139    1.4e+05     16846 18125.4 18239.7    11728    1281    1281   10447
         140    1.4e+05     16846 18125.4 18136.2    11449    1280    1280   10169
         141    1.4e+05     16846 18125.4 18227.7    11080    1280    1280    9800
         142    1.4e+05     16846 18125.4 18129.3    11227    1280    1280    9947
         143    1.4e+05     16846 18125.4 18277.9    11468    1283    1283   10185
         144    1.4e+05     16846 18125.4   18130    11556    1278    1278   10278
         145    1.4e+05     16846 18125.4 18193.1    11476    1281    1281   10195
         146    1.4e+05     16846 18123.4 18123.4    11272    1279    1279    9993
         147    1.4e+05     16846 18123.4 18196.6    10980    1282    1282    9698
         148    1.4e+05     16846 18123.4 18175.5    11097    1278    1278    9819
         149    1.4e+05     16846 18123.4 18215.8    11692    1280    1280   10412
         150    1.4e+05     16846 18088.7 18088.7    12466    1281    1281   11185
         151    1.5e+05     16846 18088.7 18166.4    11288    1281    1281   10007
         152    1.5e+05     16846 18088.7 18136.8    11424    1280    1280   10144
         153    1.5e+05     16846 18088.7 18220.4    11429    1280    1280   10149
         154    1.5e+05     16846 18088.7 18117.4    11790    1279    1279   10511
         155    1.5e+05     16846 18088.7 18161.7    11069    1282    1282    9787
         156    1.5e+05     16846 18088.7 18122.7    10625    1281    1281    9344
         157    1.5e+05     16846 18088.7 18223.3    11305    1281    1281   10024
         158    1.5e+05     16846 18088.7 18099.1    12269    1279    1279   10990
         159    1.5e+05     16846 18088.7 18168.4    12117    1280    1280   10837
         160    1.5e+05     16846 18088.7 18106.5    11684    1278    1278   10406
         161    1.5e+05     16846 18088.7 18210.6    11444    1282    1282   10162
         162    1.5e+05     16846 18088.7 18104.2    11966    1280    1280   10686
         163    1.5e+05     16846 18088.7 18134.6    12539    1280    1280   11259
         164    1.5e+05     16846 18067.2 18067.2    11894    1278    1278   10616
         165    1.5e+05     16846 18067.2 18185.2    10657    1282    1282    9375
         166    1.5e+05     16846 18067.2 18150.5    11144    1280    1280    9864
         167    1.5e+05     16846 18067.2 18197.7    11546    1279    1279   10267
         168    1.5e+05     16846 18067.2 18127.3    11750    1279    1279   10471
         169    1.5e+05     16846 18067.2   18114    12108    1281    1281   10827
         170    1.5e+05     16846 18067.2   18091    12329    1277    1277   11052
         171    1.5e+05     16846 18067.2 18112.4    11212    1279    1279    9933
         172    1.5e+05     16846 18067.2 18157.5    11161    1280    1280    9881
         173    1.5e+05     16846 18067.2 18068.6    11768    1280    1280   10488
         174    1.5e+05     16846 18067.2 18102.7    11816    1279    1279   10537
         175    1.5e+05     16846 18067.2 18113.1    11849    1279    1279   10570
         176    1.5e+05     16846 18067.2 18112.4    11806    1281    1281   10525
         177    1.5e+05     16846 18067.2   18102    12570    1281    1281   11289
         178    1.5e+05     16846 18058.7 18058.7    12302    1280    1280   11022
         179    1.5e+05     16846 18058.7 18140.9    11224    1279    1279    9945
         180    1.5e+05     16846 18058.7   18127    11174    1278    1278    9896
         181    1.5e+05     16846 18058.7 18139.4    11829    1279    1279   10550
         182    1.5e+05     16846 18058.7 18086.1    12194    1279    1279   10915
         183    1.5e+05     16846 18058.7 18094.3    12185    1280    1280   10905
         184    1.5e+05     16846 18058.7 18091.4    11427    1278    1278   10149
         185    1.5e+05     16846 18058.7 18191.1    11615    1280    1280   10335
         186    1.5e+05     16846 18058.7 18059.9    12082    1280    1280   10802
         187    1.5e+05     16846 18058.7 18144.8    11905    1281    1281   10624
         188    1.5e+05     16846 18058.7 18111.7    11801    1279    1279   10522
         189    1.5e+05     16846 18058.7 18164.6    12386    1278    1278   11108
         190    1.5e+05     16846 18038.5 18038.5    12557    1279    1279   11278
         191    1.5e+05     16846 18038.5   18175    11703    1282    1282   10421
         192    1.5e+05     16846 18038.5 18079.4    12011    1279    1279   10732
         193    1.5e+05     16846 18038.5 18124.7    11932    1279    1279   10653
         194    1.5e+05     16846 18038.5 18074.5    12492    1278    1278   11214
         195    1.6e+05     16846 18038.5 18103.9    12425    1279    1279   11146
         196    1.6e+05     16846 18038.5 18071.9    11927    1281    1281   10646
         197    1.6e+05     16846 18038.5 18154.3    11818    1280    1280   10538
         198    1.6e+05     16846 18038.5 18082.6    11800    1278    1278   10522
         199    1.6e+05     16846 18038.5 18145.1    12185    1278    1278   10907
         200    1.6e+05     16846 18038.5 18054.2    12636    1279    1279   11357
         201    1.6e+05     16846 18038.5 18132.2    11972    1279    1279   10693
         202    1.6e+05     16846 18038.5 18075.1    12105    1278    1278   10827
         203    1.6e+05     16846 18038.5 18146.9    12522    1278    1278   11244
         204    1.6e+05     16846 18020.6 18020.6    12058    1278    1278   10780
         205    1.6e+05     16846 18020.6 18210.3    11474    1281    1281   10193
         206    1.6e+05     16846 18020.6 18067.4    11895    1277    1277   10618
         207    1.6e+05     16846 18020.6 18159.2    12052    1280    1280   10772
         208    1.6e+05     16846 18003.1 18003.1    12502    1276    1276   11226
         209    1.6e+05     16846 18003.1 18124.9    11792    1282    1282   10510
         210    1.6e+05     16846 18003.1 18073.3    11869    1278    1278   10591
         211    1.6e+05     16846 18003.1   18125    12391    1280    1280   11111
         212    1.6e+05     16846 18003.1 18029.8    12630    1279    1279   11351
         213    1.6e+05     16846 18003.1 18098.8    11550    1279    1279   10271
         214    1.6e+05     16846 18003.1 18081.4    11209    1279    1279    9930
         215    1.6e+05     16846 18003.1 18160.3    11821    1279    1279   10542
         216    1.6e+05     16846 18003.1 18023.4    12721    1281    1281   11440
         217    1.6e+05     16846 18003.1 18082.1    12445    1276    1276   11169
         218    1.6e+05     16846 18003.1 18035.9    12072    1280    1280   10792
         219    1.6e+05     16846 18003.1 18144.3    12169    1281    1281   10888
         220    1.6e+05     16846 18003.1 18023.1    11908    1278    1278   10630
         221    1.6e+05     16846 18003.1 18157.8    11870    1278    1278   10592
         222    1.6e+05     16846 18003.1 18039.7    12553    1276    1276   11277
         223    1.6e+05     16846 18003.1 18064.8    12583    1281    1281   11302
         224    1.6e+05     16846 18003.1   18036    12634    1277    1277   11357
         225    1.6e+05     16846 18003.1   18101    12886    1278    1278   11608
         226    1.6e+05     16846 18003.1   18034    12947    1277    1277   11670
         227    1.6e+05     16846 18003.1 18123.6    12486    1278    1278   11208
         228    1.6e+05     16846 18003.1 18012.1    12745    1276    1276   11469
         229    1.6e+05     16846 18003.1 18151.5    12356    1282    1282   11074
         230    1.6e+05     16846 18003.1 18028.6    12037    1277    1277   10760
         231    1.6e+05     16846 18003.1 18098.7    11938    1281    1281   10657
         232    1.6e+05     16846 18003.1 18057.3    12269    1276    1276   10993
         233    1.6e+05     16846 18003.1 18073.1    12319    1281    1281   11038
               reducing step to 0.1
         234    1.6e+05     16846 17868.2 17868.2    14597    1279    1279   13318
         235    1.6e+05     16846 17793.7 17793.7    14967    1276    1276   13691
         236    1.6e+05     16846 17771.6 17771.6    16560    1275    1275   15285
         237    1.6e+05     16846 17757.9 17757.9    16419    1273    1273   15146
    *    238    1.6e+05     17116   17754   17754    17116    1274    1274   15842
    *    239    1.6e+05     17174 17744.5 17744.5    17174    1273    1273   15901
    *    240    1.6e+05     17367 17744.5 17777.1    17367    1273    1273   16094
         241    1.6e+05     17367 17741.3 17741.3    17313    1273    1273   16040
    *    242    1.6e+05     17566 17740.8 17740.8    17566    1273    1273   16293
    *    243    1.6e+05     17602 17740.8 17742.4    17602    1273    1273   16329
         244    1.6e+05     17602 17738.9 17738.9    17578    1274    1274   16304
         245    1.6e+05     17602 17738.9 17740.9    17583    1273    1273   16310
         246    1.6e+05     17602 17737.7 17737.7    17471    1274    1274   16197
         247    1.6e+05     17602 17737.7 17740.6    17327    1273    1273   16054
         248    1.6e+05     17602 17737.7 17738.1    17584    1273    1273   16311
         249    1.6e+05     17602 17737.6 17737.6    17547    1273    1273   16274
         250    1.6e+05     17602 17736.5 17736.5    17376    1273    1273   16103
         251    1.6e+05     17602 17736.5 17737.8    17441    1273    1273   16168
         252    1.6e+05     17602   17736   17736    17563    1273    1273   16290
         253    1.6e+05     17602 17734.9 17734.9    17545    1273    1273   16272
         254    1.6e+05     17602 17734.9   17736    17550    1273    1273   16277
    *    255    1.6e+05     17626 17734.2 17734.2    17626    1273    1273   16353
         256    1.6e+05     17626 17734.2 17734.7    17573    1274    1274   16299
         257    1.6e+05     17626 17734.2 17734.6    17600    1273    1273   16327
         258    1.6e+05     17626 17734.2 17736.1    17270    1273    1273   15997
         259    1.6e+05     17626 17734.2 17737.4    17283    1273    1273   16010
         260    1.6e+05     17626 17734.2 17755.5    17228    1273    1273   15955
         261    1.6e+05     17626 17734.2 17735.1    17259    1273    1273   15986
         262    1.6e+05     17626 17734.2 17734.7    17165    1273    1273   15892
         263    1.6e+05     17626 17734.2 17734.3    17199    1274    1274   15925
         264    1.6e+05     17626 17734.2 17753.2    17110    1273    1273   15837
         265    1.6e+05     17626 17734.2   17750    17335    1273    1273   16062
         266    1.6e+05     17626 17732.2 17732.2    17513    1273    1273   16240
         267    1.6e+05     17626 17732.2 17732.7    17464    1273    1273   16191
         268    1.6e+05     17626 17732.2 17751.1    17393    1273    1273   16120
         269    1.6e+05     17626 17732.2 17733.5    17367    1273    1273   16094
         270    1.6e+05     17626 17732.2 17751.4    17317    1274    1274   16043
         271    1.6e+05     17626 17732.2 17733.1    17575    1273    1273   16302
         272    1.6e+05     17626 17732.2 17750.6    17582    1273    1273   16309
         273    1.6e+05     17626 17730.6 17730.6    17624    1273    1273   16351
         274    1.6e+05     17626 17730.6 17746.2    17500    1273    1273   16227
         275    1.6e+05     17626 17730.6 17733.1    17588    1273    1273   16315
         276    1.6e+05     17626 17730.6 17749.4    17615    1273    1273   16342
    *    277    1.6e+05     17629 17730.3 17730.3    17629    1273    1273   16356
         278    1.6e+05     17629 17730.3 17750.3    17603    1273    1273   16330
    *    279    1.6e+05     17656 17729.1 17729.1    17656    1273    1273   16383
         280    1.6e+05     17656 17729.1 17729.1    17620    1273    1273   16347
         281    1.6e+05     17656 17729.1   17749    17654    1273    1273   16381
         282    1.6e+05     17656 17729.1 17729.9    17612    1273    1273   16339
         283    1.6e+05     17656 17729.1 17729.6    17623    1273    1273   16350
         284    1.6e+05     17656 17729.1 17748.4    17639    1273    1273   16366
         285    1.6e+05     17656 17727.8 17727.8    17625    1273    1273   16352
         286    1.6e+05     17656 17727.8 17748.7    17608    1273    1273   16335
         287    1.6e+05     17656 17727.8 17729.8    17642    1273    1273   16369
    *    288    1.6e+05     17660 17727.8 17749.1    17660    1273    1273   16387
         289    1.6e+05     17660 17727.8 17728.4    17652    1273    1273   16379
         290    1.6e+05     17660 17727.8 17729.3    17632    1273    1273   16359
    *    291    1.6e+05     17668 17727.8 17729.3    17668    1273    1273   16395
         292    1.6e+05     17668 17727.8 17728.2    17665    1273    1273   16392
         293    1.6e+05     17668 17727.8 17728.6    17663    1273    1273   16390
         294    1.6e+05     17668 17727.4 17727.4    17648    1273    1273   16375
         295    1.6e+05     17668 17727.4 17728.4    17639    1273    1273   16366
         296    1.6e+05     17668 17727.4 17747.2    17661    1273    1273   16388
         297    1.6e+05     17668 17727.4 17728.2    17607    1273    1273   16334
         298    1.6e+05     17668 17727.4 17746.6    17615    1273    1273   16342
         299    1.6e+05     17668 17727.4 17729.2    17642    1273    1273   16369
         300    1.6e+05     17668 17727.4 17746.6    17668    1273    1273   16395
         301    1.6e+05     17668 17727.4 17727.6    17631    1273    1273   16358
         302    1.6e+05     17668 17727.4 17727.7    17641    1273    1273   16368
         303    1.6e+05     17668 17727.4   17729    17610    1273    1273   16337
         304    1.6e+05     17668 17727.4   17746    17653    1273    1273   16380
         305    1.6e+05     17668 17727.3 17727.3    17586    1274    1274   16312
         306    1.6e+05     17668 17727.3 17745.9    17651    1274    1274   16377
         307    1.6e+05     17668 17727.3 17728.3    17646    1273    1273   16373
    *    308    1.6e+05     17677 17727.3 17746.6    17677    1273    1273   16404
         309    1.6e+05     17677 17727.1 17727.1    17670    1273    1273   16397
         310    1.6e+05     17677 17726.4 17726.4    17672    1273    1273   16399
         311    1.6e+05     17677 17726.4 17727.5    17641    1273    1273   16368
         312    1.6e+05     17677 17726.4 17745.9    17665    1273    1273   16392
         313    1.6e+05     17677 17726.2 17726.2    17654    1273    1273   16381
         314    1.6e+05     17677 17726.2 17746.2    17666    1273    1273   16393
         315    1.6e+05     17677 17726.2 17726.7    17645    1273    1273   16372
         316    1.6e+05     17677 17726.2 17746.5    17622    1273    1273   16349
         317    1.6e+05     17677 17726.2 17726.5    17668    1273    1273   16395
         318    1.6e+05     17677 17725.8 17725.8    17654    1273    1273   16381
         319    1.6e+05     17677 17725.8 17727.2    17611    1273    1273   16338
         320    1.6e+05     17677 17725.8 17746.6    17654    1273    1273   16381
         321    1.6e+05     17677 17725.8 17726.1    17648    1273    1273   16375
         322    1.6e+05     17677 17725.8   17746    17666    1273    1273   16393
         323    1.6e+05     17677 17725.8 17725.8    17645    1273    1273   16372
         324    1.6e+05     17677 17725.8 17745.9    17676    1273    1273   16403
         325    1.6e+05     17677 17725.8 17726.4    17676    1273    1273   16403
         326    1.6e+05     17677 17725.8 17726.1    17645    1273    1273   16372
         327    1.6e+05     17677 17725.8 17728.4    17664    1273    1273   16391
         328    1.6e+05     17677 17725.8   17726    17668    1273    1273   16395
    *    329    1.6e+05     17680 17725.8 17727.4    17680    1273    1273   16407
         330    1.6e+05     17680 17725.8 17725.8    17668    1273    1273   16395
         331    1.6e+05     17680 17725.8 17726.5    17674    1273    1273   16401
         332    1.6e+05     17680 17725.6 17725.6    17666    1273    1273   16393
         333    1.6e+05     17680 17725.6 17726.6    17673    1273    1273   16400
         334    1.6e+05     17680 17725.4 17725.4    17653    1273    1273   16380
         335    1.6e+05     17680 17725.3 17725.3    17660    1273    1273   16387
         336    1.6e+05     17680 17725.3 17725.3    17233    1273    1273   15960
         337    1.6e+05     17680 17725.3 17733.1    16978    1273    1273   15705
         338    1.6e+05     17680 17725.3   17747    17436    1274    1274   16162
         339    1.6e+05     17680 17725.3 17727.7    17202    1274    1274   15928
         340    1.6e+05     17680 17725.3 17746.5    17332    1273    1273   16059
         341    1.6e+05     17680 17725.3 17727.4    17333    1273    1273   16060
         342    1.6e+05     17680 17725.3 17729.4    17271    1273    1273   15998
         343    1.6e+05     17680 17725.3 17728.1    16547    1274    1274   15273
         344    1.6e+05     17680 17725.3 17739.5    16207    1275    1275   14932
         345    1.6e+05     17680 17725.3 17735.7    16692    1275    1275   15417
         346    1.6e+05     17680 17725.3 17732.9    16759    1274    1274   15485
         347    1.6e+05     17680 17725.3 17745.9    16864    1274    1274   15590
         348    1.6e+05     17680 17725.3 17731.9    16647    1274    1274   15373
         349    1.6e+05     17680 17725.3 17746.4    16786    1274    1274   15512
         350    1.6e+05     17680 17725.3 17730.1    16762    1275    1275   15487
         351    1.6e+05     17680 17725.3   17732    16255    1273    1273   14982
         352    1.6e+05     17680 17725.3 17738.6    16469    1275    1275   15194
         353    1.6e+05     17680 17725.3 17741.6    17092    1274    1274   15818
         354    1.6e+05     17680 17725.3   17729    17423    1274    1274   16149
         355    1.6e+05     17680 17725.3 17747.1    17395    1273    1273   16122
         356    1.6e+05     17680 17725.3 17726.5    17604    1273    1273   16331
         357    1.6e+05     17680 17725.3 17725.7    17316    1273    1273   16043
         358    1.6e+05     17680 17725.3 17729.5    16737    1274    1274   15463
         359    1.6e+05     17680 17725.3   17729    16817    1273    1273   15544
         360    1.6e+05     17680 17725.3 17727.7    17099    1273    1273   15826
               reducing step to 0.05
         361    1.6e+05     17680 17716.6 17716.6    17057    1273    1273   15784
         362    1.6e+05     17680 17710.4 17710.4    17337    1273    1273   16064
         363    1.6e+05     17680 17710.4 17712.6    17617    1273    1273   16344
         364    1.6e+05     17680 17709.1 17709.1    17549    1273    1273   16276
         365    1.6e+05     17680 17709.1 17710.3    17667    1273    1273   16394
         366    1.6e+05     17680   17709   17709    17660    1273    1273   16387
         367    1.6e+05     17680   17709 17709.9    17674    1273    1273   16401
         368    1.6e+05     17680 17708.6 17708.6    17671    1273    1273   16398
         369    1.6e+05     17680 17708.6 17709.4    17674    1273    1273   16401
         370    1.6e+05     17680 17708.6   17709    17665    1273    1273   16392
         371    1.6e+05     17680 17708.6 17709.1    17657    1273    1273   16384
         372    1.6e+05     17680 17708.6 17708.7    17670    1273    1273   16397
         373    1.6e+05     17680 17708.6 17709.2    17666    1273    1273   16393
         374    1.6e+05     17680 17708.4 17708.4    17659    1273    1273   16386
         375    1.6e+05     17680 17708.4 17709.1    17667    1273    1273   16394
         376    1.6e+05     17680 17708.2 17708.2    17680    1273    1273   16407
         377    1.6e+05     17680 17708.2 17708.8    17678    1273    1273   16405
         378    1.6e+05     17680 17708.1 17708.1    17680    1273    1273   16407
         379    1.6e+05     17680 17708.1 17708.9    17675    1273    1273   16402
         380    1.6e+05     17680 17708.1 17708.1    17675    1273    1273   16402
    *    381    1.6e+05     17682 17708.1 17708.9    17682    1273    1273   16409
         382    1.6e+05     17682 17708.1 17708.3    17671    1273    1273   16398
         383    1.6e+05     17682 17708.1 17708.8    17682    1273    1273   16409
    *    384    1.6e+05     17684 17708.1 17708.2    17684    1273    1273   16411
         385    1.6e+05     17684 17708.1 17708.9    17682    1273    1273   16409
         386    1.6e+05     17684 17708.1 17708.3    17683    1273    1273   16410
         387    1.6e+05     17684 17708.1 17708.9    17682    1273    1273   16409
         388    1.6e+05     17684 17708.1 17708.3    17668    1273    1273   16395
         389    1.6e+05     17684 17708.1 17708.9    17674    1273    1273   16401
    *    390    1.6e+05     17686 17708.1 17708.2    17686    1273    1273   16413
         391    1.6e+05     17686 17708.1 17709.1    17679    1273    1273   16406
         392    1.6e+05     17686 17708.1 17708.2    17659    1273    1273   16386
         393    1.6e+05     17686 17708.1   17709    17678    1273    1273   16405
         394    1.6e+05     17686 17708.1 17708.2    17684    1273    1273   16411
         395    1.6e+05     17686 17708.1   17709    17682    1273    1273   16409
         396    1.6e+05     17686 17708.1 17708.2    17686    1273    1273   16413
         397    1.6e+05     17686 17708.1 17709.1    17679    1273    1273   16406
         398    1.6e+05     17686 17708.1 17708.2    17684    1273    1273   16411
         399    1.6e+05     17686 17708.1 17709.1    17671    1273    1273   16398
         400    1.6e+05     17686 17708.1 17708.1    17685    1273    1273   16412
         401    1.6e+05     17686 17708.1 17708.9    17679    1273    1273   16406
         402    1.6e+05     17686 17707.9 17707.9    17684    1273    1273   16411
         403    1.6e+05     17686 17707.9 17708.8    17682    1273    1273   16409
         404    1.6e+05     17686 17707.9 17708.1    17671    1273    1273   16398
         405    1.6e+05     17686 17707.9 17708.6    17683    1273    1273   16410
         406    1.6e+05     17686 17707.9 17708.2    17632    1273    1273   16359
         407    1.6e+05     17686 17707.9 17713.7    17668    1273    1273   16395
         408    1.6e+05     17686 17707.9 17708.2    17679    1273    1273   16406
         409    1.6e+05     17686 17707.9 17708.2    17680    1273    1273   16407
         410    1.6e+05     17686 17707.9   17708    17681    1273    1273   16408
         411    1.6e+05     17686 17707.9   17708    17683    1273    1273   16410
         412    1.6e+05     17686 17707.9   17708    17685    1273    1273   16412
         413    1.6e+05     17686 17707.9 17708.2    17664    1273    1273   16391
         414    1.6e+05     17686 17707.9 17708.1    17685    1273    1273   16412
         415    1.6e+05     17686 17707.9 17708.2    17363    1273    1273   16090
         416    1.6e+05     17686 17707.9 17709.1    17513    1273    1273   16240
         417    1.6e+05     17686 17707.9 17708.2    17681    1273    1273   16408
         418    1.6e+05     17686 17707.9 17708.1    17683    1273    1273   16410
         419    1.6e+05     17686 17707.9 17708.2    17682    1273    1273   16409
         420    1.6e+05     17686 17707.9   17708    17683    1273    1273   16410
         421    1.6e+05     17686 17707.9 17708.2    17680    1273    1273   16407
         422    1.6e+05     17686 17707.9   17708    17680    1273    1273   16407
         423    1.6e+05     17686 17707.9 17708.3    17681    1273    1273   16408
         424    1.6e+05     17686 17707.9 17707.9    17683    1273    1273   16410
         425    1.6e+05     17686 17707.9 17708.1    17683    1273    1273   16410
    *    426    1.6e+05     17687 17707.9 17708.1    17687    1273    1273   16414
         427    1.6e+05     17687 17707.9 17708.3    17683    1273    1273   16410
               reducing step to 0.025
         428    1.6e+05     17687 17703.9 17703.9    17614    1273    1273   16341
         429    1.6e+05     17687 17700.7 17700.7    17667    1273    1273   16394
         430    1.6e+05     17687 17700.7 17701.3    17669    1273    1273   16396
         431    1.6e+05     17687 17700.5 17700.5    17677    1273    1273   16404
         432    1.6e+05     17687 17700.5 17701.2    17677    1273    1273   16404
         433    1.6e+05     17687 17700.4 17700.4    17679    1273    1273   16406
         434    1.6e+05     17687 17700.4 17701.1    17682    1273    1273   16409
         435    1.6e+05     17687 17700.3 17700.3    17683    1273    1273   16410
         436    1.6e+05     17687 17700.3   17701    17682    1273    1273   16409
         437    1.6e+05     17687 17700.2 17700.2    17684    1273    1273   16411
         438    1.6e+05     17687 17700.2 17700.9    17684    1273    1273   16411
         439    1.6e+05     17687   17700   17700    17683    1273    1273   16410
         440    1.6e+05     17687   17700   17701    17680    1273    1273   16407
         441    1.6e+05     17687   17700   17700    17686    1273    1273   16413
         442    1.6e+05     17687   17700 17700.8    17684    1273    1273   16411
         443    1.6e+05     17687   17700   17700    17687    1273    1273   16414
         444    1.6e+05     17687   17700 17700.9    17683    1273    1273   16410
    *    445    1.6e+05     17688   17700   17700    17688    1273    1273   16415
         446    1.6e+05     17688   17700 17700.8    17682    1273    1273   16409
         447    1.6e+05     17688 17699.8 17699.8    17688    1273    1273   16415
         448    1.6e+05     17688 17699.8 17700.9    17682    1273    1273   16409
         449    1.6e+05     17688 17699.8 17699.9    17688    1273    1273   16415
         450    1.6e+05     17688 17699.8 17700.8    17683    1273    1273   16410
         451    1.6e+05     17688 17699.8 17699.9    17687    1273    1273   16414
         452    1.6e+05     17688 17699.8 17700.8    17683    1273    1273   16410
         453    1.6e+05     17688 17699.8 17699.9    17686    1273    1273   16413
         454    1.6e+05     17688 17699.8 17700.7    17664    1273    1273   16391
         455    1.6e+05     17688 17699.8 17699.9    17681    1273    1273   16408
         456    1.6e+05     17688 17699.8 17700.6    17684    1273    1273   16411
         457    1.6e+05     17688 17699.8 17699.9    17686    1273    1273   16413
         458    1.6e+05     17688 17699.8 17700.6    17685    1273    1273   16412
         459    1.6e+05     17688 17699.8 17699.8    17684    1273    1273   16411
         460    1.6e+05     17688 17699.8 17700.6    17684    1273    1273   16411
         461    1.6e+05     17688 17699.7 17699.7    17687    1273    1273   16414
         462    1.6e+05     17688 17699.7 17700.6    17686    1273    1273   16413
         463    1.6e+05     17688 17699.7 17699.7    17685    1273    1273   16412
         464    1.6e+05     17688 17699.7 17700.5    17686    1273    1273   16413
         465    1.6e+05     17688 17699.7 17699.8    17688    1273    1273   16415
         466    1.6e+05     17688 17699.7 17700.5    17683    1273    1273   16410
         467    1.6e+05     17688 17699.7 17699.7    17688    1273    1273   16415
         468    1.6e+05     17688 17699.7 17700.6    17682    1273    1273   16409
         469    1.6e+05     17688 17699.7 17699.8    17688    1273    1273   16415
         470    1.6e+05     17688 17699.7 17700.6    17685    1273    1273   16412
         471    1.6e+05     17688 17699.7 17699.7    17686    1273    1273   16413
         472    1.6e+05     17688 17699.7 17700.6    17686    1273    1273   16413
         473    1.6e+05     17688 17699.7 17699.8    17676    1273    1273   16403
         474    1.6e+05     17688 17699.7 17700.6    17674    1273    1273   16401
         475    1.6e+05     17688 17699.7 17699.7    17686    1273    1273   16413
         476    1.6e+05     17688 17699.7 17700.5    17684    1273    1273   16411
         477    1.6e+05     17688 17699.7 17699.7    17687    1273    1273   16414
         478    1.6e+05     17688 17699.7 17700.5    17686    1273    1273   16413
         479    1.6e+05     17688 17699.6 17699.6    17685    1273    1273   16412
         480    1.6e+05     17688 17699.6 17700.5    17685    1273    1273   16412
         481    1.6e+05     17688 17699.6 17699.7    17686    1273    1273   16413
         482    1.6e+05     17688 17699.6 17700.3    17685    1273    1273   16412
         483    1.6e+05     17688 17699.6 17699.6    17686    1273    1273   16413
         484    1.6e+05     17688 17699.6 17700.4    17683    1273    1273   16410
         485    1.6e+05     17688 17699.6 17699.7    17688    1273    1273   16415
         486    1.6e+05     17688 17699.6 17700.4    17686    1273    1273   16413
         487    1.6e+05     17688 17699.6 17699.6    17688    1273    1273   16415
         488    1.6e+05     17688 17699.6 17700.4    17683    1273    1273   16410
         489    1.6e+05     17688 17699.6 17699.7    17685    1273    1273   16412
         490    1.6e+05     17688 17699.6 17700.3    17685    1273    1273   16412
    *    491    1.6e+05     17689 17699.6 17699.6    17689    1273    1273   16416
         492    1.6e+05     17689 17699.6 17700.5    17680    1273    1273   16407
         493    1.6e+05     17689 17699.6 17699.6    17685    1273    1273   16412
         494    1.6e+05     17689 17699.6 17700.3    17685    1273    1273   16412
         495    1.6e+05     17689 17699.5 17699.5    17686    1273    1273   16413
         496    1.6e+05     17689 17699.5 17700.4    17683    1273    1273   16410
         497    1.6e+05     17689 17699.5 17699.6    17681    1273    1273   16408
         498    1.6e+05     17689 17699.5 17700.3    17685    1273    1273   16412
         499    1.6e+05     17689 17699.5 17699.5    17674    1273    1273   16401
         500    1.6e+05     17689 17699.5 17700.3    17684    1273    1273   16411
         501    1.6e+05     17689 17699.5 17699.5    17689    1273    1273   16416
         502    1.6e+05     17689 17699.5 17700.3    17685    1273    1273   16412
         503    1.6e+05     17689 17699.5 17699.5    17688    1273    1273   16415
         504    1.6e+05     17689 17699.5 17700.4    17683    1273    1273   16410
         505    1.6e+05     17689 17699.5 17699.5    17688    1273    1273   16415
         506    1.6e+05     17689 17699.5 17700.3    17682    1273    1273   16409
         507    1.6e+05     17689 17699.4 17699.4    17687    1273    1273   16414
         508    1.6e+05     17689 17699.4 17700.4    17683    1273    1273   16410
         509    1.6e+05     17689 17699.4 17699.5    17688    1273    1273   16415
         510    1.6e+05     17689 17699.4 17700.4    17684    1273    1273   16411
         511    1.6e+05     17689 17699.4 17699.5    17686    1273    1273   16413
         512    1.6e+05     17689 17699.4 17700.4    17686    1273    1273   16413
         513    1.6e+05     17689 17699.4 17699.6    17683    1273    1273   16410
         514    1.6e+05     17689 17699.4 17700.2    17684    1273    1273   16411
         515    1.6e+05     17689 17699.4 17699.5    17684    1273    1273   16411
         516    1.6e+05     17689 17699.4 17700.3    17683    1273    1273   16410
         517    1.6e+05     17689 17699.4 17699.6    17685    1273    1273   16412
         518    1.6e+05     17689 17699.4 17700.3    17685    1273    1273   16412
         519    1.6e+05     17689 17699.4 17699.5    17686    1273    1273   16413
         520    1.6e+05     17689 17699.4 17700.4    17682    1273    1273   16409
         521    1.6e+05     17689 17699.4 17699.5    17687    1273    1273   16414
         522    1.6e+05     17689 17699.4 17700.4    17682    1273    1273   16409
         523    1.6e+05     17689 17699.4 17699.5    17685    1273    1273   16412
         524    1.6e+05     17689 17699.4 17700.2    17681    1273    1273   16408
         525    1.6e+05     17689 17699.4 17699.4    17685    1273    1273   16412
         526    1.6e+05     17689 17699.4 17700.3    17679    1273    1273   16406
         527    1.6e+05     17689 17699.3 17699.3    17687    1273    1273   16414
         528    1.6e+05     17689 17699.3 17700.3    17683    1273    1273   16410
         529    1.6e+05     17689 17699.3 17699.5    17686    1273    1273   16413
         530    1.6e+05     17689 17699.3 17700.2    17684    1273    1273   16411
         531    1.6e+05     17689 17699.3 17699.5    17687    1273    1273   16414
         532    1.6e+05     17689 17699.3 17700.3    17683    1273    1273   16410
         533    1.6e+05     17689 17699.3 17699.5    17687    1273    1273   16414
         534    1.6e+05     17689 17699.3 17700.2    17684    1273    1273   16411
         535    1.6e+05     17689 17699.3 17699.4    17688    1273    1273   16415
         536    1.6e+05     17689 17699.3 17700.3    17683    1273    1273   16410
         537    1.6e+05     17689 17699.3 17699.4    17688    1273    1273   16415
         538    1.6e+05     17689 17699.3 17700.2    17682    1273    1273   16409
         539    1.6e+05     17689 17699.3 17699.4    17687    1273    1273   16414
         540    1.6e+05     17689 17699.3 17700.3    17683    1273    1273   16410
         541    1.6e+05     17689 17699.3 17699.5    17687    1273    1273   16414
         542    1.6e+05     17689 17699.3 17700.2    17681    1273    1273   16408
         543    1.6e+05     17689 17699.3 17699.4    17686    1273    1273   16413
         544    1.6e+05     17689 17699.3 17700.2    17682    1273    1273   16409
         545    1.6e+05     17689 17699.3 17699.6    17686    1273    1273   16413
         546    1.6e+05     17689 17699.3 17700.1    17683    1273    1273   16410
         547    1.6e+05     17689 17699.3 17699.5    17686    1273    1273   16413
         548    1.6e+05     17689 17699.3 17700.3    17683    1273    1273   16410
         549    1.6e+05     17689 17699.3 17699.5    17687    1273    1273   16414
         550    1.6e+05     17689 17699.3 17700.2    17671    1273    1273   16398
         551    1.6e+05     17689 17699.3 17699.4    17687    1273    1273   16414
         552    1.6e+05     17689 17699.3 17700.1    17682    1273    1273   16409
               reducing step to 0.0125
         553    1.6e+05     17689   17698   17698    17662    1273    1273   16389
         554    1.6e+05     17689 17696.5 17696.5    17673    1273    1273   16400
         555    1.6e+05     17689 17696.5 17696.8    17672    1273    1273   16399
         556    1.6e+05     17689 17696.4 17696.4    17683    1273    1273   16410
         557    1.6e+05     17689 17696.4 17696.8    17678    1273    1273   16405
         558    1.6e+05     17689 17696.3 17696.3    17681    1273    1273   16408
         559    1.6e+05     17689 17696.3 17696.7    17678    1273    1273   16405
         560    1.6e+05     17689 17696.2 17696.2    17682    1273    1273   16409
         561    1.6e+05     17689 17696.2 17696.7    17683    1273    1273   16410
         562    1.6e+05     17689 17696.2 17696.2    17684    1273    1273   16411
         563    1.6e+05     17689 17696.2 17696.7    17681    1273    1273   16408
         564    1.6e+05     17689 17696.2 17696.2    17685    1273    1273   16412
         565    1.6e+05     17689 17696.2 17696.7    17682    1273    1273   16409
         566    1.6e+05     17689 17696.2 17696.2    17684    1273    1273   16411
         567    1.6e+05     17689 17696.2 17696.5    17684    1273    1273   16411
         568    1.6e+05     17689 17696.1 17696.1    17685    1273    1273   16412
         569    1.6e+05     17689 17696.1 17696.5    17685    1273    1273   16412
         570    1.6e+05     17689 17696.1 17696.2    17685    1273    1273   16412
         571    1.6e+05     17689 17696.1 17696.5    17685    1273    1273   16412
         572    1.6e+05     17689 17696.1 17696.1    17685    1273    1273   16412
         573    1.6e+05     17689 17696.1 17696.5    17682    1273    1273   16409
         574    1.6e+05     17689 17696.1 17696.1    17686    1273    1273   16413
         575    1.6e+05     17689 17696.1 17696.4    17682    1273    1273   16409
         576    1.6e+05     17689 17696.1 17696.1    17686    1273    1273   16413
         577    1.6e+05     17689 17696.1 17696.4    17686    1273    1273   16413
         578    1.6e+05     17689 17696.1 17696.1    17687    1273    1273   16414
         579    1.6e+05     17689 17696.1 17696.4    17686    1273    1273   16413
         580    1.6e+05     17689 17696.1 17696.1    17684    1273    1273   16411
         581    1.6e+05     17689 17696.1 17696.4    17683    1273    1273   16410
         582    1.6e+05     17689 17696.1 17696.1    17685    1273    1273   16412
         583    1.6e+05     17689 17696.1 17696.4    17685    1273    1273   16412
         584    1.6e+05     17689   17696   17696    17686    1273    1273   16413
         585    1.6e+05     17689   17696 17696.4    17686    1273    1273   16413
         586    1.6e+05     17689   17696 17696.1    17686    1273    1273   16413
         587    1.6e+05     17689   17696 17696.3    17686    1273    1273   16413
         588    1.6e+05     17689   17696   17696    17686    1273    1273   16413
         589    1.6e+05     17689   17696 17696.4    17687    1273    1273   16414
         590    1.6e+05     17689   17696 17696.1    17686    1273    1273   16413
         591    1.6e+05     17689   17696 17696.3    17682    1273    1273   16409
         592    1.6e+05     17689   17696   17696    17686    1273    1273   16413
         593    1.6e+05     17689   17696 17696.3    17686    1273    1273   16413
         594    1.6e+05     17689   17696 17696.1    17686    1273    1273   16413
         595    1.6e+05     17689   17696 17696.3    17686    1273    1273   16413
         596    1.6e+05     17689   17696 17696.1    17685    1273    1273   16412
         597    1.6e+05     17689   17696 17696.3    17685    1273    1273   16412
         598    1.6e+05     17689   17696   17696    17685    1273    1273   16412
         599    1.6e+05     17689   17696 17696.3    17686    1273    1273   16413
         600    1.6e+05     17689   17696   17696    17687    1273    1273   16414
         601    1.6e+05     17689   17696 17696.3    17687    1273    1273   16414
         602    1.6e+05     17689   17696   17696    17686    1273    1273   16413
         603    1.6e+05     17689   17696 17696.3    17686    1273    1273   16413
         604    1.6e+05     17689   17696   17696    17686    1273    1273   16413
         605    1.6e+05     17689   17696 17696.3    17686    1273    1273   16413
         606    1.6e+05     17689   17696   17696    17686    1273    1273   16413
         607    1.6e+05     17689   17696 17696.3    17685    1273    1273   16412
         608    1.6e+05     17689   17696   17696    17684    1273    1273   16411
         609    1.6e+05     17689   17696 17696.3    17687    1273    1273   16414
         610    1.6e+05     17689   17696   17696    17685    1273    1273   16412
         611    1.6e+05     17689   17696 17696.3    17685    1273    1273   16412
         612    1.6e+05     17689 17695.9 17695.9    17686    1273    1273   16413
         613    1.6e+05     17689 17695.9 17696.3    17685    1273    1273   16412
         614    1.6e+05     17689 17695.9 17695.9    17686    1273    1273   16413
         615    1.6e+05     17689 17695.9 17696.3    17685    1273    1273   16412
         616    1.6e+05     17689 17695.9 17695.9    17681    1273    1273   16408
         617    1.6e+05     17689 17695.9 17696.3    17683    1273    1273   16410
         618    1.6e+05     17689 17695.9 17695.9    17686    1273    1273   16413
         619    1.6e+05     17689 17695.9 17696.3    17685    1273    1273   16412
         620    1.6e+05     17689 17695.9 17695.9    17685    1273    1273   16412
         621    1.6e+05     17689 17695.9 17696.3    17686    1273    1273   16413
         622    1.6e+05     17689 17695.9 17695.9    17684    1273    1273   16411
         623    1.6e+05     17689 17695.9 17696.3    17686    1273    1273   16413
         624    1.6e+05     17689 17695.9 17695.9    17686    1273    1273   16413
         625    1.6e+05     17689 17695.9 17696.3    17683    1273    1273   16410
         626    1.6e+05     17689 17695.9 17695.9    17687    1273    1273   16414
         627    1.6e+05     17689 17695.9 17696.3    17687    1273    1273   16414
         628    1.6e+05     17689 17695.9 17695.9    17688    1273    1273   16415
         629    1.6e+05     17689 17695.9 17696.4    17685    1273    1273   16412
         630    1.6e+05     17689 17695.9 17695.9    17687    1273    1273   16414
         631    1.6e+05     17689 17695.9 17696.3    17687    1273    1273   16414
         632    1.6e+05     17689 17695.9 17695.9    17687    1273    1273   16414
         633    1.6e+05     17689 17695.9 17696.3    17687    1273    1273   16414
         634    1.6e+05     17689 17695.9 17695.9    17686    1273    1273   16413
         635    1.6e+05     17689 17695.9 17696.3    17686    1273    1273   16413
         636    1.6e+05     17689 17695.9 17695.9    17684    1273    1273   16411
         637    1.6e+05     17689 17695.9 17696.3    17686    1273    1273   16413
         638    1.6e+05     17689 17695.9 17695.9    17683    1273    1273   16410
         639    1.6e+05     17689 17695.9 17696.3    17685    1273    1273   16412
         640    1.6e+05     17689 17695.9 17695.9    17686    1273    1273   16413
         641    1.6e+05     17689 17695.9 17696.3    17685    1273    1273   16412
         642    1.6e+05     17689 17695.9 17695.9    17683    1273    1273   16410
         643    1.6e+05     17689 17695.9 17696.2    17687    1273    1273   16414
         644    1.6e+05     17689 17695.9 17695.9    17685    1273    1273   16412
         645    1.6e+05     17689 17695.9 17696.2    17687    1273    1273   16414
         646    1.6e+05     17689 17695.9 17695.9    17687    1273    1273   16414
         647    1.6e+05     17689 17695.9 17696.2    17684    1273    1273   16411
         648    1.6e+05     17689 17695.9 17695.9    17687    1273    1273   16414
         649    1.6e+05     17689 17695.9 17696.3    17687    1273    1273   16414
         650    1.6e+05     17689 17695.9 17695.9    17684    1273    1273   16411
         651    1.6e+05     17689 17695.9 17696.2    17685    1273    1273   16412
         652    1.6e+05     17689 17695.8 17695.8    17686    1273    1273   16413
         653    1.6e+05     17689 17695.8 17696.3    17686    1273    1273   16413
         654    1.6e+05     17689 17695.8 17695.8    17684    1273    1273   16411
         655    1.6e+05     17689 17695.8 17696.2    17687    1273    1273   16414
         656    1.6e+05     17689 17695.8 17695.9    17684    1273    1273   16411
         657    1.6e+05     17689 17695.8 17696.2    17686    1273    1273   16413
         658    1.6e+05     17689 17695.8 17695.9    17684    1273    1273   16411
         659    1.6e+05     17689 17695.8 17696.2    17686    1273    1273   16413
         660    1.6e+05     17689 17695.8 17695.8    17686    1273    1273   16413
         661    1.6e+05     17689 17695.8 17696.2    17685    1273    1273   16412
         662    1.6e+05     17689 17695.8 17695.9    17686    1273    1273   16413
         663    1.6e+05     17689 17695.8 17696.2    17687    1273    1273   16414
         664    1.6e+05     17689 17695.8 17695.9    17683    1273    1273   16410
         665    1.6e+05     17689 17695.8 17696.2    17686    1273    1273   16413
         666    1.6e+05     17689 17695.8 17695.9    17686    1273    1273   16413
         667    1.6e+05     17689 17695.8 17696.2    17686    1273    1273   16413
         668    1.6e+05     17689 17695.8 17695.8    17685    1273    1273   16412
         669    1.6e+05     17689 17695.8 17696.2    17687    1273    1273   16414
         670    1.6e+05     17689 17695.8 17695.8    17687    1273    1273   16414
         671    1.6e+05     17689 17695.8 17696.3    17685    1273    1273   16412
         672    1.6e+05     17689 17695.8 17695.8    17687    1273    1273   16414
         673    1.6e+05     17689 17695.8 17696.3    17685    1273    1273   16412
         674    1.6e+05     17689 17695.8 17695.8    17686    1273    1273   16413
         675    1.6e+05     17689 17695.8 17696.3    17685    1273    1273   16412
         676    1.6e+05     17689 17695.8 17695.8    17687    1273    1273   16414
         677    1.6e+05     17689 17695.8 17696.3    17687    1273    1273   16414
         678    1.6e+05     17689 17695.8 17695.8    17687    1273    1273   16414
         679    1.6e+05     17689 17695.8 17696.3    17687    1273    1273   16414
         680    1.6e+05     17689 17695.8 17695.8    17683    1273    1273   16410
         681    1.6e+05     17689 17695.8 17696.3    17686    1273    1273   16413
         682    1.6e+05     17689 17695.8 17695.8    17684    1273    1273   16411
         683    1.6e+05     17689 17695.8 17696.2    17686    1273    1273   16413
         684    1.6e+05     17689 17695.8 17695.8    17686    1273    1273   16413
         685    1.6e+05     17689 17695.8 17696.3    17685    1273    1273   16412
         686    1.6e+05     17689 17695.8 17695.8    17685    1273    1273   16412
         687    1.6e+05     17689 17695.8 17696.2    17686    1273    1273   16413
         688    1.6e+05     17689 17695.8 17695.8    17685    1273    1273   16412
         689    1.6e+05     17689 17695.8 17696.2    17687    1273    1273   16414
         690    1.6e+05     17689 17695.8 17695.8    17685    1273    1273   16412
         691    1.6e+05     17689 17695.8 17696.2    17686    1273    1273   16413
         692    1.6e+05     17689 17695.8 17695.8    17681    1273    1273   16408
         693    1.6e+05     17689 17695.8 17696.2    17685    1273    1273   16412
         694    1.6e+05     17689 17695.8 17695.8    17686    1273    1273   16413
         695    1.6e+05     17689 17695.8 17696.2    17686    1273    1273   16413
         696    1.6e+05     17689 17695.8 17695.8    17686    1273    1273   16413
         697    1.6e+05     17689 17695.8 17696.3    17683    1273    1273   16410
         698    1.6e+05     17689 17695.8 17695.8    17686    1273    1273   16413
         699    1.6e+05     17689 17695.8 17696.2    17686    1273    1273   16413
         700    1.6e+05     17689 17695.8 17695.8    17686    1273    1273   16413
         701    1.6e+05     17689 17695.8 17696.2    17686    1273    1273   16413
         702    1.6e+05     17689 17695.8 17695.8    17684    1273    1273   16411
         703    1.6e+05     17689 17695.8 17696.2    17684    1273    1273   16411
         704    1.6e+05     17689 17695.8 17695.8    17683    1273    1273   16410
         705    1.6e+05     17689 17695.8 17696.2    17685    1273    1273   16412
         706    1.6e+05     17689 17695.8 17695.8    17685    1273    1273   16412
         707    1.6e+05     17689 17695.8 17696.2    17685    1273    1273   16412
         708    1.6e+05     17689 17695.8 17695.8    17686    1273    1273   16413
         709    1.6e+05     17689 17695.8 17696.2    17686    1273    1273   16413
         710    1.6e+05     17689 17695.8 17695.8    17685    1273    1273   16412
         711    1.6e+05     17689 17695.8 17696.1    17685    1273    1273   16412
         712    1.6e+05     17689 17695.8 17695.8    17685    1273    1273   16412
         713    1.6e+05     17689 17695.8 17696.1    17687    1273    1273   16414
         714    1.6e+05     17689 17695.8 17695.9    17685    1273    1273   16412
         715    1.6e+05     17689 17695.8 17696.1    17686    1273    1273   16413
         716    1.6e+05     17689 17695.8 17695.8    17684    1273    1273   16411
         717    1.6e+05     17689 17695.8 17696.1    17685    1273    1273   16412
         718    1.6e+05     17689 17695.8 17695.8    17684    1273    1273   16411
         719    1.6e+05     17689 17695.8 17696.1    17687    1273    1273   16414
         720    1.6e+05     17689 17695.8 17695.8    17684    1273    1273   16411
         721    1.6e+05     17689 17695.8 17696.1    17687    1273    1273   16414
         722    1.6e+05     17689 17695.8 17695.9    17683    1273    1273   16410
         723    1.6e+05     17689 17695.8 17696.1    17687    1273    1273   16414
         724    1.6e+05     17689 17695.8 17695.8    17686    1273    1273   16413
         725    1.6e+05     17689 17695.8 17696.2    17685    1273    1273   16412
         726    1.6e+05     17689 17695.8 17695.8    17678    1273    1273   16405
         727    1.6e+05     17689 17695.8 17696.1    17686    1273    1273   16413
         728    1.6e+05     17689 17695.8 17695.8    17687    1273    1273   16414
         729    1.6e+05     17689 17695.8 17696.2    17686    1273    1273   16413
               reducing step to 0.00625
         730    1.6e+05     17689 17695.2 17695.2    17668    1273    1273   16395
         731    1.6e+05     17689 17694.4 17694.4    17676    1273    1273   16403
         732    1.6e+05     17689 17694.1 17694.1    17676    1273    1273   16403
         733    1.6e+05     17689   17694   17694    17680    1273    1273   16407
         734    1.6e+05     17689   17694 17694.3    17682    1273    1273   16409
         735    1.6e+05     17689   17694 17694.1    17681    1273    1273   16408
         736    1.6e+05     17689   17694 17694.4    17683    1273    1273   16410
         737    1.6e+05     17689   17694 17694.1    17682    1273    1273   16409
         738    1.6e+05     17689   17694 17694.4    17686    1273    1273   16413
         739    1.6e+05     17689   17694 17694.1    17682    1273    1273   16409
         740    1.6e+05     17689   17694 17694.4    17686    1273    1273   16413
         741    1.6e+05     17689   17694   17694    17684    1273    1273   16411
         742    1.6e+05     17689   17694 17694.4    17684    1273    1273   16411
         743    1.6e+05     17689   17694 17694.1    17681    1273    1273   16408
         744    1.6e+05     17689   17694 17694.4    17685    1273    1273   16412
         745    1.6e+05     17689   17694   17694    17681    1273    1273   16408
         746    1.6e+05     17689   17694 17694.3    17685    1273    1273   16412
         747    1.6e+05     17689   17694   17694    17683    1273    1273   16410
         748    1.6e+05     17689   17694 17694.3    17684    1273    1273   16411
         749    1.6e+05     17689   17694   17694    17684    1273    1273   16411
         750    1.6e+05     17689   17694 17694.3    17682    1273    1273   16409
         751    1.6e+05     17689   17694   17694    17682    1273    1273   16409
         752    1.6e+05     17689   17694 17694.3    17686    1273    1273   16413
         753    1.6e+05     17689   17694   17694    17680    1273    1273   16407
         754    1.6e+05     17689   17694 17694.3    17685    1273    1273   16412
         755    1.6e+05     17689   17694   17694    17684    1273    1273   16411
         756    1.6e+05     17689   17694 17694.3    17686    1273    1273   16413
         757    1.6e+05     17689   17694   17694    17682    1273    1273   16409
         758    1.6e+05     17689   17694 17694.3    17687    1273    1273   16414
         759    1.6e+05     17689   17694   17694    17684    1273    1273   16411
         760    1.6e+05     17689   17694 17694.3    17687    1273    1273   16414
         761    1.6e+05     17689   17694   17694    17685    1273    1273   16412
         762    1.6e+05     17689   17694 17694.3    17688    1273    1273   16415
         763    1.6e+05     17689   17694   17694    17683    1273    1273   16410
         764    1.6e+05     17689   17694 17694.3    17686    1273    1273   16413
         765    1.6e+05     17689   17694   17694    17684    1273    1273   16411
         766    1.6e+05     17689   17694 17694.3    17688    1273    1273   16415
         767    1.6e+05     17689   17694   17694    17684    1273    1273   16411
         768    1.6e+05     17689   17694 17694.3    17688    1273    1273   16415
         769    1.6e+05     17689   17694   17694    17684    1273    1273   16411
         770    1.6e+05     17689   17694 17694.3    17684    1273    1273   16411
         771    1.6e+05     17689   17694   17694    17683    1273    1273   16410
         772    1.6e+05     17689   17694 17694.3    17685    1273    1273   16412
         773    1.6e+05     17689   17694   17694    17684    1273    1273   16411
         774    1.6e+05     17689   17694 17694.3    17686    1273    1273   16413
         775    1.6e+05     17689   17694   17694    17684    1273    1273   16411
         776    1.6e+05     17689   17694 17694.3    17687    1273    1273   16414
         777    1.6e+05     17689   17694   17694    17683    1273    1273   16410
         778    1.6e+05     17689   17694 17694.3    17687    1273    1273   16414
         779    1.6e+05     17689   17694   17694    17683    1273    1273   16410
         780    1.6e+05     17689   17694 17694.3    17687    1273    1273   16414
         781    1.6e+05     17689   17694   17694    17683    1273    1273   16410
         782    1.6e+05     17689   17694 17694.3    17687    1273    1273   16414
         783    1.6e+05     17689   17694   17694    17684    1273    1273   16411
         784    1.6e+05     17689   17694 17694.3    17688    1273    1273   16415
         785    1.6e+05     17689   17694   17694    17685    1273    1273   16412
         786    1.6e+05     17689   17694 17694.3    17688    1273    1273   16415
         787    1.6e+05     17689   17694   17694    17685    1273    1273   16412
         788    1.6e+05     17689   17694 17694.3    17687    1273    1273   16414
               reducing step to 0.003125
         789    1.6e+05     17689 17693.8 17693.8    17667    1273    1273   16394
         790    1.6e+05     17689 17693.4 17693.4    17681    1273    1273   16408
         791    1.6e+05     17689 17693.4 17693.5    17676    1273    1273   16403
         792    1.6e+05     17689 17693.3 17693.3    17678    1273    1273   16405
         793    1.6e+05     17689 17693.3 17693.5    17682    1273    1273   16409
         794    1.6e+05     17689 17693.3 17693.3    17684    1273    1273   16411
         795    1.6e+05     17689 17693.3 17693.5    17680    1273    1273   16407
         796    1.6e+05     17689 17693.3 17693.3    17684    1273    1273   16411
         797    1.6e+05     17689 17693.3 17693.5    17679    1273    1273   16406
         798    1.6e+05     17689 17693.3 17693.3    17682    1273    1273   16409
         799    1.6e+05     17689 17693.3 17693.5    17682    1273    1273   16409
         800    1.6e+05     17689 17693.3 17693.3    17684    1273    1273   16411
         801    1.6e+05     17689 17693.3 17693.5    17682    1273    1273   16409
         802    1.6e+05     17689 17693.3 17693.3    17684    1273    1273   16411
         803    1.6e+05     17689 17693.3 17693.4    17681    1273    1273   16408
         804    1.6e+05     17689 17693.3 17693.3    17671    1273    1273   16398
         805    1.6e+05     17689 17693.3 17693.4    17684    1273    1273   16411
         806    1.6e+05     17689 17693.3 17693.3    17685    1273    1273   16412
         807    1.6e+05     17689 17693.3 17693.4    17684    1273    1273   16411
         808    1.6e+05     17689 17693.3 17693.3    17685    1273    1273   16412
         809    1.6e+05     17689 17693.3 17693.4    17684    1273    1273   16411
         810    1.6e+05     17689 17693.3 17693.3    17685    1273    1273   16412
         811    1.6e+05     17689 17693.3 17693.4    17684    1273    1273   16411
         812    1.6e+05     17689 17693.3 17693.3    17686    1273    1273   16413
         813    1.6e+05     17689 17693.3 17693.4    17684    1273    1273   16411
         814    1.6e+05     17689 17693.3 17693.3    17685    1273    1273   16412
         815    1.6e+05     17689 17693.3 17693.4    17684    1273    1273   16411
         816    1.6e+05     17689 17693.3 17693.3    17686    1273    1273   16413
         817    1.6e+05     17689 17693.3 17693.4    17683    1273    1273   16410
         818    1.6e+05     17689 17693.3 17693.3    17685    1273    1273   16412
         819    1.6e+05     17689 17693.3 17693.4    17684    1273    1273   16411
         820    1.6e+05     17689 17693.3 17693.3    17685    1273    1273   16412
         821    1.6e+05     17689 17693.3 17693.4    17682    1273    1273   16409
         822    1.6e+05     17689 17693.3 17693.3    17683    1273    1273   16410
         823    1.6e+05     17689 17693.3 17693.4    17684    1273    1273   16411
         824    1.6e+05     17689 17693.3 17693.3    17688    1273    1273   16415
         825    1.6e+05     17689 17693.3 17693.4    17684    1273    1273   16411
         826    1.6e+05     17689 17693.3 17693.3    17686    1273    1273   16413
         827    1.6e+05     17689 17693.3 17693.4    17685    1273    1273   16412
         828    1.6e+05     17689 17693.3 17693.3    17675    1273    1273   16402
         829    1.6e+05     17689 17693.3 17693.4    17685    1273    1273   16412
         830    1.6e+05     17689 17693.3 17693.3    17687    1273    1273   16414
         831    1.6e+05     17689 17693.3 17693.4    17684    1273    1273   16411
         832    1.6e+05     17689 17693.3 17693.3    17687    1273    1273   16414
         833    1.6e+05     17689 17693.3 17693.4    17685    1273    1273   16412
         834    1.6e+05     17689 17693.3 17693.3    17687    1273    1273   16414
         835    1.6e+05     17689 17693.3 17693.4    17685    1273    1273   16412
         836    1.6e+05     17689 17693.3 17693.3    17685    1273    1273   16412
         837    1.6e+05     17689 17693.3 17693.4    17685    1273    1273   16412
         838    1.6e+05     17689 17693.3 17693.3    17685    1273    1273   16412
         839    1.6e+05     17689 17693.3 17693.4    17685    1273    1273   16412
         840    1.6e+05     17689 17693.3 17693.3    17687    1273    1273   16414
         841    1.6e+05     17689 17693.3 17693.4    17685    1273    1273   16412
         842    1.6e+05     17689 17693.3 17693.3    17685    1273    1273   16412
         843    1.6e+05     17689 17693.3 17693.4    17685    1273    1273   16412
         844    1.6e+05     17689 17693.3 17693.3    17686    1273    1273   16413
         845    1.6e+05     17689 17693.3 17693.4    17684    1273    1273   16411
         846    1.6e+05     17689 17693.3 17693.3    17686    1273    1273   16413
         847    1.6e+05     17689 17693.3 17693.4    17685    1273    1273   16412
               reducing step to 0.0015625
         848    1.6e+05     17689 17693.2 17693.2    17677    1273    1273   16404
         849    1.6e+05     17689   17693   17693    17684    1273    1273   16411
         850    1.6e+05     17689   17693   17693    17677    1273    1273   16404
         851    1.6e+05     17689   17693   17693    17681    1273    1273   16408
         852    1.6e+05     17689   17693   17693    17683    1273    1273   16410
         853    1.6e+05     17689   17693   17693    17685    1273    1273   16412
         854    1.6e+05     17689   17693   17693    17681    1273    1273   16408
         855    1.6e+05     17689   17693   17693    17684    1273    1273   16411
         856    1.6e+05     17689   17693   17693    17684    1273    1273   16411
         857    1.6e+05     17689   17693   17693    17685    1273    1273   16412
         858    1.6e+05     17689   17693   17693    17683    1273    1273   16410
         859    1.6e+05     17689   17693   17693    17684    1273    1273   16411
         860    1.6e+05     17689   17693   17693    17682    1273    1273   16409
         861    1.6e+05     17689   17693   17693    17685    1273    1273   16412
         862    1.6e+05     17689   17693   17693    17680    1273    1273   16407
         863    1.6e+05     17689   17693   17693    17684    1273    1273   16411
         864    1.6e+05     17689   17693   17693    17681    1273    1273   16408
         865    1.6e+05     17689   17693   17693    17684    1273    1273   16411
         866    1.6e+05     17689   17693   17693    17682    1273    1273   16409
         867    1.6e+05     17689   17693   17693    17686    1273    1273   16413
         868    1.6e+05     17689   17693   17693    17682    1273    1273   16409
         869    1.6e+05     17689   17693   17693    17686    1273    1273   16413
         870    1.6e+05     17689   17693   17693    17682    1273    1273   16409
         871    1.6e+05     17689   17693   17693    17686    1273    1273   16413
         872    1.6e+05     17689   17693   17693    17682    1273    1273   16409
         873    1.6e+05     17689   17693   17693    17686    1273    1273   16413
         874    1.6e+05     17689   17693   17693    17682    1273    1273   16409
         875    1.6e+05     17689   17693   17693    17686    1273    1273   16413
         876    1.6e+05     17689   17693   17693    17684    1273    1273   16411
         877    1.6e+05     17689 17692.9 17692.9    17686    1273    1273   16413
         878    1.6e+05     17689 17692.9   17693    17683    1273    1273   16410
         879    1.6e+05     17689 17692.9 17692.9    17687    1273    1273   16414
         880    1.6e+05     17689 17692.9   17693    17685    1273    1273   16412
         881    1.6e+05     17689 17692.9 17692.9    17685    1273    1273   16412
         882    1.6e+05     17689 17692.9   17693    17683    1273    1273   16410
         883    1.6e+05     17689 17692.9 17692.9    17686    1273    1273   16413
         884    1.6e+05     17689 17692.9   17693    17683    1273    1273   16410
         885    1.6e+05     17689 17692.9 17692.9    17687    1273    1273   16414
         886    1.6e+05     17689 17692.9   17693    17683    1273    1273   16410
         887    1.6e+05     17689 17692.9 17692.9    17685    1273    1273   16412
         888    1.6e+05     17689 17692.9   17693    17683    1273    1273   16410
         889    1.6e+05     17689 17692.9   17693    17685    1273    1273   16412
         890    1.6e+05     17689 17692.9   17693    17682    1273    1273   16409
         891    1.6e+05     17689 17692.9 17692.9    17686    1273    1273   16413
         892    1.6e+05     17689 17692.9   17693    17682    1273    1273   16409
         893    1.6e+05     17689 17692.9 17692.9    17687    1273    1273   16414
         894    1.6e+05     17689 17692.9   17693    17681    1273    1273   16408
         895    1.6e+05     17689 17692.9 17692.9    17687    1273    1273   16414
         896    1.6e+05     17689 17692.9   17693    17683    1273    1273   16410
         897    1.6e+05     17689 17692.9 17692.9    17686    1273    1273   16413
         898    1.6e+05     17689 17692.9   17693    17682    1273    1273   16409
         899    1.6e+05     17689 17692.9 17692.9    17687    1273    1273   16414
         900    1.6e+05     17689 17692.9   17693    17681    1273    1273   16408
         901    1.6e+05     17689 17692.9 17692.9    17685    1273    1273   16412
         902    1.6e+05     17689 17692.9   17693    17682    1273    1273   16409
         903    1.6e+05     17689 17692.9 17692.9    17686    1273    1273   16413
         904    1.6e+05     17689 17692.9   17693    17682    1273    1273   16409
         905    1.6e+05     17689 17692.9 17692.9    17687    1273    1273   16414
         906    1.6e+05     17689 17692.9   17693    17681    1273    1273   16408
         907    1.6e+05     17689 17692.9 17692.9    17687    1273    1273   16414
         908    1.6e+05     17689 17692.9   17693    17682    1273    1273   16409
         909    1.6e+05     17689 17692.9 17692.9    17688    1273    1273   16415
         910    1.6e+05     17689 17692.9   17693    17683    1273    1273   16410
         911    1.6e+05     17689 17692.9 17692.9    17688    1273    1273   16415
         912    1.6e+05     17689 17692.9   17693    17683    1273    1273   16410
         913    1.6e+05     17689 17692.9 17692.9    17684    1273    1273   16411
         914    1.6e+05     17689 17692.9   17693    17682    1273    1273   16409
         915    1.6e+05     17689 17692.9 17692.9    17687    1273    1273   16414
         916    1.6e+05     17689 17692.9   17693    17682    1273    1273   16409
         917    1.6e+05     17689 17692.9 17692.9    17687    1273    1273   16414
         918    1.6e+05     17689 17692.9   17693    17683    1273    1273   16410
         919    1.6e+05     17689 17692.9 17692.9    17685    1273    1273   16412
         920    1.6e+05     17689 17692.9   17693    17683    1273    1273   16410
         921    1.6e+05     17689 17692.9 17692.9    17686    1273    1273   16413
         922    1.6e+05     17689 17692.9   17693    17683    1273    1273   16410
         923    1.6e+05     17689 17692.9 17692.9    17683    1273    1273   16410
         924    1.6e+05     17689 17692.9 17692.9    17683    1273    1273   16410
         925    1.6e+05     17689 17692.9 17692.9    17687    1273    1273   16414
         926    1.6e+05     17689 17692.9   17693    17683    1273    1273   16410
         927    1.6e+05     17689 17692.9 17692.9    17686    1273    1273   16413
         928    1.6e+05     17689 17692.9 17692.9    17682    1273    1273   16409
         929    1.6e+05     17689 17692.9 17692.9    17686    1273    1273   16413
         930    1.6e+05     17689 17692.9 17692.9    17683    1273    1273   16410
         931    1.6e+05     17689 17692.9 17692.9    17686    1273    1273   16413
         932    1.6e+05     17689 17692.9 17692.9    17683    1273    1273   16410
               reducing step to 0.00078125
         933    1.6e+05     17689 17692.9 17692.9    17680    1273    1273   16407
         934    1.6e+05     17689 17692.8 17692.8    17687    1273    1273   16414
         935    1.6e+05     17689 17692.8 17692.8    17680    1273    1273   16407
         936    1.6e+05     17689 17692.7 17692.7    17685    1273    1273   16412
         937    1.6e+05     17689 17692.7 17692.8    17682    1273    1273   16409
         938    1.6e+05     17689 17692.7 17692.7    17685    1273    1273   16412
         939    1.6e+05     17689 17692.7 17692.8    17680    1273    1273   16407
         940    1.6e+05     17689 17692.7 17692.7    17683    1273    1273   16410
         941    1.6e+05     17689 17692.7 17692.8    17681    1273    1273   16408
         942    1.6e+05     17689 17692.7 17692.7    17683    1273    1273   16410
         943    1.6e+05     17689 17692.7 17692.8    17681    1273    1273   16408
         944    1.6e+05     17689 17692.7 17692.7    17683    1273    1273   16410
         945    1.6e+05     17689 17692.7 17692.8    17684    1273    1273   16411
         946    1.6e+05     17689 17692.7 17692.7    17684    1273    1273   16411
         947    1.6e+05     17689 17692.7 17692.8    17684    1273    1273   16411
         948    1.6e+05     17689 17692.7 17692.7    17685    1273    1273   16412
         949    1.6e+05     17689 17692.7 17692.8    17682    1273    1273   16409
         950    1.6e+05     17689 17692.7 17692.7    17685    1273    1273   16412
         951    1.6e+05     17689 17692.7 17692.8    17683    1273    1273   16410
         952    1.6e+05     17689 17692.7 17692.7    17685    1273    1273   16412
         953    1.6e+05     17689 17692.7 17692.8    17684    1273    1273   16411
         954    1.6e+05     17689 17692.7 17692.7    17685    1273    1273   16412
         955    1.6e+05     17689 17692.7 17692.8    17684    1273    1273   16411
         956    1.6e+05     17689 17692.7 17692.7    17684    1273    1273   16411
         957    1.6e+05     17689 17692.7 17692.8    17683    1273    1273   16410
         958    1.6e+05     17689 17692.7 17692.7    17685    1273    1273   16412
         959    1.6e+05     17689 17692.7 17692.8    17683    1273    1273   16410
         960    1.6e+05     17689 17692.7 17692.7    17683    1273    1273   16410
         961    1.6e+05     17689 17692.7 17692.8    17684    1273    1273   16411
         962    1.6e+05     17689 17692.7 17692.7    17687    1273    1273   16414
         963    1.6e+05     17689 17692.7 17692.8    17685    1273    1273   16412
         964    1.6e+05     17689 17692.7 17692.7    17687    1273    1273   16414
         965    1.6e+05     17689 17692.7 17692.8    17685    1273    1273   16412
         966    1.6e+05     17689 17692.7 17692.7    17687    1273    1273   16414
         967    1.6e+05     17689 17692.7 17692.8    17684    1273    1273   16411
         968    1.6e+05     17689 17692.7 17692.7    17686    1273    1273   16413
         969    1.6e+05     17689 17692.7 17692.8    17684    1273    1273   16411
         970    1.6e+05     17689 17692.7 17692.7    17686    1273    1273   16413
         971    1.6e+05     17689 17692.7 17692.8    17685    1273    1273   16412
         972    1.6e+05     17689 17692.7 17692.7    17687    1273    1273   16414
         973    1.6e+05     17689 17692.7 17692.8    17685    1273    1273   16412
         974    1.6e+05     17689 17692.7 17692.7    17686    1273    1273   16413
         975    1.6e+05     17689 17692.7 17692.8    17685    1273    1273   16412
         976    1.6e+05     17689 17692.7 17692.7    17687    1273    1273   16414
         977    1.6e+05     17689 17692.7 17692.8    17684    1273    1273   16411
         978    1.6e+05     17689 17692.7 17692.7    17687    1273    1273   16414
         979    1.6e+05     17689 17692.7 17692.8    17685    1273    1273   16412
         980    1.6e+05     17689 17692.7 17692.7    17687    1273    1273   16414
         981    1.6e+05     17689 17692.7 17692.8    17685    1273    1273   16412
         982    1.6e+05     17689 17692.7 17692.7    17686    1273    1273   16413
         983    1.6e+05     17689 17692.7 17692.8    17684    1273    1273   16411
         984    1.6e+05     17689 17692.7 17692.7    17687    1273    1273   16414
         985    1.6e+05     17689 17692.7 17692.8    17683    1273    1273   16410
               reducing step to 0.000390625
         986    1.6e+05     17689 17692.7 17692.7    17681    1273    1273   16408
         987    1.6e+05     17689 17692.7 17692.7    17687    1273    1273   16414
         988    1.6e+05     17689 17692.6 17692.6    17685    1273    1273   16412
         989    1.6e+05     17689 17692.6 17692.6    17686    1273    1273   16413
         990    1.6e+05     17689 17692.6 17692.7    17685    1273    1273   16412
         991    1.6e+05     17689 17692.6 17692.6    17682    1273    1273   16409
         992    1.6e+05     17689 17692.6 17692.7    17685    1273    1273   16412
         993    1.6e+05     17689 17692.6 17692.6    17684    1273    1273   16411
         994    1.6e+05     17689 17692.6 17692.7    17686    1273    1273   16413
         995    1.6e+05     17689 17692.6 17692.6    17683    1273    1273   16410
         996    1.6e+05     17689 17692.6 17692.7    17683    1273    1273   16410
         997    1.6e+05     17689 17692.6 17692.6    17685    1273    1273   16412
         998    1.6e+05     17689 17692.6 17692.7    17686    1273    1273   16413
         999    1.6e+05     17689 17692.6 17692.6    17684    1273    1273   16411
        1000    1.6e+05     17689 17692.6 17692.7    17685    1273    1273   16412
Total time used by klau is 467.59
true_align (3890) and est_align (1273) DO NOT have the same number of elements.
method klau has a score of 23.44%
method klau used 467.585 seconds.
maximum values in init align row is:  3889
maximum values in init align col is:  3884
 best   iter   pr-delta       obj  weight    card overlap
    *      1    6.2e-01   12599.5    1285    1285   11957
    *      2    1.9e-01     13352    1286    1286   12709
           3    6.7e-02     13164    1286    1286   12521
           4    2.5e-02     13313    1286    1286   12670
           5    9.4e-03     13301    1286    1286   12658
    *      6    3.7e-03     13367    1286    1286   12724
    *      7    1.5e-03     13379    1286    1286   12736
    *      8    6.1e-04     13380    1286    1286   12737
           9    2.5e-04     13380    1286    1286   12737
          10    1.1e-04     13380    1286    1286   12737
          11    4.6e-05     13380    1286    1286   12737
          12    2.1e-05     13380    1286    1286   12737
          13    9.7e-06     13380    1286    1286   12737
          14    4.9e-06     13380    1286    1286   12737
          15    2.5e-06     13380    1286    1286   12737
          16    1.4e-06     13380    1286    1286   12737
          17    7.9e-07     13380    1286    1286   12737
          18    4.8e-07     13380    1286    1286   12737
          19    2.9e-07     13380    1286    1286   12737
          20    1.8e-07     13380    1286    1286   12737
          21    1.2e-07     13380    1286    1286   12737
          22    7.4e-08     13380    1286    1286   12737
          23    4.8e-08     13380    1286    1286   12737
          24    3.1e-08     13380    1286    1286   12737
          25    2.0e-08     13380    1286    1286   12737
          26    1.3e-08     13380    1286    1286   12737
          27    8.7e-09     13380    1286    1286   12737
          28    5.7e-09     13380    1286    1286   12737
          29    3.8e-09     13380    1286    1286   12737
          30    2.5e-09     13380    1286    1286   12737
          31    1.6e-09     13380    1286    1286   12737
          32    1.1e-09     13380    1286    1286   12737
          33    7.2e-10     13380    1286    1286   12737
          34    4.8e-10     13380    1286    1286   12737
          35    3.2e-10     13380    1286    1286   12737
          36    2.1e-10     13380    1286    1286   12737
          37    1.4e-10     13380    1286    1286   12737
          38    9.3e-11     13380    1286    1286   12737
          39    6.2e-11     13380    1286    1286   12737
          40    4.1e-11     13380    1286    1286   12737
          41    2.7e-11     13380    1286    1286   12737
          42    1.8e-11     13380    1286    1286   12737
          43    1.2e-11     13380    1286    1286   12737
          44    8.0e-12     13380    1286    1286   12737
          45    5.4e-12     13380    1286    1286   12737
          46    3.6e-12     13380    1286    1286   12737
          47    2.4e-12     13380    1286    1286   12737
          48    1.6e-12     13380    1286    1286   12737
          49    1.1e-12     13380    1286    1286   12737
          50    7.0e-13     13380    1286    1286   12737
Total time used by isorank is 6.03
true_align (3890) and est_align (1286) DO NOT have the same number of elements.
method isorank has a score of 12.75%
method isorank used 6.031 seconds.
experiment results:
     method      score        time
0     final  41.028278   49.735593
1  netalign  23.444730   22.639703
2      klau  23.444730  467.585273
3   isorank  12.750643    6.030793
