num_init for this graph is 12
Generating initial alignment matrix using degree ...
mode is  degree
number of noisy edges are:  12
Average number of initial alignments for each node is 24
maximum values in init align row is:  3889
maximum values in init align col is:  3887
best   iter    obj_ma wght_ma card_ma over_ma    obj_mb wght_mb card_mb over_mb
  *a      1     16249    1281    1281   14968     16249    1281    1281   14968
          2      3145     811     811    2334      3420     775     775    2645
          3      9952    1208    1208    8744      9204     950     950    8254
          4      3333    1026    1026    2307      3846     949     949    2897
          5     12288    1232    1232   11056     12010    1044    1044   10966
          6     15540    1270    1270   14270     15812    1252    1252   14560
  *b      7     16716    1265    1265   15451     16949    1212    1212   15737
          8      9906    1211    1211    8695     10025    1153    1153    8872
          9      6598     974     974    5624      5129     539     539    4590
         10     11887    1248    1248   10639     11871    1214    1214   10657
         11      9815    1097    1097    8718      9112     868     868    8244
         12     10426    1222    1222    9204     10388    1121    1121    9267
         13      5522     962     962    4560      4662     653     653    4009
         14     10243    1227    1227    9016      9506    1110    1110    8396
         15      6580    1022    1022    5558      5827     751     751    5076
         16     10660    1232    1232    9428     10472    1115    1115    9357
         17      7568    1051    1051    6517      6565     798     798    5767
         18     10879    1235    1235    9644     10723    1119    1119    9604
         19      8696    1092    1092    7604      7837     862     862    6975
         20     11577    1240    1240   10337     11489    1152    1152   10337
         21     11168    1152    1152   10016     10400     971     971    9429
         22     12348    1244    1244   11104     12172    1173    1173   10999
         23     13811    1208    1208   12603     13263    1067    1067   12196
         24     13076    1249    1249   11827     12664    1178    1178   11486
         25     16233    1259    1259   14974     15908    1141    1141   14767
         26     14457    1255    1255   13202     14286    1194    1194   13092
         27     15825    1262    1262   14563     15647    1157    1157   14490
         28     16074    1263    1263   14811     15769    1200    1200   14569
         29     16268    1265    1265   15003     16059    1237    1237   14822
         30     16668    1268    1268   15400     16649    1259    1259   15390
  *a     31     17495    1273    1273   16222     17459    1254    1254   16205
  *a     32     17505    1273    1273   16232     17481    1261    1261   16220
  *a     33     17753    1274    1274   16479     17722    1261    1261   16461
  *a     34     17760    1274    1274   16486     17734    1263    1263   16471
  *a     35     17762    1274    1274   16488     17745    1265    1265   16480
         36     17762    1274    1274   16488     17753    1269    1269   16484
  *a     37     17763    1274    1274   16489     17757    1270    1270   16487
  *a     38     17765    1274    1274   16491     17757    1269    1269   16488
         39     17765    1274    1274   16491     17763    1272    1272   16491
         40     17765    1274    1274   16491     17762    1271    1271   16491
  *a     41     17766    1274    1274   16492     17760    1270    1270   16490
         42     17766    1274    1274   16492     17762    1270    1270   16492
         43     17766    1274    1274   16492     17762    1270    1270   16492
         44     17766    1274    1274   16492     17763    1271    1271   16492
  *a     45     17767    1274    1274   16493     17765    1273    1273   16492
         46     17766    1274    1274   16492     17766    1274    1274   16492
         47     17766    1274    1274   16492     17767    1274    1274   16493
         48     17767    1274    1274   16493     17766    1274    1274   16492
         49     17767    1274    1274   16493     17766    1274    1274   16492
         50     17766    1274    1274   16492     17767    1274    1274   16493
         51     17766    1274    1274   16492     17766    1274    1274   16492
         52     17766    1274    1274   16492     17766    1274    1274   16492
         53     17766    1274    1274   16492     17766    1274    1274   16492
         54     17766    1274    1274   16492     17766    1274    1274   16492
         55     17766    1274    1274   16492     17766    1274    1274   16492
         56     17767    1274    1274   16493     17766    1274    1274   16492
         57     17766    1274    1274   16492     17767    1274    1274   16493
         58     17766    1274    1274   16492     17766    1274    1274   16492
         59     17767    1274    1274   16493     17766    1274    1274   16492
         60     17767    1274    1274   16493     17766    1274    1274   16492
         61     17766    1274    1274   16492     17767    1274    1274   16493
         62     17766    1274    1274   16492     17766    1274    1274   16492
         63     17766    1274    1274   16492     17766    1274    1274   16492
         64     17766    1274    1274   16492     17766    1274    1274   16492
         65     17766    1274    1274   16492     17766    1274    1274   16492
         66     17767    1274    1274   16493     17766    1274    1274   16492
         67     17767    1274    1274   16493     17766    1274    1274   16492
         68     17766    1274    1274   16492     17767    1274    1274   16493
         69     17766    1274    1274   16492     17767    1274    1274   16493
         70     17766    1274    1274   16492     17766    1274    1274   16492
         71     17766    1274    1274   16492     17766    1274    1274   16492
         72     17766    1274    1274   16492     17766    1274    1274   16492
         73     17767    1274    1274   16493     17766    1274    1274   16492
         74     17767    1274    1274   16493     17766    1274    1274   16492
         75     17767    1274    1274   16493     17767    1274    1274   16493
         76     17766    1274    1274   16492     17767    1274    1274   16493
         77     17766    1274    1274   16492     17766    1274    1274   16492
         78     17766    1274    1274   16492     17766    1274    1274   16492
         79     17766    1274    1274   16492     17766    1274    1274   16492
         80     17766    1274    1274   16492     17766    1274    1274   16492
         81     17767    1274    1274   16493     17766    1274    1274   16492
         82     17766    1274    1274   16492     17766    1274    1274   16492
         83     17766    1274    1274   16492     17767    1274    1274   16493
         84     17766    1274    1274   16492     17766    1274    1274   16492
         85     17766    1274    1274   16492     17766    1274    1274   16492
         86     17766    1274    1274   16492     17766    1274    1274   16492
         87     17766    1274    1274   16492     17766    1274    1274   16492
         88     17766    1274    1274   16492     17766    1274    1274   16492
         89     17766    1274    1274   16492     17766    1274    1274   16492
         90     17766    1274    1274   16492     17766    1274    1274   16492
         91     17766    1274    1274   16492     17767    1274    1274   16493
         92     17766    1274    1274   16492     17766    1274    1274   16492
         93     17766    1274    1274   16492     17766    1274    1274   16492
         94     17766    1274    1274   16492     17766    1274    1274   16492
         95     17766    1274    1274   16492     17766    1274    1274   16492
         96     17766    1274    1274   16492     17766    1274    1274   16492
         97     17766    1274    1274   16492     17766    1274    1274   16492
         98     17766    1274    1274   16492     17766    1274    1274   16492
         99     17766    1274    1274   16492     17766    1274    1274   16492
        100     17766    1274    1274   16492     17766    1274    1274   16492
Total time used by netalign is 22.33
true_align (3890) and est_align (1274) DO NOT have the same number of elements.
method netalign has a score of 23.44%
method netalign used 22.329 seconds.
maximum values in init align row is:  3889
maximum values in init align col is:  3887
 best   iter     norm-u     lower   upper     cur      obj  weight    card overlap
    *      1    0.0e+00     17025 19402.5 19402.5    17025    1281    1281   15744
           2    1.2e+04     17025 19402.5 20784.2    16144    1281    1281   14863
           3    1.8e+04     17025 19402.5 19993.9    13567    1281    1281   12286
           4    2.4e+04     17025 19402.5   20201    14162    1281    1281   12881
           5    2.9e+04     17025 19402.5 20060.4    12082    1281    1281   10801
           6    3.4e+04     17025 19402.5 20159.5    10938    1281    1281    9657
           7    3.8e+04     17025 19402.5 20190.6     9804    1281    1281    8523
           8    4.2e+04     17025 19402.5 20177.8     9766    1281    1281    8485
           9    4.6e+04     17025 19402.5 20134.6     9468    1281    1281    8187
          10    5.0e+04     17025 19402.5 20187.3     9659    1281    1281    8378
          11    5.4e+04     17025 19402.5 20151.7     8701    1281    1281    7420
          12    5.8e+04     17025 19402.5 20121.1     8845    1281    1281    7564
          13    6.1e+04     17025 19402.5 20162.1     8722    1281    1281    7441
          14    6.5e+04     17025 19402.5 20163.5     8704    1281    1281    7423
          15    6.8e+04     17025 19402.5 20132.6     8472    1281    1281    7191
          16    7.1e+04     17025 19402.5 20198.8     8826    1281    1281    7545
          17    7.4e+04     17025 19402.5 20133.2     8300    1281    1281    7019
          18    7.7e+04     17025 19402.5 20148.8     8926    1281    1281    7645
          19    7.9e+04     17025 19402.5 20171.3     8412    1281    1281    7131
          20    8.2e+04     17025 19402.5 20176.1     8011    1281    1281    6730
          21    8.4e+04     17025 19402.5 20122.9     8431    1281    1281    7150
          22    8.7e+04     17025 19402.5   20216     8091    1281    1281    6810
          23    9.0e+04     17025 19402.5 20164.9     7889    1281    1281    6608
          24    9.2e+04     17025 19402.5   20217     8294    1281    1281    7013
          25    9.4e+04     17025 19402.5 20194.4     8171    1281    1281    6890
          26    9.6e+04     17025 19402.5 20242.5     8498    1281    1281    7217
               reducing step to 0.2
          27    9.7e+04     17025 19342.5 19342.5     9406    1281    1281    8125
          28    9.8e+04     17025   19234   19234     7717    1281    1281    6436
          29    9.9e+04     17025   19234 19238.1     8034    1281    1281    6753
          30    1.0e+05     17025 19049.8 19049.8     7705    1281    1281    6424
          31    1.0e+05     17025 19049.8 19136.4     7892    1281    1281    6611
          32    1.0e+05     17025 18973.6 18973.6     8285    1281    1281    7004
          33    1.0e+05     17025 18973.6 19022.8     7730    1281    1281    6449
          34    1.0e+05     17025 18949.2 18949.2     8467    1281    1281    7186
          35    1.0e+05     17025 18949.2 18995.4     8333    1281    1281    7052
          36    1.1e+05     17025 18887.7 18887.7     8654    1281    1281    7373
          37    1.1e+05     17025 18887.7 18965.6     8260    1281    1281    6979
          38    1.1e+05     17025 18846.6 18846.6     8431    1281    1281    7150
          39    1.1e+05     17025 18846.6 18903.6     8072    1281    1281    6791
          40    1.1e+05     17025 18810.9 18810.9     8702    1281    1281    7421
          41    1.1e+05     17025 18810.9 18814.9     8420    1281    1281    7139
          42    1.1e+05     17025 18808.2 18808.2     8272    1281    1281    6991
          43    1.1e+05     17025 18738.1 18738.1     8742    1281    1281    7461
          44    1.1e+05     17025 18738.1 18782.3     8750    1281    1281    7469
          45    1.1e+05     17025 18738.1 18751.7     8593    1281    1281    7312
          46    1.1e+05     17025 18729.6 18729.6     8611    1281    1281    7330
          47    1.1e+05     17025 18718.4 18718.4     9087    1281    1281    7806
          48    1.1e+05     17025 18700.8 18700.8     8982    1281    1281    7701
          49    1.1e+05     17025 18700.8   18742     9071    1281    1281    7790
          50    1.1e+05     17025 18673.9 18673.9     9645    1281    1281    8364
          51    1.1e+05     17025 18644.7 18644.7     8776    1281    1281    7495
          52    1.1e+05     17025 18644.7 18703.7     8781    1280    1280    7501
          53    1.2e+05     17025 18586.2 18586.2     9433    1281    1281    8152
          54    1.2e+05     17025 18586.2 18663.6     8875    1281    1281    7594
          55    1.2e+05     17025 18586.2 18611.1     9250    1280    1280    7970
          56    1.2e+05     17025 18586.2   18605     9447    1281    1281    8166
          57    1.2e+05     17025 18586.2 18640.4     8866    1281    1281    7585
          58    1.2e+05     17025 18586.2 18604.4     9772    1281    1281    8491
          59    1.2e+05     17025 18546.7 18546.7     9903    1281    1281    8622
          60    1.2e+05     17025 18546.7 18597.5     8982    1280    1280    7702
          61    1.2e+05     17025 18546.7 18558.1     9366    1281    1281    8085
          62    1.2e+05     17025 18538.3 18538.3     9628    1281    1281    8347
          63    1.2e+05     17025 18538.3 18582.3     9415    1280    1280    8135
          64    1.2e+05     17025 18538.3   18581     9968    1281    1281    8687
          65    1.2e+05     17025 18525.2 18525.2     9717    1281    1281    8436
          66    1.2e+05     17025 18525.2 18535.8    10151    1280    1280    8871
          67    1.2e+05     17025 18519.4 18519.4     9750    1281    1281    8469
          68    1.2e+05     17025 18519.4 18552.9     9864    1280    1280    8584
          69    1.2e+05     17025 18519.4 18520.5     9843    1280    1280    8563
          70    1.2e+05     17025 18515.4 18515.4     9966    1280    1280    8686
          71    1.2e+05     17025 18515.4 18556.5     9823    1280    1280    8543
          72    1.2e+05     17025 18467.8 18467.8    10432    1281    1281    9151
          73    1.2e+05     17025 18467.8 18526.6    10387    1280    1280    9107
          74    1.2e+05     17025 18460.3 18460.3    10493    1280    1280    9213
          75    1.2e+05     17025 18460.3 18508.6     9970    1281    1281    8689
          76    1.2e+05     17025 18434.7 18434.7     9963    1280    1280    8683
          77    1.3e+05     17025 18434.7 18532.2     9673    1280    1280    8393
          78    1.3e+05     17025 18434.7 18448.4     9797    1280    1280    8517
          79    1.3e+05     17025 18434.7 18540.2    10395    1281    1281    9114
          80    1.3e+05     17025 18401.8 18401.8    10217    1280    1280    8937
          81    1.3e+05     17025 18401.8 18493.4    10375    1281    1281    9094
          82    1.3e+05     17025 18401.8 18422.2    10038    1281    1281    8757
          83    1.3e+05     17025 18401.8 18524.2    10098    1280    1280    8818
          84    1.3e+05     17025 18393.9 18393.9     9837    1280    1280    8557
          85    1.3e+05     17025 18393.9 18551.9    10218    1281    1281    8937
          86    1.3e+05     17025 18352.9 18352.9    10963    1280    1280    9683
          87    1.3e+05     17025 18352.9 18525.2    10370    1281    1281    9089
          88    1.3e+05     17025 18352.9 18404.1     9961    1280    1280    8681
          89    1.3e+05     17025 18352.9 18502.8    10659    1281    1281    9378
          90    1.3e+05     17025   18342   18342    11085    1281    1281    9804
          91    1.3e+05     17025   18342 18452.7    10275    1280    1280    8995
          92    1.3e+05     17025   18342 18387.3    10269    1280    1280    8989
          93    1.3e+05     17025   18342 18443.8    10367    1281    1281    9086
          94    1.3e+05     17025   18342 18357.5    10936    1280    1280    9656
          95    1.3e+05     17025   18342 18447.2    10386    1280    1280    9106
          96    1.3e+05     17025   18342 18382.4    10685    1281    1281    9404
          97    1.3e+05     17025   18342 18399.9    10374    1281    1281    9093
          98    1.3e+05     17025   18342 18347.4    10059    1280    1280    8779
          99    1.3e+05     17025   18342 18446.3    11041    1280    1280    9761
         100    1.3e+05     17025 18338.1 18338.1    11060    1280    1280    9780
         101    1.3e+05     17025 18338.1 18504.9    10363    1280    1280    9083
         102    1.3e+05     17025 18327.4 18327.4    10846    1280    1280    9566
         103    1.3e+05     17025 18327.4 18451.8    10547    1281    1281    9266
         104    1.3e+05     17025 18322.8 18322.8    10068    1279    1279    8789
         105    1.3e+05     17025 18322.8 18468.1    10847    1281    1281    9566
         106    1.3e+05     17025 18285.5 18285.5    11235    1280    1280    9955
         107    1.4e+05     17025 18285.5 18405.8    11070    1281    1281    9789
         108    1.4e+05     17025 18285.5 18290.3    10311    1280    1280    9031
         109    1.4e+05     17025 18285.5 18472.9    10668    1280    1280    9388
         110    1.4e+05     17025 18273.8 18273.8    11045    1279    1279    9766
         111    1.4e+05     17025 18273.8 18381.3    10973    1281    1281    9692
         112    1.4e+05     17025 18273.8 18314.2    10530    1280    1280    9250
         113    1.4e+05     17025 18273.8 18363.1    11041    1280    1280    9761
         114    1.4e+05     17025 18252.8 18252.8    11875    1280    1280   10595
         115    1.4e+05     17025 18252.8 18385.9    11270    1280    1280    9990
         116    1.4e+05     17025 18252.8 18284.6    11198    1280    1280    9918
         117    1.4e+05     17025 18252.8 18345.4    10915    1280    1280    9635
         118    1.4e+05     17025 18252.8 18287.8    11027    1281    1281    9746
         119    1.4e+05     17025 18252.8 18313.7    10928    1281    1281    9647
         120    1.4e+05     17025 18252.8 18283.2    11159    1278    1278    9881
         121    1.4e+05     17025 18252.8 18349.2    10345    1281    1281    9064
         122    1.4e+05     17025 18252.8 18303.5    10495    1280    1280    9215
         123    1.4e+05     17025 18252.8 18324.9    11243    1280    1280    9963
         124    1.4e+05     17025 18242.6 18242.6    11257    1279    1279    9978
         125    1.4e+05     17025 18242.6 18343.3    10328    1280    1280    9048
         126    1.4e+05     17025 18242.6 18278.4    11128    1281    1281    9847
         127    1.4e+05     17025 18242.6 18307.5    11351    1280    1280   10071
         128    1.4e+05     17025 18242.6 18254.2    11348    1280    1280   10068
         129    1.4e+05     17025 18242.6 18354.1    10805    1280    1280    9525
         130    1.4e+05     17025 18242.6 18282.8    11522    1280    1280   10242
         131    1.4e+05     17025 18242.6 18307.3    11970    1279    1279   10691
         132    1.4e+05     17025 18219.9 18219.9    11840    1280    1280   10560
         133    1.4e+05     17025 18219.9 18325.5    10544    1280    1280    9264
         134    1.4e+05     17025 18219.9 18324.7    11255    1280    1280    9975
         135    1.4e+05     17025 18219.9 18308.8    12122    1280    1280   10842
         136    1.4e+05     17025 18207.8 18207.8    11544    1280    1280   10264
         137    1.4e+05     17025 18207.8 18341.9    11031    1279    1279    9752
         138    1.4e+05     17025 18207.8 18268.8    10943    1279    1279    9664
         139    1.4e+05     17025 18207.8 18375.2    11064    1279    1279    9785
         140    1.4e+05     17025 18195.3 18195.3    11484    1279    1279   10205
         141    1.4e+05     17025 18195.3 18312.1    11274    1280    1280    9994
         142    1.4e+05     17025 18195.3 18240.5    11146    1279    1279    9867
         143    1.4e+05     17025 18195.3 18276.9    11210    1280    1280    9930
         144    1.5e+05     17025 18195.3   18240    11278    1279    1279    9999
         145    1.5e+05     17025 18195.3   18266    11230    1279    1279    9951
         146    1.5e+05     17025 18195.3 18236.9    11508    1279    1279   10229
         147    1.5e+05     17025 18195.3 18244.4    11367    1281    1281   10086
         148    1.5e+05     17025 18195.3 18235.1    11112    1278    1278    9834
         149    1.5e+05     17025 18195.3 18292.5    10943    1281    1281    9662
         150    1.5e+05     17025 18195.3 18239.8    11410    1278    1278   10132
         151    1.5e+05     17025 18195.3 18290.2    11910    1281    1281   10629
         152    1.5e+05     17025 18195.3 18196.1    11987    1279    1279   10708
         153    1.5e+05     17025 18195.3 18254.9    11260    1279    1279    9981
         154    1.5e+05     17025 18195.3 18245.8    11068    1280    1280    9788
         155    1.5e+05     17025 18195.3 18251.3    11786    1280    1280   10506
         156    1.5e+05     17025 18195.3 18209.6    11860    1279    1279   10581
         157    1.5e+05     17025 18195.3 18259.7    11915    1280    1280   10635
         158    1.5e+05     17025 18195.3 18210.6    11988    1277    1277   10711
         159    1.5e+05     17025 18195.3 18333.4    11453    1278    1278   10175
         160    1.5e+05     17025 18188.3 18188.3    11883    1281    1281   10602
         161    1.5e+05     17025 18188.3 18305.6    11297    1280    1280   10017
         162    1.5e+05     17025 18182.6 18182.6    12068    1278    1278   10790
         163    1.5e+05     17025 18182.6 18237.1    11519    1279    1279   10240
         164    1.5e+05     17025 18182.6 18220.6    11587    1279    1279   10308
         165    1.5e+05     17025 18182.6 18217.4    11816    1279    1279   10537
         166    1.5e+05     17025 18182.6 18200.4    11562    1281    1281   10281
         167    1.5e+05     17025 18182.6 18260.9    12204    1278    1278   10926
         168    1.5e+05     17025 18166.5 18166.5    11655    1278    1278   10377
         169    1.5e+05     17025 18166.5 18348.2    11260    1280    1280    9980
         170    1.5e+05     17025 18155.1 18155.1    11844    1278    1278   10566
         171    1.5e+05     17025 18155.1 18212.7    11349    1279    1279   10070
         172    1.5e+05     17025 18155.1 18203.8    11550    1278    1278   10272
         173    1.5e+05     17025 18155.1 18210.6    11225    1280    1280    9945
         174    1.5e+05     17025 18155.1 18225.8    10867    1279    1279    9588
         175    1.5e+05     17025 18155.1 18265.5    11480    1280    1280   10200
         176    1.5e+05     17025 18152.9 18152.9    12582    1281    1281   11301
         177    1.5e+05     17025 18152.9 18241.3    12019    1279    1279   10740
         178    1.5e+05     17025 18152.9 18205.8    11482    1278    1278   10204
         179    1.5e+05     17025 18152.9 18295.4    11256    1277    1277    9979
         180    1.5e+05     17025 18144.3 18144.3    12344    1278    1278   11066
         181    1.5e+05     17025 18144.3 18270.2    12187    1278    1278   10909
         182    1.5e+05     17025 18144.3 18159.5    12505    1278    1278   11227
         183    1.5e+05     17025 18144.3 18302.2    10953    1279    1279    9674
         184    1.5e+05     17025 18144.3 18207.6    11648    1279    1279   10369
         185    1.5e+05     17025 18144.3 18241.1    11687    1279    1279   10408
         186    1.5e+05     17025 18144.3 18144.6    12032    1279    1279   10753
         187    1.6e+05     17025 18144.3 18247.5    11677    1278    1278   10399
         188    1.6e+05     17025 18144.3   18155    12038    1278    1278   10760
         189    1.6e+05     17025 18144.3 18210.2    11491    1278    1278   10213
         190    1.6e+05     17025 18144.3 18173.9    12106    1280    1280   10826
         191    1.6e+05     17025 18144.3 18214.3    11861    1280    1280   10581
         192    1.6e+05     17025 18144.3   18163    12232    1277    1277   10955
         193    1.6e+05     17025 18144.3 18192.4    12323    1279    1279   11044
         194    1.6e+05     17025 18114.9 18114.9    12561    1278    1278   11283
         195    1.6e+05     17025 18114.9 18239.7    12081    1279    1279   10802
         196    1.6e+05     17025 18114.9 18129.4    11991    1278    1278   10713
         197    1.6e+05     17025 18114.9 18268.1    11021    1277    1277    9744
         198    1.6e+05     17025 18114.9 18171.4    11576    1279    1279   10297
         199    1.6e+05     17025 18114.9 18191.8    11747    1281    1281   10466
         200    1.6e+05     17025 18114.9 18151.5    12328    1279    1279   11049
         201    1.6e+05     17025 18114.9 18239.3    11482    1277    1277   10205
         202    1.6e+05     17025 18114.9 18201.8    11531    1279    1279   10252
         203    1.6e+05     17025 18114.9 18256.8    11698    1281    1281   10417
         204    1.6e+05     17025 18114.9 18132.9    12904    1277    1277   11627
         205    1.6e+05     17025 18114.9 18189.3    11926    1278    1278   10648
         206    1.6e+05     17025 18114.9 18178.6    11988    1276    1276   10712
         207    1.6e+05     17025 18114.9 18255.7    11972    1281    1281   10691
         208    1.6e+05     17025 18114.9 18155.9    12203    1280    1280   10923
         209    1.6e+05     17025 18114.9 18196.4    11289    1278    1278   10011
         210    1.6e+05     17025 18114.9 18200.5    12083    1278    1278   10805
         211    1.6e+05     17025 18114.9 18137.4    13018    1280    1280   11738
         212    1.6e+05     17025 18114.9 18127.2    12311    1278    1278   11033
         213    1.6e+05     17025 18114.9 18197.6    12082    1279    1279   10803
         214    1.6e+05     17025 18114.9   18155    12474    1280    1280   11194
         215    1.6e+05     17025 18114.9   18154    12463    1280    1280   11183
         216    1.6e+05     17025 18114.9 18116.9    12324    1279    1279   11045
         217    1.6e+05     17025 18114.9 18165.2    12186    1279    1279   10907
         218    1.6e+05     17025 18114.9 18162.4    11284    1280    1280   10004
         219    1.6e+05     17025 18114.9 18179.8    11680    1277    1277   10403
               reducing step to 0.1
         220    1.6e+05     17025 17944.7 17944.7    14566    1278    1278   13288
         221    1.6e+05     17025 17876.7 17876.7    15878    1276    1276   14602
         222    1.6e+05     17025 17851.4 17851.4    16529    1276    1276   15253
         223    1.6e+05     17025 17847.7 17847.7    16937    1275    1275   15662
    *    224    1.6e+05     17374 17847.4 17847.4    17374    1276    1276   16098
         225    1.6e+05     17374 17833.2 17833.2    17291    1275    1275   16016
         226    1.6e+05     17374 17833.2 17861.7    17293    1274    1274   16019
    *    227    1.6e+05     17502 17826.1 17826.1    17502    1275    1275   16227
         228    1.6e+05     17502 17826.1 17829.7    17482    1274    1274   16208
    *    229    1.6e+05     17567 17826.1 17840.3    17567    1274    1274   16293
         230    1.6e+05     17567 17826.1 17827.2    17529    1274    1274   16255
    *    231    1.6e+05     17649 17826.1 17839.8    17649    1274    1274   16375
         232    1.6e+05     17649 17823.6 17823.6    17557    1274    1274   16283
    *    233    1.6e+05     17661 17823.6 17839.2    17661    1275    1275   16386
         234    1.6e+05     17661 17822.1 17822.1    17240    1275    1275   15965
         235    1.6e+05     17661 17822.1 17842.4    17096    1275    1275   15821
         236    1.6e+05     17661 17822.1 17830.5    17093    1274    1274   15819
         237    1.6e+05     17661 17821.6 17821.6    17461    1274    1274   16187
         238    1.6e+05     17661 17821.6   17835    17659    1274    1274   16385
         239    1.6e+05     17661 17820.3 17820.3    17516    1274    1274   16242
         240    1.6e+05     17661 17820.3 17836.6    17536    1275    1275   16261
         241    1.6e+05     17661 17818.2 17818.2    17564    1274    1274   16290
         242    1.6e+05     17661 17818.2 17835.6    17062    1274    1274   15788
         243    1.6e+05     17661 17818.2 17823.4    16878    1274    1274   15604
         244    1.6e+05     17661 17818.2   17843    16848    1274    1274   15574
         245    1.6e+05     17661 17818.2 17822.3    17064    1274    1274   15790
         246    1.6e+05     17661 17818.2 17820.7    17240    1275    1275   15965
         247    1.6e+05     17661 17818.2   17819    17240    1274    1274   15966
         248    1.6e+05     17661 17818.2 17820.4    16966    1274    1274   15692
         249    1.6e+05     17661 17818.2 17838.4    17122    1274    1274   15848
         250    1.6e+05     17661 17816.5 17816.5    17610    1275    1275   16335
         251    1.6e+05     17661   17816   17816    17422    1274    1274   16148
         252    1.6e+05     17661   17816 17816.9    17252    1275    1275   15977
         253    1.6e+05     17661   17816 17816.4    17080    1275    1275   15805
         254    1.6e+05     17661   17816 17817.9    16376    1274    1274   15102
         255    1.6e+05     17661   17816 17845.7    15945    1275    1275   14670
         256    1.6e+05     17661   17816 17827.5    16105    1274    1274   14831
         257    1.6e+05     17661   17816 17826.9    16307    1278    1278   15029
         258    1.6e+05     17661   17816 17822.8    16800    1275    1275   15525
         259    1.6e+05     17661   17816 17820.3    17141    1276    1276   15865
         260    1.6e+05     17661   17816   17832    17310    1274    1274   16036
         261    1.6e+05     17661 17815.9 17815.9    17399    1276    1276   16123
         262    1.6e+05     17661 17815.9 17817.3    17160    1274    1274   15886
         263    1.6e+05     17661 17815.9 17817.7    16545    1275    1275   15270
         264    1.6e+05     17661 17815.9 17820.5    16594    1275    1275   15319
         265    1.6e+05     17661 17815.9 17817.6    16929    1275    1275   15654
         266    1.6e+05     17661 17815.9 17854.6    17066    1274    1274   15792
         267    1.6e+05     17661 17813.1 17813.1    17217    1274    1274   15943
         268    1.6e+05     17661 17812.1 17812.1    17285    1276    1276   16009
         269    1.6e+05     17661 17812.1 17815.8    17579    1275    1275   16304
         270    1.6e+05     17661 17812.1 17812.9    17072    1274    1274   15798
         271    1.6e+05     17661 17812.1   17833    16655    1275    1275   15380
         272    1.6e+05     17661 17812.1 17817.9    16439    1275    1275   15164
         273    1.6e+05     17661 17812.1 17819.7    16546    1275    1275   15271
         274    1.6e+05     17661 17812.1 17834.2    16694    1275    1275   15419
         275    1.6e+05     17661 17812.1 17817.6    16482    1275    1275   15207
         276    1.6e+05     17661 17812.1 17831.2    16474    1274    1274   15200
         277    1.6e+05     17661 17812.1 17818.6    16899    1274    1274   15625
         278    1.6e+05     17661 17812.1 17836.2    16587    1274    1274   15313
         279    1.6e+05     17661 17812.1 17821.4    16829    1275    1275   15554
         280    1.6e+05     17661 17812.1 17815.2    17113    1274    1274   15839
         281    1.6e+05     17661 17812.1   17822    17426    1274    1274   16152
         282    1.6e+05     17661 17812.1   17813    17655    1274    1274   16381
         283    1.6e+05     17661 17812.1 17826.5    17513    1275    1275   16238
         284    1.6e+05     17661   17811   17811    17585    1274    1274   16311
    *    285    1.6e+05     17722   17811 17827.8    17722    1274    1274   16448
         286    1.6e+05     17722 17809.8 17809.8    17658    1274    1274   16384
         287    1.6e+05     17722 17809.8 17826.7    17354    1274    1274   16080
         288    1.6e+05     17722 17809.8 17810.5    17604    1274    1274   16330
         289    1.6e+05     17722 17809.8 17826.7    17518    1275    1275   16243
         290    1.6e+05     17722 17809.8 17810.2    17551    1274    1274   16277
         291    1.6e+05     17722 17809.8 17827.7    17377    1275    1275   16102
         292    1.6e+05     17722 17809.8   17811    17273    1274    1274   15999
         293    1.6e+05     17722 17809.8 17827.6    17480    1275    1275   16205
         294    1.6e+05     17722 17809.8 17810.1    17060    1274    1274   15786
         295    1.6e+05     17722 17809.8 17831.3    16787    1274    1274   15513
         296    1.6e+05     17722 17809.8   17813    17035    1274    1274   15761
         297    1.6e+05     17722 17809.8 17824.9    17631    1275    1275   16356
         298    1.6e+05     17722 17809.8 17809.9    17635    1274    1274   16361
         299    1.6e+05     17722 17809.8 17827.1    17699    1274    1274   16425
         300    1.6e+05     17722 17809.8   17810    17690    1274    1274   16416
         301    1.6e+05     17722 17809.8   17826    17690    1274    1274   16416
         302    1.6e+05     17722 17809.7 17809.7    17708    1274    1274   16434
         303    1.6e+05     17722 17809.7 17825.5    17711    1274    1274   16437
         304    1.6e+05     17722 17809.5 17809.5    17684    1274    1274   16410
    *    305    1.6e+05     17741 17809.5 17824.7    17741    1274    1274   16467
         306    1.6e+05     17741   17809   17809    17687    1274    1274   16413
         307    1.6e+05     17741   17809 17825.2    17741    1274    1274   16467
         308    1.6e+05     17741   17809 17809.1    17707    1274    1274   16433
         309    1.6e+05     17741   17809   17825    17678    1274    1274   16404
         310    1.6e+05     17741   17809 17809.2    17626    1274    1274   16352
         311    1.6e+05     17741   17809 17825.1    17582    1274    1274   16308
         312    1.6e+05     17741   17809 17809.2    16122    1274    1274   14848
         313    1.6e+05     17741   17809   17830    16677    1276    1276   15401
         314    1.6e+05     17741   17809 17812.9    17003    1274    1274   15729
         315    1.6e+05     17741   17809 17820.1    17405    1275    1275   16130
         316    1.6e+05     17741   17809 17809.5    17433    1274    1274   16159
         317    1.6e+05     17741   17809 17809.3    17532    1274    1274   16258
         318    1.6e+05     17741 17807.7 17807.7    17720    1274    1274   16446
         319    1.6e+05     17741 17807.7 17807.9    17598    1275    1275   16323
         320    1.6e+05     17741 17807.7 17809.6    17141    1274    1274   15867
         321    1.6e+05     17741 17807.7 17820.7    17376    1274    1274   16102
         322    1.6e+05     17741 17807.7 17810.8    17496    1274    1274   16222
         323    1.6e+05     17741 17807.1 17807.1    17167    1274    1274   15893
         324    1.6e+05     17741 17807.1 17810.4    17507    1274    1274   16233
         325    1.6e+05     17741 17807.1 17808.7    17673    1274    1274   16399
         326    1.6e+05     17741 17807.1 17807.7    17699    1274    1274   16425
         327    1.6e+05     17741 17807.1 17807.7    17714    1274    1274   16440
    *    328    1.6e+05     17748 17806.3 17806.3    17748    1274    1274   16474
         329    1.6e+05     17748 17806.3 17808.1    17724    1274    1274   16450
         330    1.6e+05     17748 17806.3 17806.9    17744    1274    1274   16470
         331    1.6e+05     17748 17806.3 17807.7    17712    1274    1274   16438
         332    1.6e+05     17748 17806.3 17806.4    17735    1274    1274   16461
         333    1.6e+05     17748 17806.3 17807.2    17675    1274    1274   16401
         334    1.6e+05     17748 17806.3 17806.6    17740    1274    1274   16466
         335    1.6e+05     17748 17806.3 17806.9    17746    1274    1274   16472
         336    1.6e+05     17748 17806.3   17807    17745    1274    1274   16471
         337    1.6e+05     17748 17806.3   17808    17563    1274    1274   16289
         338    1.6e+05     17748 17806.3 17806.9    17636    1274    1274   16362
         339    1.6e+05     17748 17806.3 17806.6    17647    1274    1274   16373
         340    1.6e+05     17748 17806.3 17806.4    17723    1274    1274   16449
         341    1.6e+05     17748 17806.3 17806.3    17747    1274    1274   16473
         342    1.6e+05     17748 17805.9 17805.9    17720    1274    1274   16446
         343    1.6e+05     17748 17805.9 17806.9    17705    1274    1274   16431
         344    1.6e+05     17748 17805.1 17805.1    17747    1274    1274   16473
         345    1.6e+05     17748 17805.1 17806.5    17739    1274    1274   16465
         346    1.6e+05     17748 17805.1 17805.8    17748    1274    1274   16474
    *    347    1.6e+05     17750 17805.1 17806.3    17750    1274    1274   16476
         348    1.6e+05     17750 17805.1 17806.8    17748    1274    1274   16474
    *    349    1.6e+05     17751 17805.1 17806.9    17751    1274    1274   16477
         350    1.6e+05     17751 17805.1 17806.2    17749    1274    1274   16475
         351    1.6e+05     17751 17805.1   17807    17726    1274    1274   16452
         352    1.6e+05     17751 17805.1 17806.2    17751    1274    1274   16477
         353    1.6e+05     17751 17805.1 17806.4    17745    1274    1274   16471
    *    354    1.6e+05     17752 17805.1 17806.3    17752    1274    1274   16478
         355    1.6e+05     17752 17805.1 17806.9    17711    1274    1274   16437
         356    1.6e+05     17752 17805.1 17806.1    17681    1274    1274   16407
         357    1.6e+05     17752 17805.1 17806.7    17692    1274    1274   16418
         358    1.6e+05     17752 17805.1 17805.6    17730    1274    1274   16456
         359    1.6e+05     17752 17805.1 17806.7    17745    1274    1274   16471
         360    1.6e+05     17752 17805.1 17805.5    17713    1274    1274   16439
         361    1.6e+05     17752 17805.1 17806.9    17699    1274    1274   16425
         362    1.6e+05     17752 17804.7 17804.7    17605    1274    1274   16331
         363    1.6e+05     17752 17804.7 17806.6    17743    1274    1274   16469
         364    1.6e+05     17752 17804.7 17805.4    17729    1274    1274   16455
         365    1.6e+05     17752 17804.7 17806.4    17690    1274    1274   16416
         366    1.6e+05     17752 17804.7 17806.2    17741    1274    1274   16467
         367    1.6e+05     17752 17804.7   17806    17746    1274    1274   16472
         368    1.6e+05     17752 17804.7 17805.3    17741    1274    1274   16467
         369    1.6e+05     17752 17804.7 17806.4    17746    1274    1274   16472
         370    1.6e+05     17752 17804.7 17805.4    17734    1274    1274   16460
         371    1.6e+05     17752 17804.7 17806.6    17745    1274    1274   16471
         372    1.6e+05     17752 17804.7 17805.6    17748    1274    1274   16474
         373    1.6e+05     17752 17804.7 17807.3    17748    1274    1274   16474
         374    1.6e+05     17752 17804.7   17806    17741    1274    1274   16467
         375    1.6e+05     17752 17804.7 17807.1    17747    1274    1274   16473
         376    1.6e+05     17752 17804.7 17805.8    17737    1274    1274   16463
         377    1.6e+05     17752 17804.7 17806.8    17728    1274    1274   16454
         378    1.6e+05     17752 17804.7 17805.1    17746    1274    1274   16472
         379    1.6e+05     17752 17804.7 17805.3    17736    1274    1274   16462
         380    1.6e+05     17752 17804.1 17804.1    17750    1274    1274   16476
         381    1.6e+05     17752 17804.1 17805.2    17747    1274    1274   16473
         382    1.6e+05     17752 17804.1 17805.3    17746    1274    1274   16472
         383    1.6e+05     17752 17804.1 17805.6    17743    1274    1274   16469
         384    1.6e+05     17752 17804.1   17805    17752    1274    1274   16478
         385    1.6e+05     17752 17804.1 17805.4    17747    1274    1274   16473
         386    1.6e+05     17752 17804.1 17805.7    17745    1274    1274   16471
         387    1.6e+05     17752 17804.1 17805.3    17722    1274    1274   16448
         388    1.6e+05     17752 17804.1 17805.1    17750    1274    1274   16476
         389    1.6e+05     17752 17804.1   17805    17732    1274    1274   16458
         390    1.6e+05     17752 17804.1 17805.6    17752    1274    1274   16478
         391    1.6e+05     17752 17804.1 17805.4    17731    1274    1274   16457
         392    1.6e+05     17752 17804.1 17805.6    17746    1274    1274   16472
         393    1.6e+05     17752 17804.1 17805.2    17744    1274    1274   16470
         394    1.6e+05     17752 17804.1 17805.6    17747    1274    1274   16473
         395    1.6e+05     17752 17804.1   17805    17739    1274    1274   16465
         396    1.6e+05     17752 17804.1 17805.8    17750    1274    1274   16476
         397    1.6e+05     17752 17804.1 17805.6    17748    1274    1274   16474
         398    1.6e+05     17752 17804.1 17805.7    17750    1274    1274   16476
         399    1.6e+05     17752 17804.1 17805.3    17746    1274    1274   16472
         400    1.6e+05     17752 17804.1 17805.9    17748    1274    1274   16474
         401    1.6e+05     17752 17804.1   17805    17750    1274    1274   16476
         402    1.6e+05     17752 17804.1 17805.8    17752    1274    1274   16478
         403    1.6e+05     17752 17804.1 17805.2    17750    1274    1274   16476
         404    1.6e+05     17752 17804.1 17805.7    17745    1274    1274   16471
         405    1.6e+05     17752 17804.1 17804.9    17735    1274    1274   16461
               reducing step to 0.05
         406    1.6e+05     17752 17795.3 17795.3    17615    1274    1274   16341
         407    1.6e+05     17752 17787.9 17787.9    17656    1274    1274   16382
         408    1.6e+05     17752 17787.9 17788.8    17668    1274    1274   16394
    *    409    1.6e+05     17756 17787.9 17788.2    17756    1274    1274   16482
    *    410    1.6e+05     17761 17787.9 17789.1    17761    1274    1274   16487
         411    1.6e+05     17761 17787.9 17788.2    17755    1274    1274   16481
         412    1.6e+05     17761 17787.9 17788.9    17755    1274    1274   16481
         413    1.6e+05     17761 17787.9 17787.9    17742    1274    1274   16468
         414    1.6e+05     17761 17787.9 17788.9    17755    1274    1274   16481
         415    1.6e+05     17761 17787.9 17787.9    17757    1274    1274   16483
         416    1.6e+05     17761 17787.9 17788.6    17759    1274    1274   16485
         417    1.6e+05     17761 17787.7 17787.7    17755    1274    1274   16481
         418    1.6e+05     17761 17787.7 17788.4    17753    1274    1274   16479
         419    1.6e+05     17761 17787.7 17787.8    17757    1274    1274   16483
         420    1.6e+05     17761 17787.7 17788.3    17759    1274    1274   16485
         421    1.6e+05     17761 17787.7 17787.8    17756    1274    1274   16482
         422    1.6e+05     17761 17787.7 17788.4    17761    1274    1274   16487
         423    1.6e+05     17761 17787.6 17787.6    17755    1274    1274   16481
         424    1.6e+05     17761 17787.6 17788.4    17759    1274    1274   16485
         425    1.6e+05     17761 17787.6 17787.7    17757    1274    1274   16483
         426    1.6e+05     17761 17787.6 17788.3    17761    1274    1274   16487
         427    1.6e+05     17761 17787.6 17787.6    17759    1274    1274   16485
         428    1.6e+05     17761 17787.6 17788.4    17760    1274    1274   16486
         429    1.6e+05     17761 17787.6 17787.7    17759    1274    1274   16485
         430    1.6e+05     17761 17787.6 17788.5    17761    1274    1274   16487
         431    1.6e+05     17761 17787.6 17787.9    17758    1274    1274   16484
    *    432    1.6e+05     17762 17787.6 17788.2    17762    1274    1274   16488
         433    1.6e+05     17762 17787.6 17787.8    17755    1274    1274   16481
         434    1.6e+05     17762 17787.6 17788.2    17761    1274    1274   16487
         435    1.6e+05     17762 17787.6 17787.7    17760    1274    1274   16486
         436    1.6e+05     17762 17787.6 17787.9    17760    1274    1274   16486
         437    1.6e+05     17762 17787.5 17787.5    17759    1274    1274   16485
         438    1.6e+05     17762 17787.5 17787.8    17761    1274    1274   16487
         439    1.6e+05     17762 17787.5 17787.6    17759    1274    1274   16485
    *    440    1.6e+05     17763 17787.5 17787.8    17763    1274    1274   16489
         441    1.6e+05     17763 17787.5 17787.5    17758    1274    1274   16484
         442    1.6e+05     17763 17787.5 17787.7    17762    1274    1274   16488
         443    1.6e+05     17763 17787.3 17787.3    17760    1274    1274   16486
         444    1.6e+05     17763 17787.3 17787.7    17763    1274    1274   16489
         445    1.6e+05     17763 17787.3 17787.3    17761    1274    1274   16487
         446    1.6e+05     17763 17787.3 17787.9    17763    1274    1274   16489
         447    1.6e+05     17763 17787.3 17787.4    17760    1274    1274   16486
         448    1.6e+05     17763 17787.3 17787.4    17763    1274    1274   16489
         449    1.6e+05     17763 17787.3 17787.6    17751    1274    1274   16477
         450    1.6e+05     17763 17787.3 17787.3    17763    1274    1274   16489
         451    1.6e+05     17763 17787.3 17787.5    17759    1274    1274   16485
         452    1.6e+05     17763 17787.3 17787.6    17762    1274    1274   16488
         453    1.6e+05     17763 17787.3 17787.5    17758    1274    1274   16484
         454    1.6e+05     17763 17787.3 17787.6    17762    1274    1274   16488
         455    1.6e+05     17763 17787.3 17787.5    17757    1274    1274   16483
         456    1.6e+05     17763 17787.3 17787.6    17762    1274    1274   16488
         457    1.6e+05     17763 17787.3 17787.5    17756    1274    1274   16482
         458    1.6e+05     17763 17787.3 17787.5    17763    1274    1274   16489
         459    1.6e+05     17763 17787.3 17787.4    17758    1274    1274   16484
         460    1.6e+05     17763 17787.3 17787.4    17763    1274    1274   16489
         461    1.6e+05     17763 17787.3 17787.4    17758    1274    1274   16484
         462    1.6e+05     17763 17787.3 17787.4    17763    1274    1274   16489
         463    1.6e+05     17763 17787.3 17787.6    17757    1274    1274   16483
         464    1.6e+05     17763 17787.3 17787.3    17763    1274    1274   16489
         465    1.6e+05     17763 17787.3 17787.5    17758    1274    1274   16484
         466    1.6e+05     17763 17787.3 17787.3    17763    1274    1274   16489
         467    1.6e+05     17763 17787.3 17787.5    17759    1274    1274   16485
         468    1.6e+05     17763 17787.2 17787.2    17763    1274    1274   16489
         469    1.6e+05     17763 17787.2 17787.5    17759    1274    1274   16485
         470    1.6e+05     17763 17787.2 17787.2    17763    1274    1274   16489
         471    1.6e+05     17763 17787.2 17787.6    17760    1274    1274   16486
         472    1.6e+05     17763 17787.2 17787.3    17762    1274    1274   16488
         473    1.6e+05     17763 17787.2 17787.5    17758    1274    1274   16484
         474    1.6e+05     17763 17787.2 17787.3    17763    1274    1274   16489
         475    1.6e+05     17763 17787.2 17787.4    17760    1274    1274   16486
         476    1.6e+05     17763 17787.2 17787.2    17762    1274    1274   16488
         477    1.6e+05     17763 17787.2 17787.5    17759    1274    1274   16485
         478    1.6e+05     17763 17787.2 17787.3    17763    1274    1274   16489
         479    1.6e+05     17763 17787.2 17787.6    17759    1274    1274   16485
         480    1.6e+05     17763 17787.2 17787.3    17763    1274    1274   16489
         481    1.6e+05     17763 17787.2 17787.5    17757    1274    1274   16483
         482    1.6e+05     17763 17787.2 17787.2    17763    1274    1274   16489
         483    1.6e+05     17763 17787.2 17787.5    17759    1274    1274   16485
         484    1.6e+05     17763 17787.2 17787.2    17763    1274    1274   16489
         485    1.6e+05     17763 17787.2 17787.5    17758    1274    1274   16484
         486    1.6e+05     17763 17787.2 17787.2    17762    1274    1274   16488
         487    1.6e+05     17763 17787.2 17787.5    17758    1274    1274   16484
         488    1.6e+05     17763 17787.2 17787.2    17762    1274    1274   16488
         489    1.6e+05     17763 17787.2 17787.5    17756    1274    1274   16482
         490    1.6e+05     17763 17787.2 17787.2    17762    1274    1274   16488
         491    1.6e+05     17763 17787.2 17787.4    17759    1274    1274   16485
         492    1.6e+05     17763 17787.2 17787.2    17763    1274    1274   16489
         493    1.6e+05     17763 17787.2 17787.5    17759    1274    1274   16485
         494    1.6e+05     17763 17787.2 17787.3    17763    1274    1274   16489
         495    1.6e+05     17763 17787.2 17787.6    17757    1274    1274   16483
               reducing step to 0.025
         496    1.6e+05     17763 17783.9 17783.9    17732    1274    1274   16458
         497    1.6e+05     17763 17780.9 17780.9    17124    1274    1274   15850
         498    1.6e+05     17763 17780.9 17782.4    17696    1274    1274   16422
         499    1.6e+05     17763 17780.7 17780.7    17720    1275    1275   16445
         500    1.6e+05     17763 17780.7 17781.2    17761    1274    1274   16487
         501    1.6e+05     17763 17780.4 17780.4    17741    1274    1274   16467
         502    1.6e+05     17763 17780.4   17781    17757    1274    1274   16483
         503    1.6e+05     17763 17780.2 17780.2    17755    1274    1274   16481
         504    1.6e+05     17763 17780.2   17781    17757    1274    1274   16483
         505    1.6e+05     17763 17780.1 17780.1    17756    1274    1274   16482
         506    1.6e+05     17763 17780.1 17780.9    17758    1274    1274   16484
         507    1.6e+05     17763 17780.1 17780.1    17746    1274    1274   16472
         508    1.6e+05     17763 17780.1 17780.8    17760    1274    1274   16486
         509    1.6e+05     17763 17780.1 17780.2    17759    1274    1274   16485
         510    1.6e+05     17763 17780.1 17780.9    17761    1274    1274   16487
         511    1.6e+05     17763   17780   17780    17760    1274    1274   16486
         512    1.6e+05     17763   17780 17780.9    17762    1274    1274   16488
         513    1.6e+05     17763   17780 17780.1    17760    1274    1274   16486
         514    1.6e+05     17763   17780 17780.8    17761    1274    1274   16487
         515    1.6e+05     17763   17780 17780.1    17760    1274    1274   16486
         516    1.6e+05     17763   17780 17780.8    17761    1274    1274   16487
         517    1.6e+05     17763   17780 17780.1    17758    1274    1274   16484
         518    1.6e+05     17763   17780 17780.8    17761    1274    1274   16487
         519    1.6e+05     17763   17780 17780.1    17758    1274    1274   16484
         520    1.6e+05     17763   17780 17780.8    17761    1274    1274   16487
         521    1.6e+05     17763   17780 17780.2    17757    1274    1274   16483
         522    1.6e+05     17763   17780 17780.7    17761    1274    1274   16487
         523    1.6e+05     17763   17780 17780.2    17757    1274    1274   16483
         524    1.6e+05     17763   17780 17780.7    17761    1274    1274   16487
         525    1.6e+05     17763   17780   17780    17757    1274    1274   16483
         526    1.6e+05     17763   17780 17780.6    17762    1274    1274   16488
         527    1.6e+05     17763   17780 17780.1    17759    1274    1274   16485
         528    1.6e+05     17763   17780 17780.6    17762    1274    1274   16488
         529    1.6e+05     17763   17780   17780    17759    1274    1274   16485
         530    1.6e+05     17763   17780 17780.6    17762    1274    1274   16488
         531    1.6e+05     17763   17780   17780    17759    1274    1274   16485
         532    1.6e+05     17763   17780 17780.6    17762    1274    1274   16488
         533    1.6e+05     17763   17780   17780    17757    1274    1274   16483
         534    1.6e+05     17763   17780 17780.6    17762    1274    1274   16488
         535    1.6e+05     17763   17780   17780    17757    1274    1274   16483
         536    1.6e+05     17763   17780 17780.6    17762    1274    1274   16488
         537    1.6e+05     17763   17780   17780    17757    1274    1274   16483
         538    1.6e+05     17763   17780 17780.6    17762    1274    1274   16488
         539    1.6e+05     17763   17780   17780    17757    1274    1274   16483
         540    1.6e+05     17763   17780 17780.6    17762    1274    1274   16488
         541    1.6e+05     17763   17780   17780    17756    1274    1274   16482
         542    1.6e+05     17763   17780 17780.6    17762    1274    1274   16488
         543    1.6e+05     17763   17780   17780    17756    1274    1274   16482
         544    1.6e+05     17763   17780 17780.6    17762    1274    1274   16488
         545    1.6e+05     17763   17780   17780    17757    1274    1274   16483
         546    1.6e+05     17763   17780 17780.6    17762    1274    1274   16488
         547    1.6e+05     17763   17780   17780    17755    1274    1274   16481
         548    1.6e+05     17763   17780 17780.6    17762    1274    1274   16488
         549    1.6e+05     17763   17780   17780    17755    1274    1274   16481
         550    1.6e+05     17763   17780 17780.6    17762    1274    1274   16488
         551    1.6e+05     17763   17780   17780    17757    1274    1274   16483
         552    1.6e+05     17763   17780 17780.6    17762    1274    1274   16488
         553    1.6e+05     17763 17779.9 17779.9    17758    1274    1274   16484
         554    1.6e+05     17763 17779.9 17780.6    17762    1274    1274   16488
         555    1.6e+05     17763 17779.9   17780    17757    1274    1274   16483
         556    1.6e+05     17763 17779.9 17780.6    17762    1274    1274   16488
         557    1.6e+05     17763 17779.9   17780    17756    1274    1274   16482
         558    1.6e+05     17763 17779.9 17780.5    17762    1274    1274   16488
         559    1.6e+05     17763 17779.9   17780    17757    1274    1274   16483
         560    1.6e+05     17763 17779.9 17780.6    17758    1274    1274   16484
         561    1.6e+05     17763 17779.9 17779.9    17757    1274    1274   16483
         562    1.6e+05     17763 17779.9 17780.5    17762    1274    1274   16488
         563    1.6e+05     17763 17779.9 17779.9    17756    1274    1274   16482
         564    1.6e+05     17763 17779.9 17780.5    17762    1274    1274   16488
         565    1.6e+05     17763 17779.9 17779.9    17756    1274    1274   16482
         566    1.6e+05     17763 17779.9 17780.5    17762    1274    1274   16488
         567    1.6e+05     17763 17779.9 17779.9    17757    1274    1274   16483
         568    1.6e+05     17763 17779.9 17780.5    17762    1274    1274   16488
         569    1.6e+05     17763 17779.8 17779.8    17757    1274    1274   16483
         570    1.6e+05     17763 17779.8 17780.5    17762    1274    1274   16488
         571    1.6e+05     17763 17779.8 17779.9    17756    1274    1274   16482
         572    1.6e+05     17763 17779.8 17780.5    17762    1274    1274   16488
         573    1.6e+05     17763 17779.8 17779.8    17757    1274    1274   16483
         574    1.6e+05     17763 17779.8 17780.5    17762    1274    1274   16488
         575    1.6e+05     17763 17779.8 17779.9    17753    1274    1274   16479
         576    1.6e+05     17763 17779.8 17780.5    17762    1274    1274   16488
         577    1.6e+05     17763 17779.8 17779.8    17755    1274    1274   16481
         578    1.6e+05     17763 17779.8 17780.5    17761    1274    1274   16487
         579    1.6e+05     17763 17779.8 17779.8    17757    1274    1274   16483
         580    1.6e+05     17763 17779.8 17780.5    17762    1274    1274   16488
         581    1.6e+05     17763 17779.8 17779.8    17757    1274    1274   16483
         582    1.6e+05     17763 17779.8 17780.5    17762    1274    1274   16488
         583    1.6e+05     17763 17779.8 17779.8    17757    1274    1274   16483
         584    1.6e+05     17763 17779.8 17780.5    17762    1274    1274   16488
         585    1.6e+05     17763 17779.8 17779.8    17757    1274    1274   16483
         586    1.6e+05     17763 17779.8 17780.5    17762    1274    1274   16488
         587    1.6e+05     17763 17779.8 17779.8    17756    1274    1274   16482
         588    1.6e+05     17763 17779.8 17780.5    17762    1274    1274   16488
         589    1.6e+05     17763 17779.8 17779.8    17756    1274    1274   16482
         590    1.6e+05     17763 17779.8 17780.5    17762    1274    1274   16488
         591    1.6e+05     17763 17779.8 17779.8    17757    1274    1274   16483
         592    1.6e+05     17763 17779.8 17780.5    17762    1274    1274   16488
         593    1.6e+05     17763 17779.8 17779.8    17756    1274    1274   16482
         594    1.6e+05     17763 17779.8 17780.5    17762    1274    1274   16488
         595    1.6e+05     17763 17779.8 17779.8    17756    1274    1274   16482
         596    1.6e+05     17763 17779.8 17780.5    17762    1274    1274   16488
         597    1.6e+05     17763 17779.8 17779.8    17756    1274    1274   16482
         598    1.6e+05     17763 17779.8 17780.5    17762    1274    1274   16488
         599    1.6e+05     17763 17779.8 17779.8    17756    1274    1274   16482
         600    1.6e+05     17763 17779.8 17780.5    17762    1274    1274   16488
         601    1.6e+05     17763 17779.8 17779.8    17752    1274    1274   16478
         602    1.6e+05     17763 17779.8 17780.4    17762    1274    1274   16488
         603    1.6e+05     17763 17779.8 17779.8    17756    1274    1274   16482
         604    1.6e+05     17763 17779.8 17780.5    17762    1274    1274   16488
         605    1.6e+05     17763 17779.8 17779.8    17756    1274    1274   16482
         606    1.6e+05     17763 17779.8 17780.5    17762    1274    1274   16488
         607    1.6e+05     17763 17779.8 17779.8    17756    1274    1274   16482
         608    1.6e+05     17763 17779.8 17780.5    17762    1274    1274   16488
         609    1.6e+05     17763 17779.8 17779.8    17756    1274    1274   16482
         610    1.6e+05     17763 17779.8 17780.5    17762    1274    1274   16488
         611    1.6e+05     17763 17779.8 17779.8    17754    1274    1274   16480
         612    1.6e+05     17763 17779.8 17780.4    17762    1274    1274   16488
         613    1.6e+05     17763 17779.8 17779.8    17756    1274    1274   16482
         614    1.6e+05     17763 17779.8 17780.5    17762    1274    1274   16488
         615    1.6e+05     17763 17779.8 17779.8    17755    1274    1274   16481
         616    1.6e+05     17763 17779.8 17780.4    17762    1274    1274   16488
         617    1.6e+05     17763 17779.8 17779.8    17756    1274    1274   16482
         618    1.6e+05     17763 17779.8 17780.5    17762    1274    1274   16488
         619    1.6e+05     17763 17779.8 17779.8    17756    1274    1274   16482
         620    1.6e+05     17763 17779.8 17780.4    17762    1274    1274   16488
         621    1.6e+05     17763 17779.8 17779.8    17755    1274    1274   16481
         622    1.6e+05     17763 17779.8 17780.4    17762    1274    1274   16488
         623    1.6e+05     17763 17779.8 17779.8    17755    1274    1274   16481
         624    1.6e+05     17763 17779.8 17780.4    17762    1274    1274   16488
         625    1.6e+05     17763 17779.8 17779.8    17755    1274    1274   16481
         626    1.6e+05     17763 17779.8 17780.4    17762    1274    1274   16488
         627    1.6e+05     17763 17779.8 17779.8    17756    1274    1274   16482
         628    1.6e+05     17763 17779.8 17780.5    17762    1274    1274   16488
         629    1.6e+05     17763 17779.8 17779.8    17756    1274    1274   16482
         630    1.6e+05     17763 17779.8 17780.4    17762    1274    1274   16488
         631    1.6e+05     17763 17779.8 17779.8    17756    1274    1274   16482
         632    1.6e+05     17763 17779.8 17780.4    17762    1274    1274   16488
         633    1.6e+05     17763 17779.8 17779.8    17756    1274    1274   16482
         634    1.6e+05     17763 17779.8 17780.4    17762    1274    1274   16488
         635    1.6e+05     17763 17779.8 17779.8    17756    1274    1274   16482
         636    1.6e+05     17763 17779.8 17780.5    17762    1274    1274   16488
         637    1.6e+05     17763 17779.8 17779.8    17756    1274    1274   16482
         638    1.6e+05     17763 17779.8 17780.4    17762    1274    1274   16488
         639    1.6e+05     17763 17779.8 17779.8    17755    1274    1274   16481
         640    1.6e+05     17763 17779.8 17780.4    17762    1274    1274   16488
         641    1.6e+05     17763 17779.8 17779.8    17755    1274    1274   16481
         642    1.6e+05     17763 17779.8 17780.4    17762    1274    1274   16488
         643    1.6e+05     17763 17779.8 17779.8    17755    1274    1274   16481
         644    1.6e+05     17763 17779.8 17780.4    17762    1274    1274   16488
         645    1.6e+05     17763 17779.8 17779.8    17756    1274    1274   16482
         646    1.6e+05     17763 17779.8 17780.4    17762    1274    1274   16488
         647    1.6e+05     17763 17779.8 17779.8    17756    1274    1274   16482
         648    1.6e+05     17763 17779.8 17780.5    17762    1274    1274   16488
         649    1.6e+05     17763 17779.8 17779.8    17756    1274    1274   16482
         650    1.6e+05     17763 17779.8 17780.4    17762    1274    1274   16488
         651    1.6e+05     17763 17779.8 17779.8    17756    1274    1274   16482
         652    1.6e+05     17763 17779.8 17780.5    17762    1274    1274   16488
         653    1.6e+05     17763 17779.8 17779.8    17755    1274    1274   16481
         654    1.6e+05     17763 17779.8 17780.4    17762    1274    1274   16488
         655    1.6e+05     17763 17779.8 17779.8    17755    1274    1274   16481
         656    1.6e+05     17763 17779.8 17780.4    17762    1274    1274   16488
         657    1.6e+05     17763 17779.8 17779.8    17756    1274    1274   16482
         658    1.6e+05     17763 17779.8 17780.4    17762    1274    1274   16488
         659    1.6e+05     17763 17779.8 17779.8    17756    1274    1274   16482
         660    1.6e+05     17763 17779.8 17780.5    17762    1274    1274   16488
         661    1.6e+05     17763 17779.8 17779.8    17756    1274    1274   16482
         662    1.6e+05     17763 17779.8 17780.4    17762    1274    1274   16488
               reducing step to 0.0125
         663    1.6e+05     17763 17778.3 17778.3    17745    1274    1274   16471
         664    1.6e+05     17763 17776.8 17776.8    17761    1274    1274   16487
         665    1.6e+05     17763 17776.8   17777    17758    1274    1274   16484
         666    1.6e+05     17763 17776.7 17776.7    17758    1274    1274   16484
         667    1.6e+05     17763 17776.7 17776.9    17759    1274    1274   16485
         668    1.6e+05     17763 17776.6 17776.6    17759    1274    1274   16485
         669    1.6e+05     17763 17776.6 17776.8    17758    1274    1274   16484
         670    1.6e+05     17763 17776.5 17776.5    17760    1274    1274   16486
         671    1.6e+05     17763 17776.5 17776.8    17760    1274    1274   16486
         672    1.6e+05     17763 17776.5 17776.5    17758    1274    1274   16484
         673    1.6e+05     17763 17776.5 17776.8    17759    1274    1274   16485
         674    1.6e+05     17763 17776.5 17776.5    17759    1274    1274   16485
         675    1.6e+05     17763 17776.5 17776.8    17760    1274    1274   16486
         676    1.6e+05     17763 17776.5 17776.5    17759    1274    1274   16485
         677    1.6e+05     17763 17776.5 17776.8    17760    1274    1274   16486
         678    1.6e+05     17763 17776.4 17776.4    17761    1274    1274   16487
         679    1.6e+05     17763 17776.4 17776.8    17760    1274    1274   16486
         680    1.6e+05     17763 17776.4 17776.4    17760    1274    1274   16486
         681    1.6e+05     17763 17776.4 17776.8    17760    1274    1274   16486
         682    1.6e+05     17763 17776.4 17776.5    17761    1274    1274   16487
         683    1.6e+05     17763 17776.4 17776.8    17761    1274    1274   16487
         684    1.6e+05     17763 17776.4 17776.4    17760    1274    1274   16486
         685    1.6e+05     17763 17776.4 17776.8    17761    1274    1274   16487
         686    1.6e+05     17763 17776.4 17776.5    17759    1274    1274   16485
         687    1.6e+05     17763 17776.4 17776.8    17760    1274    1274   16486
         688    1.6e+05     17763 17776.4 17776.5    17760    1274    1274   16486
         689    1.6e+05     17763 17776.4 17776.8    17760    1274    1274   16486
         690    1.6e+05     17763 17776.4 17776.5    17760    1274    1274   16486
         691    1.6e+05     17763 17776.4 17776.8    17760    1274    1274   16486
         692    1.6e+05     17763 17776.4 17776.5    17761    1274    1274   16487
         693    1.6e+05     17763 17776.4 17776.8    17760    1274    1274   16486
         694    1.6e+05     17763 17776.4 17776.4    17761    1274    1274   16487
         695    1.6e+05     17763 17776.4 17776.7    17761    1274    1274   16487
         696    1.6e+05     17763 17776.4 17776.4    17761    1274    1274   16487
         697    1.6e+05     17763 17776.4 17776.7    17761    1274    1274   16487
         698    1.6e+05     17763 17776.4 17776.4    17761    1274    1274   16487
         699    1.6e+05     17763 17776.4 17776.7    17761    1274    1274   16487
         700    1.6e+05     17763 17776.4 17776.4    17761    1274    1274   16487
         701    1.6e+05     17763 17776.4 17776.7    17761    1274    1274   16487
         702    1.6e+05     17763 17776.4 17776.4    17761    1274    1274   16487
         703    1.6e+05     17763 17776.4 17776.7    17760    1274    1274   16486
         704    1.6e+05     17763 17776.4 17776.4    17761    1274    1274   16487
         705    1.6e+05     17763 17776.4 17776.7    17761    1274    1274   16487
         706    1.6e+05     17763 17776.4 17776.4    17757    1274    1274   16483
         707    1.6e+05     17763 17776.4 17776.6    17761    1274    1274   16487
         708    1.6e+05     17763 17776.4 17776.4    17759    1274    1274   16485
         709    1.6e+05     17763 17776.4 17776.7    17761    1274    1274   16487
         710    1.6e+05     17763 17776.4 17776.4    17759    1274    1274   16485
         711    1.6e+05     17763 17776.4 17776.7    17760    1274    1274   16486
         712    1.6e+05     17763 17776.3 17776.3    17759    1274    1274   16485
         713    1.6e+05     17763 17776.3 17776.8    17761    1274    1274   16487
         714    1.6e+05     17763 17776.3 17776.3    17759    1274    1274   16485
         715    1.6e+05     17763 17776.3 17776.8    17761    1274    1274   16487
         716    1.6e+05     17763 17776.3 17776.3    17759    1274    1274   16485
         717    1.6e+05     17763 17776.3 17776.8    17761    1274    1274   16487
         718    1.6e+05     17763 17776.3 17776.3    17759    1274    1274   16485
         719    1.6e+05     17763 17776.3 17776.8    17761    1274    1274   16487
         720    1.6e+05     17763 17776.3 17776.3    17759    1274    1274   16485
         721    1.6e+05     17763 17776.3 17776.8    17761    1274    1274   16487
         722    1.6e+05     17763 17776.3 17776.3    17759    1274    1274   16485
         723    1.6e+05     17763 17776.3 17776.8    17761    1274    1274   16487
         724    1.6e+05     17763 17776.3 17776.3    17759    1274    1274   16485
         725    1.6e+05     17763 17776.3 17776.8    17761    1274    1274   16487
         726    1.6e+05     17763 17776.3 17776.3    17759    1274    1274   16485
         727    1.6e+05     17763 17776.3 17776.8    17761    1274    1274   16487
         728    1.6e+05     17763 17776.3 17776.3    17759    1274    1274   16485
         729    1.6e+05     17763 17776.3 17776.7    17761    1274    1274   16487
         730    1.6e+05     17763 17776.3 17776.3    17759    1274    1274   16485
         731    1.6e+05     17763 17776.3 17776.7    17761    1274    1274   16487
         732    1.6e+05     17763 17776.3 17776.3    17759    1274    1274   16485
         733    1.6e+05     17763 17776.3 17776.7    17761    1274    1274   16487
         734    1.6e+05     17763 17776.3 17776.3    17759    1274    1274   16485
         735    1.6e+05     17763 17776.3 17776.7    17761    1274    1274   16487
         736    1.6e+05     17763 17776.3 17776.3    17759    1274    1274   16485
         737    1.6e+05     17763 17776.3 17776.7    17761    1274    1274   16487
         738    1.6e+05     17763 17776.3 17776.3    17759    1274    1274   16485
         739    1.6e+05     17763 17776.3 17776.7    17761    1274    1274   16487
         740    1.6e+05     17763 17776.3 17776.3    17759    1274    1274   16485
         741    1.6e+05     17763 17776.3 17776.7    17761    1274    1274   16487
         742    1.6e+05     17763 17776.3 17776.3    17759    1274    1274   16485
         743    1.6e+05     17763 17776.3 17776.7    17761    1274    1274   16487
         744    1.6e+05     17763 17776.3 17776.3    17759    1274    1274   16485
         745    1.6e+05     17763 17776.3 17776.7    17761    1274    1274   16487
         746    1.6e+05     17763 17776.3 17776.3    17759    1274    1274   16485
         747    1.6e+05     17763 17776.3 17776.7    17760    1274    1274   16486
         748    1.6e+05     17763 17776.3 17776.3    17759    1274    1274   16485
         749    1.6e+05     17763 17776.3 17776.7    17761    1274    1274   16487
         750    1.6e+05     17763 17776.3 17776.3    17759    1274    1274   16485
         751    1.6e+05     17763 17776.3 17776.7    17761    1274    1274   16487
         752    1.6e+05     17763 17776.3 17776.3    17759    1274    1274   16485
         753    1.6e+05     17763 17776.3 17776.7    17760    1274    1274   16486
         754    1.6e+05     17763 17776.2 17776.2    17759    1274    1274   16485
         755    1.6e+05     17763 17776.2 17776.7    17760    1274    1274   16486
         756    1.6e+05     17763 17776.2 17776.3    17759    1274    1274   16485
         757    1.6e+05     17763 17776.2 17776.7    17761    1274    1274   16487
         758    1.6e+05     17763 17776.2 17776.3    17759    1274    1274   16485
         759    1.6e+05     17763 17776.2 17776.7    17760    1274    1274   16486
         760    1.6e+05     17763 17776.2 17776.3    17759    1274    1274   16485
         761    1.6e+05     17763 17776.2 17776.7    17760    1274    1274   16486
         762    1.6e+05     17763 17776.2 17776.2    17759    1274    1274   16485
         763    1.6e+05     17763 17776.2 17776.7    17761    1274    1274   16487
         764    1.6e+05     17763 17776.2 17776.3    17759    1274    1274   16485
         765    1.6e+05     17763 17776.2 17776.7    17761    1274    1274   16487
         766    1.6e+05     17763 17776.2 17776.3    17759    1274    1274   16485
         767    1.6e+05     17763 17776.2 17776.7    17761    1274    1274   16487
         768    1.6e+05     17763 17776.2 17776.3    17759    1274    1274   16485
         769    1.6e+05     17763 17776.2 17776.7    17752    1274    1274   16478
         770    1.6e+05     17763 17776.2 17776.2    17759    1274    1274   16485
         771    1.6e+05     17763 17776.2 17776.7    17753    1274    1274   16479
         772    1.6e+05     17763 17776.2 17776.3    17759    1274    1274   16485
         773    1.6e+05     17763 17776.2 17776.7    17760    1274    1274   16486
         774    1.6e+05     17763 17776.2 17776.2    17759    1274    1274   16485
         775    1.6e+05     17763 17776.2 17776.7    17760    1274    1274   16486
         776    1.6e+05     17763 17776.2 17776.3    17759    1274    1274   16485
         777    1.6e+05     17763 17776.2 17776.7    17751    1274    1274   16477
         778    1.6e+05     17763 17776.2 17776.2    17759    1274    1274   16485
         779    1.6e+05     17763 17776.2 17776.7    17761    1274    1274   16487
               reducing step to 0.00625
         780    1.6e+05     17763 17775.7 17775.7    17754    1274    1274   16480
         781    1.6e+05     17763 17774.9 17774.9    17760    1274    1274   16486
    *    782    1.6e+05     17765 17774.3 17774.3    17765    1274    1274   16491
         783    1.6e+05     17765 17774.3 17774.6    17758    1274    1274   16484
         784    1.6e+05     17765 17774.3 17774.7    17765    1274    1274   16491
         785    1.6e+05     17765 17774.3 17774.6    17754    1274    1274   16480
         786    1.6e+05     17765 17774.3 17774.7    17762    1274    1274   16488
         787    1.6e+05     17765 17774.3 17774.6    17757    1274    1274   16483
         788    1.6e+05     17765 17774.3 17774.7    17764    1274    1274   16490
         789    1.6e+05     17765 17774.3 17774.5    17755    1274    1274   16481
         790    1.6e+05     17765 17774.3 17774.7    17764    1274    1274   16490
         791    1.6e+05     17765 17774.3 17774.6    17757    1274    1274   16483
         792    1.6e+05     17765 17774.3 17774.8    17763    1274    1274   16489
         793    1.6e+05     17765 17774.3 17774.6    17755    1274    1274   16481
         794    1.6e+05     17765 17774.3 17774.8    17762    1274    1274   16488
         795    1.6e+05     17765 17774.3 17774.5    17756    1274    1274   16482
         796    1.6e+05     17765 17774.3 17774.8    17761    1274    1274   16487
         797    1.6e+05     17765 17774.3 17774.5    17756    1274    1274   16482
         798    1.6e+05     17765 17774.3 17774.8    17763    1274    1274   16489
         799    1.6e+05     17765 17774.3 17774.5    17759    1274    1274   16485
         800    1.6e+05     17765 17774.3 17774.8    17762    1274    1274   16488
         801    1.6e+05     17765 17774.3 17774.5    17759    1274    1274   16485
         802    1.6e+05     17765 17774.3 17774.8    17763    1274    1274   16489
         803    1.6e+05     17765 17774.3 17774.6    17757    1274    1274   16483
         804    1.6e+05     17765 17774.3 17774.8    17762    1274    1274   16488
         805    1.6e+05     17765 17774.3 17774.6    17756    1274    1274   16482
         806    1.6e+05     17765 17774.3 17774.8    17763    1274    1274   16489
         807    1.6e+05     17765 17774.3 17774.5    17757    1274    1274   16483
               reducing step to 0.003125
         808    1.6e+05     17765 17774.2 17774.2    17739    1274    1274   16465
         809    1.6e+05     17765   17774   17774    17761    1274    1274   16487
         810    1.6e+05     17765 17773.9 17773.9    17760    1274    1274   16486
         811    1.6e+05     17765 17773.9 17773.9    17757    1274    1274   16483
         812    1.6e+05     17765 17773.9 17773.9    17759    1274    1274   16485
         813    1.6e+05     17765 17773.8 17773.8    17764    1274    1274   16490
         814    1.6e+05     17765 17773.8 17773.9    17763    1274    1274   16489
         815    1.6e+05     17765 17773.8 17773.8    17761    1274    1274   16487
         816    1.6e+05     17765 17773.8 17773.9    17762    1274    1274   16488
         817    1.6e+05     17765 17773.8 17773.8    17763    1274    1274   16489
         818    1.6e+05     17765 17773.8 17773.9    17762    1274    1274   16488
         819    1.6e+05     17765 17773.8 17773.8    17763    1274    1274   16489
         820    1.6e+05     17765 17773.8 17773.9    17762    1274    1274   16488
         821    1.6e+05     17765 17773.8 17773.8    17763    1274    1274   16489
         822    1.6e+05     17765 17773.8 17773.9    17760    1274    1274   16486
         823    1.6e+05     17765 17773.8 17773.8    17762    1274    1274   16488
         824    1.6e+05     17765 17773.8 17773.9    17761    1274    1274   16487
         825    1.6e+05     17765 17773.8 17773.8    17763    1274    1274   16489
         826    1.6e+05     17765 17773.8 17773.9    17762    1274    1274   16488
         827    1.6e+05     17765 17773.8 17773.8    17762    1274    1274   16488
         828    1.6e+05     17765 17773.8 17773.9    17762    1274    1274   16488
         829    1.6e+05     17765 17773.8 17773.8    17762    1274    1274   16488
         830    1.6e+05     17765 17773.8 17773.9    17762    1274    1274   16488
         831    1.6e+05     17765 17773.8 17773.8    17762    1274    1274   16488
         832    1.6e+05     17765 17773.8 17773.9    17761    1274    1274   16487
         833    1.6e+05     17765 17773.8 17773.8    17763    1274    1274   16489
         834    1.6e+05     17765 17773.8 17773.9    17762    1274    1274   16488
         835    1.6e+05     17765 17773.8 17773.8    17762    1274    1274   16488
         836    1.6e+05     17765 17773.8 17773.9    17761    1274    1274   16487
         837    1.6e+05     17765 17773.8 17773.8    17763    1274    1274   16489
         838    1.6e+05     17765 17773.8 17773.9    17761    1274    1274   16487
         839    1.6e+05     17765 17773.8 17773.8    17763    1274    1274   16489
         840    1.6e+05     17765 17773.8 17773.9    17760    1274    1274   16486
         841    1.6e+05     17765 17773.8 17773.8    17762    1274    1274   16488
         842    1.6e+05     17765 17773.8 17773.9    17762    1274    1274   16488
         843    1.6e+05     17765 17773.8 17773.8    17763    1274    1274   16489
         844    1.6e+05     17765 17773.8 17773.9    17761    1274    1274   16487
         845    1.6e+05     17765 17773.8 17773.8    17763    1274    1274   16489
         846    1.6e+05     17765 17773.8 17773.9    17760    1274    1274   16486
         847    1.6e+05     17765 17773.8 17773.8    17763    1274    1274   16489
         848    1.6e+05     17765 17773.8 17773.9    17761    1274    1274   16487
         849    1.6e+05     17765 17773.8 17773.8    17762    1274    1274   16488
         850    1.6e+05     17765 17773.8 17773.8    17762    1274    1274   16488
         851    1.6e+05     17765 17773.8 17773.8    17762    1274    1274   16488
         852    1.6e+05     17765 17773.8 17773.8    17763    1274    1274   16489
         853    1.6e+05     17765 17773.8 17773.8    17761    1274    1274   16487
         854    1.6e+05     17765 17773.8 17773.8    17762    1274    1274   16488
         855    1.6e+05     17765 17773.8 17773.8    17761    1274    1274   16487
         856    1.6e+05     17765 17773.8 17773.8    17762    1274    1274   16488
         857    1.6e+05     17765 17773.8 17773.8    17761    1274    1274   16487
         858    1.6e+05     17765 17773.8 17773.8    17763    1274    1274   16489
         859    1.6e+05     17765 17773.8 17773.8    17762    1274    1274   16488
         860    1.6e+05     17765 17773.8 17773.8    17763    1274    1274   16489
         861    1.6e+05     17765 17773.8 17773.8    17761    1274    1274   16487
         862    1.6e+05     17765 17773.8 17773.8    17763    1274    1274   16489
         863    1.6e+05     17765 17773.8 17773.8    17761    1274    1274   16487
         864    1.6e+05     17765 17773.8 17773.8    17762    1274    1274   16488
         865    1.6e+05     17765 17773.8 17773.8    17761    1274    1274   16487
         866    1.6e+05     17765 17773.8 17773.8    17762    1274    1274   16488
         867    1.6e+05     17765 17773.8 17773.8    17761    1274    1274   16487
         868    1.6e+05     17765 17773.8 17773.8    17762    1274    1274   16488
         869    1.6e+05     17765 17773.8 17773.8    17762    1274    1274   16488
         870    1.6e+05     17765 17773.8 17773.8    17762    1274    1274   16488
         871    1.6e+05     17765 17773.8 17773.8    17762    1274    1274   16488
         872    1.6e+05     17765 17773.8 17773.8    17763    1274    1274   16489
         873    1.6e+05     17765 17773.8 17773.8    17762    1274    1274   16488
         874    1.6e+05     17765 17773.8 17773.8    17763    1274    1274   16489
         875    1.6e+05     17765 17773.8 17773.8    17762    1274    1274   16488
         876    1.6e+05     17765 17773.8 17773.8    17763    1274    1274   16489
         877    1.6e+05     17765 17773.8 17773.8    17762    1274    1274   16488
         878    1.6e+05     17765 17773.8 17773.8    17763    1274    1274   16489
         879    1.6e+05     17765 17773.8 17773.8    17762    1274    1274   16488
         880    1.6e+05     17765 17773.8 17773.8    17762    1274    1274   16488
         881    1.6e+05     17765 17773.8 17773.8    17762    1274    1274   16488
         882    1.6e+05     17765 17773.8 17773.8    17763    1274    1274   16489
         883    1.6e+05     17765 17773.8 17773.8    17760    1274    1274   16486
         884    1.6e+05     17765 17773.8 17773.8    17763    1274    1274   16489
         885    1.6e+05     17765 17773.8 17773.8    17760    1274    1274   16486
         886    1.6e+05     17765 17773.8 17773.8    17763    1274    1274   16489
         887    1.6e+05     17765 17773.8 17773.8    17760    1274    1274   16486
         888    1.6e+05     17765 17773.8 17773.9    17763    1274    1274   16489
         889    1.6e+05     17765 17773.8 17773.8    17760    1274    1274   16486
         890    1.6e+05     17765 17773.8 17773.8    17763    1274    1274   16489
         891    1.6e+05     17765 17773.8 17773.8    17760    1274    1274   16486
         892    1.6e+05     17765 17773.8 17773.9    17763    1274    1274   16489
         893    1.6e+05     17765 17773.8 17773.8    17760    1274    1274   16486
         894    1.6e+05     17765 17773.8 17773.8    17763    1274    1274   16489
         895    1.6e+05     17765 17773.8 17773.8    17760    1274    1274   16486
         896    1.6e+05     17765 17773.8 17773.9    17763    1274    1274   16489
               reducing step to 0.0015625
         897    1.6e+05     17765 17773.6 17773.6    17764    1274    1274   16490
         898    1.6e+05     17765 17773.5 17773.5    17764    1274    1274   16490
         899    1.6e+05     17765 17773.5 17773.5    17763    1274    1274   16489
         900    1.6e+05     17765 17773.4 17773.4    17762    1274    1274   16488
         901    1.6e+05     17765 17773.4 17773.4    17763    1274    1274   16489
         902    1.6e+05     17765 17773.4 17773.4    17760    1274    1274   16486
         903    1.6e+05     17765 17773.4 17773.4    17763    1274    1274   16489
         904    1.6e+05     17765 17773.4 17773.4    17760    1274    1274   16486
         905    1.6e+05     17765 17773.4 17773.4    17763    1274    1274   16489
         906    1.6e+05     17765 17773.4 17773.4    17760    1274    1274   16486
         907    1.6e+05     17765 17773.4 17773.4    17764    1274    1274   16490
         908    1.6e+05     17765 17773.4 17773.4    17759    1274    1274   16485
         909    1.6e+05     17765 17773.4 17773.4    17763    1274    1274   16489
         910    1.6e+05     17765 17773.4 17773.4    17760    1274    1274   16486
         911    1.6e+05     17765 17773.4 17773.4    17762    1274    1274   16488
         912    1.6e+05     17765 17773.4 17773.4    17758    1274    1274   16484
         913    1.6e+05     17765 17773.4 17773.4    17762    1274    1274   16488
         914    1.6e+05     17765 17773.4 17773.4    17758    1274    1274   16484
         915    1.6e+05     17765 17773.4 17773.4    17764    1274    1274   16490
         916    1.6e+05     17765 17773.4 17773.4    17760    1274    1274   16486
         917    1.6e+05     17765 17773.4 17773.4    17764    1274    1274   16490
         918    1.6e+05     17765 17773.4 17773.4    17759    1274    1274   16485
         919    1.6e+05     17765 17773.4 17773.4    17764    1274    1274   16490
         920    1.6e+05     17765 17773.4 17773.4    17760    1274    1274   16486
         921    1.6e+05     17765 17773.4 17773.4    17763    1274    1274   16489
         922    1.6e+05     17765 17773.4 17773.4    17758    1274    1274   16484
         923    1.6e+05     17765 17773.4 17773.4    17764    1274    1274   16490
         924    1.6e+05     17765 17773.4 17773.4    17759    1274    1274   16485
         925    1.6e+05     17765 17773.4 17773.4    17762    1274    1274   16488
         926    1.6e+05     17765 17773.4 17773.4    17758    1274    1274   16484
         927    1.6e+05     17765 17773.4 17773.4    17764    1274    1274   16490
         928    1.6e+05     17765 17773.4 17773.4    17760    1274    1274   16486
         929    1.6e+05     17765 17773.4 17773.4    17764    1274    1274   16490
         930    1.6e+05     17765 17773.4 17773.4    17759    1274    1274   16485
         931    1.6e+05     17765 17773.4 17773.4    17765    1274    1274   16491
         932    1.6e+05     17765 17773.4 17773.4    17760    1274    1274   16486
         933    1.6e+05     17765 17773.4 17773.4    17764    1274    1274   16490
         934    1.6e+05     17765 17773.4 17773.4    17759    1274    1274   16485
         935    1.6e+05     17765 17773.4 17773.4    17765    1274    1274   16491
         936    1.6e+05     17765 17773.4 17773.4    17760    1274    1274   16486
         937    1.6e+05     17765 17773.4 17773.4    17763    1274    1274   16489
         938    1.6e+05     17765 17773.4 17773.4    17759    1274    1274   16485
         939    1.6e+05     17765 17773.4 17773.4    17763    1274    1274   16489
         940    1.6e+05     17765 17773.4 17773.4    17760    1274    1274   16486
         941    1.6e+05     17765 17773.4 17773.4    17761    1274    1274   16487
         942    1.6e+05     17765 17773.4 17773.4    17759    1274    1274   16485
         943    1.6e+05     17765 17773.4 17773.4    17762    1274    1274   16488
         944    1.6e+05     17765 17773.4 17773.4    17760    1274    1274   16486
         945    1.6e+05     17765 17773.4 17773.4    17761    1274    1274   16487
         946    1.6e+05     17765 17773.4 17773.4    17758    1274    1274   16484
         947    1.6e+05     17765 17773.4 17773.4    17762    1274    1274   16488
         948    1.6e+05     17765 17773.4 17773.4    17759    1274    1274   16485
         949    1.6e+05     17765 17773.4 17773.4    17761    1274    1274   16487
         950    1.6e+05     17765 17773.4 17773.4    17758    1274    1274   16484
         951    1.6e+05     17765 17773.4 17773.4    17762    1274    1274   16488
         952    1.6e+05     17765 17773.4 17773.4    17759    1274    1274   16485
         953    1.6e+05     17765 17773.4 17773.4    17761    1274    1274   16487
         954    1.6e+05     17765 17773.4 17773.4    17758    1274    1274   16484
         955    1.6e+05     17765 17773.4 17773.4    17762    1274    1274   16488
               reducing step to 0.00078125
         956    1.6e+05     17765 17773.3 17773.3    17762    1274    1274   16488
         957    1.6e+05     17765 17773.2 17773.2    17763    1274    1274   16489
         958    1.6e+05     17765 17773.2 17773.2    17764    1274    1274   16490
         959    1.6e+05     17765 17773.2 17773.2    17762    1274    1274   16488
         960    1.6e+05     17765 17773.2 17773.2    17762    1274    1274   16488
         961    1.6e+05     17765 17773.2 17773.2    17762    1274    1274   16488
         962    1.6e+05     17765 17773.2 17773.2    17763    1274    1274   16489
         963    1.6e+05     17765 17773.2 17773.2    17759    1274    1274   16485
         964    1.6e+05     17765 17773.2 17773.2    17762    1274    1274   16488
         965    1.6e+05     17765 17773.2 17773.2    17759    1274    1274   16485
         966    1.6e+05     17765 17773.2 17773.2    17763    1274    1274   16489
         967    1.6e+05     17765 17773.2 17773.2    17760    1274    1274   16486
         968    1.6e+05     17765 17773.2 17773.2    17762    1274    1274   16488
         969    1.6e+05     17765 17773.2 17773.2    17760    1274    1274   16486
         970    1.6e+05     17765 17773.2 17773.2    17762    1274    1274   16488
         971    1.6e+05     17765 17773.2 17773.2    17760    1274    1274   16486
         972    1.6e+05     17765 17773.2 17773.2    17762    1274    1274   16488
         973    1.6e+05     17765 17773.2 17773.2    17760    1274    1274   16486
         974    1.6e+05     17765 17773.2 17773.2    17763    1274    1274   16489
         975    1.6e+05     17765 17773.2 17773.2    17761    1274    1274   16487
         976    1.6e+05     17765 17773.2 17773.2    17763    1274    1274   16489
         977    1.6e+05     17765 17773.2 17773.2    17760    1274    1274   16486
         978    1.6e+05     17765 17773.2 17773.2    17763    1274    1274   16489
         979    1.6e+05     17765 17773.2 17773.2    17760    1274    1274   16486
         980    1.6e+05     17765 17773.2 17773.2    17762    1274    1274   16488
         981    1.6e+05     17765 17773.2 17773.2    17760    1274    1274   16486
         982    1.6e+05     17765 17773.2 17773.2    17762    1274    1274   16488
         983    1.6e+05     17765 17773.2 17773.2    17760    1274    1274   16486
         984    1.6e+05     17765 17773.2 17773.2    17762    1274    1274   16488
         985    1.6e+05     17765 17773.2 17773.2    17761    1274    1274   16487
         986    1.6e+05     17765 17773.2 17773.2    17762    1274    1274   16488
         987    1.6e+05     17765 17773.2 17773.2    17761    1274    1274   16487
         988    1.6e+05     17765 17773.2 17773.2    17763    1274    1274   16489
         989    1.6e+05     17765 17773.2 17773.2    17760    1274    1274   16486
         990    1.6e+05     17765 17773.2 17773.2    17763    1274    1274   16489
         991    1.6e+05     17765 17773.2 17773.2    17761    1274    1274   16487
         992    1.6e+05     17765 17773.2 17773.2    17763    1274    1274   16489
         993    1.6e+05     17765 17773.2 17773.2    17761    1274    1274   16487
         994    1.6e+05     17765 17773.2 17773.2    17763    1274    1274   16489
         995    1.6e+05     17765 17773.2 17773.2    17761    1274    1274   16487
         996    1.6e+05     17765 17773.2 17773.2    17762    1274    1274   16488
         997    1.6e+05     17765 17773.2 17773.2    17761    1274    1274   16487
         998    1.6e+05     17765 17773.2 17773.2    17763    1274    1274   16489
         999    1.6e+05     17765 17773.2 17773.2    17758    1274    1274   16484
        1000    1.6e+05     17765 17773.2 17773.2    17763    1274    1274   16489
Total time used by klau is 484.24
true_align (3890) and est_align (1274) DO NOT have the same number of elements.
method klau has a score of 23.44%
method klau used 484.236 seconds.
maximum values in init align row is:  3889
maximum values in init align col is:  3887
 best   iter   pr-delta       obj  weight    card overlap
    *      1    6.1e-01   13390.5    1281    1281   12750
    *      2    1.9e-01   14015.5    1281    1281   13375
           3    6.5e-02   13757.5    1281    1281   13117
           4    2.4e-02   13909.5    1281    1281   13269
           5    8.9e-03   13915.5    1281    1281   13275
           6    3.5e-03   13931.5    1281    1281   13291
           7    1.4e-03   13931.5    1281    1281   13291
           8    5.5e-04   13931.5    1281    1281   13291
           9    2.2e-04   13931.5    1281    1281   13291
          10    9.5e-05   13926.5    1281    1281   13286
          11    4.1e-05   13926.5    1281    1281   13286
          12    1.9e-05   13926.5    1281    1281   13286
          13    8.7e-06   13926.5    1281    1281   13286
          14    4.4e-06   13926.5    1281    1281   13286
          15    2.3e-06   13926.5    1281    1281   13286
          16    1.3e-06   13926.5    1281    1281   13286
          17    7.6e-07   13926.5    1281    1281   13286
          18    4.7e-07   13926.5    1281    1281   13286
          19    2.9e-07   13926.5    1281    1281   13286
          20    1.8e-07   13926.5    1281    1281   13286
          21    1.2e-07   13926.5    1281    1281   13286
          22    7.7e-08   13926.5    1281    1281   13286
          23    5.0e-08   13926.5    1281    1281   13286
          24    3.3e-08   13926.5    1281    1281   13286
          25    2.1e-08   13926.5    1281    1281   13286
          26    1.4e-08   13926.5    1281    1281   13286
          27    9.2e-09   13926.5    1281    1281   13286
          28    6.1e-09   13926.5    1281    1281   13286
          29    4.0e-09   13926.5    1281    1281   13286
          30    2.6e-09   13926.5    1281    1281   13286
          31    1.7e-09   13926.5    1281    1281   13286
          32    1.2e-09   13926.5    1281    1281   13286
          33    7.6e-10   13926.5    1281    1281   13286
          34    5.1e-10   13926.5    1281    1281   13286
          35    3.4e-10   13926.5    1281    1281   13286
          36    2.2e-10   13926.5    1281    1281   13286
          37    1.5e-10   13926.5    1281    1281   13286
          38    9.8e-11   13926.5    1281    1281   13286
          39    6.5e-11   13926.5    1281    1281   13286
          40    4.3e-11   13926.5    1281    1281   13286
          41    2.9e-11   13926.5    1281    1281   13286
          42    1.9e-11   13926.5    1281    1281   13286
          43    1.3e-11   13926.5    1281    1281   13286
          44    8.4e-12   13926.5    1281    1281   13286
          45    5.6e-12   13926.5    1281    1281   13286
          46    3.7e-12   13926.5    1281    1281   13286
          47    2.5e-12   13926.5    1281    1281   13286
          48    1.6e-12   13926.5    1281    1281   13286
          49    1.1e-12   13926.5    1281    1281   13286
          50    7.2e-13   13926.5    1281    1281   13286
Total time used by isorank is 5.78
true_align (3890) and est_align (1281) DO NOT have the same number of elements.
method isorank has a score of 8.87%
method isorank used 5.783 seconds.
experiment results:
     method      score        time
0  netalign  23.444730   22.328589
1      klau  23.444730  484.235860
2   isorank   8.868895    5.783478
