Permutation sanity check error is 760.0.
Permutation sanity check error is 151312.0.
num_init for this graph is 12
Generating initial alignment matrix using degree ...
mode is  degree
number of noisy edges are:  12
Average number of initial alignments for each node is 24
maximum values in init align row is:  3889
maximum values in init align col is:  3884
Recovering sparse matrix L took 0.03 sec.
Time for degree: 0.04 sec
iteration 1
Time for iteration 1: 0.90 sec, diff = 0.29099
iteration 2
Time for iteration 2: 2.67 sec, diff = 0.01963
iteration 3
Time for iteration 3: 2.71 sec, diff = 0.00468
iteration 4
Time for iteration 4: 2.70 sec, diff = 0.00167
iteration 5
Time for iteration 5: 2.70 sec, diff = 0.00073
iteration 6
Time for iteration 6: 2.69 sec, diff = 0.00036
iteration 7
Time for iteration 7: 2.70 sec, diff = 0.00019
iteration 8
Time for iteration 8: 2.69 sec, diff = 0.00011
iteration 9
Time for iteration 9: 2.70 sec, diff = 0.00006
iteration 10
Time for iteration 10: 2.72 sec, diff = 0.00004
iteration 11
Time for iteration 11: 2.75 sec, diff = 0.00002
iteration 12
Time for iteration 12: 2.71 sec, diff = 0.00001
iteration 13
Time for iteration 13: 2.72 sec, diff = 0.00001
Total time used by final is 36.03 sec.
true_align and est_align have the same number of elements.
method final has a score of 41.47%
method final used 36.032 seconds.
maximum values in init align row is:  3889
maximum values in init align col is:  3884
best   iter    obj_ma wght_ma card_ma over_ma    obj_mb wght_mb card_mb over_mb
  *a      1     16685    1283    1283   15402     16685    1283    1283   15402
          2      3054     807     807    2247      3487     788     788    2699
          3      9827    1202    1202    8625      8764     960     960    7804
          4      4646    1062    1062    3584      4625     971     971    3654
          5     12743    1219    1219   11524     12272    1043    1043   11229
          6     15744    1273    1273   14471     15806    1258    1258   14548
  *b      7     17000    1260    1260   15740     17054    1195    1195   15859
          8      9383    1203    1203    8180      9575    1143    1143    8432
          9      6859     964     964    5895      5429     574     574    4855
         10     11764    1246    1246   10518     11679    1205    1205   10474
         11      9074    1062    1062    8012      8483     848     848    7635
         12      9622    1207    1207    8415      9766    1106    1106    8660
         13      5219     916     916    4303      4555     628     628    3927
         14      9911    1223    1223    8688      9542    1133    1133    8409
         15      6707    1008    1008    5699      6030     763     763    5267
         16     10464    1233    1233    9231     10403    1138    1138    9265
         17      7512    1037    1037    6475      6847     797     797    6050
         18     10940    1236    1236    9704     10863    1145    1145    9718
         19      8769    1093    1093    7676      7817     859     859    6958
         20     11692    1242    1242   10450     11478    1159    1159   10319
         21     11032    1152    1152    9880     10338     978     978    9360
         22     12202    1246    1246   10956     12152    1179    1179   10973
         23     13843    1214    1214   12629     13558    1069    1069   12489
         24     12883    1249    1249   11634     12910    1175    1175   11735
         25     16388    1264    1264   15124     16175    1143    1143   15032
         26     14152    1257    1257   12895     14259    1206    1206   13053
         27     15798    1265    1265   14533     15782    1165    1165   14617
         28     16027    1264    1264   14763     15929    1196    1196   14733
         29     16284    1268    1268   15016     16200    1237    1237   14963
  *a     30     17094    1274    1274   15820     17058    1259    1259   15799
  *a     31     17455    1276    1276   16179     17430    1264    1264   16166
  *a     32     17626    1277    1277   16349     17601    1267    1267   16334
  *a     33     17639    1277    1277   16362     17610    1264    1264   16346
  *a     34     17640    1277    1277   16363     17618    1266    1266   16352
  *a     35     17643    1277    1277   16366     17617    1265    1265   16352
  *a     36     17646    1277    1277   16369     17620    1266    1266   16354
  *a     37     17647    1277    1277   16370     17632    1272    1272   16360
         38     17645    1277    1277   16368     17634    1272    1272   16362
         39     17645    1277    1277   16368     17642    1274    1274   16368
         40     17645    1277    1277   16368     17642    1274    1274   16368
         41     17645    1277    1277   16368     17645    1276    1276   16369
         42     17647    1277    1277   16370     17645    1276    1276   16369
         43     17647    1277    1277   16370     17645    1276    1276   16369
         44     17647    1277    1277   16370     17647    1277    1277   16370
         45     17647    1277    1277   16370     17647    1277    1277   16370
         46     17647    1277    1277   16370     17647    1277    1277   16370
         47     17647    1277    1277   16370     17647    1277    1277   16370
         48     17647    1277    1277   16370     17647    1277    1277   16370
         49     17647    1277    1277   16370     17647    1277    1277   16370
         50     17647    1277    1277   16370     17647    1277    1277   16370
         51     17647    1277    1277   16370     17647    1277    1277   16370
         52     17647    1277    1277   16370     17647    1277    1277   16370
         53     17647    1277    1277   16370     17647    1277    1277   16370
         54     17647    1277    1277   16370     17647    1277    1277   16370
         55     17647    1277    1277   16370     17647    1277    1277   16370
         56     17647    1277    1277   16370     17645    1276    1276   16369
         57     17647    1277    1277   16370     17645    1276    1276   16369
         58     17647    1277    1277   16370     17645    1276    1276   16369
         59     17647    1277    1277   16370     17647    1277    1277   16370
         60     17647    1277    1277   16370     17647    1277    1277   16370
         61     17647    1277    1277   16370     17647    1277    1277   16370
         62     17647    1277    1277   16370     17647    1277    1277   16370
         63     17647    1277    1277   16370     17647    1277    1277   16370
         64     17647    1277    1277   16370     17647    1277    1277   16370
         65     17647    1277    1277   16370     17647    1277    1277   16370
         66     17647    1277    1277   16370     17647    1277    1277   16370
         67     17647    1277    1277   16370     17647    1277    1277   16370
         68     17647    1277    1277   16370     17647    1277    1277   16370
         69     17647    1277    1277   16370     17647    1277    1277   16370
         70     17647    1277    1277   16370     17647    1277    1277   16370
         71     17647    1277    1277   16370     17647    1277    1277   16370
         72     17647    1277    1277   16370     17647    1277    1277   16370
         73     17647    1277    1277   16370     17647    1277    1277   16370
         74     17647    1277    1277   16370     17647    1277    1277   16370
         75     17647    1277    1277   16370     17647    1277    1277   16370
         76     17647    1277    1277   16370     17647    1277    1277   16370
         77     17647    1277    1277   16370     17647    1277    1277   16370
         78     17647    1277    1277   16370     17647    1277    1277   16370
         79     17647    1277    1277   16370     17647    1277    1277   16370
         80     17647    1277    1277   16370     17647    1277    1277   16370
         81     17647    1277    1277   16370     17647    1277    1277   16370
         82     17647    1277    1277   16370     17647    1277    1277   16370
         83     17647    1277    1277   16370     17647    1277    1277   16370
         84     17647    1277    1277   16370     17647    1277    1277   16370
         85     17647    1277    1277   16370     17647    1277    1277   16370
         86     17647    1277    1277   16370     17647    1277    1277   16370
         87     17647    1277    1277   16370     17647    1277    1277   16370
         88     17647    1277    1277   16370     17647    1277    1277   16370
         89     17647    1277    1277   16370     17647    1277    1277   16370
         90     17647    1277    1277   16370     17647    1277    1277   16370
         91     17647    1277    1277   16370     17647    1277    1277   16370
         92     17647    1277    1277   16370     17647    1277    1277   16370
         93     17647    1277    1277   16370     17647    1277    1277   16370
         94     17647    1277    1277   16370     17647    1277    1277   16370
         95     17647    1277    1277   16370     17647    1277    1277   16370
         96     17647    1277    1277   16370     17647    1277    1277   16370
         97     17647    1277    1277   16370     17647    1277    1277   16370
         98     17647    1277    1277   16370     17647    1277    1277   16370
         99     17647    1277    1277   16370     17647    1277    1277   16370
        100     17647    1277    1277   16370     17647    1277    1277   16370
Total time used by netalign is 22.62
true_align (3890) and est_align (1277) DO NOT have the same number of elements.
method netalign has a score of 23.21%
method netalign used 22.621 seconds.
maximum values in init align row is:  3889
maximum values in init align col is:  3884
 best   iter     norm-u     lower   upper     cur      obj  weight    card overlap
    *      1    0.0e+00     17192 19632.5 19632.5    17192    1283    1283   15909
           2    1.2e+04     17192 19632.5 21088.9    16140    1283    1283   14857
           3    1.8e+04     17192 19632.5 20254.6    14722    1283    1283   13439
           4    2.4e+04     17192 19632.5 20438.7    14253    1283    1283   12970
           5    2.9e+04     17192 19632.5 20271.4    11759    1283    1283   10476
           6    3.3e+04     17192 19632.5 20424.1    11819    1283    1283   10536
           7    3.8e+04     17192 19632.5 20395.6    10075    1283    1283    8792
           8    4.2e+04     17192 19632.5 20461.5    10319    1283    1283    9036
           9    4.6e+04     17192 19632.5 20383.4     9960    1283    1283    8677
          10    5.0e+04     17192 19632.5 20364.2     9169    1283    1283    7886
          11    5.3e+04     17192 19632.5 20377.4     9820    1283    1283    8537
          12    5.7e+04     17192 19632.5 20294.7     9229    1283    1283    7946
          13    6.0e+04     17192 19632.5 20413.6     8665    1283    1283    7382
          14    6.3e+04     17192 19632.5 20298.1     9203    1283    1283    7920
          15    6.7e+04     17192 19632.5 20368.1     8809    1283    1283    7526
          16    7.0e+04     17192 19632.5 20360.1     9112    1283    1283    7829
          17    7.3e+04     17192 19632.5 20377.1     8599    1283    1283    7316
          18    7.6e+04     17192 19632.5 20365.5     8732    1283    1283    7449
          19    7.8e+04     17192 19632.5 20327.4     8414    1283    1283    7131
          20    8.1e+04     17192 19632.5 20372.8     8606    1283    1283    7323
          21    8.4e+04     17192 19632.5 20397.5     8416    1283    1283    7133
          22    8.6e+04     17192 19632.5 20353.4     8574    1283    1283    7291
          23    8.9e+04     17192 19632.5 20389.9     8632    1283    1283    7349
          24    9.1e+04     17192 19632.5 20383.9     8141    1283    1283    6858
          25    9.3e+04     17192 19632.5 20350.7     8397    1283    1283    7114
          26    9.6e+04     17192 19632.5 20356.6     8567    1283    1283    7284
               reducing step to 0.2
          27    9.7e+04     17192 19581.9 19581.9     9956    1283    1283    8673
          28    9.8e+04     17192 19371.9 19371.9     8625    1283    1283    7342
          29    9.9e+04     17192 19371.9   19410     8196    1283    1283    6913
          30    1.0e+05     17192   19205   19205     8455    1283    1283    7172
          31    1.0e+05     17192   19205 19265.3     7660    1283    1283    6377
          32    1.0e+05     17192 19121.1 19121.1     8558    1283    1283    7275
          33    1.0e+05     17192 19121.1 19177.6     8348    1283    1283    7065
          34    1.0e+05     17192 19106.5 19106.5     8547    1283    1283    7264
          35    1.0e+05     17192 19106.5 19136.4     8291    1283    1283    7008
          36    1.0e+05     17192 19080.1 19080.1     8727    1283    1283    7444
          37    1.1e+05     17192 19074.3 19074.3     8199    1283    1283    6916
          38    1.1e+05     17192 18999.6 18999.6     8998    1283    1283    7715
          39    1.1e+05     17192 18999.6 19009.1     8946    1283    1283    7663
          40    1.1e+05     17192 18990.3 18990.3     8663    1283    1283    7380
          41    1.1e+05     17192 18982.2 18982.2     8492    1283    1283    7209
          42    1.1e+05     17192 18937.6 18937.6     8900    1283    1283    7617
          43    1.1e+05     17192 18937.6 18938.9     8927    1283    1283    7644
          44    1.1e+05     17192 18935.9 18935.9     9544    1283    1283    8261
          45    1.1e+05     17192 18887.4 18887.4     8789    1283    1283    7506
          46    1.1e+05     17192 18887.4 18916.6     8907    1283    1283    7624
          47    1.1e+05     17192 18872.8 18872.8     9728    1283    1283    8445
          48    1.1e+05     17192 18845.9 18845.9     8951    1283    1283    7668
          49    1.1e+05     17192 18845.9 18884.5     9384    1283    1283    8101
          50    1.1e+05     17192 18815.2 18815.2     9472    1283    1283    8189
          51    1.1e+05     17192 18815.2 18869.4     8948    1283    1283    7665
          52    1.1e+05     17192 18815.2 18829.3     9406    1283    1283    8123
          53    1.1e+05     17192 18786.9 18786.9     9535    1283    1283    8252
          54    1.2e+05     17192 18786.9 18816.4     9153    1282    1282    7871
          55    1.2e+05     17192 18786.9 18793.9    10064    1283    1283    8781
          56    1.2e+05     17192 18773.2 18773.2     9174    1283    1283    7891
          57    1.2e+05     17192 18767.9 18767.9     9259    1282    1282    7977
          58    1.2e+05     17192 18767.9   18772    10281    1282    1282    8999
          59    1.2e+05     17192   18733   18733    10223    1283    1283    8940
          60    1.2e+05     17192   18733 18761.5     9702    1282    1282    8420
          61    1.2e+05     17192   18733 18734.4    10037    1283    1283    8754
          62    1.2e+05     17192 18677.6 18677.6    10486    1283    1283    9203
          63    1.2e+05     17192 18677.6 18726.9     9577    1281    1281    8296
          64    1.2e+05     17192 18677.6 18726.3    10094    1283    1283    8811
          65    1.2e+05     17192 18677.6 18734.6    10285    1282    1282    9003
          66    1.2e+05     17192 18677.6 18706.9    10135    1283    1283    8852
          67    1.2e+05     17192 18677.6 18711.4     9571    1282    1282    8289
          68    1.2e+05     17192 18675.2 18675.2    10539    1282    1282    9257
          69    1.2e+05     17192 18656.2 18656.2    10196    1282    1282    8914
          70    1.2e+05     17192 18656.2 18688.8    10217    1282    1282    8935
          71    1.2e+05     17192   18622   18622    10013    1283    1283    8730
          72    1.2e+05     17192   18622 18655.1    10058    1282    1282    8776
          73    1.2e+05     17192   18622 18635.6    10621    1282    1282    9339
          74    1.2e+05     17192   18622 18639.6    10579    1283    1283    9296
          75    1.2e+05     17192   18622   18674    10755    1282    1282    9473
          76    1.2e+05     17192   18622 18625.2    10390    1282    1282    9108
          77    1.3e+05     17192   18622 18712.2    10320    1282    1282    9038
          78    1.3e+05     17192 18617.5 18617.5    10631    1281    1281    9350
          79    1.3e+05     17192 18617.5 18656.2    10629    1282    1282    9347
          80    1.3e+05     17192 18589.5 18589.5    10423    1281    1281    9142
          81    1.3e+05     17192 18589.5 18658.9    10728    1282    1282    9446
          82    1.3e+05     17192 18589.5 18590.1    10871    1282    1282    9589
          83    1.3e+05     17192 18589.5 18620.7    10874    1282    1282    9592
          84    1.3e+05     17192 18574.8 18574.8    10669    1280    1280    9389
          85    1.3e+05     17192 18574.8 18656.7    10647    1283    1283    9364
          86    1.3e+05     17192 18574.8   18583    11124    1282    1282    9842
          87    1.3e+05     17192 18574.8 18658.2    10984    1280    1280    9704
          88    1.3e+05     17192 18547.7 18547.7    10306    1282    1282    9024
          89    1.3e+05     17192 18547.7 18705.7    10409    1282    1282    9127
          90    1.3e+05     17192 18525.9 18525.9    10362    1281    1281    9081
          91    1.3e+05     17192 18525.9 18637.7    10598    1283    1283    9315
          92    1.3e+05     17192 18525.9 18530.7    10504    1281    1281    9223
          93    1.3e+05     17192 18525.9 18668.7    10413    1282    1282    9131
          94    1.3e+05     17192 18525.9 18527.1    10609    1282    1282    9327
          95    1.3e+05     17192 18525.9 18609.3    11040    1282    1282    9758
          96    1.3e+05     17192 18510.4 18510.4    10557    1280    1280    9277
          97    1.3e+05     17192 18510.4 18695.8    10883    1283    1283    9600
          98    1.3e+05     17192 18480.3 18480.3    11002    1281    1281    9721
          99    1.3e+05     17192 18480.3 18685.9    10995    1283    1283    9712
         100    1.3e+05     17192 18480.3 18485.8    10987    1281    1281    9706
         101    1.3e+05     17192 18480.3 18616.4    10900    1281    1281    9619
         102    1.3e+05     17192 18480.3 18485.7    10783    1282    1282    9501
         103    1.3e+05     17192 18480.3 18613.2    10719    1282    1282    9437
         104    1.3e+05     17192 18480.3   18484    10860    1281    1281    9579
         105    1.3e+05     17192 18480.3 18606.3    10750    1283    1283    9467
         106    1.3e+05     17192 18441.2 18441.2    10549    1280    1280    9269
         107    1.4e+05     17192 18441.2 18624.9    11084    1282    1282    9802
         108    1.4e+05     17192 18441.2 18492.7    11278    1283    1283    9995
         109    1.4e+05     17192 18441.2   18612    11326    1281    1281   10045
         110    1.4e+05     17192 18441.2 18455.2    11226    1280    1280    9946
         111    1.4e+05     17192 18441.2 18612.3    11108    1282    1282    9826
         112    1.4e+05     17192 18441.2 18447.4    11165    1283    1283    9882
         113    1.4e+05     17192 18441.2 18594.7    11530    1282    1282   10248
         114    1.4e+05     17192 18425.8 18425.8    11307    1281    1281   10026
         115    1.4e+05     17192 18425.8 18585.4    10209    1280    1280    8929
         116    1.4e+05     17192 18425.8 18485.3    11128    1281    1281    9847
         117    1.4e+05     17192 18425.8   18536    11072    1282    1282    9790
         118    1.4e+05     17192 18425.8 18444.8    11105    1282    1282    9823
         119    1.4e+05     17192 18425.8   18543    11371    1281    1281   10090
         120    1.4e+05     17192 18425.8 18432.4    11531    1281    1281   10250
         121    1.4e+05     17192 18425.8 18570.9    11525    1282    1282   10243
         122    1.4e+05     17192   18417   18417    10972    1282    1282    9690
         123    1.4e+05     17192   18417 18602.1    11057    1282    1282    9775
         124    1.4e+05     17192 18408.5 18408.5    11734    1282    1282   10452
         125    1.4e+05     17192 18408.5 18513.9    11891    1282    1282   10609
         126    1.4e+05     17192 18408.5   18423    11176    1282    1282    9894
         127    1.4e+05     17192 18408.5 18578.8    10957    1282    1282    9675
         128    1.4e+05     17192 18402.9 18402.9    11741    1282    1282   10459
         129    1.4e+05     17192 18402.9   18505    12150    1280    1280   10870
         130    1.4e+05     17192 18388.2 18388.2    12012    1282    1282   10730
         131    1.4e+05     17192 18388.2 18537.7    11695    1282    1282   10413
         132    1.4e+05     17192 18388.2 18421.4    12000    1280    1280   10720
         133    1.4e+05     17192 18388.2 18496.5    11784    1283    1283   10501
         134    1.4e+05     17192 18388.2 18396.7    11542    1282    1282   10260
         135    1.4e+05     17192 18388.2 18529.7    11596    1281    1281   10315
         136    1.4e+05     17192 18388.2 18390.4    12227    1281    1281   10946
         137    1.4e+05     17192 18388.2 18482.8    11444    1282    1282   10162
         138    1.4e+05     17192 18388.2 18435.4    11154    1281    1281    9873
         139    1.4e+05     17192 18388.2 18531.7    11764    1281    1281   10483
         140    1.4e+05     17192 18363.8 18363.8    11625    1281    1281   10344
         141    1.4e+05     17192 18363.8 18562.7    11200    1281    1281    9919
         142    1.4e+05     17192 18363.8 18375.2    11922    1282    1282   10640
         143    1.5e+05     17192 18363.8 18477.7    12300    1281    1281   11019
         144    1.5e+05     17192 18356.1 18356.1    11766    1281    1281   10485
         145    1.5e+05     17192 18356.1 18480.8    11903    1280    1280   10623
         146    1.5e+05     17192 18356.1 18422.6    11319    1282    1282   10037
         147    1.5e+05     17192 18356.1 18459.8    11643    1282    1282   10361
         148    1.5e+05     17192 18355.2 18355.2    12423    1280    1280   11143
         149    1.5e+05     17192 18355.2 18420.2    11628    1282    1282   10346
         150    1.5e+05     17192 18355.2 18408.7    11152    1281    1281    9871
         151    1.5e+05     17192 18355.2 18401.5    11517    1282    1282   10235
         152    1.5e+05     17192 18355.2 18425.7    11506    1282    1282   10224
         153    1.5e+05     17192 18355.2 18394.8    11646    1281    1281   10365
         154    1.5e+05     17192 18355.2 18399.6    11867    1283    1283   10584
         155    1.5e+05     17192 18355.2 18429.4    12017    1281    1281   10736
         156    1.5e+05     17192 18355.2 18367.8    11898    1281    1281   10617
         157    1.5e+05     17192 18355.2 18541.8    11729    1280    1280   10449
         158    1.5e+05     17192   18326   18326    12581    1282    1282   11299
         159    1.5e+05     17192   18326 18360.6    11738    1281    1281   10457
         160    1.5e+05     17192   18326   18458    11724    1280    1280   10444
         161    1.5e+05     17192   18326 18388.3    12059    1282    1282   10777
         162    1.5e+05     17192   18326 18381.4    11943    1281    1281   10662
         163    1.5e+05     17192   18326 18372.1    12259    1282    1282   10977
         164    1.5e+05     17192   18326 18337.4    12283    1280    1280   11003
         165    1.5e+05     17192   18326   18473    11268    1281    1281    9987
         166    1.5e+05     17192   18326 18382.5    12060    1281    1281   10779
         167    1.5e+05     17192   18326 18396.6    12223    1282    1282   10941
         168    1.5e+05     17192   18326 18329.8    12679    1281    1281   11398
         169    1.5e+05     17192   18326 18383.6    11826    1281    1281   10545
         170    1.5e+05     17192   18326 18405.2    11480    1281    1281   10199
         171    1.5e+05     17192   18326 18345.7    12187    1279    1279   10908
         172    1.5e+05     17192   18326 18337.4    13160    1281    1281   11879
         173    1.5e+05     17192   18326   18341    11909    1282    1282   10627
         174    1.5e+05     17192   18326 18436.7    10972    1281    1281    9691
         175    1.5e+05     17192   18326 18373.1    11651    1282    1282   10369
         176    1.5e+05     17192   18326 18349.1    12353    1281    1281   11072
         177    1.5e+05     17192   18326 18367.9    12287    1280    1280   11007
         178    1.5e+05     17192   18326 18349.6    11713    1283    1283   10430
         179    1.5e+05     17192   18326 18421.6    11646    1282    1282   10364
         180    1.5e+05     17192   18326 18328.9    12054    1281    1281   10773
         181    1.5e+05     17192   18326 18435.4    11947    1282    1282   10665
         182    1.5e+05     17192 18306.9 18306.9    12000    1281    1281   10719
         183    1.5e+05     17192 18306.9 18386.5    11629    1282    1282   10347
         184    1.5e+05     17192 18306.9   18358    12086    1282    1282   10804
         185    1.6e+05     17192 18306.9 18309.1    13341    1281    1281   12060
         186    1.6e+05     17192 18299.8 18299.8    12485    1280    1280   11205
         187    1.6e+05     17192 18299.8 18371.9    11520    1282    1282   10238
         188    1.6e+05     17192 18299.8 18384.7    11954    1281    1281   10673
         189    1.6e+05     17192 18299.8 18359.8    12501    1281    1281   11220
         190    1.6e+05     17192 18299.8 18316.8    12165    1281    1281   10884
         191    1.6e+05     17192 18299.8 18382.5    11990    1281    1281   10709
         192    1.6e+05     17192 18299.8 18332.9    11782    1281    1281   10501
         193    1.6e+05     17192 18299.8 18381.9    11321    1281    1281   10040
         194    1.6e+05     17192 18299.8 18360.5    11989    1281    1281   10708
         195    1.6e+05     17192 18299.8 18311.4    12404    1281    1281   11123
         196    1.6e+05     17192 18299.8 18325.4    12666    1281    1281   11385
         197    1.6e+05     17192 18299.8 18347.4    12001    1280    1280   10721
         198    1.6e+05     17192 18299.8 18346.9    12716    1282    1282   11434
         199    1.6e+05     17192 18299.8 18318.4    12701    1280    1280   11421
         200    1.6e+05     17192 18299.8 18374.1    11875    1282    1282   10593
         201    1.6e+05     17192 18299.8 18350.1    11661    1280    1280   10381
         202    1.6e+05     17192 18299.8 18366.2    12530    1282    1282   11248
         203    1.6e+05     17192 18299.8   18348    12087    1280    1280   10807
         204    1.6e+05     17192 18299.8 18313.2    12006    1281    1281   10725
         205    1.6e+05     17192 18299.8 18327.9    11436    1282    1282   10154
         206    1.6e+05     17192 18299.8 18368.7    11922    1282    1282   10640
         207    1.6e+05     17192 18299.8 18351.6    12607    1282    1282   11325
         208    1.6e+05     17192 18299.8 18322.1    12344    1281    1281   11063
         209    1.6e+05     17192 18299.8 18364.3    12915    1281    1281   11634
         210    1.6e+05     17192 18287.4 18287.4    12514    1280    1280   11234
         211    1.6e+05     17192 18287.4 18392.7    11920    1280    1280   10640
         212    1.6e+05     17192 18287.4 18309.1    12186    1281    1281   10905
         213    1.6e+05     17192 18287.4 18348.2    13217    1280    1280   11937
         214    1.6e+05     17192 18265.1 18265.1    12469    1281    1281   11188
         215    1.6e+05     17192 18265.1 18431.5    11670    1281    1281   10389
         216    1.6e+05     17192 18265.1 18300.9    12046    1280    1280   10766
         217    1.6e+05     17192 18265.1 18381.2    12903    1281    1281   11622
         218    1.6e+05     17192 18249.4 18249.4    13411    1281    1281   12130
         219    1.6e+05     17192 18249.4 18383.5    12189    1281    1281   10908
         220    1.6e+05     17192 18249.4 18320.4    12389    1283    1283   11106
         221    1.6e+05     17192 18249.4 18354.2    12831    1281    1281   11550
         222    1.6e+05     17192 18249.4 18268.9    12552    1279    1279   11273
         223    1.6e+05     17192 18249.4 18403.2    12419    1282    1282   11137
         224    1.6e+05     17192 18249.4 18270.3    12400    1279    1279   11121
         225    1.6e+05     17192 18249.4 18345.9    12097    1283    1283   10814
         226    1.6e+05     17192 18249.4 18312.3    12336    1281    1281   11055
         227    1.6e+05     17192 18249.4 18321.5    12355    1281    1281   11074
         228    1.6e+05     17192 18249.4 18281.8    12810    1281    1281   11529
         229    1.6e+05     17192 18249.4   18388    12409    1281    1281   11128
         230    1.6e+05     17192 18249.4 18280.1    12635    1280    1280   11355
         231    1.6e+05     17192 18249.4 18369.8    11864    1282    1282   10582
         232    1.6e+05     17192 18249.4 18321.2    12231    1282    1282   10949
         233    1.6e+05     17192 18249.4 18388.3    12190    1282    1282   10908
         234    1.6e+05     17192 18249.4 18289.7    12581    1280    1280   11301
         235    1.7e+05     17192 18249.4 18387.2    12556    1280    1280   11276
         236    1.7e+05     17192 18249.4 18274.6    13233    1279    1279   11954
         237    1.7e+05     17192 18249.4   18333    13139    1281    1281   11858
         238    1.7e+05     17192 18249.4 18267.6    12998    1281    1281   11717
         239    1.7e+05     17192 18249.4 18400.6    12108    1281    1281   10827
         240    1.7e+05     17192 18249.4 18295.7    12786    1281    1281   11505
         241    1.7e+05     17192 18249.4 18367.3    12820    1280    1280   11540
         242    1.7e+05     17192 18249.4 18300.4    12363    1282    1282   11081
         243    1.7e+05     17192 18249.4 18386.7    12180    1282    1282   10898
               reducing step to 0.1
         244    1.7e+05     17192 18112.6 18112.6    14459    1280    1280   13179
         245    1.7e+05     17192   18039   18039    15939    1281    1281   14658
         246    1.7e+05     17192   18019   18019    17007    1279    1279   15728
    *    247    1.7e+05     17288 18000.7 18000.7    17288    1279    1279   16009
         248    1.7e+05     17288 18000.7 18012.7    17046    1278    1278   15768
         249    1.7e+05     17288 17988.5 17988.5    17113    1280    1280   15833
    *    250    1.7e+05     17543 17988.5   17989    17543    1279    1279   16264
    *    251    1.7e+05     17631 17986.8 17986.8    17631    1279    1279   16352
    *    252    1.7e+05     17749 17984.3 17984.3    17749    1278    1278   16471
    *    253    1.7e+05     17853 17984.3 17984.3    17853    1277    1277   16576
         254    1.7e+05     17853 17983.1 17983.1    17823    1277    1277   16546
         255    1.7e+05     17853   17983   17983    17823    1277    1277   16546
         256    1.7e+05     17853 17981.1 17981.1    17800    1277    1277   16523
         257    1.7e+05     17853 17981.1 18004.1    17794    1277    1277   16517
         258    1.7e+05     17853 17979.4 17979.4    17839    1277    1277   16562
         259    1.7e+05     17853 17979.4 17979.5    17758    1277    1277   16481
         260    1.7e+05     17853 17978.8 17978.8    17806    1277    1277   16529
         261    1.7e+05     17853 17978.5 17978.5    17843    1277    1277   16566
         262    1.7e+05     17853 17978.3 17978.3    17844    1277    1277   16567
    *    263    1.7e+05     17857 17977.1 17977.1    17857    1277    1277   16580
    *    264    1.7e+05     17863 17977.1 17977.4    17863    1277    1277   16586
         265    1.7e+05     17863 17976.5 17976.5    17860    1277    1277   16583
         266    1.7e+05     17863 17976.4 17976.4    17859    1277    1277   16582
         267    1.7e+05     17863 17976.2 17976.2    17848    1277    1277   16571
    *    268    1.7e+05     17874 17976.1 17976.1    17874    1277    1277   16597
         269    1.7e+05     17874 17976.1 17976.9    17867    1277    1277   16590
         270    1.7e+05     17874   17974   17974    17829    1277    1277   16552
    *    271    1.7e+05     17884   17974 17975.6    17884    1277    1277   16607
         272    1.7e+05     17884   17974 17976.7    17873    1277    1277   16596
         273    1.7e+05     17884   17974   17974    17882    1277    1277   16605
         274    1.7e+05     17884   17974 17975.3    17879    1277    1277   16602
         275    1.7e+05     17884   17974   17974    17867    1277    1277   16590
         276    1.7e+05     17884   17974 17974.5    17791    1277    1277   16514
         277    1.7e+05     17884   17974 17974.2    17863    1277    1277   16586
    *    278    1.7e+05     17886 17973.1 17973.1    17886    1277    1277   16609
         279    1.7e+05     17886 17973.1 17974.7    17842    1278    1278   16564
         280    1.7e+05     17886 17973.1 17974.7    17687    1277    1277   16410
         281    1.7e+05     17886 17973.1 17974.5    17660    1277    1277   16383
         282    1.7e+05     17886 17973.1 17974.5    17736    1277    1277   16459
         283    1.7e+05     17886 17973.1 17973.6    17868    1277    1277   16591
    *    284    1.7e+05     17888 17973.1 17974.2    17888    1277    1277   16611
         285    1.7e+05     17888 17972.2 17972.2    17870    1277    1277   16593
         286    1.7e+05     17888 17972.2 17974.2    17873    1277    1277   16596
         287    1.7e+05     17888 17972.2 17972.2    17883    1277    1277   16606
         288    1.7e+05     17888 17972.2 17972.9    17881    1277    1277   16604
         289    1.7e+05     17888 17971.5 17971.5    17887    1277    1277   16610
    *    290    1.7e+05     17892 17971.5 17972.4    17892    1277    1277   16615
    *    291    1.7e+05     17895 17971.4 17971.4    17895    1277    1277   16618
         292    1.7e+05     17895 17971.4 17972.6    17889    1277    1277   16612
         293    1.7e+05     17895 17969.9 17969.9    17879    1277    1277   16602
    *    294    1.7e+05     17899 17969.9 17972.1    17899    1277    1277   16622
         295    1.7e+05     17899 17969.9   17971    17872    1277    1277   16595
         296    1.7e+05     17899 17969.9 17971.4    17897    1277    1277   16620
         297    1.7e+05     17899 17969.9 17970.6    17873    1277    1277   16596
         298    1.7e+05     17899 17969.9 17971.8    17872    1278    1278   16594
    *    299    1.7e+05     17904 17969.9 17971.4    17904    1277    1277   16627
         300    1.7e+05     17904 17969.9   17972    17889    1277    1277   16612
         301    1.7e+05     17904 17969.9 17972.5    17894    1277    1277   16617
         302    1.7e+05     17904 17969.9 17971.2    17901    1277    1277   16624
         303    1.7e+05     17904 17969.9 17970.5    17897    1277    1277   16620
         304    1.7e+05     17904 17969.9 17971.2    17902    1277    1277   16625
         305    1.7e+05     17904 17969.9 17970.5    17874    1277    1277   16597
         306    1.7e+05     17904 17969.9 17970.4    17902    1277    1277   16625
         307    1.7e+05     17904 17969.9 17970.6    17892    1277    1277   16615
         308    1.7e+05     17904 17969.9 17970.3    17867    1277    1277   16590
         309    1.7e+05     17904 17969.6 17969.6    17892    1277    1277   16615
         310    1.7e+05     17904 17969.6 17970.6    17880    1277    1277   16603
         311    1.7e+05     17904 17969.6 17969.9    17902    1277    1277   16625
         312    1.7e+05     17904 17969.6 17970.7    17892    1277    1277   16615
         313    1.7e+05     17904   17969   17969    17886    1277    1277   16609
         314    1.7e+05     17904   17969 17970.8    17857    1277    1277   16580
         315    1.7e+05     17904   17969 17969.8    17834    1277    1277   16557
         316    1.7e+05     17904   17969 17970.2    17868    1277    1277   16591
         317    1.7e+05     17904   17969 17969.8    17880    1277    1277   16603
         318    1.7e+05     17904   17969 17970.8    17873    1277    1277   16596
    *    319    1.7e+05     17908   17969 17970.6    17908    1277    1277   16631
         320    1.7e+05     17908   17969 17970.2    17900    1277    1277   16623
         321    1.7e+05     17908   17969 17969.9    17905    1277    1277   16628
         322    1.7e+05     17908   17969 17970.6    17888    1277    1277   16611
         323    1.7e+05     17908   17969 17969.5    17900    1277    1277   16623
         324    1.7e+05     17908   17969 17969.6    17896    1277    1277   16619
         325    1.7e+05     17908 17968.9 17968.9    17881    1277    1277   16604
         326    1.7e+05     17908 17968.9   17969    17901    1277    1277   16624
         327    1.7e+05     17908 17968.9 17969.2    17882    1277    1277   16605
         328    1.7e+05     17908 17968.9 17969.8    17882    1277    1277   16605
         329    1.7e+05     17908 17968.7 17968.7    17895    1277    1277   16618
    *    330    1.7e+05     17909 17968.7 17969.5    17909    1277    1277   16632
         331    1.7e+05     17909 17968.7 17969.4    17898    1277    1277   16621
         332    1.7e+05     17909 17968.7   17970    17879    1277    1277   16602
         333    1.7e+05     17909 17968.7 17968.7    17889    1277    1277   16612
         334    1.7e+05     17909 17968.7 17969.2    17857    1277    1277   16580
         335    1.7e+05     17909 17968.7 17968.7    17904    1277    1277   16627
         336    1.7e+05     17909 17968.7 17968.8    17900    1277    1277   16623
         337    1.7e+05     17909 17967.9 17967.9    17905    1277    1277   16628
         338    1.7e+05     17909 17967.9 17968.5    17891    1277    1277   16614
         339    1.7e+05     17909 17967.9 17968.9    17906    1277    1277   16629
         340    1.7e+05     17909 17967.9 17968.3    17904    1277    1277   16627
         341    1.7e+05     17909 17967.7 17967.7    17905    1277    1277   16628
         342    1.7e+05     17909 17967.7 17969.4    17909    1277    1277   16632
         343    1.7e+05     17909 17967.3 17967.3    17893    1277    1277   16616
         344    1.7e+05     17909 17967.3   17968    17900    1277    1277   16623
    *    345    1.7e+05     17911 17967.3 17967.8    17911    1277    1277   16634
         346    1.7e+05     17911 17967.3 17968.3    17892    1277    1277   16615
         347    1.7e+05     17911 17967.3 17967.6    17903    1277    1277   16626
         348    1.7e+05     17911 17967.3 17968.9    17888    1277    1277   16611
         349    1.7e+05     17911 17967.3 17967.4    17906    1277    1277   16629
    *    350    1.7e+05     17912 17967.3 17968.4    17912    1277    1277   16635
         351    1.7e+05     17912 17967.3 17967.9    17910    1277    1277   16633
         352    1.7e+05     17912 17967.3 17968.3    17911    1277    1277   16634
         353    1.7e+05     17912 17967.3   17968    17908    1277    1277   16631
         354    1.7e+05     17912 17967.3 17968.2    17910    1277    1277   16633
         355    1.7e+05     17912 17967.3 17967.5    17908    1277    1277   16631
         356    1.7e+05     17912 17967.3 17967.7    17910    1277    1277   16633
         357    1.7e+05     17912 17967.3 17967.6    17908    1277    1277   16631
         358    1.7e+05     17912 17967.3 17967.4    17908    1277    1277   16631
         359    1.7e+05     17912 17967.3 17967.6    17894    1277    1277   16617
         360    1.7e+05     17912 17967.3 17967.9    17658    1277    1277   16381
         361    1.7e+05     17912 17967.3 17968.6    17907    1277    1277   16630
    *    362    1.7e+05     17913 17967.3 17967.8    17913    1277    1277   16636
         363    1.7e+05     17913 17967.3 17967.7    17908    1277    1277   16631
    *    364    1.7e+05     17914 17967.3 17967.9    17914    1277    1277   16637
         365    1.7e+05     17914 17967.3 17967.5    17909    1277    1277   16632
         366    1.7e+05     17914 17967.3 17967.9    17911    1277    1277   16634
         367    1.7e+05     17914 17967.3 17967.8    17707    1277    1277   16430
         368    1.7e+05     17914 17967.3 17971.2    17570    1277    1277   16293
               reducing step to 0.05
         369    1.7e+05     17914 17959.6 17959.6    17767    1278    1278   16489
         370    1.7e+05     17914 17950.3 17950.3    17542    1278    1278   16264
         371    1.7e+05     17914 17950.3 17955.6    17750    1277    1277   16473
         372    1.7e+05     17914 17950.3 17951.2    17908    1277    1277   16631
         373    1.7e+05     17914 17950.3 17952.7    17759    1277    1277   16482
         374    1.7e+05     17914 17950.3 17951.5    17910    1277    1277   16633
         375    1.7e+05     17914 17950.3 17952.1    17901    1277    1277   16624
         376    1.7e+05     17914 17950.3 17950.9    17909    1277    1277   16632
         377    1.7e+05     17914 17950.3   17952    17913    1277    1277   16636
         378    1.7e+05     17914 17950.3 17950.4    17911    1277    1277   16634
         379    1.7e+05     17914 17950.3 17951.4    17895    1277    1277   16618
         380    1.7e+05     17914 17950.3 17950.6    17532    1277    1277   16255
         381    1.7e+05     17914 17950.3 17952.2    17808    1277    1277   16531
         382    1.7e+05     17914 17950.3 17950.7    17907    1277    1277   16630
         383    1.7e+05     17914 17950.3 17951.4    17796    1278    1278   16518
         384    1.7e+05     17914 17950.3 17951.2    17876    1277    1277   16599
         385    1.7e+05     17914 17950.3   17951    17575    1277    1277   16298
         386    1.7e+05     17914 17950.3 17951.6    17785    1277    1277   16508
         387    1.7e+05     17914 17950.3 17951.6    17452    1277    1277   16175
         388    1.7e+05     17914 17950.3   17951    17613    1277    1277   16336
         389    1.7e+05     17914 17950.3 17951.2    17868    1277    1277   16591
         390    1.7e+05     17914 17950.3 17950.9    17719    1277    1277   16442
         391    1.7e+05     17914 17950.3 17951.7    17778    1277    1277   16501
         392    1.7e+05     17914 17950.3 17950.9    17914    1277    1277   16637
         393    1.7e+05     17914   17950   17950    17895    1277    1277   16618
    *    394    1.7e+05     17921   17950 17950.5    17921    1277    1277   16644
         395    1.7e+05     17921 17949.9 17949.9    17917    1277    1277   16640
         396    1.7e+05     17921 17949.9 17950.7    17920    1277    1277   16643
         397    1.7e+05     17921 17949.9 17949.9    17920    1277    1277   16643
         398    1.7e+05     17921 17949.9 17950.6    17920    1277    1277   16643
         399    1.7e+05     17921 17949.9 17949.9    17919    1277    1277   16642
         400    1.7e+05     17921 17949.9 17950.5    17918    1277    1277   16641
         401    1.7e+05     17921 17949.8 17949.8    17916    1277    1277   16639
         402    1.7e+05     17921 17949.8 17950.4    17919    1277    1277   16642
         403    1.7e+05     17921 17949.8 17949.9    17915    1277    1277   16638
         404    1.7e+05     17921 17949.8 17950.6    17906    1277    1277   16629
         405    1.7e+05     17921 17949.8 17949.9    17891    1277    1277   16614
         406    1.7e+05     17921 17949.8 17950.5    17920    1277    1277   16643
         407    1.7e+05     17921 17949.7 17949.7    17916    1277    1277   16639
         408    1.7e+05     17921 17949.7 17950.5    17921    1277    1277   16644
         409    1.7e+05     17921 17949.7 17949.7    17918    1277    1277   16641
         410    1.7e+05     17921 17949.7   17950    17921    1277    1277   16644
         411    1.7e+05     17921 17949.7 17949.9    17918    1277    1277   16641
         412    1.7e+05     17921 17949.7 17950.5    17918    1277    1277   16641
         413    1.7e+05     17921 17949.7 17949.8    17914    1277    1277   16637
         414    1.7e+05     17921 17949.7 17950.5    17916    1277    1277   16639
         415    1.7e+05     17921 17949.7 17950.1    17900    1277    1277   16623
         416    1.7e+05     17921 17949.7 17950.3    17921    1277    1277   16644
         417    1.7e+05     17921 17949.7 17950.1    17914    1277    1277   16637
         418    1.7e+05     17921 17949.7 17950.4    17919    1277    1277   16642
         419    1.7e+05     17921 17949.7 17949.9    17894    1277    1277   16617
         420    1.7e+05     17921 17949.7 17950.3    17919    1277    1277   16642
         421    1.7e+05     17921 17949.7   17950    17911    1277    1277   16634
         422    1.7e+05     17921 17949.7 17950.2    17918    1277    1277   16641
         423    1.7e+05     17921 17949.7   17950    17915    1277    1277   16638
         424    1.7e+05     17921 17949.7 17950.4    17913    1277    1277   16636
         425    1.7e+05     17921 17949.6 17949.6    17915    1277    1277   16638
    *    426    1.7e+05     17923 17949.6 17950.3    17923    1277    1277   16646
         427    1.7e+05     17923 17949.6   17950    17912    1277    1277   16635
         428    1.7e+05     17923 17949.6 17950.4    17915    1277    1277   16638
         429    1.7e+05     17923 17949.6 17949.6    17915    1277    1277   16638
         430    1.7e+05     17923 17949.6 17950.4    17921    1277    1277   16644
         431    1.7e+05     17923 17949.6 17949.8    17915    1277    1277   16638
         432    1.7e+05     17923 17949.6 17950.5    17922    1277    1277   16645
         433    1.7e+05     17923 17949.6 17949.8    17915    1277    1277   16638
         434    1.7e+05     17923 17949.6 17950.4    17921    1277    1277   16644
         435    1.7e+05     17923 17949.6 17949.8    17914    1277    1277   16637
         436    1.7e+05     17923 17949.6 17950.3    17921    1277    1277   16644
         437    1.7e+05     17923 17949.6 17949.8    17918    1277    1277   16641
         438    1.7e+05     17923 17949.6 17950.4    17920    1277    1277   16643
         439    1.7e+05     17923 17949.6 17949.8    17918    1277    1277   16641
         440    1.7e+05     17923 17949.6 17950.5    17917    1277    1277   16640
         441    1.7e+05     17923 17949.6 17949.6    17917    1277    1277   16640
         442    1.7e+05     17923 17949.6 17950.4    17920    1277    1277   16643
         443    1.7e+05     17923 17949.6 17949.7    17918    1277    1277   16641
         444    1.7e+05     17923 17949.6 17950.3    17920    1277    1277   16643
         445    1.7e+05     17923 17949.6 17949.6    17915    1277    1277   16638
         446    1.7e+05     17923 17949.6   17950    17918    1277    1277   16641
         447    1.7e+05     17923 17949.5 17949.5    17917    1277    1277   16640
         448    1.7e+05     17923 17949.5 17950.1    17920    1277    1277   16643
         449    1.7e+05     17923 17949.4 17949.4    17919    1277    1277   16642
         450    1.7e+05     17923 17949.4 17949.9    17922    1277    1277   16645
         451    1.7e+05     17923 17949.4 17949.4    17917    1277    1277   16640
         452    1.7e+05     17923 17949.4 17949.9    17921    1277    1277   16644
         453    1.7e+05     17923 17949.4 17949.4    17917    1277    1277   16640
         454    1.7e+05     17923 17949.4 17950.6    17921    1277    1277   16644
         455    1.7e+05     17923 17949.4 17949.5    17918    1277    1277   16641
         456    1.7e+05     17923 17949.4 17950.6    17917    1277    1277   16640
         457    1.7e+05     17923 17949.2 17949.2    17917    1277    1277   16640
         458    1.7e+05     17923 17949.2 17950.4    17918    1277    1277   16641
         459    1.7e+05     17923 17949.2 17949.2    17916    1277    1277   16639
         460    1.7e+05     17923 17949.2 17950.3    17919    1277    1277   16642
         461    1.7e+05     17923 17949.2 17949.3    17916    1277    1277   16639
         462    1.7e+05     17923 17949.2 17950.3    17916    1277    1277   16639
         463    1.7e+05     17923 17949.2 17949.2    17919    1277    1277   16642
         464    1.7e+05     17923 17949.2 17949.9    17921    1277    1277   16644
         465    1.7e+05     17923 17949.2 17949.2    17917    1277    1277   16640
         466    1.7e+05     17923 17949.2 17950.1    17919    1277    1277   16642
         467    1.7e+05     17923 17949.2 17949.3    17916    1277    1277   16639
         468    1.7e+05     17923 17949.2 17950.3    17919    1277    1277   16642
         469    1.7e+05     17923 17949.2 17949.2    17920    1277    1277   16643
         470    1.7e+05     17923 17949.2 17950.2    17923    1277    1277   16646
         471    1.7e+05     17923 17949.2 17949.5    17917    1277    1277   16640
         472    1.7e+05     17923 17949.2 17950.2    17923    1277    1277   16646
         473    1.7e+05     17923 17949.2 17949.4    17918    1277    1277   16641
         474    1.7e+05     17923 17949.2 17950.2    17919    1277    1277   16642
         475    1.7e+05     17923 17949.2 17949.2    17916    1277    1277   16639
         476    1.7e+05     17923 17949.2 17950.1    17919    1277    1277   16642
         477    1.7e+05     17923 17949.2 17949.3    17916    1277    1277   16639
         478    1.7e+05     17923 17949.2   17950    17921    1277    1277   16644
         479    1.7e+05     17923 17949.2 17949.3    17914    1277    1277   16637
         480    1.7e+05     17923 17949.2   17950    17920    1277    1277   16643
         481    1.7e+05     17923 17949.2 17949.3    17913    1277    1277   16636
         482    1.7e+05     17923 17949.2 17949.9    17920    1277    1277   16643
         483    1.7e+05     17923 17949.2 17949.3    17914    1277    1277   16637
         484    1.7e+05     17923 17949.2   17950    17919    1277    1277   16642
         485    1.7e+05     17923 17949.2 17949.2    17914    1277    1277   16637
         486    1.7e+05     17923 17949.2   17950    17921    1277    1277   16644
         487    1.7e+05     17923 17949.2 17949.3    17915    1277    1277   16638
         488    1.7e+05     17923 17949.2 17950.2    17918    1277    1277   16641
         489    1.7e+05     17923 17949.2 17949.3    17913    1277    1277   16636
         490    1.7e+05     17923 17949.2 17950.1    17919    1277    1277   16642
         491    1.7e+05     17923 17949.2 17949.3    17913    1277    1277   16636
         492    1.7e+05     17923 17949.2   17950    17920    1277    1277   16643
         493    1.7e+05     17923 17949.2 17949.4    17912    1277    1277   16635
         494    1.7e+05     17923 17949.2 17949.8    17921    1277    1277   16644
         495    1.7e+05     17923 17949.2 17949.3    17916    1277    1277   16639
         496    1.7e+05     17923 17949.2 17949.8    17922    1277    1277   16645
         497    1.7e+05     17923 17949.2 17949.4    17914    1277    1277   16637
         498    1.7e+05     17923 17949.2   17950    17920    1277    1277   16643
         499    1.7e+05     17923 17949.2 17949.4    17898    1277    1277   16621
         500    1.7e+05     17923 17949.2 17949.7    17921    1277    1277   16644
         501    1.7e+05     17923 17949.2 17949.2    17913    1277    1277   16636
         502    1.7e+05     17923 17949.2 17949.6    17922    1277    1277   16645
         503    1.7e+05     17923 17949.2 17949.3    17915    1277    1277   16638
         504    1.7e+05     17923 17949.2 17949.8    17922    1277    1277   16645
         505    1.7e+05     17923 17949.2 17949.3    17913    1277    1277   16636
         506    1.7e+05     17923 17949.2 17949.7    17921    1277    1277   16644
         507    1.7e+05     17923 17949.2 17949.2    17913    1277    1277   16636
         508    1.7e+05     17923 17949.2 17949.6    17920    1277    1277   16643
         509    1.7e+05     17923 17949.2 17949.3    17915    1277    1277   16638
         510    1.7e+05     17923 17949.2 17949.8    17919    1277    1277   16642
               reducing step to 0.025
         511    1.7e+05     17923 17945.6 17945.6    17872    1277    1277   16595
         512    1.7e+05     17923 17942.2 17942.2    17908    1277    1277   16631
         513    1.7e+05     17923 17942.2   17943    17913    1277    1277   16636
         514    1.7e+05     17923 17942.2 17942.4    17920    1277    1277   16643
         515    1.7e+05     17923 17942.2   17943    17913    1277    1277   16636
         516    1.7e+05     17923 17942.2 17942.4    17920    1277    1277   16643
         517    1.7e+05     17923 17942.2 17942.8    17908    1277    1277   16631
         518    1.7e+05     17923   17942   17942    17911    1277    1277   16634
         519    1.7e+05     17923   17942 17942.7    17910    1277    1277   16633
         520    1.7e+05     17923 17941.8 17941.8    17907    1278    1278   16629
         521    1.7e+05     17923 17941.8 17942.5    17896    1277    1277   16619
         522    1.7e+05     17923 17941.8 17941.9    17923    1277    1277   16646
         523    1.7e+05     17923 17941.8 17942.4    17913    1277    1277   16636
         524    1.7e+05     17923 17941.8 17941.8    17921    1277    1277   16644
         525    1.7e+05     17923 17941.8 17942.3    17912    1277    1277   16635
         526    1.7e+05     17923 17941.8 17941.9    17922    1277    1277   16645
         527    1.7e+05     17923 17941.8 17942.3    17914    1277    1277   16637
         528    1.7e+05     17923 17941.8 17941.9    17922    1277    1277   16645
         529    1.7e+05     17923 17941.8 17942.2    17914    1277    1277   16637
         530    1.7e+05     17923 17941.8 17941.9    17923    1277    1277   16646
         531    1.7e+05     17923 17941.8 17942.2    17914    1277    1277   16637
    *    532    1.7e+05     17924 17941.8 17941.8    17924    1277    1277   16647
         533    1.7e+05     17924 17941.8 17942.2    17915    1277    1277   16638
    *    534    1.7e+05     17926 17941.8 17941.8    17926    1277    1277   16649
         535    1.7e+05     17926 17941.8 17942.2    17916    1277    1277   16639
         536    1.7e+05     17926 17941.7 17941.7    17925    1277    1277   16648
         537    1.7e+05     17926 17941.7 17942.1    17919    1277    1277   16642
         538    1.7e+05     17926 17941.7 17941.8    17925    1277    1277   16648
         539    1.7e+05     17926 17941.7 17942.1    17920    1277    1277   16643
         540    1.7e+05     17926 17941.7 17941.8    17925    1277    1277   16648
         541    1.7e+05     17926 17941.7 17942.2    17919    1277    1277   16642
         542    1.7e+05     17926 17941.7 17941.7    17921    1277    1277   16644
         543    1.7e+05     17926 17941.7 17942.3    17920    1277    1277   16643
         544    1.7e+05     17926 17941.7 17941.8    17922    1277    1277   16645
         545    1.7e+05     17926 17941.7 17942.2    17920    1277    1277   16643
         546    1.7e+05     17926 17941.7 17941.8    17920    1277    1277   16643
         547    1.7e+05     17926 17941.7 17942.4    17919    1277    1277   16642
         548    1.7e+05     17926 17941.7 17941.7    17922    1277    1277   16645
         549    1.7e+05     17926 17941.7 17942.1    17919    1277    1277   16642
         550    1.7e+05     17926 17941.7 17941.7    17922    1277    1277   16645
         551    1.7e+05     17926 17941.7 17942.1    17920    1277    1277   16643
         552    1.7e+05     17926 17941.7 17941.8    17921    1277    1277   16644
         553    1.7e+05     17926 17941.7 17942.1    17919    1277    1277   16642
         554    1.7e+05     17926 17941.7 17941.7    17923    1277    1277   16646
         555    1.7e+05     17926 17941.7 17942.2    17919    1277    1277   16642
         556    1.7e+05     17926 17941.7 17941.7    17923    1277    1277   16646
         557    1.7e+05     17926 17941.7 17942.1    17918    1277    1277   16641
         558    1.7e+05     17926 17941.7 17941.7    17923    1277    1277   16646
         559    1.7e+05     17926 17941.7 17942.1    17918    1277    1277   16641
         560    1.7e+05     17926 17941.7 17941.7    17923    1277    1277   16646
         561    1.7e+05     17926 17941.7 17942.1    17918    1277    1277   16641
         562    1.7e+05     17926 17941.6 17941.6    17922    1277    1277   16645
         563    1.7e+05     17926 17941.6 17942.1    17919    1277    1277   16642
         564    1.7e+05     17926 17941.6 17941.7    17924    1277    1277   16647
         565    1.7e+05     17926 17941.6 17942.1    17918    1277    1277   16641
         566    1.7e+05     17926 17941.6 17941.6    17924    1277    1277   16647
         567    1.7e+05     17926 17941.6 17942.1    17918    1277    1277   16641
         568    1.7e+05     17926 17941.6 17941.6    17923    1277    1277   16646
         569    1.7e+05     17926 17941.6 17942.1    17920    1277    1277   16643
         570    1.7e+05     17926 17941.6 17941.7    17923    1277    1277   16646
         571    1.7e+05     17926 17941.6   17942    17921    1277    1277   16644
         572    1.7e+05     17926 17941.6 17941.8    17922    1277    1277   16645
         573    1.7e+05     17926 17941.6   17942    17921    1277    1277   16644
         574    1.7e+05     17926 17941.6 17941.7    17923    1277    1277   16646
         575    1.7e+05     17926 17941.6   17942    17920    1277    1277   16643
         576    1.7e+05     17926 17941.6 17941.7    17924    1277    1277   16647
         577    1.7e+05     17926 17941.6 17942.1    17921    1277    1277   16644
         578    1.7e+05     17926 17941.6 17941.7    17924    1277    1277   16647
         579    1.7e+05     17926 17941.6 17942.1    17921    1277    1277   16644
         580    1.7e+05     17926 17941.6 17941.7    17924    1277    1277   16647
         581    1.7e+05     17926 17941.6 17942.1    17922    1277    1277   16645
         582    1.7e+05     17926 17941.6 17941.7    17923    1277    1277   16646
         583    1.7e+05     17926 17941.6   17942    17922    1277    1277   16645
         584    1.7e+05     17926 17941.6 17941.7    17922    1277    1277   16645
         585    1.7e+05     17926 17941.6   17942    17921    1277    1277   16644
         586    1.7e+05     17926 17941.6 17941.7    17922    1277    1277   16645
         587    1.7e+05     17926 17941.6   17942    17921    1277    1277   16644
         588    1.7e+05     17926 17941.6 17941.7    17923    1277    1277   16646
         589    1.7e+05     17926 17941.6   17942    17921    1277    1277   16644
         590    1.7e+05     17926 17941.6 17941.7    17924    1277    1277   16647
         591    1.7e+05     17926 17941.6   17942    17918    1277    1277   16641
               reducing step to 0.0125
         592    1.7e+05     17926 17940.2 17940.2    17895    1277    1277   16618
         593    1.7e+05     17926 17938.6 17938.6    17913    1277    1277   16636
         594    1.7e+05     17926 17938.6 17938.8    17920    1277    1277   16643
         595    1.7e+05     17926 17938.6 17938.7    17914    1277    1277   16637
         596    1.7e+05     17926 17938.6 17938.7    17918    1277    1277   16641
         597    1.7e+05     17926 17938.6 17938.6    17920    1277    1277   16643
         598    1.7e+05     17926 17938.6 17938.6    17920    1277    1277   16643
         599    1.7e+05     17926 17938.6 17938.6    17923    1277    1277   16646
         600    1.7e+05     17926 17938.6 17938.6    17918    1277    1277   16641
         601    1.7e+05     17926 17938.5 17938.5    17925    1277    1277   16648
         602    1.7e+05     17926 17938.5 17938.6    17918    1277    1277   16641
         603    1.7e+05     17926 17938.5 17938.6    17923    1277    1277   16646
         604    1.7e+05     17926 17938.5 17938.6    17917    1277    1277   16640
         605    1.7e+05     17926 17938.5 17938.5    17924    1277    1277   16647
         606    1.7e+05     17926 17938.5 17938.6    17918    1277    1277   16641
         607    1.7e+05     17926 17938.5 17938.5    17923    1277    1277   16646
         608    1.7e+05     17926 17938.5 17938.5    17918    1277    1277   16641
         609    1.7e+05     17926 17938.5 17938.5    17920    1277    1277   16643
         610    1.7e+05     17926 17938.5 17938.5    17920    1277    1277   16643
         611    1.7e+05     17926 17938.5 17938.5    17917    1277    1277   16640
         612    1.7e+05     17926 17938.5 17938.5    17918    1277    1277   16641
         613    1.7e+05     17926 17938.4 17938.4    17923    1277    1277   16646
         614    1.7e+05     17926 17938.4 17938.5    17918    1277    1277   16641
         615    1.7e+05     17926 17938.4 17938.4    17925    1277    1277   16648
         616    1.7e+05     17926 17938.4 17938.5    17920    1277    1277   16643
         617    1.7e+05     17926 17938.4 17938.4    17924    1277    1277   16647
         618    1.7e+05     17926 17938.4 17938.5    17922    1277    1277   16645
         619    1.7e+05     17926 17938.4 17938.4    17924    1277    1277   16647
         620    1.7e+05     17926 17938.4 17938.5    17923    1277    1277   16646
         621    1.7e+05     17926 17938.4 17938.4    17925    1277    1277   16648
         622    1.7e+05     17926 17938.4 17938.6    17922    1277    1277   16645
         623    1.7e+05     17926 17938.4 17938.4    17921    1277    1277   16644
         624    1.7e+05     17926 17938.4 17938.5    17922    1277    1277   16645
         625    1.7e+05     17926 17938.4 17938.4    17924    1277    1277   16647
         626    1.7e+05     17926 17938.4 17938.5    17921    1277    1277   16644
         627    1.7e+05     17926 17938.4 17938.4    17924    1277    1277   16647
         628    1.7e+05     17926 17938.4 17938.5    17920    1277    1277   16643
         629    1.7e+05     17926 17938.4 17938.4    17925    1277    1277   16648
         630    1.7e+05     17926 17938.4 17938.5    17921    1277    1277   16644
         631    1.7e+05     17926 17938.4 17938.4    17925    1277    1277   16648
         632    1.7e+05     17926 17938.4 17938.5    17921    1277    1277   16644
         633    1.7e+05     17926 17938.4 17938.4    17925    1277    1277   16648
         634    1.7e+05     17926 17938.4 17938.5    17920    1277    1277   16643
         635    1.7e+05     17926 17938.4 17938.4    17925    1277    1277   16648
         636    1.7e+05     17926 17938.4 17938.5    17919    1277    1277   16642
         637    1.7e+05     17926 17938.3 17938.3    17924    1277    1277   16647
         638    1.7e+05     17926 17938.3 17938.5    17919    1277    1277   16642
         639    1.7e+05     17926 17938.3 17938.4    17925    1277    1277   16648
         640    1.7e+05     17926 17938.3 17938.5    17921    1277    1277   16644
         641    1.7e+05     17926 17938.3 17938.4    17924    1277    1277   16647
         642    1.7e+05     17926 17938.3 17938.5    17921    1277    1277   16644
         643    1.7e+05     17926 17938.3 17938.4    17923    1277    1277   16646
         644    1.7e+05     17926 17938.3 17938.5    17918    1277    1277   16641
         645    1.7e+05     17926 17938.3 17938.4    17924    1277    1277   16647
         646    1.7e+05     17926 17938.3 17938.5    17918    1277    1277   16641
         647    1.7e+05     17926 17938.3 17938.4    17924    1277    1277   16647
         648    1.7e+05     17926 17938.3 17938.5    17920    1277    1277   16643
         649    1.7e+05     17926 17938.3 17938.3    17926    1277    1277   16649
         650    1.7e+05     17926 17938.3 17938.5    17921    1277    1277   16644
         651    1.7e+05     17926 17938.3 17938.4    17925    1277    1277   16648
         652    1.7e+05     17926 17938.3 17938.5    17919    1277    1277   16642
         653    1.7e+05     17926 17938.3 17938.3    17925    1277    1277   16648
         654    1.7e+05     17926 17938.3 17938.5    17921    1277    1277   16644
         655    1.7e+05     17926 17938.3 17938.4    17924    1277    1277   16647
         656    1.7e+05     17926 17938.3 17938.5    17921    1277    1277   16644
         657    1.7e+05     17926 17938.3 17938.4    17925    1277    1277   16648
         658    1.7e+05     17926 17938.3 17938.5    17921    1277    1277   16644
         659    1.7e+05     17926 17938.3 17938.4    17925    1277    1277   16648
         660    1.7e+05     17926 17938.3 17938.5    17921    1277    1277   16644
         661    1.7e+05     17926 17938.3 17938.4    17924    1277    1277   16647
         662    1.7e+05     17926 17938.3 17938.5    17921    1277    1277   16644
         663    1.7e+05     17926 17938.3 17938.4    17924    1277    1277   16647
         664    1.7e+05     17926 17938.3 17938.5    17920    1277    1277   16643
         665    1.7e+05     17926 17938.3 17938.4    17925    1277    1277   16648
         666    1.7e+05     17926 17938.3 17938.5    17919    1277    1277   16642
         667    1.7e+05     17926 17938.3 17938.4    17924    1277    1277   16647
         668    1.7e+05     17926 17938.3 17938.5    17919    1277    1277   16642
         669    1.7e+05     17926 17938.3 17938.4    17924    1277    1277   16647
         670    1.7e+05     17926 17938.3 17938.5    17919    1277    1277   16642
         671    1.7e+05     17926 17938.3 17938.4    17924    1277    1277   16647
         672    1.7e+05     17926 17938.3 17938.5    17920    1277    1277   16643
         673    1.7e+05     17926 17938.3 17938.4    17924    1277    1277   16647
         674    1.7e+05     17926 17938.3 17938.5    17920    1277    1277   16643
         675    1.7e+05     17926 17938.3 17938.4    17925    1277    1277   16648
         676    1.7e+05     17926 17938.3 17938.5    17919    1277    1277   16642
         677    1.7e+05     17926 17938.3 17938.3    17925    1277    1277   16648
         678    1.7e+05     17926 17938.3 17938.5    17919    1277    1277   16642
               reducing step to 0.00625
         679    1.7e+05     17926 17937.6 17937.6    17905    1277    1277   16628
         680    1.7e+05     17926 17936.9 17936.9    17910    1277    1277   16633
         681    1.7e+05     17926 17936.4 17936.4    17919    1277    1277   16642
         682    1.7e+05     17926 17936.4 17936.7    17918    1277    1277   16641
         683    1.7e+05     17926 17936.4 17936.7    17921    1277    1277   16644
         684    1.7e+05     17926 17936.4 17936.7    17922    1277    1277   16645
         685    1.7e+05     17926 17936.4 17936.8    17918    1277    1277   16641
         686    1.7e+05     17926 17936.4 17936.7    17921    1277    1277   16644
         687    1.7e+05     17926 17936.4 17936.8    17917    1277    1277   16640
         688    1.7e+05     17926 17936.4 17936.7    17920    1277    1277   16643
         689    1.7e+05     17926 17936.4 17936.8    17921    1277    1277   16644
         690    1.7e+05     17926 17936.4 17936.7    17918    1277    1277   16641
         691    1.7e+05     17926 17936.4 17936.8    17920    1277    1277   16643
         692    1.7e+05     17926 17936.4 17936.6    17920    1277    1277   16643
         693    1.7e+05     17926 17936.4 17936.8    17921    1277    1277   16644
         694    1.7e+05     17926 17936.4 17936.6    17918    1277    1277   16641
         695    1.7e+05     17926 17936.4 17936.8    17922    1277    1277   16645
         696    1.7e+05     17926 17936.4 17936.6    17918    1277    1277   16641
         697    1.7e+05     17926 17936.4 17936.7    17923    1277    1277   16646
         698    1.7e+05     17926 17936.4 17936.6    17919    1277    1277   16642
         699    1.7e+05     17926 17936.4 17936.7    17922    1277    1277   16645
         700    1.7e+05     17926 17936.4 17936.6    17920    1277    1277   16643
         701    1.7e+05     17926 17936.4 17936.7    17924    1277    1277   16647
         702    1.7e+05     17926 17936.4 17936.6    17921    1277    1277   16644
         703    1.7e+05     17926 17936.4 17936.7    17923    1277    1277   16646
         704    1.7e+05     17926 17936.4 17936.6    17921    1277    1277   16644
         705    1.7e+05     17926 17936.4 17936.7    17926    1277    1277   16649
         706    1.7e+05     17926 17936.4 17936.6    17920    1277    1277   16643
               reducing step to 0.003125
         707    1.7e+05     17926 17936.3 17936.3    17915    1277    1277   16638
         708    1.7e+05     17926   17936   17936    17917    1277    1277   16640
         709    1.7e+05     17926   17936   17936    17921    1277    1277   16644
         710    1.7e+05     17926 17935.9 17935.9    17922    1277    1277   16645
         711    1.7e+05     17926 17935.9   17936    17917    1277    1277   16640
         712    1.7e+05     17926 17935.9 17935.9    17923    1277    1277   16646
         713    1.7e+05     17926 17935.9   17936    17919    1277    1277   16642
         714    1.7e+05     17926 17935.9 17935.9    17923    1277    1277   16646
         715    1.7e+05     17926 17935.9   17936    17919    1277    1277   16642
         716    1.7e+05     17926 17935.9 17935.9    17925    1277    1277   16648
         717    1.7e+05     17926 17935.9 17935.9    17920    1277    1277   16643
         718    1.7e+05     17926 17935.9 17935.9    17926    1277    1277   16649
         719    1.7e+05     17926 17935.9   17936    17920    1277    1277   16643
         720    1.7e+05     17926 17935.9 17935.9    17925    1277    1277   16648
         721    1.7e+05     17926 17935.9   17936    17922    1277    1277   16645
         722    1.7e+05     17926 17935.9 17935.9    17926    1277    1277   16649
         723    1.7e+05     17926 17935.9   17936    17922    1277    1277   16645
    *    724    1.7e+05     17927 17935.9 17935.9    17927    1277    1277   16650
         725    1.7e+05     17927 17935.9   17936    17922    1277    1277   16645
         726    1.7e+05     17927 17935.8 17935.8    17927    1277    1277   16650
         727    1.7e+05     17927 17935.8   17936    17922    1277    1277   16645
         728    1.7e+05     17927 17935.8 17935.8    17927    1277    1277   16650
         729    1.7e+05     17927 17935.8   17936    17922    1277    1277   16645
         730    1.7e+05     17927 17935.8 17935.8    17927    1277    1277   16650
         731    1.7e+05     17927 17935.8   17936    17922    1277    1277   16645
         732    1.7e+05     17927 17935.8 17935.8    17926    1277    1277   16649
         733    1.7e+05     17927 17935.8   17936    17923    1277    1277   16646
         734    1.7e+05     17927 17935.8 17935.8    17922    1277    1277   16645
         735    1.7e+05     17927 17935.8 17935.9    17915    1277    1277   16638
         736    1.7e+05     17927 17935.8 17935.8    17927    1277    1277   16650
         737    1.7e+05     17927 17935.8   17936    17920    1277    1277   16643
         738    1.7e+05     17927 17935.8 17935.8    17927    1277    1277   16650
         739    1.7e+05     17927 17935.8 17935.9    17919    1277    1277   16642
         740    1.7e+05     17927 17935.8 17935.8    17925    1277    1277   16648
         741    1.7e+05     17927 17935.8   17936    17917    1277    1277   16640
         742    1.7e+05     17927 17935.8 17935.8    17926    1277    1277   16649
         743    1.7e+05     17927 17935.8 17935.9    17922    1277    1277   16645
         744    1.7e+05     17927 17935.8 17935.8    17926    1277    1277   16649
         745    1.7e+05     17927 17935.8 17935.9    17922    1277    1277   16645
         746    1.7e+05     17927 17935.8 17935.8    17925    1277    1277   16648
         747    1.7e+05     17927 17935.8 17935.9    17922    1277    1277   16645
         748    1.7e+05     17927 17935.8 17935.8    17925    1277    1277   16648
         749    1.7e+05     17927 17935.8 17935.9    17923    1277    1277   16646
         750    1.7e+05     17927 17935.8 17935.8    17927    1277    1277   16650
         751    1.7e+05     17927 17935.8 17935.9    17923    1277    1277   16646
         752    1.7e+05     17927 17935.8 17935.8    17927    1277    1277   16650
         753    1.7e+05     17927 17935.8 17935.9    17923    1277    1277   16646
         754    1.7e+05     17927 17935.8 17935.8    17927    1277    1277   16650
         755    1.7e+05     17927 17935.8 17935.9    17923    1277    1277   16646
         756    1.7e+05     17927 17935.8 17935.8    17926    1277    1277   16649
         757    1.7e+05     17927 17935.8 17935.9    17923    1277    1277   16646
         758    1.7e+05     17927 17935.8 17935.8    17926    1277    1277   16649
         759    1.7e+05     17927 17935.8 17935.9    17922    1277    1277   16645
         760    1.7e+05     17927 17935.8 17935.8    17926    1277    1277   16649
         761    1.7e+05     17927 17935.8 17935.9    17922    1277    1277   16645
         762    1.7e+05     17927 17935.8 17935.8    17926    1277    1277   16649
         763    1.7e+05     17927 17935.8 17935.9    17922    1277    1277   16645
         764    1.7e+05     17927 17935.8 17935.8    17926    1277    1277   16649
         765    1.7e+05     17927 17935.8 17935.9    17922    1277    1277   16645
         766    1.7e+05     17927 17935.8 17935.8    17927    1277    1277   16650
         767    1.7e+05     17927 17935.8 17935.9    17923    1277    1277   16646
         768    1.7e+05     17927 17935.8 17935.8    17926    1277    1277   16649
         769    1.7e+05     17927 17935.8 17935.9    17923    1277    1277   16646
         770    1.7e+05     17927 17935.8 17935.8    17924    1277    1277   16647
         771    1.7e+05     17927 17935.8 17935.9    17923    1277    1277   16646
         772    1.7e+05     17927 17935.8 17935.8    17924    1277    1277   16647
         773    1.7e+05     17927 17935.8 17935.9    17923    1277    1277   16646
         774    1.7e+05     17927 17935.8 17935.8    17922    1277    1277   16645
         775    1.7e+05     17927 17935.8 17935.9    17923    1277    1277   16646
         776    1.7e+05     17927 17935.8 17935.8    17925    1277    1277   16648
         777    1.7e+05     17927 17935.8 17935.9    17923    1277    1277   16646
         778    1.7e+05     17927 17935.8 17935.8    17925    1277    1277   16648
         779    1.7e+05     17927 17935.8 17935.9    17923    1277    1277   16646
         780    1.7e+05     17927 17935.8 17935.8    17925    1277    1277   16648
         781    1.7e+05     17927 17935.8 17935.9    17923    1277    1277   16646
         782    1.7e+05     17927 17935.8 17935.8    17925    1277    1277   16648
         783    1.7e+05     17927 17935.8 17935.9    17923    1277    1277   16646
         784    1.7e+05     17927 17935.8 17935.8    17925    1277    1277   16648
         785    1.7e+05     17927 17935.8 17935.9    17923    1277    1277   16646
         786    1.7e+05     17927 17935.8 17935.8    17924    1277    1277   16647
         787    1.7e+05     17927 17935.8 17935.9    17923    1277    1277   16646
         788    1.7e+05     17927 17935.8 17935.8    17926    1277    1277   16649
         789    1.7e+05     17927 17935.8 17935.9    17923    1277    1277   16646
         790    1.7e+05     17927 17935.8 17935.8    17926    1277    1277   16649
         791    1.7e+05     17927 17935.8 17935.9    17923    1277    1277   16646
         792    1.7e+05     17927 17935.8 17935.8    17926    1277    1277   16649
         793    1.7e+05     17927 17935.8 17935.9    17923    1277    1277   16646
         794    1.7e+05     17927 17935.8 17935.8    17927    1277    1277   16650
         795    1.7e+05     17927 17935.8 17935.9    17922    1277    1277   16645
         796    1.7e+05     17927 17935.8 17935.8    17926    1277    1277   16649
         797    1.7e+05     17927 17935.8 17935.9    17922    1277    1277   16645
         798    1.7e+05     17927 17935.8 17935.8    17926    1277    1277   16649
         799    1.7e+05     17927 17935.8 17935.9    17922    1277    1277   16645
         800    1.7e+05     17927 17935.8 17935.8    17926    1277    1277   16649
         801    1.7e+05     17927 17935.8 17935.9    17922    1277    1277   16645
               reducing step to 0.0015625
         802    1.7e+05     17927 17935.7 17935.7    17924    1277    1277   16647
         803    1.7e+05     17927 17935.5 17935.5    17914    1277    1277   16637
         804    1.7e+05     17927 17935.5 17935.6    17921    1277    1277   16644
         805    1.7e+05     17927 17935.5 17935.5    17914    1277    1277   16637
         806    1.7e+05     17927 17935.5 17935.6    17921    1277    1277   16644
         807    1.7e+05     17927 17935.5 17935.5    17920    1277    1277   16643
         808    1.7e+05     17927 17935.5 17935.6    17923    1277    1277   16646
         809    1.7e+05     17927 17935.5 17935.5    17921    1277    1277   16644
         810    1.7e+05     17927 17935.5 17935.5    17920    1277    1277   16643
         811    1.7e+05     17927 17935.5 17935.5    17917    1277    1277   16640
         812    1.7e+05     17927 17935.5 17935.5    17920    1277    1277   16643
         813    1.7e+05     17927 17935.5 17935.5    17922    1277    1277   16645
         814    1.7e+05     17927 17935.5 17935.5    17922    1277    1277   16645
         815    1.7e+05     17927 17935.5 17935.5    17920    1277    1277   16643
         816    1.7e+05     17927 17935.5 17935.5    17918    1277    1277   16641
         817    1.7e+05     17927 17935.5 17935.5    17919    1277    1277   16642
         818    1.7e+05     17927 17935.5 17935.5    17921    1277    1277   16644
         819    1.7e+05     17927 17935.5 17935.5    17919    1277    1277   16642
         820    1.7e+05     17927 17935.5 17935.5    17920    1277    1277   16643
         821    1.7e+05     17927 17935.5 17935.5    17920    1277    1277   16643
         822    1.7e+05     17927 17935.5 17935.5    17921    1277    1277   16644
         823    1.7e+05     17927 17935.5 17935.5    17920    1277    1277   16643
         824    1.7e+05     17927 17935.5 17935.5    17922    1277    1277   16645
         825    1.7e+05     17927 17935.5 17935.5    17922    1277    1277   16645
         826    1.7e+05     17927 17935.5 17935.5    17922    1277    1277   16645
         827    1.7e+05     17927 17935.5 17935.5    17921    1277    1277   16644
         828    1.7e+05     17927 17935.5 17935.5    17924    1277    1277   16647
         829    1.7e+05     17927 17935.5 17935.5    17922    1277    1277   16645
         830    1.7e+05     17927 17935.5 17935.5    17925    1277    1277   16648
         831    1.7e+05     17927 17935.5 17935.5    17921    1277    1277   16644
         832    1.7e+05     17927 17935.5 17935.5    17924    1277    1277   16647
         833    1.7e+05     17927 17935.5 17935.5    17923    1277    1277   16646
         834    1.7e+05     17927 17935.5 17935.5    17922    1277    1277   16645
         835    1.7e+05     17927 17935.5 17935.5    17922    1277    1277   16645
         836    1.7e+05     17927 17935.5 17935.5    17922    1277    1277   16645
         837    1.7e+05     17927 17935.5 17935.5    17923    1277    1277   16646
         838    1.7e+05     17927 17935.5 17935.5    17924    1277    1277   16647
         839    1.7e+05     17927 17935.5 17935.5    17922    1277    1277   16645
         840    1.7e+05     17927 17935.5 17935.5    17923    1277    1277   16646
         841    1.7e+05     17927 17935.5 17935.5    17923    1277    1277   16646
         842    1.7e+05     17927 17935.5 17935.5    17923    1277    1277   16646
         843    1.7e+05     17927 17935.5 17935.5    17921    1277    1277   16644
         844    1.7e+05     17927 17935.5 17935.5    17924    1277    1277   16647
         845    1.7e+05     17927 17935.5 17935.5    17923    1277    1277   16646
         846    1.7e+05     17927 17935.5 17935.5    17923    1277    1277   16646
         847    1.7e+05     17927 17935.5 17935.5    17922    1277    1277   16645
         848    1.7e+05     17927 17935.5 17935.5    17924    1277    1277   16647
         849    1.7e+05     17927 17935.5 17935.5    17923    1277    1277   16646
         850    1.7e+05     17927 17935.5 17935.5    17923    1277    1277   16646
         851    1.7e+05     17927 17935.5 17935.5    17922    1277    1277   16645
         852    1.7e+05     17927 17935.5 17935.5    17923    1277    1277   16646
         853    1.7e+05     17927 17935.5 17935.5    17923    1277    1277   16646
         854    1.7e+05     17927 17935.5 17935.5    17924    1277    1277   16647
         855    1.7e+05     17927 17935.5 17935.5    17922    1277    1277   16645
         856    1.7e+05     17927 17935.5 17935.5    17923    1277    1277   16646
         857    1.7e+05     17927 17935.5 17935.5    17923    1277    1277   16646
         858    1.7e+05     17927 17935.5 17935.5    17924    1277    1277   16647
         859    1.7e+05     17927 17935.5 17935.5    17922    1277    1277   16645
         860    1.7e+05     17927 17935.5 17935.5    17923    1277    1277   16646
               reducing step to 0.00078125
         861    1.7e+05     17927 17935.4 17935.4    17921    1277    1277   16644
         862    1.7e+05     17927 17935.3 17935.3    17921    1277    1277   16644
         863    1.7e+05     17927 17935.3 17935.4    17917    1277    1277   16640
         864    1.7e+05     17927 17935.3 17935.3    17924    1277    1277   16647
         865    1.7e+05     17927 17935.3 17935.3    17914    1277    1277   16637
         866    1.7e+05     17927 17935.3 17935.3    17920    1277    1277   16643
         867    1.7e+05     17927 17935.3 17935.3    17917    1277    1277   16640
         868    1.7e+05     17927 17935.3 17935.3    17921    1277    1277   16644
         869    1.7e+05     17927 17935.3 17935.3    17916    1277    1277   16639
         870    1.7e+05     17927 17935.3 17935.3    17918    1277    1277   16641
         871    1.7e+05     17927 17935.3 17935.3    17918    1277    1277   16641
         872    1.7e+05     17927 17935.3 17935.3    17921    1277    1277   16644
         873    1.7e+05     17927 17935.3 17935.3    17919    1277    1277   16642
         874    1.7e+05     17927 17935.3 17935.3    17923    1277    1277   16646
         875    1.7e+05     17927 17935.3 17935.3    17920    1277    1277   16643
         876    1.7e+05     17927 17935.3 17935.3    17923    1277    1277   16646
         877    1.7e+05     17927 17935.3 17935.3    17918    1277    1277   16641
         878    1.7e+05     17927 17935.3 17935.3    17922    1277    1277   16645
         879    1.7e+05     17927 17935.3 17935.3    17918    1277    1277   16641
         880    1.7e+05     17927 17935.3 17935.3    17922    1277    1277   16645
         881    1.7e+05     17927 17935.3 17935.3    17918    1277    1277   16641
         882    1.7e+05     17927 17935.3 17935.3    17922    1277    1277   16645
         883    1.7e+05     17927 17935.3 17935.3    17919    1277    1277   16642
         884    1.7e+05     17927 17935.3 17935.3    17924    1277    1277   16647
         885    1.7e+05     17927 17935.3 17935.3    17919    1277    1277   16642
         886    1.7e+05     17927 17935.3 17935.3    17924    1277    1277   16647
         887    1.7e+05     17927 17935.3 17935.3    17920    1277    1277   16643
         888    1.7e+05     17927 17935.3 17935.3    17924    1277    1277   16647
         889    1.7e+05     17927 17935.3 17935.3    17920    1277    1277   16643
         890    1.7e+05     17927 17935.3 17935.3    17924    1277    1277   16647
         891    1.7e+05     17927 17935.3 17935.3    17920    1277    1277   16643
         892    1.7e+05     17927 17935.3 17935.3    17924    1277    1277   16647
         893    1.7e+05     17927 17935.3 17935.3    17920    1277    1277   16643
         894    1.7e+05     17927 17935.3 17935.3    17924    1277    1277   16647
         895    1.7e+05     17927 17935.3 17935.3    17920    1277    1277   16643
         896    1.7e+05     17927 17935.3 17935.3    17924    1277    1277   16647
         897    1.7e+05     17927 17935.3 17935.3    17920    1277    1277   16643
         898    1.7e+05     17927 17935.3 17935.3    17924    1277    1277   16647
         899    1.7e+05     17927 17935.3 17935.3    17919    1277    1277   16642
         900    1.7e+05     17927 17935.3 17935.3    17924    1277    1277   16647
         901    1.7e+05     17927 17935.3 17935.3    17919    1277    1277   16642
         902    1.7e+05     17927 17935.3 17935.3    17924    1277    1277   16647
         903    1.7e+05     17927 17935.3 17935.3    17919    1277    1277   16642
         904    1.7e+05     17927 17935.3 17935.3    17923    1277    1277   16646
         905    1.7e+05     17927 17935.3 17935.3    17919    1277    1277   16642
         906    1.7e+05     17927 17935.3 17935.3    17923    1277    1277   16646
         907    1.7e+05     17927 17935.3 17935.3    17919    1277    1277   16642
         908    1.7e+05     17927 17935.3 17935.3    17923    1277    1277   16646
         909    1.7e+05     17927 17935.3 17935.3    17919    1277    1277   16642
         910    1.7e+05     17927 17935.3 17935.3    17923    1277    1277   16646
         911    1.7e+05     17927 17935.3 17935.3    17919    1277    1277   16642
         912    1.7e+05     17927 17935.3 17935.3    17924    1277    1277   16647
         913    1.7e+05     17927 17935.3 17935.3    17920    1277    1277   16643
         914    1.7e+05     17927 17935.3 17935.3    17923    1277    1277   16646
         915    1.7e+05     17927 17935.3 17935.3    17920    1277    1277   16643
         916    1.7e+05     17927 17935.3 17935.3    17923    1277    1277   16646
         917    1.7e+05     17927 17935.3 17935.3    17920    1277    1277   16643
         918    1.7e+05     17927 17935.3 17935.3    17923    1277    1277   16646
         919    1.7e+05     17927 17935.3 17935.3    17920    1277    1277   16643
         920    1.7e+05     17927 17935.3 17935.3    17923    1277    1277   16646
         921    1.7e+05     17927 17935.3 17935.3    17920    1277    1277   16643
         922    1.7e+05     17927 17935.3 17935.3    17924    1277    1277   16647
         923    1.7e+05     17927 17935.3 17935.3    17918    1277    1277   16641
         924    1.7e+05     17927 17935.3 17935.3    17924    1277    1277   16647
         925    1.7e+05     17927 17935.3 17935.3    17920    1277    1277   16643
         926    1.7e+05     17927 17935.3 17935.3    17924    1277    1277   16647
         927    1.7e+05     17927 17935.3 17935.3    17920    1277    1277   16643
         928    1.7e+05     17927 17935.3 17935.3    17924    1277    1277   16647
         929    1.7e+05     17927 17935.3 17935.3    17919    1277    1277   16642
         930    1.7e+05     17927 17935.3 17935.3    17924    1277    1277   16647
         931    1.7e+05     17927 17935.3 17935.3    17919    1277    1277   16642
         932    1.7e+05     17927 17935.3 17935.3    17924    1277    1277   16647
         933    1.7e+05     17927 17935.3 17935.3    17920    1277    1277   16643
         934    1.7e+05     17927 17935.3 17935.3    17923    1277    1277   16646
         935    1.7e+05     17927 17935.3 17935.3    17920    1277    1277   16643
         936    1.7e+05     17927 17935.3 17935.3    17923    1277    1277   16646
         937    1.7e+05     17927 17935.3 17935.3    17920    1277    1277   16643
         938    1.7e+05     17927 17935.3 17935.3    17924    1277    1277   16647
         939    1.7e+05     17927 17935.3 17935.3    17920    1277    1277   16643
         940    1.7e+05     17927 17935.3 17935.3    17924    1277    1277   16647
         941    1.7e+05     17927 17935.3 17935.3    17920    1277    1277   16643
         942    1.7e+05     17927 17935.3 17935.3    17923    1277    1277   16646
         943    1.7e+05     17927 17935.3 17935.3    17919    1277    1277   16642
         944    1.7e+05     17927 17935.3 17935.3    17923    1277    1277   16646
         945    1.7e+05     17927 17935.3 17935.3    17919    1277    1277   16642
         946    1.7e+05     17927 17935.3 17935.3    17923    1277    1277   16646
         947    1.7e+05     17927 17935.3 17935.3    17919    1277    1277   16642
         948    1.7e+05     17927 17935.3 17935.3    17923    1277    1277   16646
         949    1.7e+05     17927 17935.3 17935.3    17919    1277    1277   16642
         950    1.7e+05     17927 17935.3 17935.3    17923    1277    1277   16646
         951    1.7e+05     17927 17935.3 17935.3    17919    1277    1277   16642
         952    1.7e+05     17927 17935.3 17935.3    17923    1277    1277   16646
         953    1.7e+05     17927 17935.3 17935.3    17920    1277    1277   16643
         954    1.7e+05     17927 17935.3 17935.3    17924    1277    1277   16647
         955    1.7e+05     17927 17935.3 17935.3    17919    1277    1277   16642
         956    1.7e+05     17927 17935.3 17935.3    17924    1277    1277   16647
         957    1.7e+05     17927 17935.3 17935.3    17920    1277    1277   16643
         958    1.7e+05     17927 17935.3 17935.3    17924    1277    1277   16647
         959    1.7e+05     17927 17935.3 17935.3    17919    1277    1277   16642
         960    1.7e+05     17927 17935.3 17935.3    17924    1277    1277   16647
         961    1.7e+05     17927 17935.3 17935.3    17919    1277    1277   16642
         962    1.7e+05     17927 17935.3 17935.3    17924    1277    1277   16647
         963    1.7e+05     17927 17935.3 17935.3    17919    1277    1277   16642
         964    1.7e+05     17927 17935.3 17935.3    17923    1277    1277   16646
         965    1.7e+05     17927 17935.3 17935.3    17919    1277    1277   16642
         966    1.7e+05     17927 17935.3 17935.3    17923    1277    1277   16646
         967    1.7e+05     17927 17935.3 17935.3    17919    1277    1277   16642
         968    1.7e+05     17927 17935.3 17935.3    17923    1277    1277   16646
         969    1.7e+05     17927 17935.3 17935.3    17919    1277    1277   16642
               reducing step to 0.000390625
         970    1.7e+05     17927 17935.3 17935.3    17923    1277    1277   16646
         971    1.7e+05     17927 17935.2 17935.2    17922    1277    1277   16645
         972    1.7e+05     17927 17935.2 17935.2    17920    1277    1277   16643
         973    1.7e+05     17927 17935.2 17935.2    17924    1277    1277   16647
         974    1.7e+05     17927 17935.2 17935.2    17922    1277    1277   16645
         975    1.7e+05     17927 17935.2 17935.2    17922    1277    1277   16645
         976    1.7e+05     17927 17935.2 17935.2    17927    1277    1277   16650
         977    1.7e+05     17927 17935.2 17935.2    17924    1277    1277   16647
         978    1.7e+05     17927 17935.2 17935.2    17926    1277    1277   16649
         979    1.7e+05     17927 17935.2 17935.2    17921    1277    1277   16644
         980    1.7e+05     17927 17935.2 17935.2    17926    1277    1277   16649
         981    1.7e+05     17927 17935.2 17935.2    17923    1277    1277   16646
         982    1.7e+05     17927 17935.2 17935.2    17922    1277    1277   16645
         983    1.7e+05     17927 17935.2 17935.2    17922    1277    1277   16645
         984    1.7e+05     17927 17935.2 17935.2    17923    1277    1277   16646
         985    1.7e+05     17927 17935.2 17935.2    17922    1277    1277   16645
         986    1.7e+05     17927 17935.2 17935.2    17924    1277    1277   16647
         987    1.7e+05     17927 17935.2 17935.2    17921    1277    1277   16644
         988    1.7e+05     17927 17935.2 17935.2    17924    1277    1277   16647
         989    1.7e+05     17927 17935.2 17935.2    17921    1277    1277   16644
         990    1.7e+05     17927 17935.2 17935.2    17922    1277    1277   16645
         991    1.7e+05     17927 17935.2 17935.2    17922    1277    1277   16645
         992    1.7e+05     17927 17935.2 17935.2    17925    1277    1277   16648
         993    1.7e+05     17927 17935.2 17935.2    17922    1277    1277   16645
         994    1.7e+05     17927 17935.2 17935.2    17923    1277    1277   16646
         995    1.7e+05     17927 17935.2 17935.2    17922    1277    1277   16645
         996    1.7e+05     17927 17935.2 17935.2    17925    1277    1277   16648
         997    1.7e+05     17927 17935.2 17935.2    17922    1277    1277   16645
               reducing step to 0.000195313
         998    1.7e+05     17927 17935.2 17935.2    17923    1277    1277   16646
         999    1.7e+05     17927 17935.2 17935.2    17920    1277    1277   16643
        1000    1.7e+05     17927 17935.2 17935.2    17921    1277    1277   16644
Total time used by klau is 488.23
true_align (3890) and est_align (1277) DO NOT have the same number of elements.
method klau has a score of 23.32%
method klau used 488.229 seconds.
maximum values in init align row is:  3889
maximum values in init align col is:  3884
 best   iter   pr-delta       obj  weight    card overlap
    *      1    6.3e-01   13306.5    1283    1283   12665
    *      2    1.9e-01   13981.5    1283    1283   13340
    *      3    6.6e-02   14004.5    1283    1283   13363
    *      4    2.4e-02   14072.5    1283    1283   13431
    *      5    9.1e-03   14073.5    1283    1283   13432
    *      6    3.6e-03   14086.5    1283    1283   13445
    *      7    1.4e-03   14107.5    1283    1283   13466
    *      8    5.8e-04   14111.5    1283    1283   13470
           9    2.4e-04   14111.5    1283    1283   13470
          10    1.0e-04   14111.5    1283    1283   13470
          11    4.4e-05   14111.5    1283    1283   13470
          12    2.0e-05   14111.5    1283    1283   13470
          13    9.5e-06   14111.5    1283    1283   13470
          14    4.8e-06   14111.5    1283    1283   13470
          15    2.5e-06   14111.5    1283    1283   13470
          16    1.4e-06   14111.5    1283    1283   13470
          17    7.8e-07   14111.5    1283    1283   13470
          18    4.7e-07   14111.5    1283    1283   13470
          19    2.9e-07   14111.5    1283    1283   13470
          20    1.8e-07   14111.5    1283    1283   13470
          21    1.1e-07   14111.5    1283    1283   13470
          22    7.2e-08   14111.5    1283    1283   13470
          23    4.6e-08   14111.5    1283    1283   13470
          24    3.0e-08   14111.5    1283    1283   13470
          25    1.9e-08   14111.5    1283    1283   13470
          26    1.3e-08   14111.5    1283    1283   13470
          27    8.2e-09   14111.5    1283    1283   13470
          28    5.4e-09   14111.5    1283    1283   13470
          29    3.5e-09   14111.5    1283    1283   13470
          30    2.3e-09   14111.5    1283    1283   13470
          31    1.5e-09   14111.5    1283    1283   13470
          32    1.0e-09   14111.5    1283    1283   13470
          33    6.6e-10   14111.5    1283    1283   13470
          34    4.4e-10   14111.5    1283    1283   13470
          35    2.9e-10   14111.5    1283    1283   13470
          36    1.9e-10   14111.5    1283    1283   13470
          37    1.3e-10   14111.5    1283    1283   13470
          38    8.4e-11   14111.5    1283    1283   13470
          39    5.6e-11   14111.5    1283    1283   13470
          40    3.7e-11   14111.5    1283    1283   13470
          41    2.4e-11   14111.5    1283    1283   13470
          42    1.6e-11   14111.5    1283    1283   13470
          43    1.1e-11   14111.5    1283    1283   13470
          44    7.2e-12   14111.5    1283    1283   13470
          45    4.8e-12   14111.5    1283    1283   13470
          46    3.2e-12   14111.5    1283    1283   13470
          47    2.1e-12   14111.5    1283    1283   13470
          48    1.4e-12   14111.5    1283    1283   13470
          49    9.3e-13   14111.5    1283    1283   13470
Total time used by isorank is 5.85
true_align (3890) and est_align (1283) DO NOT have the same number of elements.
method isorank has a score of 12.75%
method isorank used 5.849 seconds.
experiment results:
     method      score        time
0     final  41.465296   36.032427
1  netalign  23.213368   22.621006
2      klau  23.316195  488.228650
3   isorank  12.750643    5.849130
