Permutation sanity check error is 765.0.
Permutation sanity check error is 151335.0.
num_init for this graph is 12
Generating initial alignment matrix using degree ...
mode is  degree
number of noisy edges are:  12
Average number of initial alignments for each node is 24
maximum values in init align row is:  3889
maximum values in init align col is:  3886
Recovering sparse matrix L took 0.03 sec.
Time for degree: 0.04 sec
iteration 1
Time for iteration 1: 0.88 sec, diff = 0.29111
iteration 2
Time for iteration 2: 2.62 sec, diff = 0.02024
iteration 3
Time for iteration 3: 2.80 sec, diff = 0.00554
iteration 4
Time for iteration 4: 2.69 sec, diff = 0.00240
iteration 5
Time for iteration 5: 2.70 sec, diff = 0.00126
iteration 6
Time for iteration 6: 2.79 sec, diff = 0.00073
iteration 7
Time for iteration 7: 2.72 sec, diff = 0.00045
iteration 8
Time for iteration 8: 2.70 sec, diff = 0.00029
iteration 9
Time for iteration 9: 2.79 sec, diff = 0.00019
iteration 10
Time for iteration 10: 2.71 sec, diff = 0.00013
iteration 11
Time for iteration 11: 2.71 sec, diff = 0.00009
iteration 12
Time for iteration 12: 2.77 sec, diff = 0.00006
iteration 13
Time for iteration 13: 2.70 sec, diff = 0.00004
iteration 14
Time for iteration 14: 2.73 sec, diff = 0.00003
iteration 15
Time for iteration 15: 2.72 sec, diff = 0.00002
iteration 16
Time for iteration 16: 2.69 sec, diff = 0.00001
iteration 17
Time for iteration 17: 2.73 sec, diff = 0.00001
Total time used by final is 47.14 sec.
true_align and est_align have the same number of elements.
method final has a score of 40.26%
method final used 47.143 seconds.
maximum values in init align row is:  3889
maximum values in init align col is:  3886
best   iter    obj_ma wght_ma card_ma over_ma    obj_mb wght_mb card_mb over_mb
  *a      1     16434    1287    1287   15147     16434    1287    1287   15147
          2      3315     839     839    2476      3441     779     779    2662
          3     10695    1210    1210    9485      8787     961     961    7826
          4      4955    1077    1077    3878      5112    1000    1000    4112
          5     13082    1236    1236   11846     12542    1047    1047   11495
          6     16283    1276    1276   15007     15832    1258    1258   14574
  *a      7     16916    1265    1265   15651     16880    1181    1181   15699
          8      9379    1201    1201    8178      9583    1143    1143    8440
          9      7076     981     981    6095      5254     575     575    4679
         10     11837    1249    1249   10588     11818    1217    1217   10601
         11      9289    1069    1069    8220      8794     839     839    7955
         12      9839    1213    1213    8626      9802    1117    1117    8685
         13      5416     934     934    4482      4540     641     641    3899
         14      9843    1226    1226    8617      9747    1134    1134    8613
         15      6495    1013    1013    5482      5856     758     758    5098
         16     10262    1233    1233    9029     10319    1134    1134    9185
         17      7436    1042    1042    6394      6589     786     786    5803
         18     10610    1237    1237    9373     10759    1140    1140    9619
         19      8280    1076    1076    7204      7827     864     864    6963
         20     11656    1241    1241   10415     11423    1166    1166   10257
         21     10365    1133    1133    9232      9668     949     949    8719
         22     12244    1247    1247   10997     12002    1175    1175   10827
         23     12874    1196    1196   11678     12454    1033    1033   11421
         24     12651    1251    1251   11400     12733    1189    1189   11544
         25     16023    1259    1259   14764     15702    1119    1119   14583
         26     14111    1260    1260   12851     14147    1199    1199   12948
         27     15736    1262    1262   14474     15450    1145    1145   14305
         28     16054    1263    1263   14791     15707    1197    1197   14510
         29     15538    1267    1267   14271     15676    1232    1232   14444
         30     16174    1269    1269   14905     16136    1253    1253   14883
  *a     31     17340    1276    1276   16064     17315    1264    1264   16051
  *a     32     17523    1277    1277   16246     17511    1267    1267   16244
  *a     33     17776    1278    1278   16498     17756    1264    1264   16492
  *a     34     17782    1278    1278   16504     17753    1262    1262   16491
  *a     35     17787    1278    1278   16509     17758    1264    1264   16494
  *a     36     17789    1278    1278   16511     17771    1270    1270   16501
         37     17789    1278    1278   16511     17788    1277    1277   16511
  *a     38     17791    1278    1278   16513     17785    1275    1275   16510
  *a     39     17794    1278    1278   16516     17787    1275    1275   16512
         40     17794    1278    1278   16516     17791    1276    1276   16515
         41     17794    1278    1278   16516     17793    1277    1277   16516
  *a     42     17795    1278    1278   16517     17793    1277    1277   16516
         43     17795    1278    1278   16517     17792    1276    1276   16516
         44     17795    1278    1278   16517     17794    1277    1277   16517
         45     17795    1278    1278   16517     17793    1276    1276   16517
         46     17795    1278    1278   16517     17794    1277    1277   16517
         47     17795    1278    1278   16517     17794    1277    1277   16517
         48     17795    1278    1278   16517     17795    1278    1278   16517
         49     17795    1278    1278   16517     17795    1278    1278   16517
         50     17795    1278    1278   16517     17795    1278    1278   16517
         51     17795    1278    1278   16517     17795    1278    1278   16517
         52     17795    1278    1278   16517     17795    1278    1278   16517
         53     17795    1278    1278   16517     17795    1278    1278   16517
         54     17795    1278    1278   16517     17795    1278    1278   16517
         55     17795    1278    1278   16517     17795    1278    1278   16517
         56     17795    1278    1278   16517     17795    1278    1278   16517
         57     17795    1278    1278   16517     17795    1278    1278   16517
         58     17795    1278    1278   16517     17795    1278    1278   16517
         59     17795    1278    1278   16517     17795    1278    1278   16517
         60     17795    1278    1278   16517     17795    1278    1278   16517
         61     17795    1278    1278   16517     17795    1278    1278   16517
         62     17795    1278    1278   16517     17795    1278    1278   16517
         63     17795    1278    1278   16517     17795    1278    1278   16517
         64     17795    1278    1278   16517     17795    1278    1278   16517
         65     17795    1278    1278   16517     17795    1278    1278   16517
         66     17795    1278    1278   16517     17795    1278    1278   16517
         67     17795    1278    1278   16517     17795    1278    1278   16517
         68     17795    1278    1278   16517     17795    1278    1278   16517
         69     17795    1278    1278   16517     17795    1278    1278   16517
         70     17795    1278    1278   16517     17795    1278    1278   16517
         71     17795    1278    1278   16517     17795    1278    1278   16517
         72     17795    1278    1278   16517     17795    1278    1278   16517
         73     17795    1278    1278   16517     17795    1278    1278   16517
         74     17795    1278    1278   16517     17795    1278    1278   16517
         75     17795    1278    1278   16517     17795    1278    1278   16517
         76     17795    1278    1278   16517     17795    1278    1278   16517
         77     17795    1278    1278   16517     17795    1278    1278   16517
         78     17795    1278    1278   16517     17795    1278    1278   16517
         79     17795    1278    1278   16517     17795    1278    1278   16517
         80     17795    1278    1278   16517     17795    1278    1278   16517
         81     17795    1278    1278   16517     17795    1278    1278   16517
         82     17795    1278    1278   16517     17795    1278    1278   16517
         83     17795    1278    1278   16517     17795    1278    1278   16517
         84     17795    1278    1278   16517     17795    1278    1278   16517
         85     17795    1278    1278   16517     17795    1278    1278   16517
         86     17795    1278    1278   16517     17795    1278    1278   16517
         87     17795    1278    1278   16517     17795    1278    1278   16517
         88     17795    1278    1278   16517     17795    1278    1278   16517
         89     17795    1278    1278   16517     17795    1278    1278   16517
         90     17795    1278    1278   16517     17795    1278    1278   16517
         91     17795    1278    1278   16517     17795    1278    1278   16517
         92     17795    1278    1278   16517     17795    1278    1278   16517
         93     17795    1278    1278   16517     17795    1278    1278   16517
         94     17795    1278    1278   16517     17795    1278    1278   16517
         95     17795    1278    1278   16517     17795    1278    1278   16517
         96     17795    1278    1278   16517     17795    1278    1278   16517
         97     17795    1278    1278   16517     17795    1278    1278   16517
         98     17795    1278    1278   16517     17795    1278    1278   16517
         99     17795    1278    1278   16517     17795    1278    1278   16517
        100     17795    1278    1278   16517     17795    1278    1278   16517
Total time used by netalign is 22.93
true_align (3890) and est_align (1278) DO NOT have the same number of elements.
method netalign has a score of 23.39%
method netalign used 22.928 seconds.
maximum values in init align row is:  3889
maximum values in init align col is:  3886
 best   iter     norm-u     lower   upper     cur      obj  weight    card overlap
    *      1    0.0e+00     17212 19611.5 19611.5    17212    1286    1286   15926
           2    1.2e+04     17212 19611.5   21043    15605    1287    1287   14318
           3    1.8e+04     17212 19611.5   20265    14440    1287    1287   13153
           4    2.4e+04     17212 19611.5 20341.9    13947    1287    1287   12660
           5    2.9e+04     17212 19611.5 20235.2    11956    1287    1287   10669
           6    3.4e+04     17212 19611.5 20515.3    11557    1287    1287   10270
           7    3.8e+04     17212 19611.5 20278.8    10654    1287    1287    9367
           8    4.3e+04     17212 19611.5 20448.3     9846    1287    1287    8559
           9    4.7e+04     17212 19611.5 20363.5     9568    1287    1287    8281
          10    5.1e+04     17212 19611.5 20431.5     9768    1287    1287    8481
          11    5.4e+04     17212 19611.5 20343.2     9620    1287    1287    8333
          12    5.8e+04     17212 19611.5 20389.2     8819    1287    1287    7532
          13    6.1e+04     17212 19611.5 20386.2     8751    1287    1287    7464
          14    6.5e+04     17212 19611.5 20333.8     9038    1287    1287    7751
          15    6.8e+04     17212 19611.5 20474.7     8936    1287    1287    7649
          16    7.1e+04     17212 19611.5   20317     8974    1287    1287    7687
          17    7.4e+04     17212 19611.5 20405.9     8789    1287    1287    7502
          18    7.7e+04     17212 19611.5 20322.6     8537    1287    1287    7250
          19    8.0e+04     17212 19611.5 20408.9     8290    1287    1287    7003
          20    8.3e+04     17212 19611.5 20381.2     8788    1287    1287    7501
          21    8.5e+04     17212 19611.5 20394.9     8446    1287    1287    7159
          22    8.8e+04     17212 19611.5 20362.3     9016    1287    1287    7729
          23    9.0e+04     17212 19611.5 20422.4     8218    1287    1287    6931
          24    9.2e+04     17212 19611.5 20406.9     8609    1287    1287    7322
          25    9.5e+04     17212 19611.5 20335.6     8470    1287    1287    7183
          26    9.7e+04     17212 19611.5 20462.2     8420    1286    1286    7134
               reducing step to 0.2
          27    9.8e+04     17212 19548.5 19548.5     9672    1287    1287    8385
          28    9.9e+04     17212 19408.4 19408.4     8285    1287    1287    6998
          29    1.0e+05     17212 19393.6 19393.6     8115    1287    1287    6828
          30    1.0e+05     17212   19272   19272     8397    1287    1287    7110
          31    1.0e+05     17212   19272 19280.5     7685    1287    1287    6398
          32    1.0e+05     17212 19215.9 19215.9     8508    1287    1287    7221
          33    1.0e+05     17212   19198   19198     8322    1287    1287    7035
          34    1.0e+05     17212 19174.2 19174.2     8240    1287    1287    6953
          35    1.0e+05     17212 19117.5 19117.5     8464    1286    1286    7178
          36    1.1e+05     17212 19107.1 19107.1     8678    1287    1287    7391
          37    1.1e+05     17212 19107.1 19107.5     8237    1287    1287    6950
          38    1.1e+05     17212 19062.9 19062.9     8783    1287    1287    7496
          39    1.1e+05     17212 19037.5 19037.5     8274    1287    1287    6987
          40    1.1e+05     17212 19035.2 19035.2     8810    1287    1287    7523
          41    1.1e+05     17212 19004.4 19004.4     8496    1287    1287    7209
          42    1.1e+05     17212 19004.4 19025.8     8759    1287    1287    7472
          43    1.1e+05     17212 18955.4 18955.4     8687    1287    1287    7400
          44    1.1e+05     17212 18955.4 18991.9     8541    1286    1286    7255
          45    1.1e+05     17212   18908   18908     9234    1287    1287    7947
          46    1.1e+05     17212   18908 18960.9     8801    1287    1287    7514
          47    1.1e+05     17212 18901.7 18901.7     8936    1287    1287    7649
          48    1.1e+05     17212 18896.7 18896.7     9574    1286    1286    8288
          49    1.1e+05     17212 18878.4 18878.4     8851    1286    1286    7565
          50    1.1e+05     17212 18878.4 18888.9     9468    1286    1286    8182
          51    1.1e+05     17212 18836.7 18836.7     9456    1286    1286    8170
          52    1.2e+05     17212 18836.7 18865.3     9297    1287    1287    8010
          53    1.2e+05     17212 18783.1 18783.1     9266    1285    1285    7981
          54    1.2e+05     17212 18783.1 18847.4     9446    1286    1286    8160
          55    1.2e+05     17212 18783.1 18804.2     9220    1287    1287    7933
          56    1.2e+05     17212 18783.1 18813.4     9536    1286    1286    8250
          57    1.2e+05     17212 18759.3 18759.3     9548    1286    1286    8262
          58    1.2e+05     17212 18759.3 18781.3     9821    1287    1287    8534
          59    1.2e+05     17212 18759.3 18772.5     9871    1286    1286    8585
          60    1.2e+05     17212 18759.3 18792.3     9483    1287    1287    8196
          61    1.2e+05     17212 18745.3 18745.3     9748    1286    1286    8462
          62    1.2e+05     17212 18739.6 18739.6     9757    1286    1286    8471
          63    1.2e+05     17212 18739.6 18765.4     9787    1286    1286    8501
          64    1.2e+05     17212 18719.9 18719.9    10475    1287    1287    9188
          65    1.2e+05     17212 18719.9 18748.9     9924    1287    1287    8637
          66    1.2e+05     17212 18719.9 18786.9     9830    1287    1287    8543
          67    1.2e+05     17212 18687.7 18687.7    10841    1287    1287    9554
          68    1.2e+05     17212 18687.7 18695.4     9943    1285    1285    8658
          69    1.2e+05     17212 18687.7 18741.4     9765    1285    1285    8480
          70    1.2e+05     17212 18687.7 18691.4    10751    1285    1285    9466
          71    1.2e+05     17212 18650.8 18650.8    10580    1286    1286    9294
          72    1.2e+05     17212 18650.8 18724.6     9709    1286    1286    8423
          73    1.2e+05     17212 18650.8   18691    10436    1286    1286    9150
          74    1.2e+05     17212 18650.8 18653.5    10905    1286    1286    9619
          75    1.3e+05     17212 18650.8 18686.3     9651    1284    1284    8367
          76    1.3e+05     17212 18650.8 18764.4    10530    1286    1286    9244
          77    1.3e+05     17212 18650.8 18652.2    10120    1286    1286    8834
          78    1.3e+05     17212 18650.8 18721.1    10404    1286    1286    9118
          79    1.3e+05     17212 18650.8 18677.9     9766    1285    1285    8481
          80    1.3e+05     17212 18650.8 18735.1    10384    1287    1287    9097
          81    1.3e+05     17212 18606.3 18606.3    10962    1286    1286    9676
          82    1.3e+05     17212 18606.3 18725.4    10180    1285    1285    8895
          83    1.3e+05     17212 18606.3 18616.5    10223    1286    1286    8937
          84    1.3e+05     17212 18606.3 18739.5    10772    1286    1286    9486
          85    1.3e+05     17212 18553.9 18553.9    10941    1284    1284    9657
          86    1.3e+05     17212 18553.9 18713.5    10456    1286    1286    9170
          87    1.3e+05     17212 18553.9 18568.6    10479    1285    1285    9194
          88    1.3e+05     17212 18553.9 18674.1    11015    1286    1286    9729
          89    1.3e+05     17212 18553.9 18557.7    10507    1284    1284    9223
          90    1.3e+05     17212 18553.9 18639.4     9966    1286    1286    8680
          91    1.3e+05     17212 18553.9 18593.7    10211    1285    1285    8926
          92    1.3e+05     17212 18553.9   18608    10866    1286    1286    9580
          93    1.3e+05     17212 18550.5 18550.5    11140    1285    1285    9855
          94    1.3e+05     17212 18550.5 18603.9    10528    1286    1286    9242
          95    1.3e+05     17212 18550.5 18609.6    10974    1285    1285    9689
          96    1.3e+05     17212 18550.5 18596.7    11096    1286    1286    9810
          97    1.3e+05     17212 18550.5 18555.2    10053    1284    1284    8769
          98    1.3e+05     17212 18550.5 18694.7    10285    1285    1285    9000
          99    1.3e+05     17212 18509.5 18509.5    11572    1283    1283   10289
         100    1.3e+05     17212 18509.5 18618.9    11420    1284    1284   10136
         101    1.3e+05     17212 18509.5   18519    10824    1283    1283    9541
         102    1.3e+05     17212 18509.5 18642.5    10554    1286    1286    9268
         103    1.3e+05     17212 18499.1 18499.1    10669    1284    1284    9385
         104    1.3e+05     17212 18499.1 18675.8    11422    1286    1286   10136
         105    1.4e+05     17212 18489.4 18489.4    11561    1284    1284   10277
         106    1.4e+05     17212 18489.4 18682.9    11103    1285    1285    9818
         107    1.4e+05     17212 18489.4 18503.5    11608    1284    1284   10324
         108    1.4e+05     17212 18489.4 18602.1    10789    1285    1285    9504
         109    1.4e+05     17212 18489.4 18532.2    10685    1285    1285    9400
         110    1.4e+05     17212 18489.4 18554.3    11928    1284    1284   10644
         111    1.4e+05     17212 18471.4 18471.4    11607    1283    1283   10324
         112    1.4e+05     17212 18471.4   18633    11251    1285    1285    9966
         113    1.4e+05     17212 18469.4 18469.4    10990    1283    1283    9707
         114    1.4e+05     17212 18469.4 18659.9    10896    1285    1285    9611
         115    1.4e+05     17212 18453.4 18453.4    11196    1283    1283    9913
         116    1.4e+05     17212 18453.4 18584.5    11238    1284    1284    9954
         117    1.4e+05     17212 18453.4 18456.5    11504    1283    1283   10221
         118    1.4e+05     17212 18453.4 18555.3    10792    1284    1284    9508
         119    1.4e+05     17212 18453.4 18494.3    11170    1286    1286    9884
         120    1.4e+05     17212 18453.4 18530.3    11569    1285    1285   10284
         121    1.4e+05     17212 18453.4 18459.4    10502    1282    1282    9220
         122    1.4e+05     17212 18453.4   18623    10738    1286    1286    9452
         123    1.4e+05     17212 18418.3 18418.3    11852    1284    1284   10568
         124    1.4e+05     17212 18418.3 18501.5    11343    1284    1284   10059
         125    1.4e+05     17212 18418.3 18463.3    11355    1283    1283   10072
         126    1.4e+05     17212 18418.3   18484    11424    1286    1286   10138
         127    1.4e+05     17212 18418.3 18450.2    11864    1285    1285   10579
         128    1.4e+05     17212 18418.3 18468.1    11559    1284    1284   10275
         129    1.4e+05     17212 18418.3 18501.7    10980    1282    1282    9698
         130    1.4e+05     17212 18418.3 18513.1    10909    1285    1285    9624
         131    1.4e+05     17212 18418.3 18446.7    11249    1284    1284    9965
         132    1.4e+05     17212 18418.3   18502    11139    1285    1285    9854
         133    1.4e+05     17212 18418.3 18471.2    11714    1282    1282   10432
         134    1.4e+05     17212 18418.3 18454.2    11589    1284    1284   10305
         135    1.4e+05     17212 18418.3 18491.8    11092    1285    1285    9807
         136    1.4e+05     17212 18418.3 18525.3    11514    1286    1286   10228
         137    1.4e+05     17212 18418.3 18423.5    11729    1282    1282   10447
         138    1.4e+05     17212 18418.3 18543.2    11758    1284    1284   10474
         139    1.4e+05     17212 18404.3 18404.3    12222    1284    1284   10938
         140    1.5e+05     17212 18404.3 18472.3    11275    1283    1283    9992
         141    1.5e+05     17212 18404.3   18479    11571    1285    1285   10286
         142    1.5e+05     17212 18404.3 18456.2    11629    1285    1285   10344
         143    1.5e+05     17212 18404.3 18426.8    11457    1283    1283   10174
         144    1.5e+05     17212 18404.3 18459.6    11551    1286    1286   10265
         145    1.5e+05     17212 18394.4 18394.4    11661    1283    1283   10378
         146    1.5e+05     17212 18394.4 18488.5    11371    1285    1285   10086
         147    1.5e+05     17212 18394.4 18413.5    11892    1284    1284   10608
         148    1.5e+05     17212 18394.4 18519.5    12054    1284    1284   10770
         149    1.5e+05     17212 18363.7 18363.7    11935    1281    1281   10654
         150    1.5e+05     17212 18363.7 18548.8    11144    1283    1283    9861
         151    1.5e+05     17212 18363.7 18408.1    12084    1283    1283   10801
         152    1.5e+05     17212 18363.7 18446.4    12364    1283    1283   11081
         153    1.5e+05     17212 18363.7   18394    12703    1283    1283   11420
         154    1.5e+05     17212 18363.7 18490.2    12115    1285    1285   10830
         155    1.5e+05     17212 18363.7 18393.2    11723    1282    1282   10441
         156    1.5e+05     17212 18363.7 18526.5    11246    1286    1286    9960
         157    1.5e+05     17212 18363.7 18378.3    12186    1283    1283   10903
         158    1.5e+05     17212 18363.7 18457.7    11749    1284    1284   10465
         159    1.5e+05     17212 18363.7 18394.3    11944    1282    1282   10662
         160    1.5e+05     17212 18363.7 18423.9    11928    1283    1283   10645
         161    1.5e+05     17212 18363.7 18411.1    11047    1282    1282    9765
         162    1.5e+05     17212 18363.7   18505    11654    1286    1286   10368
         163    1.5e+05     17212 18363.7 18363.7    12433    1285    1285   11148
         164    1.5e+05     17212 18363.7 18459.2    12026    1284    1284   10742
         165    1.5e+05     17212 18363.7 18390.1    11725    1283    1283   10442
         166    1.5e+05     17212 18363.7 18485.8    11555    1285    1285   10270
         167    1.5e+05     17212 18363.7 18393.2    12278    1282    1282   10996
         168    1.5e+05     17212 18363.7 18463.9    11932    1285    1285   10647
         169    1.5e+05     17212 18363.7 18418.7    12583    1281    1281   11302
         170    1.5e+05     17212 18363.7   18375    12260    1285    1285   10975
         171    1.5e+05     17212 18359.2 18359.2    11677    1284    1284   10393
         172    1.5e+05     17212 18359.2 18511.7    10722    1281    1281    9441
         173    1.5e+05     17212 18359.2 18366.3    12295    1285    1285   11010
         174    1.5e+05     17212 18359.2 18380.7    12643    1282    1282   11361
         175    1.5e+05     17212 18359.2 18378.2    11911    1284    1284   10627
         176    1.5e+05     17212 18359.2 18433.5    11927    1284    1284   10643
         177    1.5e+05     17212   18342   18342    12104    1280    1280   10824
         178    1.5e+05     17212   18342   18447    11608    1281    1281   10327
         179    1.5e+05     17212   18342 18372.4    12056    1282    1282   10774
         180    1.5e+05     17212   18342 18410.6    12184    1283    1283   10901
         181    1.6e+05     17212 18336.2 18336.2    12554    1284    1284   11270
         182    1.6e+05     17212 18336.2 18405.5    11989    1282    1282   10707
         183    1.6e+05     17212 18336.2 18383.5    12085    1282    1282   10803
         184    1.6e+05     17212 18336.2 18411.3    11978    1285    1285   10693
         185    1.6e+05     17212 18336.2 18382.5    11720    1285    1285   10435
         186    1.6e+05     17212 18336.2   18425    12065    1285    1285   10780
         187    1.6e+05     17212 18336.2 18350.4    12045    1281    1281   10764
         188    1.6e+05     17212 18336.2 18361.5    11753    1281    1281   10472
         189    1.6e+05     17212 18336.2 18407.8    12267    1284    1284   10983
         190    1.6e+05     17212 18336.2 18340.8    11802    1281    1281   10521
         191    1.6e+05     17212 18336.2 18427.2    11522    1286    1286   10236
         192    1.6e+05     17212 18336.2 18346.7    12530    1284    1284   11246
         193    1.6e+05     17212 18336.2 18353.8    11532    1283    1283   10249
         194    1.6e+05     17212 18336.2 18517.1    11651    1284    1284   10367
         195    1.6e+05     17212 18336.2 18342.4    12649    1284    1284   11365
         196    1.6e+05     17212 18336.2 18450.4    12186    1283    1283   10903
         197    1.6e+05     17212 18336.2 18356.8    12482    1282    1282   11200
         198    1.6e+05     17212 18336.2 18395.4    12307    1286    1286   11021
         199    1.6e+05     17212 18332.9 18332.9    11617    1284    1284   10333
         200    1.6e+05     17212 18332.9 18467.6    11250    1283    1283    9967
         201    1.6e+05     17212 18332.9 18352.1    12766    1284    1284   11482
         202    1.6e+05     17212 18328.9 18328.9    13493    1284    1284   12209
         203    1.6e+05     17212 18314.5 18314.5    13160    1282    1282   11878
         204    1.6e+05     17212 18314.5 18409.6    12718    1281    1281   11437
         205    1.6e+05     17212 18314.5 18320.3    12284    1282    1282   11002
         206    1.6e+05     17212 18314.5 18412.9    12033    1282    1282   10751
         207    1.6e+05     17212 18314.5 18363.7    12183    1283    1283   10900
         208    1.6e+05     17212 18314.5 18436.1    12835    1282    1282   11553
         209    1.6e+05     17212 18314.5 18320.4    12378    1281    1281   11097
         210    1.6e+05     17212 18314.5 18413.9    11960    1285    1285   10675
         211    1.6e+05     17212 18314.5 18347.4    12359    1282    1282   11077
         212    1.6e+05     17212 18314.5 18400.1    12342    1284    1284   11058
         213    1.6e+05     17212 18307.9 18307.9    12945    1282    1282   11663
         214    1.6e+05     17212 18307.9 18322.8    12872    1283    1283   11589
         215    1.6e+05     17212 18307.9 18331.6    12074    1285    1285   10789
         216    1.6e+05     17212 18307.9 18425.6    12111    1283    1283   10828
         217    1.6e+05     17212 18307.9 18319.6    12563    1284    1284   11279
         218    1.6e+05     17212 18307.9 18411.4    11911    1283    1283   10628
         219    1.6e+05     17212 18307.9 18342.7    12569    1280    1280   11289
         220    1.6e+05     17212 18307.9 18351.9    12461    1285    1285   11176
         221    1.6e+05     17212 18307.9 18342.7    12008    1282    1282   10726
         222    1.6e+05     17212 18307.9 18439.9    12288    1285    1285   11003
         223    1.6e+05     17212 18307.9 18319.6    13199    1281    1281   11918
         224    1.6e+05     17212 18307.9 18354.4    13017    1280    1280   11737
         225    1.6e+05     17212 18307.9 18353.7    12343    1280    1280   11063
         226    1.6e+05     17212 18307.9   18392    12152    1284    1284   10868
         227    1.6e+05     17212 18307.9 18332.9    12413    1283    1283   11130
         228    1.7e+05     17212 18307.9 18412.9    12176    1281    1281   10895
         229    1.7e+05     17212 18307.9 18326.7    12541    1282    1282   11259
         230    1.7e+05     17212 18307.9 18330.6    12831    1283    1283   11548
         231    1.7e+05     17212 18294.3 18294.3    12956    1283    1283   11673
         232    1.7e+05     17212 18294.3 18446.4    11692    1283    1283   10409
         233    1.7e+05     17212 18294.3 18311.8    12572    1282    1282   11290
         234    1.7e+05     17212 18294.3 18369.1    12447    1282    1282   11165
         235    1.7e+05     17212 18294.3 18330.9    12470    1284    1284   11186
         236    1.7e+05     17212 18294.3 18377.7    12616    1283    1283   11333
         237    1.7e+05     17212 18294.3 18340.4    12128    1280    1280   10848
         238    1.7e+05     17212 18294.3 18425.4    12093    1283    1283   10810
         239    1.7e+05     17212 18294.3 18322.6    12338    1282    1282   11056
         240    1.7e+05     17212 18294.3 18412.2    12405    1283    1283   11122
         241    1.7e+05     17212 18294.3 18326.3    12526    1284    1284   11242
         242    1.7e+05     17212 18294.3 18370.7    12176    1281    1281   10895
         243    1.7e+05     17212 18294.3 18325.6    12759    1280    1280   11479
         244    1.7e+05     17212 18294.3 18366.5    12775    1284    1284   11491
         245    1.7e+05     17212 18294.3   18318    12313    1282    1282   11031
         246    1.7e+05     17212 18294.3 18501.3    12127    1285    1285   10842
         247    1.7e+05     17212 18288.8 18288.8    12714    1282    1282   11432
         248    1.7e+05     17212 18288.8 18358.8    12832    1282    1282   11550
         249    1.7e+05     17212 18288.8 18303.9    12475    1281    1281   11194
         250    1.7e+05     17212 18288.8   18444    12133    1283    1283   10850
         251    1.7e+05     17212 18280.3 18280.3    12862    1283    1283   11579
         252    1.7e+05     17212 18280.3 18415.6    12595    1286    1286   11309
         253    1.7e+05     17212 18280.3   18310    12175    1280    1280   10895
         254    1.7e+05     17212 18280.3 18387.9    12516    1283    1283   11233
         255    1.7e+05     17212 18280.3 18292.9    12981    1281    1281   11700
         256    1.7e+05     17212 18280.3 18389.8    12376    1282    1282   11094
         257    1.7e+05     17212 18280.3 18310.1    12484    1283    1283   11201
         258    1.7e+05     17212 18280.3 18386.1    12391    1284    1284   11107
         259    1.7e+05     17212 18280.3   18323    12899    1278    1278   11621
         260    1.7e+05     17212 18280.3 18405.4    12419    1284    1284   11135
         261    1.7e+05     17212 18280.3 18311.1    12693    1283    1283   11410
         262    1.7e+05     17212 18280.3 18368.1    12305    1284    1284   11021
         263    1.7e+05     17212 18280.3 18325.5    12840    1281    1281   11559
         264    1.7e+05     17212 18280.3 18355.3    12804    1282    1282   11522
         265    1.7e+05     17212 18280.3 18284.6    12975    1281    1281   11694
         266    1.7e+05     17212 18280.3 18379.3    13154    1286    1286   11868
         267    1.7e+05     17212 18280.3 18284.7    13113    1281    1281   11832
         268    1.7e+05     17212 18280.3 18376.9    12517    1281    1281   11236
         269    1.7e+05     17212 18280.3 18294.6    12654    1280    1280   11374
         270    1.7e+05     17212 18280.3 18395.5    12171    1286    1286   10885
         271    1.7e+05     17212 18280.3 18292.7    12610    1283    1283   11327
         272    1.7e+05     17212 18280.3 18348.8    12852    1285    1285   11567
         273    1.7e+05     17212 18280.3 18288.1    13365    1281    1281   12084
         274    1.7e+05     17212 18280.3 18390.6    12384    1281    1281   11103
         275    1.7e+05     17212 18280.3 18289.4    12841    1282    1282   11559
         276    1.7e+05     17212 18280.3 18358.3    12187    1283    1283   10904
               reducing step to 0.1
         277    1.7e+05     17212 18141.4 18141.4    14311    1281    1281   13030
         278    1.7e+05     17212 18062.5 18062.5    16448    1280    1280   15168
         279    1.7e+05     17212 18025.2 18025.2    16882    1280    1280   15602
         280    1.7e+05     17212 18017.9 18017.9    16914    1279    1279   15635
    *    281    1.7e+05     17312 18017.9 18023.5    17312    1277    1277   16035
    *    282    1.7e+05     17512 18014.9 18014.9    17512    1278    1278   16234
         283    1.7e+05     17512 18014.9   18024    17410    1278    1278   16132
    *    284    1.7e+05     17662 18011.1 18011.1    17662    1278    1278   16384
         285    1.7e+05     17662 18011.1 18024.1    17584    1278    1278   16306
    *    286    1.7e+05     17720 18011.1   18012    17720    1278    1278   16442
    *    287    1.7e+05     17855 18011.1 18023.2    17855    1278    1278   16577
         288    1.7e+05     17855 18008.1 18008.1    17733    1278    1278   16455
         289    1.7e+05     17855 18008.1 18022.7    17851    1278    1278   16573
         290    1.7e+05     17855 18005.3 18005.3    17573    1278    1278   16295
         291    1.7e+05     17855 18005.3 18010.8    17812    1278    1278   16534
         292    1.7e+05     17855 18004.8 18004.8    17802    1278    1278   16524
    *    293    1.7e+05     17864 18004.8 18019.7    17864    1278    1278   16586
         294    1.7e+05     17864   18003   18003    17835    1278    1278   16557
    *    295    1.7e+05     17885   18003 18019.1    17885    1278    1278   16607
         296    1.7e+05     17885   18003 18004.6    17844    1278    1278   16566
         297    1.7e+05     17885   18003 18018.4    17725    1279    1279   16446
         298    1.7e+05     17885   18003 18004.1    17833    1278    1278   16555
    *    299    1.7e+05     17888   18003 18018.7    17888    1278    1278   16610
         300    1.7e+05     17888 18000.8 18000.8    17857    1278    1278   16579
    *    301    1.7e+05     17891 18000.8 18014.5    17891    1278    1278   16613
         302    1.7e+05     17891 18000.8 18002.4    17856    1278    1278   16578
         303    1.7e+05     17891 18000.8 18015.1    17859    1278    1278   16581
         304    1.7e+05     17891 18000.7 18000.7    17860    1278    1278   16582
         305    1.7e+05     17891 18000.7 18015.2    17744    1278    1278   16466
    *    306    1.7e+05     17893   18000   18000    17893    1278    1278   16615
    *    307    1.7e+05     17901   18000 18014.6    17901    1278    1278   16623
         308    1.7e+05     17901 17998.6 17998.6    17873    1278    1278   16595
         309    1.7e+05     17901 17998.6 18016.1    17867    1278    1278   16589
         310    1.7e+05     17901   17998   17998    17849    1278    1278   16571
         311    1.7e+05     17901   17998 18014.8    17798    1278    1278   16520
         312    1.7e+05     17901   17998 17998.3    17875    1278    1278   16597
         313    1.7e+05     17901   17998   18018    17900    1278    1278   16622
         314    1.7e+05     17901 17995.3 17995.3    17852    1278    1278   16574
         315    1.7e+05     17901 17995.3 18015.5    17882    1278    1278   16604
         316    1.7e+05     17901 17995.3 17997.2    17895    1278    1278   16617
         317    1.7e+05     17901 17995.3 18014.7    17865    1277    1277   16588
         318    1.7e+05     17901 17995.3 17995.8    17885    1278    1278   16607
    *    319    1.7e+05     17927 17995.3   18013    17927    1278    1278   16649
         320    1.7e+05     17927 17995.3 17997.3    17872    1278    1278   16594
         321    1.7e+05     17927 17995.3   18011    17909    1278    1278   16631
         322    1.7e+05     17927 17995.3 17997.1    17894    1278    1278   16616
         323    1.7e+05     17927 17995.3 18011.2    17918    1278    1278   16640
         324    1.7e+05     17927 17995.3 17996.1    17894    1278    1278   16616
         325    1.7e+05     17927 17995.3 18011.7    17875    1279    1279   16596
         326    1.7e+05     17927 17995.3   17997    17901    1278    1278   16623
         327    1.7e+05     17927 17995.3 18012.9    17917    1278    1278   16639
         328    1.7e+05     17927 17995.3 17996.2    17902    1278    1278   16624
    *    329    1.7e+05     17928 17995.3 18012.3    17928    1278    1278   16650
         330    1.7e+05     17928 17995.3 17997.2    17903    1278    1278   16625
    *    331    1.7e+05     17938 17995.3 18010.8    17938    1278    1278   16660
         332    1.7e+05     17938 17995.3 17995.8    17906    1278    1278   16628
         333    1.7e+05     17938 17995.3 18011.3    17915    1278    1278   16637
         334    1.7e+05     17938 17995.3   17997    17896    1278    1278   16618
         335    1.7e+05     17938 17995.3 18010.6    17877    1278    1278   16599
         336    1.7e+05     17938 17995.3 17996.2    17891    1278    1278   16613
         337    1.7e+05     17938 17995.3 18011.5    17937    1278    1278   16659
         338    1.7e+05     17938 17995.3   17996    17908    1278    1278   16630
         339    1.7e+05     17938 17995.3   18010    17928    1278    1278   16650
               reducing step to 0.05
         340    1.7e+05     17938 17984.8 17984.8    17821    1279    1279   16542
         341    1.7e+05     17938 17974.2 17974.2    17919    1278    1278   16641
         342    1.7e+05     17938 17974.2 17976.2    17928    1278    1278   16650
         343    1.7e+05     17938 17974.2 17974.2    17931    1278    1278   16653
         344    1.7e+05     17938 17974.2 17975.9    17928    1278    1278   16650
    *    345    1.7e+05     17939   17974   17974    17939    1278    1278   16661
         346    1.7e+05     17939   17974 17975.6    17937    1278    1278   16659
    *    347    1.7e+05     17942 17973.4 17973.4    17942    1278    1278   16664
         348    1.7e+05     17942 17973.4 17975.4    17850    1278    1278   16572
         349    1.7e+05     17942 17973.4 17973.5    17939    1278    1278   16661
         350    1.7e+05     17942 17973.4 17975.3    17939    1278    1278   16661
         351    1.7e+05     17942 17973.3 17973.3    17938    1278    1278   16660
         352    1.7e+05     17942 17973.3 17974.9    17937    1278    1278   16659
         353    1.7e+05     17942 17972.9 17972.9    17930    1278    1278   16652
         354    1.7e+05     17942 17972.9 17974.8    17931    1278    1278   16653
         355    1.7e+05     17942 17972.9 17972.9    17940    1278    1278   16662
         356    1.7e+05     17942 17972.9 17974.6    17940    1278    1278   16662
         357    1.7e+05     17942 17972.9   17973    17942    1278    1278   16664
         358    1.7e+05     17942 17972.9 17974.5    17935    1278    1278   16657
         359    1.7e+05     17942 17972.9 17972.9    17942    1278    1278   16664
         360    1.7e+05     17942 17972.9 17974.6    17938    1278    1278   16660
         361    1.7e+05     17942 17972.9 17973.1    17942    1278    1278   16664
         362    1.7e+05     17942 17972.9 17974.3    17922    1278    1278   16644
         363    1.7e+05     17942 17972.9 17973.2    17930    1278    1278   16652
         364    1.7e+05     17942 17972.9 17974.2    17924    1278    1278   16646
         365    1.7e+05     17942 17972.9 17972.9    17940    1278    1278   16662
         366    1.7e+05     17942 17972.9 17973.8    17933    1278    1278   16655
         367    1.7e+05     17942 17972.9 17972.9    17942    1278    1278   16664
         368    1.7e+05     17942 17972.9 17973.8    17916    1278    1278   16638
         369    1.7e+05     17942 17972.9 17973.1    17938    1278    1278   16660
         370    1.7e+05     17942 17972.9 17973.8    17936    1278    1278   16658
         371    1.7e+05     17942 17972.9 17973.1    17935    1278    1278   16657
         372    1.7e+05     17942 17972.9 17973.8    17940    1278    1278   16662
         373    1.7e+05     17942 17972.9 17973.2    17924    1278    1278   16646
         374    1.7e+05     17942 17972.9 17973.9    17938    1278    1278   16660
         375    1.7e+05     17942 17972.7 17972.7    17937    1278    1278   16659
         376    1.7e+05     17942 17972.7 17973.7    17937    1278    1278   16659
         377    1.7e+05     17942 17972.6 17972.6    17938    1278    1278   16660
         378    1.7e+05     17942 17972.6 17973.8    17922    1278    1278   16644
         379    1.7e+05     17942 17972.6 17972.7    17942    1278    1278   16664
         380    1.7e+05     17942 17972.6 17973.7    17940    1278    1278   16662
         381    1.7e+05     17942 17972.5 17972.5    17941    1278    1278   16663
         382    1.7e+05     17942 17972.5 17973.5    17937    1278    1278   16659
    *    383    1.7e+05     17946 17972.5 17972.7    17946    1278    1278   16668
         384    1.7e+05     17946 17972.5 17973.6    17941    1278    1278   16663
         385    1.7e+05     17946 17972.5 17972.5    17942    1278    1278   16664
         386    1.7e+05     17946 17972.5 17973.7    17942    1278    1278   16664
         387    1.7e+05     17946 17972.5 17972.7    17921    1278    1278   16643
         388    1.7e+05     17946 17972.5 17973.5    17938    1278    1278   16660
         389    1.7e+05     17946 17972.4 17972.4    17945    1278    1278   16667
         390    1.7e+05     17946 17972.4 17973.7    17934    1278    1278   16656
         391    1.7e+05     17946 17972.4 17972.4    17942    1278    1278   16664
         392    1.7e+05     17946 17972.4 17973.4    17938    1278    1278   16660
         393    1.7e+05     17946 17972.4 17972.8    17942    1278    1278   16664
         394    1.7e+05     17946 17972.4 17973.5    17944    1278    1278   16666
         395    1.7e+05     17946 17972.4 17972.6    17942    1278    1278   16664
         396    1.7e+05     17946 17972.4 17973.4    17942    1278    1278   16664
         397    1.7e+05     17946 17972.4 17972.6    17934    1278    1278   16656
         398    1.7e+05     17946 17972.4 17973.5    17936    1278    1278   16658
         399    1.7e+05     17946 17972.4 17972.7    17940    1278    1278   16662
         400    1.7e+05     17946 17972.4 17973.5    17942    1278    1278   16664
         401    1.7e+05     17946 17972.4 17972.6    17938    1278    1278   16660
         402    1.7e+05     17946 17972.4 17973.4    17943    1278    1278   16665
         403    1.7e+05     17946 17972.4 17972.6    17930    1278    1278   16652
         404    1.7e+05     17946 17972.4 17973.5    17941    1278    1278   16663
         405    1.7e+05     17946 17972.4 17972.6    17912    1278    1278   16634
         406    1.7e+05     17946 17972.4 17973.5    17937    1278    1278   16659
         407    1.7e+05     17946 17972.4 17972.5    17928    1278    1278   16650
         408    1.7e+05     17946 17972.4   17973    17929    1278    1278   16651
         409    1.7e+05     17946 17972.4 17972.5    17940    1278    1278   16662
         410    1.7e+05     17946 17972.4 17972.9    17945    1278    1278   16667
         411    1.7e+05     17946 17972.4 17972.4    17936    1278    1278   16658
         412    1.7e+05     17946 17972.4 17972.8    17943    1278    1278   16665
         413    1.7e+05     17946 17972.4 17972.5    17941    1278    1278   16663
         414    1.7e+05     17946 17972.4   17973    17941    1278    1278   16663
               reducing step to 0.025
         415    1.7e+05     17946 17968.5 17968.5    17901    1278    1278   16623
         416    1.7e+05     17946 17965.6 17965.6    17933    1278    1278   16655
         417    1.7e+05     17946 17965.6 17966.1    17937    1278    1278   16659
         418    1.7e+05     17946 17965.2 17965.2    17942    1278    1278   16664
         419    1.7e+05     17946 17965.2 17965.9    17922    1278    1278   16644
         420    1.7e+05     17946 17965.1 17965.1    17945    1278    1278   16667
         421    1.7e+05     17946 17965.1 17965.7    17946    1278    1278   16668
         422    1.7e+05     17946 17964.9 17964.9    17941    1278    1278   16663
         423    1.7e+05     17946 17964.9 17965.8    17946    1278    1278   16668
         424    1.7e+05     17946 17964.9 17964.9    17945    1278    1278   16667
         425    1.7e+05     17946 17964.9 17965.7    17946    1278    1278   16668
         426    1.7e+05     17946 17964.9 17964.9    17946    1278    1278   16668
         427    1.7e+05     17946 17964.9 17965.6    17942    1278    1278   16664
         428    1.7e+05     17946 17964.9 17964.9    17941    1278    1278   16663
         429    1.7e+05     17946 17964.9 17965.6    17939    1278    1278   16661
    *    430    1.7e+05     17948 17964.7 17964.7    17948    1278    1278   16670
         431    1.7e+05     17948 17964.7 17965.5    17945    1278    1278   16667
         432    1.7e+05     17948 17964.7 17964.7    17947    1278    1278   16669
         433    1.7e+05     17948 17964.7 17965.5    17944    1278    1278   16666
         434    1.7e+05     17948 17964.6 17964.6    17943    1278    1278   16665
         435    1.7e+05     17948 17964.6 17965.3    17946    1278    1278   16668
         436    1.7e+05     17948 17964.6 17964.7    17945    1278    1278   16667
         437    1.7e+05     17948 17964.6 17965.4    17945    1278    1278   16667
         438    1.7e+05     17948 17964.6 17964.7    17947    1278    1278   16669
         439    1.7e+05     17948 17964.6 17965.4    17948    1278    1278   16670
         440    1.7e+05     17948 17964.6 17964.6    17948    1278    1278   16670
         441    1.7e+05     17948 17964.6 17965.5    17945    1278    1278   16667
         442    1.7e+05     17948 17964.6 17964.6    17946    1278    1278   16668
         443    1.7e+05     17948 17964.6 17965.4    17944    1278    1278   16666
         444    1.7e+05     17948 17964.5 17964.5    17946    1278    1278   16668
         445    1.7e+05     17948 17964.5 17965.4    17947    1278    1278   16669
         446    1.7e+05     17948 17964.5 17964.7    17943    1278    1278   16665
         447    1.7e+05     17948 17964.5 17965.4    17947    1278    1278   16669
         448    1.7e+05     17948 17964.5 17964.6    17943    1278    1278   16665
         449    1.7e+05     17948 17964.5 17965.1    17944    1278    1278   16666
         450    1.7e+05     17948 17964.5 17964.5    17944    1278    1278   16666
         451    1.7e+05     17948 17964.5 17965.1    17944    1278    1278   16666
         452    1.7e+05     17948 17964.5 17964.7    17944    1278    1278   16666
         453    1.7e+05     17948 17964.5 17965.1    17942    1278    1278   16664
         454    1.7e+05     17948 17964.5 17964.5    17944    1278    1278   16666
         455    1.7e+05     17948 17964.5 17965.1    17945    1278    1278   16667
         456    1.7e+05     17948 17964.5 17964.7    17943    1278    1278   16665
         457    1.7e+05     17948 17964.5 17965.1    17945    1278    1278   16667
         458    1.7e+05     17948 17964.5 17964.8    17936    1278    1278   16658
         459    1.7e+05     17948 17964.5 17965.1    17935    1278    1278   16657
         460    1.7e+05     17948 17964.5 17964.7    17945    1278    1278   16667
         461    1.7e+05     17948 17964.5 17965.1    17944    1278    1278   16666
         462    1.7e+05     17948 17964.5 17964.5    17946    1278    1278   16668
         463    1.7e+05     17948 17964.5   17965    17933    1278    1278   16655
         464    1.7e+05     17948 17964.5 17964.6    17942    1278    1278   16664
         465    1.7e+05     17948 17964.5   17965    17942    1278    1278   16664
         466    1.7e+05     17948 17964.5 17964.6    17946    1278    1278   16668
         467    1.7e+05     17948 17964.5 17965.1    17946    1278    1278   16668
         468    1.7e+05     17948 17964.5 17964.6    17943    1278    1278   16665
         469    1.7e+05     17948 17964.5 17965.1    17943    1278    1278   16665
         470    1.7e+05     17948 17964.4 17964.4    17935    1278    1278   16657
         471    1.7e+05     17948 17964.4 17965.2    17944    1278    1278   16666
         472    1.7e+05     17948 17964.4 17964.4    17941    1278    1278   16663
         473    1.7e+05     17948 17964.4 17965.3    17943    1278    1278   16665
         474    1.7e+05     17948 17964.4 17964.4    17940    1278    1278   16662
         475    1.7e+05     17948 17964.4 17965.3    17947    1278    1278   16669
         476    1.7e+05     17948 17964.4 17964.5    17943    1278    1278   16665
         477    1.7e+05     17948 17964.4 17965.4    17947    1278    1278   16669
         478    1.7e+05     17948 17964.4 17964.4    17944    1278    1278   16666
         479    1.7e+05     17948 17964.4 17965.4    17947    1278    1278   16669
         480    1.7e+05     17948 17964.4 17964.5    17945    1278    1278   16667
         481    1.7e+05     17948 17964.4 17965.5    17945    1278    1278   16667
         482    1.7e+05     17948 17964.4 17964.4    17945    1278    1278   16667
         483    1.7e+05     17948 17964.4 17965.4    17947    1278    1278   16669
         484    1.7e+05     17948 17964.4 17964.5    17945    1278    1278   16667
         485    1.7e+05     17948 17964.4 17965.3    17931    1278    1278   16653
         486    1.7e+05     17948 17964.4 17964.5    17920    1278    1278   16642
         487    1.7e+05     17948 17964.4 17965.3    17947    1278    1278   16669
         488    1.7e+05     17948 17964.4 17964.5    17943    1278    1278   16665
         489    1.7e+05     17948 17964.4 17965.3    17947    1278    1278   16669
         490    1.7e+05     17948 17964.4 17964.4    17942    1278    1278   16664
         491    1.7e+05     17948 17964.4 17965.3    17946    1278    1278   16668
         492    1.7e+05     17948 17964.4 17964.4    17942    1278    1278   16664
         493    1.7e+05     17948 17964.4 17965.3    17946    1278    1278   16668
         494    1.7e+05     17948 17964.4 17964.4    17943    1278    1278   16665
         495    1.7e+05     17948 17964.4 17965.4    17945    1278    1278   16667
         496    1.7e+05     17948 17964.4 17964.4    17942    1278    1278   16664
         497    1.7e+05     17948 17964.4 17965.4    17946    1278    1278   16668
         498    1.7e+05     17948 17964.3 17964.3    17945    1278    1278   16667
         499    1.7e+05     17948 17964.3 17965.3    17946    1278    1278   16668
         500    1.7e+05     17948 17964.3 17964.5    17943    1278    1278   16665
         501    1.7e+05     17948 17964.3 17965.2    17946    1278    1278   16668
         502    1.7e+05     17948 17964.3 17964.4    17944    1278    1278   16666
         503    1.7e+05     17948 17964.3 17965.3    17945    1278    1278   16667
         504    1.7e+05     17948 17964.3 17964.5    17940    1278    1278   16662
         505    1.7e+05     17948 17964.3 17965.1    17946    1278    1278   16668
         506    1.7e+05     17948 17964.3 17964.4    17941    1278    1278   16663
         507    1.7e+05     17948 17964.3 17965.1    17946    1278    1278   16668
         508    1.7e+05     17948 17964.3 17964.6    17941    1278    1278   16663
         509    1.7e+05     17948 17964.3 17965.1    17946    1278    1278   16668
         510    1.7e+05     17948 17964.3 17964.4    17941    1278    1278   16663
         511    1.7e+05     17948 17964.3 17964.9    17946    1278    1278   16668
         512    1.7e+05     17948 17964.3 17964.5    17945    1278    1278   16667
         513    1.7e+05     17948 17964.3   17965    17945    1278    1278   16667
         514    1.7e+05     17948 17964.3 17964.3    17942    1278    1278   16664
         515    1.7e+05     17948 17964.3 17965.2    17944    1278    1278   16666
         516    1.7e+05     17948 17964.3 17964.3    17943    1278    1278   16665
         517    1.7e+05     17948 17964.3 17964.9    17943    1278    1278   16665
         518    1.7e+05     17948 17964.2 17964.2    17942    1278    1278   16664
         519    1.7e+05     17948 17964.2   17965    17947    1278    1278   16669
         520    1.7e+05     17948 17964.2 17964.3    17942    1278    1278   16664
         521    1.7e+05     17948 17964.2   17965    17947    1278    1278   16669
         522    1.7e+05     17948 17964.2 17964.3    17943    1278    1278   16665
         523    1.7e+05     17948 17964.2   17965    17945    1278    1278   16667
         524    1.7e+05     17948 17964.2 17964.3    17945    1278    1278   16667
         525    1.7e+05     17948 17964.2   17965    17943    1278    1278   16665
         526    1.7e+05     17948 17964.2 17964.2    17943    1278    1278   16665
         527    1.7e+05     17948 17964.2   17965    17946    1278    1278   16668
         528    1.7e+05     17948 17964.2 17964.3    17942    1278    1278   16664
         529    1.7e+05     17948 17964.2   17965    17947    1278    1278   16669
         530    1.7e+05     17948 17964.2 17964.2    17944    1278    1278   16666
         531    1.7e+05     17948 17964.2 17965.1    17945    1278    1278   16667
         532    1.7e+05     17948 17964.2 17964.3    17943    1278    1278   16665
         533    1.7e+05     17948 17964.2   17965    17945    1278    1278   16667
         534    1.7e+05     17948 17964.2 17964.3    17941    1278    1278   16663
         535    1.7e+05     17948 17964.2   17965    17942    1278    1278   16664
         536    1.7e+05     17948 17964.2 17964.2    17944    1278    1278   16666
         537    1.7e+05     17948 17964.2 17965.1    17946    1278    1278   16668
         538    1.7e+05     17948 17964.2 17964.3    17945    1278    1278   16667
         539    1.7e+05     17948 17964.2 17965.1    17946    1278    1278   16668
         540    1.7e+05     17948 17964.2 17964.3    17943    1278    1278   16665
         541    1.7e+05     17948 17964.2 17965.1    17947    1278    1278   16669
         542    1.7e+05     17948 17964.2 17964.3    17945    1278    1278   16667
         543    1.7e+05     17948 17964.2 17965.1    17946    1278    1278   16668
         544    1.7e+05     17948 17964.2 17964.3    17944    1278    1278   16666
         545    1.7e+05     17948 17964.2 17965.1    17946    1278    1278   16668
         546    1.7e+05     17948 17964.2 17964.3    17943    1278    1278   16665
         547    1.7e+05     17948 17964.2 17965.1    17947    1278    1278   16669
         548    1.7e+05     17948 17964.2 17964.4    17943    1278    1278   16665
         549    1.7e+05     17948 17964.2   17965    17945    1278    1278   16667
         550    1.7e+05     17948 17964.2 17964.2    17943    1278    1278   16665
         551    1.7e+05     17948 17964.2   17965    17945    1278    1278   16667
         552    1.7e+05     17948 17964.2 17964.3    17943    1278    1278   16665
         553    1.7e+05     17948 17964.2   17965    17947    1278    1278   16669
         554    1.7e+05     17948 17964.2 17964.3    17933    1278    1278   16655
         555    1.7e+05     17948 17964.2   17965    17942    1278    1278   16664
               reducing step to 0.0125
         556    1.7e+05     17948 17962.7 17962.7    17921    1278    1278   16643
         557    1.7e+05     17948 17961.1 17961.1    17937    1278    1278   16659
         558    1.7e+05     17948 17961.1 17961.4    17938    1278    1278   16660
         559    1.7e+05     17948 17961.1 17961.2    17942    1278    1278   16664
         560    1.7e+05     17948 17961.1 17961.4    17937    1278    1278   16659
    *    561    1.7e+05     17950 17961.1 17961.2    17950    1278    1278   16672
         562    1.7e+05     17950 17961.1 17961.4    17942    1278    1278   16664
         563    1.7e+05     17950 17961.1 17961.1    17949    1278    1278   16671
         564    1.7e+05     17950 17961.1 17961.3    17942    1278    1278   16664
         565    1.7e+05     17950 17961.1 17961.1    17950    1278    1278   16672
         566    1.7e+05     17950 17961.1 17961.2    17939    1278    1278   16661
         567    1.7e+05     17950 17961.1 17961.1    17950    1278    1278   16672
         568    1.7e+05     17950 17961.1 17961.2    17939    1278    1278   16661
         569    1.7e+05     17950   17961   17961    17948    1278    1278   16670
         570    1.7e+05     17950   17961 17961.2    17941    1278    1278   16663
         571    1.7e+05     17950   17961   17961    17948    1278    1278   16670
         572    1.7e+05     17950   17961 17961.2    17942    1278    1278   16664
         573    1.7e+05     17950 17960.9 17960.9    17947    1278    1278   16669
         574    1.7e+05     17950 17960.9 17961.1    17942    1278    1278   16664
         575    1.7e+05     17950 17960.9 17960.9    17945    1278    1278   16667
         576    1.7e+05     17950 17960.9 17961.1    17944    1278    1278   16666
         577    1.7e+05     17950 17960.9 17960.9    17947    1278    1278   16669
         578    1.7e+05     17950 17960.9 17961.1    17944    1278    1278   16666
         579    1.7e+05     17950 17960.9 17960.9    17947    1278    1278   16669
         580    1.7e+05     17950 17960.9 17961.1    17944    1278    1278   16666
         581    1.7e+05     17950 17960.9 17960.9    17947    1278    1278   16669
         582    1.7e+05     17950 17960.9 17961.1    17943    1278    1278   16665
         583    1.7e+05     17950 17960.9 17960.9    17947    1278    1278   16669
         584    1.7e+05     17950 17960.9 17961.1    17943    1278    1278   16665
         585    1.7e+05     17950 17960.9 17960.9    17948    1278    1278   16670
         586    1.7e+05     17950 17960.9 17961.1    17940    1278    1278   16662
         587    1.7e+05     17950 17960.9 17960.9    17946    1278    1278   16668
         588    1.7e+05     17950 17960.9 17961.1    17939    1278    1278   16661
         589    1.7e+05     17950 17960.9 17960.9    17947    1278    1278   16669
         590    1.7e+05     17950 17960.9 17961.1    17943    1278    1278   16665
         591    1.7e+05     17950 17960.9 17960.9    17947    1278    1278   16669
         592    1.7e+05     17950 17960.9 17961.1    17945    1278    1278   16667
         593    1.7e+05     17950 17960.9 17960.9    17947    1278    1278   16669
         594    1.7e+05     17950 17960.9 17961.1    17944    1278    1278   16666
         595    1.7e+05     17950 17960.9 17960.9    17947    1278    1278   16669
         596    1.7e+05     17950 17960.9 17961.1    17942    1278    1278   16664
         597    1.7e+05     17950 17960.9 17960.9    17947    1278    1278   16669
         598    1.7e+05     17950 17960.9 17961.1    17943    1278    1278   16665
         599    1.7e+05     17950 17960.8 17960.8    17947    1278    1278   16669
         600    1.7e+05     17950 17960.8 17961.1    17942    1278    1278   16664
         601    1.7e+05     17950 17960.8 17960.8    17946    1278    1278   16668
         602    1.7e+05     17950 17960.8 17961.1    17944    1278    1278   16666
         603    1.7e+05     17950 17960.8 17960.9    17946    1278    1278   16668
         604    1.7e+05     17950 17960.8 17961.1    17943    1278    1278   16665
         605    1.7e+05     17950 17960.8 17960.9    17945    1278    1278   16667
         606    1.7e+05     17950 17960.8 17961.1    17929    1278    1278   16651
         607    1.7e+05     17950 17960.8 17960.9    17940    1278    1278   16662
         608    1.7e+05     17950 17960.8   17961    17945    1278    1278   16667
         609    1.7e+05     17950 17960.8 17960.9    17946    1278    1278   16668
         610    1.7e+05     17950 17960.8 17961.1    17941    1278    1278   16663
         611    1.7e+05     17950 17960.8 17960.8    17949    1278    1278   16671
         612    1.7e+05     17950 17960.8 17961.1    17940    1278    1278   16662
         613    1.7e+05     17950 17960.8 17960.8    17947    1278    1278   16669
         614    1.7e+05     17950 17960.8 17961.1    17944    1278    1278   16666
         615    1.7e+05     17950 17960.8 17960.8    17948    1278    1278   16670
         616    1.7e+05     17950 17960.8 17961.1    17944    1278    1278   16666
         617    1.7e+05     17950 17960.8 17960.8    17948    1278    1278   16670
         618    1.7e+05     17950 17960.8 17961.1    17943    1278    1278   16665
         619    1.7e+05     17950 17960.8 17960.8    17949    1278    1278   16671
         620    1.7e+05     17950 17960.8 17961.1    17944    1278    1278   16666
         621    1.7e+05     17950 17960.8 17960.8    17947    1278    1278   16669
         622    1.7e+05     17950 17960.8 17961.1    17945    1278    1278   16667
         623    1.7e+05     17950 17960.8 17960.8    17947    1278    1278   16669
         624    1.7e+05     17950 17960.8   17961    17943    1278    1278   16665
         625    1.7e+05     17950 17960.8 17960.8    17948    1278    1278   16670
         626    1.7e+05     17950 17960.8   17961    17945    1278    1278   16667
         627    1.7e+05     17950 17960.8 17960.8    17948    1278    1278   16670
         628    1.7e+05     17950 17960.8   17961    17936    1278    1278   16658
         629    1.7e+05     17950 17960.8 17960.8    17931    1279    1279   16652
         630    1.7e+05     17950 17960.8   17961    17944    1278    1278   16666
         631    1.7e+05     17950 17960.8 17960.8    17948    1278    1278   16670
         632    1.7e+05     17950 17960.8   17961    17941    1278    1278   16663
         633    1.7e+05     17950 17960.8 17960.8    17948    1278    1278   16670
         634    1.7e+05     17950 17960.8   17961    17942    1278    1278   16664
         635    1.7e+05     17950 17960.8 17960.8    17947    1278    1278   16669
         636    1.7e+05     17950 17960.8   17961    17939    1278    1278   16661
         637    1.7e+05     17950 17960.8 17960.8    17949    1278    1278   16671
         638    1.7e+05     17950 17960.8   17961    17944    1278    1278   16666
         639    1.7e+05     17950 17960.8 17960.9    17948    1278    1278   16670
         640    1.7e+05     17950 17960.8   17961    17944    1278    1278   16666
         641    1.7e+05     17950 17960.8 17960.9    17944    1278    1278   16666
         642    1.7e+05     17950 17960.8   17961    17945    1278    1278   16667
         643    1.7e+05     17950 17960.8 17960.9    17946    1278    1278   16668
         644    1.7e+05     17950 17960.8   17961    17944    1278    1278   16666
         645    1.7e+05     17950 17960.8 17960.9    17947    1278    1278   16669
         646    1.7e+05     17950 17960.8   17961    17944    1278    1278   16666
         647    1.7e+05     17950 17960.8 17960.9    17946    1278    1278   16668
         648    1.7e+05     17950 17960.8   17961    17944    1278    1278   16666
         649    1.7e+05     17950 17960.8 17960.8    17947    1278    1278   16669
         650    1.7e+05     17950 17960.8   17961    17944    1278    1278   16666
         651    1.7e+05     17950 17960.8 17960.8    17948    1278    1278   16670
         652    1.7e+05     17950 17960.8   17961    17944    1278    1278   16666
         653    1.7e+05     17950 17960.8 17960.9    17948    1278    1278   16670
         654    1.7e+05     17950 17960.8   17961    17941    1278    1278   16663
         655    1.7e+05     17950 17960.8 17960.8    17948    1278    1278   16670
         656    1.7e+05     17950 17960.8   17961    17942    1278    1278   16664
         657    1.7e+05     17950 17960.8 17960.9    17947    1278    1278   16669
         658    1.7e+05     17950 17960.8   17961    17943    1278    1278   16665
               reducing step to 0.00625
         659    1.7e+05     17950   17960   17960    17931    1278    1278   16653
         660    1.7e+05     17950 17959.3 17959.3    17939    1278    1278   16661
         661    1.7e+05     17950 17958.9 17958.9    17948    1278    1278   16670
         662    1.7e+05     17950 17958.9 17959.1    17943    1278    1278   16665
         663    1.7e+05     17950 17958.9 17959.2    17950    1278    1278   16672
         664    1.7e+05     17950 17958.9   17959    17946    1278    1278   16668
         665    1.7e+05     17950 17958.9 17959.2    17949    1278    1278   16671
         666    1.7e+05     17950 17958.9   17959    17947    1278    1278   16669
    *    667    1.7e+05     17951 17958.9 17959.2    17951    1278    1278   16673
         668    1.7e+05     17951 17958.9 17958.9    17943    1278    1278   16665
         669    1.7e+05     17951 17958.9 17959.2    17947    1278    1278   16669
         670    1.7e+05     17951 17958.9 17958.9    17945    1278    1278   16667
         671    1.7e+05     17951 17958.9 17959.2    17946    1278    1278   16668
         672    1.7e+05     17951 17958.9 17958.9    17944    1278    1278   16666
         673    1.7e+05     17951 17958.9 17959.2    17946    1278    1278   16668
         674    1.7e+05     17951 17958.9 17958.9    17945    1278    1278   16667
         675    1.7e+05     17951 17958.9 17959.2    17948    1278    1278   16670
         676    1.7e+05     17951 17958.9 17958.9    17946    1278    1278   16668
         677    1.7e+05     17951 17958.9 17959.2    17949    1278    1278   16671
         678    1.7e+05     17951 17958.9 17958.9    17946    1278    1278   16668
         679    1.7e+05     17951 17958.9 17959.1    17948    1278    1278   16670
         680    1.7e+05     17951 17958.9 17958.9    17948    1278    1278   16670
         681    1.7e+05     17951 17958.9 17959.2    17947    1278    1278   16669
         682    1.7e+05     17951 17958.9 17958.9    17948    1278    1278   16670
         683    1.7e+05     17951 17958.9 17959.2    17949    1278    1278   16671
         684    1.7e+05     17951 17958.9 17958.9    17946    1278    1278   16668
         685    1.7e+05     17951 17958.9 17959.1    17949    1278    1278   16671
         686    1.7e+05     17951 17958.9 17958.9    17947    1278    1278   16669
         687    1.7e+05     17951 17958.9 17959.1    17944    1278    1278   16666
         688    1.7e+05     17951 17958.9 17958.9    17947    1278    1278   16669
         689    1.7e+05     17951 17958.9 17959.2    17948    1278    1278   16670
         690    1.7e+05     17951 17958.9 17958.9    17947    1278    1278   16669
         691    1.7e+05     17951 17958.9 17959.2    17946    1278    1278   16668
         692    1.7e+05     17951 17958.9 17958.9    17947    1278    1278   16669
         693    1.7e+05     17951 17958.9 17959.1    17950    1278    1278   16672
         694    1.7e+05     17951 17958.9 17958.9    17945    1278    1278   16667
         695    1.7e+05     17951 17958.9 17959.2    17950    1278    1278   16672
         696    1.7e+05     17951 17958.9 17958.9    17946    1278    1278   16668
         697    1.7e+05     17951 17958.9 17959.1    17949    1278    1278   16671
         698    1.7e+05     17951 17958.9 17958.9    17948    1278    1278   16670
         699    1.7e+05     17951 17958.9 17959.1    17949    1278    1278   16671
         700    1.7e+05     17951 17958.9 17958.9    17947    1278    1278   16669
         701    1.7e+05     17951 17958.9 17959.1    17950    1278    1278   16672
         702    1.7e+05     17951 17958.9 17958.9    17947    1278    1278   16669
         703    1.7e+05     17951 17958.9 17959.1    17949    1278    1278   16671
         704    1.7e+05     17951 17958.9 17958.9    17948    1278    1278   16670
         705    1.7e+05     17951 17958.9 17959.1    17949    1278    1278   16671
         706    1.7e+05     17951 17958.9 17958.9    17947    1278    1278   16669
         707    1.7e+05     17951 17958.9 17959.1    17948    1278    1278   16670
         708    1.7e+05     17951 17958.9 17958.9    17948    1278    1278   16670
         709    1.7e+05     17951 17958.9 17959.1    17947    1278    1278   16669
         710    1.7e+05     17951 17958.9 17958.9    17944    1278    1278   16666
         711    1.7e+05     17951 17958.9 17959.1    17949    1278    1278   16671
         712    1.7e+05     17951 17958.9 17958.9    17948    1278    1278   16670
         713    1.7e+05     17951 17958.9 17959.1    17948    1278    1278   16670
         714    1.7e+05     17951 17958.9 17958.9    17948    1278    1278   16670
         715    1.7e+05     17951 17958.9 17959.1    17948    1278    1278   16670
         716    1.7e+05     17951 17958.9 17958.9    17947    1278    1278   16669
         717    1.7e+05     17951 17958.9 17959.1    17949    1278    1278   16671
         718    1.7e+05     17951 17958.9 17958.9    17946    1278    1278   16668
         719    1.7e+05     17951 17958.9 17959.1    17948    1278    1278   16670
         720    1.7e+05     17951 17958.9 17958.9    17946    1278    1278   16668
         721    1.7e+05     17951 17958.9 17959.1    17949    1278    1278   16671
         722    1.7e+05     17951 17958.9 17958.9    17947    1278    1278   16669
         723    1.7e+05     17951 17958.9 17959.1    17949    1278    1278   16671
         724    1.7e+05     17951 17958.9 17958.9    17947    1278    1278   16669
         725    1.7e+05     17951 17958.9 17959.1    17949    1278    1278   16671
         726    1.7e+05     17951 17958.9 17958.9    17946    1278    1278   16668
         727    1.7e+05     17951 17958.9 17959.1    17948    1278    1278   16670
         728    1.7e+05     17951 17958.9 17958.9    17946    1278    1278   16668
         729    1.7e+05     17951 17958.9 17959.1    17947    1278    1278   16669
         730    1.7e+05     17951 17958.9 17958.9    17948    1278    1278   16670
         731    1.7e+05     17951 17958.9 17959.1    17946    1278    1278   16668
         732    1.7e+05     17951 17958.8 17958.8    17947    1278    1278   16669
         733    1.7e+05     17951 17958.8 17959.1    17949    1278    1278   16671
         734    1.7e+05     17951 17958.8 17958.9    17947    1278    1278   16669
         735    1.7e+05     17951 17958.8 17959.1    17949    1278    1278   16671
         736    1.7e+05     17951 17958.8 17958.9    17946    1278    1278   16668
         737    1.7e+05     17951 17958.8 17959.1    17949    1278    1278   16671
         738    1.7e+05     17951 17958.8 17958.9    17944    1278    1278   16666
         739    1.7e+05     17951 17958.8 17959.1    17949    1278    1278   16671
         740    1.7e+05     17951 17958.8 17958.8    17945    1278    1278   16667
         741    1.7e+05     17951 17958.8 17959.1    17947    1278    1278   16669
         742    1.7e+05     17951 17958.8 17958.8    17946    1278    1278   16668
         743    1.7e+05     17951 17958.8 17959.1    17947    1278    1278   16669
         744    1.7e+05     17951 17958.8 17958.8    17947    1278    1278   16669
         745    1.7e+05     17951 17958.8 17959.1    17947    1278    1278   16669
         746    1.7e+05     17951 17958.8 17958.8    17947    1278    1278   16669
         747    1.7e+05     17951 17958.8 17959.1    17948    1278    1278   16670
         748    1.7e+05     17951 17958.8 17958.8    17945    1278    1278   16667
         749    1.7e+05     17951 17958.8 17959.1    17945    1278    1278   16667
         750    1.7e+05     17951 17958.8 17958.8    17944    1278    1278   16666
         751    1.7e+05     17951 17958.8 17959.1    17943    1278    1278   16665
         752    1.7e+05     17951 17958.8 17958.8    17946    1278    1278   16668
         753    1.7e+05     17951 17958.8 17959.1    17944    1278    1278   16666
         754    1.7e+05     17951 17958.8 17958.8    17946    1278    1278   16668
         755    1.7e+05     17951 17958.8 17959.1    17943    1278    1278   16665
         756    1.7e+05     17951 17958.8 17958.8    17945    1278    1278   16667
         757    1.7e+05     17951 17958.8 17959.1    17946    1278    1278   16668
         758    1.7e+05     17951 17958.8 17958.8    17946    1278    1278   16668
         759    1.7e+05     17951 17958.8 17959.1    17946    1278    1278   16668
         760    1.7e+05     17951 17958.8 17958.8    17947    1278    1278   16669
         761    1.7e+05     17951 17958.8 17959.1    17946    1278    1278   16668
         762    1.7e+05     17951 17958.8 17958.8    17947    1278    1278   16669
         763    1.7e+05     17951 17958.8 17959.1    17947    1278    1278   16669
         764    1.7e+05     17951 17958.8 17958.8    17943    1278    1278   16665
         765    1.7e+05     17951 17958.8 17959.1    17947    1278    1278   16669
         766    1.7e+05     17951 17958.8 17958.8    17945    1278    1278   16667
         767    1.7e+05     17951 17958.8 17959.1    17945    1278    1278   16667
         768    1.7e+05     17951 17958.8 17958.8    17944    1278    1278   16666
         769    1.7e+05     17951 17958.8 17959.1    17945    1278    1278   16667
         770    1.7e+05     17951 17958.8 17958.8    17944    1278    1278   16666
         771    1.7e+05     17951 17958.8 17959.1    17945    1278    1278   16667
         772    1.7e+05     17951 17958.8 17958.8    17946    1278    1278   16668
         773    1.7e+05     17951 17958.8 17959.1    17943    1278    1278   16665
         774    1.7e+05     17951 17958.8 17958.8    17944    1278    1278   16666
         775    1.7e+05     17951 17958.8   17959    17942    1278    1278   16664
         776    1.7e+05     17951 17958.8 17958.8    17945    1278    1278   16667
         777    1.7e+05     17951 17958.8 17959.1    17945    1278    1278   16667
         778    1.7e+05     17951 17958.8 17958.8    17942    1278    1278   16664
         779    1.7e+05     17951 17958.8   17959    17944    1278    1278   16666
         780    1.7e+05     17951 17958.8 17958.8    17944    1278    1278   16666
         781    1.7e+05     17951 17958.8 17959.1    17942    1278    1278   16664
         782    1.7e+05     17951 17958.8 17958.8    17946    1278    1278   16668
         783    1.7e+05     17951 17958.8 17959.1    17946    1278    1278   16668
         784    1.7e+05     17951 17958.8 17958.8    17947    1278    1278   16669
         785    1.7e+05     17951 17958.8 17959.1    17947    1278    1278   16669
         786    1.7e+05     17951 17958.8 17958.8    17947    1278    1278   16669
         787    1.7e+05     17951 17958.8 17959.1    17946    1278    1278   16668
         788    1.7e+05     17951 17958.8 17958.8    17944    1278    1278   16666
         789    1.7e+05     17951 17958.8 17959.1    17946    1278    1278   16668
         790    1.7e+05     17951 17958.8 17958.8    17942    1278    1278   16664
         791    1.7e+05     17951 17958.8 17959.1    17947    1278    1278   16669
         792    1.7e+05     17951 17958.8 17958.8    17942    1278    1278   16664
         793    1.7e+05     17951 17958.8 17959.1    17947    1278    1278   16669
         794    1.7e+05     17951 17958.8 17958.8    17943    1278    1278   16665
         795    1.7e+05     17951 17958.8 17959.1    17947    1278    1278   16669
         796    1.7e+05     17951 17958.8 17958.8    17945    1278    1278   16667
         797    1.7e+05     17951 17958.8 17959.1    17947    1278    1278   16669
         798    1.7e+05     17951 17958.8 17958.8    17945    1278    1278   16667
         799    1.7e+05     17951 17958.8 17959.1    17939    1278    1278   16661
         800    1.7e+05     17951 17958.8 17958.8    17939    1278    1278   16661
         801    1.7e+05     17951 17958.8 17959.1    17945    1278    1278   16667
               reducing step to 0.003125
         802    1.7e+05     17951 17958.5 17958.5    17933    1278    1278   16655
         803    1.7e+05     17951 17958.2 17958.2    17936    1278    1278   16658
         804    1.7e+05     17951 17958.2 17958.3    17949    1278    1278   16671
         805    1.7e+05     17951 17958.2 17958.2    17942    1278    1278   16664
         806    1.7e+05     17951 17958.2 17958.3    17949    1278    1278   16671
         807    1.7e+05     17951 17958.2 17958.2    17941    1278    1278   16663
         808    1.7e+05     17951 17958.2 17958.3    17947    1278    1278   16669
         809    1.7e+05     17951 17958.2 17958.2    17947    1278    1278   16669
         810    1.7e+05     17951 17958.2 17958.3    17946    1278    1278   16668
         811    1.7e+05     17951 17958.1 17958.1    17945    1278    1278   16667
         812    1.7e+05     17951 17958.1 17958.3    17947    1278    1278   16669
         813    1.7e+05     17951 17958.1 17958.1    17945    1278    1278   16667
         814    1.7e+05     17951 17958.1 17958.3    17945    1278    1278   16667
         815    1.7e+05     17951 17958.1 17958.1    17946    1278    1278   16668
         816    1.7e+05     17951 17958.1 17958.3    17944    1278    1278   16666
         817    1.7e+05     17951 17958.1 17958.1    17946    1278    1278   16668
         818    1.7e+05     17951 17958.1 17958.3    17946    1278    1278   16668
         819    1.7e+05     17951 17958.1 17958.1    17945    1278    1278   16667
         820    1.7e+05     17951 17958.1 17958.3    17946    1278    1278   16668
         821    1.7e+05     17951 17958.1 17958.1    17946    1278    1278   16668
         822    1.7e+05     17951 17958.1 17958.3    17947    1278    1278   16669
         823    1.7e+05     17951 17958.1 17958.1    17949    1278    1278   16671
         824    1.7e+05     17951 17958.1 17958.3    17947    1278    1278   16669
         825    1.7e+05     17951 17958.1 17958.1    17948    1278    1278   16670
         826    1.7e+05     17951 17958.1 17958.3    17947    1278    1278   16669
         827    1.7e+05     17951 17958.1 17958.1    17948    1278    1278   16670
         828    1.7e+05     17951 17958.1 17958.3    17947    1278    1278   16669
         829    1.7e+05     17951 17958.1 17958.1    17948    1278    1278   16670
         830    1.7e+05     17951 17958.1 17958.3    17948    1278    1278   16670
         831    1.7e+05     17951 17958.1 17958.1    17948    1278    1278   16670
         832    1.7e+05     17951 17958.1 17958.3    17948    1278    1278   16670
         833    1.7e+05     17951 17958.1 17958.1    17949    1278    1278   16671
         834    1.7e+05     17951 17958.1 17958.3    17947    1278    1278   16669
         835    1.7e+05     17951 17958.1 17958.1    17949    1278    1278   16671
         836    1.7e+05     17951 17958.1 17958.3    17946    1278    1278   16668
         837    1.7e+05     17951 17958.1 17958.1    17947    1278    1278   16669
         838    1.7e+05     17951 17958.1 17958.2    17946    1278    1278   16668
         839    1.7e+05     17951 17958.1 17958.1    17949    1278    1278   16671
         840    1.7e+05     17951 17958.1 17958.2    17947    1278    1278   16669
         841    1.7e+05     17951 17958.1 17958.1    17949    1278    1278   16671
         842    1.7e+05     17951 17958.1 17958.2    17948    1278    1278   16670
         843    1.7e+05     17951 17958.1 17958.1    17948    1278    1278   16670
         844    1.7e+05     17951 17958.1 17958.2    17948    1278    1278   16670
         845    1.7e+05     17951 17958.1 17958.1    17949    1278    1278   16671
         846    1.7e+05     17951 17958.1 17958.2    17945    1278    1278   16667
         847    1.7e+05     17951 17958.1 17958.1    17949    1278    1278   16671
         848    1.7e+05     17951 17958.1 17958.2    17944    1278    1278   16666
         849    1.7e+05     17951 17958.1 17958.1    17949    1278    1278   16671
         850    1.7e+05     17951 17958.1 17958.2    17943    1278    1278   16665
         851    1.7e+05     17951 17958.1 17958.1    17948    1278    1278   16670
         852    1.7e+05     17951 17958.1 17958.2    17947    1278    1278   16669
         853    1.7e+05     17951 17958.1 17958.1    17949    1278    1278   16671
         854    1.7e+05     17951 17958.1 17958.2    17947    1278    1278   16669
         855    1.7e+05     17951 17958.1 17958.1    17949    1278    1278   16671
         856    1.7e+05     17951 17958.1 17958.2    17946    1278    1278   16668
         857    1.7e+05     17951 17958.1 17958.1    17948    1278    1278   16670
         858    1.7e+05     17951 17958.1 17958.2    17945    1278    1278   16667
         859    1.7e+05     17951 17958.1 17958.1    17948    1278    1278   16670
         860    1.7e+05     17951 17958.1 17958.2    17945    1278    1278   16667
         861    1.7e+05     17951 17958.1 17958.1    17949    1278    1278   16671
         862    1.7e+05     17951 17958.1 17958.2    17945    1278    1278   16667
         863    1.7e+05     17951 17958.1 17958.1    17949    1278    1278   16671
         864    1.7e+05     17951 17958.1 17958.2    17946    1278    1278   16668
         865    1.7e+05     17951 17958.1 17958.1    17949    1278    1278   16671
         866    1.7e+05     17951 17958.1 17958.2    17947    1278    1278   16669
         867    1.7e+05     17951 17958.1 17958.1    17949    1278    1278   16671
         868    1.7e+05     17951 17958.1 17958.2    17947    1278    1278   16669
         869    1.7e+05     17951 17958.1 17958.1    17949    1278    1278   16671
         870    1.7e+05     17951 17958.1 17958.2    17946    1278    1278   16668
         871    1.7e+05     17951 17958.1 17958.1    17949    1278    1278   16671
         872    1.7e+05     17951 17958.1 17958.2    17946    1278    1278   16668
         873    1.7e+05     17951 17958.1 17958.1    17947    1278    1278   16669
         874    1.7e+05     17951 17958.1 17958.2    17947    1278    1278   16669
         875    1.7e+05     17951 17958.1 17958.1    17947    1278    1278   16669
         876    1.7e+05     17951 17958.1 17958.2    17947    1278    1278   16669
         877    1.7e+05     17951 17958.1 17958.1    17945    1278    1278   16667
         878    1.7e+05     17951 17958.1 17958.2    17946    1278    1278   16668
         879    1.7e+05     17951 17958.1 17958.1    17947    1278    1278   16669
         880    1.7e+05     17951 17958.1 17958.2    17947    1278    1278   16669
         881    1.7e+05     17951 17958.1 17958.1    17948    1278    1278   16670
         882    1.7e+05     17951 17958.1 17958.2    17946    1278    1278   16668
         883    1.7e+05     17951 17958.1 17958.1    17948    1278    1278   16670
         884    1.7e+05     17951 17958.1 17958.2    17947    1278    1278   16669
         885    1.7e+05     17951 17958.1 17958.1    17947    1278    1278   16669
         886    1.7e+05     17951 17958.1 17958.3    17946    1278    1278   16668
         887    1.7e+05     17951 17958.1 17958.1    17948    1278    1278   16670
         888    1.7e+05     17951 17958.1 17958.2    17947    1278    1278   16669
         889    1.7e+05     17951 17958.1 17958.1    17948    1278    1278   16670
         890    1.7e+05     17951 17958.1 17958.2    17947    1278    1278   16669
         891    1.7e+05     17951 17958.1 17958.1    17946    1278    1278   16668
         892    1.7e+05     17951 17958.1 17958.2    17946    1278    1278   16668
         893    1.7e+05     17951 17958.1 17958.1    17947    1278    1278   16669
         894    1.7e+05     17951 17958.1 17958.2    17944    1278    1278   16666
         895    1.7e+05     17951 17958.1 17958.1    17947    1278    1278   16669
         896    1.7e+05     17951 17958.1 17958.2    17945    1278    1278   16667
         897    1.7e+05     17951 17958.1 17958.1    17945    1278    1278   16667
         898    1.7e+05     17951 17958.1 17958.2    17947    1278    1278   16669
               reducing step to 0.0015625
         899    1.7e+05     17951 17957.9 17957.9    17940    1278    1278   16662
         900    1.7e+05     17951 17957.8 17957.8    17947    1278    1278   16669
         901    1.7e+05     17951 17957.8 17957.9    17946    1278    1278   16668
         902    1.7e+05     17951 17957.8 17957.8    17945    1278    1278   16667
         903    1.7e+05     17951 17957.8 17957.8    17947    1278    1278   16669
         904    1.7e+05     17951 17957.8 17957.8    17946    1278    1278   16668
         905    1.7e+05     17951 17957.8 17957.8    17946    1278    1278   16668
         906    1.7e+05     17951 17957.8 17957.8    17947    1278    1278   16669
         907    1.7e+05     17951 17957.8 17957.8    17947    1278    1278   16669
         908    1.7e+05     17951 17957.8 17957.8    17944    1278    1278   16666
         909    1.7e+05     17951 17957.8 17957.8    17946    1278    1278   16668
         910    1.7e+05     17951 17957.7 17957.7    17946    1278    1278   16668
         911    1.7e+05     17951 17957.7 17957.8    17946    1278    1278   16668
         912    1.7e+05     17951 17957.7 17957.7    17945    1278    1278   16667
         913    1.7e+05     17951 17957.7 17957.8    17947    1278    1278   16669
         914    1.7e+05     17951 17957.7 17957.7    17944    1278    1278   16666
         915    1.7e+05     17951 17957.7 17957.8    17946    1278    1278   16668
         916    1.7e+05     17951 17957.7 17957.7    17942    1278    1278   16664
         917    1.7e+05     17951 17957.7 17957.8    17946    1278    1278   16668
         918    1.7e+05     17951 17957.7 17957.7    17946    1278    1278   16668
         919    1.7e+05     17951 17957.7 17957.8    17946    1278    1278   16668
         920    1.7e+05     17951 17957.7 17957.7    17947    1278    1278   16669
         921    1.7e+05     17951 17957.7 17957.8    17947    1278    1278   16669
         922    1.7e+05     17951 17957.7 17957.7    17949    1278    1278   16671
         923    1.7e+05     17951 17957.7 17957.8    17946    1278    1278   16668
         924    1.7e+05     17951 17957.7 17957.7    17949    1278    1278   16671
         925    1.7e+05     17951 17957.7 17957.8    17946    1278    1278   16668
         926    1.7e+05     17951 17957.7 17957.7    17949    1278    1278   16671
         927    1.7e+05     17951 17957.7 17957.8    17946    1278    1278   16668
         928    1.7e+05     17951 17957.7 17957.7    17947    1278    1278   16669
         929    1.7e+05     17951 17957.7 17957.8    17947    1278    1278   16669
         930    1.7e+05     17951 17957.7 17957.7    17948    1278    1278   16670
         931    1.7e+05     17951 17957.7 17957.8    17947    1278    1278   16669
         932    1.7e+05     17951 17957.7 17957.7    17947    1278    1278   16669
         933    1.7e+05     17951 17957.7 17957.8    17948    1278    1278   16670
         934    1.7e+05     17951 17957.7 17957.7    17947    1278    1278   16669
         935    1.7e+05     17951 17957.7 17957.8    17947    1278    1278   16669
         936    1.7e+05     17951 17957.7 17957.7    17948    1278    1278   16670
         937    1.7e+05     17951 17957.7 17957.8    17946    1278    1278   16668
         938    1.7e+05     17951 17957.7 17957.7    17947    1278    1278   16669
         939    1.7e+05     17951 17957.7 17957.8    17947    1278    1278   16669
         940    1.7e+05     17951 17957.7 17957.7    17949    1278    1278   16671
         941    1.7e+05     17951 17957.7 17957.8    17948    1278    1278   16670
         942    1.7e+05     17951 17957.7 17957.7    17948    1278    1278   16670
         943    1.7e+05     17951 17957.7 17957.8    17948    1278    1278   16670
         944    1.7e+05     17951 17957.7 17957.7    17948    1278    1278   16670
         945    1.7e+05     17951 17957.7 17957.8    17948    1278    1278   16670
         946    1.7e+05     17951 17957.7 17957.7    17949    1278    1278   16671
         947    1.7e+05     17951 17957.7 17957.8    17948    1278    1278   16670
         948    1.7e+05     17951 17957.7 17957.7    17948    1278    1278   16670
         949    1.7e+05     17951 17957.7 17957.8    17948    1278    1278   16670
         950    1.7e+05     17951 17957.7 17957.7    17947    1278    1278   16669
         951    1.7e+05     17951 17957.7 17957.8    17948    1278    1278   16670
         952    1.7e+05     17951 17957.7 17957.7    17948    1278    1278   16670
         953    1.7e+05     17951 17957.7 17957.8    17946    1278    1278   16668
         954    1.7e+05     17951 17957.7 17957.7    17946    1278    1278   16668
         955    1.7e+05     17951 17957.7 17957.8    17947    1278    1278   16669
         956    1.7e+05     17951 17957.7 17957.7    17947    1278    1278   16669
         957    1.7e+05     17951 17957.7 17957.8    17946    1278    1278   16668
         958    1.7e+05     17951 17957.7 17957.7    17945    1278    1278   16667
         959    1.7e+05     17951 17957.7 17957.8    17946    1278    1278   16668
         960    1.7e+05     17951 17957.7 17957.7    17946    1278    1278   16668
         961    1.7e+05     17951 17957.7 17957.8    17946    1278    1278   16668
         962    1.7e+05     17951 17957.7 17957.7    17946    1278    1278   16668
         963    1.7e+05     17951 17957.7 17957.8    17947    1278    1278   16669
         964    1.7e+05     17951 17957.7 17957.7    17947    1278    1278   16669
         965    1.7e+05     17951 17957.7 17957.8    17947    1278    1278   16669
         966    1.7e+05     17951 17957.7 17957.7    17948    1278    1278   16670
         967    1.7e+05     17951 17957.7 17957.8    17947    1278    1278   16669
         968    1.7e+05     17951 17957.7 17957.7    17949    1278    1278   16671
         969    1.7e+05     17951 17957.7 17957.8    17947    1278    1278   16669
         970    1.7e+05     17951 17957.7 17957.7    17949    1278    1278   16671
         971    1.7e+05     17951 17957.7 17957.8    17947    1278    1278   16669
         972    1.7e+05     17951 17957.7 17957.7    17948    1278    1278   16670
         973    1.7e+05     17951 17957.7 17957.8    17946    1278    1278   16668
         974    1.7e+05     17951 17957.7 17957.7    17949    1278    1278   16671
         975    1.7e+05     17951 17957.7 17957.8    17947    1278    1278   16669
         976    1.7e+05     17951 17957.7 17957.7    17947    1278    1278   16669
         977    1.7e+05     17951 17957.7 17957.8    17945    1278    1278   16667
         978    1.7e+05     17951 17957.7 17957.7    17949    1278    1278   16671
         979    1.7e+05     17951 17957.7 17957.8    17943    1278    1278   16665
         980    1.7e+05     17951 17957.7 17957.7    17948    1278    1278   16670
         981    1.7e+05     17951 17957.7 17957.8    17946    1278    1278   16668
         982    1.7e+05     17951 17957.7 17957.7    17946    1278    1278   16668
         983    1.7e+05     17951 17957.7 17957.8    17945    1278    1278   16667
         984    1.7e+05     17951 17957.7 17957.7    17945    1278    1278   16667
         985    1.7e+05     17951 17957.7 17957.8    17945    1278    1278   16667
         986    1.7e+05     17951 17957.7 17957.7    17946    1278    1278   16668
         987    1.7e+05     17951 17957.7 17957.8    17942    1278    1278   16664
         988    1.7e+05     17951 17957.7 17957.7    17943    1278    1278   16665
         989    1.7e+05     17951 17957.7 17957.8    17946    1278    1278   16668
         990    1.7e+05     17951 17957.7 17957.7    17949    1278    1278   16671
         991    1.7e+05     17951 17957.7 17957.8    17945    1278    1278   16667
         992    1.7e+05     17951 17957.7 17957.7    17949    1278    1278   16671
         993    1.7e+05     17951 17957.7 17957.8    17945    1278    1278   16667
         994    1.7e+05     17951 17957.7 17957.7    17949    1278    1278   16671
         995    1.7e+05     17951 17957.7 17957.8    17946    1278    1278   16668
         996    1.7e+05     17951 17957.7 17957.7    17949    1278    1278   16671
         997    1.7e+05     17951 17957.7 17957.8    17946    1278    1278   16668
         998    1.7e+05     17951 17957.7 17957.7    17948    1278    1278   16670
         999    1.7e+05     17951 17957.7 17957.8    17947    1278    1278   16669
        1000    1.7e+05     17951 17957.7 17957.7    17947    1278    1278   16669
Total time used by klau is 479.49
true_align (3890) and est_align (1278) DO NOT have the same number of elements.
method klau has a score of 23.47%
method klau used 479.490 seconds.
maximum values in init align row is:  3889
maximum values in init align col is:  3886
 best   iter   pr-delta       obj  weight    card overlap
    *      1    6.1e-01   12670.5    1287    1287   12027
    *      2    1.9e-01   13664.5    1287    1287   13021
    *      3    6.6e-02   13680.5    1287    1287   13037
    *      4    2.4e-02   13708.5    1287    1287   13065
    *      5    9.2e-03   13736.5    1287    1287   13093
    *      6    3.6e-03   13739.5    1287    1287   13096
           7    1.4e-03   13736.5    1287    1287   13093
    *      8    5.9e-04   13754.5    1287    1287   13111
           9    2.4e-04   13751.5    1287    1287   13108
          10    1.1e-04   13751.5    1287    1287   13108
          11    4.7e-05   13751.5    1287    1287   13108
          12    2.2e-05   13751.5    1287    1287   13108
          13    1.1e-05   13751.5    1287    1287   13108
          14    5.9e-06   13751.5    1287    1287   13108
          15    3.2e-06   13751.5    1287    1287   13108
          16    1.9e-06   13751.5    1287    1287   13108
          17    1.1e-06   13751.5    1287    1287   13108
          18    7.1e-07   13751.5    1287    1287   13108
          19    4.5e-07   13751.5    1287    1287   13108
          20    2.9e-07   13751.5    1287    1287   13108
          21    1.8e-07   13751.5    1287    1287   13108
          22    1.2e-07   13751.5    1287    1287   13108
          23    7.7e-08   13751.5    1287    1287   13108
          24    5.0e-08   13751.5    1287    1287   13108
          25    3.3e-08   13751.5    1287    1287   13108
          26    2.2e-08   13751.5    1287    1287   13108
          27    1.4e-08   13751.5    1287    1287   13108
          28    9.3e-09   13751.5    1287    1287   13108
          29    6.1e-09   13751.5    1287    1287   13108
          30    4.1e-09   13751.5    1287    1287   13108
          31    2.7e-09   13751.5    1287    1287   13108
          32    1.8e-09   13751.5    1287    1287   13108
          33    1.2e-09   13751.5    1287    1287   13108
          34    7.7e-10   13751.5    1287    1287   13108
          35    5.1e-10   13751.5    1287    1287   13108
          36    3.4e-10   13751.5    1287    1287   13108
          37    2.2e-10   13751.5    1287    1287   13108
          38    1.5e-10   13751.5    1287    1287   13108
          39    9.9e-11   13751.5    1287    1287   13108
          40    6.6e-11   13751.5    1287    1287   13108
          41    4.4e-11   13751.5    1287    1287   13108
          42    2.9e-11   13751.5    1287    1287   13108
          43    1.9e-11   13751.5    1287    1287   13108
          44    1.3e-11   13751.5    1287    1287   13108
          45    8.5e-12   13751.5    1287    1287   13108
          46    5.7e-12   13751.5    1287    1287   13108
          47    3.8e-12   13751.5    1287    1287   13108
          48    2.5e-12   13751.5    1287    1287   13108
          49    1.7e-12   13751.5    1287    1287   13108
          50    1.1e-12   13751.5    1287    1287   13108
          51    7.4e-13   13751.5    1287    1287   13108
Total time used by isorank is 6.14
true_align (3890) and est_align (1287) DO NOT have the same number of elements.
method isorank has a score of 11.62%
method isorank used 6.145 seconds.
experiment results:
     method      score        time
0     final  40.257069   47.142682
1  netalign  23.393316   22.928498
2      klau  23.470437  479.489593
3   isorank  11.619537    6.144989
