Permutation sanity check error is 1526.0.
Permutation sanity check error is 150436.0.
num_init for this graph is 12
Generating initial alignment matrix using degree ...
mode is  degree
number of noisy edges are:  12
Average number of initial alignments for each node is 24
maximum values in init align row is:  3889
maximum values in init align col is:  3885
Recovering sparse matrix L took 0.03 sec.
Time for degree: 0.04 sec
iteration 1
Time for iteration 1: 0.89 sec, diff = 0.29111
iteration 2
Time for iteration 2: 2.68 sec, diff = 0.02085
iteration 3
Time for iteration 3: 2.73 sec, diff = 0.00612
iteration 4
Time for iteration 4: 2.75 sec, diff = 0.00286
iteration 5
Time for iteration 5: 2.75 sec, diff = 0.00158
iteration 6
Time for iteration 6: 2.76 sec, diff = 0.00094
iteration 7
Time for iteration 7: 2.72 sec, diff = 0.00058
iteration 8
Time for iteration 8: 2.72 sec, diff = 0.00036
iteration 9
Time for iteration 9: 2.73 sec, diff = 0.00023
iteration 10
Time for iteration 10: 2.75 sec, diff = 0.00015
iteration 11
Time for iteration 11: 2.72 sec, diff = 0.00010
iteration 12
Time for iteration 12: 2.69 sec, diff = 0.00006
iteration 13
Time for iteration 13: 2.73 sec, diff = 0.00004
iteration 14
Time for iteration 14: 2.72 sec, diff = 0.00003
iteration 15
Time for iteration 15: 2.72 sec, diff = 0.00002
iteration 16
Time for iteration 16: 2.74 sec, diff = 0.00001
iteration 17
Time for iteration 17: 2.82 sec, diff = 0.00001
Total time used by final is 47.35 sec.
true_align and est_align have the same number of elements.
method final has a score of 40.28%
method final used 47.351 seconds.
maximum values in init align row is:  3889
maximum values in init align col is:  3885
best   iter    obj_ma wght_ma card_ma over_ma    obj_mb wght_mb card_mb over_mb
  *a      1     16456    1276    1276   15180     16456    1276    1276   15180
          2      3150     808     808    2342      3396     771     771    2625
          3     10140    1200    1200    8940      8579     951     951    7628
          4      3795    1039    1039    2756      3684     954     954    2730
          5     11936    1206    1206   10730     11931    1043    1043   10888
          6     15300    1265    1265   14035     15603    1252    1252   14351
  *b      7     16676    1254    1254   15422     16806    1201    1201   15605
          8      9351    1200    1200    8151      9604    1137    1137    8467
          9      6120     926     926    5194      4222     483     483    3739
         10     11081    1240    1240    9841     11207    1201    1201   10006
         11      8884    1064    1064    7820      8460     840     840    7620
         12      9551    1207    1207    8344      9481    1104    1104    8377
         13      4890     923     923    3967      3962     589     589    3373
         14      9560    1217    1217    8343      9626    1113    1113    8513
         15      6397    1008    1008    5389      5514     747     747    4767
         16     10207    1225    1225    8982     10079    1120    1120    8959
         17      7066    1033    1033    6033      6531     790     790    5741
         18     10447    1227    1227    9220     10503    1122    1122    9381
         19      8127    1068    1068    7059      7564     863     863    6701
         20     11508    1237    1237   10271     11140    1145    1145    9995
         21     10320    1129    1129    9191      9948     948     948    9000
         22     12124    1240    1240   10884     11902    1163    1163   10739
         23     13472    1193    1193   12279     12839    1045    1045   11794
         24     12557    1240    1240   11317     12601    1184    1184   11417
         25     15847    1242    1242   14605     15678    1137    1137   14541
         26     13987    1247    1247   12740     14132    1203    1203   12929
         27     15273    1250    1250   14023     15257    1162    1162   14095
         28     15791    1255    1255   14536     15826    1206    1206   14620
         29     15960    1258    1258   14702     15748    1232    1232   14516
         30     15815    1257    1257   14558     15797    1248    1248   14549
  *a     31     17161    1263    1263   15898     17141    1251    1251   15890
  *a     32     17353    1265    1265   16088     17326    1251    1251   16075
  *a     33     17355    1265    1265   16090     17334    1254    1254   16080
  *a     34     17600    1266    1266   16334     17587    1261    1261   16326
  *a     35     17603    1266    1266   16337     17584    1262    1262   16322
         36     17598    1265    1265   16333     17595    1262    1262   16333
         37     17599    1265    1265   16334     17596    1263    1263   16333
  *a     38     17605    1266    1266   16339     17604    1265    1265   16339
         39     17605    1266    1266   16339     17604    1265    1265   16339
         40     17605    1266    1266   16339     17605    1266    1266   16339
         41     17605    1266    1266   16339     17604    1265    1265   16339
         42     17605    1266    1266   16339     17604    1265    1265   16339
         43     17605    1266    1266   16339     17605    1266    1266   16339
         44     17605    1266    1266   16339     17605    1266    1266   16339
         45     17605    1266    1266   16339     17605    1266    1266   16339
         46     17605    1266    1266   16339     17605    1266    1266   16339
         47     17605    1266    1266   16339     17605    1266    1266   16339
         48     17605    1266    1266   16339     17605    1266    1266   16339
         49     17605    1266    1266   16339     17605    1266    1266   16339
         50     17605    1266    1266   16339     17605    1266    1266   16339
         51     17605    1266    1266   16339     17605    1266    1266   16339
         52     17605    1266    1266   16339     17605    1266    1266   16339
         53     17605    1266    1266   16339     17605    1266    1266   16339
         54     17605    1266    1266   16339     17605    1266    1266   16339
         55     17605    1266    1266   16339     17605    1266    1266   16339
         56     17605    1266    1266   16339     17605    1266    1266   16339
         57     17605    1266    1266   16339     17605    1266    1266   16339
         58     17605    1266    1266   16339     17605    1266    1266   16339
         59     17605    1266    1266   16339     17605    1266    1266   16339
         60     17605    1266    1266   16339     17605    1266    1266   16339
         61     17605    1266    1266   16339     17605    1266    1266   16339
         62     17605    1266    1266   16339     17605    1266    1266   16339
         63     17605    1266    1266   16339     17605    1266    1266   16339
         64     17605    1266    1266   16339     17605    1266    1266   16339
         65     17605    1266    1266   16339     17605    1266    1266   16339
         66     17605    1266    1266   16339     17605    1266    1266   16339
         67     17605    1266    1266   16339     17605    1266    1266   16339
         68     17605    1266    1266   16339     17605    1266    1266   16339
         69     17605    1266    1266   16339     17605    1266    1266   16339
         70     17605    1266    1266   16339     17605    1266    1266   16339
         71     17605    1266    1266   16339     17605    1266    1266   16339
         72     17605    1266    1266   16339     17605    1266    1266   16339
         73     17605    1266    1266   16339     17605    1266    1266   16339
         74     17605    1266    1266   16339     17605    1266    1266   16339
         75     17605    1266    1266   16339     17605    1266    1266   16339
         76     17605    1266    1266   16339     17605    1266    1266   16339
         77     17605    1266    1266   16339     17605    1266    1266   16339
         78     17605    1266    1266   16339     17605    1266    1266   16339
         79     17605    1266    1266   16339     17605    1266    1266   16339
         80     17605    1266    1266   16339     17605    1266    1266   16339
         81     17605    1266    1266   16339     17605    1266    1266   16339
         82     17605    1266    1266   16339     17605    1266    1266   16339
         83     17605    1266    1266   16339     17605    1266    1266   16339
         84     17605    1266    1266   16339     17605    1266    1266   16339
         85     17605    1266    1266   16339     17605    1266    1266   16339
         86     17605    1266    1266   16339     17605    1266    1266   16339
         87     17605    1266    1266   16339     17605    1266    1266   16339
         88     17605    1266    1266   16339     17605    1266    1266   16339
         89     17605    1266    1266   16339     17605    1266    1266   16339
         90     17605    1266    1266   16339     17605    1266    1266   16339
         91     17605    1266    1266   16339     17605    1266    1266   16339
         92     17605    1266    1266   16339     17605    1266    1266   16339
         93     17605    1266    1266   16339     17605    1266    1266   16339
         94     17605    1266    1266   16339     17605    1266    1266   16339
         95     17605    1266    1266   16339     17605    1266    1266   16339
         96     17605    1266    1266   16339     17605    1266    1266   16339
         97     17605    1266    1266   16339     17605    1266    1266   16339
         98     17605    1266    1266   16339     17605    1266    1266   16339
         99     17605    1266    1266   16339     17605    1266    1266   16339
        100     17605    1266    1266   16339     17605    1266    1266   16339
Total time used by netalign is 22.93
true_align (3890) and est_align (1266) DO NOT have the same number of elements.
method netalign has a score of 23.39%
method netalign used 22.933 seconds.
maximum values in init align row is:  3889
maximum values in init align col is:  3885
 best   iter     norm-u     lower   upper     cur      obj  weight    card overlap
    *      1    0.0e+00     17034   19401   19401    17034    1276    1276   15758
           2    1.2e+04     17034   19401 20779.5    15424    1276    1276   14148
           3    1.8e+04     17034   19401 19959.6    14886    1276    1276   13610
           4    2.4e+04     17034   19401 20149.5    13255    1276    1276   11979
           5    2.9e+04     17034   19401 20083.4    11077    1276    1276    9801
           6    3.4e+04     17034   19401   20256    11484    1276    1276   10208
           7    3.8e+04     17034   19401 20053.9    10117    1276    1276    8841
           8    4.2e+04     17034   19401   20169    10367    1276    1276    9091
           9    4.6e+04     17034   19401 20125.4     8623    1276    1276    7347
          10    5.0e+04     17034   19401 20206.4     9730    1276    1276    8454
          11    5.4e+04     17034   19401 20149.9     8885    1276    1276    7609
          12    5.7e+04     17034   19401   20175     9073    1276    1276    7797
          13    6.1e+04     17034   19401 20186.2     8789    1276    1276    7513
          14    6.4e+04     17034   19401 20156.4     8936    1276    1276    7660
          15    6.7e+04     17034   19401 20208.7     8424    1276    1276    7148
          16    7.0e+04     17034   19401 20078.8     9101    1276    1276    7825
          17    7.3e+04     17034   19401 20210.9     8111    1276    1276    6835
          18    7.6e+04     17034   19401 20138.5     8974    1276    1276    7698
          19    7.9e+04     17034   19401 20156.3     8078    1276    1276    6802
          20    8.2e+04     17034   19401 20167.1     8820    1276    1276    7544
          21    8.4e+04     17034   19401 20184.8     8047    1276    1276    6771
          22    8.7e+04     17034   19401   20160     8079    1276    1276    6803
          23    8.9e+04     17034   19401 20156.1     8092    1276    1276    6816
          24    9.2e+04     17034   19401 20164.9     8484    1276    1276    7208
          25    9.4e+04     17034   19401 20231.9     7943    1276    1276    6667
          26    9.6e+04     17034   19401   20171     8526    1276    1276    7250
               reducing step to 0.2
          27    9.7e+04     17034 19337.2 19337.2     9489    1276    1276    8213
          28    9.8e+04     17034 19221.7 19221.7     7409    1276    1276    6133
          29    9.9e+04     17034 19176.8 19176.8     8076    1276    1276    6800
          30    1.0e+05     17034 19074.5 19074.5     7726    1276    1276    6450
          31    1.0e+05     17034 19074.5 19074.5     7643    1276    1276    6367
          32    1.0e+05     17034 18966.1 18966.1     8112    1276    1276    6836
          33    1.0e+05     17034 18966.1 19002.4     7803    1276    1276    6527
          34    1.0e+05     17034 18915.1 18915.1     8296    1275    1275    7021
          35    1.0e+05     17034 18915.1 18965.5     7857    1275    1275    6582
          36    1.0e+05     17034 18900.2 18900.2     8342    1276    1276    7066
          37    1.1e+05     17034 18892.2 18892.2     8196    1276    1276    6920
          38    1.1e+05     17034 18877.8 18877.8     8298    1276    1276    7022
          39    1.1e+05     17034 18855.7 18855.7     8227    1275    1275    6952
          40    1.1e+05     17034 18847.2 18847.2     8697    1276    1276    7421
          41    1.1e+05     17034   18794   18794     8474    1275    1275    7199
          42    1.1e+05     17034   18794 18811.7     8338    1276    1276    7062
          43    1.1e+05     17034 18747.3 18747.3     8548    1276    1276    7272
          44    1.1e+05     17034 18747.3 18778.1     8804    1275    1275    7529
          45    1.1e+05     17034 18712.6 18712.6     8204    1276    1276    6928
          46    1.1e+05     17034 18712.6 18745.9     8623    1276    1276    7347
          47    1.1e+05     17034 18712.6 18714.5     8811    1275    1275    7536
          48    1.1e+05     17034 18705.7 18705.7     8550    1276    1276    7274
          49    1.1e+05     17034 18682.3 18682.3     8945    1275    1275    7670
          50    1.1e+05     17034 18653.4 18653.4     8760    1276    1276    7484
          51    1.1e+05     17034 18653.4 18689.1     9062    1276    1276    7786
          52    1.1e+05     17034 18640.1 18640.1     9404    1275    1275    8129
          53    1.1e+05     17034 18640.1 18653.4     8937    1275    1275    7662
          54    1.1e+05     17034 18625.6 18625.6     9406    1275    1275    8131
          55    1.2e+05     17034 18577.4 18577.4     9337    1276    1276    8061
          56    1.2e+05     17034 18577.4 18597.8     9560    1275    1275    8285
          57    1.2e+05     17034 18577.4 18600.2     8983    1275    1275    7708
          58    1.2e+05     17034 18577.4 18582.2     9985    1275    1275    8710
          59    1.2e+05     17034 18553.8 18553.8     8923    1276    1276    7647
          60    1.2e+05     17034 18553.8 18664.4     9384    1275    1275    8109
          61    1.2e+05     17034 18507.4 18507.4     9579    1275    1275    8304
          62    1.2e+05     17034 18507.4 18658.7     9362    1275    1275    8087
          63    1.2e+05     17034 18507.4 18521.8     9386    1276    1276    8110
          64    1.2e+05     17034 18507.4 18597.6     9901    1275    1275    8626
          65    1.2e+05     17034 18486.8 18486.8     9579    1275    1275    8304
          66    1.2e+05     17034 18486.8   18614     9853    1275    1275    8578
          67    1.2e+05     17034 18486.8 18487.1     9661    1276    1276    8385
          68    1.2e+05     17034 18486.8 18557.1     9886    1275    1275    8611
          69    1.2e+05     17034 18486.8   18504     9730    1275    1275    8455
          70    1.2e+05     17034 18486.8 18569.6    10035    1275    1275    8760
          71    1.2e+05     17034 18475.8 18475.8     9749    1275    1275    8474
          72    1.2e+05     17034 18475.8 18584.9     9928    1276    1276    8652
          73    1.2e+05     17034   18426   18426     9800    1275    1275    8525
          74    1.2e+05     17034   18426 18567.2    10367    1275    1275    9092
          75    1.2e+05     17034 18415.7 18415.7     9891    1275    1275    8616
          76    1.2e+05     17034 18415.7 18533.3    10714    1275    1275    9439
          77    1.2e+05     17034 18415.7 18438.5    10454    1275    1275    9179
          78    1.2e+05     17034 18415.7 18499.8     9908    1275    1275    8633
          79    1.2e+05     17034 18415.7 18453.1    10029    1275    1275    8754
          80    1.3e+05     17034 18415.7 18485.9    10581    1276    1276    9305
          81    1.3e+05     17034 18415.7 18416.2    10530    1275    1275    9255
          82    1.3e+05     17034 18415.7 18508.7    10402    1275    1275    9127
          83    1.3e+05     17034 18411.7 18411.7    10096    1276    1276    8820
          84    1.3e+05     17034 18411.7 18535.2    10256    1275    1275    8981
          85    1.3e+05     17034   18363   18363    10178    1275    1275    8903
          86    1.3e+05     17034   18363 18508.3    10485    1275    1275    9210
          87    1.3e+05     17034 18349.6 18349.6    10795    1275    1275    9520
          88    1.3e+05     17034 18349.6 18471.6     9805    1275    1275    8530
          89    1.3e+05     17034 18349.6 18401.9    10427    1275    1275    9152
          90    1.3e+05     17034 18349.6 18431.8    10773    1274    1274    9499
          91    1.3e+05     17034 18349.6 18356.1     9966    1276    1276    8690
          92    1.3e+05     17034 18349.6 18548.5    10716    1276    1276    9440
          93    1.3e+05     17034 18303.7 18303.7    11350    1275    1275   10075
          94    1.3e+05     17034 18303.7 18356.3    10735    1275    1275    9460
          95    1.3e+05     17034 18303.7 18382.4     9868    1275    1275    8593
          96    1.3e+05     17034 18303.7 18412.2    11330    1275    1275   10055
          97    1.3e+05     17034 18303.7 18311.2    10571    1274    1274    9297
          98    1.3e+05     17034 18303.7 18479.1    10196    1276    1276    8920
          99    1.3e+05     17034 18303.7 18327.9    10556    1275    1275    9281
         100    1.3e+05     17034 18303.7   18466    10955    1275    1275    9680
         101    1.3e+05     17034 18275.3 18275.3    11083    1276    1276    9807
         102    1.3e+05     17034 18275.3 18451.2    10395    1275    1275    9120
         103    1.3e+05     17034 18275.3 18318.1    10466    1275    1275    9191
         104    1.3e+05     17034 18275.3 18436.4    10514    1274    1274    9240
         105    1.3e+05     17034 18275.3 18285.6    10394    1274    1274    9120
         106    1.3e+05     17034 18275.3   18465    10425    1276    1276    9149
         107    1.3e+05     17034 18275.3 18291.9    11186    1274    1274    9912
         108    1.3e+05     17034 18275.3 18372.1    10959    1276    1276    9683
         109    1.3e+05     17034 18275.3 18317.2    10455    1275    1275    9180
         110    1.3e+05     17034 18275.3 18394.6    11104    1275    1275    9829
         111    1.4e+05     17034 18274.4 18274.4    11192    1273    1273    9919
         112    1.4e+05     17034 18274.4 18389.5    10742    1275    1275    9467
         113    1.4e+05     17034 18274.4 18287.6    10752    1274    1274    9478
         114    1.4e+05     17034 18274.4 18383.4    10500    1274    1274    9226
         115    1.4e+05     17034 18274.4 18297.8    11242    1276    1276    9966
         116    1.4e+05     17034 18274.4 18378.9    11035    1274    1274    9761
         117    1.4e+05     17034 18274.4 18288.8    10804    1274    1274    9530
         118    1.4e+05     17034 18274.4 18391.4    11071    1275    1275    9796
         119    1.4e+05     17034 18271.8 18271.8    11126    1274    1274    9852
         120    1.4e+05     17034 18271.8 18421.5    10870    1276    1276    9594
         121    1.4e+05     17034 18271.8 18274.2    11019    1274    1274    9745
         122    1.4e+05     17034 18271.8 18385.1    11073    1275    1275    9798
         123    1.4e+05     17034 18259.5 18259.5    11178    1273    1273    9905
         124    1.4e+05     17034 18259.5 18357.3    10891    1274    1274    9617
         125    1.4e+05     17034 18251.6 18251.6    11944    1274    1274   10670
         126    1.4e+05     17034 18251.6 18310.1    11201    1275    1275    9926
         127    1.4e+05     17034 18251.6 18272.9    10805    1273    1273    9532
         128    1.4e+05     17034 18251.6 18316.9    11054    1274    1274    9780
         129    1.4e+05     17034 18216.1 18216.1    11020    1274    1274    9746
         130    1.4e+05     17034 18216.1 18348.8    11438    1274    1274   10164
         131    1.4e+05     17034 18216.1 18217.1    11880    1274    1274   10606
         132    1.4e+05     17034 18216.1 18300.6    11328    1275    1275   10053
         133    1.4e+05     17034 18216.1 18253.2    10848    1275    1275    9573
         134    1.4e+05     17034 18216.1 18405.4    10361    1275    1275    9086
         135    1.4e+05     17034 18188.3 18188.3    12309    1273    1273   11036
         136    1.4e+05     17034 18188.3 18272.9    11403    1274    1274   10129
         137    1.4e+05     17034 18188.3 18255.4    11126    1275    1275    9851
         138    1.4e+05     17034 18188.3 18304.7    11257    1274    1274    9983
         139    1.4e+05     17034 18188.3   18196    11908    1273    1273   10635
         140    1.4e+05     17034 18188.3 18294.3    11131    1274    1274    9857
         141    1.4e+05     17034 18188.3 18249.7    10953    1273    1273    9680
         142    1.4e+05     17034 18188.3   18387    11267    1273    1273    9994
         143    1.4e+05     17034 18178.1 18178.1    12538    1273    1273   11265
         144    1.4e+05     17034 18178.1 18237.4    11866    1274    1274   10592
         145    1.4e+05     17034 18178.1 18226.8    11490    1274    1274   10216
         146    1.4e+05     17034 18178.1 18264.4    11123    1275    1275    9848
         147    1.4e+05     17034 18178.1 18230.2    11468    1274    1274   10194
         148    1.4e+05     17034 18167.9 18167.9    11618    1276    1276   10342
         149    1.5e+05     17034 18167.9 18226.6    10937    1275    1275    9662
         150    1.5e+05     17034 18167.9 18317.3    11220    1274    1274    9946
         151    1.5e+05     17034 18167.9 18168.7    11886    1275    1275   10611
         152    1.5e+05     17034 18167.9 18241.8    11068    1274    1274    9794
         153    1.5e+05     17034 18167.9 18218.6    10917    1274    1274    9643
         154    1.5e+05     17034 18167.9 18279.9    11350    1274    1274   10076
         155    1.5e+05     17034 18167.9 18177.7    12247    1274    1274   10973
         156    1.5e+05     17034 18167.9 18252.9    11272    1274    1274    9998
         157    1.5e+05     17034 18167.9 18209.5    10722    1273    1273    9449
         158    1.5e+05     17034 18167.9 18250.9    11004    1274    1274    9730
         159    1.5e+05     17034 18167.9 18202.5    11832    1275    1275   10557
         160    1.5e+05     17034 18167.9 18183.9    11881    1275    1275   10606
         161    1.5e+05     17034 18167.9 18224.7    10765    1274    1274    9491
         162    1.5e+05     17034 18167.9 18263.3    11073    1273    1273    9800
         163    1.5e+05     17034 18167.9 18185.5    11373    1274    1274   10099
         164    1.5e+05     17034 18167.9   18199    11983    1275    1275   10708
         165    1.5e+05     17034 18167.9 18197.1    11916    1274    1274   10642
         166    1.5e+05     17034 18167.9 18251.3    11564    1275    1275   10289
         167    1.5e+05     17034 18167.9 18194.9    11605    1272    1272   10333
         168    1.5e+05     17034 18167.9 18236.8    11839    1272    1272   10567
         169    1.5e+05     17034 18154.1 18154.1    11072    1275    1275    9797
         170    1.5e+05     17034 18154.1 18284.1    11278    1275    1275   10003
         171    1.5e+05     17034 18154.1 18169.2    12162    1274    1274   10888
         172    1.5e+05     17034 18154.1 18165.8    11938    1273    1273   10665
         173    1.5e+05     17034 18154.1 18193.7    11593    1273    1273   10320
         174    1.5e+05     17034 18154.1 18241.9    11699    1275    1275   10424
         175    1.5e+05     17034 18154.1 18162.9    11164    1274    1274    9890
         176    1.5e+05     17034 18154.1 18197.7    11947    1272    1272   10675
         177    1.5e+05     17034 18148.6 18148.6    11216    1275    1275    9941
         178    1.5e+05     17034 18148.6 18267.1    11325    1274    1274   10051
         179    1.5e+05     17034 18148.6 18158.5    12656    1273    1273   11383
         180    1.5e+05     17034 18148.6 18183.3    12458    1274    1274   11184
         181    1.5e+05     17034 18148.6 18149.2    11962    1272    1272   10690
         182    1.5e+05     17034 18148.6 18266.2    11329    1275    1275   10054
         183    1.5e+05     17034 18148.6 18171.8    11393    1273    1273   10120
         184    1.5e+05     17034 18148.6 18246.7    11366    1275    1275   10091
         185    1.5e+05     17034 18148.6 18152.3    12573    1273    1273   11300
         186    1.5e+05     17034 18148.6 18184.7    12526    1274    1274   11252
         187    1.5e+05     17034 18148.6 18159.3    10914    1273    1273    9641
         188    1.5e+05     17034 18148.6 18336.5    11086    1273    1273    9813
         189    1.5e+05     17034   18141   18141    12388    1275    1275   11113
         190    1.5e+05     17034   18141 18196.2    12282    1274    1274   11008
         191    1.5e+05     17034   18141 18171.5    12008    1272    1272   10736
         192    1.6e+05     17034   18141 18282.7    11779    1272    1272   10507
         193    1.6e+05     17034   18141 18151.3    12329    1274    1274   11055
         194    1.6e+05     17034   18141   18220    11827    1273    1273   10554
         195    1.6e+05     17034   18141 18195.9    11281    1275    1275   10006
         196    1.6e+05     17034   18141 18251.9    11029    1274    1274    9755
         197    1.6e+05     17034   18141 18147.6    11488    1273    1273   10215
         198    1.6e+05     17034   18141 18273.4    11840    1275    1275   10565
         199    1.6e+05     17034 18120.6 18120.6    13034    1272    1272   11762
         200    1.6e+05     17034 18120.6 18131.9    12596    1275    1275   11321
         201    1.6e+05     17034 18120.6 18148.5    12540    1271    1271   11269
         202    1.6e+05     17034 18120.6 18235.8    11307    1273    1273   10034
         203    1.6e+05     17034 18120.6 18141.7    11952    1273    1273   10679
         204    1.6e+05     17034 18120.6 18157.6    12057    1275    1275   10782
         205    1.6e+05     17034 18120.6 18171.2    11819    1272    1272   10547
         206    1.6e+05     17034 18120.6   18135    12426    1272    1272   11154
         207    1.6e+05     17034 18120.6 18131.5    11992    1272    1272   10720
         208    1.6e+05     17034 18120.6 18188.5    11675    1273    1273   10402
         209    1.6e+05     17034 18120.6 18172.2    11645    1271    1271   10374
         210    1.6e+05     17034 18120.6 18174.4    11544    1275    1275   10269
         211    1.6e+05     17034 18120.6 18143.9    12095    1273    1273   10822
         212    1.6e+05     17034 18081.7 18081.7    12465    1274    1274   11191
         213    1.6e+05     17034 18081.7 18157.9    11696    1273    1273   10423
         214    1.6e+05     17034 18081.7 18172.4    11634    1270    1270   10364
         215    1.6e+05     17034 18081.7 18119.3    12602    1274    1274   11328
         216    1.6e+05     17034 18081.7 18096.2    11916    1273    1273   10643
         217    1.6e+05     17034 18081.7 18214.9    11618    1275    1275   10343
         218    1.6e+05     17034 18081.7 18141.9    12259    1273    1273   10986
         219    1.6e+05     17034 18081.7 18180.2    12954    1271    1271   11683
         220    1.6e+05     17034 18069.5 18069.5    12806    1272    1272   11534
         221    1.6e+05     17034 18069.5 18147.5    12150    1273    1273   10877
         222    1.6e+05     17034 18069.5 18136.7    11631    1273    1273   10358
         223    1.6e+05     17034 18069.5 18193.5    11276    1272    1272   10004
         224    1.6e+05     17034 18069.5 18099.2    12756    1274    1274   11482
         225    1.6e+05     17034 18069.5 18118.6    12164    1273    1273   10891
         226    1.6e+05     17034 18069.5 18211.5    11590    1273    1273   10317
         227    1.6e+05     17034 18069.5 18125.2    12510    1272    1272   11238
         228    1.6e+05     17034 18069.5 18148.6    12012    1275    1275   10737
         229    1.6e+05     17034 18069.5 18127.7    11989    1271    1271   10718
         230    1.6e+05     17034 18069.5 18134.6    11442    1275    1275   10167
         231    1.6e+05     17034 18069.5 18186.3    11601    1274    1274   10327
         232    1.6e+05     17034 18069.5 18192.8    12230    1272    1272   10958
         233    1.6e+05     17034 18069.5 18079.3    13504    1272    1272   12232
         234    1.6e+05     17034 18069.5 18100.9    13326    1271    1271   12055
         235    1.6e+05     17034 18069.5 18113.7    12327    1271    1271   11056
         236    1.6e+05     17034 18069.5 18176.8    11524    1272    1272   10252
         237    1.6e+05     17034 18069.5 18175.5    12084    1274    1274   10810
         238    1.6e+05     17034 18069.5 18132.3    12034    1271    1271   10763
         239    1.6e+05     17034 18069.5 18107.7    12388    1273    1273   11115
         240    1.6e+05     17034 18069.5 18108.8    11895    1271    1271   10624
         241    1.6e+05     17034 18069.5   18110    12063    1273    1273   10790
         242    1.7e+05     17034 18069.5   18111    12332    1270    1270   11062
         243    1.7e+05     17034 18069.5 18161.3    11871    1275    1275   10596
         244    1.7e+05     17034 18069.5 18105.6    11899    1272    1272   10627
         245    1.7e+05     17034 18069.5 18216.5    11528    1273    1273   10255
               reducing step to 0.1
         246    1.7e+05     17034 17947.5 17947.5    14438    1270    1270   13168
         247    1.7e+05     17034 17874.1 17874.1    16013    1268    1268   14745
    *    248    1.7e+05     17146 17830.4 17830.4    17146    1267    1267   15879
    *    249    1.7e+05     17476 17818.9 17818.9    17476    1267    1267   16209
         250    1.7e+05     17476 17814.2 17814.2    17126    1266    1266   15860
         251    1.7e+05     17476 17814.2 17835.5    17159    1269    1269   15890
         252    1.7e+05     17476 17814.2 17817.8    17378    1267    1267   16111
    *    253    1.7e+05     17576 17811.9 17811.9    17576    1267    1267   16309
         254    1.7e+05     17576 17811.8 17811.8    17448    1266    1266   16182
    *    255    1.7e+05     17604 17810.4 17810.4    17604    1267    1267   16337
    *    256    1.7e+05     17666 17808.5 17808.5    17666    1266    1266   16400
    *    257    1.7e+05     17707 17807.9 17807.9    17707    1266    1266   16441
         258    1.7e+05     17707 17806.4 17806.4    17664    1266    1266   16398
         259    1.7e+05     17707 17806.4 17807.1    17667    1266    1266   16401
         260    1.7e+05     17707 17804.5 17804.5    17679    1266    1266   16413
         261    1.7e+05     17707 17804.5 17807.5    17556    1266    1266   16290
    *    262    1.7e+05     17709 17804.5   17806    17709    1266    1266   16443
         263    1.7e+05     17709 17804.5 17806.4    17686    1266    1266   16420
         264    1.7e+05     17709 17804.5 17804.6    17688    1266    1266   16422
    *    265    1.7e+05     17712 17804.5 17805.7    17712    1266    1266   16446
         266    1.7e+05     17712 17804.5   17805    17668    1266    1266   16402
         267    1.7e+05     17712 17804.5 17821.2    17629    1266    1266   16363
         268    1.7e+05     17712 17803.1 17803.1    17695    1266    1266   16429
    *    269    1.7e+05     17730 17803.1 17803.8    17730    1266    1266   16464
         270    1.7e+05     17730 17803.1 17803.2    17721    1266    1266   16455
    *    271    1.7e+05     17731 17803.1 17805.3    17731    1266    1266   16465
         272    1.7e+05     17731 17802.6 17802.6    17729    1266    1266   16463
         273    1.7e+05     17731 17802.6   17804    17709    1266    1266   16443
         274    1.7e+05     17731 17802.1 17802.1    17708    1266    1266   16442
         275    1.7e+05     17731 17802.1 17803.2    17727    1266    1266   16461
         276    1.7e+05     17731 17802.1 17802.8    17725    1266    1266   16459
         277    1.7e+05     17731 17802.1 17803.5    17721    1266    1266   16455
         278    1.7e+05     17731 17801.9 17801.9    17717    1266    1266   16451
         279    1.7e+05     17731 17801.9 17802.2    17695    1266    1266   16429
         280    1.7e+05     17731 17801.5 17801.5    17706    1266    1266   16440
         281    1.7e+05     17731 17801.5 17801.7    17716    1266    1266   16450
         282    1.7e+05     17731 17801.3 17801.3    17727    1266    1266   16461
         283    1.7e+05     17731 17801.3 17801.7    17718    1266    1266   16452
         284    1.7e+05     17731 17800.8 17800.8    17721    1266    1266   16455
         285    1.7e+05     17731 17800.3 17800.3    17724    1266    1266   16458
         286    1.7e+05     17731 17800.3 17800.9    17707    1266    1266   16441
    *    287    1.7e+05     17733 17800.3 17801.2    17733    1266    1266   16467
         288    1.7e+05     17733 17800.3 17802.6    17380    1266    1266   16114
         289    1.7e+05     17733 17800.3 17818.8    17620    1267    1267   16353
         290    1.7e+05     17733 17800.3 17802.1    17521    1266    1266   16255
         291    1.7e+05     17733 17800.3 17801.7    17691    1266    1266   16425
    *    292    1.7e+05     17735 17799.8 17799.8    17735    1266    1266   16469
         293    1.7e+05     17735 17799.8 17800.1    17725    1266    1266   16459
         294    1.7e+05     17735 17799.1 17799.1    17721    1266    1266   16455
         295    1.7e+05     17735 17799.1 17800.9    17728    1266    1266   16462
         296    1.7e+05     17735 17799.1 17799.3    17726    1266    1266   16460
         297    1.7e+05     17735 17799.1 17800.1    17732    1266    1266   16466
         298    1.7e+05     17735 17799.1 17799.4    17720    1266    1266   16454
         299    1.7e+05     17735 17799.1 17800.3    17734    1266    1266   16468
         300    1.7e+05     17735 17799.1 17799.2    17704    1266    1266   16438
         301    1.7e+05     17735 17799.1 17799.9    17703    1266    1266   16437
         302    1.7e+05     17735 17798.7 17798.7    17699    1266    1266   16433
         303    1.7e+05     17735 17798.7 17799.5    17705    1266    1266   16439
         304    1.7e+05     17735 17798.6 17798.6    17715    1266    1266   16449
    *    305    1.7e+05     17737 17798.6 17799.9    17737    1266    1266   16471
         306    1.7e+05     17737 17798.2 17798.2    17723    1266    1266   16457
    *    307    1.7e+05     17743 17798.2   17799    17743    1266    1266   16477
         308    1.7e+05     17743 17797.5 17797.5    17739    1266    1266   16473
    *    309    1.7e+05     17744 17797.5 17799.8    17744    1266    1266   16478
         310    1.7e+05     17744 17797.5 17797.8    17736    1266    1266   16470
         311    1.7e+05     17744 17797.5 17799.9    17741    1266    1266   16475
         312    1.7e+05     17744 17797.5 17798.4    17715    1266    1266   16449
         313    1.7e+05     17744 17797.5 17799.6    17583    1266    1266   16317
         314    1.7e+05     17744 17797.5 17798.5    17717    1266    1266   16451
         315    1.7e+05     17744 17797.5 17799.2    17723    1266    1266   16457
         316    1.7e+05     17744 17797.5 17797.5    17715    1266    1266   16449
         317    1.7e+05     17744 17797.5 17798.7    17722    1266    1266   16456
         318    1.7e+05     17744 17797.5 17798.1    17728    1266    1266   16462
         319    1.7e+05     17744 17797.5 17798.2    17727    1266    1266   16461
         320    1.7e+05     17744 17797.3 17797.3    17723    1266    1266   16457
         321    1.7e+05     17744 17797.3 17798.5    17720    1266    1266   16454
         322    1.7e+05     17744 17796.6 17796.6    17742    1266    1266   16476
         323    1.7e+05     17744 17796.6 17797.9    17706    1266    1266   16440
         324    1.7e+05     17744 17796.6 17797.5    17738    1266    1266   16472
    *    325    1.7e+05     17749 17796.6 17797.9    17749    1266    1266   16483
         326    1.7e+05     17749 17796.6 17796.9    17746    1266    1266   16480
         327    1.7e+05     17749 17796.6 17798.1    17728    1266    1266   16462
         328    1.7e+05     17749 17796.6 17796.9    17729    1266    1266   16463
         329    1.7e+05     17749 17796.6 17798.1    17742    1266    1266   16476
         330    1.7e+05     17749 17796.6 17796.6    17739    1266    1266   16473
         331    1.7e+05     17749 17796.6 17797.1    17748    1266    1266   16482
         332    1.7e+05     17749 17796.6 17797.1    17746    1266    1266   16480
         333    1.7e+05     17749 17796.6 17797.8    17743    1266    1266   16477
         334    1.7e+05     17749 17796.6 17796.9    17727    1266    1266   16461
         335    1.7e+05     17749 17796.6 17797.9    17737    1266    1266   16471
         336    1.7e+05     17749 17796.6 17797.3    17739    1266    1266   16473
         337    1.7e+05     17749 17796.6 17798.1    17708    1266    1266   16442
         338    1.7e+05     17749 17796.6 17796.7    17739    1266    1266   16473
         339    1.7e+05     17749 17796.6 17798.1    17740    1266    1266   16474
         340    1.7e+05     17749 17796.6 17797.2    17729    1266    1266   16463
         341    1.7e+05     17749 17796.6 17797.8    17743    1266    1266   16477
         342    1.7e+05     17749 17796.6   17797    17736    1266    1266   16470
         343    1.7e+05     17749 17796.6 17797.2    17744    1266    1266   16478
         344    1.7e+05     17749 17796.3 17796.3    17738    1266    1266   16472
    *    345    1.7e+05     17750 17796.3 17797.2    17750    1266    1266   16484
         346    1.7e+05     17750 17795.9 17795.9    17738    1266    1266   16472
         347    1.7e+05     17750 17795.9 17797.2    17750    1266    1266   16484
         348    1.7e+05     17750 17795.9 17795.9    17736    1266    1266   16470
         349    1.7e+05     17750 17795.9 17796.6    17735    1266    1266   16469
         350    1.7e+05     17750 17795.9 17795.9    17737    1266    1266   16471
         351    1.7e+05     17750 17795.9 17797.1    17744    1266    1266   16478
         352    1.7e+05     17750 17795.9 17796.1    17744    1266    1266   16478
         353    1.7e+05     17750 17795.9 17797.8    17747    1266    1266   16481
         354    1.7e+05     17750 17795.2 17795.2    17742    1266    1266   16476
         355    1.7e+05     17750 17795.2 17797.6    17749    1266    1266   16483
         356    1.7e+05     17750 17795.2 17795.3    17739    1266    1266   16473
         357    1.7e+05     17750 17795.2 17797.8    17742    1266    1266   16476
         358    1.7e+05     17750 17795.2 17795.4    17732    1266    1266   16466
         359    1.7e+05     17750 17795.2 17797.2    17749    1266    1266   16483
         360    1.7e+05     17750 17795.2 17796.2    17739    1266    1266   16473
         361    1.7e+05     17750 17795.2 17796.9    17748    1266    1266   16482
         362    1.7e+05     17750 17795.2 17796.2    17744    1266    1266   16478
         363    1.7e+05     17750 17795.2 17796.6    17748    1266    1266   16482
         364    1.7e+05     17750 17795.2 17795.5    17732    1266    1266   16466
         365    1.7e+05     17750 17795.2 17796.5    17746    1266    1266   16480
         366    1.7e+05     17750 17795.2 17795.9    17739    1266    1266   16473
         367    1.7e+05     17750 17795.2 17796.2    17738    1266    1266   16472
         368    1.7e+05     17750 17795.2 17795.6    17740    1266    1266   16474
         369    1.7e+05     17750 17795.2 17796.1    17749    1266    1266   16483
         370    1.7e+05     17750 17795.2 17795.8    17750    1266    1266   16484
    *    371    1.7e+05     17752 17795.2 17796.1    17752    1266    1266   16486
         372    1.7e+05     17752 17795.2 17795.6    17751    1266    1266   16485
         373    1.7e+05     17752 17795.2 17796.2    17752    1266    1266   16486
         374    1.7e+05     17752 17795.2 17795.7    17748    1266    1266   16482
         375    1.7e+05     17752 17795.2 17795.9    17752    1266    1266   16486
         376    1.7e+05     17752 17795.2 17795.4    17749    1266    1266   16483
         377    1.7e+05     17752 17795.2 17796.4    17748    1266    1266   16482
         378    1.7e+05     17752 17795.2 17795.4    17737    1266    1266   16471
         379    1.7e+05     17752 17795.2 17795.9    17746    1266    1266   16480
               reducing step to 0.05
         380    1.7e+05     17752 17786.5 17786.5    17702    1266    1266   16436
         381    1.7e+05     17752 17779.6 17779.6    17740    1266    1266   16474
    *    382    1.7e+05     17753 17779.6   17781    17753    1266    1266   16487
         383    1.7e+05     17753 17779.6 17780.2    17753    1266    1266   16487
    *    384    1.7e+05     17756 17779.6 17781.1    17756    1266    1266   16490
         385    1.7e+05     17756 17779.6 17780.2    17751    1266    1266   16485
         386    1.7e+05     17756 17779.6 17781.1    17754    1266    1266   16488
         387    1.7e+05     17756 17779.6   17780    17754    1266    1266   16488
         388    1.7e+05     17756 17779.6 17780.9    17738    1266    1266   16472
         389    1.7e+05     17756 17779.6 17779.7    17756    1266    1266   16490
         390    1.7e+05     17756 17779.6 17780.6    17749    1266    1266   16483
         391    1.7e+05     17756 17779.6 17779.9    17756    1266    1266   16490
         392    1.7e+05     17756 17779.6 17780.7    17747    1266    1266   16481
         393    1.7e+05     17756 17779.6 17779.7    17752    1266    1266   16486
         394    1.7e+05     17756 17779.6 17780.5    17747    1266    1266   16481
         395    1.7e+05     17756 17779.6 17779.7    17752    1266    1266   16486
    *    396    1.7e+05     17757 17779.6 17780.6    17757    1266    1266   16491
         397    1.7e+05     17757 17779.6 17779.8    17754    1266    1266   16488
         398    1.7e+05     17757 17779.6 17780.7    17757    1266    1266   16491
         399    1.7e+05     17757 17779.6 17779.7    17752    1266    1266   16486
         400    1.7e+05     17757 17779.6 17780.5    17755    1266    1266   16489
         401    1.7e+05     17757 17779.6 17779.7    17755    1266    1266   16489
         402    1.7e+05     17757 17779.6 17780.5    17756    1266    1266   16490
         403    1.7e+05     17757 17779.6 17779.6    17752    1266    1266   16486
         404    1.7e+05     17757 17779.6 17780.3    17754    1266    1266   16488
         405    1.7e+05     17757 17779.6 17779.7    17747    1266    1266   16481
         406    1.7e+05     17757 17779.6 17780.3    17753    1266    1266   16487
               reducing step to 0.025
         407    1.7e+05     17757 17776.1 17776.1    17720    1266    1266   16454
         408    1.7e+05     17757 17772.8 17772.8    17726    1266    1266   16460
         409    1.7e+05     17757 17772.8 17773.8    17428    1266    1266   16162
         410    1.7e+05     17757 17772.8 17773.3    17730    1266    1266   16464
         411    1.7e+05     17757 17772.8 17773.7    17751    1266    1266   16485
         412    1.7e+05     17757 17772.8 17772.9    17753    1266    1266   16487
         413    1.7e+05     17757 17772.8 17773.4    17755    1266    1266   16489
    *    414    1.7e+05     17758 17772.8 17772.8    17758    1266    1266   16492
         415    1.7e+05     17758 17772.8 17773.4    17756    1266    1266   16490
         416    1.7e+05     17758 17772.7 17772.7    17758    1266    1266   16492
         417    1.7e+05     17758 17772.7 17773.5    17755    1266    1266   16489
         418    1.7e+05     17758 17772.7 17772.7    17754    1266    1266   16488
         419    1.7e+05     17758 17772.7 17773.4    17755    1266    1266   16489
    *    420    1.7e+05     17759 17772.6 17772.6    17759    1266    1266   16493
         421    1.7e+05     17759 17772.6 17773.4    17755    1266    1266   16489
         422    1.7e+05     17759 17772.6 17772.6    17755    1266    1266   16489
         423    1.7e+05     17759 17772.6 17773.4    17758    1266    1266   16492
         424    1.7e+05     17759 17772.6 17772.6    17754    1266    1266   16488
         425    1.7e+05     17759 17772.6 17773.3    17757    1266    1266   16491
         426    1.7e+05     17759 17772.6 17772.6    17756    1266    1266   16490
         427    1.7e+05     17759 17772.6 17773.3    17758    1266    1266   16492
         428    1.7e+05     17759 17772.6 17772.6    17758    1266    1266   16492
         429    1.7e+05     17759 17772.6 17773.4    17758    1266    1266   16492
         430    1.7e+05     17759 17772.6 17772.6    17757    1266    1266   16491
         431    1.7e+05     17759 17772.6 17773.3    17757    1266    1266   16491
         432    1.7e+05     17759 17772.5 17772.5    17756    1266    1266   16490
         433    1.7e+05     17759 17772.5 17773.3    17756    1266    1266   16490
         434    1.7e+05     17759 17772.5 17772.5    17754    1266    1266   16488
         435    1.7e+05     17759 17772.5 17773.3    17753    1266    1266   16487
         436    1.7e+05     17759 17772.5 17772.5    17756    1266    1266   16490
         437    1.7e+05     17759 17772.5 17773.3    17753    1266    1266   16487
         438    1.7e+05     17759 17772.5 17772.5    17755    1266    1266   16489
         439    1.7e+05     17759 17772.5 17773.3    17750    1266    1266   16484
         440    1.7e+05     17759 17772.5 17772.5    17756    1266    1266   16490
         441    1.7e+05     17759 17772.5 17773.3    17755    1266    1266   16489
         442    1.7e+05     17759 17772.5 17772.5    17755    1266    1266   16489
         443    1.7e+05     17759 17772.5 17773.2    17749    1266    1266   16483
         444    1.7e+05     17759 17772.5 17772.5    17754    1266    1266   16488
         445    1.7e+05     17759 17772.5 17773.3    17753    1266    1266   16487
         446    1.7e+05     17759 17772.4 17772.4    17756    1266    1266   16490
         447    1.7e+05     17759 17772.4 17773.3    17757    1266    1266   16491
         448    1.7e+05     17759 17772.4 17772.5    17758    1266    1266   16492
         449    1.7e+05     17759 17772.4 17773.2    17758    1266    1266   16492
         450    1.7e+05     17759 17772.4 17772.4    17758    1266    1266   16492
         451    1.7e+05     17759 17772.4 17773.3    17757    1266    1266   16491
         452    1.7e+05     17759 17772.3 17772.3    17757    1266    1266   16491
         453    1.7e+05     17759 17772.3 17773.1    17757    1266    1266   16491
         454    1.7e+05     17759 17772.3 17772.4    17755    1266    1266   16489
         455    1.7e+05     17759 17772.3 17773.2    17754    1266    1266   16488
         456    1.7e+05     17759 17772.3 17772.3    17756    1266    1266   16490
         457    1.7e+05     17759 17772.3 17773.1    17756    1266    1266   16490
         458    1.7e+05     17759 17772.3 17772.3    17756    1266    1266   16490
         459    1.7e+05     17759 17772.3 17773.1    17756    1266    1266   16490
         460    1.7e+05     17759 17772.3 17772.3    17756    1266    1266   16490
         461    1.7e+05     17759 17772.3 17773.1    17756    1266    1266   16490
         462    1.7e+05     17759 17772.3 17772.3    17755    1266    1266   16489
         463    1.7e+05     17759 17772.3 17773.2    17753    1266    1266   16487
         464    1.7e+05     17759 17772.2 17772.2    17755    1266    1266   16489
         465    1.7e+05     17759 17772.2 17773.1    17756    1266    1266   16490
         466    1.7e+05     17759 17772.2 17772.3    17756    1266    1266   16490
         467    1.7e+05     17759 17772.2   17773    17754    1266    1266   16488
         468    1.7e+05     17759 17772.2 17772.3    17756    1266    1266   16490
         469    1.7e+05     17759 17772.2   17773    17755    1266    1266   16489
         470    1.7e+05     17759 17772.2 17772.2    17756    1266    1266   16490
         471    1.7e+05     17759 17772.2   17773    17756    1266    1266   16490
         472    1.7e+05     17759 17772.2 17772.2    17757    1266    1266   16491
         473    1.7e+05     17759 17772.2   17773    17755    1266    1266   16489
         474    1.7e+05     17759 17772.2 17772.2    17757    1266    1266   16491
         475    1.7e+05     17759 17772.2   17773    17756    1266    1266   16490
         476    1.7e+05     17759 17772.2 17772.2    17756    1266    1266   16490
         477    1.7e+05     17759 17772.2 17773.1    17756    1266    1266   16490
         478    1.7e+05     17759 17772.2 17772.3    17755    1266    1266   16489
         479    1.7e+05     17759 17772.2   17773    17754    1266    1266   16488
         480    1.7e+05     17759 17772.2 17772.2    17755    1266    1266   16489
         481    1.7e+05     17759 17772.2   17773    17755    1266    1266   16489
         482    1.7e+05     17759 17772.2 17772.2    17755    1266    1266   16489
         483    1.7e+05     17759 17772.2   17773    17756    1266    1266   16490
         484    1.7e+05     17759 17772.2 17772.2    17755    1266    1266   16489
         485    1.7e+05     17759 17772.2   17773    17756    1266    1266   16490
         486    1.7e+05     17759 17772.2 17772.2    17755    1266    1266   16489
         487    1.7e+05     17759 17772.2   17773    17756    1266    1266   16490
         488    1.7e+05     17759 17772.2 17772.2    17756    1266    1266   16490
         489    1.7e+05     17759 17772.2   17773    17755    1266    1266   16489
               reducing step to 0.0125
         490    1.7e+05     17759   17771   17771    17710    1266    1266   16444
         491    1.7e+05     17759 17769.3 17769.3    17751    1266    1266   16485
         492    1.7e+05     17759 17769.3 17769.7    17750    1266    1266   16484
    *    493    1.7e+05     17760 17769.2 17769.2    17760    1266    1266   16494
         494    1.7e+05     17760 17769.2 17769.6    17756    1266    1266   16490
         495    1.7e+05     17760 17769.2 17769.2    17756    1266    1266   16490
         496    1.7e+05     17760 17769.2 17769.7    17754    1266    1266   16488
         497    1.7e+05     17760 17769.1 17769.1    17759    1266    1266   16493
         498    1.7e+05     17760 17769.1 17769.5    17757    1266    1266   16491
         499    1.7e+05     17760 17769.1 17769.1    17757    1266    1266   16491
         500    1.7e+05     17760 17769.1 17769.5    17759    1266    1266   16493
         501    1.7e+05     17760 17769.1 17769.1    17759    1266    1266   16493
         502    1.7e+05     17760 17769.1 17769.5    17755    1266    1266   16489
         503    1.7e+05     17760 17769.1 17769.1    17756    1266    1266   16490
         504    1.7e+05     17760 17769.1 17769.5    17754    1266    1266   16488
         505    1.7e+05     17760 17769.1 17769.1    17756    1266    1266   16490
         506    1.7e+05     17760 17769.1 17769.5    17755    1266    1266   16489
         507    1.7e+05     17760 17769.1 17769.1    17756    1266    1266   16490
         508    1.7e+05     17760 17769.1 17769.4    17757    1266    1266   16491
         509    1.7e+05     17760 17769.1 17769.1    17757    1266    1266   16491
         510    1.7e+05     17760 17769.1 17769.4    17755    1266    1266   16489
         511    1.7e+05     17760 17769.1 17769.1    17757    1266    1266   16491
         512    1.7e+05     17760 17769.1 17769.4    17755    1266    1266   16489
         513    1.7e+05     17760 17769.1 17769.1    17757    1266    1266   16491
         514    1.7e+05     17760 17769.1 17769.4    17755    1266    1266   16489
         515    1.7e+05     17760 17769.1 17769.1    17758    1266    1266   16492
         516    1.7e+05     17760 17769.1 17769.4    17755    1266    1266   16489
         517    1.7e+05     17760 17769.1 17769.1    17758    1266    1266   16492
         518    1.7e+05     17760 17769.1 17769.4    17756    1266    1266   16490
         519    1.7e+05     17760 17769.1 17769.1    17758    1266    1266   16492
         520    1.7e+05     17760 17769.1 17769.4    17756    1266    1266   16490
         521    1.7e+05     17760 17769.1 17769.1    17757    1266    1266   16491
         522    1.7e+05     17760 17769.1 17769.4    17756    1266    1266   16490
         523    1.7e+05     17760 17769.1 17769.1    17758    1266    1266   16492
         524    1.7e+05     17760 17769.1 17769.4    17756    1266    1266   16490
         525    1.7e+05     17760   17769   17769    17758    1266    1266   16492
         526    1.7e+05     17760   17769 17769.4    17756    1266    1266   16490
         527    1.7e+05     17760   17769   17769    17758    1266    1266   16492
         528    1.7e+05     17760   17769 17769.4    17756    1266    1266   16490
         529    1.7e+05     17760   17769 17769.1    17758    1266    1266   16492
         530    1.7e+05     17760   17769 17769.3    17755    1266    1266   16489
         531    1.7e+05     17760   17769   17769    17758    1266    1266   16492
         532    1.7e+05     17760   17769 17769.4    17756    1266    1266   16490
         533    1.7e+05     17760   17769   17769    17758    1266    1266   16492
         534    1.7e+05     17760   17769 17769.4    17755    1266    1266   16489
         535    1.7e+05     17760   17769   17769    17757    1266    1266   16491
         536    1.7e+05     17760   17769 17769.4    17754    1266    1266   16488
         537    1.7e+05     17760   17769   17769    17758    1266    1266   16492
         538    1.7e+05     17760   17769 17769.4    17755    1266    1266   16489
         539    1.7e+05     17760   17769   17769    17758    1266    1266   16492
         540    1.7e+05     17760   17769 17769.4    17756    1266    1266   16490
         541    1.7e+05     17760   17769   17769    17758    1266    1266   16492
         542    1.7e+05     17760   17769 17769.4    17756    1266    1266   16490
         543    1.7e+05     17760   17769   17769    17758    1266    1266   16492
         544    1.7e+05     17760   17769 17769.4    17756    1266    1266   16490
         545    1.7e+05     17760   17769   17769    17758    1266    1266   16492
         546    1.7e+05     17760   17769 17769.4    17755    1266    1266   16489
         547    1.7e+05     17760   17769   17769    17758    1266    1266   16492
         548    1.7e+05     17760   17769 17769.3    17755    1266    1266   16489
         549    1.7e+05     17760 17768.9 17768.9    17757    1266    1266   16491
         550    1.7e+05     17760 17768.9 17769.3    17756    1266    1266   16490
         551    1.7e+05     17760 17768.9   17769    17758    1266    1266   16492
         552    1.7e+05     17760 17768.9 17769.4    17755    1266    1266   16489
         553    1.7e+05     17760 17768.9   17769    17758    1266    1266   16492
         554    1.7e+05     17760 17768.9 17769.3    17754    1266    1266   16488
         555    1.7e+05     17760 17768.9 17768.9    17758    1266    1266   16492
         556    1.7e+05     17760 17768.9 17769.3    17755    1266    1266   16489
         557    1.7e+05     17760 17768.9 17768.9    17759    1266    1266   16493
         558    1.7e+05     17760 17768.9 17769.3    17756    1266    1266   16490
         559    1.7e+05     17760 17768.9   17769    17758    1266    1266   16492
         560    1.7e+05     17760 17768.9 17769.3    17756    1266    1266   16490
         561    1.7e+05     17760 17768.9 17768.9    17758    1266    1266   16492
         562    1.7e+05     17760 17768.9 17769.3    17756    1266    1266   16490
         563    1.7e+05     17760 17768.9   17769    17759    1266    1266   16493
         564    1.7e+05     17760 17768.9 17769.3    17755    1266    1266   16489
         565    1.7e+05     17760 17768.9 17768.9    17759    1266    1266   16493
         566    1.7e+05     17760 17768.9 17769.3    17755    1266    1266   16489
         567    1.7e+05     17760 17768.9 17768.9    17756    1266    1266   16490
         568    1.7e+05     17760 17768.9 17769.3    17751    1266    1266   16485
         569    1.7e+05     17760 17768.9 17768.9    17755    1266    1266   16489
         570    1.7e+05     17760 17768.9 17769.3    17754    1266    1266   16488
         571    1.7e+05     17760 17768.9 17768.9    17759    1266    1266   16493
         572    1.7e+05     17760 17768.9 17769.3    17755    1266    1266   16489
         573    1.7e+05     17760 17768.9 17768.9    17759    1266    1266   16493
         574    1.7e+05     17760 17768.9 17769.3    17756    1266    1266   16490
         575    1.7e+05     17760 17768.9 17768.9    17758    1266    1266   16492
         576    1.7e+05     17760 17768.9 17769.3    17754    1266    1266   16488
         577    1.7e+05     17760 17768.9 17768.9    17758    1266    1266   16492
         578    1.7e+05     17760 17768.9 17769.3    17756    1266    1266   16490
         579    1.7e+05     17760 17768.9   17769    17757    1266    1266   16491
         580    1.7e+05     17760 17768.9 17769.3    17756    1266    1266   16490
         581    1.7e+05     17760 17768.9   17769    17758    1266    1266   16492
         582    1.7e+05     17760 17768.9 17769.3    17756    1266    1266   16490
         583    1.7e+05     17760 17768.9   17769    17758    1266    1266   16492
         584    1.7e+05     17760 17768.9 17769.3    17756    1266    1266   16490
         585    1.7e+05     17760 17768.9   17769    17758    1266    1266   16492
         586    1.7e+05     17760 17768.9 17769.3    17754    1266    1266   16488
         587    1.7e+05     17760 17768.9 17768.9    17758    1266    1266   16492
         588    1.7e+05     17760 17768.9 17769.3    17754    1266    1266   16488
         589    1.7e+05     17760 17768.9 17768.9    17758    1266    1266   16492
         590    1.7e+05     17760 17768.9 17769.3    17756    1266    1266   16490
         591    1.7e+05     17760 17768.9 17768.9    17757    1266    1266   16491
         592    1.7e+05     17760 17768.9 17769.3    17756    1266    1266   16490
         593    1.7e+05     17760 17768.9 17768.9    17758    1266    1266   16492
         594    1.7e+05     17760 17768.9 17769.3    17756    1266    1266   16490
         595    1.7e+05     17760 17768.9 17768.9    17758    1266    1266   16492
         596    1.7e+05     17760 17768.9 17769.3    17756    1266    1266   16490
               reducing step to 0.00625
         597    1.7e+05     17760 17768.3 17768.3    17733    1266    1266   16467
         598    1.7e+05     17760 17767.5 17767.5    17750    1266    1266   16484
         599    1.7e+05     17760   17767   17767    17742    1266    1266   16476
         600    1.7e+05     17760   17767 17767.3    17756    1266    1266   16490
         601    1.7e+05     17760   17767 17767.5    17757    1266    1266   16491
         602    1.7e+05     17760   17767 17767.3    17751    1266    1266   16485
         603    1.7e+05     17760   17767 17767.5    17753    1266    1266   16487
         604    1.7e+05     17760   17767 17767.3    17753    1266    1266   16487
    *    605    1.7e+05     17761   17767 17767.5    17761    1266    1266   16495
         606    1.7e+05     17761   17767 17767.3    17756    1266    1266   16490
         607    1.7e+05     17761   17767 17767.5    17754    1266    1266   16488
         608    1.7e+05     17761   17767 17767.3    17754    1266    1266   16488
         609    1.7e+05     17761   17767 17767.5    17758    1266    1266   16492
         610    1.7e+05     17761   17767 17767.3    17753    1266    1266   16487
         611    1.7e+05     17761   17767 17767.5    17758    1266    1266   16492
         612    1.7e+05     17761   17767 17767.3    17753    1266    1266   16487
         613    1.7e+05     17761   17767 17767.5    17759    1266    1266   16493
         614    1.7e+05     17761   17767 17767.3    17754    1266    1266   16488
         615    1.7e+05     17761   17767 17767.5    17758    1266    1266   16492
         616    1.7e+05     17761   17767 17767.3    17753    1266    1266   16487
         617    1.7e+05     17761   17767 17767.5    17758    1266    1266   16492
         618    1.7e+05     17761   17767 17767.3    17754    1266    1266   16488
         619    1.7e+05     17761   17767 17767.5    17758    1266    1266   16492
         620    1.7e+05     17761   17767 17767.3    17754    1266    1266   16488
         621    1.7e+05     17761   17767 17767.5    17759    1266    1266   16493
         622    1.7e+05     17761   17767 17767.3    17754    1266    1266   16488
         623    1.7e+05     17761   17767 17767.5    17759    1266    1266   16493
         624    1.7e+05     17761   17767 17767.3    17754    1266    1266   16488
               reducing step to 0.003125
         625    1.7e+05     17761   17767   17767    17740    1266    1266   16474
         626    1.7e+05     17761 17766.6 17766.6    17760    1266    1266   16494
         627    1.7e+05     17761 17766.6 17766.7    17756    1266    1266   16490
    *    628    1.7e+05     17762 17766.6 17766.6    17762    1266    1266   16496
         629    1.7e+05     17762 17766.6 17766.7    17758    1266    1266   16492
         630    1.7e+05     17762 17766.6 17766.6    17757    1266    1266   16491
         631    1.7e+05     17762 17766.6 17766.7    17756    1266    1266   16490
         632    1.7e+05     17762 17766.6 17766.6    17757    1266    1266   16491
         633    1.7e+05     17762 17766.6 17766.7    17756    1266    1266   16490
         634    1.7e+05     17762 17766.6 17766.6    17757    1266    1266   16491
         635    1.7e+05     17762 17766.6 17766.7    17757    1266    1266   16491
         636    1.7e+05     17762 17766.6 17766.6    17755    1266    1266   16489
         637    1.7e+05     17762 17766.6 17766.7    17753    1266    1266   16487
         638    1.7e+05     17762 17766.6 17766.6    17757    1266    1266   16491
         639    1.7e+05     17762 17766.6 17766.7    17756    1266    1266   16490
         640    1.7e+05     17762 17766.6 17766.6    17758    1266    1266   16492
         641    1.7e+05     17762 17766.6 17766.7    17757    1266    1266   16491
         642    1.7e+05     17762 17766.6 17766.6    17756    1266    1266   16490
         643    1.7e+05     17762 17766.6 17766.6    17756    1266    1266   16490
         644    1.7e+05     17762 17766.6 17766.6    17755    1266    1266   16489
         645    1.7e+05     17762 17766.6 17766.7    17757    1266    1266   16491
         646    1.7e+05     17762 17766.6 17766.6    17756    1266    1266   16490
         647    1.7e+05     17762 17766.6 17766.7    17757    1266    1266   16491
         648    1.7e+05     17762 17766.5 17766.5    17759    1266    1266   16493
         649    1.7e+05     17762 17766.5 17766.7    17756    1266    1266   16490
         650    1.7e+05     17762 17766.5 17766.5    17758    1266    1266   16492
         651    1.7e+05     17762 17766.5 17766.6    17757    1266    1266   16491
         652    1.7e+05     17762 17766.5 17766.5    17759    1266    1266   16493
         653    1.7e+05     17762 17766.5 17766.6    17758    1266    1266   16492
         654    1.7e+05     17762 17766.5 17766.5    17758    1266    1266   16492
         655    1.7e+05     17762 17766.5 17766.6    17757    1266    1266   16491
         656    1.7e+05     17762 17766.5 17766.5    17757    1266    1266   16491
         657    1.7e+05     17762 17766.5 17766.6    17755    1266    1266   16489
         658    1.7e+05     17762 17766.5 17766.5    17755    1266    1266   16489
         659    1.7e+05     17762 17766.5 17766.6    17755    1266    1266   16489
         660    1.7e+05     17762 17766.5 17766.5    17756    1266    1266   16490
         661    1.7e+05     17762 17766.5 17766.6    17756    1266    1266   16490
         662    1.7e+05     17762 17766.5 17766.5    17757    1266    1266   16491
         663    1.7e+05     17762 17766.5 17766.6    17756    1266    1266   16490
         664    1.7e+05     17762 17766.5 17766.5    17758    1266    1266   16492
         665    1.7e+05     17762 17766.5 17766.6    17756    1266    1266   16490
         666    1.7e+05     17762 17766.5 17766.5    17757    1266    1266   16491
         667    1.7e+05     17762 17766.5 17766.6    17757    1266    1266   16491
         668    1.7e+05     17762 17766.5 17766.5    17758    1266    1266   16492
         669    1.7e+05     17762 17766.5 17766.6    17756    1266    1266   16490
         670    1.7e+05     17762 17766.5 17766.5    17758    1266    1266   16492
         671    1.7e+05     17762 17766.5 17766.6    17758    1266    1266   16492
         672    1.7e+05     17762 17766.5 17766.5    17759    1266    1266   16493
         673    1.7e+05     17762 17766.5 17766.6    17758    1266    1266   16492
         674    1.7e+05     17762 17766.5 17766.5    17759    1266    1266   16493
         675    1.7e+05     17762 17766.5 17766.6    17758    1266    1266   16492
         676    1.7e+05     17762 17766.5 17766.5    17759    1266    1266   16493
         677    1.7e+05     17762 17766.5 17766.6    17757    1266    1266   16491
         678    1.7e+05     17762 17766.5 17766.5    17757    1266    1266   16491
         679    1.7e+05     17762 17766.5 17766.6    17756    1266    1266   16490
         680    1.7e+05     17762 17766.5 17766.5    17757    1266    1266   16491
         681    1.7e+05     17762 17766.5 17766.6    17755    1266    1266   16489
         682    1.7e+05     17762 17766.5 17766.5    17756    1266    1266   16490
         683    1.7e+05     17762 17766.5 17766.6    17755    1266    1266   16489
         684    1.7e+05     17762 17766.5 17766.5    17756    1266    1266   16490
         685    1.7e+05     17762 17766.5 17766.6    17756    1266    1266   16490
         686    1.7e+05     17762 17766.5 17766.5    17757    1266    1266   16491
         687    1.7e+05     17762 17766.5 17766.6    17755    1266    1266   16489
         688    1.7e+05     17762 17766.5 17766.5    17758    1266    1266   16492
         689    1.7e+05     17762 17766.5 17766.6    17756    1266    1266   16490
         690    1.7e+05     17762 17766.5 17766.5    17757    1266    1266   16491
         691    1.7e+05     17762 17766.5 17766.6    17754    1266    1266   16488
         692    1.7e+05     17762 17766.5 17766.5    17757    1266    1266   16491
         693    1.7e+05     17762 17766.5 17766.6    17757    1266    1266   16491
         694    1.7e+05     17762 17766.5 17766.5    17759    1266    1266   16493
         695    1.7e+05     17762 17766.5 17766.6    17757    1266    1266   16491
         696    1.7e+05     17762 17766.5 17766.5    17757    1266    1266   16491
         697    1.7e+05     17762 17766.5 17766.6    17755    1266    1266   16489
         698    1.7e+05     17762 17766.5 17766.5    17757    1266    1266   16491
         699    1.7e+05     17762 17766.5 17766.6    17755    1266    1266   16489
         700    1.7e+05     17762 17766.5 17766.5    17757    1266    1266   16491
         701    1.7e+05     17762 17766.5 17766.6    17755    1266    1266   16489
         702    1.7e+05     17762 17766.5 17766.5    17757    1266    1266   16491
         703    1.7e+05     17762 17766.5 17766.6    17756    1266    1266   16490
         704    1.7e+05     17762 17766.5 17766.5    17756    1266    1266   16490
         705    1.7e+05     17762 17766.5 17766.6    17756    1266    1266   16490
         706    1.7e+05     17762 17766.5 17766.5    17757    1266    1266   16491
         707    1.7e+05     17762 17766.5 17766.6    17756    1266    1266   16490
         708    1.7e+05     17762 17766.5 17766.5    17756    1266    1266   16490
         709    1.7e+05     17762 17766.5 17766.6    17755    1266    1266   16489
         710    1.7e+05     17762 17766.5 17766.5    17755    1266    1266   16489
         711    1.7e+05     17762 17766.5 17766.6    17756    1266    1266   16490
         712    1.7e+05     17762 17766.5 17766.5    17757    1266    1266   16491
         713    1.7e+05     17762 17766.5 17766.6    17755    1266    1266   16489
         714    1.7e+05     17762 17766.5 17766.5    17757    1266    1266   16491
         715    1.7e+05     17762 17766.5 17766.6    17756    1266    1266   16490
         716    1.7e+05     17762 17766.5 17766.5    17756    1266    1266   16490
         717    1.7e+05     17762 17766.5 17766.6    17756    1266    1266   16490
         718    1.7e+05     17762 17766.5 17766.5    17755    1266    1266   16489
         719    1.7e+05     17762 17766.5 17766.6    17755    1266    1266   16489
         720    1.7e+05     17762 17766.5 17766.5    17756    1266    1266   16490
         721    1.7e+05     17762 17766.5 17766.6    17755    1266    1266   16489
         722    1.7e+05     17762 17766.5 17766.5    17756    1266    1266   16490
         723    1.7e+05     17762 17766.5 17766.6    17754    1266    1266   16488
         724    1.7e+05     17762 17766.5 17766.5    17755    1266    1266   16489
         725    1.7e+05     17762 17766.5 17766.6    17755    1266    1266   16489
         726    1.7e+05     17762 17766.5 17766.5    17755    1266    1266   16489
         727    1.7e+05     17762 17766.5 17766.6    17756    1266    1266   16490
         728    1.7e+05     17762 17766.5 17766.5    17756    1266    1266   16490
         729    1.7e+05     17762 17766.5 17766.6    17756    1266    1266   16490
         730    1.7e+05     17762 17766.5 17766.5    17757    1266    1266   16491
         731    1.7e+05     17762 17766.5 17766.6    17756    1266    1266   16490
         732    1.7e+05     17762 17766.5 17766.5    17756    1266    1266   16490
         733    1.7e+05     17762 17766.5 17766.6    17755    1266    1266   16489
         734    1.7e+05     17762 17766.5 17766.5    17752    1266    1266   16486
         735    1.7e+05     17762 17766.5 17766.6    17755    1266    1266   16489
         736    1.7e+05     17762 17766.5 17766.5    17757    1266    1266   16491
         737    1.7e+05     17762 17766.5 17766.6    17755    1266    1266   16489
         738    1.7e+05     17762 17766.5 17766.5    17757    1266    1266   16491
         739    1.7e+05     17762 17766.5 17766.6    17756    1266    1266   16490
         740    1.7e+05     17762 17766.5 17766.5    17757    1266    1266   16491
         741    1.7e+05     17762 17766.5 17766.6    17756    1266    1266   16490
         742    1.7e+05     17762 17766.5 17766.5    17757    1266    1266   16491
         743    1.7e+05     17762 17766.5 17766.6    17756    1266    1266   16490
         744    1.7e+05     17762 17766.5 17766.5    17756    1266    1266   16490
         745    1.7e+05     17762 17766.5 17766.6    17755    1266    1266   16489
         746    1.7e+05     17762 17766.5 17766.5    17757    1266    1266   16491
         747    1.7e+05     17762 17766.5 17766.6    17755    1266    1266   16489
         748    1.7e+05     17762 17766.5 17766.5    17757    1266    1266   16491
         749    1.7e+05     17762 17766.5 17766.6    17756    1266    1266   16490
         750    1.7e+05     17762 17766.5 17766.5    17757    1266    1266   16491
         751    1.7e+05     17762 17766.5 17766.6    17755    1266    1266   16489
         752    1.7e+05     17762 17766.5 17766.5    17756    1266    1266   16490
         753    1.7e+05     17762 17766.5 17766.6    17755    1266    1266   16489
         754    1.7e+05     17762 17766.5 17766.5    17755    1266    1266   16489
         755    1.7e+05     17762 17766.5 17766.6    17756    1266    1266   16490
         756    1.7e+05     17762 17766.5 17766.5    17756    1266    1266   16490
         757    1.7e+05     17762 17766.5 17766.6    17755    1266    1266   16489
         758    1.7e+05     17762 17766.5 17766.5    17756    1266    1266   16490
         759    1.7e+05     17762 17766.5 17766.6    17756    1266    1266   16490
         760    1.7e+05     17762 17766.5 17766.5    17757    1266    1266   16491
         761    1.7e+05     17762 17766.5 17766.6    17757    1266    1266   16491
         762    1.7e+05     17762 17766.5 17766.5    17756    1266    1266   16490
         763    1.7e+05     17762 17766.5 17766.6    17755    1266    1266   16489
         764    1.7e+05     17762 17766.5 17766.5    17757    1266    1266   16491
         765    1.7e+05     17762 17766.5 17766.6    17756    1266    1266   16490
         766    1.7e+05     17762 17766.5 17766.5    17757    1266    1266   16491
         767    1.7e+05     17762 17766.5 17766.6    17756    1266    1266   16490
         768    1.7e+05     17762 17766.5 17766.5    17756    1266    1266   16490
         769    1.7e+05     17762 17766.5 17766.6    17756    1266    1266   16490
         770    1.7e+05     17762 17766.5 17766.5    17756    1266    1266   16490
         771    1.7e+05     17762 17766.5 17766.6    17756    1266    1266   16490
         772    1.7e+05     17762 17766.5 17766.5    17757    1266    1266   16491
         773    1.7e+05     17762 17766.5 17766.6    17755    1266    1266   16489
         774    1.7e+05     17762 17766.5 17766.5    17757    1266    1266   16491
         775    1.7e+05     17762 17766.5 17766.6    17755    1266    1266   16489
         776    1.7e+05     17762 17766.5 17766.5    17757    1266    1266   16491
         777    1.7e+05     17762 17766.5 17766.6    17754    1266    1266   16488
         778    1.7e+05     17762 17766.5 17766.5    17756    1266    1266   16490
         779    1.7e+05     17762 17766.5 17766.6    17755    1266    1266   16489
         780    1.7e+05     17762 17766.5 17766.5    17757    1266    1266   16491
         781    1.7e+05     17762 17766.5 17766.6    17755    1266    1266   16489
         782    1.7e+05     17762 17766.5 17766.5    17757    1266    1266   16491
         783    1.7e+05     17762 17766.5 17766.6    17756    1266    1266   16490
         784    1.7e+05     17762 17766.5 17766.5    17755    1266    1266   16489
         785    1.7e+05     17762 17766.5 17766.6    17756    1266    1266   16490
         786    1.7e+05     17762 17766.5 17766.5    17757    1266    1266   16491
         787    1.7e+05     17762 17766.5 17766.6    17756    1266    1266   16490
         788    1.7e+05     17762 17766.5 17766.5    17757    1266    1266   16491
         789    1.7e+05     17762 17766.5 17766.6    17755    1266    1266   16489
         790    1.7e+05     17762 17766.5 17766.5    17757    1266    1266   16491
         791    1.7e+05     17762 17766.5 17766.6    17755    1266    1266   16489
         792    1.7e+05     17762 17766.5 17766.5    17757    1266    1266   16491
         793    1.7e+05     17762 17766.5 17766.6    17755    1266    1266   16489
         794    1.7e+05     17762 17766.5 17766.5    17757    1266    1266   16491
         795    1.7e+05     17762 17766.5 17766.6    17755    1266    1266   16489
         796    1.7e+05     17762 17766.5 17766.5    17757    1266    1266   16491
         797    1.7e+05     17762 17766.5 17766.6    17756    1266    1266   16490
         798    1.7e+05     17762 17766.5 17766.5    17756    1266    1266   16490
         799    1.7e+05     17762 17766.5 17766.6    17756    1266    1266   16490
         800    1.7e+05     17762 17766.5 17766.5    17755    1266    1266   16489
         801    1.7e+05     17762 17766.5 17766.6    17756    1266    1266   16490
         802    1.7e+05     17762 17766.5 17766.5    17756    1266    1266   16490
         803    1.7e+05     17762 17766.5 17766.6    17755    1266    1266   16489
         804    1.7e+05     17762 17766.5 17766.5    17756    1266    1266   16490
         805    1.7e+05     17762 17766.5 17766.6    17756    1266    1266   16490
         806    1.7e+05     17762 17766.5 17766.5    17756    1266    1266   16490
         807    1.7e+05     17762 17766.5 17766.6    17755    1266    1266   16489
         808    1.7e+05     17762 17766.5 17766.5    17755    1266    1266   16489
         809    1.7e+05     17762 17766.5 17766.6    17756    1266    1266   16490
         810    1.7e+05     17762 17766.5 17766.5    17756    1266    1266   16490
         811    1.7e+05     17762 17766.5 17766.6    17756    1266    1266   16490
         812    1.7e+05     17762 17766.5 17766.5    17756    1266    1266   16490
         813    1.7e+05     17762 17766.5 17766.6    17756    1266    1266   16490
         814    1.7e+05     17762 17766.5 17766.5    17757    1266    1266   16491
         815    1.7e+05     17762 17766.5 17766.6    17755    1266    1266   16489
         816    1.7e+05     17762 17766.5 17766.5    17757    1266    1266   16491
         817    1.7e+05     17762 17766.5 17766.6    17755    1266    1266   16489
         818    1.7e+05     17762 17766.5 17766.5    17757    1266    1266   16491
         819    1.7e+05     17762 17766.5 17766.6    17755    1266    1266   16489
         820    1.7e+05     17762 17766.5 17766.5    17756    1266    1266   16490
         821    1.7e+05     17762 17766.5 17766.6    17755    1266    1266   16489
         822    1.7e+05     17762 17766.5 17766.5    17756    1266    1266   16490
         823    1.7e+05     17762 17766.5 17766.6    17755    1266    1266   16489
         824    1.7e+05     17762 17766.5 17766.5    17756    1266    1266   16490
         825    1.7e+05     17762 17766.5 17766.6    17755    1266    1266   16489
         826    1.7e+05     17762 17766.5 17766.5    17756    1266    1266   16490
         827    1.7e+05     17762 17766.5 17766.5    17753    1266    1266   16487
         828    1.7e+05     17762 17766.5 17766.5    17756    1266    1266   16490
         829    1.7e+05     17762 17766.5 17766.5    17754    1266    1266   16488
         830    1.7e+05     17762 17766.5 17766.5    17757    1266    1266   16491
         831    1.7e+05     17762 17766.5 17766.6    17755    1266    1266   16489
         832    1.7e+05     17762 17766.5 17766.5    17757    1266    1266   16491
         833    1.7e+05     17762 17766.5 17766.6    17755    1266    1266   16489
         834    1.7e+05     17762 17766.5 17766.5    17756    1266    1266   16490
         835    1.7e+05     17762 17766.5 17766.5    17755    1266    1266   16489
         836    1.7e+05     17762 17766.5 17766.5    17756    1266    1266   16490
         837    1.7e+05     17762 17766.5 17766.5    17755    1266    1266   16489
         838    1.7e+05     17762 17766.5 17766.5    17756    1266    1266   16490
         839    1.7e+05     17762 17766.5 17766.5    17755    1266    1266   16489
         840    1.7e+05     17762 17766.5 17766.5    17756    1266    1266   16490
         841    1.7e+05     17762 17766.5 17766.5    17754    1266    1266   16488
         842    1.7e+05     17762 17766.5 17766.5    17757    1266    1266   16491
         843    1.7e+05     17762 17766.5 17766.5    17754    1266    1266   16488
         844    1.7e+05     17762 17766.5 17766.5    17757    1266    1266   16491
         845    1.7e+05     17762 17766.5 17766.6    17753    1266    1266   16487
         846    1.7e+05     17762 17766.5 17766.5    17757    1266    1266   16491
         847    1.7e+05     17762 17766.5 17766.6    17753    1266    1266   16487
         848    1.7e+05     17762 17766.5 17766.5    17756    1266    1266   16490
         849    1.7e+05     17762 17766.5 17766.6    17755    1266    1266   16489
         850    1.7e+05     17762 17766.5 17766.5    17756    1266    1266   16490
         851    1.7e+05     17762 17766.5 17766.6    17754    1266    1266   16488
         852    1.7e+05     17762 17766.5 17766.5    17757    1266    1266   16491
         853    1.7e+05     17762 17766.5 17766.6    17755    1266    1266   16489
         854    1.7e+05     17762 17766.5 17766.5    17757    1266    1266   16491
         855    1.7e+05     17762 17766.5 17766.6    17753    1266    1266   16487
         856    1.7e+05     17762 17766.5 17766.5    17755    1266    1266   16489
         857    1.7e+05     17762 17766.5 17766.6    17755    1266    1266   16489
         858    1.7e+05     17762 17766.5 17766.5    17756    1266    1266   16490
         859    1.7e+05     17762 17766.5 17766.6    17754    1266    1266   16488
         860    1.7e+05     17762 17766.5 17766.5    17756    1266    1266   16490
         861    1.7e+05     17762 17766.5 17766.6    17755    1266    1266   16489
         862    1.7e+05     17762 17766.5 17766.5    17757    1266    1266   16491
         863    1.7e+05     17762 17766.5 17766.6    17754    1266    1266   16488
         864    1.7e+05     17762 17766.5 17766.5    17755    1266    1266   16489
         865    1.7e+05     17762 17766.5 17766.6    17755    1266    1266   16489
         866    1.7e+05     17762 17766.5 17766.5    17754    1266    1266   16488
         867    1.7e+05     17762 17766.5 17766.6    17755    1266    1266   16489
         868    1.7e+05     17762 17766.5 17766.5    17757    1266    1266   16491
         869    1.7e+05     17762 17766.5 17766.6    17755    1266    1266   16489
         870    1.7e+05     17762 17766.5 17766.5    17756    1266    1266   16490
         871    1.7e+05     17762 17766.5 17766.6    17755    1266    1266   16489
         872    1.7e+05     17762 17766.5 17766.5    17755    1266    1266   16489
         873    1.7e+05     17762 17766.5 17766.6    17755    1266    1266   16489
         874    1.7e+05     17762 17766.5 17766.5    17754    1266    1266   16488
         875    1.7e+05     17762 17766.5 17766.6    17755    1266    1266   16489
         876    1.7e+05     17762 17766.5 17766.5    17754    1266    1266   16488
         877    1.7e+05     17762 17766.5 17766.6    17754    1266    1266   16488
         878    1.7e+05     17762 17766.5 17766.5    17757    1266    1266   16491
         879    1.7e+05     17762 17766.5 17766.6    17753    1266    1266   16487
         880    1.7e+05     17762 17766.4 17766.4    17755    1266    1266   16489
         881    1.7e+05     17762 17766.4 17766.6    17753    1266    1266   16487
         882    1.7e+05     17762 17766.4 17766.4    17756    1266    1266   16490
         883    1.7e+05     17762 17766.4 17766.6    17755    1266    1266   16489
         884    1.7e+05     17762 17766.4 17766.5    17754    1266    1266   16488
         885    1.7e+05     17762 17766.4 17766.6    17755    1266    1266   16489
         886    1.7e+05     17762 17766.4 17766.5    17754    1266    1266   16488
         887    1.7e+05     17762 17766.4 17766.5    17755    1266    1266   16489
         888    1.7e+05     17762 17766.4 17766.5    17754    1266    1266   16488
         889    1.7e+05     17762 17766.4 17766.5    17755    1266    1266   16489
         890    1.7e+05     17762 17766.4 17766.5    17754    1266    1266   16488
         891    1.7e+05     17762 17766.4 17766.5    17755    1266    1266   16489
         892    1.7e+05     17762 17766.4 17766.4    17757    1266    1266   16491
         893    1.7e+05     17762 17766.4 17766.5    17754    1266    1266   16488
         894    1.7e+05     17762 17766.4 17766.5    17757    1266    1266   16491
         895    1.7e+05     17762 17766.4 17766.5    17754    1266    1266   16488
         896    1.7e+05     17762 17766.4 17766.4    17757    1266    1266   16491
         897    1.7e+05     17762 17766.4 17766.5    17754    1266    1266   16488
         898    1.7e+05     17762 17766.4 17766.4    17757    1266    1266   16491
         899    1.7e+05     17762 17766.4 17766.5    17754    1266    1266   16488
         900    1.7e+05     17762 17766.4 17766.4    17757    1266    1266   16491
         901    1.7e+05     17762 17766.4 17766.5    17754    1266    1266   16488
         902    1.7e+05     17762 17766.4 17766.4    17757    1266    1266   16491
         903    1.7e+05     17762 17766.4 17766.5    17754    1266    1266   16488
         904    1.7e+05     17762 17766.4 17766.5    17757    1266    1266   16491
         905    1.7e+05     17762 17766.4 17766.5    17755    1266    1266   16489
               reducing step to 0.0015625
         906    1.7e+05     17762 17766.3 17766.3    17746    1266    1266   16480
         907    1.7e+05     17762 17766.1 17766.1    17755    1266    1266   16489
         908    1.7e+05     17762 17766.1 17766.2    17756    1266    1266   16490
         909    1.7e+05     17762 17766.1 17766.1    17760    1266    1266   16494
         910    1.7e+05     17762 17766.1 17766.2    17756    1266    1266   16490
         911    1.7e+05     17762 17766.1 17766.1    17758    1266    1266   16492
         912    1.7e+05     17762 17766.1 17766.2    17760    1266    1266   16494
         913    1.7e+05     17762 17766.1 17766.1    17758    1266    1266   16492
         914    1.7e+05     17762 17766.1 17766.1    17757    1266    1266   16491
         915    1.7e+05     17762 17766.1 17766.1    17757    1266    1266   16491
         916    1.7e+05     17762 17766.1 17766.2    17758    1266    1266   16492
         917    1.7e+05     17762 17766.1 17766.1    17757    1266    1266   16491
         918    1.7e+05     17762 17766.1 17766.2    17754    1266    1266   16488
         919    1.7e+05     17762 17766.1 17766.1    17755    1266    1266   16489
         920    1.7e+05     17762 17766.1 17766.1    17756    1266    1266   16490
         921    1.7e+05     17762 17766.1 17766.1    17755    1266    1266   16489
         922    1.7e+05     17762 17766.1 17766.1    17757    1266    1266   16491
         923    1.7e+05     17762 17766.1 17766.1    17755    1266    1266   16489
         924    1.7e+05     17762 17766.1 17766.1    17757    1266    1266   16491
         925    1.7e+05     17762 17766.1 17766.1    17756    1266    1266   16490
         926    1.7e+05     17762 17766.1 17766.2    17755    1266    1266   16489
         927    1.7e+05     17762 17766.1 17766.1    17756    1266    1266   16490
         928    1.7e+05     17762 17766.1 17766.1    17755    1266    1266   16489
         929    1.7e+05     17762 17766.1 17766.1    17756    1266    1266   16490
         930    1.7e+05     17762 17766.1 17766.1    17755    1266    1266   16489
         931    1.7e+05     17762 17766.1 17766.1    17756    1266    1266   16490
         932    1.7e+05     17762 17766.1 17766.1    17757    1266    1266   16491
         933    1.7e+05     17762 17766.1 17766.1    17756    1266    1266   16490
         934    1.7e+05     17762 17766.1 17766.1    17756    1266    1266   16490
         935    1.7e+05     17762 17766.1 17766.1    17756    1266    1266   16490
         936    1.7e+05     17762 17766.1 17766.1    17756    1266    1266   16490
         937    1.7e+05     17762 17766.1 17766.1    17756    1266    1266   16490
         938    1.7e+05     17762 17766.1 17766.1    17756    1266    1266   16490
         939    1.7e+05     17762 17766.1 17766.1    17755    1266    1266   16489
         940    1.7e+05     17762 17766.1 17766.1    17756    1266    1266   16490
         941    1.7e+05     17762 17766.1 17766.1    17753    1266    1266   16487
         942    1.7e+05     17762 17766.1 17766.1    17757    1266    1266   16491
         943    1.7e+05     17762 17766.1 17766.1    17754    1266    1266   16488
         944    1.7e+05     17762 17766.1 17766.1    17757    1266    1266   16491
         945    1.7e+05     17762 17766.1 17766.1    17755    1266    1266   16489
         946    1.7e+05     17762 17766.1 17766.1    17756    1266    1266   16490
         947    1.7e+05     17762 17766.1 17766.1    17756    1266    1266   16490
         948    1.7e+05     17762 17766.1 17766.1    17756    1266    1266   16490
         949    1.7e+05     17762 17766.1 17766.1    17755    1266    1266   16489
         950    1.7e+05     17762 17766.1 17766.1    17756    1266    1266   16490
         951    1.7e+05     17762 17766.1 17766.1    17755    1266    1266   16489
         952    1.7e+05     17762 17766.1 17766.1    17756    1266    1266   16490
         953    1.7e+05     17762 17766.1 17766.1    17754    1266    1266   16488
         954    1.7e+05     17762 17766.1 17766.1    17756    1266    1266   16490
         955    1.7e+05     17762 17766.1 17766.1    17756    1266    1266   16490
         956    1.7e+05     17762 17766.1 17766.1    17756    1266    1266   16490
         957    1.7e+05     17762 17766.1 17766.1    17754    1266    1266   16488
         958    1.7e+05     17762 17766.1 17766.1    17753    1266    1266   16487
         959    1.7e+05     17762 17766.1 17766.1    17756    1266    1266   16490
         960    1.7e+05     17762 17766.1 17766.1    17757    1266    1266   16491
         961    1.7e+05     17762 17766.1 17766.1    17755    1266    1266   16489
         962    1.7e+05     17762 17766.1 17766.1    17756    1266    1266   16490
         963    1.7e+05     17762 17766.1 17766.1    17756    1266    1266   16490
         964    1.7e+05     17762 17766.1 17766.1    17756    1266    1266   16490
         965    1.7e+05     17762 17766.1 17766.1    17755    1266    1266   16489
         966    1.7e+05     17762 17766.1 17766.1    17756    1266    1266   16490
         967    1.7e+05     17762 17766.1 17766.1    17756    1266    1266   16490
         968    1.7e+05     17762 17766.1 17766.1    17756    1266    1266   16490
         969    1.7e+05     17762 17766.1 17766.1    17756    1266    1266   16490
         970    1.7e+05     17762 17766.1 17766.1    17756    1266    1266   16490
         971    1.7e+05     17762 17766.1 17766.1    17756    1266    1266   16490
         972    1.7e+05     17762 17766.1 17766.1    17756    1266    1266   16490
         973    1.7e+05     17762 17766.1 17766.1    17755    1266    1266   16489
         974    1.7e+05     17762 17766.1 17766.1    17756    1266    1266   16490
         975    1.7e+05     17762 17766.1 17766.1    17756    1266    1266   16490
         976    1.7e+05     17762 17766.1 17766.1    17756    1266    1266   16490
         977    1.7e+05     17762 17766.1 17766.1    17756    1266    1266   16490
         978    1.7e+05     17762 17766.1 17766.1    17755    1266    1266   16489
         979    1.7e+05     17762 17766.1 17766.1    17756    1266    1266   16490
         980    1.7e+05     17762 17766.1 17766.1    17756    1266    1266   16490
         981    1.7e+05     17762 17766.1 17766.1    17755    1266    1266   16489
         982    1.7e+05     17762 17766.1 17766.1    17756    1266    1266   16490
         983    1.7e+05     17762 17766.1 17766.1    17755    1266    1266   16489
         984    1.7e+05     17762 17766.1 17766.1    17752    1266    1266   16486
         985    1.7e+05     17762 17766.1 17766.1    17755    1266    1266   16489
         986    1.7e+05     17762 17766.1 17766.1    17756    1266    1266   16490
         987    1.7e+05     17762 17766.1 17766.1    17755    1266    1266   16489
         988    1.7e+05     17762 17766.1 17766.1    17755    1266    1266   16489
         989    1.7e+05     17762 17766.1 17766.1    17754    1266    1266   16488
         990    1.7e+05     17762 17766.1 17766.1    17755    1266    1266   16489
         991    1.7e+05     17762 17766.1 17766.1    17753    1266    1266   16487
         992    1.7e+05     17762 17766.1 17766.1    17756    1266    1266   16490
         993    1.7e+05     17762 17766.1 17766.1    17755    1266    1266   16489
         994    1.7e+05     17762 17766.1 17766.1    17756    1266    1266   16490
         995    1.7e+05     17762 17766.1 17766.1    17756    1266    1266   16490
         996    1.7e+05     17762 17766.1 17766.1    17756    1266    1266   16490
         997    1.7e+05     17762 17766.1 17766.1    17756    1266    1266   16490
         998    1.7e+05     17762 17766.1 17766.1    17756    1266    1266   16490
         999    1.7e+05     17762 17766.1 17766.1    17755    1266    1266   16489
        1000    1.7e+05     17762 17766.1 17766.1    17755    1266    1266   16489
Total time used by klau is 483.94
true_align (3890) and est_align (1266) DO NOT have the same number of elements.
method klau has a score of 23.39%
method klau used 483.942 seconds.
maximum values in init align row is:  3889
maximum values in init align col is:  3885
 best   iter   pr-delta       obj  weight    card overlap
    *      1    6.2e-01     12630    1276    1276   11992
    *      2    1.9e-01     13778    1276    1276   13140
    *      3    6.5e-02     13779    1276    1276   13141
    *      4    2.4e-02     13814    1276    1276   13176
    *      5    9.1e-03     13827    1276    1276   13189
           6    3.5e-03     13814    1276    1276   13176
           7    1.4e-03     13814    1276    1276   13176
           8    5.8e-04     13814    1276    1276   13176
           9    2.4e-04     13814    1276    1276   13176
          10    1.0e-04     13814    1276    1276   13176
          11    4.5e-05     13814    1276    1276   13176
          12    2.1e-05     13814    1276    1276   13176
          13    9.9e-06     13814    1276    1276   13176
          14    5.1e-06     13814    1276    1276   13176
          15    2.7e-06     13814    1276    1276   13176
          16    1.5e-06     13814    1276    1276   13176
          17    8.9e-07     13814    1276    1276   13176
          18    5.4e-07     13814    1276    1276   13176
          19    3.4e-07     13814    1276    1276   13176
          20    2.1e-07     13814    1276    1276   13176
          21    1.3e-07     13814    1276    1276   13176
          22    8.7e-08     13814    1276    1276   13176
          23    5.6e-08     13814    1276    1276   13176
          24    3.6e-08     13814    1276    1276   13176
          25    2.4e-08     13814    1276    1276   13176
          26    1.6e-08     13814    1276    1276   13176
          27    1.0e-08     13814    1276    1276   13176
          28    6.7e-09     13814    1276    1276   13176
          29    4.4e-09     13814    1276    1276   13176
          30    2.9e-09     13814    1276    1276   13176
          31    1.9e-09     13814    1276    1276   13176
          32    1.3e-09     13814    1276    1276   13176
          33    8.3e-10     13814    1276    1276   13176
          34    5.5e-10     13814    1276    1276   13176
          35    3.6e-10     13814    1276    1276   13176
          36    2.4e-10     13814    1276    1276   13176
          37    1.6e-10     13814    1276    1276   13176
          38    1.1e-10     13814    1276    1276   13176
          39    7.0e-11     13814    1276    1276   13176
          40    4.7e-11     13814    1276    1276   13176
          41    3.1e-11     13814    1276    1276   13176
          42    2.1e-11     13814    1276    1276   13176
          43    1.4e-11     13814    1276    1276   13176
          44    9.1e-12     13814    1276    1276   13176
          45    6.0e-12     13814    1276    1276   13176
          46    4.0e-12     13814    1276    1276   13176
          47    2.7e-12     13814    1276    1276   13176
          48    1.8e-12     13814    1276    1276   13176
          49    1.2e-12     13814    1276    1276   13176
          50    7.9e-13     13814    1276    1276   13176
Total time used by isorank is 5.73
true_align (3890) and est_align (1276) DO NOT have the same number of elements.
method isorank has a score of 11.75%
method isorank used 5.732 seconds.
experiment results:
     method      score        time
0     final  40.282776   47.351379
1  netalign  23.393316   22.933434
2      klau  23.393316  483.941606
3   isorank  11.748072    5.731818
