Permutation sanity check error is 2994.0.
Permutation sanity check error is 149064.0.
num_init for this graph is 12
Generating initial alignment matrix using degree ...
mode is  degree
number of noisy edges are:  12
Average number of initial alignments for each node is 24
maximum values in init align row is:  3889
maximum values in init align col is:  3888
Recovering sparse matrix L took 0.04 sec.
Time for degree: 0.03 sec
iteration 1
Time for iteration 1: 0.86 sec, diff = 0.29109
iteration 2
Time for iteration 2: 2.57 sec, diff = 0.01928
iteration 3
Time for iteration 3: 2.65 sec, diff = 0.00490
iteration 4
Time for iteration 4: 2.65 sec, diff = 0.00193
iteration 5
Time for iteration 5: 2.66 sec, diff = 0.00093
iteration 6
Time for iteration 6: 2.64 sec, diff = 0.00050
iteration 7
Time for iteration 7: 2.64 sec, diff = 0.00029
iteration 8
Time for iteration 8: 2.64 sec, diff = 0.00018
iteration 9
Time for iteration 9: 2.64 sec, diff = 0.00011
iteration 10
Time for iteration 10: 2.65 sec, diff = 0.00007
iteration 11
Time for iteration 11: 2.64 sec, diff = 0.00005
iteration 12
Time for iteration 12: 2.63 sec, diff = 0.00003
iteration 13
Time for iteration 13: 2.63 sec, diff = 0.00002
iteration 14
Time for iteration 14: 2.64 sec, diff = 0.00002
iteration 15
Time for iteration 15: 2.64 sec, diff = 0.00001
iteration 16
Time for iteration 16: 2.64 sec, diff = 0.00001
Total time used by final is 43.11 sec.
true_align and est_align have the same number of elements.
method final has a score of 38.89%
method final used 43.112 seconds.
maximum values in init align row is:  3889
maximum values in init align col is:  3888
best   iter    obj_ma wght_ma card_ma over_ma    obj_mb wght_mb card_mb over_mb
  *a      1     16098    1287    1287   14811     16098    1287    1287   14811
          2      3085     813     813    2272      3310     780     780    2530
          3      9519    1217    1217    8302      8748     962     962    7786
          4      3962    1051    1051    2911      3746     936     936    2810
          5     12631    1230    1230   11401     12137    1029    1029   11108
          6     15075    1275    1275   13800     15107    1260    1260   13847
  *b      7     16278    1268    1268   15010     16315    1197    1197   15118
          8      8833    1201    1201    7632      9043    1139    1139    7904
          9      5867     937     937    4930      4609     538     538    4071
         10     11076    1253    1253    9823     11430    1219    1219   10211
         11      8911    1061    1061    7850      8387     826     826    7561
         12      9021    1210    1210    7811      9027    1105    1105    7922
         13      4827     920     920    3907      3776     586     586    3190
         14      9151    1225    1225    7926      8756    1132    1132    7624
         15      5922    1002    1002    4920      5049     714     714    4335
         16      9616    1230    1230    8386      9582    1136    1136    8446
         17      6687    1030    1030    5657      5762     744     744    5018
         18      9866    1234    1234    8632     10221    1149    1149    9072
         19      7635    1066    1066    6569      6907     820     820    6087
         20     10641    1240    1240    9401     10689    1166    1166    9523
         21      9417    1122    1122    8295      8742     908     908    7834
         22     11530    1250    1250   10280     11720    1184    1184   10536
         23     11136    1166    1166    9970     11408    1017    1017   10391
         24     12220    1254    1254   10966     12141    1195    1195   10946
         25     14509    1235    1235   13274     14286    1104    1104   13182
         26     13733    1256    1256   12477     13507    1187    1187   12320
         27     14487    1259    1259   13228     14346    1139    1139   13207
         28     15174    1263    1263   13911     15115    1184    1184   13931
         29     15428    1267    1267   14161     15226    1243    1243   13983
         30     15467    1267    1267   14200     15454    1258    1258   14196
  *a     31     16335    1272    1272   15063     16303    1260    1260   15043
  *a     32     17190    1277    1277   15913     17151    1260    1260   15891
  *a     33     17194    1276    1276   15918     17170    1263    1263   15907
  *a     34     17434    1277    1277   16157     17414    1269    1269   16145
  *a     35     17447    1277    1277   16170     17428    1270    1270   16158
  *a     36     17452    1278    1278   16174     17435    1270    1270   16165
         37     17452    1278    1278   16174     17442    1272    1272   16170
  *a     38     17453    1278    1278   16175     17439    1270    1270   16169
  *a     39     17454    1278    1278   16176     17444    1272    1272   16172
         40     17454    1278    1278   16176     17450    1275    1275   16175
  *a     41     17455    1278    1278   16177     17455    1278    1278   16177
         42     17455    1278    1278   16177     17455    1278    1278   16177
         43     17455    1278    1278   16177     17453    1276    1276   16177
         44     17455    1278    1278   16177     17453    1276    1276   16177
         45     17455    1278    1278   16177     17452    1275    1275   16177
         46     17455    1278    1278   16177     17454    1277    1277   16177
         47     17455    1278    1278   16177     17455    1278    1278   16177
         48     17455    1278    1278   16177     17455    1278    1278   16177
         49     17455    1278    1278   16177     17455    1278    1278   16177
         50     17455    1278    1278   16177     17454    1277    1277   16177
         51     17455    1278    1278   16177     17454    1277    1277   16177
         52     17455    1278    1278   16177     17455    1278    1278   16177
         53     17455    1278    1278   16177     17455    1278    1278   16177
         54     17455    1278    1278   16177     17455    1278    1278   16177
         55     17455    1278    1278   16177     17455    1278    1278   16177
         56     17455    1278    1278   16177     17455    1278    1278   16177
         57     17455    1278    1278   16177     17455    1278    1278   16177
         58     17455    1278    1278   16177     17455    1278    1278   16177
         59     17455    1278    1278   16177     17455    1278    1278   16177
         60     17455    1278    1278   16177     17455    1278    1278   16177
         61     17455    1278    1278   16177     17455    1278    1278   16177
         62     17455    1278    1278   16177     17455    1278    1278   16177
         63     17455    1278    1278   16177     17455    1278    1278   16177
         64     17455    1278    1278   16177     17455    1278    1278   16177
         65     17455    1278    1278   16177     17455    1278    1278   16177
         66     17455    1278    1278   16177     17455    1278    1278   16177
         67     17455    1278    1278   16177     17455    1278    1278   16177
         68     17455    1278    1278   16177     17455    1278    1278   16177
         69     17455    1278    1278   16177     17455    1278    1278   16177
         70     17455    1278    1278   16177     17455    1278    1278   16177
         71     17455    1278    1278   16177     17447    1276    1276   16171
         72     17455    1278    1278   16177     17447    1276    1276   16171
         73     17455    1278    1278   16177     17447    1276    1276   16171
         74     17455    1278    1278   16177     17447    1276    1276   16171
         75     17455    1278    1278   16177     17455    1278    1278   16177
         76     17455    1278    1278   16177     17455    1278    1278   16177
         77     17455    1278    1278   16177     17455    1278    1278   16177
         78     17455    1278    1278   16177     17455    1278    1278   16177
         79     17455    1278    1278   16177     17455    1278    1278   16177
         80     17455    1278    1278   16177     17449    1276    1276   16173
         81     17455    1278    1278   16177     17449    1276    1276   16173
         82     17455    1278    1278   16177     17453    1277    1277   16176
         83     17455    1278    1278   16177     17453    1277    1277   16176
         84     17455    1278    1278   16177     17455    1278    1278   16177
         85     17455    1278    1278   16177     17455    1278    1278   16177
         86     17455    1278    1278   16177     17455    1278    1278   16177
         87     17455    1278    1278   16177     17455    1278    1278   16177
         88     17455    1278    1278   16177     17455    1278    1278   16177
         89     17455    1278    1278   16177     17455    1278    1278   16177
         90     17455    1278    1278   16177     17455    1278    1278   16177
         91     17455    1278    1278   16177     17455    1278    1278   16177
         92     17455    1278    1278   16177     17455    1278    1278   16177
         93     17455    1278    1278   16177     17455    1278    1278   16177
         94     17455    1278    1278   16177     17455    1278    1278   16177
         95     17455    1278    1278   16177     17455    1278    1278   16177
         96     17455    1278    1278   16177     17455    1278    1278   16177
         97     17455    1278    1278   16177     17455    1278    1278   16177
         98     17455    1278    1278   16177     17455    1278    1278   16177
         99     17455    1278    1278   16177     17455    1278    1278   16177
        100     17455    1278    1278   16177     17455    1278    1278   16177
Total time used by netalign is 21.60
true_align (3890) and est_align (1278) DO NOT have the same number of elements.
method netalign has a score of 23.65%
method netalign used 21.596 seconds.
maximum values in init align row is:  3889
maximum values in init align col is:  3888
 best   iter     norm-u     lower   upper     cur      obj  weight    card overlap
    *      1    0.0e+00     16431 19137.5 19137.5    16431    1287    1287   15144
           2    1.2e+04     16431 19137.5 20643.8    15360    1288    1288   14072
           3    1.7e+04     16431 19137.5 19780.6    14235    1288    1288   12947
           4    2.3e+04     16431 19137.5 19934.9    12921    1288    1288   11633
           5    2.8e+04     16431 19137.5 19838.8    11305    1288    1288   10017
           6    3.3e+04     16431 19137.5 20023.4    10136    1288    1288    8848
           7    3.8e+04     16431 19137.5 19958.6     9815    1288    1288    8527
           8    4.2e+04     16431 19137.5 19984.6     9327    1288    1288    8039
           9    4.6e+04     16431 19137.5   19940     9709    1288    1288    8421
          10    5.0e+04     16431 19137.5   19927     8693    1288    1288    7405
          11    5.3e+04     16431 19137.5 19962.2     9231    1288    1288    7943
          12    5.7e+04     16431 19137.5   19868     8896    1288    1288    7608
          13    6.0e+04     16431 19137.5 20032.7     8548    1288    1288    7260
          14    6.3e+04     16431 19137.5 19905.6     8546    1288    1288    7258
          15    6.7e+04     16431 19137.5 19926.5     8500    1288    1288    7212
          16    6.9e+04     16431 19137.5 19898.6     8110    1288    1288    6822
          17    7.3e+04     16431 19137.5 20007.3     8609    1288    1288    7321
          18    7.5e+04     16431 19137.5 19892.8     8213    1288    1288    6925
          19    7.8e+04     16431 19137.5 19946.5     8238    1288    1288    6950
          20    8.1e+04     16431 19137.5 19976.5     7947    1288    1288    6659
          21    8.3e+04     16431 19137.5 19959.3     8214    1288    1288    6926
          22    8.6e+04     16431 19137.5   19963     7929    1288    1288    6641
          23    8.8e+04     16431 19137.5 19911.4     7897    1288    1288    6609
          24    9.1e+04     16431 19137.5 19984.1     7750    1288    1288    6462
          25    9.3e+04     16431 19137.5 19863.9     8117    1288    1288    6829
          26    9.5e+04     16431 19137.5 20002.4     7936    1288    1288    6648
               reducing step to 0.2
          27    9.6e+04     16431 19134.5 19134.5     9349    1288    1288    8061
          28    9.7e+04     16431 18994.1 18994.1     7546    1288    1288    6258
          29    9.8e+04     16431 18964.9 18964.9     8172    1288    1288    6884
          30    9.9e+04     16431 18831.7 18831.7     7592    1288    1288    6304
          31    1.0e+05     16431 18831.7 18883.4     7877    1288    1288    6589
          32    1.0e+05     16431 18743.2 18743.2     7770    1288    1288    6482
          33    1.0e+05     16431 18743.2 18764.9     7259    1288    1288    5971
          34    1.0e+05     16431 18710.6 18710.6     7869    1288    1288    6581
          35    1.0e+05     16431 18694.5 18694.5     7868    1288    1288    6580
          36    1.0e+05     16431 18680.1 18680.1     7778    1288    1288    6490
          37    1.0e+05     16431 18660.2 18660.2     8090    1288    1288    6802
          38    1.1e+05     16431 18597.6 18597.6     7896    1288    1288    6608
          39    1.1e+05     16431 18597.6 18637.6     8267    1288    1288    6979
          40    1.1e+05     16431   18557   18557     7998    1288    1288    6710
          41    1.1e+05     16431   18557 18588.5     8412    1288    1288    7124
          42    1.1e+05     16431 18522.4 18522.4     8637    1288    1288    7349
          43    1.1e+05     16431 18522.4 18559.9     8240    1288    1288    6952
          44    1.1e+05     16431 18495.3 18495.3     8677    1288    1288    7389
          45    1.1e+05     16431 18495.3 18505.6     8558    1288    1288    7270
          46    1.1e+05     16431 18491.8 18491.8     8714    1288    1288    7426
          47    1.1e+05     16431 18462.3 18462.3     8600    1288    1288    7312
          48    1.1e+05     16431 18450.7 18450.7     8338    1288    1288    7050
          49    1.1e+05     16431 18415.3 18415.3     8474    1288    1288    7186
          50    1.1e+05     16431 18415.3 18422.7     8498    1288    1288    7210
          51    1.1e+05     16431 18377.7 18377.7     8896    1288    1288    7608
          52    1.1e+05     16431 18372.2 18372.2     8758    1288    1288    7470
          53    1.1e+05     16431 18372.2 18394.1     8964    1288    1288    7676
          54    1.1e+05     16431 18372.2 18378.2     9536    1288    1288    8248
          55    1.2e+05     16431 18350.6 18350.6     9093    1288    1288    7805
          56    1.2e+05     16431 18350.6 18380.8     8974    1287    1287    7687
          57    1.2e+05     16431   18329   18329     9252    1288    1288    7964
          58    1.2e+05     16431 18317.4 18317.4     9133    1288    1288    7845
          59    1.2e+05     16431 18317.4 18370.2     9057    1288    1288    7769
          60    1.2e+05     16431 18293.5 18293.5     9138    1288    1288    7850
          61    1.2e+05     16431 18293.5   18322     9225    1288    1288    7937
          62    1.2e+05     16431   18288   18288     9394    1288    1288    8106
          63    1.2e+05     16431   18288 18325.1     8908    1288    1288    7620
          64    1.2e+05     16431   18288   18295     9553    1287    1287    8266
          65    1.2e+05     16431   18263   18263     8992    1288    1288    7704
          66    1.2e+05     16431   18263 18362.8     9277    1288    1288    7989
          67    1.2e+05     16431 18200.6 18200.6     9259    1287    1287    7972
          68    1.2e+05     16431 18200.6 18302.3     9391    1288    1288    8103
          69    1.2e+05     16431 18200.6   18244     9936    1288    1288    8648
          70    1.2e+05     16431 18200.6 18267.9     9744    1288    1288    8456
          71    1.2e+05     16431 18200.6 18268.9     9411    1287    1287    8124
          72    1.2e+05     16431 18200.6   18258    10177    1285    1285    8892
          73    1.2e+05     16431 18200.6 18228.4     9398    1286    1286    8112
          74    1.2e+05     16431 18200.6 18326.6     9778    1288    1288    8490
          75    1.2e+05     16431 18166.8 18166.8     9246    1286    1286    7960
          76    1.2e+05     16431 18166.8 18318.7     9993    1288    1288    8705
          77    1.2e+05     16431 18146.1 18146.1     9374    1287    1287    8087
          78    1.2e+05     16431 18146.1   18330     9330    1287    1287    8043
          79    1.2e+05     16431 18146.1 18164.7     9808    1286    1286    8522
          80    1.3e+05     16431 18146.1   18256     9984    1288    1288    8696
          81    1.3e+05     16431 18146.1 18148.5     9333    1285    1285    8048
          82    1.3e+05     16431 18146.1 18274.9     9985    1287    1287    8698
          83    1.3e+05     16431 18146.1 18147.6    10110    1286    1286    8824
          84    1.3e+05     16431 18146.1 18202.7     9952    1287    1287    8665
          85    1.3e+05     16431 18139.6 18139.6     9440    1286    1286    8154
          86    1.3e+05     16431 18139.6 18240.9    10018    1287    1287    8731
          87    1.3e+05     16431 18101.3 18101.3     9835    1285    1285    8550
          88    1.3e+05     16431 18101.3   18225    10013    1286    1286    8727
          89    1.3e+05     16431 18101.3 18118.1    10299    1285    1285    9014
          90    1.3e+05     16431 18101.3   18223    10043    1288    1288    8755
          91    1.3e+05     16431 18101.3 18111.6     9915    1284    1284    8631
          92    1.3e+05     16431 18101.3 18216.8     9815    1286    1286    8529
          93    1.3e+05     16431 18100.5 18100.5    10412    1287    1287    9125
          94    1.3e+05     16431 18100.5 18129.4    10407    1287    1287    9120
          95    1.3e+05     16431 18100.5 18117.3    10309    1285    1285    9024
          96    1.3e+05     16431 18100.5 18155.8    10584    1288    1288    9296
          97    1.3e+05     16431 18090.7 18090.7     9885    1283    1283    8602
          98    1.3e+05     16431 18090.7 18196.5    10436    1287    1287    9149
          99    1.3e+05     16431 18054.1 18054.1    10267    1285    1285    8982
         100    1.3e+05     16431 18054.1 18171.3    10283    1288    1288    8995
         101    1.3e+05     16431 18054.1 18074.8    10626    1285    1285    9341
         102    1.3e+05     16431 18054.1   18178    10609    1288    1288    9321
         103    1.3e+05     16431 18054.1 18072.6    10727    1284    1284    9443
         104    1.3e+05     16431 18054.1 18157.7    10282    1285    1285    8997
         105    1.3e+05     16431 18054.1 18091.8     9706    1284    1284    8422
         106    1.3e+05     16431 18054.1 18178.9    10800    1288    1288    9512
         107    1.3e+05     16431 17999.6 17999.6    10604    1283    1283    9321
         108    1.3e+05     16431 17999.6 18143.9    10198    1286    1286    8912
         109    1.3e+05     16431 17999.6 18052.6    10248    1284    1284    8964
         110    1.4e+05     16431 17999.6   18132    10315    1286    1286    9029
         111    1.4e+05     16431 17999.6 18046.9    10703    1286    1286    9417
         112    1.4e+05     16431 17999.6 18118.7    10288    1285    1285    9003
         113    1.4e+05     16431 17999.6 18047.7    10895    1285    1285    9610
         114    1.4e+05     16431 17999.6 18062.3    10524    1285    1285    9239
         115    1.4e+05     16431 17999.6 18069.2    10437    1286    1286    9151
         116    1.4e+05     16431 17999.6 18090.8    10795    1285    1285    9510
         117    1.4e+05     16431 17999.6 18003.3    10747    1284    1284    9463
         118    1.4e+05     16431 17999.6 18159.2    10169    1286    1286    8883
         119    1.4e+05     16431 17999.6 18021.5    10692    1286    1286    9406
         120    1.4e+05     16431 17999.6 18147.5    10702    1285    1285    9417
         121    1.4e+05     16431 17975.4 17975.4    10854    1284    1284    9570
         122    1.4e+05     16431 17975.4   18111    10217    1283    1283    8934
         123    1.4e+05     16431 17975.4   18035    10696    1286    1286    9410
         124    1.4e+05     16431 17975.4 18099.9    10766    1286    1286    9480
         125    1.4e+05     16431 17948.7 17948.7    11059    1283    1283    9776
         126    1.4e+05     16431 17948.7 18107.5    10351    1286    1286    9065
         127    1.4e+05     16431 17948.7 18023.4    10139    1285    1285    8854
         128    1.4e+05     16431 17948.7 18131.6    10989    1285    1285    9704
         129    1.4e+05     16431 17948.7 17961.3    10985    1285    1285    9700
         130    1.4e+05     16431 17948.7 18098.1    10394    1286    1286    9108
         131    1.4e+05     16431 17948.7 18008.9    10283    1283    1283    9000
         132    1.4e+05     16431 17948.7 18133.4    11107    1285    1285    9822
         133    1.4e+05     16431 17946.6 17946.6    11143    1284    1284    9859
         134    1.4e+05     16431 17946.6 18083.2    10185    1288    1288    8897
         135    1.4e+05     16431 17946.6 18008.2    10654    1284    1284    9370
         136    1.4e+05     16431 17946.6 18019.6    11107    1283    1283    9824
         137    1.4e+05     16431 17946.6 17972.9    11190    1286    1286    9904
         138    1.4e+05     16431 17946.6 17987.5    11235    1286    1286    9949
         139    1.4e+05     16431 17946.6   17986    11082    1284    1284    9798
         140    1.4e+05     16431 17946.6 18059.4    11238    1285    1285    9953
         141    1.4e+05     16431 17933.3 17933.3    10993    1284    1284    9709
         142    1.4e+05     16431 17933.3 18058.7    10399    1286    1286    9113
         143    1.4e+05     16431 17933.3 17977.3    11141    1286    1286    9855
         144    1.4e+05     16431 17933.3 18042.8    11021    1283    1283    9738
         145    1.4e+05     16431 17933.3 17950.9    10980    1283    1283    9697
         146    1.5e+05     16431 17933.3 18067.7    10470    1287    1287    9183
         147    1.5e+05     16431 17933.3 17959.9    11146    1285    1285    9861
         148    1.5e+05     16431 17933.3 18010.6    10708    1283    1283    9425
         149    1.5e+05     16431 17933.3 17973.4    10607    1282    1282    9325
         150    1.5e+05     16431 17933.3 18020.8    10928    1286    1286    9642
         151    1.5e+05     16431 17927.4 17927.4    10581    1285    1285    9296
         152    1.5e+05     16431 17927.4 18045.8    10436    1284    1284    9152
         153    1.5e+05     16431 17927.4 17952.7    10684    1285    1285    9399
         154    1.5e+05     16431 17927.4 18057.6    10954    1286    1286    9668
         155    1.5e+05     16431 17927.4 17951.9    11286    1284    1284   10002
         156    1.5e+05     16431 17927.4 18032.5    11102    1285    1285    9817
         157    1.5e+05     16431 17927.4 17940.6    10967    1285    1285    9682
         158    1.5e+05     16431 17927.4 18045.5    11188    1285    1285    9903
         159    1.5e+05     16431 17915.2 17915.2    11175    1284    1284    9891
         160    1.5e+05     16431 17915.2 18049.2    11029    1284    1284    9745
         161    1.5e+05     16431 17915.2   17924    10602    1283    1283    9319
         162    1.5e+05     16431 17915.2 18087.7    10738    1286    1286    9452
         163    1.5e+05     16431 17908.4 17908.4    11267    1283    1283    9984
         164    1.5e+05     16431 17908.4 18045.1    10802    1284    1284    9518
         165    1.5e+05     16431 17908.4 17930.1    11260    1284    1284    9976
         166    1.5e+05     16431 17908.4 18027.9    11503    1287    1287   10216
         167    1.5e+05     16431 17908.4 17930.9    11140    1283    1283    9857
         168    1.5e+05     16431 17908.4 18008.4    11367    1286    1286   10081
         169    1.5e+05     16431 17908.4   17915    11163    1283    1283    9880
         170    1.5e+05     16431 17908.4 18012.1    10861    1287    1287    9574
         171    1.5e+05     16431 17898.1 17898.1    11463    1283    1283   10180
         172    1.5e+05     16431 17898.1 17953.6    11103    1284    1284    9819
         173    1.5e+05     16431 17898.1 17937.3    11234    1284    1284    9950
         174    1.5e+05     16431 17898.1 17974.2    11075    1284    1284    9791
         175    1.5e+05     16431 17898.1 17941.7    10905    1285    1285    9620
         176    1.5e+05     16431 17898.1 17949.9    11196    1283    1283    9913
         177    1.5e+05     16431 17896.7 17896.7    11323    1284    1284   10039
         178    1.5e+05     16431 17896.7 17943.6    11395    1284    1284   10111
         179    1.5e+05     16431 17896.7 17914.2    11182    1282    1282    9900
         180    1.5e+05     16431 17896.7 17952.5    11474    1283    1283   10191
         181    1.5e+05     16431 17896.7 17912.2    11288    1285    1285   10003
         182    1.5e+05     16431 17896.7 17937.6    11212    1284    1284    9928
         183    1.5e+05     16431 17896.7 17927.4    11077    1284    1284    9793
         184    1.5e+05     16431 17883.5 17883.5    11616    1285    1285   10331
         185    1.5e+05     16431 17883.5   17935    11138    1285    1285    9853
         186    1.5e+05     16431 17883.5 17886.4    11185    1282    1282    9903
         187    1.6e+05     16431 17883.5 17926.9    10956    1285    1285    9671
         188    1.6e+05     16431 17883.5 17905.1    11768    1283    1283   10485
         189    1.6e+05     16431 17883.5 17923.5    11470    1284    1284   10186
         190    1.6e+05     16431 17880.8 17880.8    11734    1282    1282   10452
         191    1.6e+05     16431 17880.8 17896.9    10945    1282    1282    9663
         192    1.6e+05     16431 17880.8 17967.2    11576    1286    1286   10290
         193    1.6e+05     16431 17876.9 17876.9    11229    1282    1282    9947
         194    1.6e+05     16431 17876.9 17924.3    11740    1283    1283   10457
         195    1.6e+05     16431 17876.9 17895.6    11341    1284    1284   10057
         196    1.6e+05     16431 17876.9 17997.7    11034    1284    1284    9750
         197    1.6e+05     16431 17866.2 17866.2    12419    1281    1281   11138
         198    1.6e+05     16431 17866.2 17898.1    11751    1284    1284   10467
         199    1.6e+05     16431 17866.2 17901.8    11424    1285    1285   10139
         200    1.6e+05     16431 17866.2 17923.3    11107    1283    1283    9824
         201    1.6e+05     16431 17866.2 17879.7    11407    1283    1283   10124
         202    1.6e+05     16431 17866.2 17911.6    11453    1284    1284   10169
         203    1.6e+05     16431 17859.3 17859.3    11543    1284    1284   10259
         204    1.6e+05     16431 17859.3 17872.8    10651    1285    1285    9366
         205    1.6e+05     16431 17859.3 17927.4    10957    1285    1285    9672
         206    1.6e+05     16431 17859.3   17886    11781    1284    1284   10497
         207    1.6e+05     16431 17859.3   17863    11725    1285    1285   10440
         208    1.6e+05     16431 17859.3 17978.2    11939    1284    1284   10655
         209    1.6e+05     16431 17844.5 17844.5    11901    1281    1281   10620
         210    1.6e+05     16431 17844.5 17935.2    11539    1282    1282   10257
         211    1.6e+05     16431 17844.5 17866.6    11535    1284    1284   10251
         212    1.6e+05     16431 17844.5 17977.3    11572    1283    1283   10289
         213    1.6e+05     16431 17844.5 17855.3    12017    1281    1281   10736
         214    1.6e+05     16431 17844.5 17934.7    11268    1284    1284    9984
         215    1.6e+05     16431 17844.5 17894.7    11538    1283    1283   10255
         216    1.6e+05     16431 17844.5   17861    12754    1283    1283   11471
         217    1.6e+05     16431 17824.4 17824.4    12099    1280    1280   10819
         218    1.6e+05     16431 17824.4 17999.3    10920    1284    1284    9636
         219    1.6e+05     16431 17824.4 17873.7    11602    1283    1283   10319
         220    1.6e+05     16431 17824.4 17934.5    11472    1284    1284   10188
         221    1.6e+05     16431 17824.4 17872.9    11869    1283    1283   10586
         222    1.6e+05     16431 17824.4 17862.6    12460    1284    1284   11176
         223    1.6e+05     16431 17824.4   17861    12251    1282    1282   10969
         224    1.6e+05     16431 17824.4 17955.2    11106    1283    1283    9823
         225    1.6e+05     16431 17824.4 17897.7    11525    1285    1285   10240
         226    1.6e+05     16431 17824.4 17880.9    12626    1284    1284   11342
         227    1.6e+05     16431 17810.7 17810.7    12655    1279    1279   11376
         228    1.6e+05     16431 17810.7 17965.7    11703    1285    1285   10418
         229    1.6e+05     16431 17810.7 17887.1    11127    1281    1281    9846
         230    1.6e+05     16431 17810.7 17956.2    11285    1285    1285   10000
         231    1.6e+05     16431 17810.7 17850.7    12281    1282    1282   10999
         232    1.6e+05     16431 17810.7 17887.4    11665    1284    1284   10381
         233    1.6e+05     16431 17810.7 17877.1    11694    1285    1285   10409
         234    1.7e+05     16431 17810.7 17903.6    11241    1283    1283    9958
         235    1.7e+05     16431 17810.7 17865.1    11856    1284    1284   10572
         236    1.7e+05     16431 17810.7 17881.5    12260    1283    1283   10977
         237    1.7e+05     16431 17810.7 17823.1    11762    1283    1283   10479
         238    1.7e+05     16431 17810.7 17953.1    10884    1283    1283    9601
         239    1.7e+05     16431 17810.7 17844.4    11715    1280    1280   10435
         240    1.7e+05     16431 17810.7 17897.3    12013    1284    1284   10729
         241    1.7e+05     16431 17810.7 17824.9    12173    1283    1283   10890
         242    1.7e+05     16431 17810.7 17897.9    11626    1283    1283   10343
         243    1.7e+05     16431 17810.7 17880.5    11263    1286    1286    9977
         244    1.7e+05     16431 17810.7 17933.8    12075    1283    1283   10792
         245    1.7e+05     16431 17810.7 17817.4    12135    1281    1281   10854
         246    1.7e+05     16431 17810.7 17935.8    11451    1284    1284   10167
         247    1.7e+05     16431 17810.7 17861.1    11820    1282    1282   10538
         248    1.7e+05     16431 17810.7 17933.2    11783    1284    1284   10499
         249    1.7e+05     16431 17810.7 17823.2    12352    1283    1283   11069
         250    1.7e+05     16431 17810.7 17904.5    11804    1286    1286   10518
         251    1.7e+05     16431 17810.7 17856.8    11167    1282    1282    9885
         252    1.7e+05     16431 17810.7 17950.4    11433    1286    1286   10147
               reducing step to 0.1
         253    1.7e+05     16431 17659.8 17659.8    13556    1281    1281   12275
         254    1.7e+05     16431   17588   17588    14642    1281    1281   13361
    *    255    1.7e+05     16713 17546.6 17546.6    16713    1278    1278   15435
    *    256    1.7e+05     17049 17544.8 17544.8    17049    1279    1279   15770
         257    1.7e+05     17049 17523.5 17523.5    16993    1278    1278   15715
    *    258    1.7e+05     17263 17523.5 17531.6    17263    1278    1278   15985
         259    1.7e+05     17263 17519.1 17519.1    17076    1277    1277   15799
         260    1.7e+05     17263 17518.9 17518.9    17231    1279    1279   15952
    *    261    1.7e+05     17305 17518.9 17541.2    17305    1279    1279   16026
    *    262    1.7e+05     17312 17518.9 17528.4    17312    1279    1279   16033
         263    1.7e+05     17312 17511.3 17511.3    17286    1277    1277   16009
         264    1.7e+05     17312 17511.3 17511.3    17312    1279    1279   16033
    *    265    1.7e+05     17318 17511.3 17511.4    17318    1277    1277   16041
    *    266    1.7e+05     17341 17511.3 17528.6    17341    1278    1278   16063
         267    1.7e+05     17341 17507.9 17507.9    17335    1279    1279   16056
         268    1.7e+05     17341 17507.9 17530.5    17324    1278    1278   16046
    *    269    1.7e+05     17359 17507.9 17508.2    17359    1278    1278   16081
         270    1.7e+05     17359 17507.9 17508.7    17354    1278    1278   16076
         271    1.7e+05     17359 17507.3 17507.3    17328    1279    1279   16049
         272    1.7e+05     17359 17507.3 17508.5    17335    1278    1278   16057
         273    1.7e+05     17359 17505.2 17505.2    17339    1278    1278   16061
         274    1.7e+05     17359 17505.2 17508.2    17294    1278    1278   16016
    *    275    1.7e+05     17390 17505.2 17506.4    17390    1278    1278   16112
         276    1.7e+05     17390 17505.2   17508    17383    1278    1278   16105
         277    1.7e+05     17390 17504.7 17504.7    17383    1278    1278   16105
         278    1.7e+05     17390 17504.7 17506.1    17385    1278    1278   16107
    *    279    1.7e+05     17410   17504   17504    17410    1278    1278   16132
         280    1.7e+05     17410   17504 17506.2    17398    1278    1278   16120
         281    1.7e+05     17410 17503.5 17503.5    17407    1278    1278   16129
         282    1.7e+05     17410 17503.2 17503.2    17387    1278    1278   16109
         283    1.7e+05     17410 17501.8 17501.8    17348    1278    1278   16070
         284    1.7e+05     17410 17501.8 17504.9    17348    1278    1278   16070
         285    1.7e+05     17410 17501.8 17523.9    17371    1278    1278   16093
         286    1.7e+05     17410 17501.8 17504.5    17408    1278    1278   16130
         287    1.7e+05     17410 17501.6 17501.6    17404    1278    1278   16126
         288    1.7e+05     17410 17501.6 17505.1    17175    1279    1279   15896
         289    1.7e+05     17410 17501.6 17504.6    17359    1279    1279   16080
         290    1.7e+05     17410 17501.6 17504.9    17307    1279    1279   16028
         291    1.7e+05     17410 17501.6 17502.3    17202    1279    1279   15923
         292    1.7e+05     17410 17501.6 17504.3    17381    1278    1278   16103
         293    1.7e+05     17410 17500.8 17500.8    17378    1278    1278   16100
         294    1.7e+05     17410 17500.8 17505.5    17391    1278    1278   16113
         295    1.7e+05     17410 17500.8 17501.5    17352    1278    1278   16074
         296    1.7e+05     17410 17500.8 17523.8    17365    1278    1278   16087
         297    1.7e+05     17410 17499.5 17499.5    17341    1279    1279   16062
    *    298    1.7e+05     17412 17499.5 17503.7    17412    1278    1278   16134
         299    1.7e+05     17412 17499.5 17499.8    17409    1278    1278   16131
         300    1.7e+05     17412 17499.5 17502.7    17410    1278    1278   16132
         301    1.7e+05     17412 17499.5 17499.7    17404    1278    1278   16126
         302    1.7e+05     17412 17499.5 17502.6    17404    1278    1278   16126
         303    1.7e+05     17412 17499.4 17499.4    17193    1278    1278   15915
         304    1.7e+05     17412 17499.4 17502.9    17342    1278    1278   16064
         305    1.7e+05     17412 17499.4 17502.1    17235    1278    1278   15957
         306    1.7e+05     17412 17499.4 17520.8    17232    1278    1278   15954
         307    1.7e+05     17412 17499.2 17499.2    17225    1278    1278   15947
         308    1.7e+05     17412 17499.2 17501.4    17328    1278    1278   16050
         309    1.7e+05     17412 17499.2 17501.4    17344    1278    1278   16066
         310    1.7e+05     17412 17499.2 17501.6    17072    1278    1278   15794
         311    1.7e+05     17412 17499.2 17500.4    17187    1278    1278   15909
         312    1.7e+05     17412 17499.2 17504.8    17343    1278    1278   16065
         313    1.7e+05     17412 17499.2 17499.2    17363    1280    1280   16083
         314    1.7e+05     17412 17499.2 17501.8    17380    1278    1278   16102
         315    1.7e+05     17412 17499.2 17499.2    17353    1279    1279   16074
         316    1.7e+05     17412 17499.2 17501.9    17382    1278    1278   16104
         317    1.7e+05     17412 17497.7 17497.7    17406    1278    1278   16128
         318    1.7e+05     17412 17497.7 17499.7    17402    1278    1278   16124
         319    1.7e+05     17412 17497.5 17497.5    17151    1278    1278   15873
         320    1.7e+05     17412 17497.5 17504.8    16875    1278    1278   15597
         321    1.7e+05     17412 17497.5 17501.4    16931    1279    1279   15652
         322    1.7e+05     17412 17497.5   17513    17311    1278    1278   16033
         323    1.7e+05     17412 17497.5 17500.9    17114    1278    1278   15836
         324    1.7e+05     17412 17497.5 17520.7    16241    1278    1278   14963
         325    1.7e+05     17412 17497.5 17509.2    16591    1280    1280   15311
         326    1.7e+05     17412 17497.5 17508.3    16241    1278    1278   14963
         327    1.7e+05     17412 17497.5 17529.2    15801    1278    1278   14523
         328    1.7e+05     17412 17497.5 17528.7    15884    1279    1279   14605
         329    1.7e+05     17412 17497.5 17517.3    15333    1281    1281   14052
         330    1.7e+05     17412 17497.5 17526.8    15443    1279    1279   14164
         331    1.7e+05     17412 17497.5 17544.7    15961    1280    1280   14681
         332    1.7e+05     17412 17497.5 17508.6    16652    1279    1279   15373
         333    1.7e+05     17412 17497.5 17509.8    16852    1278    1278   15574
         334    1.7e+05     17412 17497.5 17518.3    16901    1278    1278   15623
         335    1.7e+05     17412 17497.5 17499.6    16715    1278    1278   15437
         336    1.7e+05     17412 17497.5 17514.3    16869    1279    1279   15590
         337    1.7e+05     17412 17497.5 17502.3    17104    1278    1278   15826
         338    1.7e+05     17412 17497.5 17520.2    17284    1279    1279   16005
         339    1.7e+05     17412 17497.5 17500.8    17226    1278    1278   15948
         340    1.7e+05     17412 17497.5 17518.8    17091    1279    1279   15812
         341    1.7e+05     17412 17497.5 17500.8    16852    1278    1278   15574
         342    1.7e+05     17412 17497.5 17501.9    16823    1277    1277   15546
         343    1.7e+05     17412 17497.5   17502    16291    1278    1278   15013
         344    1.7e+05     17412 17497.5   17516    16042    1279    1279   14763
               reducing step to 0.05
         345    1.7e+05     17412   17492   17492    17140    1279    1279   15861
         346    1.7e+05     17412 17480.4 17480.4    17085    1279    1279   15806
         347    1.7e+05     17412 17480.4 17480.6    17384    1278    1278   16106
         348    1.7e+05     17412 17480.4 17480.7    17404    1278    1278   16126
         349    1.7e+05     17412 17480.4 17480.8    17240    1278    1278   15962
         350    1.7e+05     17412 17480.4 17480.4    17406    1278    1278   16128
    *    351    1.7e+05     17433 17480.4 17480.4    17433    1278    1278   16155
         352    1.7e+05     17433 17479.7 17479.7    17432    1278    1278   16154
         353    1.7e+05     17433 17479.7 17480.6    17420    1278    1278   16142
    *    354    1.7e+05     17438 17479.1 17479.1    17438    1278    1278   16160
         355    1.7e+05     17438 17479.1 17479.4    17408    1278    1278   16130
         356    1.7e+05     17438 17479.1 17479.2    17431    1278    1278   16153
    *    357    1.7e+05     17440 17479.1 17479.4    17440    1278    1278   16162
    *    358    1.7e+05     17444 17479.1 17479.4    17444    1278    1278   16166
         359    1.7e+05     17444 17479.1 17479.4    17442    1278    1278   16164
         360    1.7e+05     17444 17478.3 17478.3    17441    1278    1278   16163
         361    1.7e+05     17444 17478.3 17479.5    17426    1278    1278   16148
         362    1.7e+05     17444 17478.3 17479.1    17443    1278    1278   16165
         363    1.7e+05     17444 17478.3   17479    17439    1278    1278   16161
         364    1.7e+05     17444 17478.3 17478.9    17437    1278    1278   16159
    *    365    1.7e+05     17446 17478.3 17478.9    17446    1278    1278   16168
    *    366    1.7e+05     17447 17478.3 17479.1    17447    1278    1278   16169
    *    367    1.7e+05     17449 17478.3 17478.6    17449    1278    1278   16171
         368    1.7e+05     17449 17478.3 17478.4    17444    1278    1278   16166
         369    1.7e+05     17449 17478.3 17478.9    17448    1278    1278   16170
         370    1.7e+05     17449 17478.3 17478.6    17444    1278    1278   16166
         371    1.7e+05     17449 17478.3 17478.5    17449    1278    1278   16171
         372    1.7e+05     17449 17478.3 17478.5    17438    1278    1278   16160
    *    373    1.7e+05     17451 17478.3 17478.9    17451    1278    1278   16173
         374    1.7e+05     17451 17477.5 17477.5    17445    1278    1278   16167
         375    1.7e+05     17451 17477.5 17478.7    17444    1278    1278   16166
         376    1.7e+05     17451 17477.5 17478.1    17440    1278    1278   16162
         377    1.7e+05     17451 17477.5 17478.6    17425    1278    1278   16147
         378    1.7e+05     17451 17477.5 17477.7    17445    1278    1278   16167
         379    1.7e+05     17451 17477.5 17478.3    17435    1278    1278   16157
         380    1.7e+05     17451 17477.5   17478    17338    1278    1278   16060
         381    1.7e+05     17451 17477.5 17478.3    17420    1278    1278   16142
         382    1.7e+05     17451 17477.5 17478.3    17444    1278    1278   16166
         383    1.7e+05     17451 17477.5 17478.1    17448    1278    1278   16170
         384    1.7e+05     17451 17477.5 17477.8    17445    1278    1278   16167
         385    1.7e+05     17451 17477.5 17478.6    17448    1278    1278   16170
         386    1.7e+05     17451 17477.5 17477.8    17447    1278    1278   16169
         387    1.7e+05     17451 17477.5 17478.2    17429    1278    1278   16151
         388    1.7e+05     17451 17477.5 17477.6    17429    1278    1278   16151
         389    1.7e+05     17451 17477.5 17478.6    17449    1278    1278   16171
         390    1.7e+05     17451 17477.5 17477.8    17449    1278    1278   16171
         391    1.7e+05     17451 17477.5 17478.2    17430    1278    1278   16152
         392    1.7e+05     17451 17477.4 17477.4    17446    1278    1278   16168
         393    1.7e+05     17451 17477.4 17478.4    17444    1278    1278   16166
         394    1.7e+05     17451 17477.4 17478.1    17447    1278    1278   16169
         395    1.7e+05     17451 17477.4 17478.3    17448    1278    1278   16170
         396    1.7e+05     17451 17477.4 17477.4    17449    1278    1278   16171
         397    1.7e+05     17451 17477.4 17478.5    17451    1278    1278   16173
         398    1.7e+05     17451 17477.4 17477.7    17446    1278    1278   16168
         399    1.7e+05     17451 17477.4 17478.2    17450    1278    1278   16172
         400    1.7e+05     17451 17477.4 17477.9    17447    1278    1278   16169
    *    401    1.7e+05     17452 17477.4 17478.3    17452    1278    1278   16174
         402    1.7e+05     17452 17477.4 17477.7    17444    1278    1278   16166
         403    1.7e+05     17452 17477.4 17478.3    17445    1278    1278   16167
         404    1.7e+05     17452 17477.4 17477.5    17448    1278    1278   16170
         405    1.7e+05     17452 17477.4 17478.1    17451    1278    1278   16173
         406    1.7e+05     17452 17477.4 17477.7    17447    1278    1278   16169
         407    1.7e+05     17452 17477.4 17478.1    17451    1278    1278   16173
         408    1.7e+05     17452 17477.4 17477.6    17448    1278    1278   16170
    *    409    1.7e+05     17454 17477.4 17478.1    17454    1278    1278   16176
         410    1.7e+05     17454 17477.4 17477.6    17445    1278    1278   16167
         411    1.7e+05     17454 17477.4 17477.9    17451    1278    1278   16173
         412    1.7e+05     17454 17477.4 17477.8    17448    1278    1278   16170
         413    1.7e+05     17454 17477.4 17477.8    17447    1278    1278   16169
         414    1.7e+05     17454 17477.4 17477.7    17449    1278    1278   16171
         415    1.7e+05     17454 17477.4 17477.8    17450    1278    1278   16172
         416    1.7e+05     17454 17477.4 17477.9    17442    1278    1278   16164
         417    1.7e+05     17454 17477.4 17477.6    17450    1278    1278   16172
         418    1.7e+05     17454 17477.4 17477.4    17447    1278    1278   16169
         419    1.7e+05     17454 17477.4   17478    17446    1278    1278   16168
         420    1.7e+05     17454 17477.4 17477.4    17445    1278    1278   16167
    *    421    1.7e+05     17455 17477.4 17477.9    17455    1278    1278   16177
               reducing step to 0.025
         422    1.7e+05     17455 17474.1 17474.1    17036    1278    1278   15758
         423    1.7e+05     17455 17471.1 17471.1    17424    1278    1278   16146
         424    1.7e+05     17455 17471.1 17471.6    17449    1278    1278   16171
         425    1.7e+05     17455 17470.2 17470.2    17451    1278    1278   16173
         426    1.7e+05     17455 17470.2 17471.3    17450    1278    1278   16172
         427    1.7e+05     17455   17470   17470    17452    1278    1278   16174
         428    1.7e+05     17455   17470 17471.3    17451    1278    1278   16173
         429    1.7e+05     17455   17470   17470    17450    1278    1278   16172
         430    1.7e+05     17455   17470 17471.3    17452    1278    1278   16174
         431    1.7e+05     17455 17469.8 17469.8    17450    1278    1278   16172
         432    1.7e+05     17455 17469.8 17471.2    17452    1278    1278   16174
         433    1.7e+05     17455 17469.8 17469.8    17451    1278    1278   16173
         434    1.7e+05     17455 17469.8 17471.1    17445    1278    1278   16167
         435    1.7e+05     17455 17469.7 17469.7    17451    1278    1278   16173
         436    1.7e+05     17455 17469.7 17471.1    17432    1279    1279   16153
         437    1.7e+05     17455 17469.7   17470    17453    1278    1278   16175
         438    1.7e+05     17455 17469.7 17471.1    17454    1278    1278   16176
         439    1.7e+05     17455 17469.7 17469.7    17452    1278    1278   16174
         440    1.7e+05     17455 17469.7   17471    17449    1278    1278   16171
         441    1.7e+05     17455 17469.7 17469.7    17453    1278    1278   16175
         442    1.7e+05     17455 17469.7   17471    17455    1278    1278   16177
         443    1.7e+05     17455 17469.7 17469.7    17452    1278    1278   16174
         444    1.7e+05     17455 17469.7   17471    17452    1278    1278   16174
         445    1.7e+05     17455 17469.7 17469.9    17440    1278    1278   16162
         446    1.7e+05     17455 17469.7 17471.1    17453    1278    1278   16175
         447    1.7e+05     17455 17469.7 17469.8    17452    1278    1278   16174
         448    1.7e+05     17455 17469.7 17470.9    17455    1278    1278   16177
         449    1.7e+05     17455 17469.7 17469.8    17452    1278    1278   16174
    *    450    1.7e+05     17456 17469.7 17470.9    17456    1278    1278   16178
         451    1.7e+05     17456 17469.6 17469.6    17452    1278    1278   16174
         452    1.7e+05     17456 17469.6 17470.9    17456    1278    1278   16178
         453    1.7e+05     17456 17469.6 17469.6    17453    1278    1278   16175
         454    1.7e+05     17456 17469.6 17470.9    17456    1278    1278   16178
         455    1.7e+05     17456 17469.6 17469.6    17452    1278    1278   16174
         456    1.7e+05     17456 17469.6 17471.1    17456    1278    1278   16178
         457    1.7e+05     17456 17469.6 17469.6    17451    1278    1278   16173
         458    1.7e+05     17456 17469.6   17471    17455    1278    1278   16177
         459    1.7e+05     17456 17469.5 17469.5    17452    1278    1278   16174
         460    1.7e+05     17456 17469.5   17471    17456    1278    1278   16178
         461    1.7e+05     17456 17469.5 17469.5    17454    1278    1278   16176
         462    1.7e+05     17456 17469.5 17470.8    17456    1278    1278   16178
         463    1.7e+05     17456 17469.5 17469.5    17454    1278    1278   16176
         464    1.7e+05     17456 17469.5 17470.8    17454    1278    1278   16176
         465    1.7e+05     17456 17469.5 17469.6    17453    1278    1278   16175
         466    1.7e+05     17456 17469.5 17470.8    17455    1278    1278   16177
         467    1.7e+05     17456 17469.5 17469.7    17450    1278    1278   16172
         468    1.7e+05     17456 17469.5 17470.7    17451    1278    1278   16173
         469    1.7e+05     17456 17469.5 17469.6    17453    1278    1278   16175
         470    1.7e+05     17456 17469.5 17470.8    17456    1278    1278   16178
         471    1.7e+05     17456 17469.5 17469.7    17452    1278    1278   16174
         472    1.7e+05     17456 17469.5 17470.7    17447    1278    1278   16169
         473    1.7e+05     17456 17469.5 17469.6    17452    1278    1278   16174
         474    1.7e+05     17456 17469.5 17470.6    17448    1278    1278   16170
         475    1.7e+05     17456 17469.5 17469.7    17453    1278    1278   16175
         476    1.7e+05     17456 17469.5 17470.6    17454    1278    1278   16176
         477    1.7e+05     17456 17469.5 17469.7    17453    1278    1278   16175
         478    1.7e+05     17456 17469.5 17470.7    17453    1278    1278   16175
         479    1.7e+05     17456 17469.5 17469.7    17453    1278    1278   16175
         480    1.7e+05     17456 17469.5 17470.6    17454    1278    1278   16176
         481    1.7e+05     17456 17469.5 17469.7    17453    1278    1278   16175
         482    1.7e+05     17456 17469.5 17470.7    17439    1278    1278   16161
         483    1.7e+05     17456 17469.5 17469.6    17453    1278    1278   16175
         484    1.7e+05     17456 17469.5 17470.6    17453    1278    1278   16175
         485    1.7e+05     17456 17469.5 17469.7    17450    1278    1278   16172
         486    1.7e+05     17456 17469.5 17470.6    17454    1278    1278   16176
         487    1.7e+05     17456 17469.5 17469.8    17453    1278    1278   16175
         488    1.7e+05     17456 17469.5 17470.6    17454    1278    1278   16176
               reducing step to 0.0125
         489    1.7e+05     17456 17468.6 17468.6    17419    1278    1278   16141
         490    1.7e+05     17456 17467.1 17467.1    17448    1278    1278   16170
         491    1.7e+05     17456   17467   17467    17453    1278    1278   16175
         492    1.7e+05     17456 17466.7 17466.7    17450    1278    1278   16172
         493    1.7e+05     17456 17466.7   17467    17452    1278    1278   16174
         494    1.7e+05     17456 17466.7 17466.8    17449    1278    1278   16171
         495    1.7e+05     17456 17466.7 17466.9    17449    1278    1278   16171
         496    1.7e+05     17456 17466.7 17466.7    17449    1278    1278   16171
         497    1.7e+05     17456 17466.7 17466.9    17453    1278    1278   16175
         498    1.7e+05     17456 17466.7 17466.7    17453    1278    1278   16175
         499    1.7e+05     17456 17466.7 17466.9    17452    1278    1278   16174
         500    1.7e+05     17456 17466.6 17466.6    17453    1278    1278   16175
         501    1.7e+05     17456 17466.6 17466.9    17454    1278    1278   16176
         502    1.7e+05     17456 17466.6 17466.7    17453    1278    1278   16175
         503    1.7e+05     17456 17466.6 17466.8    17453    1278    1278   16175
         504    1.7e+05     17456 17466.6 17466.6    17452    1278    1278   16174
         505    1.7e+05     17456 17466.6 17466.8    17451    1278    1278   16173
         506    1.7e+05     17456 17466.6 17466.6    17453    1278    1278   16175
         507    1.7e+05     17456 17466.6 17466.8    17451    1278    1278   16173
         508    1.7e+05     17456 17466.6 17466.6    17452    1278    1278   16174
         509    1.7e+05     17456 17466.6 17466.8    17450    1278    1278   16172
         510    1.7e+05     17456 17466.6 17466.6    17451    1278    1278   16173
         511    1.7e+05     17456 17466.6 17466.8    17454    1278    1278   16176
         512    1.7e+05     17456 17466.6 17466.7    17451    1278    1278   16173
         513    1.7e+05     17456 17466.6 17466.8    17453    1278    1278   16175
         514    1.7e+05     17456 17466.6 17466.7    17449    1278    1278   16171
         515    1.7e+05     17456 17466.6 17466.8    17455    1278    1278   16177
         516    1.7e+05     17456 17466.6 17466.6    17454    1278    1278   16176
         517    1.7e+05     17456 17466.6 17466.8    17455    1278    1278   16177
         518    1.7e+05     17456 17466.6 17466.6    17454    1278    1278   16176
         519    1.7e+05     17456 17466.6 17466.8    17455    1278    1278   16177
         520    1.7e+05     17456 17466.6 17466.6    17452    1278    1278   16174
         521    1.7e+05     17456 17466.6 17466.8    17452    1278    1278   16174
         522    1.7e+05     17456 17466.5 17466.5    17453    1278    1278   16175
         523    1.7e+05     17456 17466.5 17466.7    17453    1278    1278   16175
         524    1.7e+05     17456 17466.5 17466.5    17453    1278    1278   16175
         525    1.7e+05     17456 17466.5 17466.8    17455    1278    1278   16177
         526    1.7e+05     17456 17466.5 17466.6    17454    1278    1278   16176
         527    1.7e+05     17456 17466.5 17466.8    17456    1278    1278   16178
         528    1.7e+05     17456 17466.5 17466.6    17453    1278    1278   16175
         529    1.7e+05     17456 17466.5 17466.7    17450    1278    1278   16172
         530    1.7e+05     17456 17466.5 17466.6    17450    1278    1278   16172
         531    1.7e+05     17456 17466.5 17466.9    17454    1278    1278   16176
         532    1.7e+05     17456 17466.5 17466.5    17454    1278    1278   16176
         533    1.7e+05     17456 17466.5 17466.7    17453    1278    1278   16175
         534    1.7e+05     17456 17466.5 17466.7    17454    1278    1278   16176
         535    1.7e+05     17456 17466.5 17466.7    17454    1278    1278   16176
         536    1.7e+05     17456 17466.5 17466.5    17450    1278    1278   16172
         537    1.7e+05     17456 17466.5 17466.8    17455    1278    1278   16177
         538    1.7e+05     17456 17466.5 17466.5    17449    1278    1278   16171
         539    1.7e+05     17456 17466.5 17466.6    17454    1278    1278   16176
         540    1.7e+05     17456 17466.5 17466.5    17454    1278    1278   16176
         541    1.7e+05     17456 17466.5 17466.7    17455    1278    1278   16177
         542    1.7e+05     17456 17466.5 17466.5    17454    1278    1278   16176
         543    1.7e+05     17456 17466.5 17466.7    17455    1278    1278   16177
         544    1.7e+05     17456 17466.5 17466.5    17454    1278    1278   16176
         545    1.7e+05     17456 17466.5 17466.7    17456    1278    1278   16178
         546    1.7e+05     17456 17466.5 17466.5    17453    1278    1278   16175
         547    1.7e+05     17456 17466.5 17466.7    17456    1278    1278   16178
         548    1.7e+05     17456 17466.5 17466.5    17452    1278    1278   16174
         549    1.7e+05     17456 17466.5 17466.8    17454    1278    1278   16176
         550    1.7e+05     17456 17466.5 17466.5    17452    1278    1278   16174
         551    1.7e+05     17456 17466.5 17466.8    17455    1278    1278   16177
         552    1.7e+05     17456 17466.5 17466.5    17452    1278    1278   16174
         553    1.7e+05     17456 17466.5 17466.8    17455    1278    1278   16177
         554    1.7e+05     17456 17466.5 17466.5    17452    1278    1278   16174
         555    1.7e+05     17456 17466.5 17466.8    17454    1278    1278   16176
         556    1.7e+05     17456 17466.5 17466.5    17452    1278    1278   16174
         557    1.7e+05     17456 17466.5 17466.8    17454    1278    1278   16176
         558    1.7e+05     17456 17466.5 17466.5    17449    1278    1278   16171
         559    1.7e+05     17456 17466.5 17466.7    17455    1278    1278   16177
         560    1.7e+05     17456 17466.5 17466.5    17452    1278    1278   16174
         561    1.7e+05     17456 17466.5 17466.8    17455    1278    1278   16177
               reducing step to 0.00625
         562    1.7e+05     17456 17465.9 17465.9    17434    1278    1278   16156
         563    1.7e+05     17456 17465.2 17465.2    17449    1278    1278   16171
    *    564    1.7e+05     17457 17464.8 17464.8    17457    1278    1278   16179
         565    1.7e+05     17457 17464.8 17464.9    17446    1278    1278   16168
         566    1.7e+05     17457 17464.8   17465    17457    1278    1278   16179
         567    1.7e+05     17457 17464.8 17464.9    17448    1278    1278   16170
    *    568    1.7e+05     17458 17464.8   17465    17458    1278    1278   16180
         569    1.7e+05     17458 17464.8 17464.8    17445    1278    1278   16167
         570    1.7e+05     17458 17464.8   17465    17456    1278    1278   16178
         571    1.7e+05     17458 17464.8 17464.8    17447    1278    1278   16169
         572    1.7e+05     17458 17464.8   17465    17458    1278    1278   16180
         573    1.7e+05     17458 17464.8 17464.8    17450    1278    1278   16172
         574    1.7e+05     17458 17464.8   17465    17456    1278    1278   16178
         575    1.7e+05     17458 17464.8 17464.8    17450    1278    1278   16172
         576    1.7e+05     17458 17464.8   17465    17457    1278    1278   16179
         577    1.7e+05     17458 17464.8 17464.8    17451    1278    1278   16173
         578    1.7e+05     17458 17464.8   17465    17457    1278    1278   16179
         579    1.7e+05     17458 17464.8 17464.8    17450    1278    1278   16172
         580    1.7e+05     17458 17464.8   17465    17457    1278    1278   16179
         581    1.7e+05     17458 17464.8 17464.8    17450    1278    1278   16172
         582    1.7e+05     17458 17464.8   17465    17457    1278    1278   16179
         583    1.7e+05     17458 17464.8 17464.8    17449    1278    1278   16171
         584    1.7e+05     17458 17464.8 17464.9    17458    1278    1278   16180
         585    1.7e+05     17458 17464.8 17464.8    17451    1278    1278   16173
    *    586    1.7e+05     17459 17464.8   17465    17459    1278    1278   16181
         587    1.7e+05     17459 17464.8 17464.8    17450    1278    1278   16172
         588    1.7e+05     17459 17464.8 17464.9    17458    1278    1278   16180
         589    1.7e+05     17459 17464.8 17464.8    17450    1278    1278   16172
         590    1.7e+05     17459 17464.8 17464.9    17459    1278    1278   16181
         591    1.7e+05     17459 17464.8 17464.8    17448    1278    1278   16170
         592    1.7e+05     17459 17464.8 17464.9    17459    1278    1278   16181
         593    1.7e+05     17459 17464.8 17464.8    17450    1278    1278   16172
         594    1.7e+05     17459 17464.8 17464.9    17458    1278    1278   16180
         595    1.7e+05     17459 17464.8 17464.8    17450    1278    1278   16172
         596    1.7e+05     17459 17464.8 17464.9    17458    1278    1278   16180
         597    1.7e+05     17459 17464.8 17464.8    17450    1278    1278   16172
         598    1.7e+05     17459 17464.8 17464.9    17458    1278    1278   16180
         599    1.7e+05     17459 17464.8 17464.8    17450    1278    1278   16172
         600    1.7e+05     17459 17464.8 17464.9    17458    1278    1278   16180
         601    1.7e+05     17459 17464.8 17464.8    17451    1278    1278   16173
         602    1.7e+05     17459 17464.8 17464.9    17456    1278    1278   16178
         603    1.7e+05     17459 17464.7 17464.7    17451    1278    1278   16173
         604    1.7e+05     17459 17464.7 17464.9    17457    1278    1278   16179
         605    1.7e+05     17459 17464.7 17464.8    17451    1278    1278   16173
         606    1.7e+05     17459 17464.7 17464.9    17454    1278    1278   16176
         607    1.7e+05     17459 17464.7 17464.7    17451    1278    1278   16173
         608    1.7e+05     17459 17464.7 17464.9    17456    1278    1278   16178
         609    1.7e+05     17459 17464.7 17464.8    17431    1278    1278   16153
         610    1.7e+05     17459 17464.7 17464.9    17455    1278    1278   16177
         611    1.7e+05     17459 17464.7 17464.8    17447    1278    1278   16169
         612    1.7e+05     17459 17464.7 17464.9    17457    1278    1278   16179
         613    1.7e+05     17459 17464.7 17464.8    17451    1278    1278   16173
         614    1.7e+05     17459 17464.7 17464.9    17457    1278    1278   16179
         615    1.7e+05     17459 17464.7 17464.8    17451    1278    1278   16173
         616    1.7e+05     17459 17464.7 17464.9    17457    1278    1278   16179
         617    1.7e+05     17459 17464.7 17464.8    17451    1278    1278   16173
         618    1.7e+05     17459 17464.7 17464.9    17458    1278    1278   16180
         619    1.7e+05     17459 17464.7 17464.8    17451    1278    1278   16173
         620    1.7e+05     17459 17464.7 17464.9    17457    1278    1278   16179
         621    1.7e+05     17459 17464.7 17464.8    17450    1278    1278   16172
         622    1.7e+05     17459 17464.7   17465    17457    1278    1278   16179
         623    1.7e+05     17459 17464.7 17464.8    17447    1278    1278   16169
         624    1.7e+05     17459 17464.7 17464.9    17457    1278    1278   16179
         625    1.7e+05     17459 17464.7 17464.8    17450    1278    1278   16172
         626    1.7e+05     17459 17464.7   17465    17457    1278    1278   16179
         627    1.7e+05     17459 17464.7 17464.8    17450    1278    1278   16172
         628    1.7e+05     17459 17464.7   17465    17457    1278    1278   16179
         629    1.7e+05     17459 17464.7 17464.8    17449    1278    1278   16171
         630    1.7e+05     17459 17464.7 17464.9    17457    1278    1278   16179
         631    1.7e+05     17459 17464.7 17464.8    17449    1278    1278   16171
         632    1.7e+05     17459 17464.7 17464.9    17456    1278    1278   16178
               reducing step to 0.003125
         633    1.7e+05     17459 17464.5 17464.5    17443    1278    1278   16165
         634    1.7e+05     17459 17464.3 17464.3    17445    1278    1278   16167
         635    1.7e+05     17459 17464.3 17464.3    17457    1278    1278   16179
         636    1.7e+05     17459 17464.1 17464.1    17450    1278    1278   16172
         637    1.7e+05     17459 17464.1 17464.3    17455    1278    1278   16177
         638    1.7e+05     17459 17464.1 17464.1    17449    1278    1278   16171
         639    1.7e+05     17459 17464.1 17464.3    17455    1278    1278   16177
         640    1.7e+05     17459 17464.1 17464.1    17449    1278    1278   16171
         641    1.7e+05     17459 17464.1 17464.3    17458    1278    1278   16180
         642    1.7e+05     17459 17464.1 17464.1    17453    1278    1278   16175
         643    1.7e+05     17459 17464.1 17464.3    17455    1278    1278   16177
         644    1.7e+05     17459 17464.1 17464.1    17437    1278    1278   16159
         645    1.7e+05     17459 17464.1 17464.2    17451    1278    1278   16173
         646    1.7e+05     17459 17464.1 17464.1    17451    1278    1278   16173
         647    1.7e+05     17459 17464.1 17464.2    17455    1278    1278   16177
         648    1.7e+05     17459 17464.1 17464.1    17450    1278    1278   16172
         649    1.7e+05     17459 17464.1 17464.2    17455    1278    1278   16177
         650    1.7e+05     17459 17464.1 17464.1    17451    1278    1278   16173
         651    1.7e+05     17459 17464.1 17464.2    17454    1278    1278   16176
         652    1.7e+05     17459 17464.1 17464.1    17451    1278    1278   16173
         653    1.7e+05     17459 17464.1 17464.2    17456    1278    1278   16178
         654    1.7e+05     17459 17464.1 17464.1    17453    1278    1278   16175
         655    1.7e+05     17459 17464.1 17464.2    17456    1278    1278   16178
         656    1.7e+05     17459 17464.1 17464.1    17453    1278    1278   16175
         657    1.7e+05     17459 17464.1 17464.2    17457    1278    1278   16179
         658    1.7e+05     17459 17464.1 17464.1    17453    1278    1278   16175
         659    1.7e+05     17459 17464.1 17464.2    17457    1278    1278   16179
         660    1.7e+05     17459 17464.1 17464.1    17452    1278    1278   16174
         661    1.7e+05     17459 17464.1 17464.2    17457    1278    1278   16179
         662    1.7e+05     17459 17464.1 17464.1    17452    1278    1278   16174
         663    1.7e+05     17459 17464.1 17464.2    17455    1278    1278   16177
         664    1.7e+05     17459 17464.1 17464.1    17452    1278    1278   16174
         665    1.7e+05     17459 17464.1 17464.2    17455    1278    1278   16177
         666    1.7e+05     17459 17464.1 17464.1    17453    1278    1278   16175
         667    1.7e+05     17459 17464.1 17464.2    17455    1278    1278   16177
         668    1.7e+05     17459 17464.1 17464.1    17453    1278    1278   16175
         669    1.7e+05     17459 17464.1 17464.2    17457    1278    1278   16179
         670    1.7e+05     17459 17464.1 17464.1    17450    1278    1278   16172
         671    1.7e+05     17459 17464.1 17464.2    17457    1278    1278   16179
         672    1.7e+05     17459 17464.1 17464.1    17451    1278    1278   16173
         673    1.7e+05     17459 17464.1 17464.2    17457    1278    1278   16179
         674    1.7e+05     17459 17464.1 17464.1    17451    1278    1278   16173
         675    1.7e+05     17459 17464.1 17464.2    17455    1278    1278   16177
         676    1.7e+05     17459 17464.1 17464.1    17453    1278    1278   16175
         677    1.7e+05     17459 17464.1 17464.2    17456    1278    1278   16178
         678    1.7e+05     17459 17464.1 17464.1    17452    1278    1278   16174
         679    1.7e+05     17459 17464.1 17464.2    17455    1278    1278   16177
         680    1.7e+05     17459 17464.1 17464.1    17452    1278    1278   16174
         681    1.7e+05     17459 17464.1 17464.2    17456    1278    1278   16178
         682    1.7e+05     17459 17464.1 17464.1    17452    1278    1278   16174
         683    1.7e+05     17459 17464.1 17464.2    17454    1278    1278   16176
         684    1.7e+05     17459 17464.1 17464.1    17452    1278    1278   16174
         685    1.7e+05     17459 17464.1 17464.2    17452    1278    1278   16174
         686    1.7e+05     17459 17464.1 17464.1    17451    1278    1278   16173
         687    1.7e+05     17459 17464.1 17464.2    17453    1278    1278   16175
         688    1.7e+05     17459 17464.1 17464.1    17447    1278    1278   16169
         689    1.7e+05     17459 17464.1 17464.2    17456    1278    1278   16178
         690    1.7e+05     17459 17464.1 17464.1    17453    1278    1278   16175
         691    1.7e+05     17459 17464.1 17464.2    17457    1278    1278   16179
         692    1.7e+05     17459 17464.1 17464.1    17453    1278    1278   16175
         693    1.7e+05     17459 17464.1 17464.2    17457    1278    1278   16179
         694    1.7e+05     17459 17464.1 17464.1    17453    1278    1278   16175
         695    1.7e+05     17459 17464.1 17464.2    17457    1278    1278   16179
         696    1.7e+05     17459 17464.1 17464.1    17453    1278    1278   16175
         697    1.7e+05     17459 17464.1 17464.2    17456    1278    1278   16178
         698    1.7e+05     17459 17464.1 17464.1    17452    1278    1278   16174
         699    1.7e+05     17459 17464.1 17464.2    17455    1278    1278   16177
         700    1.7e+05     17459 17464.1 17464.1    17449    1278    1278   16171
         701    1.7e+05     17459 17464.1 17464.2    17456    1278    1278   16178
         702    1.7e+05     17459 17464.1 17464.1    17452    1278    1278   16174
         703    1.7e+05     17459 17464.1 17464.2    17455    1278    1278   16177
         704    1.7e+05     17459 17464.1 17464.1    17452    1278    1278   16174
         705    1.7e+05     17459 17464.1 17464.2    17456    1278    1278   16178
         706    1.7e+05     17459 17464.1 17464.1    17452    1278    1278   16174
         707    1.7e+05     17459 17464.1 17464.2    17456    1278    1278   16178
         708    1.7e+05     17459 17464.1 17464.1    17452    1278    1278   16174
         709    1.7e+05     17459 17464.1 17464.2    17456    1278    1278   16178
         710    1.7e+05     17459 17464.1 17464.1    17452    1278    1278   16174
         711    1.7e+05     17459 17464.1 17464.2    17455    1278    1278   16177
               reducing step to 0.0015625
         712    1.7e+05     17459   17464   17464    17443    1278    1278   16165
         713    1.7e+05     17459 17463.8 17463.8    17449    1278    1278   16171
         714    1.7e+05     17459 17463.8 17463.9    17454    1278    1278   16176
         715    1.7e+05     17459 17463.8 17463.8    17451    1278    1278   16173
         716    1.7e+05     17459 17463.8 17463.9    17453    1278    1278   16175
         717    1.7e+05     17459 17463.8 17463.8    17451    1278    1278   16173
         718    1.7e+05     17459 17463.8 17463.8    17451    1278    1278   16173
         719    1.7e+05     17459 17463.8 17463.8    17453    1278    1278   16175
         720    1.7e+05     17459 17463.8 17463.8    17454    1278    1278   16176
         721    1.7e+05     17459 17463.8 17463.8    17452    1278    1278   16174
         722    1.7e+05     17459 17463.8 17463.8    17456    1278    1278   16178
         723    1.7e+05     17459 17463.8 17463.8    17450    1278    1278   16172
         724    1.7e+05     17459 17463.8 17463.8    17455    1278    1278   16177
         725    1.7e+05     17459 17463.8 17463.8    17448    1278    1278   16170
         726    1.7e+05     17459 17463.8 17463.8    17455    1278    1278   16177
         727    1.7e+05     17459 17463.8 17463.8    17451    1278    1278   16173
         728    1.7e+05     17459 17463.8 17463.8    17454    1278    1278   16176
         729    1.7e+05     17459 17463.8 17463.8    17452    1278    1278   16174
         730    1.7e+05     17459 17463.8 17463.8    17454    1278    1278   16176
         731    1.7e+05     17459 17463.8 17463.8    17452    1278    1278   16174
         732    1.7e+05     17459 17463.8 17463.8    17454    1278    1278   16176
         733    1.7e+05     17459 17463.8 17463.8    17453    1278    1278   16175
         734    1.7e+05     17459 17463.8 17463.8    17456    1278    1278   16178
         735    1.7e+05     17459 17463.8 17463.8    17453    1278    1278   16175
         736    1.7e+05     17459 17463.8 17463.8    17455    1278    1278   16177
         737    1.7e+05     17459 17463.8 17463.8    17453    1278    1278   16175
         738    1.7e+05     17459 17463.8 17463.8    17456    1278    1278   16178
         739    1.7e+05     17459 17463.8 17463.8    17453    1278    1278   16175
         740    1.7e+05     17459 17463.8 17463.8    17456    1278    1278   16178
         741    1.7e+05     17459 17463.8 17463.8    17452    1278    1278   16174
         742    1.7e+05     17459 17463.8 17463.8    17455    1278    1278   16177
         743    1.7e+05     17459 17463.8 17463.8    17452    1278    1278   16174
         744    1.7e+05     17459 17463.8 17463.8    17455    1278    1278   16177
         745    1.7e+05     17459 17463.8 17463.8    17453    1278    1278   16175
         746    1.7e+05     17459 17463.8 17463.8    17455    1278    1278   16177
         747    1.7e+05     17459 17463.7 17463.7    17453    1278    1278   16175
         748    1.7e+05     17459 17463.7 17463.8    17456    1278    1278   16178
         749    1.7e+05     17459 17463.7 17463.8    17453    1278    1278   16175
         750    1.7e+05     17459 17463.7 17463.8    17455    1278    1278   16177
         751    1.7e+05     17459 17463.7 17463.8    17452    1278    1278   16174
         752    1.7e+05     17459 17463.7 17463.8    17454    1278    1278   16176
         753    1.7e+05     17459 17463.7 17463.7    17453    1278    1278   16175
         754    1.7e+05     17459 17463.7 17463.8    17455    1278    1278   16177
         755    1.7e+05     17459 17463.7 17463.8    17449    1278    1278   16171
         756    1.7e+05     17459 17463.7 17463.8    17455    1278    1278   16177
         757    1.7e+05     17459 17463.7 17463.8    17452    1278    1278   16174
         758    1.7e+05     17459 17463.7 17463.8    17455    1278    1278   16177
         759    1.7e+05     17459 17463.7 17463.8    17453    1278    1278   16175
         760    1.7e+05     17459 17463.7 17463.8    17452    1278    1278   16174
         761    1.7e+05     17459 17463.7 17463.8    17450    1278    1278   16172
         762    1.7e+05     17459 17463.7 17463.8    17456    1278    1278   16178
         763    1.7e+05     17459 17463.7 17463.7    17453    1278    1278   16175
         764    1.7e+05     17459 17463.7 17463.8    17456    1278    1278   16178
         765    1.7e+05     17459 17463.7 17463.7    17453    1278    1278   16175
         766    1.7e+05     17459 17463.7 17463.8    17456    1278    1278   16178
         767    1.7e+05     17459 17463.7 17463.7    17452    1278    1278   16174
         768    1.7e+05     17459 17463.7 17463.8    17456    1278    1278   16178
         769    1.7e+05     17459 17463.7 17463.7    17453    1278    1278   16175
         770    1.7e+05     17459 17463.7 17463.8    17456    1278    1278   16178
         771    1.7e+05     17459 17463.7 17463.7    17453    1278    1278   16175
         772    1.7e+05     17459 17463.7 17463.8    17455    1278    1278   16177
         773    1.7e+05     17459 17463.7 17463.8    17452    1278    1278   16174
         774    1.7e+05     17459 17463.7 17463.8    17455    1278    1278   16177
         775    1.7e+05     17459 17463.7 17463.8    17451    1278    1278   16173
         776    1.7e+05     17459 17463.7 17463.8    17455    1278    1278   16177
         777    1.7e+05     17459 17463.7 17463.8    17452    1278    1278   16174
         778    1.7e+05     17459 17463.7 17463.8    17455    1278    1278   16177
         779    1.7e+05     17459 17463.7 17463.8    17452    1278    1278   16174
         780    1.7e+05     17459 17463.7 17463.8    17454    1278    1278   16176
         781    1.7e+05     17459 17463.7 17463.8    17452    1278    1278   16174
         782    1.7e+05     17459 17463.7 17463.8    17455    1278    1278   16177
         783    1.7e+05     17459 17463.7 17463.8    17452    1278    1278   16174
         784    1.7e+05     17459 17463.7 17463.8    17454    1278    1278   16176
         785    1.7e+05     17459 17463.7 17463.8    17452    1278    1278   16174
         786    1.7e+05     17459 17463.7 17463.8    17453    1278    1278   16175
         787    1.7e+05     17459 17463.7 17463.8    17452    1278    1278   16174
         788    1.7e+05     17459 17463.7 17463.8    17455    1278    1278   16177
         789    1.7e+05     17459 17463.7 17463.8    17452    1278    1278   16174
         790    1.7e+05     17459 17463.7 17463.8    17452    1278    1278   16174
         791    1.7e+05     17459 17463.7 17463.8    17452    1278    1278   16174
         792    1.7e+05     17459 17463.7 17463.8    17453    1278    1278   16175
         793    1.7e+05     17459 17463.7 17463.8    17452    1278    1278   16174
         794    1.7e+05     17459 17463.7 17463.8    17451    1278    1278   16173
         795    1.7e+05     17459 17463.7 17463.8    17452    1278    1278   16174
         796    1.7e+05     17459 17463.7 17463.8    17452    1278    1278   16174
               reducing step to 0.00078125
         797    1.7e+05     17459 17463.7 17463.7    17449    1278    1278   16171
         798    1.7e+05     17459 17463.6 17463.6    17449    1278    1278   16171
         799    1.7e+05     17459 17463.6 17463.6    17456    1278    1278   16178
         800    1.7e+05     17459 17463.6 17463.6    17451    1278    1278   16173
         801    1.7e+05     17459 17463.6 17463.6    17453    1278    1278   16175
         802    1.7e+05     17459 17463.6 17463.6    17449    1278    1278   16171
         803    1.7e+05     17459 17463.6 17463.6    17454    1278    1278   16176
         804    1.7e+05     17459 17463.6 17463.6    17450    1278    1278   16172
         805    1.7e+05     17459 17463.6 17463.6    17455    1278    1278   16177
         806    1.7e+05     17459 17463.6 17463.6    17451    1278    1278   16173
         807    1.7e+05     17459 17463.6 17463.6    17453    1278    1278   16175
         808    1.7e+05     17459 17463.6 17463.6    17452    1278    1278   16174
         809    1.7e+05     17459 17463.6 17463.6    17455    1278    1278   16177
         810    1.7e+05     17459 17463.6 17463.6    17453    1278    1278   16175
         811    1.7e+05     17459 17463.6 17463.6    17455    1278    1278   16177
         812    1.7e+05     17459 17463.6 17463.6    17451    1278    1278   16173
         813    1.7e+05     17459 17463.6 17463.6    17454    1278    1278   16176
         814    1.7e+05     17459 17463.6 17463.6    17453    1278    1278   16175
         815    1.7e+05     17459 17463.6 17463.6    17455    1278    1278   16177
         816    1.7e+05     17459 17463.6 17463.6    17453    1278    1278   16175
         817    1.7e+05     17459 17463.6 17463.6    17455    1278    1278   16177
         818    1.7e+05     17459 17463.6 17463.6    17453    1278    1278   16175
         819    1.7e+05     17459 17463.6 17463.6    17453    1278    1278   16175
         820    1.7e+05     17459 17463.6 17463.6    17450    1278    1278   16172
         821    1.7e+05     17459 17463.6 17463.6    17455    1278    1278   16177
         822    1.7e+05     17459 17463.6 17463.6    17450    1278    1278   16172
         823    1.7e+05     17459 17463.6 17463.6    17456    1278    1278   16178
         824    1.7e+05     17459 17463.6 17463.6    17453    1278    1278   16175
         825    1.7e+05     17459 17463.6 17463.6    17455    1278    1278   16177
         826    1.7e+05     17459 17463.6 17463.6    17453    1278    1278   16175
         827    1.7e+05     17459 17463.6 17463.6    17456    1278    1278   16178
         828    1.7e+05     17459 17463.6 17463.6    17453    1278    1278   16175
         829    1.7e+05     17459 17463.6 17463.6    17456    1278    1278   16178
         830    1.7e+05     17459 17463.6 17463.6    17452    1278    1278   16174
         831    1.7e+05     17459 17463.6 17463.6    17456    1278    1278   16178
         832    1.7e+05     17459 17463.6 17463.6    17452    1278    1278   16174
         833    1.7e+05     17459 17463.6 17463.6    17456    1278    1278   16178
         834    1.7e+05     17459 17463.6 17463.6    17452    1278    1278   16174
         835    1.7e+05     17459 17463.6 17463.6    17456    1278    1278   16178
         836    1.7e+05     17459 17463.6 17463.6    17450    1278    1278   16172
         837    1.7e+05     17459 17463.6 17463.6    17454    1278    1278   16176
         838    1.7e+05     17459 17463.6 17463.6    17453    1278    1278   16175
         839    1.7e+05     17459 17463.6 17463.6    17453    1278    1278   16175
         840    1.7e+05     17459 17463.6 17463.6    17453    1278    1278   16175
         841    1.7e+05     17459 17463.6 17463.6    17455    1278    1278   16177
         842    1.7e+05     17459 17463.6 17463.6    17453    1278    1278   16175
         843    1.7e+05     17459 17463.6 17463.6    17456    1278    1278   16178
         844    1.7e+05     17459 17463.6 17463.6    17453    1278    1278   16175
         845    1.7e+05     17459 17463.6 17463.6    17456    1278    1278   16178
         846    1.7e+05     17459 17463.6 17463.6    17453    1278    1278   16175
         847    1.7e+05     17459 17463.6 17463.6    17456    1278    1278   16178
         848    1.7e+05     17459 17463.6 17463.6    17453    1278    1278   16175
         849    1.7e+05     17459 17463.6 17463.6    17454    1278    1278   16176
         850    1.7e+05     17459 17463.6 17463.6    17452    1278    1278   16174
         851    1.7e+05     17459 17463.6 17463.6    17455    1278    1278   16177
         852    1.7e+05     17459 17463.6 17463.6    17451    1278    1278   16173
         853    1.7e+05     17459 17463.6 17463.6    17455    1278    1278   16177
         854    1.7e+05     17459 17463.6 17463.6    17451    1278    1278   16173
         855    1.7e+05     17459 17463.6 17463.6    17454    1278    1278   16176
         856    1.7e+05     17459 17463.6 17463.6    17451    1278    1278   16173
         857    1.7e+05     17459 17463.6 17463.6    17453    1278    1278   16175
         858    1.7e+05     17459 17463.6 17463.6    17451    1278    1278   16173
         859    1.7e+05     17459 17463.6 17463.6    17452    1278    1278   16174
         860    1.7e+05     17459 17463.6 17463.6    17451    1278    1278   16173
         861    1.7e+05     17459 17463.6 17463.6    17455    1278    1278   16177
         862    1.7e+05     17459 17463.6 17463.6    17452    1278    1278   16174
         863    1.7e+05     17459 17463.6 17463.6    17455    1278    1278   16177
         864    1.7e+05     17459 17463.6 17463.6    17452    1278    1278   16174
         865    1.7e+05     17459 17463.6 17463.6    17454    1278    1278   16176
               reducing step to 0.000390625
         866    1.7e+05     17459 17463.6 17463.6    17449    1278    1278   16171
         867    1.7e+05     17459 17463.5 17463.5    17456    1278    1278   16178
         868    1.7e+05     17459 17463.5 17463.5    17457    1278    1278   16179
         869    1.7e+05     17459 17463.5 17463.5    17452    1278    1278   16174
         870    1.7e+05     17459 17463.5 17463.5    17456    1278    1278   16178
         871    1.7e+05     17459 17463.5 17463.5    17449    1278    1278   16171
         872    1.7e+05     17459 17463.5 17463.5    17457    1278    1278   16179
         873    1.7e+05     17459 17463.5 17463.5    17450    1278    1278   16172
         874    1.7e+05     17459 17463.5 17463.5    17458    1278    1278   16180
         875    1.7e+05     17459 17463.5 17463.5    17450    1278    1278   16172
         876    1.7e+05     17459 17463.5 17463.5    17458    1278    1278   16180
         877    1.7e+05     17459 17463.5 17463.5    17451    1278    1278   16173
         878    1.7e+05     17459 17463.5 17463.5    17457    1278    1278   16179
         879    1.7e+05     17459 17463.5 17463.5    17449    1278    1278   16171
         880    1.7e+05     17459 17463.5 17463.5    17458    1278    1278   16180
         881    1.7e+05     17459 17463.5 17463.5    17449    1278    1278   16171
         882    1.7e+05     17459 17463.5 17463.5    17458    1278    1278   16180
         883    1.7e+05     17459 17463.5 17463.5    17451    1278    1278   16173
         884    1.7e+05     17459 17463.5 17463.5    17458    1278    1278   16180
         885    1.7e+05     17459 17463.5 17463.5    17451    1278    1278   16173
         886    1.7e+05     17459 17463.5 17463.5    17457    1278    1278   16179
         887    1.7e+05     17459 17463.5 17463.5    17451    1278    1278   16173
         888    1.7e+05     17459 17463.5 17463.5    17458    1278    1278   16180
         889    1.7e+05     17459 17463.5 17463.5    17451    1278    1278   16173
         890    1.7e+05     17459 17463.5 17463.5    17458    1278    1278   16180
         891    1.7e+05     17459 17463.5 17463.5    17451    1278    1278   16173
         892    1.7e+05     17459 17463.5 17463.5    17458    1278    1278   16180
         893    1.7e+05     17459 17463.5 17463.5    17451    1278    1278   16173
               reducing step to 0.000195313
         894    1.7e+05     17459 17463.5 17463.5    17453    1278    1278   16175
         895    1.7e+05     17459 17463.5 17463.5    17452    1278    1278   16174
         896    1.7e+05     17459 17463.5 17463.5    17458    1278    1278   16180
         897    1.7e+05     17459 17463.5 17463.5    17454    1278    1278   16176
         898    1.7e+05     17459 17463.5 17463.5    17454    1278    1278   16176
         899    1.7e+05     17459 17463.5 17463.5    17453    1278    1278   16175
         900    1.7e+05     17459 17463.5 17463.5    17455    1278    1278   16177
         901    1.7e+05     17459 17463.5 17463.5    17454    1278    1278   16176
         902    1.7e+05     17459 17463.5 17463.5    17456    1278    1278   16178
         903    1.7e+05     17459 17463.5 17463.5    17452    1278    1278   16174
         904    1.7e+05     17459 17463.5 17463.5    17455    1278    1278   16177
         905    1.7e+05     17459 17463.5 17463.5    17453    1278    1278   16175
         906    1.7e+05     17459 17463.5 17463.5    17453    1278    1278   16175
         907    1.7e+05     17459 17463.5 17463.5    17454    1278    1278   16176
         908    1.7e+05     17459 17463.5 17463.5    17456    1278    1278   16178
         909    1.7e+05     17459 17463.5 17463.5    17454    1278    1278   16176
         910    1.7e+05     17459 17463.5 17463.5    17456    1278    1278   16178
         911    1.7e+05     17459 17463.5 17463.5    17454    1278    1278   16176
         912    1.7e+05     17459 17463.5 17463.5    17456    1278    1278   16178
         913    1.7e+05     17459 17463.5 17463.5    17454    1278    1278   16176
         914    1.7e+05     17459 17463.5 17463.5    17456    1278    1278   16178
         915    1.7e+05     17459 17463.5 17463.5    17452    1278    1278   16174
         916    1.7e+05     17459 17463.5 17463.5    17456    1278    1278   16178
         917    1.7e+05     17459 17463.5 17463.5    17453    1278    1278   16175
         918    1.7e+05     17459 17463.5 17463.5    17456    1278    1278   16178
         919    1.7e+05     17459 17463.5 17463.5    17454    1278    1278   16176
         920    1.7e+05     17459 17463.5 17463.5    17456    1278    1278   16178
         921    1.7e+05     17459 17463.5 17463.5    17454    1278    1278   16176
         922    1.7e+05     17459 17463.5 17463.5    17456    1278    1278   16178
         923    1.7e+05     17459 17463.5 17463.5    17454    1278    1278   16176
         924    1.7e+05     17459 17463.5 17463.5    17456    1278    1278   16178
         925    1.7e+05     17459 17463.5 17463.5    17453    1278    1278   16175
         926    1.7e+05     17459 17463.5 17463.5    17456    1278    1278   16178
         927    1.7e+05     17459 17463.5 17463.5    17454    1278    1278   16176
         928    1.7e+05     17459 17463.5 17463.5    17456    1278    1278   16178
         929    1.7e+05     17459 17463.5 17463.5    17452    1278    1278   16174
         930    1.7e+05     17459 17463.5 17463.5    17456    1278    1278   16178
         931    1.7e+05     17459 17463.5 17463.5    17454    1278    1278   16176
         932    1.7e+05     17459 17463.5 17463.5    17456    1278    1278   16178
         933    1.7e+05     17459 17463.5 17463.5    17454    1278    1278   16176
         934    1.7e+05     17459 17463.5 17463.5    17455    1278    1278   16177
         935    1.7e+05     17459 17463.5 17463.5    17453    1278    1278   16175
         936    1.7e+05     17459 17463.5 17463.5    17454    1278    1278   16176
         937    1.7e+05     17459 17463.5 17463.5    17453    1278    1278   16175
         938    1.7e+05     17459 17463.5 17463.5    17453    1278    1278   16175
         939    1.7e+05     17459 17463.5 17463.5    17454    1278    1278   16176
         940    1.7e+05     17459 17463.5 17463.5    17456    1278    1278   16178
         941    1.7e+05     17459 17463.5 17463.5    17453    1278    1278   16175
         942    1.7e+05     17459 17463.5 17463.5    17454    1278    1278   16176
         943    1.7e+05     17459 17463.5 17463.5    17453    1278    1278   16175
         944    1.7e+05     17459 17463.5 17463.5    17456    1278    1278   16178
         945    1.7e+05     17459 17463.5 17463.5    17453    1278    1278   16175
         946    1.7e+05     17459 17463.5 17463.5    17456    1278    1278   16178
         947    1.7e+05     17459 17463.5 17463.5    17454    1278    1278   16176
         948    1.7e+05     17459 17463.5 17463.5    17456    1278    1278   16178
         949    1.7e+05     17459 17463.5 17463.5    17452    1278    1278   16174
         950    1.7e+05     17459 17463.5 17463.5    17456    1278    1278   16178
         951    1.7e+05     17459 17463.5 17463.5    17451    1278    1278   16173
         952    1.7e+05     17459 17463.5 17463.5    17453    1278    1278   16175
         953    1.7e+05     17459 17463.5 17463.5    17454    1278    1278   16176
         954    1.7e+05     17459 17463.5 17463.5    17454    1278    1278   16176
         955    1.7e+05     17459 17463.5 17463.5    17454    1278    1278   16176
         956    1.7e+05     17459 17463.5 17463.5    17456    1278    1278   16178
         957    1.7e+05     17459 17463.5 17463.5    17454    1278    1278   16176
         958    1.7e+05     17459 17463.5 17463.5    17456    1278    1278   16178
         959    1.7e+05     17459 17463.5 17463.5    17454    1278    1278   16176
         960    1.7e+05     17459 17463.5 17463.5    17455    1278    1278   16177
         961    1.7e+05     17459 17463.5 17463.5    17453    1278    1278   16175
         962    1.7e+05     17459 17463.5 17463.5    17455    1278    1278   16177
         963    1.7e+05     17459 17463.5 17463.5    17454    1278    1278   16176
         964    1.7e+05     17459 17463.5 17463.5    17455    1278    1278   16177
               reducing step to 9.76563e-05
         965    1.7e+05     17459 17463.5 17463.5    17453    1278    1278   16175
         966    1.7e+05     17459 17463.5 17463.5    17456    1278    1278   16178
         967    1.7e+05     17459 17463.5 17463.5    17457    1278    1278   16179
         968    1.7e+05     17459 17463.5 17463.5    17454    1278    1278   16176
         969    1.7e+05     17459 17463.5 17463.5    17456    1278    1278   16178
         970    1.7e+05     17459 17463.5 17463.5    17454    1278    1278   16176
         971    1.7e+05     17459 17463.5 17463.5    17455    1278    1278   16177
         972    1.7e+05     17459 17463.5 17463.5    17456    1278    1278   16178
         973    1.7e+05     17459 17463.5 17463.5    17456    1278    1278   16178
         974    1.7e+05     17459 17463.5 17463.5    17455    1278    1278   16177
         975    1.7e+05     17459 17463.5 17463.5    17455    1278    1278   16177
         976    1.7e+05     17459 17463.5 17463.5    17455    1278    1278   16177
         977    1.7e+05     17459 17463.5 17463.5    17455    1278    1278   16177
         978    1.7e+05     17459 17463.4 17463.4    17456    1278    1278   16178
         979    1.7e+05     17459 17463.4 17463.5    17454    1278    1278   16176
         980    1.7e+05     17459 17463.4 17463.4    17456    1278    1278   16178
         981    1.7e+05     17459 17463.4 17463.5    17455    1278    1278   16177
         982    1.7e+05     17459 17463.4 17463.4    17456    1278    1278   16178
         983    1.7e+05     17459 17463.4 17463.5    17454    1278    1278   16176
         984    1.7e+05     17459 17463.4 17463.4    17456    1278    1278   16178
         985    1.7e+05     17459 17463.4 17463.5    17455    1278    1278   16177
         986    1.7e+05     17459 17463.4 17463.4    17456    1278    1278   16178
         987    1.7e+05     17459 17463.4 17463.5    17456    1278    1278   16178
         988    1.7e+05     17459 17463.4 17463.4    17455    1278    1278   16177
         989    1.7e+05     17459 17463.4 17463.5    17456    1278    1278   16178
         990    1.7e+05     17459 17463.4 17463.4    17455    1278    1278   16177
         991    1.7e+05     17459 17463.4 17463.5    17456    1278    1278   16178
         992    1.7e+05     17459 17463.4 17463.4    17455    1278    1278   16177
         993    1.7e+05     17459 17463.4 17463.5    17456    1278    1278   16178
         994    1.7e+05     17459 17463.4 17463.4    17453    1278    1278   16175
         995    1.7e+05     17459 17463.4 17463.5    17456    1278    1278   16178
         996    1.7e+05     17459 17463.4 17463.4    17455    1278    1278   16177
         997    1.7e+05     17459 17463.4 17463.5    17456    1278    1278   16178
         998    1.7e+05     17459 17463.4 17463.4    17455    1278    1278   16177
         999    1.7e+05     17459 17463.4 17463.5    17456    1278    1278   16178
        1000    1.7e+05     17459 17463.4 17463.4    17454    1278    1278   16176
Total time used by klau is 468.56
true_align (3890) and est_align (1278) DO NOT have the same number of elements.
method klau has a score of 23.62%
method klau used 468.560 seconds.
maximum values in init align row is:  3889
maximum values in init align col is:  3888
 best   iter   pr-delta       obj  weight    card overlap
    *      1    6.2e-01     12460    1288    1288   11816
    *      2    1.9e-01     13577    1288    1288   12933
    *      3    6.5e-02     13634    1288    1288   12990
    *      4    2.4e-02     13686    1288    1288   13042
           5    9.1e-03     13550    1288    1288   12906
           6    3.6e-03     13554    1288    1288   12910
           7    1.4e-03     13554    1288    1288   12910
           8    5.9e-04     13554    1288    1288   12910
           9    2.4e-04     13554    1288    1288   12910
          10    1.1e-04     13553    1288    1288   12909
          11    4.6e-05     13553    1288    1288   12909
          12    2.2e-05     13553    1288    1288   12909
          13    1.0e-05     13553    1288    1288   12909
          14    5.4e-06     13553    1288    1288   12909
          15    2.9e-06     13553    1288    1288   12909
          16    1.6e-06     13553    1288    1288   12909
          17    9.6e-07     13553    1288    1288   12909
          18    5.8e-07     13553    1288    1288   12909
          19    3.6e-07     13553    1288    1288   12909
          20    2.3e-07     13553    1288    1288   12909
          21    1.4e-07     13553    1288    1288   12909
          22    9.2e-08     13553    1288    1288   12909
          23    6.0e-08     13553    1288    1288   12909
          24    3.9e-08     13553    1288    1288   12909
          25    2.5e-08     13553    1288    1288   12909
          26    1.6e-08     13553    1288    1288   12909
          27    1.1e-08     13553    1288    1288   12909
          28    7.0e-09     13553    1288    1288   12909
          29    4.6e-09     13553    1288    1288   12909
          30    3.0e-09     13553    1288    1288   12909
          31    2.0e-09     13553    1288    1288   12909
          32    1.3e-09     13553    1288    1288   12909
          33    8.6e-10     13553    1288    1288   12909
          34    5.7e-10     13553    1288    1288   12909
          35    3.8e-10     13553    1288    1288   12909
          36    2.5e-10     13553    1288    1288   12909
          37    1.7e-10     13553    1288    1288   12909
          38    1.1e-10     13553    1288    1288   12909
          39    7.3e-11     13553    1288    1288   12909
          40    4.8e-11     13553    1288    1288   12909
          41    3.2e-11     13553    1288    1288   12909
          42    2.1e-11     13553    1288    1288   12909
          43    1.4e-11     13553    1288    1288   12909
          44    9.4e-12     13553    1288    1288   12909
          45    6.2e-12     13553    1288    1288   12909
          46    4.1e-12     13553    1288    1288   12909
          47    2.7e-12     13553    1288    1288   12909
          48    1.8e-12     13553    1288    1288   12909
          49    1.2e-12     13553    1288    1288   12909
          50    8.1e-13     13553    1288    1288   12909
Total time used by isorank is 5.61
true_align (3890) and est_align (1288) DO NOT have the same number of elements.
method isorank has a score of 11.67%
method isorank used 5.614 seconds.
experiment results:
     method      score        time
0     final  38.894602   43.112302
1  netalign  23.650386   21.595876
2      klau  23.624679  468.559959
3   isorank  11.670951    5.613519
